Notify: search current JDK in Windows registry at(SOFTWARE\JavaSoft\Java Development Kit)	[MsgId: MMSG-22198]	[MsgId: MMSG-22986]
Notify: JDK found at C:/Program Files (x86)/Java/jdk1.8.0_211	[MsgId: MMSG-22194]	[MsgId: MMSG-22986]
2022-08-10 17:37:24.803 : URL = localhost:1080	[MsgId: MMSG-17999]
2022-08-10 17:37:24.838 : - Iteration: 1	[MsgId: MMSG-17999]
2022-08-10 17:37:24.839 :   Account: jojo1/bean1	[MsgId: MMSG-17999]
Warning! Web support not loaded: check Java-Interpreter -> UtilityExt property in mdrv.dat file	[MsgId: MMSG-17999]
2022-08-10 17:37:36.397 :   Login completed	[MsgId: MMSG-17999]
2022-08-10 17:37:39.705 : URL = localhost:1080	[MsgId: MMSG-17999]
2022-08-10 17:37:39.724 : - Iteration: 1	[MsgId: MMSG-17999]
2022-08-10 17:37:39.724 :   Account: jojo2/bean2	[MsgId: MMSG-17999]
2022-08-10 17:37:43.323 :   Logout completed	[MsgId: MMSG-17999]
2022-08-10 17:37:43.323 : - Iteration: 2	[MsgId: MMSG-17999]
2022-08-10 17:37:43.324 :   Account: jojo1/bean1	[MsgId: MMSG-17999]
2022-08-10 17:37:45.424 :   Login completed	[MsgId: MMSG-17999]
2022-08-10 17:37:50.392 :   Login completed	[MsgId: MMSG-17999]
2022-08-10 17:37:50.865 :   Logout completed	[MsgId: MMSG-17999]
2022-08-10 17:37:50.866 : - Iteration: 2	[MsgId: MMSG-17999]
2022-08-10 17:37:50.866 :   Account: jojo2/bean2	[MsgId: MMSG-17999]
2022-08-10 17:37:57.448 :   Logout completed	[MsgId: MMSG-17999]
2022-08-10 17:37:57.448 : - Iteration: 3	[MsgId: MMSG-17999]
2022-08-10 17:37:57.448 :   Account: jojo1/bean1	[MsgId: MMSG-17999]
2022-08-10 17:37:57.787 : URL = localhost:1080	[MsgId: MMSG-17999]
2022-08-10 17:37:57.815 : - Iteration: 1	[MsgId: MMSG-17999]
2022-08-10 17:37:57.815 :   Account: jojo3/bean3	[MsgId: MMSG-17999]
2022-08-10 17:38:03.472 :   Login completed	[MsgId: MMSG-17999]
2022-08-10 17:38:07.024 :   Login completed	[MsgId: MMSG-17999]
2022-08-10 17:38:07.803 :   Login completed	[MsgId: MMSG-17999]
2022-08-10 17:38:08.322 :   Logout completed	[MsgId: MMSG-17999]
2022-08-10 17:38:08.323 : - Iteration: 3	[MsgId: MMSG-17999]
2022-08-10 17:38:08.323 :   Account: jojo2/bean2	[MsgId: MMSG-17999]
2022-08-10 17:38:11.060 :   Logout completed	[MsgId: MMSG-17999]
2022-08-10 17:38:11.061 : - Iteration: 4	[MsgId: MMSG-17999]
2022-08-10 17:38:11.061 :   Account: jojo1/bean1	[MsgId: MMSG-17999]
2022-08-10 17:38:12.432 :   Logout completed	[MsgId: MMSG-17999]
2022-08-10 17:38:12.433 : - Iteration: 2	[MsgId: MMSG-17999]
2022-08-10 17:38:12.434 :   Account: jojo3/bean3	[MsgId: MMSG-17999]
2022-08-10 17:38:15.843 : URL = localhost:1080	[MsgId: MMSG-17999]
2022-08-10 17:38:15.872 : - Iteration: 1	[MsgId: MMSG-17999]
2022-08-10 17:38:15.873 :   Account: jojo4/bean4	[MsgId: MMSG-17999]
2022-08-10 17:38:17.791 :   Login completed	[MsgId: MMSG-17999]
2022-08-10 17:38:18.361 :   Login completed	[MsgId: MMSG-17999]
2022-08-10 17:38:22.758 :   Logout completed	[MsgId: MMSG-17999]
2022-08-10 17:38:22.758 : - Iteration: 5	[MsgId: MMSG-17999]
2022-08-10 17:38:22.759 :   Account: jojo1/bean1	[MsgId: MMSG-17999]
2022-08-10 17:38:23.588 :   Login completed	[MsgId: MMSG-17999]
2022-08-10 17:38:25.095 :   Logout completed	[MsgId: MMSG-17999]
2022-08-10 17:38:25.096 : - Iteration: 4	[MsgId: MMSG-17999]
2022-08-10 17:38:25.096 :   Account: jojo2/bean2	[MsgId: MMSG-17999]
2022-08-10 17:38:28.720 :   Login completed	[MsgId: MMSG-17999]
2022-08-10 17:38:30.715 :   Logout completed	[MsgId: MMSG-17999]
2022-08-10 17:38:30.820 : - Iteration: 3	[MsgId: MMSG-17999]
2022-08-10 17:38:30.821 :   Account: jojo3/bean3	[MsgId: MMSG-17999]
2022-08-10 17:38:33.910 :   Login completed	[MsgId: MMSG-17999]
2022-08-10 17:38:34.149 : URL = localhost:1080	[MsgId: MMSG-17999]
2022-08-10 17:38:34.195 : - Iteration: 1	[MsgId: MMSG-17999]
2022-08-10 17:38:34.196 :   Account: jojo5/bean5	[MsgId: MMSG-17999]
2022-08-10 17:38:35.815 :   Logout completed	[MsgId: MMSG-17999]
2022-08-10 17:38:35.816 : - Iteration: 2	[MsgId: MMSG-17999]
2022-08-10 17:38:35.816 :   Account: jojo4/bean4	[MsgId: MMSG-17999]
2022-08-10 17:38:36.777 :   Logout completed	[MsgId: MMSG-17999]
2022-08-10 17:38:36.783 : - Iteration: 6	[MsgId: MMSG-17999]
2022-08-10 17:38:36.784 :   Account: jojo1/bean1	[MsgId: MMSG-17999]
2022-08-10 17:38:38.137 :   Login completed	[MsgId: MMSG-17999]
2022-08-10 17:38:42.073 :   Logout completed	[MsgId: MMSG-17999]
2022-08-10 17:38:42.074 : - Iteration: 5	[MsgId: MMSG-17999]
2022-08-10 17:38:42.075 :   Account: jojo2/bean2	[MsgId: MMSG-17999]
2022-08-10 17:38:43.383 :   Login completed	[MsgId: MMSG-17999]
2022-08-10 17:38:44.093 :   Login completed	[MsgId: MMSG-17999]
2022-08-10 17:38:46.073 :   Login completed	[MsgId: MMSG-17999]
2022-08-10 17:38:47.290 :   Logout completed	[MsgId: MMSG-17999]
2022-08-10 17:38:47.290 : - Iteration: 2	[MsgId: MMSG-17999]
2022-08-10 17:38:47.291 :   Account: jojo5/bean5	[MsgId: MMSG-17999]
2022-08-10 17:38:49.146 :   Login completed	[MsgId: MMSG-17999]
2022-08-10 17:38:50.392 :   Logout completed	[MsgId: MMSG-17999]
2022-08-10 17:38:50.393 : - Iteration: 4	[MsgId: MMSG-17999]
2022-08-10 17:38:50.393 :   Account: jojo3/bean3	[MsgId: MMSG-17999]
2022-08-10 17:38:51.025 :   Logout completed	[MsgId: MMSG-17999]
2022-08-10 17:38:51.026 : - Iteration: 7	[MsgId: MMSG-17999]
2022-08-10 17:38:51.026 :   Account: jojo1/bean1	[MsgId: MMSG-17999]
2022-08-10 17:38:52.297 : URL = localhost:1080	[MsgId: MMSG-17999]
2022-08-10 17:38:52.329 : - Iteration: 1	[MsgId: MMSG-17999]
2022-08-10 17:38:52.451 :   Account: jojo6/bean6	[MsgId: MMSG-17999]
2022-08-10 17:38:52.973 :   Login completed	[MsgId: MMSG-17999]
2022-08-10 17:38:54.647 :   Login completed	[MsgId: MMSG-17999]
2022-08-10 17:38:56.533 :   Logout completed	[MsgId: MMSG-17999]
2022-08-10 17:38:56.534 : - Iteration: 3	[MsgId: MMSG-17999]
2022-08-10 17:38:56.534 :   Account: jojo4/bean4	[MsgId: MMSG-17999]
2022-08-10 17:38:58.566 :   Login completed	[MsgId: MMSG-17999]
2022-08-10 17:39:00.388 :   Logout completed	[MsgId: MMSG-17999]
2022-08-10 17:39:00.388 : - Iteration: 6	[MsgId: MMSG-17999]
2022-08-10 17:39:00.388 :   Account: jojo2/bean2	[MsgId: MMSG-17999]
2022-08-10 17:39:01.291 :   Login completed	[MsgId: MMSG-17999]
2022-08-10 17:39:02.166 :   Logout completed	[MsgId: MMSG-17999]
2022-08-10 17:39:02.167 : - Iteration: 3	[MsgId: MMSG-17999]
2022-08-10 17:39:02.167 :   Account: jojo5/bean5	[MsgId: MMSG-17999]
2022-08-10 17:39:02.473 :   Login completed	[MsgId: MMSG-17999]
2022-08-10 17:39:02.530 :   Logout completed	[MsgId: MMSG-17999]
2022-08-10 17:39:02.531 : - Iteration: 8	[MsgId: MMSG-17999]
2022-08-10 17:39:02.531 :   Account: jojo1/bean1	[MsgId: MMSG-17999]
2022-08-10 17:39:04.991 :   Login completed	[MsgId: MMSG-17999]
2022-08-10 17:39:07.236 :   Logout completed	[MsgId: MMSG-17999]
2022-08-10 17:39:07.237 : - Iteration: 5	[MsgId: MMSG-17999]
2022-08-10 17:39:07.237 :   Account: jojo3/bean3	[MsgId: MMSG-17999]
2022-08-10 17:39:07.239 :   Logout completed	[MsgId: MMSG-17999]
2022-08-10 17:39:07.240 : - Iteration: 2	[MsgId: MMSG-17999]
2022-08-10 17:39:07.240 :   Account: jojo6/bean6	[MsgId: MMSG-17999]
2022-08-10 17:39:10.390 : URL = localhost:1080	[MsgId: MMSG-17999]
2022-08-10 17:39:10.428 : - Iteration: 1	[MsgId: MMSG-17999]
2022-08-10 17:39:10.428 :   Account: jojo7/bean7	[MsgId: MMSG-17999]
2022-08-10 17:39:10.440 :   Logout completed	[MsgId: MMSG-17999]
2022-08-10 17:39:10.441 : - Iteration: 4	[MsgId: MMSG-17999]
2022-08-10 17:39:10.441 :   Account: jojo4/bean4	[MsgId: MMSG-17999]
2022-08-10 17:39:11.122 :   Login completed	[MsgId: MMSG-17999]
2022-08-10 17:39:13.270 :   Login completed	[MsgId: MMSG-17999]
2022-08-10 17:39:13.834 :   Login completed	[MsgId: MMSG-17999]
2022-08-10 17:39:15.086 :   Login completed	[MsgId: MMSG-17999]
2022-08-10 17:39:18.824 :   Logout completed	[MsgId: MMSG-17999]
2022-08-10 17:39:18.825 : - Iteration: 7	[MsgId: MMSG-17999]
2022-08-10 17:39:18.825 :   Account: jojo2/bean2	[MsgId: MMSG-17999]
2022-08-10 17:39:18.951 :   Login completed	[MsgId: MMSG-17999]
2022-08-10 17:39:19.450 :   Login completed	[MsgId: MMSG-17999]
2022-08-10 17:39:20.967 :   Logout completed	[MsgId: MMSG-17999]
2022-08-10 17:39:20.968 : - Iteration: 6	[MsgId: MMSG-17999]
2022-08-10 17:39:20.968 :   Account: jojo3/bean3	[MsgId: MMSG-17999]
2022-08-10 17:39:20.979 :   Logout completed	[MsgId: MMSG-17999]
2022-08-10 17:39:20.980 : - Iteration: 9	[MsgId: MMSG-17999]
2022-08-10 17:39:20.980 :   Account: jojo1/bean1	[MsgId: MMSG-17999]
2022-08-10 17:39:21.098 :   Logout completed	[MsgId: MMSG-17999]
2022-08-10 17:39:21.099 : - Iteration: 4	[MsgId: MMSG-17999]
2022-08-10 17:39:21.099 :   Account: jojo5/bean5	[MsgId: MMSG-17999]
2022-08-10 17:39:22.212 :   Login completed	[MsgId: MMSG-17999]
2022-08-10 17:39:23.184 :   Logout completed	[MsgId: MMSG-17999]
2022-08-10 17:39:23.185 : - Iteration: 2	[MsgId: MMSG-17999]
2022-08-10 17:39:23.185 :   Account: jojo7/bean7	[MsgId: MMSG-17999]
2022-08-10 17:39:25.483 :   Logout completed	[MsgId: MMSG-17999]
2022-08-10 17:39:25.484 : - Iteration: 3	[MsgId: MMSG-17999]
2022-08-10 17:39:25.485 :   Account: jojo6/bean6	[MsgId: MMSG-17999]
2022-08-10 17:39:26.068 :   Logout completed	[MsgId: MMSG-17999]
2022-08-10 17:39:26.070 : - Iteration: 5	[MsgId: MMSG-17999]
2022-08-10 17:39:26.070 :   Account: jojo4/bean4	[MsgId: MMSG-17999]
2022-08-10 17:39:26.511 :   Login completed	[MsgId: MMSG-17999]
2022-08-10 17:39:27.453 :   Login completed	[MsgId: MMSG-17999]
2022-08-10 17:39:30.705 :   Logout completed	[MsgId: MMSG-17999]
2022-08-10 17:39:30.706 : - Iteration: 10	[MsgId: MMSG-17999]
2022-08-10 17:39:30.706 :   Account: jojo1/bean1	[MsgId: MMSG-17999]
2022-08-10 17:39:31.391 :   Login completed	[MsgId: MMSG-17999]
2022-08-10 17:39:31.551 :   Login completed	[MsgId: MMSG-17999]
2022-08-10 17:39:33.316 :   Logout completed	[MsgId: MMSG-17999]
2022-08-10 17:39:33.317 : - Iteration: 8	[MsgId: MMSG-17999]
2022-08-10 17:39:33.317 :   Account: jojo2/bean2	[MsgId: MMSG-17999]
2022-08-10 17:39:35.316 :   Login completed	[MsgId: MMSG-17999]
2022-08-10 17:39:35.938 :   Login completed	[MsgId: MMSG-17999]
2022-08-10 17:39:36.738 :   Login completed	[MsgId: MMSG-17999]
2022-08-10 17:39:37.456 :   Logout completed	[MsgId: MMSG-17999]
2022-08-10 17:39:37.456 : - Iteration: 4	[MsgId: MMSG-17999]
2022-08-10 17:39:37.457 :   Account: jojo6/bean6	[MsgId: MMSG-17999]
2022-08-10 17:39:38.259 :   Logout completed	[MsgId: MMSG-17999]
2022-08-10 17:39:38.260 : - Iteration: 5	[MsgId: MMSG-17999]
2022-08-10 17:39:38.260 :   Account: jojo5/bean5	[MsgId: MMSG-17999]
2022-08-10 17:39:38.778 :   Logout completed	[MsgId: MMSG-17999]
2022-08-10 17:39:38.779 : - Iteration: 3	[MsgId: MMSG-17999]
2022-08-10 17:39:38.780 :   Account: jojo7/bean7	[MsgId: MMSG-17999]
2022-08-10 17:39:41.030 :   Logout completed	[MsgId: MMSG-17999]
2022-08-10 17:39:41.030 : - Iteration: 7	[MsgId: MMSG-17999]
2022-08-10 17:39:41.030 :   Account: jojo3/bean3	[MsgId: MMSG-17999]
2022-08-10 17:39:41.131 :   Logout completed	[MsgId: MMSG-17999]
2022-08-10 17:39:41.132 : - Iteration: 6	[MsgId: MMSG-17999]
2022-08-10 17:39:41.132 :   Account: jojo4/bean4	[MsgId: MMSG-17999]
2022-08-10 17:39:44.525 :   Login completed	[MsgId: MMSG-17999]
2022-08-10 17:39:45.009 :   Login completed	[MsgId: MMSG-17999]
2022-08-10 17:39:45.521 :   Login completed	[MsgId: MMSG-17999]
2022-08-10 17:39:46.378 :   Login completed	[MsgId: MMSG-17999]
2022-08-10 17:39:47.149 :   Login completed	[MsgId: MMSG-17999]
2022-08-10 17:39:49.650 :   Logout completed	[MsgId: MMSG-17999]
2022-08-10 17:39:49.650 : - Iteration: 5	[MsgId: MMSG-17999]
2022-08-10 17:39:49.650 :   Account: jojo6/bean6	[MsgId: MMSG-17999]
2022-08-10 17:39:49.741 :   Logout completed	[MsgId: MMSG-17999]
2022-08-10 17:39:49.742 : - Iteration: 6	[MsgId: MMSG-17999]
2022-08-10 17:39:49.742 :   Account: jojo5/bean5	[MsgId: MMSG-17999]
2022-08-10 17:39:51.648 :   Logout completed	[MsgId: MMSG-17999]
2022-08-10 17:39:51.648 : - Iteration: 9	[MsgId: MMSG-17999]
2022-08-10 17:39:51.649 :   Account: jojo2/bean2	[MsgId: MMSG-17999]
2022-08-10 17:39:52.125 :   Logout completed	[MsgId: MMSG-17999]
2022-08-10 17:39:52.125 : - Iteration: 11	[MsgId: MMSG-17999]
2022-08-10 17:39:52.125 :   Account: jojo1/bean1	[MsgId: MMSG-17999]
2022-08-10 17:39:53.429 :   Logout completed	[MsgId: MMSG-17999]
2022-08-10 17:39:53.430 : - Iteration: 7	[MsgId: MMSG-17999]
2022-08-10 17:39:53.430 :   Account: jojo4/bean4	[MsgId: MMSG-17999]
2022-08-10 17:39:54.468 :   Login completed	[MsgId: MMSG-17999]
2022-08-10 17:39:54.578 :   Login completed	[MsgId: MMSG-17999]
2022-08-10 17:39:58.566 :   Login completed	[MsgId: MMSG-17999]
2022-08-10 17:40:01.525 :   Logout completed	[MsgId: MMSG-17999]
2022-08-10 17:40:01.525 : - Iteration: 8	[MsgId: MMSG-17999]
2022-08-10 17:40:01.526 :   Account: jojo3/bean3	[MsgId: MMSG-17999]
2022-08-10 17:40:01.632 :   Login completed	[MsgId: MMSG-17999]
2022-08-10 17:40:01.639 :   Logout completed	[MsgId: MMSG-17999]
2022-08-10 17:40:01.640 : - Iteration: 12	[MsgId: MMSG-17999]
2022-08-10 17:40:01.640 :   Account: jojo1/bean1	[MsgId: MMSG-17999]
2022-08-10 17:40:01.725 :   Login completed	[MsgId: MMSG-17999]
2022-08-10 17:40:02.247 :   Logout completed	[MsgId: MMSG-17999]
2022-08-10 17:40:02.248 : - Iteration: 4	[MsgId: MMSG-17999]
2022-08-10 17:40:02.248 :   Account: jojo7/bean7	[MsgId: MMSG-17999]
2022-08-10 17:40:03.286 :   Login completed	[MsgId: MMSG-17999]
2022-08-10 17:40:04.944 :   Login completed	[MsgId: MMSG-17999]
2022-08-10 17:40:07.483 :   Logout completed	[MsgId: MMSG-17999]
2022-08-10 17:40:07.484 : - Iteration: 7	[MsgId: MMSG-17999]
2022-08-10 17:40:07.484 :   Account: jojo5/bean5	[MsgId: MMSG-17999]
2022-08-10 17:40:09.064 :   Logout completed	[MsgId: MMSG-17999]
2022-08-10 17:40:09.065 : - Iteration: 10	[MsgId: MMSG-17999]
2022-08-10 17:40:09.065 :   Account: jojo2/bean2	[MsgId: MMSG-17999]
2022-08-10 17:40:09.070 :   Logout completed	[MsgId: MMSG-17999]
2022-08-10 17:40:09.071 : - Iteration: 8	[MsgId: MMSG-17999]
2022-08-10 17:40:09.071 :   Account: jojo4/bean4	[MsgId: MMSG-17999]
2022-08-10 17:40:11.744 :   Logout completed	[MsgId: MMSG-17999]
2022-08-10 17:40:11.745 : - Iteration: 6	[MsgId: MMSG-17999]
2022-08-10 17:40:11.745 :   Account: jojo6/bean6	[MsgId: MMSG-17999]
2022-08-10 17:40:12.822 :   Login completed	[MsgId: MMSG-17999]
2022-08-10 17:40:12.950 :   Login completed	[MsgId: MMSG-17999]
2022-08-10 17:40:14.290 :   Login completed	[MsgId: MMSG-17999]
2022-08-10 17:40:14.620 :   Login completed	[MsgId: MMSG-17999]
2022-08-10 17:40:16.006 :   Logout completed	[MsgId: MMSG-17999]
2022-08-10 17:40:16.006 : - Iteration: 5	[MsgId: MMSG-17999]
2022-08-10 17:40:16.006 :   Account: jojo7/bean7	[MsgId: MMSG-17999]
2022-08-10 17:40:16.101 :   Login completed	[MsgId: MMSG-17999]
2022-08-10 17:40:16.102 :   Logout completed	[MsgId: MMSG-17999]
2022-08-10 17:40:16.103 : - Iteration: 9	[MsgId: MMSG-17999]
2022-08-10 17:40:16.103 :   Account: jojo3/bean3	[MsgId: MMSG-17999]
2022-08-10 17:40:17.509 :   Login completed	[MsgId: MMSG-17999]
2022-08-10 17:40:18.812 :   Logout completed	[MsgId: MMSG-17999]
2022-08-10 17:40:18.813 : - Iteration: 8	[MsgId: MMSG-17999]
2022-08-10 17:40:18.813 :   Account: jojo5/bean5	[MsgId: MMSG-17999]
2022-08-10 17:40:20.811 :   Logout completed	[MsgId: MMSG-17999]
2022-08-10 17:40:20.811 : - Iteration: 13	[MsgId: MMSG-17999]
2022-08-10 17:40:20.811 :   Account: jojo1/bean1	[MsgId: MMSG-17999]
2022-08-10 17:40:21.301 :   Logout completed	[MsgId: MMSG-17999]
2022-08-10 17:40:21.302 : - Iteration: 7	[MsgId: MMSG-17999]
2022-08-10 17:40:21.302 :   Account: jojo6/bean6	[MsgId: MMSG-17999]
2022-08-10 17:40:22.439 :   Logout completed	[MsgId: MMSG-17999]
2022-08-10 17:40:22.440 : - Iteration: 9	[MsgId: MMSG-17999]
2022-08-10 17:40:22.440 :   Account: jojo4/bean4	[MsgId: MMSG-17999]
2022-08-10 17:40:22.688 :   Login completed	[MsgId: MMSG-17999]
2022-08-10 17:40:22.864 :   Login completed	[MsgId: MMSG-17999]
2022-08-10 17:40:26.412 :   Logout completed	[MsgId: MMSG-17999]
2022-08-10 17:40:26.413 : - Iteration: 11	[MsgId: MMSG-17999]
2022-08-10 17:40:26.413 :   Account: jojo2/bean2	[MsgId: MMSG-17999]
2022-08-10 17:40:26.502 :   Logout completed	[MsgId: MMSG-17999]
2022-08-10 17:40:26.502 : - Iteration: 10	[MsgId: MMSG-17999]
2022-08-10 17:40:26.503 :   Account: jojo3/bean3	[MsgId: MMSG-17999]
2022-08-10 17:40:27.687 :   Login completed	[MsgId: MMSG-17999]
2022-08-10 17:40:28.988 :   Login completed	[MsgId: MMSG-17999]
2022-08-10 17:40:29.579 :   Login completed	[MsgId: MMSG-17999]
2022-08-10 17:40:31.464 :   Logout completed	[MsgId: MMSG-17999]
2022-08-10 17:40:31.464 : - Iteration: 9	[MsgId: MMSG-17999]
2022-08-10 17:40:31.464 :   Account: jojo5/bean5	[MsgId: MMSG-17999]
2022-08-10 17:40:33.289 :   Logout completed	[MsgId: MMSG-17999]
2022-08-10 17:40:33.289 : - Iteration: 10	[MsgId: MMSG-17999]
2022-08-10 17:40:33.289 :   Account: jojo4/bean4	[MsgId: MMSG-17999]
2022-08-10 17:40:34.174 :   Logout completed	[MsgId: MMSG-17999]
2022-08-10 17:40:34.175 : - Iteration: 6	[MsgId: MMSG-17999]
2022-08-10 17:40:34.175 :   Account: jojo7/bean7	[MsgId: MMSG-17999]
2022-08-10 17:40:34.459 :   Login completed	[MsgId: MMSG-17999]
2022-08-10 17:40:35.053 :   Login completed	[MsgId: MMSG-17999]
2022-08-10 17:40:36.383 :   Login completed	[MsgId: MMSG-17999]
2022-08-10 17:40:37.505 :   Logout completed	[MsgId: MMSG-17999]
2022-08-10 17:40:37.507 : - Iteration: 14	[MsgId: MMSG-17999]
2022-08-10 17:40:37.507 :   Account: jojo1/bean1	[MsgId: MMSG-17999]
2022-08-10 17:40:38.227 :   Login completed	[MsgId: MMSG-17999]
2022-08-10 17:40:39.045 :   Login completed	[MsgId: MMSG-17999]
2022-08-10 17:40:40.287 :   Logout completed	[MsgId: MMSG-17999]
2022-08-10 17:40:40.288 : - Iteration: 8	[MsgId: MMSG-17999]
2022-08-10 17:40:40.288 :   Account: jojo6/bean6	[MsgId: MMSG-17999]
2022-08-10 17:40:40.331 :   Logout completed	[MsgId: MMSG-17999]
2022-08-10 17:40:40.332 : - Iteration: 12	[MsgId: MMSG-17999]
2022-08-10 17:40:40.332 :   Account: jojo2/bean2	[MsgId: MMSG-17999]
2022-08-10 17:40:40.371 :   Login completed	[MsgId: MMSG-17999]
2022-08-10 17:40:41.531 :   Login completed	[MsgId: MMSG-17999]
2022-08-10 17:40:44.151 :   Logout completed	[MsgId: MMSG-17999]
2022-08-10 17:40:44.152 : - Iteration: 11	[MsgId: MMSG-17999]
2022-08-10 17:40:44.152 :   Account: jojo4/bean4	[MsgId: MMSG-17999]
2022-08-10 17:40:44.221 :   Logout completed	[MsgId: MMSG-17999]
2022-08-10 17:40:44.222 : - Iteration: 7	[MsgId: MMSG-17999]
2022-08-10 17:40:44.222 :   Account: jojo7/bean7	[MsgId: MMSG-17999]
2022-08-10 17:40:45.684 :   Logout completed	[MsgId: MMSG-17999]
2022-08-10 17:40:45.685 : - Iteration: 11	[MsgId: MMSG-17999]
2022-08-10 17:40:45.685 :   Account: jojo3/bean3	[MsgId: MMSG-17999]
2022-08-10 17:40:45.959 :   Logout completed	[MsgId: MMSG-17999]
2022-08-10 17:40:45.960 : - Iteration: 10	[MsgId: MMSG-17999]
2022-08-10 17:40:45.960 :   Account: jojo5/bean5	[MsgId: MMSG-17999]
2022-08-10 17:40:53.317 :   Login completed	[MsgId: MMSG-17999]
2022-08-10 17:40:54.332 :   Login completed	[MsgId: MMSG-17999]
2022-08-10 17:40:54.878 :   Login completed	[MsgId: MMSG-17999]
2022-08-10 17:40:55.192 :   Login completed	[MsgId: MMSG-17999]
2022-08-10 17:40:56.331 :   Login completed	[MsgId: MMSG-17999]
2022-08-10 17:40:57.274 :   Login completed	[MsgId: MMSG-17999]
2022-08-10 17:40:58.232 :   Logout completed	[MsgId: MMSG-17999]
2022-08-10 17:40:58.233 : - Iteration: 9	[MsgId: MMSG-17999]
2022-08-10 17:40:58.233 :   Account: jojo6/bean6	[MsgId: MMSG-17999]
2022-08-10 17:40:58.520 :   Login completed	[MsgId: MMSG-17999]
2022-08-10 17:40:59.184 :   Logout completed	[MsgId: MMSG-17999]
2022-08-10 17:40:59.185 : - Iteration: 11	[MsgId: MMSG-17999]
2022-08-10 17:40:59.185 :   Account: jojo5/bean5	[MsgId: MMSG-17999]
2022-08-10 17:40:59.820 :   Logout completed	[MsgId: MMSG-17999]
2022-08-10 17:40:59.821 : - Iteration: 15	[MsgId: MMSG-17999]
2022-08-10 17:40:59.821 :   Account: jojo1/bean1	[MsgId: MMSG-17999]
2022-08-10 17:41:02.212 :   Logout completed	[MsgId: MMSG-17999]
2022-08-10 17:41:02.212 : - Iteration: 8	[MsgId: MMSG-17999]
2022-08-10 17:41:02.213 :   Account: jojo7/bean7	[MsgId: MMSG-17999]
2022-08-10 17:41:02.368 :   Logout completed	[MsgId: MMSG-17999]
2022-08-10 17:41:02.368 : - Iteration: 12	[MsgId: MMSG-17999]
2022-08-10 17:41:02.368 :   Account: jojo3/bean3	[MsgId: MMSG-17999]
2022-08-10 17:41:02.829 :   Logout completed	[MsgId: MMSG-17999]
2022-08-10 17:41:02.829 : - Iteration: 13	[MsgId: MMSG-17999]
2022-08-10 17:41:02.829 :   Account: jojo2/bean2	[MsgId: MMSG-17999]
2022-08-10 17:41:04.019 :   Logout completed	[MsgId: MMSG-17999]
2022-08-10 17:41:04.020 : - Iteration: 12	[MsgId: MMSG-17999]
2022-08-10 17:41:04.020 :   Account: jojo4/bean4	[MsgId: MMSG-17999]
2022-08-10 17:41:05.517 :   Login completed	[MsgId: MMSG-17999]
2022-08-10 17:41:08.401 :   Login completed	[MsgId: MMSG-17999]
2022-08-10 17:41:11.081 :   Logout completed	[MsgId: MMSG-17999]
2022-08-10 17:41:11.082 : - Iteration: 12	[MsgId: MMSG-17999]
2022-08-10 17:41:11.082 :   Account: jojo5/bean5	[MsgId: MMSG-17999]
2022-08-10 17:41:11.157 :   Login completed	[MsgId: MMSG-17999]
2022-08-10 17:41:11.628 :   Login completed	[MsgId: MMSG-17999]
2022-08-10 17:41:11.757 :   Logout completed	[MsgId: MMSG-17999]
2022-08-10 17:41:11.758 : - Iteration: 13	[MsgId: MMSG-17999]
2022-08-10 17:41:11.758 :   Account: jojo3/bean3	[MsgId: MMSG-17999]
2022-08-10 17:41:11.972 :   Login completed	[MsgId: MMSG-17999]
2022-08-10 17:41:15.440 :   Logout completed	[MsgId: MMSG-17999]
2022-08-10 17:41:15.441 : - Iteration: 10	[MsgId: MMSG-17999]
2022-08-10 17:41:15.441 :   Account: jojo6/bean6	[MsgId: MMSG-17999]
2022-08-10 17:41:15.457 :   Logout completed	[MsgId: MMSG-17999]
2022-08-10 17:41:15.458 : - Iteration: 9	[MsgId: MMSG-17999]
2022-08-10 17:41:15.458 :   Account: jojo7/bean7	[MsgId: MMSG-17999]
2022-08-10 17:41:15.919 :   Login completed	[MsgId: MMSG-17999]
2022-08-10 17:41:17.015 :   Login completed	[MsgId: MMSG-17999]
2022-08-10 17:41:18.863 :   Logout completed	[MsgId: MMSG-17999]
2022-08-10 17:41:18.864 : - Iteration: 16	[MsgId: MMSG-17999]
2022-08-10 17:41:18.864 :   Account: jojo1/bean1	[MsgId: MMSG-17999]
2022-08-10 17:41:19.969 :   Logout completed	[MsgId: MMSG-17999]
2022-08-10 17:41:19.970 : - Iteration: 14	[MsgId: MMSG-17999]
2022-08-10 17:41:19.970 :   Account: jojo2/bean2	[MsgId: MMSG-17999]
2022-08-10 17:41:20.178 :   Login completed	[MsgId: MMSG-17999]
2022-08-10 17:41:21.332 :   Login completed	[MsgId: MMSG-17999]
2022-08-10 17:41:24.107 :   Logout completed	[MsgId: MMSG-17999]
2022-08-10 17:41:24.108 : - Iteration: 13	[MsgId: MMSG-17999]
2022-08-10 17:41:24.108 :   Account: jojo4/bean4	[MsgId: MMSG-17999]
2022-08-10 17:41:24.687 :   Login completed	[MsgId: MMSG-17999]
2022-08-10 17:41:25.888 :   Logout completed	[MsgId: MMSG-17999]
2022-08-10 17:41:25.889 : - Iteration: 13	[MsgId: MMSG-17999]
2022-08-10 17:41:25.889 :   Account: jojo5/bean5	[MsgId: MMSG-17999]
2022-08-10 17:41:25.975 :   Login completed	[MsgId: MMSG-17999]
2022-08-10 17:41:27.630 :   Logout completed	[MsgId: MMSG-17999]
2022-08-10 17:41:27.631 : - Iteration: 14	[MsgId: MMSG-17999]
2022-08-10 17:41:27.631 :   Account: jojo3/bean3	[MsgId: MMSG-17999]
2022-08-10 17:41:27.689 :   Login completed	[MsgId: MMSG-17999]
