Notify: search current JDK in Windows registry at(SOFTWARE\JavaSoft\Java Development Kit)	[MsgId: MMSG-22198]	[MsgId: MMSG-22986]
Notify: JDK found at C:/Program Files (x86)/Java/jdk1.8.0_211	[MsgId: MMSG-22194]	[MsgId: MMSG-22986]
2022-08-10 17:12:50.253 : URL = localhost:1080	[MsgId: MMSG-17999]
2022-08-10 17:12:50.273 : - Iteration: 1	[MsgId: MMSG-17999]
2022-08-10 17:12:50.274 :   Account: jojo1/bean1	[MsgId: MMSG-17999]
Warning! Web support not loaded: check Java-Interpreter -> UtilityExt property in mdrv.dat file	[MsgId: MMSG-17999]
2022-08-10 17:13:00.062 :   Login completed	[MsgId: MMSG-17999]
2022-08-10 17:13:03.441 :   Logout completed	[MsgId: MMSG-17999]
2022-08-10 17:13:03.442 : - Iteration: 2	[MsgId: MMSG-17999]
2022-08-10 17:13:03.442 :   Account: jojo1/bean1	[MsgId: MMSG-17999]
2022-08-10 17:13:05.215 : URL = localhost:1080	[MsgId: MMSG-17999]
2022-08-10 17:13:05.230 : - Iteration: 1	[MsgId: MMSG-17999]
2022-08-10 17:13:05.230 :   Account: jojo2/bean2	[MsgId: MMSG-17999]
2022-08-10 17:13:11.547 :   Login completed	[MsgId: MMSG-17999]
2022-08-10 17:13:12.975 :   Login completed	[MsgId: MMSG-17999]
2022-08-10 17:13:15.620 :   Logout completed	[MsgId: MMSG-17999]
2022-08-10 17:13:15.621 : - Iteration: 2	[MsgId: MMSG-17999]
2022-08-10 17:13:15.621 :   Account: jojo2/bean2	[MsgId: MMSG-17999]
2022-08-10 17:13:18.386 :   Logout completed	[MsgId: MMSG-17999]
2022-08-10 17:13:18.387 : - Iteration: 3	[MsgId: MMSG-17999]
2022-08-10 17:13:18.387 :   Account: jojo1/bean1	[MsgId: MMSG-17999]
2022-08-10 17:13:23.336 : URL = localhost:1080	[MsgId: MMSG-17999]
2022-08-10 17:13:23.362 : - Iteration: 1	[MsgId: MMSG-17999]
2022-08-10 17:13:23.362 :   Account: jojo3/bean3	[MsgId: MMSG-17999]
2022-08-10 17:13:24.850 :   Login completed	[MsgId: MMSG-17999]
2022-08-10 17:13:26.157 :   Login completed	[MsgId: MMSG-17999]
2022-08-10 17:13:29.497 :   Logout completed	[MsgId: MMSG-17999]
2022-08-10 17:13:29.498 : - Iteration: 3	[MsgId: MMSG-17999]
2022-08-10 17:13:29.498 :   Account: jojo2/bean2	[MsgId: MMSG-17999]
2022-08-10 17:13:31.530 :   Logout completed	[MsgId: MMSG-17999]
2022-08-10 17:13:31.531 : - Iteration: 4	[MsgId: MMSG-17999]
2022-08-10 17:13:31.531 :   Account: jojo1/bean1	[MsgId: MMSG-17999]
2022-08-10 17:13:33.592 :   Login completed	[MsgId: MMSG-17999]
2022-08-10 17:13:39.156 :   Logout completed	[MsgId: MMSG-17999]
2022-08-10 17:13:39.158 : - Iteration: 2	[MsgId: MMSG-17999]
2022-08-10 17:13:39.158 :   Account: jojo3/bean3	[MsgId: MMSG-17999]
2022-08-10 17:13:41.468 : URL = localhost:1080	[MsgId: MMSG-17999]
2022-08-10 17:13:41.481 : - Iteration: 1	[MsgId: MMSG-17999]
2022-08-10 17:13:41.481 :   Account: jojo4/bean4	[MsgId: MMSG-17999]
2022-08-10 17:13:41.746 :   Login completed	[MsgId: MMSG-17999]
2022-08-10 17:13:44.873 :   Login completed	[MsgId: MMSG-17999]
2022-08-10 17:13:45.456 :   Logout completed	[MsgId: MMSG-17999]
2022-08-10 17:13:45.457 : - Iteration: 5	[MsgId: MMSG-17999]
2022-08-10 17:13:45.457 :   Account: jojo1/bean1	[MsgId: MMSG-17999]
2022-08-10 17:13:48.412 :   Logout completed	[MsgId: MMSG-17999]
2022-08-10 17:13:48.413 : - Iteration: 4	[MsgId: MMSG-17999]
2022-08-10 17:13:48.413 :   Account: jojo2/bean2	[MsgId: MMSG-17999]
2022-08-10 17:13:51.215 :   Login completed	[MsgId: MMSG-17999]
2022-08-10 17:13:53.821 :   Login completed	[MsgId: MMSG-17999]
2022-08-10 17:13:55.029 :   Logout completed	[MsgId: MMSG-17999]
2022-08-10 17:13:55.030 : - Iteration: 3	[MsgId: MMSG-17999]
2022-08-10 17:13:55.031 :   Account: jojo3/bean3	[MsgId: MMSG-17999]
2022-08-10 17:13:55.773 :   Login completed	[MsgId: MMSG-17999]
2022-08-10 17:13:57.515 :   Login completed	[MsgId: MMSG-17999]
2022-08-10 17:13:59.522 : URL = localhost:1080	[MsgId: MMSG-17999]
2022-08-10 17:13:59.545 :   Logout completed	[MsgId: MMSG-17999]
2022-08-10 17:13:59.545 : - Iteration: 6	[MsgId: MMSG-17999]
2022-08-10 17:13:59.545 :   Account: jojo1/bean1	[MsgId: MMSG-17999]
2022-08-10 17:13:59.553 : - Iteration: 1	[MsgId: MMSG-17999]
2022-08-10 17:13:59.553 :   Account: jojo5/bean5	[MsgId: MMSG-17999]
2022-08-10 17:14:02.835 :   Logout completed	[MsgId: MMSG-17999]
2022-08-10 17:14:02.845 : - Iteration: 5	[MsgId: MMSG-17999]
2022-08-10 17:14:02.845 :   Account: jojo2/bean2	[MsgId: MMSG-17999]
2022-08-10 17:14:03.227 :   Logout completed	[MsgId: MMSG-17999]
2022-08-10 17:14:03.227 : - Iteration: 2	[MsgId: MMSG-17999]
2022-08-10 17:14:03.227 :   Account: jojo4/bean4	[MsgId: MMSG-17999]
2022-08-10 17:14:04.152 :   Login completed	[MsgId: MMSG-17999]
2022-08-10 17:14:05.863 :   Login completed	[MsgId: MMSG-17999]
2022-08-10 17:14:09.086 :   Login completed	[MsgId: MMSG-17999]
2022-08-10 17:14:11.193 :   Logout completed	[MsgId: MMSG-17999]
2022-08-10 17:14:11.194 : - Iteration: 4	[MsgId: MMSG-17999]
2022-08-10 17:14:11.194 :   Account: jojo3/bean3	[MsgId: MMSG-17999]
2022-08-10 17:14:11.843 :   Login completed	[MsgId: MMSG-17999]
2022-08-10 17:14:12.508 :   Logout completed	[MsgId: MMSG-17999]
2022-08-10 17:14:12.509 : - Iteration: 2	[MsgId: MMSG-17999]
2022-08-10 17:14:12.509 :   Account: jojo5/bean5	[MsgId: MMSG-17999]
2022-08-10 17:14:12.990 :   Logout completed	[MsgId: MMSG-17999]
2022-08-10 17:14:12.991 : - Iteration: 7	[MsgId: MMSG-17999]
2022-08-10 17:14:12.992 :   Account: jojo1/bean1	[MsgId: MMSG-17999]
2022-08-10 17:14:15.437 :   Login completed	[MsgId: MMSG-17999]
2022-08-10 17:14:16.264 :   Logout completed	[MsgId: MMSG-17999]
2022-08-10 17:14:16.265 : - Iteration: 3	[MsgId: MMSG-17999]
2022-08-10 17:14:16.265 :   Account: jojo4/bean4	[MsgId: MMSG-17999]
2022-08-10 17:14:17.595 : URL = localhost:1080	[MsgId: MMSG-17999]
2022-08-10 17:14:17.610 : - Iteration: 1	[MsgId: MMSG-17999]
2022-08-10 17:14:17.610 :   Account: jojo6/bean6	[MsgId: MMSG-17999]
2022-08-10 17:14:19.865 :   Logout completed	[MsgId: MMSG-17999]
2022-08-10 17:14:19.866 : - Iteration: 6	[MsgId: MMSG-17999]
2022-08-10 17:14:19.866 :   Account: jojo2/bean2	[MsgId: MMSG-17999]
2022-08-10 17:14:22.193 :   Login completed	[MsgId: MMSG-17999]
2022-08-10 17:14:25.812 :   Login completed	[MsgId: MMSG-17999]
2022-08-10 17:14:25.908 :   Logout completed	[MsgId: MMSG-17999]
2022-08-10 17:14:25.908 : - Iteration: 5	[MsgId: MMSG-17999]
2022-08-10 17:14:25.908 :   Account: jojo3/bean3	[MsgId: MMSG-17999]
2022-08-10 17:14:26.016 :   Login completed	[MsgId: MMSG-17999]
2022-08-10 17:14:29.783 :   Logout completed	[MsgId: MMSG-17999]
2022-08-10 17:14:29.784 : - Iteration: 8	[MsgId: MMSG-17999]
2022-08-10 17:14:29.784 :   Account: jojo1/bean1	[MsgId: MMSG-17999]
2022-08-10 17:14:30.306 :   Login completed	[MsgId: MMSG-17999]
2022-08-10 17:14:31.816 :   Login completed	[MsgId: MMSG-17999]
2022-08-10 17:14:33.376 :   Logout completed	[MsgId: MMSG-17999]
2022-08-10 17:14:33.377 : - Iteration: 3	[MsgId: MMSG-17999]
2022-08-10 17:14:33.377 :   Account: jojo5/bean5	[MsgId: MMSG-17999]
2022-08-10 17:14:33.815 :   Login completed	[MsgId: MMSG-17999]
2022-08-10 17:14:34.386 :   Logout completed	[MsgId: MMSG-17999]
2022-08-10 17:14:34.387 : - Iteration: 2	[MsgId: MMSG-17999]
2022-08-10 17:14:34.387 :   Account: jojo6/bean6	[MsgId: MMSG-17999]
2022-08-10 17:14:35.587 :   Login completed	[MsgId: MMSG-17999]
2022-08-10 17:14:35.649 : URL = localhost:1080	[MsgId: MMSG-17999]
2022-08-10 17:14:35.680 : - Iteration: 1	[MsgId: MMSG-17999]
2022-08-10 17:14:35.681 :   Account: jojo7/bean7	[MsgId: MMSG-17999]
2022-08-10 17:14:37.460 :   Login completed	[MsgId: MMSG-17999]
2022-08-10 17:14:38.536 :   Logout completed	[MsgId: MMSG-17999]
2022-08-10 17:14:38.536 : - Iteration: 4	[MsgId: MMSG-17999]
2022-08-10 17:14:38.537 :   Account: jojo4/bean4	[MsgId: MMSG-17999]
2022-08-10 17:14:39.709 :   Logout completed	[MsgId: MMSG-17999]
2022-08-10 17:14:39.710 : - Iteration: 6	[MsgId: MMSG-17999]
2022-08-10 17:14:39.710 :   Account: jojo3/bean3	[MsgId: MMSG-17999]
2022-08-10 17:14:40.001 :   Logout completed	[MsgId: MMSG-17999]
2022-08-10 17:14:40.002 : - Iteration: 7	[MsgId: MMSG-17999]
2022-08-10 17:14:40.002 :   Account: jojo2/bean2	[MsgId: MMSG-17999]
2022-08-10 17:14:41.989 :   Logout completed	[MsgId: MMSG-17999]
2022-08-10 17:14:41.990 : - Iteration: 9	[MsgId: MMSG-17999]
2022-08-10 17:14:41.990 :   Account: jojo1/bean1	[MsgId: MMSG-17999]
2022-08-10 17:14:43.314 :   Login completed	[MsgId: MMSG-17999]
2022-08-10 17:14:46.748 :   Logout completed	[MsgId: MMSG-17999]
2022-08-10 17:14:46.749 : - Iteration: 3	[MsgId: MMSG-17999]
2022-08-10 17:14:46.749 :   Account: jojo6/bean6	[MsgId: MMSG-17999]
2022-08-10 17:14:47.792 :   Login completed	[MsgId: MMSG-17999]
2022-08-10 17:14:48.804 :   Login completed	[MsgId: MMSG-17999]
2022-08-10 17:14:51.019 :   Logout completed	[MsgId: MMSG-17999]
2022-08-10 17:14:51.020 : - Iteration: 4	[MsgId: MMSG-17999]
2022-08-10 17:14:51.020 :   Account: jojo5/bean5	[MsgId: MMSG-17999]
2022-08-10 17:14:51.116 :   Login completed	[MsgId: MMSG-17999]
2022-08-10 17:14:52.078 :   Login completed	[MsgId: MMSG-17999]
2022-08-10 17:14:52.755 :   Logout completed	[MsgId: MMSG-17999]
2022-08-10 17:14:52.756 : - Iteration: 8	[MsgId: MMSG-17999]
2022-08-10 17:14:52.756 :   Account: jojo2/bean2	[MsgId: MMSG-17999]
2022-08-10 17:14:53.762 :   Login completed	[MsgId: MMSG-17999]
2022-08-10 17:14:55.469 :   Login completed	[MsgId: MMSG-17999]
2022-08-10 17:14:55.837 :   Logout completed	[MsgId: MMSG-17999]
2022-08-10 17:14:55.838 : - Iteration: 2	[MsgId: MMSG-17999]
2022-08-10 17:14:55.838 :   Account: jojo7/bean7	[MsgId: MMSG-17999]
2022-08-10 17:14:55.873 :   Logout completed	[MsgId: MMSG-17999]
2022-08-10 17:14:55.874 : - Iteration: 5	[MsgId: MMSG-17999]
2022-08-10 17:14:55.874 :   Account: jojo4/bean4	[MsgId: MMSG-17999]
2022-08-10 17:14:56.866 :   Login completed	[MsgId: MMSG-17999]
2022-08-10 17:14:59.340 :   Logout completed	[MsgId: MMSG-17999]
2022-08-10 17:14:59.340 : - Iteration: 7	[MsgId: MMSG-17999]
2022-08-10 17:14:59.341 :   Account: jojo3/bean3	[MsgId: MMSG-17999]
2022-08-10 17:15:01.125 :   Login completed	[MsgId: MMSG-17999]
2022-08-10 17:15:02.662 :   Logout completed	[MsgId: MMSG-17999]
2022-08-10 17:15:02.662 : - Iteration: 10	[MsgId: MMSG-17999]
2022-08-10 17:15:02.663 :   Account: jojo1/bean1	[MsgId: MMSG-17999]
2022-08-10 17:15:03.740 :   Logout completed	[MsgId: MMSG-17999]
2022-08-10 17:15:03.740 : - Iteration: 4	[MsgId: MMSG-17999]
2022-08-10 17:15:03.740 :   Account: jojo6/bean6	[MsgId: MMSG-17999]
2022-08-10 17:15:04.403 :   Login completed	[MsgId: MMSG-17999]
2022-08-10 17:15:05.910 :   Login completed	[MsgId: MMSG-17999]
2022-08-10 17:15:06.849 :   Login completed	[MsgId: MMSG-17999]
2022-08-10 17:15:07.977 :   Logout completed	[MsgId: MMSG-17999]
2022-08-10 17:15:07.978 : - Iteration: 5	[MsgId: MMSG-17999]
2022-08-10 17:15:07.978 :   Account: jojo5/bean5	[MsgId: MMSG-17999]
2022-08-10 17:15:09.730 :   Logout completed	[MsgId: MMSG-17999]
2022-08-10 17:15:09.731 : - Iteration: 6	[MsgId: MMSG-17999]
2022-08-10 17:15:09.731 :   Account: jojo4/bean4	[MsgId: MMSG-17999]
2022-08-10 17:15:10.039 :   Login completed	[MsgId: MMSG-17999]
2022-08-10 17:15:10.198 :   Login completed	[MsgId: MMSG-17999]
2022-08-10 17:15:10.681 :   Logout completed	[MsgId: MMSG-17999]
2022-08-10 17:15:10.681 : - Iteration: 3	[MsgId: MMSG-17999]
2022-08-10 17:15:10.682 :   Account: jojo7/bean7	[MsgId: MMSG-17999]
2022-08-10 17:15:12.166 :   Login completed	[MsgId: MMSG-17999]
2022-08-10 17:15:13.486 :   Logout completed	[MsgId: MMSG-17999]
2022-08-10 17:15:13.486 : - Iteration: 9	[MsgId: MMSG-17999]
2022-08-10 17:15:13.486 :   Account: jojo2/bean2	[MsgId: MMSG-17999]
2022-08-10 17:15:16.486 :   Logout completed	[MsgId: MMSG-17999]
2022-08-10 17:15:16.487 : - Iteration: 5	[MsgId: MMSG-17999]
2022-08-10 17:15:16.487 :   Account: jojo6/bean6	[MsgId: MMSG-17999]
2022-08-10 17:15:17.629 :   Logout completed	[MsgId: MMSG-17999]
2022-08-10 17:15:17.630 : - Iteration: 8	[MsgId: MMSG-17999]
2022-08-10 17:15:17.630 :   Account: jojo3/bean3	[MsgId: MMSG-17999]
2022-08-10 17:15:17.676 :   Logout completed	[MsgId: MMSG-17999]
2022-08-10 17:15:17.677 : - Iteration: 11	[MsgId: MMSG-17999]
2022-08-10 17:15:17.677 :   Account: jojo1/bean1	[MsgId: MMSG-17999]
2022-08-10 17:15:19.657 :   Login completed	[MsgId: MMSG-17999]
2022-08-10 17:15:20.022 :   Login completed	[MsgId: MMSG-17999]
2022-08-10 17:15:22.966 :   Login completed	[MsgId: MMSG-17999]
2022-08-10 17:15:23.375 :   Login completed	[MsgId: MMSG-17999]
2022-08-10 17:15:25.421 :   Logout completed	[MsgId: MMSG-17999]
2022-08-10 17:15:25.422 : - Iteration: 6	[MsgId: MMSG-17999]
2022-08-10 17:15:25.422 :   Account: jojo5/bean5	[MsgId: MMSG-17999]
2022-08-10 17:15:26.895 :   Login completed	[MsgId: MMSG-17999]
2022-08-10 17:15:26.983 :   Logout completed	[MsgId: MMSG-17999]
2022-08-10 17:15:26.983 : - Iteration: 7	[MsgId: MMSG-17999]
2022-08-10 17:15:26.983 :   Account: jojo4/bean4	[MsgId: MMSG-17999]
2022-08-10 17:15:27.257 :   Logout completed	[MsgId: MMSG-17999]
2022-08-10 17:15:27.258 : - Iteration: 4	[MsgId: MMSG-17999]
2022-08-10 17:15:27.258 :   Account: jojo7/bean7	[MsgId: MMSG-17999]
2022-08-10 17:15:28.127 :   Login completed	[MsgId: MMSG-17999]
2022-08-10 17:15:29.872 :   Logout completed	[MsgId: MMSG-17999]
2022-08-10 17:15:29.872 : - Iteration: 10	[MsgId: MMSG-17999]
2022-08-10 17:15:29.873 :   Account: jojo2/bean2	[MsgId: MMSG-17999]
2022-08-10 17:15:30.324 :   Login completed	[MsgId: MMSG-17999]
2022-08-10 17:15:32.684 :   Logout completed	[MsgId: MMSG-17999]
2022-08-10 17:15:32.685 : - Iteration: 12	[MsgId: MMSG-17999]
2022-08-10 17:15:32.685 :   Account: jojo1/bean1	[MsgId: MMSG-17999]
2022-08-10 17:15:34.929 :   Logout completed	[MsgId: MMSG-17999]
2022-08-10 17:15:34.930 : - Iteration: 6	[MsgId: MMSG-17999]
2022-08-10 17:15:34.930 :   Account: jojo6/bean6	[MsgId: MMSG-17999]
2022-08-10 17:15:37.662 :   Logout completed	[MsgId: MMSG-17999]
2022-08-10 17:15:37.662 : - Iteration: 9	[MsgId: MMSG-17999]
2022-08-10 17:15:37.662 :   Account: jojo3/bean3	[MsgId: MMSG-17999]
2022-08-10 17:15:38.559 :   Login completed	[MsgId: MMSG-17999]
2022-08-10 17:15:39.392 :   Login completed	[MsgId: MMSG-17999]
2022-08-10 17:15:40.909 :   Login completed	[MsgId: MMSG-17999]
2022-08-10 17:15:41.070 :   Login completed	[MsgId: MMSG-17999]
2022-08-10 17:15:42.175 :   Logout completed	[MsgId: MMSG-17999]
2022-08-10 17:15:42.176 : - Iteration: 7	[MsgId: MMSG-17999]
2022-08-10 17:15:42.176 :   Account: jojo5/bean5	[MsgId: MMSG-17999]
2022-08-10 17:15:43.142 :   Login completed	[MsgId: MMSG-17999]
2022-08-10 17:15:43.573 :   Logout completed	[MsgId: MMSG-17999]
2022-08-10 17:15:43.574 : - Iteration: 8	[MsgId: MMSG-17999]
2022-08-10 17:15:43.574 :   Account: jojo4/bean4	[MsgId: MMSG-17999]
2022-08-10 17:15:43.904 :   Logout completed	[MsgId: MMSG-17999]
2022-08-10 17:15:43.905 : - Iteration: 7	[MsgId: MMSG-17999]
2022-08-10 17:15:43.905 :   Account: jojo6/bean6	[MsgId: MMSG-17999]
2022-08-10 17:15:44.025 :   Logout completed	[MsgId: MMSG-17999]
2022-08-10 17:15:44.026 : - Iteration: 5	[MsgId: MMSG-17999]
2022-08-10 17:15:44.026 :   Account: jojo7/bean7	[MsgId: MMSG-17999]
2022-08-10 17:15:44.278 :   Login completed	[MsgId: MMSG-17999]
2022-08-10 17:15:47.110 :   Logout completed	[MsgId: MMSG-17999]
2022-08-10 17:15:47.111 : - Iteration: 13	[MsgId: MMSG-17999]
2022-08-10 17:15:47.111 :   Account: jojo1/bean1	[MsgId: MMSG-17999]
2022-08-10 17:15:47.376 :   Login completed	[MsgId: MMSG-17999]
2022-08-10 17:15:49.036 :   Logout completed	[MsgId: MMSG-17999]
2022-08-10 17:15:49.037 : - Iteration: 11	[MsgId: MMSG-17999]
2022-08-10 17:15:49.037 :   Account: jojo2/bean2	[MsgId: MMSG-17999]
2022-08-10 17:15:52.087 :   Logout completed	[MsgId: MMSG-17999]
2022-08-10 17:15:52.087 : - Iteration: 10	[MsgId: MMSG-17999]
2022-08-10 17:15:52.088 :   Account: jojo3/bean3	[MsgId: MMSG-17999]
2022-08-10 17:15:52.326 :   Login completed	[MsgId: MMSG-17999]
2022-08-10 17:15:55.315 :   Login completed	[MsgId: MMSG-17999]
2022-08-10 17:15:56.028 :   Login completed	[MsgId: MMSG-17999]
2022-08-10 17:15:56.028 :   Login completed	[MsgId: MMSG-17999]
2022-08-10 17:15:58.423 :   Login completed	[MsgId: MMSG-17999]
2022-08-10 17:15:59.332 :   Logout completed	[MsgId: MMSG-17999]
2022-08-10 17:15:59.333 : - Iteration: 9	[MsgId: MMSG-17999]
2022-08-10 17:15:59.333 :   Account: jojo4/bean4	[MsgId: MMSG-17999]
2022-08-10 17:15:59.423 :   Logout completed	[MsgId: MMSG-17999]
2022-08-10 17:15:59.424 : - Iteration: 6	[MsgId: MMSG-17999]
2022-08-10 17:15:59.424 :   Account: jojo7/bean7	[MsgId: MMSG-17999]
2022-08-10 17:16:00.680 :   Logout completed	[MsgId: MMSG-17999]
2022-08-10 17:16:00.681 : - Iteration: 8	[MsgId: MMSG-17999]
2022-08-10 17:16:00.681 :   Account: jojo6/bean6	[MsgId: MMSG-17999]
2022-08-10 17:16:01.041 :   Login completed	[MsgId: MMSG-17999]
2022-08-10 17:16:03.531 :   Logout completed	[MsgId: MMSG-17999]
2022-08-10 17:16:03.532 : - Iteration: 8	[MsgId: MMSG-17999]
2022-08-10 17:16:03.532 :   Account: jojo5/bean5	[MsgId: MMSG-17999]
2022-08-10 17:16:05.727 :   Login completed	[MsgId: MMSG-17999]
2022-08-10 17:16:05.746 :   Logout completed	[MsgId: MMSG-17999]
2022-08-10 17:16:05.747 : - Iteration: 12	[MsgId: MMSG-17999]
2022-08-10 17:16:05.747 :   Account: jojo2/bean2	[MsgId: MMSG-17999]
2022-08-10 17:16:06.067 :   Logout completed	[MsgId: MMSG-17999]
2022-08-10 17:16:06.068 : - Iteration: 14	[MsgId: MMSG-17999]
2022-08-10 17:16:06.068 :   Account: jojo1/bean1	[MsgId: MMSG-17999]
2022-08-10 17:16:06.074 :   Login completed	[MsgId: MMSG-17999]
2022-08-10 17:16:09.030 :   Logout completed	[MsgId: MMSG-17999]
2022-08-10 17:16:09.031 : - Iteration: 11	[MsgId: MMSG-17999]
2022-08-10 17:16:09.031 :   Account: jojo3/bean3	[MsgId: MMSG-17999]
2022-08-10 17:16:09.123 :   Login completed	[MsgId: MMSG-17999]
2022-08-10 17:16:10.233 :   Login completed	[MsgId: MMSG-17999]
2022-08-10 17:16:11.085 :   Logout completed	[MsgId: MMSG-17999]
2022-08-10 17:16:11.086 : - Iteration: 10	[MsgId: MMSG-17999]
2022-08-10 17:16:11.086 :   Account: jojo4/bean4	[MsgId: MMSG-17999]
2022-08-10 17:16:11.958 :   Login completed	[MsgId: MMSG-17999]
2022-08-10 17:16:12.153 :   Logout completed	[MsgId: MMSG-17999]
2022-08-10 17:16:12.154 : - Iteration: 9	[MsgId: MMSG-17999]
2022-08-10 17:16:12.154 :   Account: jojo6/bean6	[MsgId: MMSG-17999]
2022-08-10 17:16:13.687 :   Login completed	[MsgId: MMSG-17999]
2022-08-10 17:16:13.770 :   Login completed	[MsgId: MMSG-17999]
2022-08-10 17:16:15.899 :   Logout completed	[MsgId: MMSG-17999]
2022-08-10 17:16:15.900 : - Iteration: 7	[MsgId: MMSG-17999]
2022-08-10 17:16:15.900 :   Account: jojo7/bean7	[MsgId: MMSG-17999]
2022-08-10 17:16:16.676 :   Logout completed	[MsgId: MMSG-17999]
2022-08-10 17:16:16.677 : - Iteration: 13	[MsgId: MMSG-17999]
2022-08-10 17:16:16.677 :   Account: jojo2/bean2	[MsgId: MMSG-17999]
2022-08-10 17:16:17.580 :   Logout completed	[MsgId: MMSG-17999]
2022-08-10 17:16:17.581 : - Iteration: 9	[MsgId: MMSG-17999]
2022-08-10 17:16:17.581 :   Account: jojo5/bean5	[MsgId: MMSG-17999]
2022-08-10 17:16:20.840 :   Logout completed	[MsgId: MMSG-17999]
2022-08-10 17:16:20.841 : - Iteration: 15	[MsgId: MMSG-17999]
2022-08-10 17:16:20.841 :   Account: jojo1/bean1	[MsgId: MMSG-17999]
2022-08-10 17:16:22.088 :   Login completed	[MsgId: MMSG-17999]
2022-08-10 17:16:22.900 :   Login completed	[MsgId: MMSG-17999]
2022-08-10 17:16:23.075 :   Login completed	[MsgId: MMSG-17999]
2022-08-10 17:16:23.769 :   Login completed	[MsgId: MMSG-17999]
2022-08-10 17:16:25.231 :   Logout completed	[MsgId: MMSG-17999]
2022-08-10 17:16:25.232 : - Iteration: 10	[MsgId: MMSG-17999]
2022-08-10 17:16:25.232 :   Account: jojo6/bean6	[MsgId: MMSG-17999]
2022-08-10 17:16:25.624 :   Login completed	[MsgId: MMSG-17999]
2022-08-10 17:16:27.330 :   Logout completed	[MsgId: MMSG-17999]
2022-08-10 17:16:27.331 : - Iteration: 14	[MsgId: MMSG-17999]
2022-08-10 17:16:27.331 :   Account: jojo2/bean2	[MsgId: MMSG-17999]
2022-08-10 17:16:28.475 :   Logout completed	[MsgId: MMSG-17999]
2022-08-10 17:16:28.476 : - Iteration: 11	[MsgId: MMSG-17999]
2022-08-10 17:16:28.476 :   Account: jojo4/bean4	[MsgId: MMSG-17999]
2022-08-10 17:16:30.003 :   Logout completed	[MsgId: MMSG-17999]
2022-08-10 17:16:30.004 : - Iteration: 12	[MsgId: MMSG-17999]
2022-08-10 17:16:30.004 :   Account: jojo3/bean3	[MsgId: MMSG-17999]
2022-08-10 17:16:30.988 :   Logout completed	[MsgId: MMSG-17999]
2022-08-10 17:16:30.989 : - Iteration: 10	[MsgId: MMSG-17999]
2022-08-10 17:16:30.989 :   Account: jojo5/bean5	[MsgId: MMSG-17999]
2022-08-10 17:16:31.257 :   Login completed	[MsgId: MMSG-17999]
2022-08-10 17:16:32.872 :   Login completed	[MsgId: MMSG-17999]
2022-08-10 17:16:33.328 :   Login completed	[MsgId: MMSG-17999]
2022-08-10 17:16:33.752 :   Login completed	[MsgId: MMSG-17999]
2022-08-10 17:16:36.461 :   Logout completed	[MsgId: MMSG-17999]
2022-08-10 17:16:36.462 : - Iteration: 16	[MsgId: MMSG-17999]
2022-08-10 17:16:36.462 :   Account: jojo1/bean1	[MsgId: MMSG-17999]
2022-08-10 17:16:36.590 :   Logout completed	[MsgId: MMSG-17999]
2022-08-10 17:16:36.590 : - Iteration: 11	[MsgId: MMSG-17999]
2022-08-10 17:16:36.590 :   Account: jojo6/bean6	[MsgId: MMSG-17999]
2022-08-10 17:16:38.764 :   Logout completed	[MsgId: MMSG-17999]
2022-08-10 17:16:38.765 : - Iteration: 8	[MsgId: MMSG-17999]
2022-08-10 17:16:38.765 :   Account: jojo7/bean7	[MsgId: MMSG-17999]
2022-08-10 17:16:39.504 :   Login completed	[MsgId: MMSG-17999]
2022-08-10 17:16:39.928 :   Login completed	[MsgId: MMSG-17999]
2022-08-10 17:16:40.473 :   Login completed	[MsgId: MMSG-17999]
2022-08-10 17:16:40.723 :   Logout completed	[MsgId: MMSG-17999]
2022-08-10 17:16:40.723 : - Iteration: 15	[MsgId: MMSG-17999]
2022-08-10 17:16:40.723 :   Account: jojo2/bean2	[MsgId: MMSG-17999]
2022-08-10 17:16:43.163 :   Logout completed	[MsgId: MMSG-17999]
2022-08-10 17:16:43.164 : - Iteration: 11	[MsgId: MMSG-17999]
2022-08-10 17:16:43.164 :   Account: jojo5/bean5	[MsgId: MMSG-17999]
2022-08-10 17:16:43.970 :   Logout completed	[MsgId: MMSG-17999]
2022-08-10 17:16:43.970 : - Iteration: 12	[MsgId: MMSG-17999]
2022-08-10 17:16:43.971 :   Account: jojo4/bean4	[MsgId: MMSG-17999]
2022-08-10 17:16:44.516 :   Logout completed	[MsgId: MMSG-17999]
2022-08-10 17:16:44.517 : - Iteration: 13	[MsgId: MMSG-17999]
2022-08-10 17:16:44.517 :   Account: jojo3/bean3	[MsgId: MMSG-17999]
2022-08-10 17:16:44.877 :   Login completed	[MsgId: MMSG-17999]
2022-08-10 17:16:47.160 :   Login completed	[MsgId: MMSG-17999]
2022-08-10 17:16:49.870 :   Logout completed	[MsgId: MMSG-17999]
2022-08-10 17:16:49.871 : - Iteration: 17	[MsgId: MMSG-17999]
2022-08-10 17:16:49.871 :   Account: jojo1/bean1	[MsgId: MMSG-17999]
2022-08-10 17:16:51.897 :   Logout completed	[MsgId: MMSG-17999]
2022-08-10 17:16:51.898 : - Iteration: 12	[MsgId: MMSG-17999]
2022-08-10 17:16:51.898 :   Account: jojo6/bean6	[MsgId: MMSG-17999]
2022-08-10 17:16:51.970 :   Login completed	[MsgId: MMSG-17999]
2022-08-10 17:16:52.947 :   Login completed	[MsgId: MMSG-17999]
2022-08-10 17:16:54.371 :   Login completed	[MsgId: MMSG-17999]
2022-08-10 17:16:55.048 :   Login completed	[MsgId: MMSG-17999]
2022-08-10 17:16:55.803 :   Login completed	[MsgId: MMSG-17999]
2022-08-10 17:16:58.889 :   Logout completed	[MsgId: MMSG-17999]
2022-08-10 17:16:58.889 : - Iteration: 9	[MsgId: MMSG-17999]
2022-08-10 17:16:58.889 :   Account: jojo7/bean7	[MsgId: MMSG-17999]
2022-08-10 17:16:59.917 :   Logout completed	[MsgId: MMSG-17999]
2022-08-10 17:16:59.918 : - Iteration: 16	[MsgId: MMSG-17999]
2022-08-10 17:16:59.918 :   Account: jojo2/bean2	[MsgId: MMSG-17999]
2022-08-10 17:17:00.235 :   Logout completed	[MsgId: MMSG-17999]
2022-08-10 17:17:00.235 : - Iteration: 12	[MsgId: MMSG-17999]
2022-08-10 17:17:00.235 :   Account: jojo5/bean5	[MsgId: MMSG-17999]
2022-08-10 17:17:00.949 :   Login completed	[MsgId: MMSG-17999]
2022-08-10 17:17:01.135 :   Logout completed	[MsgId: MMSG-17999]
2022-08-10 17:17:01.136 : - Iteration: 13	[MsgId: MMSG-17999]
2022-08-10 17:17:01.136 :   Account: jojo4/bean4	[MsgId: MMSG-17999]
2022-08-10 17:17:01.396 :   Logout completed	[MsgId: MMSG-17999]
2022-08-10 17:17:01.396 : - Iteration: 14	[MsgId: MMSG-17999]
2022-08-10 17:17:01.396 :   Account: jojo3/bean3	[MsgId: MMSG-17999]
2022-08-10 17:17:04.698 :   Login completed	[MsgId: MMSG-17999]
2022-08-10 17:17:04.755 :   Logout completed	[MsgId: MMSG-17999]
2022-08-10 17:17:04.756 : - Iteration: 13	[MsgId: MMSG-17999]
2022-08-10 17:17:04.756 :   Account: jojo6/bean6	[MsgId: MMSG-17999]
2022-08-10 17:17:08.427 :   Login completed	[MsgId: MMSG-17999]
2022-08-10 17:17:08.538 :   Login completed	[MsgId: MMSG-17999]
2022-08-10 17:17:10.535 :   Logout completed	[MsgId: MMSG-17999]
2022-08-10 17:17:10.535 : - Iteration: 18	[MsgId: MMSG-17999]
2022-08-10 17:17:10.536 :   Account: jojo1/bean1	[MsgId: MMSG-17999]
2022-08-10 17:17:10.640 :   Login completed	[MsgId: MMSG-17999]
2022-08-10 17:17:11.520 :   Logout completed	[MsgId: MMSG-17999]
2022-08-10 17:17:11.521 : - Iteration: 14	[MsgId: MMSG-17999]
2022-08-10 17:17:11.521 :   Account: jojo4/bean4	[MsgId: MMSG-17999]
2022-08-10 17:17:11.569 :   Login completed	[MsgId: MMSG-17999]
2022-08-10 17:17:11.621 :   Logout completed	[MsgId: MMSG-17999]
2022-08-10 17:17:11.622 : - Iteration: 17	[MsgId: MMSG-17999]
2022-08-10 17:17:11.622 :   Account: jojo2/bean2	[MsgId: MMSG-17999]
2022-08-10 17:17:12.543 :   Login completed	[MsgId: MMSG-17999]
2022-08-10 17:17:14.625 :   Logout completed	[MsgId: MMSG-17999]
2022-08-10 17:17:14.626 : - Iteration: 13	[MsgId: MMSG-17999]
2022-08-10 17:17:14.626 :   Account: jojo5/bean5	[MsgId: MMSG-17999]
2022-08-10 17:17:17.236 :   Logout completed	[MsgId: MMSG-17999]
2022-08-10 17:17:17.236 : - Iteration: 15	[MsgId: MMSG-17999]
2022-08-10 17:17:17.236 :   Account: jojo3/bean3	[MsgId: MMSG-17999]
2022-08-10 17:17:17.758 :   Login completed	[MsgId: MMSG-17999]
2022-08-10 17:17:19.086 :   Login completed	[MsgId: MMSG-17999]
2022-08-10 17:17:19.935 :   Logout completed	[MsgId: MMSG-17999]
2022-08-10 17:17:19.936 : - Iteration: 10	[MsgId: MMSG-17999]
2022-08-10 17:17:19.936 :   Account: jojo7/bean7	[MsgId: MMSG-17999]
2022-08-10 17:17:21.982 :   Login completed	[MsgId: MMSG-17999]
2022-08-10 17:17:22.095 :   Logout completed	[MsgId: MMSG-17999]
2022-08-10 17:17:22.096 : - Iteration: 15	[MsgId: MMSG-17999]
2022-08-10 17:17:22.096 :   Account: jojo4/bean4	[MsgId: MMSG-17999]
2022-08-10 17:17:22.700 :   Logout completed	[MsgId: MMSG-17999]
2022-08-10 17:17:22.701 : - Iteration: 14	[MsgId: MMSG-17999]
2022-08-10 17:17:22.701 :   Account: jojo6/bean6	[MsgId: MMSG-17999]
2022-08-10 17:17:26.108 :   Login completed	[MsgId: MMSG-17999]
2022-08-10 17:17:27.245 :   Logout completed	[MsgId: MMSG-17999]
2022-08-10 17:17:27.245 : - Iteration: 18	[MsgId: MMSG-17999]
2022-08-10 17:17:27.245 :   Account: jojo2/bean2	[MsgId: MMSG-17999]
2022-08-10 17:17:29.784 :   Logout completed	[MsgId: MMSG-17999]
2022-08-10 17:17:29.785 : - Iteration: 19	[MsgId: MMSG-17999]
2022-08-10 17:17:29.785 :   Account: jojo1/bean1	[MsgId: MMSG-17999]
2022-08-10 17:17:29.817 :   Login completed	[MsgId: MMSG-17999]
2022-08-10 17:17:29.848 :   Login completed	[MsgId: MMSG-17999]
2022-08-10 17:17:30.132 :   Login completed	[MsgId: MMSG-17999]
2022-08-10 17:17:31.060 :   Login completed	[MsgId: MMSG-17999]
2022-08-10 17:17:32.230 :   Login completed	[MsgId: MMSG-17999]
2022-08-10 17:17:34.353 :   Logout completed	[MsgId: MMSG-17999]
2022-08-10 17:17:34.353 : - Iteration: 16	[MsgId: MMSG-17999]
2022-08-10 17:17:34.353 :   Account: jojo4/bean4	[MsgId: MMSG-17999]
2022-08-10 17:17:34.877 :   Logout completed	[MsgId: MMSG-17999]
2022-08-10 17:17:34.878 : - Iteration: 14	[MsgId: MMSG-17999]
2022-08-10 17:17:34.878 :   Account: jojo5/bean5	[MsgId: MMSG-17999]
2022-08-10 17:17:35.642 :   Logout completed	[MsgId: MMSG-17999]
2022-08-10 17:17:35.642 : - Iteration: 11	[MsgId: MMSG-17999]
2022-08-10 17:17:35.642 :   Account: jojo7/bean7	[MsgId: MMSG-17999]
2022-08-10 17:17:37.183 :   Logout completed	[MsgId: MMSG-17999]
2022-08-10 17:17:37.184 : - Iteration: 16	[MsgId: MMSG-17999]
2022-08-10 17:17:37.184 :   Account: jojo3/bean3	[MsgId: MMSG-17999]
2022-08-10 17:17:37.290 :   Login completed	[MsgId: MMSG-17999]
2022-08-10 17:17:37.441 :   Logout completed	[MsgId: MMSG-17999]
2022-08-10 17:17:37.441 : - Iteration: 15	[MsgId: MMSG-17999]
2022-08-10 17:17:37.441 :   Account: jojo6/bean6	[MsgId: MMSG-17999]
2022-08-10 17:17:40.540 :   Logout completed	[MsgId: MMSG-17999]
2022-08-10 17:17:40.541 : - Iteration: 19	[MsgId: MMSG-17999]
2022-08-10 17:17:40.541 :   Account: jojo2/bean2	[MsgId: MMSG-17999]
2022-08-10 17:17:43.449 :   Login completed	[MsgId: MMSG-17999]
2022-08-10 17:17:44.385 :   Login completed	[MsgId: MMSG-17999]
2022-08-10 17:17:44.497 :   Login completed	[MsgId: MMSG-17999]
2022-08-10 17:17:47.135 :   Logout completed	[MsgId: MMSG-17999]
2022-08-10 17:17:47.136 : - Iteration: 16	[MsgId: MMSG-17999]
2022-08-10 17:17:47.136 :   Account: jojo6/bean6	[MsgId: MMSG-17999]
2022-08-10 17:17:47.960 :   Login completed	[MsgId: MMSG-17999]
2022-08-10 17:17:48.225 :   Login completed	[MsgId: MMSG-17999]
2022-08-10 17:17:48.654 :   Logout completed	[MsgId: MMSG-17999]
2022-08-10 17:17:48.655 : - Iteration: 20	[MsgId: MMSG-17999]
2022-08-10 17:17:48.655 :   Account: jojo1/bean1	[MsgId: MMSG-17999]
2022-08-10 17:17:48.844 :   Logout completed	[MsgId: MMSG-17999]
2022-08-10 17:17:48.844 : - Iteration: 17	[MsgId: MMSG-17999]
2022-08-10 17:17:48.844 :   Account: jojo3/bean3	[MsgId: MMSG-17999]
2022-08-10 17:17:49.697 :   Login completed	[MsgId: MMSG-17999]
2022-08-10 17:17:50.367 :   Login completed	[MsgId: MMSG-17999]
2022-08-10 17:17:51.870 :   Logout completed	[MsgId: MMSG-17999]
2022-08-10 17:17:51.871 : - Iteration: 17	[MsgId: MMSG-17999]
2022-08-10 17:17:51.871 :   Account: jojo4/bean4	[MsgId: MMSG-17999]
2022-08-10 17:17:51.976 :   Logout completed	[MsgId: MMSG-17999]
2022-08-10 17:17:51.977 : - Iteration: 20	[MsgId: MMSG-17999]
2022-08-10 17:17:51.977 :   Account: jojo2/bean2	[MsgId: MMSG-17999]
2022-08-10 17:17:56.483 :   Logout completed	[MsgId: MMSG-17999]
2022-08-10 17:17:56.483 : - Iteration: 15	[MsgId: MMSG-17999]
2022-08-10 17:17:56.483 :   Account: jojo5/bean5	[MsgId: MMSG-17999]
2022-08-10 17:17:57.372 :   Logout completed	[MsgId: MMSG-17999]
2022-08-10 17:17:57.372 : - Iteration: 12	[MsgId: MMSG-17999]
2022-08-10 17:17:57.373 :   Account: jojo7/bean7	[MsgId: MMSG-17999]
2022-08-10 17:17:58.582 :   Login completed	[MsgId: MMSG-17999]
2022-08-10 17:18:00.451 :   Login completed	[MsgId: MMSG-17999]
2022-08-10 17:18:01.839 :   Login completed	[MsgId: MMSG-17999]
2022-08-10 17:18:02.605 :   Login completed	[MsgId: MMSG-17999]
2022-08-10 17:18:02.605 :   Login completed	[MsgId: MMSG-17999]
2022-08-10 17:18:03.436 :   Login completed	[MsgId: MMSG-17999]
2022-08-10 17:18:03.896 :   Logout completed	[MsgId: MMSG-17999]
2022-08-10 17:18:03.896 : - Iteration: 21	[MsgId: MMSG-17999]
2022-08-10 17:18:03.896 :   Account: jojo2/bean2	[MsgId: MMSG-17999]
2022-08-10 17:18:04.017 :   Login completed	[MsgId: MMSG-17999]
2022-08-10 17:18:05.148 :   Logout completed	[MsgId: MMSG-17999]
2022-08-10 17:18:05.149 : - Iteration: 21	[MsgId: MMSG-17999]
2022-08-10 17:18:05.149 :   Account: jojo1/bean1	[MsgId: MMSG-17999]
2022-08-10 17:18:05.462 :   Logout completed	[MsgId: MMSG-17999]
2022-08-10 17:18:05.463 : - Iteration: 18	[MsgId: MMSG-17999]
2022-08-10 17:18:05.463 :   Account: jojo3/bean3	[MsgId: MMSG-17999]
2022-08-10 17:18:05.849 :   Logout completed	[MsgId: MMSG-17999]
2022-08-10 17:18:05.850 : - Iteration: 18	[MsgId: MMSG-17999]
2022-08-10 17:18:05.850 :   Account: jojo4/bean4	[MsgId: MMSG-17999]
2022-08-10 17:18:08.205 :   Logout completed	[MsgId: MMSG-17999]
2022-08-10 17:18:08.206 : - Iteration: 13	[MsgId: MMSG-17999]
2022-08-10 17:18:08.206 :   Account: jojo7/bean7	[MsgId: MMSG-17999]
2022-08-10 17:18:09.868 :   Logout completed	[MsgId: MMSG-17999]
2022-08-10 17:18:09.869 : - Iteration: 17	[MsgId: MMSG-17999]
2022-08-10 17:18:09.869 :   Account: jojo6/bean6	[MsgId: MMSG-17999]
2022-08-10 17:18:09.985 :   Logout completed	[MsgId: MMSG-17999]
2022-08-10 17:18:09.985 : - Iteration: 16	[MsgId: MMSG-17999]
2022-08-10 17:18:09.985 :   Account: jojo5/bean5	[MsgId: MMSG-17999]
2022-08-10 17:18:15.023 :   Login completed	[MsgId: MMSG-17999]
2022-08-10 17:18:15.494 :   Login completed	[MsgId: MMSG-17999]
2022-08-10 17:18:17.280 :   Login completed	[MsgId: MMSG-17999]
2022-08-10 17:18:18.206 :   Login completed	[MsgId: MMSG-17999]
2022-08-10 17:18:18.848 :   Login completed	[MsgId: MMSG-17999]
2022-08-10 17:18:19.303 :   Logout completed	[MsgId: MMSG-17999]
2022-08-10 17:18:19.304 : - Iteration: 22	[MsgId: MMSG-17999]
2022-08-10 17:18:19.304 :   Account: jojo2/bean2	[MsgId: MMSG-17999]
2022-08-10 17:18:19.962 :   Login completed	[MsgId: MMSG-17999]
2022-08-10 17:18:20.688 :   Logout completed	[MsgId: MMSG-17999]
2022-08-10 17:18:20.689 : - Iteration: 19	[MsgId: MMSG-17999]
2022-08-10 17:18:20.689 :   Account: jojo3/bean3	[MsgId: MMSG-17999]
2022-08-10 17:18:21.902 :   Logout completed	[MsgId: MMSG-17999]
2022-08-10 17:18:21.903 : - Iteration: 14	[MsgId: MMSG-17999]
2022-08-10 17:18:21.903 :   Account: jojo7/bean7	[MsgId: MMSG-17999]
2022-08-10 17:18:22.105 :   Logout completed	[MsgId: MMSG-17999]
2022-08-10 17:18:22.106 : - Iteration: 22	[MsgId: MMSG-17999]
2022-08-10 17:18:22.106 :   Account: jojo1/bean1	[MsgId: MMSG-17999]
2022-08-10 17:18:23.030 :   Login completed	[MsgId: MMSG-17999]
2022-08-10 17:18:24.689 :   Logout completed	[MsgId: MMSG-17999]
2022-08-10 17:18:24.690 : - Iteration: 18	[MsgId: MMSG-17999]
2022-08-10 17:18:24.690 :   Account: jojo6/bean6	[MsgId: MMSG-17999]
2022-08-10 17:18:26.313 :   Logout completed	[MsgId: MMSG-17999]
2022-08-10 17:18:26.313 : - Iteration: 19	[MsgId: MMSG-17999]
2022-08-10 17:18:26.313 :   Account: jojo4/bean4	[MsgId: MMSG-17999]
2022-08-10 17:18:29.561 :   Logout completed	[MsgId: MMSG-17999]
2022-08-10 17:18:29.562 : - Iteration: 17	[MsgId: MMSG-17999]
2022-08-10 17:18:29.562 :   Account: jojo5/bean5	[MsgId: MMSG-17999]
2022-08-10 17:18:32.079 :   Login completed	[MsgId: MMSG-17999]
2022-08-10 17:18:33.064 :   Login completed	[MsgId: MMSG-17999]
2022-08-10 17:18:33.327 :   Login completed	[MsgId: MMSG-17999]
2022-08-10 17:18:33.439 :   Login completed	[MsgId: MMSG-17999]
2022-08-10 17:18:34.078 :   Login completed	[MsgId: MMSG-17999]
2022-08-10 17:18:34.957 :   Login completed	[MsgId: MMSG-17999]
2022-08-10 17:18:38.085 :   Logout completed	[MsgId: MMSG-17999]
2022-08-10 17:18:38.087 : - Iteration: 19	[MsgId: MMSG-17999]
2022-08-10 17:18:38.087 :   Account: jojo6/bean6	[MsgId: MMSG-17999]
2022-08-10 17:18:38.182 :   Login completed	[MsgId: MMSG-17999]
2022-08-10 17:18:38.825 :   Logout completed	[MsgId: MMSG-17999]
2022-08-10 17:18:38.825 : - Iteration: 23	[MsgId: MMSG-17999]
2022-08-10 17:18:38.825 :   Account: jojo2/bean2	[MsgId: MMSG-17999]
2022-08-10 17:18:39.307 :   Logout completed	[MsgId: MMSG-17999]
2022-08-10 17:18:39.307 : - Iteration: 20	[MsgId: MMSG-17999]
2022-08-10 17:18:39.308 :   Account: jojo4/bean4	[MsgId: MMSG-17999]
2022-08-10 17:18:39.732 :   Logout completed	[MsgId: MMSG-17999]
2022-08-10 17:18:39.733 : - Iteration: 20	[MsgId: MMSG-17999]
2022-08-10 17:18:39.733 :   Account: jojo3/bean3	[MsgId: MMSG-17999]
2022-08-10 17:18:40.219 :   Logout completed	[MsgId: MMSG-17999]
2022-08-10 17:18:40.220 : - Iteration: 15	[MsgId: MMSG-17999]
2022-08-10 17:18:40.220 :   Account: jojo7/bean7	[MsgId: MMSG-17999]
2022-08-10 17:18:41.120 :   Logout completed	[MsgId: MMSG-17999]
2022-08-10 17:18:41.121 : - Iteration: 18	[MsgId: MMSG-17999]
2022-08-10 17:18:41.121 :   Account: jojo5/bean5	[MsgId: MMSG-17999]
2022-08-10 17:18:41.174 :   Logout completed	[MsgId: MMSG-17999]
2022-08-10 17:18:41.174 : - Iteration: 23	[MsgId: MMSG-17999]
2022-08-10 17:18:41.174 :   Account: jojo1/bean1	[MsgId: MMSG-17999]
2022-08-10 17:18:44.925 :   Login completed	[MsgId: MMSG-17999]
2022-08-10 17:18:45.693 :   Login completed	[MsgId: MMSG-17999]
2022-08-10 17:18:45.929 :   Login completed	[MsgId: MMSG-17999]
2022-08-10 17:18:46.428 :   Login completed	[MsgId: MMSG-17999]
2022-08-10 17:18:46.991 :   Login completed	[MsgId: MMSG-17999]
2022-08-10 17:18:49.569 :   Login completed	[MsgId: MMSG-17999]
2022-08-10 17:18:51.225 :   Logout completed	[MsgId: MMSG-17999]
2022-08-10 17:18:51.226 : - Iteration: 21	[MsgId: MMSG-17999]
2022-08-10 17:18:51.226 :   Account: jojo3/bean3	[MsgId: MMSG-17999]
2022-08-10 17:18:51.437 :   Logout completed	[MsgId: MMSG-17999]
2022-08-10 17:18:51.438 : - Iteration: 21	[MsgId: MMSG-17999]
2022-08-10 17:18:51.438 :   Account: jojo4/bean4	[MsgId: MMSG-17999]
2022-08-10 17:18:51.577 :   Logout completed	[MsgId: MMSG-17999]
2022-08-10 17:18:51.578 : - Iteration: 20	[MsgId: MMSG-17999]
2022-08-10 17:18:51.578 :   Account: jojo6/bean6	[MsgId: MMSG-17999]
2022-08-10 17:18:52.807 :   Logout completed	[MsgId: MMSG-17999]
2022-08-10 17:18:52.808 : - Iteration: 16	[MsgId: MMSG-17999]
2022-08-10 17:18:52.808 :   Account: jojo7/bean7	[MsgId: MMSG-17999]
2022-08-10 17:18:53.473 :   Login completed	[MsgId: MMSG-17999]
2022-08-10 17:18:53.738 :   Logout completed	[MsgId: MMSG-17999]
2022-08-10 17:18:53.739 : - Iteration: 19	[MsgId: MMSG-17999]
2022-08-10 17:18:53.739 :   Account: jojo5/bean5	[MsgId: MMSG-17999]
2022-08-10 17:18:54.046 :   Logout completed	[MsgId: MMSG-17999]
2022-08-10 17:18:54.046 : - Iteration: 24	[MsgId: MMSG-17999]
2022-08-10 17:18:54.047 :   Account: jojo1/bean1	[MsgId: MMSG-17999]
2022-08-10 17:18:57.377 :   Login completed	[MsgId: MMSG-17999]
2022-08-10 17:18:57.945 :   Logout completed	[MsgId: MMSG-17999]
2022-08-10 17:18:57.946 : - Iteration: 24	[MsgId: MMSG-17999]
2022-08-10 17:18:57.946 :   Account: jojo2/bean2	[MsgId: MMSG-17999]
2022-08-10 17:18:58.459 :   Login completed	[MsgId: MMSG-17999]
2022-08-10 17:19:00.283 :   Login completed	[MsgId: MMSG-17999]
2022-08-10 17:19:00.346 :   Login completed	[MsgId: MMSG-17999]
2022-08-10 17:19:01.397 :   Logout completed	[MsgId: MMSG-17999]
2022-08-10 17:19:01.397 : - Iteration: 21	[MsgId: MMSG-17999]
2022-08-10 17:19:01.397 :   Account: jojo6/bean6	[MsgId: MMSG-17999]
2022-08-10 17:19:02.454 :   Logout completed	[MsgId: MMSG-17999]
2022-08-10 17:19:02.454 : - Iteration: 17	[MsgId: MMSG-17999]
2022-08-10 17:19:02.454 :   Account: jojo7/bean7	[MsgId: MMSG-17999]
2022-08-10 17:19:04.700 :   Login completed	[MsgId: MMSG-17999]
2022-08-10 17:19:04.844 :   Login completed	[MsgId: MMSG-17999]
2022-08-10 17:19:05.611 :   Logout completed	[MsgId: MMSG-17999]
2022-08-10 17:19:05.612 : - Iteration: 20	[MsgId: MMSG-17999]
2022-08-10 17:19:05.612 :   Account: jojo5/bean5	[MsgId: MMSG-17999]
2022-08-10 17:19:06.372 :   Login completed	[MsgId: MMSG-17999]
2022-08-10 17:19:07.786 :   Logout completed	[MsgId: MMSG-17999]
2022-08-10 17:19:07.786 : - Iteration: 22	[MsgId: MMSG-17999]
2022-08-10 17:19:07.787 :   Account: jojo4/bean4	[MsgId: MMSG-17999]
2022-08-10 17:19:09.542 :   Logout completed	[MsgId: MMSG-17999]
2022-08-10 17:19:09.543 : - Iteration: 22	[MsgId: MMSG-17999]
2022-08-10 17:19:09.543 :   Account: jojo3/bean3	[MsgId: MMSG-17999]
2022-08-10 17:19:09.830 :   Logout completed	[MsgId: MMSG-17999]
2022-08-10 17:19:09.830 : - Iteration: 25	[MsgId: MMSG-17999]
2022-08-10 17:19:09.830 :   Account: jojo1/bean1	[MsgId: MMSG-17999]
2022-08-10 17:19:10.741 :   Login completed	[MsgId: MMSG-17999]
2022-08-10 17:19:11.949 :   Logout completed	[MsgId: MMSG-17999]
2022-08-10 17:19:11.950 : - Iteration: 25	[MsgId: MMSG-17999]
2022-08-10 17:19:11.950 :   Account: jojo2/bean2	[MsgId: MMSG-17999]
2022-08-10 17:19:16.994 :   Login completed	[MsgId: MMSG-17999]
2022-08-10 17:19:17.181 :   Login completed	[MsgId: MMSG-17999]
2022-08-10 17:19:17.383 :   Logout completed	[MsgId: MMSG-17999]
2022-08-10 17:19:17.383 : - Iteration: 18	[MsgId: MMSG-17999]
2022-08-10 17:19:17.384 :   Account: jojo7/bean7	[MsgId: MMSG-17999]
2022-08-10 17:19:19.565 :   Login completed	[MsgId: MMSG-17999]
2022-08-10 17:19:20.444 :   Login completed	[MsgId: MMSG-17999]
2022-08-10 17:19:20.599 :   Login completed	[MsgId: MMSG-17999]
2022-08-10 17:19:21.797 :   Logout completed	[MsgId: MMSG-17999]
2022-08-10 17:19:21.798 : - Iteration: 23	[MsgId: MMSG-17999]
2022-08-10 17:19:21.798 :   Account: jojo3/bean3	[MsgId: MMSG-17999]
2022-08-10 17:19:23.289 :   Login completed	[MsgId: MMSG-17999]
2022-08-10 17:19:23.607 :   Logout completed	[MsgId: MMSG-17999]
2022-08-10 17:19:23.608 : - Iteration: 22	[MsgId: MMSG-17999]
2022-08-10 17:19:23.608 :   Account: jojo6/bean6	[MsgId: MMSG-17999]
2022-08-10 17:19:23.653 :   Logout completed	[MsgId: MMSG-17999]
2022-08-10 17:19:23.653 : - Iteration: 21	[MsgId: MMSG-17999]
2022-08-10 17:19:23.654 :   Account: jojo5/bean5	[MsgId: MMSG-17999]
2022-08-10 17:19:26.495 :   Logout completed	[MsgId: MMSG-17999]
2022-08-10 17:19:26.496 : - Iteration: 26	[MsgId: MMSG-17999]
2022-08-10 17:19:26.496 :   Account: jojo1/bean1	[MsgId: MMSG-17999]
2022-08-10 17:19:27.035 :   Login completed	[MsgId: MMSG-17999]
2022-08-10 17:19:27.416 :   Logout completed	[MsgId: MMSG-17999]
2022-08-10 17:19:27.417 : - Iteration: 26	[MsgId: MMSG-17999]
2022-08-10 17:19:27.417 :   Account: jojo2/bean2	[MsgId: MMSG-17999]
2022-08-10 17:19:27.690 :   Logout completed	[MsgId: MMSG-17999]
2022-08-10 17:19:27.690 : - Iteration: 23	[MsgId: MMSG-17999]
2022-08-10 17:19:27.691 :   Account: jojo4/bean4	[MsgId: MMSG-17999]
2022-08-10 17:19:30.295 :   Login completed	[MsgId: MMSG-17999]
2022-08-10 17:19:34.070 :   Login completed	[MsgId: MMSG-17999]
2022-08-10 17:19:34.071 :   Login completed	[MsgId: MMSG-17999]
2022-08-10 17:19:34.117 :   Login completed	[MsgId: MMSG-17999]
2022-08-10 17:19:34.563 :   Logout completed	[MsgId: MMSG-17999]
2022-08-10 17:19:34.563 : - Iteration: 19	[MsgId: MMSG-17999]
2022-08-10 17:19:34.564 :   Account: jojo7/bean7	[MsgId: MMSG-17999]
2022-08-10 17:19:34.565 :   Logout completed	[MsgId: MMSG-17999]
2022-08-10 17:19:34.566 : - Iteration: 22	[MsgId: MMSG-17999]
2022-08-10 17:19:34.566 :   Account: jojo5/bean5	[MsgId: MMSG-17999]
2022-08-10 17:19:36.879 :   Login completed	[MsgId: MMSG-17999]
2022-08-10 17:19:38.269 :   Logout completed	[MsgId: MMSG-17999]
2022-08-10 17:19:38.270 : - Iteration: 27	[MsgId: MMSG-17999]
2022-08-10 17:19:38.270 :   Account: jojo1/bean1	[MsgId: MMSG-17999]
2022-08-10 17:19:38.536 :   Login completed	[MsgId: MMSG-17999]
2022-08-10 17:19:39.413 :   Logout completed	[MsgId: MMSG-17999]
2022-08-10 17:19:39.414 : - Iteration: 24	[MsgId: MMSG-17999]
2022-08-10 17:19:39.414 :   Account: jojo4/bean4	[MsgId: MMSG-17999]
2022-08-10 17:19:39.727 :   Logout completed	[MsgId: MMSG-17999]
2022-08-10 17:19:39.728 : - Iteration: 24	[MsgId: MMSG-17999]
2022-08-10 17:19:39.728 :   Account: jojo3/bean3	[MsgId: MMSG-17999]
2022-08-10 17:19:41.692 :   Logout completed	[MsgId: MMSG-17999]
2022-08-10 17:19:41.692 : - Iteration: 23	[MsgId: MMSG-17999]
2022-08-10 17:19:41.692 :   Account: jojo6/bean6	[MsgId: MMSG-17999]
2022-08-10 17:19:45.592 :   Login completed	[MsgId: MMSG-17999]
2022-08-10 17:19:45.873 :   Logout completed	[MsgId: MMSG-17999]
2022-08-10 17:19:45.874 : - Iteration: 27	[MsgId: MMSG-17999]
2022-08-10 17:19:45.874 :   Account: jojo2/bean2	[MsgId: MMSG-17999]
2022-08-10 17:19:46.121 :   Login completed	[MsgId: MMSG-17999]
2022-08-10 17:19:46.152 :   Login completed	[MsgId: MMSG-17999]
2022-08-10 17:19:46.936 :   Login completed	[MsgId: MMSG-17999]
2022-08-10 17:19:48.492 :   Logout completed	[MsgId: MMSG-17999]
2022-08-10 17:19:48.492 : - Iteration: 23	[MsgId: MMSG-17999]
2022-08-10 17:19:48.493 :   Account: jojo5/bean5	[MsgId: MMSG-17999]
2022-08-10 17:19:50.053 :   Login completed	[MsgId: MMSG-17999]
2022-08-10 17:19:50.264 :   Logout completed	[MsgId: MMSG-17999]
2022-08-10 17:19:50.265 : - Iteration: 28	[MsgId: MMSG-17999]
2022-08-10 17:19:50.265 :   Account: jojo1/bean1	[MsgId: MMSG-17999]
2022-08-10 17:19:51.881 :   Logout completed	[MsgId: MMSG-17999]
2022-08-10 17:19:51.883 : - Iteration: 25	[MsgId: MMSG-17999]
2022-08-10 17:19:51.883 :   Account: jojo4/bean4	[MsgId: MMSG-17999]
2022-08-10 17:19:52.114 :   Logout completed	[MsgId: MMSG-17999]
2022-08-10 17:19:52.114 : - Iteration: 20	[MsgId: MMSG-17999]
2022-08-10 17:19:52.114 :   Account: jojo7/bean7	[MsgId: MMSG-17999]
2022-08-10 17:19:52.521 :   Login completed	[MsgId: MMSG-17999]
2022-08-10 17:19:54.682 :   Login completed	[MsgId: MMSG-17999]
2022-08-10 17:19:55.281 :   Login completed	[MsgId: MMSG-17999]
2022-08-10 17:19:56.304 :   Logout completed	[MsgId: MMSG-17999]
2022-08-10 17:19:56.304 : - Iteration: 25	[MsgId: MMSG-17999]
2022-08-10 17:19:56.304 :   Account: jojo3/bean3	[MsgId: MMSG-17999]
2022-08-10 17:19:58.752 :   Logout completed	[MsgId: MMSG-17999]
2022-08-10 17:19:58.752 : - Iteration: 24	[MsgId: MMSG-17999]
2022-08-10 17:19:58.752 :   Account: jojo6/bean6	[MsgId: MMSG-17999]
2022-08-10 17:19:59.100 :   Login completed	[MsgId: MMSG-17999]
2022-08-10 17:19:59.181 :   Logout completed	[MsgId: MMSG-17999]
2022-08-10 17:19:59.182 : - Iteration: 24	[MsgId: MMSG-17999]
2022-08-10 17:19:59.182 :   Account: jojo5/bean5	[MsgId: MMSG-17999]
2022-08-10 17:20:02.932 :   Logout completed	[MsgId: MMSG-17999]
2022-08-10 17:20:02.933 : - Iteration: 28	[MsgId: MMSG-17999]
2022-08-10 17:20:02.933 :   Account: jojo2/bean2	[MsgId: MMSG-17999]
2022-08-10 17:20:03.572 :   Login completed	[MsgId: MMSG-17999]
2022-08-10 17:20:04.068 :   Logout completed	[MsgId: MMSG-17999]
2022-08-10 17:20:04.069 : - Iteration: 29	[MsgId: MMSG-17999]
2022-08-10 17:20:04.069 :   Account: jojo1/bean1	[MsgId: MMSG-17999]
2022-08-10 17:20:06.004 :   Login completed	[MsgId: MMSG-17999]
2022-08-10 17:20:06.367 :   Login completed	[MsgId: MMSG-17999]
2022-08-10 17:20:08.776 :   Logout completed	[MsgId: MMSG-17999]
2022-08-10 17:20:08.776 : - Iteration: 26	[MsgId: MMSG-17999]
2022-08-10 17:20:08.777 :   Account: jojo3/bean3	[MsgId: MMSG-17999]
2022-08-10 17:20:09.706 :   Login completed	[MsgId: MMSG-17999]
2022-08-10 17:20:10.466 :   Login completed	[MsgId: MMSG-17999]
2022-08-10 17:20:11.947 :   Logout completed	[MsgId: MMSG-17999]
2022-08-10 17:20:11.947 : - Iteration: 21	[MsgId: MMSG-17999]
2022-08-10 17:20:11.947 :   Account: jojo7/bean7	[MsgId: MMSG-17999]
2022-08-10 17:20:12.030 :   Login completed	[MsgId: MMSG-17999]
2022-08-10 17:20:12.140 :   Login completed	[MsgId: MMSG-17999]
2022-08-10 17:20:13.257 :   Logout completed	[MsgId: MMSG-17999]
2022-08-10 17:20:13.258 : - Iteration: 26	[MsgId: MMSG-17999]
2022-08-10 17:20:13.259 :   Account: jojo4/bean4	[MsgId: MMSG-17999]
2022-08-10 17:20:14.211 :   Logout completed	[MsgId: MMSG-17999]
2022-08-10 17:20:14.211 : - Iteration: 25	[MsgId: MMSG-17999]
2022-08-10 17:20:14.212 :   Account: jojo6/bean6	[MsgId: MMSG-17999]
2022-08-10 17:20:15.385 :   Logout completed	[MsgId: MMSG-17999]
2022-08-10 17:20:15.386 : - Iteration: 29	[MsgId: MMSG-17999]
2022-08-10 17:20:15.386 :   Account: jojo2/bean2	[MsgId: MMSG-17999]
2022-08-10 17:20:15.548 :   Logout completed	[MsgId: MMSG-17999]
2022-08-10 17:20:15.548 : - Iteration: 25	[MsgId: MMSG-17999]
2022-08-10 17:20:15.549 :   Account: jojo5/bean5	[MsgId: MMSG-17999]
2022-08-10 17:20:15.755 :   Logout completed	[MsgId: MMSG-17999]
2022-08-10 17:20:15.756 : - Iteration: 30	[MsgId: MMSG-17999]
2022-08-10 17:20:15.756 :   Account: jojo1/bean1	[MsgId: MMSG-17999]
2022-08-10 17:20:19.490 :   Login completed	[MsgId: MMSG-17999]
2022-08-10 17:20:21.492 :   Login completed	[MsgId: MMSG-17999]
2022-08-10 17:20:23.326 :   Logout completed	[MsgId: MMSG-17999]
2022-08-10 17:20:23.327 : - Iteration: 27	[MsgId: MMSG-17999]
2022-08-10 17:20:23.327 :   Account: jojo4/bean4	[MsgId: MMSG-17999]
2022-08-10 17:20:23.681 :   Login completed	[MsgId: MMSG-17999]
2022-08-10 17:20:24.576 :   Login completed	[MsgId: MMSG-17999]
2022-08-10 17:20:26.266 :   Logout completed	[MsgId: MMSG-17999]
2022-08-10 17:20:26.267 : - Iteration: 27	[MsgId: MMSG-17999]
2022-08-10 17:20:26.267 :   Account: jojo3/bean3	[MsgId: MMSG-17999]
2022-08-10 17:20:26.356 :   Login completed	[MsgId: MMSG-17999]
2022-08-10 17:20:26.888 :   Login completed	[MsgId: MMSG-17999]
2022-08-10 17:20:28.787 :   Login completed	[MsgId: MMSG-17999]
2022-08-10 17:20:30.090 :   Login completed	[MsgId: MMSG-17999]
2022-08-10 17:20:30.277 :   Logout completed	[MsgId: MMSG-17999]
2022-08-10 17:20:30.278 : - Iteration: 26	[MsgId: MMSG-17999]
2022-08-10 17:20:30.278 :   Account: jojo5/bean5	[MsgId: MMSG-17999]
2022-08-10 17:20:30.295 :   Logout completed	[MsgId: MMSG-17999]
2022-08-10 17:20:30.296 : - Iteration: 31	[MsgId: MMSG-17999]
2022-08-10 17:20:30.296 :   Account: jojo1/bean1	[MsgId: MMSG-17999]
2022-08-10 17:20:31.116 :   Logout completed	[MsgId: MMSG-17999]
2022-08-10 17:20:31.116 : - Iteration: 22	[MsgId: MMSG-17999]
2022-08-10 17:20:31.116 :   Account: jojo7/bean7	[MsgId: MMSG-17999]
2022-08-10 17:20:31.256 :   Logout completed	[MsgId: MMSG-17999]
2022-08-10 17:20:31.257 : - Iteration: 26	[MsgId: MMSG-17999]
2022-08-10 17:20:31.257 :   Account: jojo6/bean6	[MsgId: MMSG-17999]
2022-08-10 17:20:35.172 :   Logout completed	[MsgId: MMSG-17999]
2022-08-10 17:20:35.173 : - Iteration: 28	[MsgId: MMSG-17999]
2022-08-10 17:20:35.173 :   Account: jojo4/bean4	[MsgId: MMSG-17999]
2022-08-10 17:20:35.240 :   Logout completed	[MsgId: MMSG-17999]
2022-08-10 17:20:35.241 : - Iteration: 30	[MsgId: MMSG-17999]
2022-08-10 17:20:35.241 :   Account: jojo2/bean2	[MsgId: MMSG-17999]
2022-08-10 17:20:36.674 :   Login completed	[MsgId: MMSG-17999]
2022-08-10 17:20:38.584 :   Login completed	[MsgId: MMSG-17999]
2022-08-10 17:20:41.048 :   Login completed	[MsgId: MMSG-17999]
2022-08-10 17:20:41.967 :   Logout completed	[MsgId: MMSG-17999]
2022-08-10 17:20:41.968 : - Iteration: 27	[MsgId: MMSG-17999]
2022-08-10 17:20:41.968 :   Account: jojo5/bean5	[MsgId: MMSG-17999]
2022-08-10 17:20:44.276 :   Login completed	[MsgId: MMSG-17999]
2022-08-10 17:20:45.010 :   Logout completed	[MsgId: MMSG-17999]
2022-08-10 17:20:45.011 : - Iteration: 27	[MsgId: MMSG-17999]
2022-08-10 17:20:45.011 :   Account: jojo6/bean6	[MsgId: MMSG-17999]
2022-08-10 17:20:45.181 :   Login completed	[MsgId: MMSG-17999]
2022-08-10 17:20:46.611 :   Logout completed	[MsgId: MMSG-17999]
2022-08-10 17:20:46.612 : - Iteration: 28	[MsgId: MMSG-17999]
2022-08-10 17:20:46.612 :   Account: jojo3/bean3	[MsgId: MMSG-17999]
2022-08-10 17:20:47.400 :   Login completed	[MsgId: MMSG-17999]
2022-08-10 17:20:47.822 :   Login completed	[MsgId: MMSG-17999]
2022-08-10 17:20:48.275 :   Login completed	[MsgId: MMSG-17999]
2022-08-10 17:20:49.961 :   Logout completed	[MsgId: MMSG-17999]
2022-08-10 17:20:49.962 : - Iteration: 32	[MsgId: MMSG-17999]
2022-08-10 17:20:49.962 :   Account: jojo1/bean1	[MsgId: MMSG-17999]
2022-08-10 17:20:51.991 :   Logout completed	[MsgId: MMSG-17999]
2022-08-10 17:20:51.992 : - Iteration: 23	[MsgId: MMSG-17999]
2022-08-10 17:20:51.992 :   Account: jojo7/bean7	[MsgId: MMSG-17999]
2022-08-10 17:20:52.472 :   Login completed	[MsgId: MMSG-17999]
2022-08-10 17:20:53.273 :   Logout completed	[MsgId: MMSG-17999]
2022-08-10 17:20:53.273 : - Iteration: 29	[MsgId: MMSG-17999]
2022-08-10 17:20:53.273 :   Account: jojo4/bean4	[MsgId: MMSG-17999]
2022-08-10 17:20:55.390 :   Logout completed	[MsgId: MMSG-17999]
2022-08-10 17:20:55.391 : - Iteration: 31	[MsgId: MMSG-17999]
2022-08-10 17:20:55.391 :   Account: jojo2/bean2	[MsgId: MMSG-17999]
2022-08-10 17:20:55.574 :   Logout completed	[MsgId: MMSG-17999]
2022-08-10 17:20:55.575 : - Iteration: 28	[MsgId: MMSG-17999]
2022-08-10 17:20:55.575 :   Account: jojo5/bean5	[MsgId: MMSG-17999]
2022-08-10 17:20:56.001 :   Login completed	[MsgId: MMSG-17999]
2022-08-10 17:20:58.788 :   Logout completed	[MsgId: MMSG-17999]
2022-08-10 17:20:58.789 : - Iteration: 29	[MsgId: MMSG-17999]
2022-08-10 17:20:58.789 :   Account: jojo3/bean3	[MsgId: MMSG-17999]
2022-08-10 17:20:59.459 :   Login completed	[MsgId: MMSG-17999]
2022-08-10 17:21:01.029 :   Logout completed	[MsgId: MMSG-17999]
2022-08-10 17:21:01.029 : - Iteration: 28	[MsgId: MMSG-17999]
2022-08-10 17:21:01.030 :   Account: jojo6/bean6	[MsgId: MMSG-17999]
2022-08-10 17:21:01.564 :   Login completed	[MsgId: MMSG-17999]
2022-08-10 17:21:01.815 :   Login completed	[MsgId: MMSG-17999]
2022-08-10 17:21:03.869 :   Login completed	[MsgId: MMSG-17999]
2022-08-10 17:21:05.504 :   Logout completed	[MsgId: MMSG-17999]
2022-08-10 17:21:05.505 : - Iteration: 33	[MsgId: MMSG-17999]
2022-08-10 17:21:05.505 :   Account: jojo1/bean1	[MsgId: MMSG-17999]
2022-08-10 17:21:06.416 :   Login completed	[MsgId: MMSG-17999]
2022-08-10 17:21:07.002 :   Logout completed	[MsgId: MMSG-17999]
2022-08-10 17:21:07.003 : - Iteration: 32	[MsgId: MMSG-17999]
2022-08-10 17:21:07.003 :   Account: jojo2/bean2	[MsgId: MMSG-17999]
2022-08-10 17:21:07.986 :   Logout completed	[MsgId: MMSG-17999]
2022-08-10 17:21:07.986 : - Iteration: 29	[MsgId: MMSG-17999]
2022-08-10 17:21:07.986 :   Account: jojo5/bean5	[MsgId: MMSG-17999]
2022-08-10 17:21:08.318 :   Login completed	[MsgId: MMSG-17999]
2022-08-10 17:21:10.098 :   Logout completed	[MsgId: MMSG-17999]
2022-08-10 17:21:10.099 : - Iteration: 24	[MsgId: MMSG-17999]
2022-08-10 17:21:10.099 :   Account: jojo7/bean7	[MsgId: MMSG-17999]
2022-08-10 17:21:11.848 :   Logout completed	[MsgId: MMSG-17999]
2022-08-10 17:21:11.849 : - Iteration: 30	[MsgId: MMSG-17999]
2022-08-10 17:21:11.849 :   Account: jojo3/bean3	[MsgId: MMSG-17999]
2022-08-10 17:21:12.730 :   Login completed	[MsgId: MMSG-17999]
2022-08-10 17:21:14.318 :   Login completed	[MsgId: MMSG-17999]
2022-08-10 17:21:15.264 :   Logout completed	[MsgId: MMSG-17999]
2022-08-10 17:21:15.265 : - Iteration: 30	[MsgId: MMSG-17999]
2022-08-10 17:21:15.265 :   Account: jojo4/bean4	[MsgId: MMSG-17999]
2022-08-10 17:21:15.754 :   Login completed	[MsgId: MMSG-17999]
2022-08-10 17:21:16.286 :   Logout completed	[MsgId: MMSG-17999]
2022-08-10 17:21:16.287 : - Iteration: 29	[MsgId: MMSG-17999]
2022-08-10 17:21:16.287 :   Account: jojo6/bean6	[MsgId: MMSG-17999]
2022-08-10 17:21:19.185 :   Logout completed	[MsgId: MMSG-17999]
2022-08-10 17:21:19.186 : - Iteration: 33	[MsgId: MMSG-17999]
2022-08-10 17:21:19.186 :   Account: jojo2/bean2	[MsgId: MMSG-17999]
2022-08-10 17:21:21.008 :   Login completed	[MsgId: MMSG-17999]
2022-08-10 17:21:21.928 :   Login completed	[MsgId: MMSG-17999]
2022-08-10 17:21:21.994 :   Logout completed	[MsgId: MMSG-17999]
2022-08-10 17:21:21.995 : - Iteration: 34	[MsgId: MMSG-17999]
2022-08-10 17:21:21.995 :   Account: jojo1/bean1	[MsgId: MMSG-17999]
2022-08-10 17:21:24.858 :   Login completed	[MsgId: MMSG-17999]
2022-08-10 17:21:25.001 :   Login completed	[MsgId: MMSG-17999]
2022-08-10 17:21:26.721 :   Login completed	[MsgId: MMSG-17999]
2022-08-10 17:21:26.737 :   Login completed	[MsgId: MMSG-17999]
2022-08-10 17:21:27.907 :   Logout completed	[MsgId: MMSG-17999]
2022-08-10 17:21:27.908 : - Iteration: 30	[MsgId: MMSG-17999]
2022-08-10 17:21:27.908 :   Account: jojo5/bean5	[MsgId: MMSG-17999]
2022-08-10 17:21:29.184 :   Login completed	[MsgId: MMSG-17999]
2022-08-10 17:21:29.455 :   Logout completed	[MsgId: MMSG-17999]
2022-08-10 17:21:29.456 : - Iteration: 25	[MsgId: MMSG-17999]
2022-08-10 17:21:29.456 :   Account: jojo7/bean7	[MsgId: MMSG-17999]
2022-08-10 17:21:29.490 :   Logout completed	[MsgId: MMSG-17999]
2022-08-10 17:21:29.491 : - Iteration: 31	[MsgId: MMSG-17999]
2022-08-10 17:21:29.491 :   Account: jojo3/bean3	[MsgId: MMSG-17999]
2022-08-10 17:21:31.879 :   Logout completed	[MsgId: MMSG-17999]
2022-08-10 17:21:31.881 : - Iteration: 34	[MsgId: MMSG-17999]
2022-08-10 17:21:31.881 :   Account: jojo2/bean2	[MsgId: MMSG-17999]
2022-08-10 17:21:32.217 :   Logout completed	[MsgId: MMSG-17999]
2022-08-10 17:21:32.218 : - Iteration: 30	[MsgId: MMSG-17999]
2022-08-10 17:21:32.218 :   Account: jojo6/bean6	[MsgId: MMSG-17999]
2022-08-10 17:21:32.634 :   Logout completed	[MsgId: MMSG-17999]
2022-08-10 17:21:32.634 : - Iteration: 31	[MsgId: MMSG-17999]
2022-08-10 17:21:32.634 :   Account: jojo4/bean4	[MsgId: MMSG-17999]
2022-08-10 17:21:33.612 :   Logout completed	[MsgId: MMSG-17999]
2022-08-10 17:21:33.613 : - Iteration: 35	[MsgId: MMSG-17999]
2022-08-10 17:21:33.614 :   Account: jojo1/bean1	[MsgId: MMSG-17999]
2022-08-10 17:21:37.379 :   Login completed	[MsgId: MMSG-17999]
2022-08-10 17:21:38.676 :   Login completed	[MsgId: MMSG-17999]
2022-08-10 17:21:40.348 :   Login completed	[MsgId: MMSG-17999]
2022-08-10 17:21:41.595 :   Logout completed	[MsgId: MMSG-17999]
2022-08-10 17:21:41.596 : - Iteration: 35	[MsgId: MMSG-17999]
2022-08-10 17:21:41.596 :   Account: jojo2/bean2	[MsgId: MMSG-17999]
2022-08-10 17:21:43.341 :   Logout completed	[MsgId: MMSG-17999]
2022-08-10 17:21:43.341 : - Iteration: 31	[MsgId: MMSG-17999]
2022-08-10 17:21:43.341 :   Account: jojo5/bean5	[MsgId: MMSG-17999]
2022-08-10 17:21:43.654 :   Login completed	[MsgId: MMSG-17999]
2022-08-10 17:21:45.203 :   Login completed	[MsgId: MMSG-17999]
2022-08-10 17:21:45.250 :   Login completed	[MsgId: MMSG-17999]
2022-08-10 17:21:46.454 :   Login completed	[MsgId: MMSG-17999]
2022-08-10 17:21:47.752 :   Logout completed	[MsgId: MMSG-17999]
2022-08-10 17:21:47.753 : - Iteration: 32	[MsgId: MMSG-17999]
2022-08-10 17:21:47.753 :   Account: jojo3/bean3	[MsgId: MMSG-17999]
