Notify: search current JDK in Windows registry at(SOFTWARE\JavaSoft\Java Development Kit)	[MsgId: MMSG-22198]	[MsgId: MMSG-22986]
Notify: JDK found at C:/Program Files (x86)/Java/jdk1.8.0_211	[MsgId: MMSG-22194]	[MsgId: MMSG-22986]
2022-08-10 17:59:05.788 : URL = localhost:1080	[MsgId: MMSG-17999]
2022-08-10 17:59:05.794 : - Iteration: 1	[MsgId: MMSG-17999]
2022-08-10 17:59:05.794 :   Account: jojo1/bean1	[MsgId: MMSG-17999]
Warning! Web support not loaded: check Java-Interpreter -> UtilityExt property in mdrv.dat file	[MsgId: MMSG-17999]
2022-08-10 17:59:16.643 :   Login completed	[MsgId: MMSG-17999]
2022-08-10 17:59:20.097 : URL = localhost:1080	[MsgId: MMSG-17999]
2022-08-10 17:59:20.129 : - Iteration: 1	[MsgId: MMSG-17999]
2022-08-10 17:59:20.130 :   Account: jojo2/bean2	[MsgId: MMSG-17999]
2022-08-10 17:59:24.166 :   Logout completed	[MsgId: MMSG-17999]
2022-08-10 17:59:24.167 : - Iteration: 2	[MsgId: MMSG-17999]
2022-08-10 17:59:24.167 :   Account: jojo1/bean1	[MsgId: MMSG-17999]
2022-08-10 17:59:32.725 :   Login completed	[MsgId: MMSG-17999]
2022-08-10 17:59:35.712 :   Logout completed	[MsgId: MMSG-17999]
2022-08-10 17:59:35.712 : - Iteration: 2	[MsgId: MMSG-17999]
2022-08-10 17:59:35.713 :   Account: jojo2/bean2	[MsgId: MMSG-17999]
2022-08-10 17:59:37.917 :   Login completed	[MsgId: MMSG-17999]
2022-08-10 17:59:38.225 : URL = localhost:1080	[MsgId: MMSG-17999]
2022-08-10 17:59:38.233 : - Iteration: 1	[MsgId: MMSG-17999]
2022-08-10 17:59:38.233 :   Account: jojo3/bean3	[MsgId: MMSG-17999]
2022-08-10 17:59:41.536 :   Login completed	[MsgId: MMSG-17999]
2022-08-10 17:59:42.641 :   Logout completed	[MsgId: MMSG-17999]
2022-08-10 17:59:42.642 : - Iteration: 3	[MsgId: MMSG-17999]
2022-08-10 17:59:42.642 :   Account: jojo1/bean1	[MsgId: MMSG-17999]
2022-08-10 17:59:47.753 :   Login completed	[MsgId: MMSG-17999]
2022-08-10 17:59:48.827 :   Logout completed	[MsgId: MMSG-17999]
2022-08-10 17:59:48.828 : - Iteration: 3	[MsgId: MMSG-17999]
2022-08-10 17:59:48.828 :   Account: jojo2/bean2	[MsgId: MMSG-17999]
2022-08-10 17:59:50.876 :   Logout completed	[MsgId: MMSG-17999]
2022-08-10 17:59:50.876 : - Iteration: 2	[MsgId: MMSG-17999]
2022-08-10 17:59:50.877 :   Account: jojo3/bean3	[MsgId: MMSG-17999]
2022-08-10 17:59:50.882 :   Login completed	[MsgId: MMSG-17999]
2022-08-10 17:59:55.252 :   Login completed	[MsgId: MMSG-17999]
2022-08-10 17:59:55.292 :   Logout completed	[MsgId: MMSG-17999]
2022-08-10 17:59:55.293 : - Iteration: 4	[MsgId: MMSG-17999]
2022-08-10 17:59:55.293 :   Account: jojo1/bean1	[MsgId: MMSG-17999]
2022-08-10 17:59:56.272 : URL = localhost:1080	[MsgId: MMSG-17999]
2022-08-10 17:59:56.301 : - Iteration: 1	[MsgId: MMSG-17999]
2022-08-10 17:59:56.301 :   Account: jojo4/bean4	[MsgId: MMSG-17999]
2022-08-10 17:59:58.454 :   Logout completed	[MsgId: MMSG-17999]
2022-08-10 17:59:58.455 : - Iteration: 4	[MsgId: MMSG-17999]
2022-08-10 17:59:58.455 :   Account: jojo2/bean2	[MsgId: MMSG-17999]
2022-08-10 18:00:03.954 :   Login completed	[MsgId: MMSG-17999]
2022-08-10 18:00:06.813 :   Login completed	[MsgId: MMSG-17999]
2022-08-10 18:00:07.286 :   Login completed	[MsgId: MMSG-17999]
2022-08-10 18:00:08.839 :   Login completed	[MsgId: MMSG-17999]
2022-08-10 18:00:09.755 :   Logout completed	[MsgId: MMSG-17999]
2022-08-10 18:00:09.756 : - Iteration: 2	[MsgId: MMSG-17999]
2022-08-10 18:00:09.756 :   Account: jojo4/bean4	[MsgId: MMSG-17999]
2022-08-10 18:00:10.512 :   Logout completed	[MsgId: MMSG-17999]
2022-08-10 18:00:10.513 : - Iteration: 3	[MsgId: MMSG-17999]
2022-08-10 18:00:10.513 :   Account: jojo3/bean3	[MsgId: MMSG-17999]
2022-08-10 18:00:12.646 :   Logout completed	[MsgId: MMSG-17999]
2022-08-10 18:00:12.647 : - Iteration: 5	[MsgId: MMSG-17999]
2022-08-10 18:00:12.647 :   Account: jojo1/bean1	[MsgId: MMSG-17999]
2022-08-10 18:00:13.173 :   Logout completed	[MsgId: MMSG-17999]
2022-08-10 18:00:13.173 : - Iteration: 5	[MsgId: MMSG-17999]
2022-08-10 18:00:13.174 :   Account: jojo2/bean2	[MsgId: MMSG-17999]
2022-08-10 18:00:14.408 : URL = localhost:1080	[MsgId: MMSG-17999]
2022-08-10 18:00:14.444 : - Iteration: 1	[MsgId: MMSG-17999]
2022-08-10 18:00:14.445 :   Account: jojo5/bean5	[MsgId: MMSG-17999]
2022-08-10 18:00:20.116 :   Login completed	[MsgId: MMSG-17999]
2022-08-10 18:00:21.090 :   Login completed	[MsgId: MMSG-17999]
2022-08-10 18:00:23.389 :   Logout completed	[MsgId: MMSG-17999]
2022-08-10 18:00:23.390 : - Iteration: 3	[MsgId: MMSG-17999]
2022-08-10 18:00:23.390 :   Account: jojo4/bean4	[MsgId: MMSG-17999]
2022-08-10 18:00:24.124 :   Login completed	[MsgId: MMSG-17999]
2022-08-10 18:00:26.169 :   Login completed	[MsgId: MMSG-17999]
2022-08-10 18:00:26.169 :   Login completed	[MsgId: MMSG-17999]
2022-08-10 18:00:27.592 :   Logout completed	[MsgId: MMSG-17999]
2022-08-10 18:00:27.593 : - Iteration: 6	[MsgId: MMSG-17999]
2022-08-10 18:00:27.593 :   Account: jojo2/bean2	[MsgId: MMSG-17999]
2022-08-10 18:00:29.183 :   Logout completed	[MsgId: MMSG-17999]
2022-08-10 18:00:29.184 : - Iteration: 2	[MsgId: MMSG-17999]
2022-08-10 18:00:29.184 :   Account: jojo5/bean5	[MsgId: MMSG-17999]
2022-08-10 18:00:29.622 :   Logout completed	[MsgId: MMSG-17999]
2022-08-10 18:00:29.622 : - Iteration: 4	[MsgId: MMSG-17999]
2022-08-10 18:00:29.622 :   Account: jojo3/bean3	[MsgId: MMSG-17999]
2022-08-10 18:00:29.958 :   Logout completed	[MsgId: MMSG-17999]
2022-08-10 18:00:29.959 : - Iteration: 6	[MsgId: MMSG-17999]
2022-08-10 18:00:29.959 :   Account: jojo1/bean1	[MsgId: MMSG-17999]
2022-08-10 18:00:32.442 : URL = localhost:1080	[MsgId: MMSG-17999]
2022-08-10 18:00:32.475 : - Iteration: 1	[MsgId: MMSG-17999]
2022-08-10 18:00:32.570 :   Account: jojo6/bean6	[MsgId: MMSG-17999]
2022-08-10 18:00:34.225 :   Login completed	[MsgId: MMSG-17999]
2022-08-10 18:00:36.168 :   Login completed	[MsgId: MMSG-17999]
2022-08-10 18:00:39.370 :   Login completed	[MsgId: MMSG-17999]
2022-08-10 18:00:39.858 :   Login completed	[MsgId: MMSG-17999]
2022-08-10 18:00:40.912 :   Login completed	[MsgId: MMSG-17999]
2022-08-10 18:00:40.978 :   Logout completed	[MsgId: MMSG-17999]
2022-08-10 18:00:40.978 : - Iteration: 4	[MsgId: MMSG-17999]
2022-08-10 18:00:40.978 :   Account: jojo4/bean4	[MsgId: MMSG-17999]
2022-08-10 18:00:43.283 :   Logout completed	[MsgId: MMSG-17999]
2022-08-10 18:00:43.284 : - Iteration: 3	[MsgId: MMSG-17999]
2022-08-10 18:00:43.285 :   Account: jojo5/bean5	[MsgId: MMSG-17999]
2022-08-10 18:00:43.904 :   Logout completed	[MsgId: MMSG-17999]
2022-08-10 18:00:43.904 : - Iteration: 7	[MsgId: MMSG-17999]
2022-08-10 18:00:43.904 :   Account: jojo2/bean2	[MsgId: MMSG-17999]
2022-08-10 18:00:44.341 :   Logout completed	[MsgId: MMSG-17999]
2022-08-10 18:00:44.342 : - Iteration: 7	[MsgId: MMSG-17999]
2022-08-10 18:00:44.342 :   Account: jojo1/bean1	[MsgId: MMSG-17999]
2022-08-10 18:00:44.346 :   Login completed	[MsgId: MMSG-17999]
2022-08-10 18:00:47.555 :   Logout completed	[MsgId: MMSG-17999]
2022-08-10 18:00:47.555 : - Iteration: 2	[MsgId: MMSG-17999]
2022-08-10 18:00:47.556 :   Account: jojo6/bean6	[MsgId: MMSG-17999]
2022-08-10 18:00:48.245 :   Logout completed	[MsgId: MMSG-17999]
2022-08-10 18:00:48.246 : - Iteration: 5	[MsgId: MMSG-17999]
2022-08-10 18:00:48.247 :   Account: jojo3/bean3	[MsgId: MMSG-17999]
2022-08-10 18:00:49.926 :   Login completed	[MsgId: MMSG-17999]
2022-08-10 18:00:50.441 :   Login completed	[MsgId: MMSG-17999]
2022-08-10 18:00:50.503 : URL = localhost:1080	[MsgId: MMSG-17999]
2022-08-10 18:00:50.534 : - Iteration: 1	[MsgId: MMSG-17999]
2022-08-10 18:00:50.534 :   Account: jojo7/bean7	[MsgId: MMSG-17999]
2022-08-10 18:00:51.256 :   Login completed	[MsgId: MMSG-17999]
2022-08-10 18:00:52.841 :   Login completed	[MsgId: MMSG-17999]
2022-08-10 18:00:54.259 :   Logout completed	[MsgId: MMSG-17999]
2022-08-10 18:00:54.260 : - Iteration: 8	[MsgId: MMSG-17999]
2022-08-10 18:00:54.260 :   Account: jojo1/bean1	[MsgId: MMSG-17999]
2022-08-10 18:00:56.121 :   Logout completed	[MsgId: MMSG-17999]
2022-08-10 18:00:56.122 : - Iteration: 5	[MsgId: MMSG-17999]
2022-08-10 18:00:56.122 :   Account: jojo4/bean4	[MsgId: MMSG-17999]
2022-08-10 18:00:56.153 :   Logout completed	[MsgId: MMSG-17999]
2022-08-10 18:00:56.154 : - Iteration: 8	[MsgId: MMSG-17999]
2022-08-10 18:00:56.154 :   Account: jojo2/bean2	[MsgId: MMSG-17999]
2022-08-10 18:00:56.486 :   Login completed	[MsgId: MMSG-17999]
2022-08-10 18:00:57.763 :   Login completed	[MsgId: MMSG-17999]
2022-08-10 18:00:58.225 :   Logout completed	[MsgId: MMSG-17999]
2022-08-10 18:00:58.226 : - Iteration: 4	[MsgId: MMSG-17999]
2022-08-10 18:00:58.226 :   Account: jojo5/bean5	[MsgId: MMSG-17999]
2022-08-10 18:00:58.756 :   Login completed	[MsgId: MMSG-17999]
2022-08-10 18:00:59.882 :   Logout completed	[MsgId: MMSG-17999]
2022-08-10 18:00:59.883 : - Iteration: 2	[MsgId: MMSG-17999]
2022-08-10 18:00:59.884 :   Account: jojo7/bean7	[MsgId: MMSG-17999]
2022-08-10 18:01:02.011 :   Logout completed	[MsgId: MMSG-17999]
2022-08-10 18:01:02.012 : - Iteration: 6	[MsgId: MMSG-17999]
2022-08-10 18:01:02.012 :   Account: jojo3/bean3	[MsgId: MMSG-17999]
2022-08-10 18:01:03.419 :   Logout completed	[MsgId: MMSG-17999]
2022-08-10 18:01:03.420 : - Iteration: 3	[MsgId: MMSG-17999]
2022-08-10 18:01:03.421 :   Account: jojo6/bean6	[MsgId: MMSG-17999]
2022-08-10 18:01:04.114 :   Login completed	[MsgId: MMSG-17999]
2022-08-10 18:01:04.286 :   Login completed	[MsgId: MMSG-17999]
2022-08-10 18:01:05.632 :   Login completed	[MsgId: MMSG-17999]
2022-08-10 18:01:09.123 :   Login completed	[MsgId: MMSG-17999]
2022-08-10 18:01:09.934 :   Logout completed	[MsgId: MMSG-17999]
2022-08-10 18:01:09.935 : - Iteration: 9	[MsgId: MMSG-17999]
2022-08-10 18:01:09.935 :   Account: jojo2/bean2	[MsgId: MMSG-17999]
2022-08-10 18:01:10.219 :   Login completed	[MsgId: MMSG-17999]
2022-08-10 18:01:10.429 :   Logout completed	[MsgId: MMSG-17999]
2022-08-10 18:01:10.430 : - Iteration: 9	[MsgId: MMSG-17999]
2022-08-10 18:01:10.430 :   Account: jojo1/bean1	[MsgId: MMSG-17999]
2022-08-10 18:01:10.447 :   Logout completed	[MsgId: MMSG-17999]
2022-08-10 18:01:10.447 : - Iteration: 5	[MsgId: MMSG-17999]
2022-08-10 18:01:10.448 :   Account: jojo5/bean5	[MsgId: MMSG-17999]
2022-08-10 18:01:10.471 :   Login completed	[MsgId: MMSG-17999]
2022-08-10 18:01:11.959 :   Login completed	[MsgId: MMSG-17999]
2022-08-10 18:01:14.745 :   Logout completed	[MsgId: MMSG-17999]
2022-08-10 18:01:14.746 : - Iteration: 7	[MsgId: MMSG-17999]
2022-08-10 18:01:14.746 :   Account: jojo3/bean3	[MsgId: MMSG-17999]
2022-08-10 18:01:14.758 :   Logout completed	[MsgId: MMSG-17999]
2022-08-10 18:01:14.759 : - Iteration: 6	[MsgId: MMSG-17999]
2022-08-10 18:01:14.759 :   Account: jojo4/bean4	[MsgId: MMSG-17999]
2022-08-10 18:01:15.112 :   Logout completed	[MsgId: MMSG-17999]
2022-08-10 18:01:15.113 : - Iteration: 3	[MsgId: MMSG-17999]
2022-08-10 18:01:15.113 :   Account: jojo7/bean7	[MsgId: MMSG-17999]
2022-08-10 18:01:16.208 :   Logout completed	[MsgId: MMSG-17999]
2022-08-10 18:01:16.208 : - Iteration: 4	[MsgId: MMSG-17999]
2022-08-10 18:01:16.209 :   Account: jojo6/bean6	[MsgId: MMSG-17999]
2022-08-10 18:01:17.023 :   Login completed	[MsgId: MMSG-17999]
2022-08-10 18:01:21.504 :   Logout completed	[MsgId: MMSG-17999]
2022-08-10 18:01:21.505 : - Iteration: 10	[MsgId: MMSG-17999]
2022-08-10 18:01:21.505 :   Account: jojo1/bean1	[MsgId: MMSG-17999]
2022-08-10 18:01:23.737 :   Login completed	[MsgId: MMSG-17999]
2022-08-10 18:01:24.003 :   Login completed	[MsgId: MMSG-17999]
2022-08-10 18:01:26.590 :   Logout completed	[MsgId: MMSG-17999]
2022-08-10 18:01:26.590 : - Iteration: 10	[MsgId: MMSG-17999]
2022-08-10 18:01:26.591 :   Account: jojo2/bean2	[MsgId: MMSG-17999]
2022-08-10 18:01:26.780 :   Logout completed	[MsgId: MMSG-17999]
2022-08-10 18:01:26.781 : - Iteration: 6	[MsgId: MMSG-17999]
2022-08-10 18:01:26.781 :   Account: jojo5/bean5	[MsgId: MMSG-17999]
2022-08-10 18:01:27.580 :   Login completed	[MsgId: MMSG-17999]
2022-08-10 18:01:27.875 :   Login completed	[MsgId: MMSG-17999]
2022-08-10 18:01:28.413 :   Login completed	[MsgId: MMSG-17999]
2022-08-10 18:01:28.531 :   Login completed	[MsgId: MMSG-17999]
2022-08-10 18:01:28.642 :   Login completed	[MsgId: MMSG-17999]
2022-08-10 18:01:31.364 :   Logout completed	[MsgId: MMSG-17999]
2022-08-10 18:01:31.905 :   Logout completed	[MsgId: MMSG-17999]
2022-08-10 18:01:33.730 :   Logout completed	[MsgId: MMSG-17999]
2022-08-10 18:01:34.262 :   Login completed	[MsgId: MMSG-17999]
2022-08-10 18:01:34.904 :   Login completed	[MsgId: MMSG-17999]
2022-08-10 18:01:35.311 :   Logout completed	[MsgId: MMSG-17999]
2022-08-10 18:01:35.435 :   Logout completed	[MsgId: MMSG-17999]
2022-08-10 18:01:37.702 :   Logout completed	[MsgId: MMSG-17999]
2022-08-10 18:01:39.925 :   Logout completed	[MsgId: MMSG-17999]
