Notify: search current JDK in Windows registry at(SOFTWARE\JavaSoft\Java Development Kit)	[MsgId: MMSG-22198]	[MsgId: MMSG-22986]
Notify: JDK found at C:/Program Files (x86)/Java/jdk1.8.0_211	[MsgId: MMSG-22194]	[MsgId: MMSG-22986]
2022-08-10 17:44:51.754 : URL = localhost:1080	[MsgId: MMSG-17999]
2022-08-10 17:44:51.770 : - Iteration: 1	[MsgId: MMSG-17999]
2022-08-10 17:44:51.770 :   Account: jojo1/bean1	[MsgId: MMSG-17999]
Warning! Web support not loaded: check Java-Interpreter -> UtilityExt property in mdrv.dat file	[MsgId: MMSG-17999]
2022-08-10 17:44:59.443 :   Login completed	[MsgId: MMSG-17999]
2022-08-10 17:45:02.755 : URL = localhost:1080	[MsgId: MMSG-17999]
2022-08-10 17:45:02.779 : - Iteration: 1	[MsgId: MMSG-17999]
2022-08-10 17:45:02.779 :   Account: jojo2/bean2	[MsgId: MMSG-17999]
2022-08-10 17:45:06.353 :   Logout completed	[MsgId: MMSG-17999]
2022-08-10 17:45:06.354 : - Iteration: 2	[MsgId: MMSG-17999]
2022-08-10 17:45:06.354 :   Account: jojo1/bean1	[MsgId: MMSG-17999]
2022-08-10 17:45:10.469 :   Login completed	[MsgId: MMSG-17999]
2022-08-10 17:45:15.287 :   Login completed	[MsgId: MMSG-17999]
2022-08-10 17:45:17.459 :   Logout completed	[MsgId: MMSG-17999]
2022-08-10 17:45:17.460 : - Iteration: 2	[MsgId: MMSG-17999]
2022-08-10 17:45:17.460 :   Account: jojo2/bean2	[MsgId: MMSG-17999]
2022-08-10 17:45:20.931 : URL = localhost:1080	[MsgId: MMSG-17999]
2022-08-10 17:45:20.963 : - Iteration: 1	[MsgId: MMSG-17999]
2022-08-10 17:45:20.964 :   Account: jojo3/bean3	[MsgId: MMSG-17999]
2022-08-10 17:45:21.493 :   Logout completed	[MsgId: MMSG-17999]
2022-08-10 17:45:21.493 : - Iteration: 3	[MsgId: MMSG-17999]
2022-08-10 17:45:21.494 :   Account: jojo1/bean1	[MsgId: MMSG-17999]
2022-08-10 17:45:32.969 :   Login completed	[MsgId: MMSG-17999]
2022-08-10 17:45:33.753 :   Login completed	[MsgId: MMSG-17999]
2022-08-10 17:45:36.861 :   Login completed	[MsgId: MMSG-17999]
2022-08-10 17:45:38.594 :   Logout completed	[MsgId: MMSG-17999]
2022-08-10 17:45:38.595 : - Iteration: 2	[MsgId: MMSG-17999]
2022-08-10 17:45:38.596 :   Account: jojo3/bean3	[MsgId: MMSG-17999]
2022-08-10 17:45:39.000 : URL = localhost:1080	[MsgId: MMSG-17999]
2022-08-10 17:45:39.031 : - Iteration: 1	[MsgId: MMSG-17999]
2022-08-10 17:45:39.032 :   Account: jojo4/bean4	[MsgId: MMSG-17999]
2022-08-10 17:45:39.664 :   Logout completed	[MsgId: MMSG-17999]
2022-08-10 17:45:39.665 : - Iteration: 3	[MsgId: MMSG-17999]
2022-08-10 17:45:39.665 :   Account: jojo2/bean2	[MsgId: MMSG-17999]
2022-08-10 17:45:41.679 :   Logout completed	[MsgId: MMSG-17999]
2022-08-10 17:45:41.680 : - Iteration: 4	[MsgId: MMSG-17999]
2022-08-10 17:45:41.680 :   Account: jojo1/bean1	[MsgId: MMSG-17999]
2022-08-10 17:45:47.017 :   Login completed	[MsgId: MMSG-17999]
2022-08-10 17:45:47.173 :   Login completed	[MsgId: MMSG-17999]
2022-08-10 17:45:47.814 :   Login completed	[MsgId: MMSG-17999]
2022-08-10 17:45:49.143 :   Login completed	[MsgId: MMSG-17999]
2022-08-10 17:45:51.694 :   Logout completed	[MsgId: MMSG-17999]
2022-08-10 17:45:51.695 : - Iteration: 3	[MsgId: MMSG-17999]
2022-08-10 17:45:51.696 :   Account: jojo3/bean3	[MsgId: MMSG-17999]
2022-08-10 17:45:52.699 :   Logout completed	[MsgId: MMSG-17999]
2022-08-10 17:45:52.699 : - Iteration: 2	[MsgId: MMSG-17999]
2022-08-10 17:45:52.699 :   Account: jojo4/bean4	[MsgId: MMSG-17999]
2022-08-10 17:45:52.799 :   Logout completed	[MsgId: MMSG-17999]
2022-08-10 17:45:52.800 : - Iteration: 4	[MsgId: MMSG-17999]
2022-08-10 17:45:52.800 :   Account: jojo2/bean2	[MsgId: MMSG-17999]
2022-08-10 17:45:55.088 :   Logout completed	[MsgId: MMSG-17999]
2022-08-10 17:45:55.089 : - Iteration: 5	[MsgId: MMSG-17999]
2022-08-10 17:45:55.089 :   Account: jojo1/bean1	[MsgId: MMSG-17999]
2022-08-10 17:45:57.047 : URL = localhost:1080	[MsgId: MMSG-17999]
2022-08-10 17:45:57.065 : - Iteration: 1	[MsgId: MMSG-17999]
2022-08-10 17:45:57.065 :   Account: jojo5/bean5	[MsgId: MMSG-17999]
2022-08-10 17:46:02.824 :   Login completed	[MsgId: MMSG-17999]
2022-08-10 17:46:08.246 :   Login completed	[MsgId: MMSG-17999]
2022-08-10 17:46:08.274 :   Login completed	[MsgId: MMSG-17999]
2022-08-10 17:46:08.851 :   Login completed	[MsgId: MMSG-17999]
2022-08-10 17:46:08.966 :   Logout completed	[MsgId: MMSG-17999]
2022-08-10 17:46:08.971 : - Iteration: 4	[MsgId: MMSG-17999]
2022-08-10 17:46:08.971 :   Account: jojo3/bean3	[MsgId: MMSG-17999]
2022-08-10 17:46:10.089 :   Login completed	[MsgId: MMSG-17999]
2022-08-10 17:46:11.306 :   Logout completed	[MsgId: MMSG-17999]
2022-08-10 17:46:11.307 : - Iteration: 5	[MsgId: MMSG-17999]
2022-08-10 17:46:11.307 :   Account: jojo2/bean2	[MsgId: MMSG-17999]
2022-08-10 17:46:12.046 :   Logout completed	[MsgId: MMSG-17999]
2022-08-10 17:46:12.047 : - Iteration: 3	[MsgId: MMSG-17999]
2022-08-10 17:46:12.047 :   Account: jojo4/bean4	[MsgId: MMSG-17999]
2022-08-10 17:46:12.958 :   Logout completed	[MsgId: MMSG-17999]
2022-08-10 17:46:12.959 : - Iteration: 6	[MsgId: MMSG-17999]
2022-08-10 17:46:12.959 :   Account: jojo1/bean1	[MsgId: MMSG-17999]
2022-08-10 17:46:14.609 :   Logout completed	[MsgId: MMSG-17999]
2022-08-10 17:46:14.609 : - Iteration: 2	[MsgId: MMSG-17999]
2022-08-10 17:46:14.610 :   Account: jojo5/bean5	[MsgId: MMSG-17999]
2022-08-10 17:46:15.205 : URL = localhost:1080	[MsgId: MMSG-17999]
2022-08-10 17:46:15.241 : - Iteration: 1	[MsgId: MMSG-17999]
2022-08-10 17:46:15.374 :   Account: jojo6/bean6	[MsgId: MMSG-17999]
2022-08-10 17:46:19.398 :   Login completed	[MsgId: MMSG-17999]
2022-08-10 17:46:22.267 :   Login completed	[MsgId: MMSG-17999]
2022-08-10 17:46:24.038 :   Login completed	[MsgId: MMSG-17999]
2022-08-10 17:46:24.649 :   Logout completed	[MsgId: MMSG-17999]
2022-08-10 17:46:24.650 : - Iteration: 5	[MsgId: MMSG-17999]
2022-08-10 17:46:24.650 :   Account: jojo3/bean3	[MsgId: MMSG-17999]
2022-08-10 17:46:27.130 :   Login completed	[MsgId: MMSG-17999]
2022-08-10 17:46:28.071 :   Login completed	[MsgId: MMSG-17999]
2022-08-10 17:46:28.255 :   Logout completed	[MsgId: MMSG-17999]
2022-08-10 17:46:28.255 : - Iteration: 6	[MsgId: MMSG-17999]
2022-08-10 17:46:28.255 :   Account: jojo2/bean2	[MsgId: MMSG-17999]
2022-08-10 17:46:28.659 :   Login completed	[MsgId: MMSG-17999]
2022-08-10 17:46:31.143 :   Login completed	[MsgId: MMSG-17999]
2022-08-10 17:46:31.621 :   Logout completed	[MsgId: MMSG-17999]
2022-08-10 17:46:31.621 : - Iteration: 7	[MsgId: MMSG-17999]
2022-08-10 17:46:31.622 :   Account: jojo1/bean1	[MsgId: MMSG-17999]
2022-08-10 17:46:33.208 :   Logout completed	[MsgId: MMSG-17999]
2022-08-10 17:46:33.209 : - Iteration: 3	[MsgId: MMSG-17999]
2022-08-10 17:46:33.209 :   Account: jojo5/bean5	[MsgId: MMSG-17999]
2022-08-10 17:46:33.248 : URL = localhost:1080	[MsgId: MMSG-17999]
2022-08-10 17:46:33.286 : - Iteration: 1	[MsgId: MMSG-17999]
2022-08-10 17:46:33.286 :   Account: jojo7/bean7	[MsgId: MMSG-17999]
2022-08-10 17:46:34.898 :   Logout completed	[MsgId: MMSG-17999]
2022-08-10 17:46:34.898 : - Iteration: 4	[MsgId: MMSG-17999]
2022-08-10 17:46:34.899 :   Account: jojo4/bean4	[MsgId: MMSG-17999]
2022-08-10 17:46:34.958 :   Logout completed	[MsgId: MMSG-17999]
2022-08-10 17:46:34.959 : - Iteration: 2	[MsgId: MMSG-17999]
2022-08-10 17:46:34.959 :   Account: jojo6/bean6	[MsgId: MMSG-17999]
2022-08-10 17:46:38.805 :   Logout completed	[MsgId: MMSG-17999]
2022-08-10 17:46:38.806 : - Iteration: 6	[MsgId: MMSG-17999]
2022-08-10 17:46:38.806 :   Account: jojo3/bean3	[MsgId: MMSG-17999]
2022-08-10 17:46:40.458 :   Login completed	[MsgId: MMSG-17999]
2022-08-10 17:46:42.266 :   Login completed	[MsgId: MMSG-17999]
2022-08-10 17:46:43.838 :   Login completed	[MsgId: MMSG-17999]
2022-08-10 17:46:45.400 :   Login completed	[MsgId: MMSG-17999]
2022-08-10 17:46:46.759 :   Logout completed	[MsgId: MMSG-17999]
2022-08-10 17:46:46.760 : - Iteration: 8	[MsgId: MMSG-17999]
2022-08-10 17:46:46.760 :   Account: jojo1/bean1	[MsgId: MMSG-17999]
2022-08-10 17:46:46.850 :   Logout completed	[MsgId: MMSG-17999]
2022-08-10 17:46:46.850 : - Iteration: 4	[MsgId: MMSG-17999]
2022-08-10 17:46:46.850 :   Account: jojo5/bean5	[MsgId: MMSG-17999]
2022-08-10 17:46:48.788 :   Login completed	[MsgId: MMSG-17999]
2022-08-10 17:46:48.788 :   Login completed	[MsgId: MMSG-17999]
2022-08-10 17:46:48.979 :   Logout completed	[MsgId: MMSG-17999]
2022-08-10 17:46:48.979 : - Iteration: 7	[MsgId: MMSG-17999]
2022-08-10 17:46:48.979 :   Account: jojo2/bean2	[MsgId: MMSG-17999]
2022-08-10 17:46:49.510 :   Login completed	[MsgId: MMSG-17999]
2022-08-10 17:46:49.939 :   Logout completed	[MsgId: MMSG-17999]
2022-08-10 17:46:49.939 : - Iteration: 5	[MsgId: MMSG-17999]
2022-08-10 17:46:49.939 :   Account: jojo4/bean4	[MsgId: MMSG-17999]
2022-08-10 17:46:54.153 :   Logout completed	[MsgId: MMSG-17999]
2022-08-10 17:46:54.154 : - Iteration: 7	[MsgId: MMSG-17999]
2022-08-10 17:46:54.154 :   Account: jojo3/bean3	[MsgId: MMSG-17999]
2022-08-10 17:46:55.092 :   Logout completed	[MsgId: MMSG-17999]
2022-08-10 17:46:55.093 : - Iteration: 3	[MsgId: MMSG-17999]
2022-08-10 17:46:55.094 :   Account: jojo6/bean6	[MsgId: MMSG-17999]
2022-08-10 17:46:56.207 :   Logout completed	[MsgId: MMSG-17999]
2022-08-10 17:46:56.208 : - Iteration: 2	[MsgId: MMSG-17999]
2022-08-10 17:46:56.208 :   Account: jojo7/bean7	[MsgId: MMSG-17999]
2022-08-10 17:46:58.401 :   Login completed	[MsgId: MMSG-17999]
2022-08-10 17:46:59.174 :   Login completed	[MsgId: MMSG-17999]
2022-08-10 17:47:01.442 :   Logout completed	[MsgId: MMSG-17999]
2022-08-10 17:47:01.654 :   Login completed	[MsgId: MMSG-17999]
