Notify: search current JDK in Windows registry at(SOFTWARE\JavaSoft\Java Development Kit)	[MsgId: MMSG-22198]	[MsgId: MMSG-22986]
Notify: JDK found at C:/Program Files (x86)/Java/jdk1.8.0_211	[MsgId: MMSG-22194]	[MsgId: MMSG-22986]
2022-08-10 17:53:13.400 : URL = localhost:1080	[MsgId: MMSG-17999]
2022-08-10 17:53:13.426 : - Iteration: 1	[MsgId: MMSG-17999]
2022-08-10 17:53:13.426 :   Account: jojo1/bean1	[MsgId: MMSG-17999]
Warning! Web support not loaded: check Java-Interpreter -> UtilityExt property in mdrv.dat file	[MsgId: MMSG-17999]
2022-08-10 17:53:20.802 :   Login completed	[MsgId: MMSG-17999]
2022-08-10 17:53:24.939 :   Logout completed	[MsgId: MMSG-17999]
2022-08-10 17:53:24.940 : - Iteration: 2	[MsgId: MMSG-17999]
2022-08-10 17:53:24.940 :   Account: jojo1/bean1	[MsgId: MMSG-17999]
2022-08-10 17:53:28.535 : URL = localhost:1080	[MsgId: MMSG-17999]
2022-08-10 17:53:28.564 : - Iteration: 1	[MsgId: MMSG-17999]
2022-08-10 17:53:28.565 :   Account: jojo2/bean2	[MsgId: MMSG-17999]
2022-08-10 17:53:35.777 :   Login completed	[MsgId: MMSG-17999]
2022-08-10 17:53:37.700 :   Login completed	[MsgId: MMSG-17999]
2022-08-10 17:53:40.369 :   Logout completed	[MsgId: MMSG-17999]
2022-08-10 17:53:40.370 : - Iteration: 2	[MsgId: MMSG-17999]
2022-08-10 17:53:40.371 :   Account: jojo2/bean2	[MsgId: MMSG-17999]
2022-08-10 17:53:43.070 :   Logout completed	[MsgId: MMSG-17999]
2022-08-10 17:53:43.071 : - Iteration: 3	[MsgId: MMSG-17999]
2022-08-10 17:53:43.071 :   Account: jojo1/bean1	[MsgId: MMSG-17999]
2022-08-10 17:53:46.573 : URL = localhost:1080	[MsgId: MMSG-17999]
2022-08-10 17:53:46.604 : - Iteration: 1	[MsgId: MMSG-17999]
2022-08-10 17:53:46.604 :   Account: jojo3/bean3	[MsgId: MMSG-17999]
2022-08-10 17:53:51.203 :   Login completed	[MsgId: MMSG-17999]
2022-08-10 17:53:54.029 :   Login completed	[MsgId: MMSG-17999]
2022-08-10 17:53:54.186 :   Login completed	[MsgId: MMSG-17999]
2022-08-10 17:53:58.189 :   Logout completed	[MsgId: MMSG-17999]
2022-08-10 17:53:58.190 : - Iteration: 3	[MsgId: MMSG-17999]
2022-08-10 17:53:58.190 :   Account: jojo2/bean2	[MsgId: MMSG-17999]
2022-08-10 17:54:00.529 :   Logout completed	[MsgId: MMSG-17999]
2022-08-10 17:54:00.530 : - Iteration: 2	[MsgId: MMSG-17999]
2022-08-10 17:54:00.530 :   Account: jojo3/bean3	[MsgId: MMSG-17999]
2022-08-10 17:54:01.137 :   Logout completed	[MsgId: MMSG-17999]
2022-08-10 17:54:01.138 : - Iteration: 4	[MsgId: MMSG-17999]
2022-08-10 17:54:01.138 :   Account: jojo1/bean1	[MsgId: MMSG-17999]
2022-08-10 17:54:04.672 : URL = localhost:1080	[MsgId: MMSG-17999]
2022-08-10 17:54:04.714 : - Iteration: 1	[MsgId: MMSG-17999]
2022-08-10 17:54:04.714 :   Account: jojo4/bean4	[MsgId: MMSG-17999]
2022-08-10 17:54:06.277 :   Login completed	[MsgId: MMSG-17999]
2022-08-10 17:54:11.641 :   Logout completed	[MsgId: MMSG-17999]
2022-08-10 17:54:11.641 : - Iteration: 4	[MsgId: MMSG-17999]
2022-08-10 17:54:11.641 :   Account: jojo2/bean2	[MsgId: MMSG-17999]
2022-08-10 17:54:12.803 :   Login completed	[MsgId: MMSG-17999]
2022-08-10 17:54:13.436 :   Login completed	[MsgId: MMSG-17999]
2022-08-10 17:54:14.943 :   Login completed	[MsgId: MMSG-17999]
2022-08-10 17:54:17.926 :   Logout completed	[MsgId: MMSG-17999]
2022-08-10 17:54:17.927 : - Iteration: 2	[MsgId: MMSG-17999]
2022-08-10 17:54:17.927 :   Account: jojo4/bean4	[MsgId: MMSG-17999]
2022-08-10 17:54:20.211 :   Logout completed	[MsgId: MMSG-17999]
2022-08-10 17:54:20.211 : - Iteration: 5	[MsgId: MMSG-17999]
2022-08-10 17:54:20.211 :   Account: jojo1/bean1	[MsgId: MMSG-17999]
2022-08-10 17:54:22.557 :   Logout completed	[MsgId: MMSG-17999]
2022-08-10 17:54:22.559 : - Iteration: 3	[MsgId: MMSG-17999]
2022-08-10 17:54:22.559 :   Account: jojo3/bean3	[MsgId: MMSG-17999]
2022-08-10 17:54:22.703 : URL = localhost:1080	[MsgId: MMSG-17999]
2022-08-10 17:54:22.722 : - Iteration: 1	[MsgId: MMSG-17999]
2022-08-10 17:54:22.722 :   Account: jojo5/bean5	[MsgId: MMSG-17999]
2022-08-10 17:54:23.453 :   Login completed	[MsgId: MMSG-17999]
2022-08-10 17:54:27.228 :   Login completed	[MsgId: MMSG-17999]
2022-08-10 17:54:29.323 :   Logout completed	[MsgId: MMSG-17999]
2022-08-10 17:54:29.328 : - Iteration: 5	[MsgId: MMSG-17999]
2022-08-10 17:54:29.329 :   Account: jojo2/bean2	[MsgId: MMSG-17999]
2022-08-10 17:54:31.639 :   Login completed	[MsgId: MMSG-17999]
2022-08-10 17:54:31.804 :   Logout completed	[MsgId: MMSG-17999]
2022-08-10 17:54:31.805 : - Iteration: 3	[MsgId: MMSG-17999]
2022-08-10 17:54:31.806 :   Account: jojo4/bean4	[MsgId: MMSG-17999]
2022-08-10 17:54:32.970 :   Login completed	[MsgId: MMSG-17999]
2022-08-10 17:54:35.046 :   Login completed	[MsgId: MMSG-17999]
2022-08-10 17:54:38.146 :   Logout completed	[MsgId: MMSG-17999]
2022-08-10 17:54:38.147 : - Iteration: 4	[MsgId: MMSG-17999]
2022-08-10 17:54:38.147 :   Account: jojo3/bean3	[MsgId: MMSG-17999]
2022-08-10 17:54:38.188 :   Logout completed	[MsgId: MMSG-17999]
2022-08-10 17:54:38.189 : - Iteration: 2	[MsgId: MMSG-17999]
2022-08-10 17:54:38.189 :   Account: jojo5/bean5	[MsgId: MMSG-17999]
2022-08-10 17:54:39.049 :   Logout completed	[MsgId: MMSG-17999]
2022-08-10 17:54:39.049 : - Iteration: 6	[MsgId: MMSG-17999]
2022-08-10 17:54:39.049 :   Account: jojo1/bean1	[MsgId: MMSG-17999]
2022-08-10 17:54:39.879 :   Login completed	[MsgId: MMSG-17999]
2022-08-10 17:54:40.783 : URL = localhost:1080	[MsgId: MMSG-17999]
2022-08-10 17:54:40.800 : - Iteration: 1	[MsgId: MMSG-17999]
2022-08-10 17:54:40.920 :   Account: jojo6/bean6	[MsgId: MMSG-17999]
2022-08-10 17:54:43.258 :   Login completed	[MsgId: MMSG-17999]
2022-08-10 17:54:43.650 :   Logout completed	[MsgId: MMSG-17999]
2022-08-10 17:54:43.651 : - Iteration: 6	[MsgId: MMSG-17999]
2022-08-10 17:54:43.652 :   Account: jojo2/bean2	[MsgId: MMSG-17999]
2022-08-10 17:54:48.536 :   Logout completed	[MsgId: MMSG-17999]
2022-08-10 17:54:48.537 : - Iteration: 4	[MsgId: MMSG-17999]
2022-08-10 17:54:48.537 :   Account: jojo4/bean4	[MsgId: MMSG-17999]
2022-08-10 17:54:48.694 :   Login completed	[MsgId: MMSG-17999]
2022-08-10 17:54:48.915 :   Login completed	[MsgId: MMSG-17999]
2022-08-10 17:54:49.448 :   Login completed	[MsgId: MMSG-17999]
2022-08-10 17:54:50.487 :   Login completed	[MsgId: MMSG-17999]
2022-08-10 17:54:52.299 :   Logout completed	[MsgId: MMSG-17999]
2022-08-10 17:54:52.300 : - Iteration: 5	[MsgId: MMSG-17999]
2022-08-10 17:54:52.300 :   Account: jojo3/bean3	[MsgId: MMSG-17999]
2022-08-10 17:54:52.364 :   Login completed	[MsgId: MMSG-17999]
2022-08-10 17:54:53.381 :   Logout completed	[MsgId: MMSG-17999]
2022-08-10 17:54:53.382 : - Iteration: 3	[MsgId: MMSG-17999]
2022-08-10 17:54:53.382 :   Account: jojo5/bean5	[MsgId: MMSG-17999]
2022-08-10 17:54:54.387 :   Login completed	[MsgId: MMSG-17999]
2022-08-10 17:54:55.029 :   Logout completed	[MsgId: MMSG-17999]
2022-08-10 17:54:55.030 : - Iteration: 2	[MsgId: MMSG-17999]
2022-08-10 17:54:55.030 :   Account: jojo6/bean6	[MsgId: MMSG-17999]
2022-08-10 17:54:55.054 :   Logout completed	[MsgId: MMSG-17999]
2022-08-10 17:54:55.055 : - Iteration: 7	[MsgId: MMSG-17999]
2022-08-10 17:54:55.055 :   Account: jojo1/bean1	[MsgId: MMSG-17999]
2022-08-10 17:54:56.905 :   Logout completed	[MsgId: MMSG-17999]
2022-08-10 17:54:56.906 : - Iteration: 7	[MsgId: MMSG-17999]
2022-08-10 17:54:56.906 :   Account: jojo2/bean2	[MsgId: MMSG-17999]
2022-08-10 17:54:58.879 : URL = localhost:1080	[MsgId: MMSG-17999]
2022-08-10 17:54:58.916 : - Iteration: 1	[MsgId: MMSG-17999]
2022-08-10 17:54:58.916 :   Account: jojo7/bean7	[MsgId: MMSG-17999]
2022-08-10 17:55:00.543 :   Logout completed	[MsgId: MMSG-17999]
2022-08-10 17:55:00.544 : - Iteration: 5	[MsgId: MMSG-17999]
2022-08-10 17:55:00.544 :   Account: jojo4/bean4	[MsgId: MMSG-17999]
2022-08-10 17:55:00.996 :   Login completed	[MsgId: MMSG-17999]
2022-08-10 17:55:03.983 :   Login completed	[MsgId: MMSG-17999]
2022-08-10 17:55:05.127 :   Logout completed	[MsgId: MMSG-17999]
2022-08-10 17:55:05.128 : - Iteration: 3	[MsgId: MMSG-17999]
2022-08-10 17:55:05.128 :   Account: jojo6/bean6	[MsgId: MMSG-17999]
2022-08-10 17:55:05.142 :   Login completed	[MsgId: MMSG-17999]
2022-08-10 17:55:08.352 :   Login completed	[MsgId: MMSG-17999]
2022-08-10 17:55:09.780 :   Logout completed	[MsgId: MMSG-17999]
2022-08-10 17:55:09.780 : - Iteration: 4	[MsgId: MMSG-17999]
2022-08-10 17:55:09.780 :   Account: jojo5/bean5	[MsgId: MMSG-17999]
2022-08-10 17:55:10.809 :   Logout completed	[MsgId: MMSG-17999]
2022-08-10 17:55:10.810 : - Iteration: 6	[MsgId: MMSG-17999]
2022-08-10 17:55:10.810 :   Account: jojo3/bean3	[MsgId: MMSG-17999]
2022-08-10 17:55:12.419 :   Login completed	[MsgId: MMSG-17999]
2022-08-10 17:55:13.170 :   Logout completed	[MsgId: MMSG-17999]
2022-08-10 17:55:13.171 : - Iteration: 8	[MsgId: MMSG-17999]
2022-08-10 17:55:13.171 :   Account: jojo1/bean1	[MsgId: MMSG-17999]
2022-08-10 17:55:13.219 :   Login completed	[MsgId: MMSG-17999]
2022-08-10 17:55:13.532 :   Login completed	[MsgId: MMSG-17999]
2022-08-10 17:55:17.412 :   Logout completed	[MsgId: MMSG-17999]
2022-08-10 17:55:17.413 : - Iteration: 8	[MsgId: MMSG-17999]
2022-08-10 17:55:17.413 :   Account: jojo2/bean2	[MsgId: MMSG-17999]
2022-08-10 17:55:17.852 :   Logout completed	[MsgId: MMSG-17999]
2022-08-10 17:55:17.853 : - Iteration: 6	[MsgId: MMSG-17999]
2022-08-10 17:55:17.853 :   Account: jojo4/bean4	[MsgId: MMSG-17999]
2022-08-10 17:55:17.923 :   Logout completed	[MsgId: MMSG-17999]
2022-08-10 17:55:17.924 : - Iteration: 2	[MsgId: MMSG-17999]
2022-08-10 17:55:17.924 :   Account: jojo7/bean7	[MsgId: MMSG-17999]
2022-08-10 17:55:18.844 :   Login completed	[MsgId: MMSG-17999]
2022-08-10 17:55:18.844 :   Login completed	[MsgId: MMSG-17999]
2022-08-10 17:55:22.463 :   Logout completed	[MsgId: MMSG-17999]
2022-08-10 17:55:22.464 : - Iteration: 5	[MsgId: MMSG-17999]
2022-08-10 17:55:22.464 :   Account: jojo5/bean5	[MsgId: MMSG-17999]
2022-08-10 17:55:24.211 :   Login completed	[MsgId: MMSG-17999]
2022-08-10 17:55:24.384 :   Login completed	[MsgId: MMSG-17999]
2022-08-10 17:55:26.552 :   Logout completed	[MsgId: MMSG-17999]
2022-08-10 17:55:26.553 : - Iteration: 4	[MsgId: MMSG-17999]
2022-08-10 17:55:26.553 :   Account: jojo6/bean6	[MsgId: MMSG-17999]
2022-08-10 17:55:26.570 :   Login completed	[MsgId: MMSG-17999]
2022-08-10 17:55:26.583 :   Login completed	[MsgId: MMSG-17999]
2022-08-10 17:55:27.521 :   Logout completed	[MsgId: MMSG-17999]
2022-08-10 17:55:27.523 : - Iteration: 9	[MsgId: MMSG-17999]
2022-08-10 17:55:27.523 :   Account: jojo2/bean2	[MsgId: MMSG-17999]
2022-08-10 17:55:29.606 :   Logout completed	[MsgId: MMSG-17999]
2022-08-10 17:55:29.607 : - Iteration: 3	[MsgId: MMSG-17999]
2022-08-10 17:55:29.607 :   Account: jojo7/bean7	[MsgId: MMSG-17999]
2022-08-10 17:55:30.498 :   Logout completed	[MsgId: MMSG-17999]
2022-08-10 17:55:30.499 : - Iteration: 7	[MsgId: MMSG-17999]
2022-08-10 17:55:30.499 :   Account: jojo3/bean3	[MsgId: MMSG-17999]
2022-08-10 17:55:31.298 :   Logout completed	[MsgId: MMSG-17999]
2022-08-10 17:55:31.299 : - Iteration: 9	[MsgId: MMSG-17999]
2022-08-10 17:55:31.299 :   Account: jojo1/bean1	[MsgId: MMSG-17999]
2022-08-10 17:55:31.647 :   Login completed	[MsgId: MMSG-17999]
2022-08-10 17:55:33.045 :   Login completed	[MsgId: MMSG-17999]
2022-08-10 17:55:35.418 :   Login completed	[MsgId: MMSG-17999]
2022-08-10 17:55:35.434 :   Login completed	[MsgId: MMSG-17999]
2022-08-10 17:55:36.785 :   Logout completed	[MsgId: MMSG-17999]
2022-08-10 17:55:36.786 : - Iteration: 7	[MsgId: MMSG-17999]
2022-08-10 17:55:36.786 :   Account: jojo4/bean4	[MsgId: MMSG-17999]
2022-08-10 17:55:38.766 :   Logout completed	[MsgId: MMSG-17999]
2022-08-10 17:55:38.767 : - Iteration: 4	[MsgId: MMSG-17999]
2022-08-10 17:55:38.767 :   Account: jojo7/bean7	[MsgId: MMSG-17999]
2022-08-10 17:55:38.886 :   Logout completed	[MsgId: MMSG-17999]
2022-08-10 17:55:38.887 : - Iteration: 6	[MsgId: MMSG-17999]
2022-08-10 17:55:38.887 :   Account: jojo5/bean5	[MsgId: MMSG-17999]
2022-08-10 17:55:41.255 :   Login completed	[MsgId: MMSG-17999]
2022-08-10 17:55:42.320 :   Login completed	[MsgId: MMSG-17999]
2022-08-10 17:55:42.970 :   Logout completed	[MsgId: MMSG-17999]
2022-08-10 17:55:42.970 : - Iteration: 5	[MsgId: MMSG-17999]
2022-08-10 17:55:42.971 :   Account: jojo6/bean6	[MsgId: MMSG-17999]
2022-08-10 17:55:44.539 :   Login completed	[MsgId: MMSG-17999]
2022-08-10 17:55:45.604 :   Logout completed	[MsgId: MMSG-17999]
2022-08-10 17:55:45.605 : - Iteration: 10	[MsgId: MMSG-17999]
2022-08-10 17:55:45.605 :   Account: jojo2/bean2	[MsgId: MMSG-17999]
2022-08-10 17:55:45.720 :   Login completed	[MsgId: MMSG-17999]
2022-08-10 17:55:48.859 :   Logout completed	[MsgId: MMSG-17999]
2022-08-10 17:55:48.860 : - Iteration: 5	[MsgId: MMSG-17999]
2022-08-10 17:55:48.860 :   Account: jojo7/bean7	[MsgId: MMSG-17999]
2022-08-10 17:55:49.258 :   Logout completed	[MsgId: MMSG-17999]
2022-08-10 17:55:49.259 : - Iteration: 8	[MsgId: MMSG-17999]
2022-08-10 17:55:49.259 :   Account: jojo3/bean3	[MsgId: MMSG-17999]
2022-08-10 17:55:49.408 :   Logout completed	[MsgId: MMSG-17999]
2022-08-10 17:55:49.408 : - Iteration: 10	[MsgId: MMSG-17999]
2022-08-10 17:55:49.409 :   Account: jojo1/bean1	[MsgId: MMSG-17999]
2022-08-10 17:55:50.126 :   Login completed	[MsgId: MMSG-17999]
2022-08-10 17:55:51.363 :   Login completed	[MsgId: MMSG-17999]
2022-08-10 17:55:55.596 :   Login completed	[MsgId: MMSG-17999]
2022-08-10 17:55:57.791 :   Logout completed	[MsgId: MMSG-17999]
2022-08-10 17:55:57.791 : - Iteration: 8	[MsgId: MMSG-17999]
2022-08-10 17:55:57.792 :   Account: jojo4/bean4	[MsgId: MMSG-17999]
2022-08-10 17:55:57.812 :   Login completed	[MsgId: MMSG-17999]
2022-08-10 17:55:57.813 :   Login completed	[MsgId: MMSG-17999]
2022-08-10 17:55:58.398 :   Logout completed	[MsgId: MMSG-17999]
2022-08-10 17:55:58.398 : - Iteration: 7	[MsgId: MMSG-17999]
2022-08-10 17:55:58.398 :   Account: jojo5/bean5	[MsgId: MMSG-17999]
2022-08-10 17:56:00.054 :   Login completed	[MsgId: MMSG-17999]
2022-08-10 17:56:00.707 :   Logout completed	[MsgId: MMSG-17999]
2022-08-10 17:56:00.707 : - Iteration: 6	[MsgId: MMSG-17999]
2022-08-10 17:56:00.708 :   Account: jojo6/bean6	[MsgId: MMSG-17999]
2022-08-10 17:56:01.580 :   Logout completed	[MsgId: MMSG-17999]
2022-08-10 17:56:01.581 : - Iteration: 6	[MsgId: MMSG-17999]
2022-08-10 17:56:01.581 :   Account: jojo7/bean7	[MsgId: MMSG-17999]
2022-08-10 17:56:01.652 :   Login completed	[MsgId: MMSG-17999]
2022-08-10 17:56:03.221 :   Logout completed	[MsgId: MMSG-17999]
2022-08-10 17:56:03.222 : - Iteration: 11	[MsgId: MMSG-17999]
2022-08-10 17:56:03.222 :   Account: jojo2/bean2	[MsgId: MMSG-17999]
2022-08-10 17:56:04.538 :   Logout completed	[MsgId: MMSG-17999]
2022-08-10 17:56:04.539 : - Iteration: 11	[MsgId: MMSG-17999]
2022-08-10 17:56:04.539 :   Account: jojo1/bean1	[MsgId: MMSG-17999]
2022-08-10 17:56:05.180 :   Login completed	[MsgId: MMSG-17999]
2022-08-10 17:56:06.993 :   Login completed	[MsgId: MMSG-17999]
2022-08-10 17:56:08.301 :   Login completed	[MsgId: MMSG-17999]
2022-08-10 17:56:09.028 :   Logout completed	[MsgId: MMSG-17999]
2022-08-10 17:56:09.029 : - Iteration: 9	[MsgId: MMSG-17999]
2022-08-10 17:56:09.029 :   Account: jojo3/bean3	[MsgId: MMSG-17999]
2022-08-10 17:56:12.293 :   Logout completed	[MsgId: MMSG-17999]
2022-08-10 17:56:12.294 : - Iteration: 8	[MsgId: MMSG-17999]
2022-08-10 17:56:12.294 :   Account: jojo5/bean5	[MsgId: MMSG-17999]
2022-08-10 17:56:12.312 :   Login completed	[MsgId: MMSG-17999]
2022-08-10 17:56:13.103 :   Logout completed	[MsgId: MMSG-17999]
2022-08-10 17:56:13.104 : - Iteration: 7	[MsgId: MMSG-17999]
2022-08-10 17:56:13.104 :   Account: jojo6/bean6	[MsgId: MMSG-17999]
2022-08-10 17:56:13.459 :   Logout completed	[MsgId: MMSG-17999]
2022-08-10 17:56:13.460 : - Iteration: 7	[MsgId: MMSG-17999]
2022-08-10 17:56:13.460 :   Account: jojo7/bean7	[MsgId: MMSG-17999]
2022-08-10 17:56:14.774 :   Login completed	[MsgId: MMSG-17999]
2022-08-10 17:56:16.300 :   Logout completed	[MsgId: MMSG-17999]
2022-08-10 17:56:16.301 : - Iteration: 9	[MsgId: MMSG-17999]
2022-08-10 17:56:16.301 :   Account: jojo4/bean4	[MsgId: MMSG-17999]
2022-08-10 17:56:16.707 :   Login completed	[MsgId: MMSG-17999]
2022-08-10 17:56:20.428 :   Logout completed	[MsgId: MMSG-17999]
2022-08-10 17:56:20.429 : - Iteration: 12	[MsgId: MMSG-17999]
2022-08-10 17:56:20.429 :   Account: jojo1/bean1	[MsgId: MMSG-17999]
2022-08-10 17:56:21.782 :   Login completed	[MsgId: MMSG-17999]
2022-08-10 17:56:23.238 :   Login completed	[MsgId: MMSG-17999]
2022-08-10 17:56:23.305 :   Logout completed	[MsgId: MMSG-17999]
2022-08-10 17:56:23.306 : - Iteration: 12	[MsgId: MMSG-17999]
2022-08-10 17:56:23.306 :   Account: jojo2/bean2	[MsgId: MMSG-17999]
2022-08-10 17:56:24.615 :   Logout completed	[MsgId: MMSG-17999]
2022-08-10 17:56:24.616 : - Iteration: 10	[MsgId: MMSG-17999]
2022-08-10 17:56:24.616 :   Account: jojo3/bean3	[MsgId: MMSG-17999]
2022-08-10 17:56:26.317 :   Login completed	[MsgId: MMSG-17999]
2022-08-10 17:56:26.364 :   Login completed	[MsgId: MMSG-17999]
2022-08-10 17:56:27.858 :   Login completed	[MsgId: MMSG-17999]
2022-08-10 17:56:28.157 :   Login completed	[MsgId: MMSG-17999]
2022-08-10 17:56:29.817 :   Logout completed	[MsgId: MMSG-17999]
2022-08-10 17:56:29.818 : - Iteration: 8	[MsgId: MMSG-17999]
2022-08-10 17:56:29.818 :   Account: jojo7/bean7	[MsgId: MMSG-17999]
2022-08-10 17:56:32.117 :   Logout completed	[MsgId: MMSG-17999]
2022-08-10 17:56:32.118 : - Iteration: 10	[MsgId: MMSG-17999]
2022-08-10 17:56:32.118 :   Account: jojo4/bean4	[MsgId: MMSG-17999]
2022-08-10 17:56:32.690 :   Logout completed	[MsgId: MMSG-17999]
2022-08-10 17:56:32.691 : - Iteration: 8	[MsgId: MMSG-17999]
2022-08-10 17:56:32.691 :   Account: jojo6/bean6	[MsgId: MMSG-17999]
2022-08-10 17:56:33.402 :   Logout completed	[MsgId: MMSG-17999]
2022-08-10 17:56:33.402 : - Iteration: 9	[MsgId: MMSG-17999]
2022-08-10 17:56:33.403 :   Account: jojo5/bean5	[MsgId: MMSG-17999]
2022-08-10 17:56:34.220 :   Login completed	[MsgId: MMSG-17999]
2022-08-10 17:56:34.767 :   Logout completed	[MsgId: MMSG-17999]
2022-08-10 17:56:34.767 : - Iteration: 13	[MsgId: MMSG-17999]
2022-08-10 17:56:34.768 :   Account: jojo1/bean1	[MsgId: MMSG-17999]
2022-08-10 17:56:36.288 :   Login completed	[MsgId: MMSG-17999]
2022-08-10 17:56:38.315 :   Login completed	[MsgId: MMSG-17999]
2022-08-10 17:56:39.067 :   Login completed	[MsgId: MMSG-17999]
2022-08-10 17:56:40.576 :   Logout completed	[MsgId: MMSG-17999]
2022-08-10 17:56:40.577 : - Iteration: 11	[MsgId: MMSG-17999]
2022-08-10 17:56:40.577 :   Account: jojo3/bean3	[MsgId: MMSG-17999]
2022-08-10 17:56:41.500 :   Logout completed	[MsgId: MMSG-17999]
2022-08-10 17:56:41.501 : - Iteration: 11	[MsgId: MMSG-17999]
2022-08-10 17:56:41.501 :   Account: jojo4/bean4	[MsgId: MMSG-17999]
2022-08-10 17:56:41.839 :   Logout completed	[MsgId: MMSG-17999]
2022-08-10 17:56:41.840 : - Iteration: 13	[MsgId: MMSG-17999]
2022-08-10 17:56:41.840 :   Account: jojo2/bean2	[MsgId: MMSG-17999]
2022-08-10 17:56:43.277 :   Login completed	[MsgId: MMSG-17999]
2022-08-10 17:56:44.062 :   Login completed	[MsgId: MMSG-17999]
2022-08-10 17:56:44.713 :   Logout completed	[MsgId: MMSG-17999]
2022-08-10 17:56:44.714 : - Iteration: 10	[MsgId: MMSG-17999]
2022-08-10 17:56:44.714 :   Account: jojo5/bean5	[MsgId: MMSG-17999]
2022-08-10 17:56:44.977 :   Login completed	[MsgId: MMSG-17999]
2022-08-10 17:56:47.051 :   Logout completed	[MsgId: MMSG-17999]
2022-08-10 17:56:47.052 : - Iteration: 9	[MsgId: MMSG-17999]
2022-08-10 17:56:47.052 :   Account: jojo7/bean7	[MsgId: MMSG-17999]
2022-08-10 17:56:47.153 :   Logout completed	[MsgId: MMSG-17999]
2022-08-10 17:56:47.153 : - Iteration: 9	[MsgId: MMSG-17999]
2022-08-10 17:56:47.154 :   Account: jojo6/bean6	[MsgId: MMSG-17999]
2022-08-10 17:56:50.631 :   Login completed	[MsgId: MMSG-17999]
2022-08-10 17:56:51.938 :   Logout completed	[MsgId: MMSG-17999]
2022-08-10 17:56:51.939 : - Iteration: 14	[MsgId: MMSG-17999]
2022-08-10 17:56:51.939 :   Account: jojo1/bean1	[MsgId: MMSG-17999]
2022-08-10 17:56:51.996 :   Login completed	[MsgId: MMSG-17999]
2022-08-10 17:56:54.648 :   Login completed	[MsgId: MMSG-17999]
2022-08-10 17:56:55.278 :   Login completed	[MsgId: MMSG-17999]
2022-08-10 17:56:56.219 :   Login completed	[MsgId: MMSG-17999]
2022-08-10 17:56:56.808 :   Logout completed	[MsgId: MMSG-17999]
2022-08-10 17:56:56.809 : - Iteration: 12	[MsgId: MMSG-17999]
2022-08-10 17:56:56.809 :   Account: jojo4/bean4	[MsgId: MMSG-17999]
2022-08-10 17:56:59.551 :   Logout completed	[MsgId: MMSG-17999]
2022-08-10 17:56:59.552 : - Iteration: 12	[MsgId: MMSG-17999]
2022-08-10 17:56:59.552 :   Account: jojo3/bean3	[MsgId: MMSG-17999]
2022-08-10 17:56:59.615 :   Logout completed	[MsgId: MMSG-17999]
2022-08-10 17:56:59.616 : - Iteration: 11	[MsgId: MMSG-17999]
2022-08-10 17:56:59.616 :   Account: jojo5/bean5	[MsgId: MMSG-17999]
2022-08-10 17:57:00.202 :   Login completed	[MsgId: MMSG-17999]
2022-08-10 17:57:01.104 :   Logout completed	[MsgId: MMSG-17999]
2022-08-10 17:57:01.105 : - Iteration: 10	[MsgId: MMSG-17999]
2022-08-10 17:57:01.105 :   Account: jojo6/bean6	[MsgId: MMSG-17999]
2022-08-10 17:57:02.541 :   Logout completed	[MsgId: MMSG-17999]
2022-08-10 17:57:02.542 : - Iteration: 14	[MsgId: MMSG-17999]
2022-08-10 17:57:02.542 :   Account: jojo2/bean2	[MsgId: MMSG-17999]
2022-08-10 17:57:02.652 :   Login completed	[MsgId: MMSG-17999]
2022-08-10 17:57:05.372 :   Login completed	[MsgId: MMSG-17999]
2022-08-10 17:57:06.267 :   Logout completed	[MsgId: MMSG-17999]
2022-08-10 17:57:06.267 : - Iteration: 10	[MsgId: MMSG-17999]
2022-08-10 17:57:06.267 :   Account: jojo7/bean7	[MsgId: MMSG-17999]
2022-08-10 17:57:07.372 :   Login completed	[MsgId: MMSG-17999]
2022-08-10 17:57:07.387 :   Login completed	[MsgId: MMSG-17999]
2022-08-10 17:57:08.545 :   Login completed	[MsgId: MMSG-17999]
2022-08-10 17:57:08.799 :   Logout completed	[MsgId: MMSG-17999]
2022-08-10 17:57:08.800 : - Iteration: 15	[MsgId: MMSG-17999]
2022-08-10 17:57:08.800 :   Account: jojo1/bean1	[MsgId: MMSG-17999]
2022-08-10 17:57:09.123 :   Logout completed	[MsgId: MMSG-17999]
2022-08-10 17:57:09.124 : - Iteration: 13	[MsgId: MMSG-17999]
2022-08-10 17:57:09.124 :   Account: jojo4/bean4	[MsgId: MMSG-17999]
2022-08-10 17:57:10.715 :   Login completed	[MsgId: MMSG-17999]
2022-08-10 17:57:12.276 :   Logout completed	[MsgId: MMSG-17999]
2022-08-10 17:57:12.277 : - Iteration: 13	[MsgId: MMSG-17999]
2022-08-10 17:57:12.277 :   Account: jojo3/bean3	[MsgId: MMSG-17999]
2022-08-10 17:57:14.323 :   Logout completed	[MsgId: MMSG-17999]
2022-08-10 17:57:14.324 : - Iteration: 15	[MsgId: MMSG-17999]
2022-08-10 17:57:14.324 :   Account: jojo2/bean2	[MsgId: MMSG-17999]
2022-08-10 17:57:14.665 :   Logout completed	[MsgId: MMSG-17999]
2022-08-10 17:57:14.665 : - Iteration: 12	[MsgId: MMSG-17999]
2022-08-10 17:57:14.665 :   Account: jojo5/bean5	[MsgId: MMSG-17999]
2022-08-10 17:57:14.954 :   Logout completed	[MsgId: MMSG-17999]
2022-08-10 17:57:14.955 : - Iteration: 11	[MsgId: MMSG-17999]
2022-08-10 17:57:14.955 :   Account: jojo6/bean6	[MsgId: MMSG-17999]
2022-08-10 17:57:16.233 :   Login completed	[MsgId: MMSG-17999]
2022-08-10 17:57:18.987 :   Logout completed	[MsgId: MMSG-17999]
2022-08-10 17:57:18.988 : - Iteration: 16	[MsgId: MMSG-17999]
2022-08-10 17:57:18.988 :   Account: jojo1/bean1	[MsgId: MMSG-17999]
2022-08-10 17:57:20.377 :   Login completed	[MsgId: MMSG-17999]
2022-08-10 17:57:20.879 :   Login completed	[MsgId: MMSG-17999]
2022-08-10 17:57:21.037 :   Login completed	[MsgId: MMSG-17999]
2022-08-10 17:57:23.663 :   Logout completed	[MsgId: MMSG-17999]
2022-08-10 17:57:23.664 : - Iteration: 14	[MsgId: MMSG-17999]
2022-08-10 17:57:23.664 :   Account: jojo4/bean4	[MsgId: MMSG-17999]
2022-08-10 17:57:25.780 :   Logout completed	[MsgId: MMSG-17999]
2022-08-10 17:57:25.781 : - Iteration: 16	[MsgId: MMSG-17999]
2022-08-10 17:57:25.781 :   Account: jojo2/bean2	[MsgId: MMSG-17999]
2022-08-10 17:57:25.805 :   Login completed	[MsgId: MMSG-17999]
2022-08-10 17:57:26.246 :   Login completed	[MsgId: MMSG-17999]
2022-08-10 17:57:27.188 :   Login completed	[MsgId: MMSG-17999]
2022-08-10 17:57:28.055 :   Logout completed	[MsgId: MMSG-17999]
2022-08-10 17:57:28.055 : - Iteration: 11	[MsgId: MMSG-17999]
2022-08-10 17:57:28.056 :   Account: jojo7/bean7	[MsgId: MMSG-17999]
2022-08-10 17:57:29.642 :   Login completed	[MsgId: MMSG-17999]
2022-08-10 17:57:30.631 :   Logout completed	[MsgId: MMSG-17999]
2022-08-10 17:57:30.632 : - Iteration: 12	[MsgId: MMSG-17999]
2022-08-10 17:57:30.632 :   Account: jojo6/bean6	[MsgId: MMSG-17999]
2022-08-10 17:57:30.878 :   Login completed	[MsgId: MMSG-17999]
2022-08-10 17:57:33.968 :   Logout completed	[MsgId: MMSG-17999]
2022-08-10 17:57:33.969 : - Iteration: 14	[MsgId: MMSG-17999]
2022-08-10 17:57:33.969 :   Account: jojo3/bean3	[MsgId: MMSG-17999]
2022-08-10 17:57:34.459 :   Login completed	[MsgId: MMSG-17999]
2022-08-10 17:57:34.718 :   Logout completed	[MsgId: MMSG-17999]
2022-08-10 17:57:34.719 : - Iteration: 13	[MsgId: MMSG-17999]
2022-08-10 17:57:34.719 :   Account: jojo5/bean5	[MsgId: MMSG-17999]
2022-08-10 17:57:35.024 :   Login completed	[MsgId: MMSG-17999]
2022-08-10 17:57:35.414 :   Logout completed	[MsgId: MMSG-17999]
2022-08-10 17:57:35.415 : - Iteration: 17	[MsgId: MMSG-17999]
2022-08-10 17:57:35.415 :   Account: jojo1/bean1	[MsgId: MMSG-17999]
2022-08-10 17:57:36.211 :   Logout completed	[MsgId: MMSG-17999]
2022-08-10 17:57:36.213 : - Iteration: 15	[MsgId: MMSG-17999]
2022-08-10 17:57:36.213 :   Account: jojo4/bean4	[MsgId: MMSG-17999]
2022-08-10 17:57:36.807 :   Login completed	[MsgId: MMSG-17999]
2022-08-10 17:57:38.272 :   Logout completed	[MsgId: MMSG-17999]
2022-08-10 17:57:38.273 : - Iteration: 17	[MsgId: MMSG-17999]
2022-08-10 17:57:38.274 :   Account: jojo2/bean2	[MsgId: MMSG-17999]
2022-08-10 17:57:38.961 :   Logout completed	[MsgId: MMSG-17999]
2022-08-10 17:57:38.961 : - Iteration: 12	[MsgId: MMSG-17999]
2022-08-10 17:57:38.962 :   Account: jojo7/bean7	[MsgId: MMSG-17999]
2022-08-10 17:57:43.887 :   Logout completed	[MsgId: MMSG-17999]
2022-08-10 17:57:43.888 : - Iteration: 13	[MsgId: MMSG-17999]
2022-08-10 17:57:43.888 :   Account: jojo6/bean6	[MsgId: MMSG-17999]
2022-08-10 17:57:46.380 :   Login completed	[MsgId: MMSG-17999]
2022-08-10 17:57:47.113 :   Login completed	[MsgId: MMSG-17999]
2022-08-10 17:57:48.515 :   Login completed	[MsgId: MMSG-17999]
2022-08-10 17:57:48.593 :   Login completed	[MsgId: MMSG-17999]
2022-08-10 17:57:49.112 :   Login completed	[MsgId: MMSG-17999]
2022-08-10 17:57:51.912 :   Logout completed	[MsgId: MMSG-17999]
2022-08-10 17:57:51.912 : - Iteration: 18	[MsgId: MMSG-17999]
2022-08-10 17:57:51.912 :   Account: jojo1/bean1	[MsgId: MMSG-17999]
2022-08-10 17:57:52.604 :   Logout completed	[MsgId: MMSG-17999]
2022-08-10 17:57:52.604 : - Iteration: 14	[MsgId: MMSG-17999]
2022-08-10 17:57:52.604 :   Account: jojo5/bean5	[MsgId: MMSG-17999]
2022-08-10 17:57:52.615 :   Logout completed	[MsgId: MMSG-17999]
2022-08-10 17:57:52.615 : - Iteration: 15	[MsgId: MMSG-17999]
2022-08-10 17:57:52.615 :   Account: jojo3/bean3	[MsgId: MMSG-17999]
2022-08-10 17:57:53.015 :   Login completed	[MsgId: MMSG-17999]
2022-08-10 17:57:53.533 :   Logout completed	[MsgId: MMSG-17999]
2022-08-10 17:57:53.534 : - Iteration: 18	[MsgId: MMSG-17999]
2022-08-10 17:57:53.534 :   Account: jojo2/bean2	[MsgId: MMSG-17999]
2022-08-10 17:57:53.582 :   Logout completed	[MsgId: MMSG-17999]
2022-08-10 17:57:53.582 : - Iteration: 16	[MsgId: MMSG-17999]
2022-08-10 17:57:53.582 :   Account: jojo4/bean4	[MsgId: MMSG-17999]
2022-08-10 17:57:54.020 :   Login completed	[MsgId: MMSG-17999]
2022-08-10 17:57:57.006 :   Logout completed	[MsgId: MMSG-17999]
2022-08-10 17:57:57.007 : - Iteration: 13	[MsgId: MMSG-17999]
2022-08-10 17:57:57.008 :   Account: jojo7/bean7	[MsgId: MMSG-17999]
2022-08-10 17:58:00.270 :   Logout completed	[MsgId: MMSG-17999]
2022-08-10 17:58:02.833 :   Login completed	[MsgId: MMSG-17999]
2022-08-10 17:58:03.993 :   Login completed	[MsgId: MMSG-17999]
2022-08-10 17:58:04.163 :   Login completed	[MsgId: MMSG-17999]
