Notify: search current JDK in Windows registry at(SOFTWARE\JavaSoft\Java Development Kit)	[MsgId: MMSG-22198]	[MsgId: MMSG-22986]
Notify: JDK found at C:/Program Files (x86)/Java/jdk1.8.0_211	[MsgId: MMSG-22194]	[MsgId: MMSG-22986]
2022-08-10 17:29:16.060 : URL = localhost:1080	[MsgId: MMSG-17999]
2022-08-10 17:29:16.082 : - Iteration: 1	[MsgId: MMSG-17999]
2022-08-10 17:29:16.083 :   Account: jojo1/bean1	[MsgId: MMSG-17999]
Warning! Web support not loaded: check Java-Interpreter -> UtilityExt property in mdrv.dat file	[MsgId: MMSG-17999]
2022-08-10 17:29:25.089 :   Login completed	[MsgId: MMSG-17999]
2022-08-10 17:29:26.297 : URL = localhost:1080	[MsgId: MMSG-17999]
2022-08-10 17:29:26.338 : - Iteration: 1	[MsgId: MMSG-17999]
2022-08-10 17:29:26.338 :   Account: jojo2/bean2	[MsgId: MMSG-17999]
2022-08-10 17:29:32.615 :   Logout completed	[MsgId: MMSG-17999]
2022-08-10 17:29:32.617 : - Iteration: 2	[MsgId: MMSG-17999]
2022-08-10 17:29:32.617 :   Account: jojo1/bean1	[MsgId: MMSG-17999]
2022-08-10 17:29:35.580 :   Login completed	[MsgId: MMSG-17999]
2022-08-10 17:29:39.812 :   Login completed	[MsgId: MMSG-17999]
2022-08-10 17:29:41.717 :   Logout completed	[MsgId: MMSG-17999]
2022-08-10 17:29:41.718 : - Iteration: 2	[MsgId: MMSG-17999]
2022-08-10 17:29:41.718 :   Account: jojo2/bean2	[MsgId: MMSG-17999]
2022-08-10 17:29:44.395 : URL = localhost:1080	[MsgId: MMSG-17999]
2022-08-10 17:29:44.430 : - Iteration: 1	[MsgId: MMSG-17999]
2022-08-10 17:29:44.431 :   Account: jojo3/bean3	[MsgId: MMSG-17999]
2022-08-10 17:29:47.307 :   Logout completed	[MsgId: MMSG-17999]
2022-08-10 17:29:47.308 : - Iteration: 3	[MsgId: MMSG-17999]
2022-08-10 17:29:47.308 :   Account: jojo1/bean1	[MsgId: MMSG-17999]
2022-08-10 17:29:55.674 :   Login completed	[MsgId: MMSG-17999]
2022-08-10 17:29:56.993 :   Login completed	[MsgId: MMSG-17999]
2022-08-10 17:29:59.662 :   Login completed	[MsgId: MMSG-17999]
2022-08-10 17:30:00.243 :   Logout completed	[MsgId: MMSG-17999]
2022-08-10 17:30:00.244 : - Iteration: 3	[MsgId: MMSG-17999]
2022-08-10 17:30:00.244 :   Account: jojo2/bean2	[MsgId: MMSG-17999]
2022-08-10 17:30:00.738 :   Logout completed	[MsgId: MMSG-17999]
2022-08-10 17:30:00.738 : - Iteration: 2	[MsgId: MMSG-17999]
2022-08-10 17:30:00.739 :   Account: jojo3/bean3	[MsgId: MMSG-17999]
2022-08-10 17:30:02.463 : URL = localhost:1080	[MsgId: MMSG-17999]
2022-08-10 17:30:02.490 : - Iteration: 1	[MsgId: MMSG-17999]
2022-08-10 17:30:02.490 :   Account: jojo4/bean4	[MsgId: MMSG-17999]
2022-08-10 17:30:05.411 :   Logout completed	[MsgId: MMSG-17999]
2022-08-10 17:30:05.412 : - Iteration: 4	[MsgId: MMSG-17999]
2022-08-10 17:30:05.412 :   Account: jojo1/bean1	[MsgId: MMSG-17999]
2022-08-10 17:30:10.933 :   Login completed	[MsgId: MMSG-17999]
2022-08-10 17:30:11.773 :   Login completed	[MsgId: MMSG-17999]
2022-08-10 17:30:15.516 :   Logout completed	[MsgId: MMSG-17999]
2022-08-10 17:30:15.517 : - Iteration: 2	[MsgId: MMSG-17999]
2022-08-10 17:30:15.517 :   Account: jojo4/bean4	[MsgId: MMSG-17999]
2022-08-10 17:30:15.796 :   Login completed	[MsgId: MMSG-17999]
2022-08-10 17:30:15.891 :   Login completed	[MsgId: MMSG-17999]
2022-08-10 17:30:17.106 :   Logout completed	[MsgId: MMSG-17999]
2022-08-10 17:30:17.106 : - Iteration: 4	[MsgId: MMSG-17999]
2022-08-10 17:30:17.106 :   Account: jojo2/bean2	[MsgId: MMSG-17999]
2022-08-10 17:30:20.633 : URL = localhost:1080	[MsgId: MMSG-17999]
2022-08-10 17:30:20.663 : - Iteration: 1	[MsgId: MMSG-17999]
2022-08-10 17:30:20.663 :   Account: jojo5/bean5	[MsgId: MMSG-17999]
2022-08-10 17:30:21.015 :   Logout completed	[MsgId: MMSG-17999]
2022-08-10 17:30:21.016 : - Iteration: 3	[MsgId: MMSG-17999]
2022-08-10 17:30:21.016 :   Account: jojo3/bean3	[MsgId: MMSG-17999]
2022-08-10 17:30:21.042 :   Logout completed	[MsgId: MMSG-17999]
2022-08-10 17:30:21.043 : - Iteration: 5	[MsgId: MMSG-17999]
2022-08-10 17:30:21.043 :   Account: jojo1/bean1	[MsgId: MMSG-17999]
2022-08-10 17:30:24.289 :   Login completed	[MsgId: MMSG-17999]
2022-08-10 17:30:27.465 :   Login completed	[MsgId: MMSG-17999]
2022-08-10 17:30:28.694 :   Logout completed	[MsgId: MMSG-17999]
2022-08-10 17:30:28.702 : - Iteration: 5	[MsgId: MMSG-17999]
2022-08-10 17:30:28.702 :   Account: jojo2/bean2	[MsgId: MMSG-17999]
2022-08-10 17:30:29.215 :   Login completed	[MsgId: MMSG-17999]
2022-08-10 17:30:31.265 :   Login completed	[MsgId: MMSG-17999]
2022-08-10 17:30:32.698 :   Logout completed	[MsgId: MMSG-17999]
2022-08-10 17:30:32.699 : - Iteration: 6	[MsgId: MMSG-17999]
2022-08-10 17:30:32.699 :   Account: jojo1/bean1	[MsgId: MMSG-17999]
2022-08-10 17:30:35.322 :   Login completed	[MsgId: MMSG-17999]
2022-08-10 17:30:36.169 :   Logout completed	[MsgId: MMSG-17999]
2022-08-10 17:30:36.170 : - Iteration: 3	[MsgId: MMSG-17999]
2022-08-10 17:30:36.170 :   Account: jojo4/bean4	[MsgId: MMSG-17999]
2022-08-10 17:30:36.239 :   Login completed	[MsgId: MMSG-17999]
2022-08-10 17:30:38.036 :   Logout completed	[MsgId: MMSG-17999]
2022-08-10 17:30:38.037 : - Iteration: 4	[MsgId: MMSG-17999]
2022-08-10 17:30:38.037 :   Account: jojo3/bean3	[MsgId: MMSG-17999]
2022-08-10 17:30:38.535 :   Logout completed	[MsgId: MMSG-17999]
2022-08-10 17:30:38.536 : - Iteration: 2	[MsgId: MMSG-17999]
2022-08-10 17:30:38.536 :   Account: jojo5/bean5	[MsgId: MMSG-17999]
2022-08-10 17:30:38.663 : URL = localhost:1080	[MsgId: MMSG-17999]
2022-08-10 17:30:38.702 : - Iteration: 1	[MsgId: MMSG-17999]
2022-08-10 17:30:38.784 :   Account: jojo6/bean6	[MsgId: MMSG-17999]
2022-08-10 17:30:39.987 :   Login completed	[MsgId: MMSG-17999]
2022-08-10 17:30:43.550 :   Logout completed	[MsgId: MMSG-17999]
2022-08-10 17:30:43.552 : - Iteration: 6	[MsgId: MMSG-17999]
2022-08-10 17:30:43.552 :   Account: jojo2/bean2	[MsgId: MMSG-17999]
2022-08-10 17:30:45.607 :   Login completed	[MsgId: MMSG-17999]
2022-08-10 17:30:45.639 :   Logout completed	[MsgId: MMSG-17999]
2022-08-10 17:30:45.639 : - Iteration: 7	[MsgId: MMSG-17999]
2022-08-10 17:30:45.640 :   Account: jojo1/bean1	[MsgId: MMSG-17999]
2022-08-10 17:30:45.685 :   Login completed	[MsgId: MMSG-17999]
2022-08-10 17:30:48.511 :   Login completed	[MsgId: MMSG-17999]
2022-08-10 17:30:49.631 :   Logout completed	[MsgId: MMSG-17999]
2022-08-10 17:30:49.633 : - Iteration: 3	[MsgId: MMSG-17999]
2022-08-10 17:30:49.633 :   Account: jojo5/bean5	[MsgId: MMSG-17999]
2022-08-10 17:30:51.116 :   Login completed	[MsgId: MMSG-17999]
2022-08-10 17:30:51.161 :   Login completed	[MsgId: MMSG-17999]
2022-08-10 17:30:52.963 :   Logout completed	[MsgId: MMSG-17999]
2022-08-10 17:30:52.964 : - Iteration: 4	[MsgId: MMSG-17999]
2022-08-10 17:30:52.964 :   Account: jojo4/bean4	[MsgId: MMSG-17999]
2022-08-10 17:30:54.325 :   Logout completed	[MsgId: MMSG-17999]
2022-08-10 17:30:54.326 : - Iteration: 5	[MsgId: MMSG-17999]
2022-08-10 17:30:54.326 :   Account: jojo3/bean3	[MsgId: MMSG-17999]
2022-08-10 17:30:55.044 :   Login completed	[MsgId: MMSG-17999]
2022-08-10 17:30:56.065 :   Logout completed	[MsgId: MMSG-17999]
2022-08-10 17:30:56.066 : - Iteration: 2	[MsgId: MMSG-17999]
2022-08-10 17:30:56.066 :   Account: jojo6/bean6	[MsgId: MMSG-17999]
2022-08-10 17:30:56.232 :   Login completed	[MsgId: MMSG-17999]
2022-08-10 17:30:57.822 : URL = localhost:1080	[MsgId: MMSG-17999]
2022-08-10 17:30:57.856 : - Iteration: 1	[MsgId: MMSG-17999]
2022-08-10 17:30:57.856 :   Account: jojo7/bean7	[MsgId: MMSG-17999]
2022-08-10 17:30:57.911 :   Logout completed	[MsgId: MMSG-17999]
2022-08-10 17:30:57.911 : - Iteration: 7	[MsgId: MMSG-17999]
2022-08-10 17:30:57.911 :   Account: jojo2/bean2	[MsgId: MMSG-17999]
2022-08-10 17:31:01.904 :   Logout completed	[MsgId: MMSG-17999]
2022-08-10 17:31:01.906 : - Iteration: 8	[MsgId: MMSG-17999]
2022-08-10 17:31:01.906 :   Account: jojo1/bean1	[MsgId: MMSG-17999]
2022-08-10 17:31:02.709 :   Login completed	[MsgId: MMSG-17999]
2022-08-10 17:31:03.672 :   Logout completed	[MsgId: MMSG-17999]
2022-08-10 17:31:03.673 : - Iteration: 4	[MsgId: MMSG-17999]
2022-08-10 17:31:03.673 :   Account: jojo5/bean5	[MsgId: MMSG-17999]
2022-08-10 17:31:04.730 :   Login completed	[MsgId: MMSG-17999]
2022-08-10 17:31:07.840 :   Logout completed	[MsgId: MMSG-17999]
2022-08-10 17:31:07.841 : - Iteration: 8	[MsgId: MMSG-17999]
2022-08-10 17:31:07.841 :   Account: jojo2/bean2	[MsgId: MMSG-17999]
2022-08-10 17:31:08.700 :   Logout completed	[MsgId: MMSG-17999]
2022-08-10 17:31:08.700 : - Iteration: 5	[MsgId: MMSG-17999]
2022-08-10 17:31:08.701 :   Account: jojo4/bean4	[MsgId: MMSG-17999]
2022-08-10 17:31:08.745 :   Login completed	[MsgId: MMSG-17999]
2022-08-10 17:31:09.464 :   Login completed	[MsgId: MMSG-17999]
2022-08-10 17:31:09.512 :   Login completed	[MsgId: MMSG-17999]
2022-08-10 17:31:11.149 :   Login completed	[MsgId: MMSG-17999]
2022-08-10 17:31:13.388 :   Logout completed	[MsgId: MMSG-17999]
2022-08-10 17:31:13.388 : - Iteration: 6	[MsgId: MMSG-17999]
2022-08-10 17:31:13.389 :   Account: jojo3/bean3	[MsgId: MMSG-17999]
2022-08-10 17:31:14.082 :   Logout completed	[MsgId: MMSG-17999]
2022-08-10 17:31:14.083 : - Iteration: 2	[MsgId: MMSG-17999]
2022-08-10 17:31:14.083 :   Account: jojo7/bean7	[MsgId: MMSG-17999]
2022-08-10 17:31:14.843 :   Logout completed	[MsgId: MMSG-17999]
2022-08-10 17:31:14.844 : - Iteration: 3	[MsgId: MMSG-17999]
2022-08-10 17:31:14.844 :   Account: jojo6/bean6	[MsgId: MMSG-17999]
2022-08-10 17:31:15.108 :   Logout completed	[MsgId: MMSG-17999]
2022-08-10 17:31:15.108 : - Iteration: 5	[MsgId: MMSG-17999]
2022-08-10 17:31:15.108 :   Account: jojo5/bean5	[MsgId: MMSG-17999]
2022-08-10 17:31:15.687 :   Login completed	[MsgId: MMSG-17999]
2022-08-10 17:31:18.007 :   Login completed	[MsgId: MMSG-17999]
2022-08-10 17:31:18.869 :   Login completed	[MsgId: MMSG-17999]
2022-08-10 17:31:21.058 :   Logout completed	[MsgId: MMSG-17999]
2022-08-10 17:31:22.479 :   Logout completed	[MsgId: MMSG-17999]
2022-08-10 17:31:22.515 :   Logout completed	[MsgId: MMSG-17999]
