Notify: search current JDK in Windows registry at(SOFTWARE\JavaSoft\Java Development Kit)	[MsgId: MMSG-22198]	[MsgId: MMSG-22986]
Notify: JDK found at C:/Program Files (x86)/Java/jdk1.8.0_211	[MsgId: MMSG-22194]	[MsgId: MMSG-22986]
2022-08-10 16:59:00.288 : URL = localhost:1080	[MsgId: MMSG-17999]
2022-08-10 16:59:00.332 : - Iteration: 1	[MsgId: MMSG-17999]
2022-08-10 16:59:00.332 :   Account: jojo1/bean1	[MsgId: MMSG-17999]
Warning! Web support not loaded: check Java-Interpreter -> UtilityExt property in mdrv.dat file	[MsgId: MMSG-17999]
2022-08-10 16:59:08.853 :   Login completed	[MsgId: MMSG-17999]
2022-08-10 16:59:12.637 :   Logout completed	[MsgId: MMSG-17999]
2022-08-10 16:59:12.638 : - Iteration: 2	[MsgId: MMSG-17999]
2022-08-10 16:59:12.639 :   Account: jojo1/bean1	[MsgId: MMSG-17999]
2022-08-10 16:59:15.173 : URL = localhost:1080	[MsgId: MMSG-17999]
2022-08-10 16:59:15.188 : - Iteration: 1	[MsgId: MMSG-17999]
2022-08-10 16:59:15.188 :   Account: jojo2/bean2	[MsgId: MMSG-17999]
2022-08-10 16:59:26.448 :   Login completed	[MsgId: MMSG-17999]
2022-08-10 16:59:27.481 :   Login completed	[MsgId: MMSG-17999]
2022-08-10 16:59:29.911 :   Logout completed	[MsgId: MMSG-17999]
2022-08-10 16:59:29.912 : - Iteration: 3	[MsgId: MMSG-17999]
2022-08-10 16:59:29.912 :   Account: jojo1/bean1	[MsgId: MMSG-17999]
2022-08-10 16:59:33.288 : URL = localhost:1080	[MsgId: MMSG-17999]
2022-08-10 16:59:33.311 : - Iteration: 1	[MsgId: MMSG-17999]
2022-08-10 16:59:33.311 :   Account: jojo3/bean3	[MsgId: MMSG-17999]
2022-08-10 16:59:35.328 :   Logout completed	[MsgId: MMSG-17999]
2022-08-10 16:59:35.328 : - Iteration: 2	[MsgId: MMSG-17999]
2022-08-10 16:59:35.328 :   Account: jojo2/bean2	[MsgId: MMSG-17999]
2022-08-10 16:59:39.212 :   Login completed	[MsgId: MMSG-17999]
2022-08-10 16:59:39.227 :   Login completed	[MsgId: MMSG-17999]
2022-08-10 16:59:42.800 :   Logout completed	[MsgId: MMSG-17999]
2022-08-10 16:59:42.801 : - Iteration: 2	[MsgId: MMSG-17999]
2022-08-10 16:59:42.801 :   Account: jojo3/bean3	[MsgId: MMSG-17999]
2022-08-10 16:59:43.530 :   Logout completed	[MsgId: MMSG-17999]
2022-08-10 16:59:43.531 : - Iteration: 4	[MsgId: MMSG-17999]
2022-08-10 16:59:43.531 :   Account: jojo1/bean1	[MsgId: MMSG-17999]
2022-08-10 16:59:48.498 :   Login completed	[MsgId: MMSG-17999]
2022-08-10 16:59:51.382 : URL = localhost:1080	[MsgId: MMSG-17999]
2022-08-10 16:59:51.414 : - Iteration: 1	[MsgId: MMSG-17999]
2022-08-10 16:59:51.415 :   Account: jojo4/bean4	[MsgId: MMSG-17999]
2022-08-10 16:59:54.177 :   Login completed	[MsgId: MMSG-17999]
2022-08-10 16:59:55.917 :   Logout completed	[MsgId: MMSG-17999]
2022-08-10 16:59:55.918 : - Iteration: 3	[MsgId: MMSG-17999]
2022-08-10 16:59:55.919 :   Account: jojo2/bean2	[MsgId: MMSG-17999]
2022-08-10 16:59:57.475 :   Logout completed	[MsgId: MMSG-17999]
2022-08-10 16:59:57.476 : - Iteration: 3	[MsgId: MMSG-17999]
2022-08-10 16:59:57.476 :   Account: jojo3/bean3	[MsgId: MMSG-17999]
2022-08-10 16:59:57.794 :   Login completed	[MsgId: MMSG-17999]
2022-08-10 17:00:01.883 :   Logout completed	[MsgId: MMSG-17999]
2022-08-10 17:00:01.884 : - Iteration: 5	[MsgId: MMSG-17999]
2022-08-10 17:00:01.884 :   Account: jojo1/bean1	[MsgId: MMSG-17999]
2022-08-10 17:00:02.682 :   Login completed	[MsgId: MMSG-17999]
2022-08-10 17:00:05.360 :   Login completed	[MsgId: MMSG-17999]
2022-08-10 17:00:08.352 :   Login completed	[MsgId: MMSG-17999]
2022-08-10 17:00:08.710 :   Logout completed	[MsgId: MMSG-17999]
2022-08-10 17:00:08.711 : - Iteration: 4	[MsgId: MMSG-17999]
2022-08-10 17:00:08.711 :   Account: jojo2/bean2	[MsgId: MMSG-17999]
2022-08-10 17:00:09.565 : URL = localhost:1080	[MsgId: MMSG-17999]
2022-08-10 17:00:09.602 : - Iteration: 1	[MsgId: MMSG-17999]
2022-08-10 17:00:09.602 :   Account: jojo5/bean5	[MsgId: MMSG-17999]
2022-08-10 17:00:10.434 :   Logout completed	[MsgId: MMSG-17999]
2022-08-10 17:00:10.435 : - Iteration: 2	[MsgId: MMSG-17999]
2022-08-10 17:00:10.435 :   Account: jojo4/bean4	[MsgId: MMSG-17999]
2022-08-10 17:00:11.853 :   Logout completed	[MsgId: MMSG-17999]
2022-08-10 17:00:11.862 : - Iteration: 4	[MsgId: MMSG-17999]
2022-08-10 17:00:11.862 :   Account: jojo3/bean3	[MsgId: MMSG-17999]
2022-08-10 17:00:14.401 :   Login completed	[MsgId: MMSG-17999]
2022-08-10 17:00:15.825 :   Login completed	[MsgId: MMSG-17999]
2022-08-10 17:00:17.518 :   Logout completed	[MsgId: MMSG-17999]
2022-08-10 17:00:17.519 : - Iteration: 6	[MsgId: MMSG-17999]
2022-08-10 17:00:17.520 :   Account: jojo1/bean1	[MsgId: MMSG-17999]
2022-08-10 17:00:20.652 :   Login completed	[MsgId: MMSG-17999]
2022-08-10 17:00:23.545 :   Logout completed	[MsgId: MMSG-17999]
2022-08-10 17:00:23.546 : - Iteration: 5	[MsgId: MMSG-17999]
2022-08-10 17:00:23.546 :   Account: jojo2/bean2	[MsgId: MMSG-17999]
2022-08-10 17:00:23.748 :   Login completed	[MsgId: MMSG-17999]
2022-08-10 17:00:23.933 :   Logout completed	[MsgId: MMSG-17999]
2022-08-10 17:00:23.933 : - Iteration: 2	[MsgId: MMSG-17999]
2022-08-10 17:00:23.934 :   Account: jojo5/bean5	[MsgId: MMSG-17999]
2022-08-10 17:00:24.330 :   Login completed	[MsgId: MMSG-17999]
2022-08-10 17:00:24.377 :   Login completed	[MsgId: MMSG-17999]
2022-08-10 17:00:27.578 : URL = localhost:1080	[MsgId: MMSG-17999]
2022-08-10 17:00:27.593 : - Iteration: 1	[MsgId: MMSG-17999]
2022-08-10 17:00:27.593 :   Account: jojo6/bean6	[MsgId: MMSG-17999]
2022-08-10 17:00:28.299 :   Logout completed	[MsgId: MMSG-17999]
2022-08-10 17:00:28.300 : - Iteration: 5	[MsgId: MMSG-17999]
2022-08-10 17:00:28.300 :   Account: jojo3/bean3	[MsgId: MMSG-17999]
2022-08-10 17:00:29.996 :   Logout completed	[MsgId: MMSG-17999]
2022-08-10 17:00:29.997 : - Iteration: 7	[MsgId: MMSG-17999]
2022-08-10 17:00:29.997 :   Account: jojo1/bean1	[MsgId: MMSG-17999]
2022-08-10 17:00:30.798 :   Logout completed	[MsgId: MMSG-17999]
2022-08-10 17:00:30.799 : - Iteration: 3	[MsgId: MMSG-17999]
2022-08-10 17:00:30.799 :   Account: jojo4/bean4	[MsgId: MMSG-17999]
2022-08-10 17:00:34.081 :   Login completed	[MsgId: MMSG-17999]
2022-08-10 17:00:34.206 :   Login completed	[MsgId: MMSG-17999]
2022-08-10 17:00:36.562 :   Login completed	[MsgId: MMSG-17999]
2022-08-10 17:00:38.898 :   Login completed	[MsgId: MMSG-17999]
2022-08-10 17:00:40.523 :   Login completed	[MsgId: MMSG-17999]
2022-08-10 17:00:40.822 :   Logout completed	[MsgId: MMSG-17999]
2022-08-10 17:00:40.823 : - Iteration: 6	[MsgId: MMSG-17999]
2022-08-10 17:00:40.823 :   Account: jojo3/bean3	[MsgId: MMSG-17999]
2022-08-10 17:00:41.031 :   Logout completed	[MsgId: MMSG-17999]
2022-08-10 17:00:41.031 : - Iteration: 6	[MsgId: MMSG-17999]
2022-08-10 17:00:41.032 :   Account: jojo2/bean2	[MsgId: MMSG-17999]
2022-08-10 17:00:42.096 :   Login completed	[MsgId: MMSG-17999]
2022-08-10 17:00:43.165 :   Logout completed	[MsgId: MMSG-17999]
2022-08-10 17:00:43.166 : - Iteration: 3	[MsgId: MMSG-17999]
2022-08-10 17:00:43.166 :   Account: jojo5/bean5	[MsgId: MMSG-17999]
2022-08-10 17:00:44.005 :   Logout completed	[MsgId: MMSG-17999]
2022-08-10 17:00:44.005 : - Iteration: 4	[MsgId: MMSG-17999]
2022-08-10 17:00:44.006 :   Account: jojo4/bean4	[MsgId: MMSG-17999]
2022-08-10 17:00:45.006 :   Logout completed	[MsgId: MMSG-17999]
2022-08-10 17:00:45.006 : - Iteration: 2	[MsgId: MMSG-17999]
2022-08-10 17:00:45.007 :   Account: jojo6/bean6	[MsgId: MMSG-17999]
2022-08-10 17:00:45.736 : URL = localhost:1080	[MsgId: MMSG-17999]
2022-08-10 17:00:45.783 : - Iteration: 1	[MsgId: MMSG-17999]
2022-08-10 17:00:45.784 :   Account: jojo7/bean7	[MsgId: MMSG-17999]
2022-08-10 17:00:46.239 :   Logout completed	[MsgId: MMSG-17999]
2022-08-10 17:00:46.240 : - Iteration: 8	[MsgId: MMSG-17999]
2022-08-10 17:00:46.240 :   Account: jojo1/bean1	[MsgId: MMSG-17999]
2022-08-10 17:00:47.459 :   Login completed	[MsgId: MMSG-17999]
2022-08-10 17:00:50.685 :   Login completed	[MsgId: MMSG-17999]
2022-08-10 17:00:51.520 :   Login completed	[MsgId: MMSG-17999]
2022-08-10 17:00:53.007 :   Logout completed	[MsgId: MMSG-17999]
2022-08-10 17:00:53.007 : - Iteration: 7	[MsgId: MMSG-17999]
2022-08-10 17:00:53.008 :   Account: jojo3/bean3	[MsgId: MMSG-17999]
2022-08-10 17:00:55.007 :   Login completed	[MsgId: MMSG-17999]
2022-08-10 17:00:55.007 :   Login completed	[MsgId: MMSG-17999]
2022-08-10 17:00:55.790 :   Logout completed	[MsgId: MMSG-17999]
2022-08-10 17:00:55.790 : - Iteration: 4	[MsgId: MMSG-17999]
2022-08-10 17:00:55.791 :   Account: jojo5/bean5	[MsgId: MMSG-17999]
2022-08-10 17:00:56.612 :   Login completed	[MsgId: MMSG-17999]
2022-08-10 17:00:56.677 :   Login completed	[MsgId: MMSG-17999]
2022-08-10 17:00:59.285 :   Logout completed	[MsgId: MMSG-17999]
2022-08-10 17:00:59.287 : - Iteration: 3	[MsgId: MMSG-17999]
2022-08-10 17:00:59.288 :   Account: jojo6/bean6	[MsgId: MMSG-17999]
2022-08-10 17:01:00.537 :   Login completed	[MsgId: MMSG-17999]
2022-08-10 17:01:01.444 :   Logout completed	[MsgId: MMSG-17999]
2022-08-10 17:01:01.444 : - Iteration: 7	[MsgId: MMSG-17999]
2022-08-10 17:01:01.445 :   Account: jojo2/bean2	[MsgId: MMSG-17999]
2022-08-10 17:01:02.330 :   Logout completed	[MsgId: MMSG-17999]
2022-08-10 17:01:02.331 : - Iteration: 9	[MsgId: MMSG-17999]
2022-08-10 17:01:02.331 :   Account: jojo1/bean1	[MsgId: MMSG-17999]
2022-08-10 17:01:02.383 :   Logout completed	[MsgId: MMSG-17999]
2022-08-10 17:01:02.384 : - Iteration: 5	[MsgId: MMSG-17999]
2022-08-10 17:01:02.384 :   Account: jojo4/bean4	[MsgId: MMSG-17999]
2022-08-10 17:01:03.587 :   Logout completed	[MsgId: MMSG-17999]
2022-08-10 17:01:03.587 : - Iteration: 2	[MsgId: MMSG-17999]
2022-08-10 17:01:03.588 :   Account: jojo7/bean7	[MsgId: MMSG-17999]
2022-08-10 17:01:04.726 :   Login completed	[MsgId: MMSG-17999]
2022-08-10 17:01:05.488 :   Logout completed	[MsgId: MMSG-17999]
2022-08-10 17:01:05.489 : - Iteration: 8	[MsgId: MMSG-17999]
2022-08-10 17:01:05.489 :   Account: jojo3/bean3	[MsgId: MMSG-17999]
2022-08-10 17:01:07.614 :   Logout completed	[MsgId: MMSG-17999]
2022-08-10 17:01:07.615 : - Iteration: 5	[MsgId: MMSG-17999]
2022-08-10 17:01:07.616 :   Account: jojo5/bean5	[MsgId: MMSG-17999]
2022-08-10 17:01:08.698 :   Login completed	[MsgId: MMSG-17999]
2022-08-10 17:01:11.504 :   Login completed	[MsgId: MMSG-17999]
2022-08-10 17:01:12.683 :   Login completed	[MsgId: MMSG-17999]
2022-08-10 17:01:14.079 :   Logout completed	[MsgId: MMSG-17999]
2022-08-10 17:01:14.080 : - Iteration: 4	[MsgId: MMSG-17999]
2022-08-10 17:01:14.080 :   Account: jojo6/bean6	[MsgId: MMSG-17999]
2022-08-10 17:01:14.397 :   Login completed	[MsgId: MMSG-17999]
2022-08-10 17:01:14.645 :   Login completed	[MsgId: MMSG-17999]
2022-08-10 17:01:16.417 :   Logout completed	[MsgId: MMSG-17999]
2022-08-10 17:01:16.417 : - Iteration: 6	[MsgId: MMSG-17999]
2022-08-10 17:01:16.417 :   Account: jojo4/bean4	[MsgId: MMSG-17999]
2022-08-10 17:01:18.210 :   Login completed	[MsgId: MMSG-17999]
2022-08-10 17:01:18.287 :   Logout completed	[MsgId: MMSG-17999]
2022-08-10 17:01:18.287 : - Iteration: 9	[MsgId: MMSG-17999]
2022-08-10 17:01:18.288 :   Account: jojo3/bean3	[MsgId: MMSG-17999]
2022-08-10 17:01:19.032 :   Logout completed	[MsgId: MMSG-17999]
2022-08-10 17:01:19.032 : - Iteration: 10	[MsgId: MMSG-17999]
2022-08-10 17:01:19.032 :   Account: jojo1/bean1	[MsgId: MMSG-17999]
2022-08-10 17:01:21.362 :   Logout completed	[MsgId: MMSG-17999]
2022-08-10 17:01:21.362 : - Iteration: 8	[MsgId: MMSG-17999]
2022-08-10 17:01:21.362 :   Account: jojo2/bean2	[MsgId: MMSG-17999]
2022-08-10 17:01:21.791 :   Login completed	[MsgId: MMSG-17999]
2022-08-10 17:01:23.520 :   Logout completed	[MsgId: MMSG-17999]
2022-08-10 17:01:23.521 : - Iteration: 3	[MsgId: MMSG-17999]
2022-08-10 17:01:23.521 :   Account: jojo7/bean7	[MsgId: MMSG-17999]
2022-08-10 17:01:26.363 :   Logout completed	[MsgId: MMSG-17999]
2022-08-10 17:01:26.365 : - Iteration: 6	[MsgId: MMSG-17999]
2022-08-10 17:01:26.365 :   Account: jojo5/bean5	[MsgId: MMSG-17999]
2022-08-10 17:01:28.298 :   Login completed	[MsgId: MMSG-17999]
2022-08-10 17:01:28.314 :   Login completed	[MsgId: MMSG-17999]
2022-08-10 17:01:31.131 :   Login completed	[MsgId: MMSG-17999]
2022-08-10 17:01:31.817 :   Login completed	[MsgId: MMSG-17999]
2022-08-10 17:01:33.503 :   Login completed	[MsgId: MMSG-17999]
2022-08-10 17:01:34.198 :   Logout completed	[MsgId: MMSG-17999]
2022-08-10 17:01:34.199 : - Iteration: 5	[MsgId: MMSG-17999]
2022-08-10 17:01:34.199 :   Account: jojo6/bean6	[MsgId: MMSG-17999]
2022-08-10 17:01:34.238 :   Login completed	[MsgId: MMSG-17999]
2022-08-10 17:01:34.345 :   Login completed	[MsgId: MMSG-17999]
2022-08-10 17:01:35.925 :   Logout completed	[MsgId: MMSG-17999]
2022-08-10 17:01:35.926 : - Iteration: 9	[MsgId: MMSG-17999]
2022-08-10 17:01:35.926 :   Account: jojo2/bean2	[MsgId: MMSG-17999]
2022-08-10 17:01:37.749 :   Logout completed	[MsgId: MMSG-17999]
2022-08-10 17:01:37.750 : - Iteration: 4	[MsgId: MMSG-17999]
2022-08-10 17:01:37.750 :   Account: jojo7/bean7	[MsgId: MMSG-17999]
2022-08-10 17:01:38.294 :   Logout completed	[MsgId: MMSG-17999]
2022-08-10 17:01:38.295 : - Iteration: 7	[MsgId: MMSG-17999]
2022-08-10 17:01:38.295 :   Account: jojo4/bean4	[MsgId: MMSG-17999]
2022-08-10 17:01:39.158 :   Logout completed	[MsgId: MMSG-17999]
2022-08-10 17:01:39.159 : - Iteration: 11	[MsgId: MMSG-17999]
2022-08-10 17:01:39.159 :   Account: jojo1/bean1	[MsgId: MMSG-17999]
2022-08-10 17:01:40.949 :   Logout completed	[MsgId: MMSG-17999]
2022-08-10 17:01:40.949 : - Iteration: 10	[MsgId: MMSG-17999]
2022-08-10 17:01:40.949 :   Account: jojo3/bean3	[MsgId: MMSG-17999]
2022-08-10 17:01:41.095 :   Logout completed	[MsgId: MMSG-17999]
2022-08-10 17:01:41.096 : - Iteration: 7	[MsgId: MMSG-17999]
2022-08-10 17:01:41.096 :   Account: jojo5/bean5	[MsgId: MMSG-17999]
2022-08-10 17:01:42.116 :   Login completed	[MsgId: MMSG-17999]
2022-08-10 17:01:42.662 :   Login completed	[MsgId: MMSG-17999]
2022-08-10 17:01:44.019 :   Login completed	[MsgId: MMSG-17999]
2022-08-10 17:01:45.614 :   Login completed	[MsgId: MMSG-17999]
2022-08-10 17:01:46.167 :   Logout completed	[MsgId: MMSG-17999]
