2022-08-10 22:52:04.900 : URL = localhost:1080	[MsgId: MMSG-17999]
2022-08-10 22:52:04.947 : - Iteration: 1	[MsgId: MMSG-17999]
2022-08-10 22:52:04.947 :   Account: jojo7/bean7	[MsgId: MMSG-17999]
2022-08-10 22:52:11.213 :   Login completed	[MsgId: MMSG-17999]
2022-08-10 22:52:16.029 :   Logout completed	[MsgId: MMSG-17999]
2022-08-10 22:54:10.963 : - Iteration: 2	[MsgId: MMSG-17999]
2022-08-10 22:54:10.964 :   Account: jojo7/bean7	[MsgId: MMSG-17999]
2022-08-10 22:54:23.439 :   Login completed	[MsgId: MMSG-17999]
2022-08-10 22:54:31.186 :   Logout completed	[MsgId: MMSG-17999]
2022-08-10 22:56:16.963 : - Iteration: 3	[MsgId: MMSG-17999]
2022-08-10 22:56:16.963 :   Account: jojo7/bean7	[MsgId: MMSG-17999]
2022-08-10 22:56:27.543 :   Login completed	[MsgId: MMSG-17999]
2022-08-10 22:56:31.960 :   Logout completed	[MsgId: MMSG-17999]
2022-08-10 22:58:22.973 : - Iteration: 4	[MsgId: MMSG-17999]
2022-08-10 22:58:22.973 :   Account: jojo7/bean7	[MsgId: MMSG-17999]
2022-08-10 22:58:35.116 :   Login completed	[MsgId: MMSG-17999]
2022-08-10 22:58:41.222 :   Logout completed	[MsgId: MMSG-17999]
2022-08-10 23:00:28.983 : - Iteration: 5	[MsgId: MMSG-17999]
2022-08-10 23:00:28.983 :   Account: jojo7/bean7	[MsgId: MMSG-17999]
2022-08-10 23:00:40.946 :   Login completed	[MsgId: MMSG-17999]
2022-08-10 23:00:45.693 :   Logout completed	[MsgId: MMSG-17999]
2022-08-10 23:02:34.989 : - Iteration: 6	[MsgId: MMSG-17999]
2022-08-10 23:02:34.989 :   Account: jojo7/bean7	[MsgId: MMSG-17999]
2022-08-10 23:02:44.934 :   Login completed	[MsgId: MMSG-17999]
2022-08-10 23:02:50.852 :   Logout completed	[MsgId: MMSG-17999]
2022-08-10 23:04:41.004 : - Iteration: 7	[MsgId: MMSG-17999]
2022-08-10 23:04:41.004 :   Account: jojo7/bean7	[MsgId: MMSG-17999]
2022-08-10 23:04:49.163 :   Login completed	[MsgId: MMSG-17999]
2022-08-10 23:04:56.756 :   Logout completed	[MsgId: MMSG-17999]
2022-08-10 23:06:47.021 : - Iteration: 8	[MsgId: MMSG-17999]
2022-08-10 23:06:47.021 :   Account: jojo7/bean7	[MsgId: MMSG-17999]
2022-08-10 23:06:54.183 :   Login completed	[MsgId: MMSG-17999]
2022-08-10 23:07:01.334 :   Logout completed	[MsgId: MMSG-17999]
2022-08-10 23:08:53.036 : - Iteration: 9	[MsgId: MMSG-17999]
2022-08-10 23:08:53.036 :   Account: jojo7/bean7	[MsgId: MMSG-17999]
2022-08-10 23:09:05.436 :   Login completed	[MsgId: MMSG-17999]
2022-08-10 23:09:11.296 :   Logout completed	[MsgId: MMSG-17999]
2022-08-10 23:10:59.040 : - Iteration: 10	[MsgId: MMSG-17999]
2022-08-10 23:10:59.040 :   Account: jojo7/bean7	[MsgId: MMSG-17999]
2022-08-10 23:11:06.596 :   Login completed	[MsgId: MMSG-17999]
2022-08-10 23:11:11.564 :   Logout completed	[MsgId: MMSG-17999]
2022-08-10 23:13:05.040 : - Iteration: 11	[MsgId: MMSG-17999]
2022-08-10 23:13:05.040 :   Account: jojo7/bean7	[MsgId: MMSG-17999]
2022-08-10 23:13:13.653 :   Login completed	[MsgId: MMSG-17999]
2022-08-10 23:13:20.896 :   Logout completed	[MsgId: MMSG-17999]
2022-08-10 23:15:11.053 : - Iteration: 12	[MsgId: MMSG-17999]
2022-08-10 23:15:11.053 :   Account: jojo7/bean7	[MsgId: MMSG-17999]
2022-08-10 23:15:23.389 :   Login completed	[MsgId: MMSG-17999]
2022-08-10 23:15:26.412 :   Logout completed	[MsgId: MMSG-17999]
2022-08-10 23:17:17.061 : - Iteration: 13	[MsgId: MMSG-17999]
2022-08-10 23:17:17.062 :   Account: jojo7/bean7	[MsgId: MMSG-17999]
2022-08-10 23:17:32.425 :   Login completed	[MsgId: MMSG-17999]
2022-08-10 23:17:37.752 :   Logout completed	[MsgId: MMSG-17999]
2022-08-10 23:19:23.074 : - Iteration: 14	[MsgId: MMSG-17999]
2022-08-10 23:19:23.074 :   Account: jojo7/bean7	[MsgId: MMSG-17999]
2022-08-10 23:19:36.861 :   Login completed	[MsgId: MMSG-17999]
2022-08-10 23:19:41.224 :   Logout completed	[MsgId: MMSG-17999]
2022-08-10 23:21:29.079 : - Iteration: 15	[MsgId: MMSG-17999]
2022-08-10 23:21:29.079 :   Account: jojo7/bean7	[MsgId: MMSG-17999]
2022-08-10 23:21:40.052 :   Login completed	[MsgId: MMSG-17999]
2022-08-10 23:21:45.242 :   Logout completed	[MsgId: MMSG-17999]
2022-08-10 23:23:35.086 : - Iteration: 16	[MsgId: MMSG-17999]
2022-08-10 23:23:35.086 :   Account: jojo7/bean7	[MsgId: MMSG-17999]
2022-08-10 23:23:48.705 :   Login completed	[MsgId: MMSG-17999]
2022-08-10 23:23:53.457 :   Logout completed	[MsgId: MMSG-17999]
2022-08-10 23:25:41.102 : - Iteration: 17	[MsgId: MMSG-17999]
2022-08-10 23:25:41.102 :   Account: jojo7/bean7	[MsgId: MMSG-17999]
2022-08-10 23:25:53.514 :   Login completed	[MsgId: MMSG-17999]
2022-08-10 23:26:00.367 :   Logout completed	[MsgId: MMSG-17999]
2022-08-10 23:27:47.109 : - Iteration: 18	[MsgId: MMSG-17999]
2022-08-10 23:27:47.109 :   Account: jojo7/bean7	[MsgId: MMSG-17999]
2022-08-10 23:27:55.930 :   Login completed	[MsgId: MMSG-17999]
2022-08-10 23:27:58.917 :   Logout completed	[MsgId: MMSG-17999]
2022-08-10 23:29:53.122 : - Iteration: 19	[MsgId: MMSG-17999]
2022-08-10 23:29:53.122 :   Account: jojo7/bean7	[MsgId: MMSG-17999]
2022-08-10 23:30:05.819 :   Login completed	[MsgId: MMSG-17999]
2022-08-10 23:30:09.540 :   Logout completed	[MsgId: MMSG-17999]
2022-08-10 23:31:59.135 : - Iteration: 20	[MsgId: MMSG-17999]
2022-08-10 23:31:59.136 :   Account: jojo7/bean7	[MsgId: MMSG-17999]
2022-08-10 23:32:11.882 :   Login completed	[MsgId: MMSG-17999]
2022-08-10 23:32:17.214 :   Logout completed	[MsgId: MMSG-17999]
2022-08-10 23:34:05.143 : - Iteration: 21	[MsgId: MMSG-17999]
2022-08-10 23:34:05.143 :   Account: jojo7/bean7	[MsgId: MMSG-17999]
2022-08-10 23:34:20.132 :   Login completed	[MsgId: MMSG-17999]
2022-08-10 23:34:27.365 :   Logout completed	[MsgId: MMSG-17999]
2022-08-10 23:36:11.158 : - Iteration: 22	[MsgId: MMSG-17999]
2022-08-10 23:36:11.158 :   Account: jojo7/bean7	[MsgId: MMSG-17999]
2022-08-10 23:36:26.583 :   Login completed	[MsgId: MMSG-17999]
2022-08-10 23:36:33.745 :   Logout completed	[MsgId: MMSG-17999]
2022-08-10 23:38:17.174 : - Iteration: 23	[MsgId: MMSG-17999]
2022-08-10 23:38:17.174 :   Account: jojo7/bean7	[MsgId: MMSG-17999]
2022-08-10 23:38:23.668 :   Login completed	[MsgId: MMSG-17999]
2022-08-10 23:38:27.527 :   Logout completed	[MsgId: MMSG-17999]
2022-08-10 23:40:23.179 : - Iteration: 24	[MsgId: MMSG-17999]
2022-08-10 23:40:23.179 :   Account: jojo7/bean7	[MsgId: MMSG-17999]
2022-08-10 23:40:30.186 :   Login completed	[MsgId: MMSG-17999]
2022-08-10 23:40:37.325 :   Logout completed	[MsgId: MMSG-17999]
2022-08-10 23:42:29.187 : - Iteration: 25	[MsgId: MMSG-17999]
2022-08-10 23:42:29.188 :   Account: jojo7/bean7	[MsgId: MMSG-17999]
2022-08-10 23:42:39.102 :   Login completed	[MsgId: MMSG-17999]
2022-08-10 23:42:43.790 :   Logout completed	[MsgId: MMSG-17999]
2022-08-10 23:44:35.202 : - Iteration: 26	[MsgId: MMSG-17999]
2022-08-10 23:44:35.203 :   Account: jojo7/bean7	[MsgId: MMSG-17999]
2022-08-10 23:44:50.213 :   Login completed	[MsgId: MMSG-17999]
2022-08-10 23:44:56.167 :   Logout completed	[MsgId: MMSG-17999]
2022-08-10 23:46:41.206 : - Iteration: 27	[MsgId: MMSG-17999]
2022-08-10 23:46:41.206 :   Account: jojo7/bean7	[MsgId: MMSG-17999]
2022-08-10 23:46:51.158 :   Login completed	[MsgId: MMSG-17999]
2022-08-10 23:46:57.571 :   Logout completed	[MsgId: MMSG-17999]
2022-08-10 23:48:47.218 : - Iteration: 28	[MsgId: MMSG-17999]
2022-08-10 23:48:47.218 :   Account: jojo7/bean7	[MsgId: MMSG-17999]
2022-08-10 23:48:59.410 :   Login completed	[MsgId: MMSG-17999]
2022-08-10 23:49:04.483 :   Logout completed	[MsgId: MMSG-17999]
2022-08-10 23:50:53.221 : - Iteration: 29	[MsgId: MMSG-17999]
2022-08-10 23:50:53.221 :   Account: jojo7/bean7	[MsgId: MMSG-17999]
2022-08-10 23:51:01.182 :   Login completed	[MsgId: MMSG-17999]
2022-08-10 23:51:07.392 :   Logout completed	[MsgId: MMSG-17999]
2022-08-10 23:52:59.229 : - Iteration: 30	[MsgId: MMSG-17999]
2022-08-10 23:52:59.229 :   Account: jojo7/bean7	[MsgId: MMSG-17999]
2022-08-10 23:53:04.991 :   Login completed	[MsgId: MMSG-17999]
2022-08-10 23:53:12.041 :   Logout completed	[MsgId: MMSG-17999]
2022-08-10 23:55:05.236 : - Iteration: 31	[MsgId: MMSG-17999]
2022-08-10 23:55:05.236 :   Account: jojo7/bean7	[MsgId: MMSG-17999]
2022-08-10 23:55:14.634 :   Login completed	[MsgId: MMSG-17999]
2022-08-10 23:55:18.898 :   Logout completed	[MsgId: MMSG-17999]
2022-08-10 23:57:11.242 : - Iteration: 32	[MsgId: MMSG-17999]
2022-08-10 23:57:11.242 :   Account: jojo7/bean7	[MsgId: MMSG-17999]
2022-08-10 23:57:20.143 :   Login completed	[MsgId: MMSG-17999]
2022-08-10 23:57:23.866 :   Logout completed	[MsgId: MMSG-17999]
2022-08-10 23:59:17.258 : - Iteration: 33	[MsgId: MMSG-17999]
2022-08-10 23:59:17.259 :   Account: jojo7/bean7	[MsgId: MMSG-17999]
2022-08-10 23:59:26.032 :   Login completed	[MsgId: MMSG-17999]
2022-08-10 23:59:31.273 :   Logout completed	[MsgId: MMSG-17999]
2022-08-11 00:01:23.266 : - Iteration: 34	[MsgId: MMSG-17999]
2022-08-11 00:01:23.266 :   Account: jojo7/bean7	[MsgId: MMSG-17999]
2022-08-11 00:01:35.761 :   Login completed	[MsgId: MMSG-17999]
2022-08-11 00:01:40.605 :   Logout completed	[MsgId: MMSG-17999]
2022-08-11 00:03:29.276 : - Iteration: 35	[MsgId: MMSG-17999]
2022-08-11 00:03:29.276 :   Account: jojo7/bean7	[MsgId: MMSG-17999]
2022-08-11 00:03:43.331 :   Login completed	[MsgId: MMSG-17999]
2022-08-11 00:03:49.616 :   Logout completed	[MsgId: MMSG-17999]
2022-08-11 00:05:35.277 : - Iteration: 36	[MsgId: MMSG-17999]
2022-08-11 00:05:35.278 :   Account: jojo7/bean7	[MsgId: MMSG-17999]
2022-08-11 00:05:41.570 :   Login completed	[MsgId: MMSG-17999]
2022-08-11 00:05:47.964 :   Logout completed	[MsgId: MMSG-17999]
2022-08-11 00:07:41.277 : - Iteration: 37	[MsgId: MMSG-17999]
2022-08-11 00:07:41.277 :   Account: jojo7/bean7	[MsgId: MMSG-17999]
2022-08-11 00:07:54.230 :   Login completed	[MsgId: MMSG-17999]
2022-08-11 00:07:58.612 :   Logout completed	[MsgId: MMSG-17999]
2022-08-11 00:09:47.281 : - Iteration: 38	[MsgId: MMSG-17999]
2022-08-11 00:09:47.281 :   Account: jojo7/bean7	[MsgId: MMSG-17999]
2022-08-11 00:09:56.103 :   Login completed	[MsgId: MMSG-17999]
2022-08-11 00:10:01.609 :   Logout completed	[MsgId: MMSG-17999]
2022-08-11 00:11:53.295 : - Iteration: 39	[MsgId: MMSG-17999]
2022-08-11 00:11:53.296 :   Account: jojo7/bean7	[MsgId: MMSG-17999]
2022-08-11 00:12:06.130 :   Login completed	[MsgId: MMSG-17999]
2022-08-11 00:12:11.651 :   Logout completed	[MsgId: MMSG-17999]
2022-08-11 00:13:59.300 : - Iteration: 40	[MsgId: MMSG-17999]
2022-08-11 00:13:59.300 :   Account: jojo7/bean7	[MsgId: MMSG-17999]
2022-08-11 00:14:11.408 :   Login completed	[MsgId: MMSG-17999]
2022-08-11 00:14:17.170 :   Logout completed	[MsgId: MMSG-17999]
2022-08-11 00:16:05.310 : - Iteration: 41	[MsgId: MMSG-17999]
2022-08-11 00:16:05.311 :   Account: jojo7/bean7	[MsgId: MMSG-17999]
2022-08-11 00:16:18.300 :   Login completed	[MsgId: MMSG-17999]
2022-08-11 00:16:23.506 :   Logout completed	[MsgId: MMSG-17999]
2022-08-11 00:18:11.325 : - Iteration: 42	[MsgId: MMSG-17999]
2022-08-11 00:18:11.326 :   Account: jojo7/bean7	[MsgId: MMSG-17999]
2022-08-11 00:18:18.468 :   Login completed	[MsgId: MMSG-17999]
2022-08-11 00:18:23.903 :   Logout completed	[MsgId: MMSG-17999]
2022-08-11 00:20:17.331 : - Iteration: 43	[MsgId: MMSG-17999]
2022-08-11 00:20:17.332 :   Account: jojo7/bean7	[MsgId: MMSG-17999]
2022-08-11 00:20:31.367 :   Login completed	[MsgId: MMSG-17999]
2022-08-11 00:20:38.985 :   Logout completed	[MsgId: MMSG-17999]
2022-08-11 00:22:23.338 : - Iteration: 44	[MsgId: MMSG-17999]
2022-08-11 00:22:23.338 :   Account: jojo7/bean7	[MsgId: MMSG-17999]
2022-08-11 00:22:29.911 :   Login completed	[MsgId: MMSG-17999]
2022-08-11 00:22:33.233 :   Logout completed	[MsgId: MMSG-17999]
2022-08-11 00:24:29.343 : - Iteration: 45	[MsgId: MMSG-17999]
2022-08-11 00:24:29.343 :   Account: jojo7/bean7	[MsgId: MMSG-17999]
2022-08-11 00:24:36.746 :   Login completed	[MsgId: MMSG-17999]
2022-08-11 00:24:40.766 :   Logout completed	[MsgId: MMSG-17999]
2022-08-11 00:26:35.356 : - Iteration: 46	[MsgId: MMSG-17999]
2022-08-11 00:26:35.357 :   Account: jojo7/bean7	[MsgId: MMSG-17999]
2022-08-11 00:26:47.634 :   Login completed	[MsgId: MMSG-17999]
2022-08-11 00:26:50.596 :   Logout completed	[MsgId: MMSG-17999]
2022-08-11 00:28:41.368 : - Iteration: 47	[MsgId: MMSG-17999]
2022-08-11 00:28:41.368 :   Account: jojo7/bean7	[MsgId: MMSG-17999]
2022-08-11 00:28:47.049 :   Login completed	[MsgId: MMSG-17999]
2022-08-11 00:28:51.549 :   Logout completed	[MsgId: MMSG-17999]
2022-08-11 00:30:47.369 : - Iteration: 48	[MsgId: MMSG-17999]
2022-08-11 00:30:47.369 :   Account: jojo7/bean7	[MsgId: MMSG-17999]
2022-08-11 00:30:56.541 :   Login completed	[MsgId: MMSG-17999]
2022-08-11 00:31:03.074 :   Logout completed	[MsgId: MMSG-17999]
2022-08-11 00:32:53.384 : - Iteration: 49	[MsgId: MMSG-17999]
2022-08-11 00:32:53.384 :   Account: jojo7/bean7	[MsgId: MMSG-17999]
2022-08-11 00:32:59.510 :   Login completed	[MsgId: MMSG-17999]
2022-08-11 00:33:06.524 :   Logout completed	[MsgId: MMSG-17999]
2022-08-11 00:34:59.389 : - Iteration: 50	[MsgId: MMSG-17999]
2022-08-11 00:34:59.389 :   Account: jojo7/bean7	[MsgId: MMSG-17999]
2022-08-11 00:35:07.805 :   Login completed	[MsgId: MMSG-17999]
2022-08-11 00:35:12.678 :   Logout completed	[MsgId: MMSG-17999]
2022-08-11 00:37:05.402 : - Iteration: 51	[MsgId: MMSG-17999]
2022-08-11 00:37:05.402 :   Account: jojo7/bean7	[MsgId: MMSG-17999]
2022-08-11 00:37:12.986 :   Login completed	[MsgId: MMSG-17999]
2022-08-11 00:37:16.796 :   Logout completed	[MsgId: MMSG-17999]
2022-08-11 00:39:11.414 : - Iteration: 52	[MsgId: MMSG-17999]
2022-08-11 00:39:11.414 :   Account: jojo7/bean7	[MsgId: MMSG-17999]
2022-08-11 00:39:21.028 :   Login completed	[MsgId: MMSG-17999]
2022-08-11 00:39:28.605 :   Logout completed	[MsgId: MMSG-17999]
2022-08-11 00:41:17.428 : - Iteration: 53	[MsgId: MMSG-17999]
2022-08-11 00:41:17.430 :   Account: jojo7/bean7	[MsgId: MMSG-17999]
2022-08-11 00:41:31.819 :   Login completed	[MsgId: MMSG-17999]
2022-08-11 00:41:36.109 :   Logout completed	[MsgId: MMSG-17999]
2022-08-11 00:43:23.440 : - Iteration: 54	[MsgId: MMSG-17999]
2022-08-11 00:43:23.441 :   Account: jojo7/bean7	[MsgId: MMSG-17999]
2022-08-11 00:43:30.318 :   Login completed	[MsgId: MMSG-17999]
2022-08-11 00:43:33.209 :   Logout completed	[MsgId: MMSG-17999]
2022-08-11 00:45:29.441 : - Iteration: 55	[MsgId: MMSG-17999]
2022-08-11 00:45:29.441 :   Account: jojo7/bean7	[MsgId: MMSG-17999]
2022-08-11 00:45:37.852 :   Login completed	[MsgId: MMSG-17999]
2022-08-11 00:45:44.408 :   Logout completed	[MsgId: MMSG-17999]
2022-08-11 00:47:35.449 : - Iteration: 56	[MsgId: MMSG-17999]
2022-08-11 00:47:35.450 :   Account: jojo7/bean7	[MsgId: MMSG-17999]
2022-08-11 00:47:45.878 :   Login completed	[MsgId: MMSG-17999]
2022-08-11 00:47:53.154 :   Logout completed	[MsgId: MMSG-17999]
2022-08-11 00:49:41.451 : - Iteration: 57	[MsgId: MMSG-17999]
2022-08-11 00:49:41.451 :   Account: jojo7/bean7	[MsgId: MMSG-17999]
2022-08-11 00:49:54.644 :   Login completed	[MsgId: MMSG-17999]
2022-08-11 00:49:58.377 :   Logout completed	[MsgId: MMSG-17999]
2022-08-11 00:51:47.462 : - Iteration: 58	[MsgId: MMSG-17999]
2022-08-11 00:51:47.462 :   Account: jojo7/bean7	[MsgId: MMSG-17999]
2022-08-11 00:51:56.867 :   Login completed	[MsgId: MMSG-17999]
2022-08-11 00:52:02.096 :   Logout completed	[MsgId: MMSG-17999]
2022-08-11 00:53:53.466 : - Iteration: 59	[MsgId: MMSG-17999]
2022-08-11 00:53:53.467 :   Account: jojo7/bean7	[MsgId: MMSG-17999]
2022-08-11 00:54:00.091 :   Login completed	[MsgId: MMSG-17999]
2022-08-11 00:54:06.741 :   Logout completed	[MsgId: MMSG-17999]
2022-08-11 00:55:59.466 : - Iteration: 60	[MsgId: MMSG-17999]
2022-08-11 00:55:59.466 :   Account: jojo7/bean7	[MsgId: MMSG-17999]
2022-08-11 00:56:14.619 :   Login completed	[MsgId: MMSG-17999]
2022-08-11 00:56:20.205 :   Logout completed	[MsgId: MMSG-17999]
2022-08-11 00:58:05.467 : - Iteration: 61	[MsgId: MMSG-17999]
2022-08-11 00:58:05.467 :   Account: jojo7/bean7	[MsgId: MMSG-17999]
2022-08-11 00:58:15.314 :   Login completed	[MsgId: MMSG-17999]
2022-08-11 00:58:21.321 :   Logout completed	[MsgId: MMSG-17999]
2022-08-11 01:00:11.476 : - Iteration: 62	[MsgId: MMSG-17999]
2022-08-11 01:00:11.476 :   Account: jojo7/bean7	[MsgId: MMSG-17999]
2022-08-11 01:00:26.245 :   Login completed	[MsgId: MMSG-17999]
2022-08-11 01:00:30.984 :   Logout completed	[MsgId: MMSG-17999]
2022-08-11 01:02:17.489 : - Iteration: 63	[MsgId: MMSG-17999]
2022-08-11 01:02:17.489 :   Account: jojo7/bean7	[MsgId: MMSG-17999]
2022-08-11 01:02:27.316 :   Login completed	[MsgId: MMSG-17999]
2022-08-11 01:02:31.869 :   Logout completed	[MsgId: MMSG-17999]
2022-08-11 01:04:23.500 : - Iteration: 64	[MsgId: MMSG-17999]
2022-08-11 01:04:23.500 :   Account: jojo7/bean7	[MsgId: MMSG-17999]
2022-08-11 01:04:30.325 :   Login completed	[MsgId: MMSG-17999]
2022-08-11 01:04:33.160 :   Logout completed	[MsgId: MMSG-17999]
2022-08-11 01:06:29.506 : - Iteration: 65	[MsgId: MMSG-17999]
2022-08-11 01:06:29.506 :   Account: jojo7/bean7	[MsgId: MMSG-17999]
2022-08-11 01:06:44.233 :   Login completed	[MsgId: MMSG-17999]
2022-08-11 01:06:48.620 :   Logout completed	[MsgId: MMSG-17999]
2022-08-11 01:08:35.508 : - Iteration: 66	[MsgId: MMSG-17999]
2022-08-11 01:08:35.509 :   Account: jojo7/bean7	[MsgId: MMSG-17999]
2022-08-11 01:08:49.884 :   Login completed	[MsgId: MMSG-17999]
2022-08-11 01:08:54.057 :   Logout completed	[MsgId: MMSG-17999]
2022-08-11 01:10:41.519 : - Iteration: 67	[MsgId: MMSG-17999]
2022-08-11 01:10:41.519 :   Account: jojo7/bean7	[MsgId: MMSG-17999]
2022-08-11 01:10:50.646 :   Login completed	[MsgId: MMSG-17999]
2022-08-11 01:10:56.435 :   Logout completed	[MsgId: MMSG-17999]
2022-08-11 01:12:47.530 : - Iteration: 68	[MsgId: MMSG-17999]
2022-08-11 01:12:47.530 :   Account: jojo7/bean7	[MsgId: MMSG-17999]
2022-08-11 01:13:02.350 :   Login completed	[MsgId: MMSG-17999]
2022-08-11 01:13:05.177 :   Logout completed	[MsgId: MMSG-17999]
2022-08-11 01:14:53.544 : - Iteration: 69	[MsgId: MMSG-17999]
2022-08-11 01:14:53.544 :   Account: jojo7/bean7	[MsgId: MMSG-17999]
2022-08-11 01:15:00.336 :   Login completed	[MsgId: MMSG-17999]
2022-08-11 01:15:03.551 :   Logout completed	[MsgId: MMSG-17999]
2022-08-11 01:16:59.555 : - Iteration: 70	[MsgId: MMSG-17999]
2022-08-11 01:16:59.555 :   Account: jojo7/bean7	[MsgId: MMSG-17999]
2022-08-11 01:17:08.209 :   Login completed	[MsgId: MMSG-17999]
2022-08-11 01:17:14.504 :   Logout completed	[MsgId: MMSG-17999]
2022-08-11 01:19:05.555 : - Iteration: 71	[MsgId: MMSG-17999]
2022-08-11 01:19:05.555 :   Account: jojo7/bean7	[MsgId: MMSG-17999]
2022-08-11 01:19:20.741 :   Login completed	[MsgId: MMSG-17999]
2022-08-11 01:19:25.137 :   Logout completed	[MsgId: MMSG-17999]
2022-08-11 01:21:11.567 : - Iteration: 72	[MsgId: MMSG-17999]
2022-08-11 01:21:11.567 :   Account: jojo7/bean7	[MsgId: MMSG-17999]
2022-08-11 01:21:24.153 :   Login completed	[MsgId: MMSG-17999]
2022-08-11 01:21:30.520 :   Logout completed	[MsgId: MMSG-17999]
2022-08-11 01:23:17.581 : - Iteration: 73	[MsgId: MMSG-17999]
2022-08-11 01:23:17.581 :   Account: jojo7/bean7	[MsgId: MMSG-17999]
2022-08-11 01:23:27.106 :   Login completed	[MsgId: MMSG-17999]
2022-08-11 01:23:32.889 :   Logout completed	[MsgId: MMSG-17999]
2022-08-11 01:25:23.589 : - Iteration: 74	[MsgId: MMSG-17999]
2022-08-11 01:25:23.589 :   Account: jojo7/bean7	[MsgId: MMSG-17999]
2022-08-11 01:25:31.321 :   Login completed	[MsgId: MMSG-17999]
2022-08-11 01:25:37.058 :   Logout completed	[MsgId: MMSG-17999]
2022-08-11 01:27:29.596 : - Iteration: 75	[MsgId: MMSG-17999]
2022-08-11 01:27:29.596 :   Account: jojo7/bean7	[MsgId: MMSG-17999]
2022-08-11 01:27:38.694 :   Login completed	[MsgId: MMSG-17999]
2022-08-11 01:27:42.353 :   Logout completed	[MsgId: MMSG-17999]
2022-08-11 01:29:35.609 : - Iteration: 76	[MsgId: MMSG-17999]
2022-08-11 01:29:35.609 :   Account: jojo7/bean7	[MsgId: MMSG-17999]
2022-08-11 01:29:50.636 :   Login completed	[MsgId: MMSG-17999]
2022-08-11 01:29:55.924 :   Logout completed	[MsgId: MMSG-17999]
2022-08-11 01:31:41.616 : - Iteration: 77	[MsgId: MMSG-17999]
2022-08-11 01:31:41.616 :   Account: jojo7/bean7	[MsgId: MMSG-17999]
2022-08-11 01:31:50.622 :   Login completed	[MsgId: MMSG-17999]
2022-08-11 01:31:54.809 :   Logout completed	[MsgId: MMSG-17999]
2022-08-11 01:33:47.625 : - Iteration: 78	[MsgId: MMSG-17999]
2022-08-11 01:33:47.625 :   Account: jojo7/bean7	[MsgId: MMSG-17999]
2022-08-11 01:33:54.364 :   Login completed	[MsgId: MMSG-17999]
2022-08-11 01:33:59.525 :   Logout completed	[MsgId: MMSG-17999]
2022-08-11 01:35:53.635 : - Iteration: 79	[MsgId: MMSG-17999]
2022-08-11 01:35:53.635 :   Account: jojo7/bean7	[MsgId: MMSG-17999]
2022-08-11 01:36:02.940 :   Login completed	[MsgId: MMSG-17999]
2022-08-11 01:36:10.174 :   Logout completed	[MsgId: MMSG-17999]
2022-08-11 01:37:59.638 : - Iteration: 80	[MsgId: MMSG-17999]
2022-08-11 01:37:59.639 :   Account: jojo7/bean7	[MsgId: MMSG-17999]
2022-08-11 01:38:14.397 :   Login completed	[MsgId: MMSG-17999]
2022-08-11 01:38:18.006 :   Logout completed	[MsgId: MMSG-17999]
2022-08-11 01:40:05.650 : - Iteration: 81	[MsgId: MMSG-17999]
2022-08-11 01:40:05.651 :   Account: jojo7/bean7	[MsgId: MMSG-17999]
2022-08-11 01:40:21.057 :   Login completed	[MsgId: MMSG-17999]
2022-08-11 01:40:27.900 :   Logout completed	[MsgId: MMSG-17999]
2022-08-11 01:42:11.664 : - Iteration: 82	[MsgId: MMSG-17999]
2022-08-11 01:42:11.665 :   Account: jojo7/bean7	[MsgId: MMSG-17999]
2022-08-11 01:42:18.926 :   Login completed	[MsgId: MMSG-17999]
2022-08-11 01:42:23.325 :   Logout completed	[MsgId: MMSG-17999]
2022-08-11 01:44:17.667 : - Iteration: 83	[MsgId: MMSG-17999]
2022-08-11 01:44:17.667 :   Account: jojo7/bean7	[MsgId: MMSG-17999]
2022-08-11 01:44:24.868 :   Login completed	[MsgId: MMSG-17999]
2022-08-11 01:44:28.152 :   Logout completed	[MsgId: MMSG-17999]
2022-08-11 01:46:23.681 : - Iteration: 84	[MsgId: MMSG-17999]
2022-08-11 01:46:23.681 :   Account: jojo7/bean7	[MsgId: MMSG-17999]
2022-08-11 01:46:34.325 :   Login completed	[MsgId: MMSG-17999]
2022-08-11 01:46:37.446 :   Logout completed	[MsgId: MMSG-17999]
2022-08-11 01:48:29.690 : - Iteration: 85	[MsgId: MMSG-17999]
2022-08-11 01:48:29.690 :   Account: jojo7/bean7	[MsgId: MMSG-17999]
2022-08-11 01:48:36.859 :   Login completed	[MsgId: MMSG-17999]
2022-08-11 01:48:43.431 :   Logout completed	[MsgId: MMSG-17999]
2022-08-11 01:50:35.694 : - Iteration: 86	[MsgId: MMSG-17999]
2022-08-11 01:50:35.694 :   Account: jojo7/bean7	[MsgId: MMSG-17999]
2022-08-11 01:50:46.159 :   Login completed	[MsgId: MMSG-17999]
2022-08-11 01:50:50.339 :   Logout completed	[MsgId: MMSG-17999]
2022-08-11 01:52:41.706 : - Iteration: 87	[MsgId: MMSG-17999]
2022-08-11 01:52:41.706 :   Account: jojo7/bean7	[MsgId: MMSG-17999]
2022-08-11 01:52:51.630 :   Login completed	[MsgId: MMSG-17999]
2022-08-11 01:52:55.739 :   Logout completed	[MsgId: MMSG-17999]
2022-08-11 01:54:47.714 : - Iteration: 88	[MsgId: MMSG-17999]
2022-08-11 01:54:47.714 :   Account: jojo7/bean7	[MsgId: MMSG-17999]
2022-08-11 01:55:01.062 :   Login completed	[MsgId: MMSG-17999]
2022-08-11 01:55:04.774 :   Logout completed	[MsgId: MMSG-17999]
2022-08-11 01:56:53.716 : - Iteration: 89	[MsgId: MMSG-17999]
2022-08-11 01:56:53.717 :   Account: jojo7/bean7	[MsgId: MMSG-17999]
2022-08-11 01:57:05.683 :   Login completed	[MsgId: MMSG-17999]
2022-08-11 01:57:12.546 :   Logout completed	[MsgId: MMSG-17999]
2022-08-11 01:58:59.727 : - Iteration: 90	[MsgId: MMSG-17999]
2022-08-11 01:58:59.727 :   Account: jojo7/bean7	[MsgId: MMSG-17999]
2022-08-11 01:59:08.290 :   Login completed	[MsgId: MMSG-17999]
2022-08-11 01:59:11.464 :   Logout completed	[MsgId: MMSG-17999]
2022-08-11 02:01:05.729 : - Iteration: 91	[MsgId: MMSG-17999]
2022-08-11 02:01:05.730 :   Account: jojo7/bean7	[MsgId: MMSG-17999]
2022-08-11 02:01:18.122 :   Login completed	[MsgId: MMSG-17999]
2022-08-11 02:01:24.933 :   Logout completed	[MsgId: MMSG-17999]
2022-08-11 02:03:11.738 : - Iteration: 92	[MsgId: MMSG-17999]
2022-08-11 02:03:11.738 :   Account: jojo7/bean7	[MsgId: MMSG-17999]
2022-08-11 02:03:17.676 :   Login completed	[MsgId: MMSG-17999]
2022-08-11 02:03:24.834 :   Logout completed	[MsgId: MMSG-17999]
2022-08-11 02:05:17.741 : - Iteration: 93	[MsgId: MMSG-17999]
2022-08-11 02:05:17.741 :   Account: jojo7/bean7	[MsgId: MMSG-17999]
2022-08-11 02:05:30.741 :   Login completed	[MsgId: MMSG-17999]
2022-08-11 02:05:34.530 :   Logout completed	[MsgId: MMSG-17999]
2022-08-11 02:07:23.746 : - Iteration: 94	[MsgId: MMSG-17999]
2022-08-11 02:07:23.747 :   Account: jojo7/bean7	[MsgId: MMSG-17999]
2022-08-11 02:07:32.445 :   Login completed	[MsgId: MMSG-17999]
2022-08-11 02:07:36.941 :   Logout completed	[MsgId: MMSG-17999]
2022-08-11 02:09:29.761 : - Iteration: 95	[MsgId: MMSG-17999]
2022-08-11 02:09:29.761 :   Account: jojo7/bean7	[MsgId: MMSG-17999]
2022-08-11 02:09:43.480 :   Login completed	[MsgId: MMSG-17999]
2022-08-11 02:09:49.096 :   Logout completed	[MsgId: MMSG-17999]
2022-08-11 02:11:35.766 : - Iteration: 96	[MsgId: MMSG-17999]
2022-08-11 02:11:35.766 :   Account: jojo7/bean7	[MsgId: MMSG-17999]
2022-08-11 02:11:49.010 :   Login completed	[MsgId: MMSG-17999]
2022-08-11 02:11:51.916 :   Logout completed	[MsgId: MMSG-17999]
2022-08-11 02:13:41.777 : - Iteration: 97	[MsgId: MMSG-17999]
2022-08-11 02:13:41.778 :   Account: jojo7/bean7	[MsgId: MMSG-17999]
2022-08-11 02:13:49.035 :   Login completed	[MsgId: MMSG-17999]
2022-08-11 02:13:54.319 :   Logout completed	[MsgId: MMSG-17999]
2022-08-11 02:15:47.783 : - Iteration: 98	[MsgId: MMSG-17999]
2022-08-11 02:15:47.783 :   Account: jojo7/bean7	[MsgId: MMSG-17999]
2022-08-11 02:15:59.478 :   Login completed	[MsgId: MMSG-17999]
2022-08-11 02:16:07.158 :   Logout completed	[MsgId: MMSG-17999]
2022-08-11 02:17:53.788 : - Iteration: 99	[MsgId: MMSG-17999]
2022-08-11 02:17:53.788 :   Account: jojo7/bean7	[MsgId: MMSG-17999]
2022-08-11 02:18:02.745 :   Login completed	[MsgId: MMSG-17999]
2022-08-11 02:18:05.484 :   Logout completed	[MsgId: MMSG-17999]
2022-08-11 02:19:59.790 : - Iteration: 100	[MsgId: MMSG-17999]
2022-08-11 02:19:59.790 :   Account: jojo7/bean7	[MsgId: MMSG-17999]
2022-08-11 02:20:12.406 :   Login completed	[MsgId: MMSG-17999]
2022-08-11 02:20:18.619 :   Logout completed	[MsgId: MMSG-17999]
2022-08-11 02:22:05.795 : - Iteration: 101	[MsgId: MMSG-17999]
2022-08-11 02:22:05.795 :   Account: jojo7/bean7	[MsgId: MMSG-17999]
2022-08-11 02:22:13.550 :   Login completed	[MsgId: MMSG-17999]
2022-08-11 02:22:20.340 :   Logout completed	[MsgId: MMSG-17999]
2022-08-11 02:24:11.805 : - Iteration: 102	[MsgId: MMSG-17999]
2022-08-11 02:24:11.806 :   Account: jojo7/bean7	[MsgId: MMSG-17999]
2022-08-11 02:24:25.827 :   Login completed	[MsgId: MMSG-17999]
2022-08-11 02:24:31.799 :   Logout completed	[MsgId: MMSG-17999]
2022-08-11 02:26:17.820 : - Iteration: 103	[MsgId: MMSG-17999]
2022-08-11 02:26:17.821 :   Account: jojo7/bean7	[MsgId: MMSG-17999]
2022-08-11 02:26:23.814 :   Login completed	[MsgId: MMSG-17999]
2022-08-11 02:26:28.457 :   Logout completed	[MsgId: MMSG-17999]
2022-08-11 02:28:23.826 : - Iteration: 104	[MsgId: MMSG-17999]
2022-08-11 02:28:23.826 :   Account: jojo7/bean7	[MsgId: MMSG-17999]
2022-08-11 02:28:31.191 :   Login completed	[MsgId: MMSG-17999]
2022-08-11 02:28:36.359 :   Logout completed	[MsgId: MMSG-17999]
2022-08-11 02:30:29.832 : - Iteration: 105	[MsgId: MMSG-17999]
2022-08-11 02:30:29.832 :   Account: jojo7/bean7	[MsgId: MMSG-17999]
2022-08-11 02:30:43.462 :   Login completed	[MsgId: MMSG-17999]
2022-08-11 02:30:49.727 :   Logout completed	[MsgId: MMSG-17999]
2022-08-11 02:32:35.843 : - Iteration: 106	[MsgId: MMSG-17999]
2022-08-11 02:32:35.844 :   Account: jojo7/bean7	[MsgId: MMSG-17999]
2022-08-11 02:32:48.091 :   Login completed	[MsgId: MMSG-17999]
2022-08-11 02:32:54.121 :   Logout completed	[MsgId: MMSG-17999]
2022-08-11 02:34:41.858 : - Iteration: 107	[MsgId: MMSG-17999]
2022-08-11 02:34:41.858 :   Account: jojo7/bean7	[MsgId: MMSG-17999]
2022-08-11 02:34:48.232 :   Login completed	[MsgId: MMSG-17999]
2022-08-11 02:34:51.678 :   Logout completed	[MsgId: MMSG-17999]
2022-08-11 02:36:47.868 : - Iteration: 108	[MsgId: MMSG-17999]
2022-08-11 02:36:47.869 :   Account: jojo7/bean7	[MsgId: MMSG-17999]
2022-08-11 02:37:03.069 :   Login completed	[MsgId: MMSG-17999]
2022-08-11 02:37:06.459 :   Logout completed	[MsgId: MMSG-17999]
2022-08-11 02:38:53.881 : - Iteration: 109	[MsgId: MMSG-17999]
2022-08-11 02:38:53.881 :   Account: jojo7/bean7	[MsgId: MMSG-17999]
2022-08-11 02:39:09.060 :   Login completed	[MsgId: MMSG-17999]
2022-08-11 02:39:15.523 :   Logout completed	[MsgId: MMSG-17999]
2022-08-11 02:40:59.888 : - Iteration: 110	[MsgId: MMSG-17999]
2022-08-11 02:40:59.888 :   Account: jojo7/bean7	[MsgId: MMSG-17999]
2022-08-11 02:41:15.164 :   Login completed	[MsgId: MMSG-17999]
2022-08-11 02:41:21.623 :   Logout completed	[MsgId: MMSG-17999]
2022-08-11 02:43:05.894 : - Iteration: 111	[MsgId: MMSG-17999]
2022-08-11 02:43:05.894 :   Account: jojo7/bean7	[MsgId: MMSG-17999]
2022-08-11 02:43:17.916 :   Login completed	[MsgId: MMSG-17999]
2022-08-11 02:43:25.205 :   Logout completed	[MsgId: MMSG-17999]
2022-08-11 02:45:11.905 : - Iteration: 112	[MsgId: MMSG-17999]
2022-08-11 02:45:11.905 :   Account: jojo7/bean7	[MsgId: MMSG-17999]
2022-08-11 02:45:23.199 :   Login completed	[MsgId: MMSG-17999]
2022-08-11 02:45:30.683 :   Logout completed	[MsgId: MMSG-17999]
2022-08-11 02:47:17.915 : - Iteration: 113	[MsgId: MMSG-17999]
2022-08-11 02:47:17.915 :   Account: jojo7/bean7	[MsgId: MMSG-17999]
2022-08-11 02:47:28.677 :   Login completed	[MsgId: MMSG-17999]
2022-08-11 02:47:35.263 :   Logout completed	[MsgId: MMSG-17999]
2022-08-11 02:49:23.926 : - Iteration: 114	[MsgId: MMSG-17999]
2022-08-11 02:49:23.927 :   Account: jojo7/bean7	[MsgId: MMSG-17999]
2022-08-11 02:49:30.954 :   Login completed	[MsgId: MMSG-17999]
2022-08-11 02:49:34.860 :   Logout completed	[MsgId: MMSG-17999]
2022-08-11 02:51:29.940 : - Iteration: 115	[MsgId: MMSG-17999]
2022-08-11 02:51:29.940 :   Account: jojo7/bean7	[MsgId: MMSG-17999]
2022-08-11 02:51:42.820 :   Login completed	[MsgId: MMSG-17999]
2022-08-11 02:51:45.733 :   Logout completed	[MsgId: MMSG-17999]
2022-08-11 02:53:35.943 : - Iteration: 116	[MsgId: MMSG-17999]
2022-08-11 02:53:35.943 :   Account: jojo7/bean7	[MsgId: MMSG-17999]
2022-08-11 02:53:49.988 :   Login completed	[MsgId: MMSG-17999]
2022-08-11 02:53:56.067 :   Logout completed	[MsgId: MMSG-17999]
2022-08-11 02:55:41.951 : - Iteration: 117	[MsgId: MMSG-17999]
2022-08-11 02:55:41.951 :   Account: jojo7/bean7	[MsgId: MMSG-17999]
2022-08-11 02:55:48.024 :   Login completed	[MsgId: MMSG-17999]
2022-08-11 02:55:55.219 :   Logout completed	[MsgId: MMSG-17999]
2022-08-11 02:57:47.960 : - Iteration: 118	[MsgId: MMSG-17999]
2022-08-11 02:57:47.960 :   Account: jojo7/bean7	[MsgId: MMSG-17999]
2022-08-11 02:58:00.277 :   Login completed	[MsgId: MMSG-17999]
2022-08-11 02:58:06.387 :   Logout completed	[MsgId: MMSG-17999]
2022-08-11 02:59:53.965 : - Iteration: 119	[MsgId: MMSG-17999]
2022-08-11 02:59:53.966 :   Account: jojo7/bean7	[MsgId: MMSG-17999]
2022-08-11 03:00:04.368 :   Login completed	[MsgId: MMSG-17999]
2022-08-11 03:00:09.047 :   Logout completed	[MsgId: MMSG-17999]
2022-08-11 03:01:59.980 : - Iteration: 120	[MsgId: MMSG-17999]
2022-08-11 03:01:59.980 :   Account: jojo7/bean7	[MsgId: MMSG-17999]
2022-08-11 03:02:12.270 :   Login completed	[MsgId: MMSG-17999]
2022-08-11 03:02:15.889 :   Logout completed	[MsgId: MMSG-17999]
2022-08-11 03:04:05.993 : - Iteration: 121	[MsgId: MMSG-17999]
2022-08-11 03:04:05.994 :   Account: jojo7/bean7	[MsgId: MMSG-17999]
2022-08-11 03:04:17.031 :   Login completed	[MsgId: MMSG-17999]
2022-08-11 03:04:20.835 :   Logout completed	[MsgId: MMSG-17999]
2022-08-11 03:06:12.008 : - Iteration: 122	[MsgId: MMSG-17999]
2022-08-11 03:06:12.008 :   Account: jojo7/bean7	[MsgId: MMSG-17999]
2022-08-11 03:06:17.920 :   Login completed	[MsgId: MMSG-17999]
2022-08-11 03:06:23.487 :   Logout completed	[MsgId: MMSG-17999]
2022-08-11 03:08:18.021 : - Iteration: 123	[MsgId: MMSG-17999]
2022-08-11 03:08:18.022 :   Account: jojo7/bean7	[MsgId: MMSG-17999]
2022-08-11 03:08:26.381 :   Login completed	[MsgId: MMSG-17999]
2022-08-11 03:08:31.138 :   Logout completed	[MsgId: MMSG-17999]
2022-08-11 03:10:24.025 : - Iteration: 124	[MsgId: MMSG-17999]
2022-08-11 03:10:24.026 :   Account: jojo7/bean7	[MsgId: MMSG-17999]
2022-08-11 03:10:30.387 :   Login completed	[MsgId: MMSG-17999]
2022-08-11 03:10:33.265 :   Logout completed	[MsgId: MMSG-17999]
2022-08-11 03:12:30.027 : - Iteration: 125	[MsgId: MMSG-17999]
2022-08-11 03:12:30.027 :   Account: jojo7/bean7	[MsgId: MMSG-17999]
2022-08-11 03:12:39.172 :   Login completed	[MsgId: MMSG-17999]
2022-08-11 03:12:46.038 :   Logout completed	[MsgId: MMSG-17999]
2022-08-11 03:14:36.043 : - Iteration: 126	[MsgId: MMSG-17999]
2022-08-11 03:14:36.044 :   Account: jojo7/bean7	[MsgId: MMSG-17999]
2022-08-11 03:14:46.923 :   Login completed	[MsgId: MMSG-17999]
2022-08-11 03:14:53.165 :   Logout completed	[MsgId: MMSG-17999]
2022-08-11 03:16:42.049 : - Iteration: 127	[MsgId: MMSG-17999]
2022-08-11 03:16:42.049 :   Account: jojo7/bean7	[MsgId: MMSG-17999]
2022-08-11 03:16:52.079 :   Login completed	[MsgId: MMSG-17999]
2022-08-11 03:16:59.295 :   Logout completed	[MsgId: MMSG-17999]
2022-08-11 03:18:48.053 : - Iteration: 128	[MsgId: MMSG-17999]
2022-08-11 03:18:48.053 :   Account: jojo7/bean7	[MsgId: MMSG-17999]
2022-08-11 03:19:01.092 :   Login completed	[MsgId: MMSG-17999]
2022-08-11 03:19:06.472 :   Logout completed	[MsgId: MMSG-17999]
2022-08-11 03:20:54.065 : - Iteration: 129	[MsgId: MMSG-17999]
2022-08-11 03:20:54.065 :   Account: jojo7/bean7	[MsgId: MMSG-17999]
2022-08-11 03:21:04.877 :   Login completed	[MsgId: MMSG-17999]
2022-08-11 03:21:11.479 :   Logout completed	[MsgId: MMSG-17999]
2022-08-11 03:23:00.079 : - Iteration: 130	[MsgId: MMSG-17999]
2022-08-11 03:23:00.079 :   Account: jojo7/bean7	[MsgId: MMSG-17999]
2022-08-11 03:23:15.374 :   Login completed	[MsgId: MMSG-17999]
2022-08-11 03:23:22.535 :   Logout completed	[MsgId: MMSG-17999]
2022-08-11 03:25:06.079 : - Iteration: 131	[MsgId: MMSG-17999]
2022-08-11 03:25:06.079 :   Account: jojo7/bean7	[MsgId: MMSG-17999]
2022-08-11 03:25:16.752 :   Login completed	[MsgId: MMSG-17999]
2022-08-11 03:25:23.918 :   Logout completed	[MsgId: MMSG-17999]
2022-08-11 03:27:12.079 : - Iteration: 132	[MsgId: MMSG-17999]
2022-08-11 03:27:12.079 :   Account: jojo7/bean7	[MsgId: MMSG-17999]
2022-08-11 03:27:22.929 :   Login completed	[MsgId: MMSG-17999]
2022-08-11 03:27:26.895 :   Logout completed	[MsgId: MMSG-17999]
2022-08-11 03:29:18.093 : - Iteration: 133	[MsgId: MMSG-17999]
2022-08-11 03:29:18.093 :   Account: jojo7/bean7	[MsgId: MMSG-17999]
2022-08-11 03:29:31.402 :   Login completed	[MsgId: MMSG-17999]
2022-08-11 03:29:35.022 :   Logout completed	[MsgId: MMSG-17999]
2022-08-11 03:31:24.104 : - Iteration: 134	[MsgId: MMSG-17999]
2022-08-11 03:31:24.104 :   Account: jojo7/bean7	[MsgId: MMSG-17999]
2022-08-11 03:31:39.100 :   Login completed	[MsgId: MMSG-17999]
2022-08-11 03:31:46.044 :   Logout completed	[MsgId: MMSG-17999]
2022-08-11 03:33:30.106 : - Iteration: 135	[MsgId: MMSG-17999]
2022-08-11 03:33:30.106 :   Account: jojo7/bean7	[MsgId: MMSG-17999]
2022-08-11 03:33:36.660 :   Login completed	[MsgId: MMSG-17999]
2022-08-11 03:33:41.053 :   Logout completed	[MsgId: MMSG-17999]
2022-08-11 03:35:36.111 : - Iteration: 136	[MsgId: MMSG-17999]
2022-08-11 03:35:36.111 :   Account: jojo7/bean7	[MsgId: MMSG-17999]
2022-08-11 03:35:48.610 :   Login completed	[MsgId: MMSG-17999]
2022-08-11 03:35:52.504 :   Logout completed	[MsgId: MMSG-17999]
2022-08-11 03:37:42.113 : - Iteration: 137	[MsgId: MMSG-17999]
2022-08-11 03:37:42.113 :   Account: jojo7/bean7	[MsgId: MMSG-17999]
2022-08-11 03:37:56.294 :   Login completed	[MsgId: MMSG-17999]
2022-08-11 03:38:01.059 :   Logout completed	[MsgId: MMSG-17999]
2022-08-11 03:39:48.123 : - Iteration: 138	[MsgId: MMSG-17999]
2022-08-11 03:39:48.123 :   Account: jojo7/bean7	[MsgId: MMSG-17999]
2022-08-11 03:39:54.695 :   Login completed	[MsgId: MMSG-17999]
2022-08-11 03:39:59.993 :   Logout completed	[MsgId: MMSG-17999]
2022-08-11 03:41:54.128 : - Iteration: 139	[MsgId: MMSG-17999]
2022-08-11 03:41:54.128 :   Account: jojo7/bean7	[MsgId: MMSG-17999]
2022-08-11 03:42:05.496 :   Login completed	[MsgId: MMSG-17999]
2022-08-11 03:42:10.272 :   Logout completed	[MsgId: MMSG-17999]
2022-08-11 03:44:00.138 : - Iteration: 140	[MsgId: MMSG-17999]
2022-08-11 03:44:00.138 :   Account: jojo7/bean7	[MsgId: MMSG-17999]
2022-08-11 03:44:10.428 :   Login completed	[MsgId: MMSG-17999]
2022-08-11 03:44:15.858 :   Logout completed	[MsgId: MMSG-17999]
2022-08-11 03:46:06.146 : - Iteration: 141	[MsgId: MMSG-17999]
2022-08-11 03:46:06.146 :   Account: jojo7/bean7	[MsgId: MMSG-17999]
2022-08-11 03:46:13.198 :   Login completed	[MsgId: MMSG-17999]
2022-08-11 03:46:20.594 :   Logout completed	[MsgId: MMSG-17999]
2022-08-11 03:48:12.153 : - Iteration: 142	[MsgId: MMSG-17999]
2022-08-11 03:48:12.153 :   Account: jojo7/bean7	[MsgId: MMSG-17999]
2022-08-11 03:48:24.326 :   Login completed	[MsgId: MMSG-17999]
2022-08-11 03:48:29.095 :   Logout completed	[MsgId: MMSG-17999]
2022-08-11 03:50:18.160 : - Iteration: 143	[MsgId: MMSG-17999]
2022-08-11 03:50:18.160 :   Account: jojo7/bean7	[MsgId: MMSG-17999]
2022-08-11 03:50:27.112 :   Login completed	[MsgId: MMSG-17999]
2022-08-11 03:50:31.841 :   Logout completed	[MsgId: MMSG-17999]
2022-08-11 03:52:24.171 : - Iteration: 144	[MsgId: MMSG-17999]
2022-08-11 03:52:24.171 :   Account: jojo7/bean7	[MsgId: MMSG-17999]
2022-08-11 03:52:36.411 :   Login completed	[MsgId: MMSG-17999]
2022-08-11 03:52:40.687 :   Logout completed	[MsgId: MMSG-17999]
2022-08-11 03:54:30.184 : - Iteration: 145	[MsgId: MMSG-17999]
2022-08-11 03:54:30.184 :   Account: jojo7/bean7	[MsgId: MMSG-17999]
2022-08-11 03:54:39.479 :   Login completed	[MsgId: MMSG-17999]
2022-08-11 03:54:46.678 :   Logout completed	[MsgId: MMSG-17999]
2022-08-11 03:56:36.197 : - Iteration: 146	[MsgId: MMSG-17999]
2022-08-11 03:56:36.197 :   Account: jojo7/bean7	[MsgId: MMSG-17999]
2022-08-11 03:56:48.047 :   Login completed	[MsgId: MMSG-17999]
2022-08-11 03:56:52.782 :   Logout completed	[MsgId: MMSG-17999]
2022-08-11 03:58:42.198 : - Iteration: 147	[MsgId: MMSG-17999]
2022-08-11 03:58:42.198 :   Account: jojo7/bean7	[MsgId: MMSG-17999]
2022-08-11 03:58:48.748 :   Login completed	[MsgId: MMSG-17999]
2022-08-11 03:58:52.291 :   Logout completed	[MsgId: MMSG-17999]
2022-08-11 04:00:48.207 : - Iteration: 148	[MsgId: MMSG-17999]
2022-08-11 04:00:48.207 :   Account: jojo7/bean7	[MsgId: MMSG-17999]
2022-08-11 04:00:54.746 :   Login completed	[MsgId: MMSG-17999]
2022-08-11 04:01:00.809 :   Logout completed	[MsgId: MMSG-17999]
2022-08-11 04:02:54.211 : - Iteration: 149	[MsgId: MMSG-17999]
2022-08-11 04:02:54.211 :   Account: jojo7/bean7	[MsgId: MMSG-17999]
2022-08-11 04:03:02.791 :   Login completed	[MsgId: MMSG-17999]
2022-08-11 04:03:08.672 :   Logout completed	[MsgId: MMSG-17999]
2022-08-11 04:05:00.214 : - Iteration: 150	[MsgId: MMSG-17999]
2022-08-11 04:05:00.215 :   Account: jojo7/bean7	[MsgId: MMSG-17999]
2022-08-11 04:05:07.927 :   Login completed	[MsgId: MMSG-17999]
2022-08-11 04:05:10.953 :   Logout completed	[MsgId: MMSG-17999]
2022-08-11 04:07:06.221 : - Iteration: 151	[MsgId: MMSG-17999]
2022-08-11 04:07:06.221 :   Account: jojo7/bean7	[MsgId: MMSG-17999]
2022-08-11 04:07:15.912 :   Login completed	[MsgId: MMSG-17999]
2022-08-11 04:07:20.993 :   Logout completed	[MsgId: MMSG-17999]
2022-08-11 04:09:12.229 : - Iteration: 152	[MsgId: MMSG-17999]
2022-08-11 04:09:12.229 :   Account: jojo7/bean7	[MsgId: MMSG-17999]
2022-08-11 04:09:18.630 :   Login completed	[MsgId: MMSG-17999]
2022-08-11 04:09:22.689 :   Logout completed	[MsgId: MMSG-17999]
2022-08-11 04:11:18.230 : - Iteration: 153	[MsgId: MMSG-17999]
2022-08-11 04:11:18.230 :   Account: jojo7/bean7	[MsgId: MMSG-17999]
2022-08-11 04:11:28.652 :   Login completed	[MsgId: MMSG-17999]
2022-08-11 04:11:36.011 :   Logout completed	[MsgId: MMSG-17999]
2022-08-11 04:13:24.230 : - Iteration: 154	[MsgId: MMSG-17999]
2022-08-11 04:13:24.230 :   Account: jojo7/bean7	[MsgId: MMSG-17999]
2022-08-11 04:13:31.019 :   Login completed	[MsgId: MMSG-17999]
2022-08-11 04:13:37.579 :   Logout completed	[MsgId: MMSG-17999]
2022-08-11 04:15:30.240 : - Iteration: 155	[MsgId: MMSG-17999]
2022-08-11 04:15:30.240 :   Account: jojo7/bean7	[MsgId: MMSG-17999]
2022-08-11 04:15:39.341 :   Login completed	[MsgId: MMSG-17999]
2022-08-11 04:15:43.865 :   Logout completed	[MsgId: MMSG-17999]
2022-08-11 04:17:36.244 : - Iteration: 156	[MsgId: MMSG-17999]
2022-08-11 04:17:36.245 :   Account: jojo7/bean7	[MsgId: MMSG-17999]
2022-08-11 04:17:50.769 :   Login completed	[MsgId: MMSG-17999]
2022-08-11 04:17:55.010 :   Logout completed	[MsgId: MMSG-17999]
2022-08-11 04:19:42.257 : - Iteration: 157	[MsgId: MMSG-17999]
2022-08-11 04:19:42.257 :   Account: jojo7/bean7	[MsgId: MMSG-17999]
2022-08-11 04:19:49.280 :   Login completed	[MsgId: MMSG-17999]
2022-08-11 04:19:52.800 :   Logout completed	[MsgId: MMSG-17999]
2022-08-11 04:21:48.269 : - Iteration: 158	[MsgId: MMSG-17999]
2022-08-11 04:21:48.269 :   Account: jojo7/bean7	[MsgId: MMSG-17999]
2022-08-11 04:22:00.704 :   Login completed	[MsgId: MMSG-17999]
2022-08-11 04:22:08.084 :   Logout completed	[MsgId: MMSG-17999]
2022-08-11 04:23:54.276 : - Iteration: 159	[MsgId: MMSG-17999]
2022-08-11 04:23:54.276 :   Account: jojo7/bean7	[MsgId: MMSG-17999]
2022-08-11 04:24:06.469 :   Login completed	[MsgId: MMSG-17999]
2022-08-11 04:24:11.246 :   Logout completed	[MsgId: MMSG-17999]
2022-08-11 04:26:00.290 : - Iteration: 160	[MsgId: MMSG-17999]
2022-08-11 04:26:00.291 :   Account: jojo7/bean7	[MsgId: MMSG-17999]
2022-08-11 04:26:08.374 :   Login completed	[MsgId: MMSG-17999]
2022-08-11 04:26:13.264 :   Logout completed	[MsgId: MMSG-17999]
2022-08-11 04:28:06.297 : - Iteration: 161	[MsgId: MMSG-17999]
2022-08-11 04:28:06.298 :   Account: jojo7/bean7	[MsgId: MMSG-17999]
2022-08-11 04:28:20.637 :   Login completed	[MsgId: MMSG-17999]
2022-08-11 04:28:28.162 :   Logout completed	[MsgId: MMSG-17999]
2022-08-11 04:30:12.307 : - Iteration: 162	[MsgId: MMSG-17999]
2022-08-11 04:30:12.307 :   Account: jojo7/bean7	[MsgId: MMSG-17999]
2022-08-11 04:30:23.153 :   Login completed	[MsgId: MMSG-17999]
2022-08-11 04:30:30.440 :   Logout completed	[MsgId: MMSG-17999]
2022-08-11 04:32:18.320 : - Iteration: 163	[MsgId: MMSG-17999]
2022-08-11 04:32:18.320 :   Account: jojo7/bean7	[MsgId: MMSG-17999]
2022-08-11 04:32:29.514 :   Login completed	[MsgId: MMSG-17999]
2022-08-11 04:32:36.930 :   Logout completed	[MsgId: MMSG-17999]
2022-08-11 04:34:24.324 : - Iteration: 164	[MsgId: MMSG-17999]
2022-08-11 04:34:24.324 :   Account: jojo7/bean7	[MsgId: MMSG-17999]
2022-08-11 04:34:39.477 :   Login completed	[MsgId: MMSG-17999]
2022-08-11 04:34:45.692 :   Logout completed	[MsgId: MMSG-17999]
2022-08-11 04:36:30.330 : - Iteration: 165	[MsgId: MMSG-17999]
2022-08-11 04:36:30.331 :   Account: jojo7/bean7	[MsgId: MMSG-17999]
2022-08-11 04:36:42.147 :   Login completed	[MsgId: MMSG-17999]
2022-08-11 04:36:48.569 :   Logout completed	[MsgId: MMSG-17999]
2022-08-11 04:38:36.344 : - Iteration: 166	[MsgId: MMSG-17999]
2022-08-11 04:38:36.344 :   Account: jojo7/bean7	[MsgId: MMSG-17999]
2022-08-11 04:38:43.533 :   Login completed	[MsgId: MMSG-17999]
2022-08-11 04:38:46.766 :   Logout completed	[MsgId: MMSG-17999]
2022-08-11 04:40:42.357 : - Iteration: 167	[MsgId: MMSG-17999]
2022-08-11 04:40:42.357 :   Account: jojo7/bean7	[MsgId: MMSG-17999]
2022-08-11 04:40:51.595 :   Login completed	[MsgId: MMSG-17999]
2022-08-11 04:40:56.455 :   Logout completed	[MsgId: MMSG-17999]
2022-08-11 04:42:48.366 : - Iteration: 168	[MsgId: MMSG-17999]
2022-08-11 04:42:48.366 :   Account: jojo7/bean7	[MsgId: MMSG-17999]
2022-08-11 04:42:54.466 :   Login completed	[MsgId: MMSG-17999]
2022-08-11 04:43:00.117 :   Logout completed	[MsgId: MMSG-17999]
2022-08-11 04:44:54.373 : - Iteration: 169	[MsgId: MMSG-17999]
2022-08-11 04:44:54.373 :   Account: jojo7/bean7	[MsgId: MMSG-17999]
2022-08-11 04:45:06.954 :   Login completed	[MsgId: MMSG-17999]
2022-08-11 04:45:12.046 :   Logout completed	[MsgId: MMSG-17999]
2022-08-11 04:47:00.385 : - Iteration: 170	[MsgId: MMSG-17999]
2022-08-11 04:47:00.386 :   Account: jojo7/bean7	[MsgId: MMSG-17999]
2022-08-11 04:47:11.349 :   Login completed	[MsgId: MMSG-17999]
2022-08-11 04:47:15.921 :   Logout completed	[MsgId: MMSG-17999]
2022-08-11 04:49:06.389 : - Iteration: 171	[MsgId: MMSG-17999]
2022-08-11 04:49:06.389 :   Account: jojo7/bean7	[MsgId: MMSG-17999]
2022-08-11 04:49:18.514 :   Login completed	[MsgId: MMSG-17999]
2022-08-11 04:49:25.435 :   Logout completed	[MsgId: MMSG-17999]
2022-08-11 04:51:12.395 : - Iteration: 172	[MsgId: MMSG-17999]
2022-08-11 04:51:12.395 :   Account: jojo7/bean7	[MsgId: MMSG-17999]
2022-08-11 04:51:27.037 :   Login completed	[MsgId: MMSG-17999]
2022-08-11 04:51:32.326 :   Logout completed	[MsgId: MMSG-17999]
2022-08-11 04:53:18.403 : - Iteration: 173	[MsgId: MMSG-17999]
2022-08-11 04:53:18.403 :   Account: jojo7/bean7	[MsgId: MMSG-17999]
2022-08-11 04:53:31.063 :   Login completed	[MsgId: MMSG-17999]
2022-08-11 04:53:37.137 :   Logout completed	[MsgId: MMSG-17999]
2022-08-11 04:55:24.412 : - Iteration: 174	[MsgId: MMSG-17999]
2022-08-11 04:55:24.412 :   Account: jojo7/bean7	[MsgId: MMSG-17999]
2022-08-11 04:55:33.528 :   Login completed	[MsgId: MMSG-17999]
2022-08-11 04:55:37.450 :   Logout completed	[MsgId: MMSG-17999]
2022-08-11 04:57:30.415 : - Iteration: 175	[MsgId: MMSG-17999]
2022-08-11 04:57:30.415 :   Account: jojo7/bean7	[MsgId: MMSG-17999]
2022-08-11 04:57:40.989 :   Login completed	[MsgId: MMSG-17999]
2022-08-11 04:57:46.905 :   Logout completed	[MsgId: MMSG-17999]
2022-08-11 04:59:36.425 : - Iteration: 176	[MsgId: MMSG-17999]
2022-08-11 04:59:36.425 :   Account: jojo7/bean7	[MsgId: MMSG-17999]
2022-08-11 04:59:51.740 :   Login completed	[MsgId: MMSG-17999]
2022-08-11 04:59:54.911 :   Logout completed	[MsgId: MMSG-17999]
2022-08-11 05:01:42.428 : - Iteration: 177	[MsgId: MMSG-17999]
2022-08-11 05:01:42.429 :   Account: jojo7/bean7	[MsgId: MMSG-17999]
2022-08-11 05:01:53.920 :   Login completed	[MsgId: MMSG-17999]
2022-08-11 05:02:00.897 :   Logout completed	[MsgId: MMSG-17999]
