2022-08-11 02:57:12.522 : URL = localhost:1080	[MsgId: MMSG-17999]
2022-08-11 02:57:12.554 : - Iteration: 1	[MsgId: MMSG-17999]
2022-08-11 02:57:12.554 :   Account: jojo27/bean27	[MsgId: MMSG-17999]
2022-08-11 02:57:27.655 :   Login completed	[MsgId: MMSG-17999]
2022-08-11 02:57:33.248 :   Logout completed	[MsgId: MMSG-17999]
2022-08-11 02:59:18.568 : - Iteration: 2	[MsgId: MMSG-17999]
2022-08-11 02:59:18.568 :   Account: jojo27/bean27	[MsgId: MMSG-17999]
2022-08-11 02:59:24.783 :   Login completed	[MsgId: MMSG-17999]
2022-08-11 02:59:31.088 :   Logout completed	[MsgId: MMSG-17999]
2022-08-11 03:01:24.582 : - Iteration: 3	[MsgId: MMSG-17999]
2022-08-11 03:01:24.583 :   Account: jojo27/bean27	[MsgId: MMSG-17999]
2022-08-11 03:01:37.084 :   Login completed	[MsgId: MMSG-17999]
2022-08-11 03:01:44.138 :   Logout completed	[MsgId: MMSG-17999]
2022-08-11 03:03:30.583 : - Iteration: 4	[MsgId: MMSG-17999]
2022-08-11 03:03:30.584 :   Account: jojo27/bean27	[MsgId: MMSG-17999]
2022-08-11 03:03:41.025 :   Login completed	[MsgId: MMSG-17999]
2022-08-11 03:03:46.946 :   Logout completed	[MsgId: MMSG-17999]
2022-08-11 03:05:36.584 : - Iteration: 5	[MsgId: MMSG-17999]
2022-08-11 03:05:36.584 :   Account: jojo27/bean27	[MsgId: MMSG-17999]
2022-08-11 03:05:49.448 :   Login completed	[MsgId: MMSG-17999]
2022-08-11 03:05:52.991 :   Logout completed	[MsgId: MMSG-17999]
2022-08-11 03:07:42.588 : - Iteration: 6	[MsgId: MMSG-17999]
2022-08-11 03:07:42.588 :   Account: jojo27/bean27	[MsgId: MMSG-17999]
2022-08-11 03:07:56.172 :   Login completed	[MsgId: MMSG-17999]
2022-08-11 03:08:01.092 :   Logout completed	[MsgId: MMSG-17999]
2022-08-11 03:09:48.592 : - Iteration: 7	[MsgId: MMSG-17999]
2022-08-11 03:09:48.592 :   Account: jojo27/bean27	[MsgId: MMSG-17999]
2022-08-11 03:09:57.936 :   Login completed	[MsgId: MMSG-17999]
2022-08-11 03:10:05.765 :   Logout completed	[MsgId: MMSG-17999]
2022-08-11 03:11:54.602 : - Iteration: 8	[MsgId: MMSG-17999]
2022-08-11 03:11:54.603 :   Account: jojo27/bean27	[MsgId: MMSG-17999]
2022-08-11 03:12:07.050 :   Login completed	[MsgId: MMSG-17999]
2022-08-11 03:12:10.920 :   Logout completed	[MsgId: MMSG-17999]
2022-08-11 03:14:00.613 : - Iteration: 9	[MsgId: MMSG-17999]
2022-08-11 03:14:00.613 :   Account: jojo27/bean27	[MsgId: MMSG-17999]
2022-08-11 03:14:11.853 :   Login completed	[MsgId: MMSG-17999]
2022-08-11 03:14:15.463 :   Logout completed	[MsgId: MMSG-17999]
2022-08-11 03:16:06.625 : - Iteration: 10	[MsgId: MMSG-17999]
2022-08-11 03:16:06.626 :   Account: jojo27/bean27	[MsgId: MMSG-17999]
2022-08-11 03:16:17.964 :   Login completed	[MsgId: MMSG-17999]
2022-08-11 03:16:25.385 :   Logout completed	[MsgId: MMSG-17999]
2022-08-11 03:18:12.628 : - Iteration: 11	[MsgId: MMSG-17999]
2022-08-11 03:18:12.628 :   Account: jojo27/bean27	[MsgId: MMSG-17999]
2022-08-11 03:18:24.415 :   Login completed	[MsgId: MMSG-17999]
2022-08-11 03:18:27.659 :   Logout completed	[MsgId: MMSG-17999]
2022-08-11 03:20:18.642 : - Iteration: 12	[MsgId: MMSG-17999]
2022-08-11 03:20:18.642 :   Account: jojo27/bean27	[MsgId: MMSG-17999]
2022-08-11 03:20:25.231 :   Login completed	[MsgId: MMSG-17999]
2022-08-11 03:20:28.536 :   Logout completed	[MsgId: MMSG-17999]
2022-08-11 03:22:24.655 : - Iteration: 13	[MsgId: MMSG-17999]
2022-08-11 03:22:24.655 :   Account: jojo27/bean27	[MsgId: MMSG-17999]
2022-08-11 03:22:31.202 :   Login completed	[MsgId: MMSG-17999]
2022-08-11 03:22:36.655 :   Logout completed	[MsgId: MMSG-17999]
2022-08-11 03:24:30.656 : - Iteration: 14	[MsgId: MMSG-17999]
2022-08-11 03:24:30.656 :   Account: jojo27/bean27	[MsgId: MMSG-17999]
2022-08-11 03:24:41.787 :   Login completed	[MsgId: MMSG-17999]
2022-08-11 03:24:49.203 :   Logout completed	[MsgId: MMSG-17999]
2022-08-11 03:26:36.656 : - Iteration: 15	[MsgId: MMSG-17999]
2022-08-11 03:26:36.656 :   Account: jojo27/bean27	[MsgId: MMSG-17999]
2022-08-11 03:26:43.177 :   Login completed	[MsgId: MMSG-17999]
2022-08-11 03:26:46.353 :   Logout completed	[MsgId: MMSG-17999]
2022-08-11 03:28:42.668 : - Iteration: 16	[MsgId: MMSG-17999]
2022-08-11 03:28:42.668 :   Account: jojo27/bean27	[MsgId: MMSG-17999]
2022-08-11 03:28:54.276 :   Login completed	[MsgId: MMSG-17999]
2022-08-11 03:28:58.866 :   Logout completed	[MsgId: MMSG-17999]
2022-08-11 03:30:48.682 : - Iteration: 17	[MsgId: MMSG-17999]
2022-08-11 03:30:48.682 :   Account: jojo27/bean27	[MsgId: MMSG-17999]
2022-08-11 03:30:55.633 :   Login completed	[MsgId: MMSG-17999]
2022-08-11 03:31:01.217 :   Logout completed	[MsgId: MMSG-17999]
2022-08-11 03:32:54.688 : - Iteration: 18	[MsgId: MMSG-17999]
2022-08-11 03:32:54.689 :   Account: jojo27/bean27	[MsgId: MMSG-17999]
2022-08-11 03:33:06.773 :   Login completed	[MsgId: MMSG-17999]
2022-08-11 03:33:09.681 :   Logout completed	[MsgId: MMSG-17999]
2022-08-11 03:35:00.695 : - Iteration: 19	[MsgId: MMSG-17999]
2022-08-11 03:35:00.695 :   Account: jojo27/bean27	[MsgId: MMSG-17999]
2022-08-11 03:35:13.275 :   Login completed	[MsgId: MMSG-17999]
2022-08-11 03:35:18.151 :   Logout completed	[MsgId: MMSG-17999]
2022-08-11 03:37:06.700 : - Iteration: 20	[MsgId: MMSG-17999]
2022-08-11 03:37:06.701 :   Account: jojo27/bean27	[MsgId: MMSG-17999]
2022-08-11 03:37:17.755 :   Login completed	[MsgId: MMSG-17999]
2022-08-11 03:37:21.396 :   Logout completed	[MsgId: MMSG-17999]
2022-08-11 03:39:12.706 : - Iteration: 21	[MsgId: MMSG-17999]
2022-08-11 03:39:12.707 :   Account: jojo27/bean27	[MsgId: MMSG-17999]
2022-08-11 03:39:21.421 :   Login completed	[MsgId: MMSG-17999]
2022-08-11 03:39:24.779 :   Logout completed	[MsgId: MMSG-17999]
2022-08-11 03:41:18.719 : - Iteration: 22	[MsgId: MMSG-17999]
2022-08-11 03:41:18.719 :   Account: jojo27/bean27	[MsgId: MMSG-17999]
2022-08-11 03:41:33.861 :   Login completed	[MsgId: MMSG-17999]
2022-08-11 03:41:39.170 :   Logout completed	[MsgId: MMSG-17999]
2022-08-11 03:43:24.731 : - Iteration: 23	[MsgId: MMSG-17999]
2022-08-11 03:43:24.732 :   Account: jojo27/bean27	[MsgId: MMSG-17999]
2022-08-11 03:43:37.250 :   Login completed	[MsgId: MMSG-17999]
2022-08-11 03:43:42.601 :   Logout completed	[MsgId: MMSG-17999]
2022-08-11 03:45:30.733 : - Iteration: 24	[MsgId: MMSG-17999]
2022-08-11 03:45:30.734 :   Account: jojo27/bean27	[MsgId: MMSG-17999]
2022-08-11 03:45:43.735 :   Login completed	[MsgId: MMSG-17999]
2022-08-11 03:45:47.906 :   Logout completed	[MsgId: MMSG-17999]
2022-08-11 03:47:36.748 : - Iteration: 25	[MsgId: MMSG-17999]
2022-08-11 03:47:36.748 :   Account: jojo27/bean27	[MsgId: MMSG-17999]
2022-08-11 03:47:42.709 :   Login completed	[MsgId: MMSG-17999]
2022-08-11 03:47:49.129 :   Logout completed	[MsgId: MMSG-17999]
2022-08-11 03:49:42.758 : - Iteration: 26	[MsgId: MMSG-17999]
2022-08-11 03:49:42.759 :   Account: jojo27/bean27	[MsgId: MMSG-17999]
2022-08-11 03:49:54.526 :   Login completed	[MsgId: MMSG-17999]
2022-08-11 03:49:58.992 :   Logout completed	[MsgId: MMSG-17999]
2022-08-11 03:51:48.770 : - Iteration: 27	[MsgId: MMSG-17999]
2022-08-11 03:51:48.771 :   Account: jojo27/bean27	[MsgId: MMSG-17999]
2022-08-11 03:51:54.394 :   Login completed	[MsgId: MMSG-17999]
2022-08-11 03:51:57.641 :   Logout completed	[MsgId: MMSG-17999]
2022-08-11 03:53:54.777 : - Iteration: 28	[MsgId: MMSG-17999]
2022-08-11 03:53:54.777 :   Account: jojo27/bean27	[MsgId: MMSG-17999]
2022-08-11 03:54:01.885 :   Login completed	[MsgId: MMSG-17999]
2022-08-11 03:54:09.148 :   Logout completed	[MsgId: MMSG-17999]
2022-08-11 03:56:00.790 : - Iteration: 29	[MsgId: MMSG-17999]
2022-08-11 03:56:00.790 :   Account: jojo27/bean27	[MsgId: MMSG-17999]
2022-08-11 03:56:08.438 :   Login completed	[MsgId: MMSG-17999]
2022-08-11 03:56:11.685 :   Logout completed	[MsgId: MMSG-17999]
2022-08-11 03:58:06.798 : - Iteration: 30	[MsgId: MMSG-17999]
2022-08-11 03:58:06.799 :   Account: jojo27/bean27	[MsgId: MMSG-17999]
2022-08-11 03:58:16.778 :   Login completed	[MsgId: MMSG-17999]
2022-08-11 03:58:22.366 :   Logout completed	[MsgId: MMSG-17999]
2022-08-11 04:00:12.799 : - Iteration: 31	[MsgId: MMSG-17999]
2022-08-11 04:00:12.799 :   Account: jojo27/bean27	[MsgId: MMSG-17999]
2022-08-11 04:00:28.331 :   Login completed	[MsgId: MMSG-17999]
2022-08-11 04:00:34.611 :   Logout completed	[MsgId: MMSG-17999]
2022-08-11 04:02:18.803 : - Iteration: 32	[MsgId: MMSG-17999]
2022-08-11 04:02:18.803 :   Account: jojo27/bean27	[MsgId: MMSG-17999]
2022-08-11 04:02:30.862 :   Login completed	[MsgId: MMSG-17999]
2022-08-11 04:02:34.766 :   Logout completed	[MsgId: MMSG-17999]
2022-08-11 04:04:24.806 : - Iteration: 33	[MsgId: MMSG-17999]
2022-08-11 04:04:24.806 :   Account: jojo27/bean27	[MsgId: MMSG-17999]
2022-08-11 04:04:35.913 :   Login completed	[MsgId: MMSG-17999]
2022-08-11 04:04:41.863 :   Logout completed	[MsgId: MMSG-17999]
2022-08-11 04:06:30.816 : - Iteration: 34	[MsgId: MMSG-17999]
2022-08-11 04:06:30.816 :   Account: jojo27/bean27	[MsgId: MMSG-17999]
2022-08-11 04:06:45.255 :   Login completed	[MsgId: MMSG-17999]
2022-08-11 04:06:49.013 :   Logout completed	[MsgId: MMSG-17999]
2022-08-11 04:08:36.829 : - Iteration: 35	[MsgId: MMSG-17999]
2022-08-11 04:08:36.829 :   Account: jojo27/bean27	[MsgId: MMSG-17999]
2022-08-11 04:08:42.975 :   Login completed	[MsgId: MMSG-17999]
2022-08-11 04:08:47.101 :   Logout completed	[MsgId: MMSG-17999]
2022-08-11 04:10:42.841 : - Iteration: 36	[MsgId: MMSG-17999]
2022-08-11 04:10:42.841 :   Account: jojo27/bean27	[MsgId: MMSG-17999]
2022-08-11 04:10:56.337 :   Login completed	[MsgId: MMSG-17999]
2022-08-11 04:10:59.241 :   Logout completed	[MsgId: MMSG-17999]
2022-08-11 04:12:48.853 : - Iteration: 37	[MsgId: MMSG-17999]
2022-08-11 04:12:48.853 :   Account: jojo27/bean27	[MsgId: MMSG-17999]
2022-08-11 04:13:03.901 :   Login completed	[MsgId: MMSG-17999]
2022-08-11 04:13:08.309 :   Logout completed	[MsgId: MMSG-17999]
2022-08-11 04:14:54.867 : - Iteration: 38	[MsgId: MMSG-17999]
2022-08-11 04:14:54.868 :   Account: jojo27/bean27	[MsgId: MMSG-17999]
2022-08-11 04:15:09.633 :   Login completed	[MsgId: MMSG-17999]
2022-08-11 04:15:16.888 :   Logout completed	[MsgId: MMSG-17999]
2022-08-11 04:17:00.873 : - Iteration: 39	[MsgId: MMSG-17999]
2022-08-11 04:17:00.873 :   Account: jojo27/bean27	[MsgId: MMSG-17999]
2022-08-11 04:17:14.964 :   Login completed	[MsgId: MMSG-17999]
2022-08-11 04:17:20.045 :   Logout completed	[MsgId: MMSG-17999]
2022-08-11 04:19:06.880 : - Iteration: 40	[MsgId: MMSG-17999]
2022-08-11 04:19:06.880 :   Account: jojo27/bean27	[MsgId: MMSG-17999]
2022-08-11 04:19:14.975 :   Login completed	[MsgId: MMSG-17999]
2022-08-11 04:19:17.950 :   Logout completed	[MsgId: MMSG-17999]
2022-08-11 04:21:12.894 : - Iteration: 41	[MsgId: MMSG-17999]
2022-08-11 04:21:12.895 :   Account: jojo27/bean27	[MsgId: MMSG-17999]
2022-08-11 04:21:26.246 :   Login completed	[MsgId: MMSG-17999]
2022-08-11 04:21:32.502 :   Logout completed	[MsgId: MMSG-17999]
2022-08-11 04:23:18.906 : - Iteration: 42	[MsgId: MMSG-17999]
2022-08-11 04:23:18.907 :   Account: jojo27/bean27	[MsgId: MMSG-17999]
2022-08-11 04:23:26.662 :   Login completed	[MsgId: MMSG-17999]
2022-08-11 04:23:30.364 :   Logout completed	[MsgId: MMSG-17999]
2022-08-11 04:25:24.920 : - Iteration: 43	[MsgId: MMSG-17999]
2022-08-11 04:25:24.920 :   Account: jojo27/bean27	[MsgId: MMSG-17999]
2022-08-11 04:25:33.714 :   Login completed	[MsgId: MMSG-17999]
2022-08-11 04:25:37.044 :   Logout completed	[MsgId: MMSG-17999]
2022-08-11 04:27:30.934 : - Iteration: 44	[MsgId: MMSG-17999]
2022-08-11 04:27:30.934 :   Account: jojo27/bean27	[MsgId: MMSG-17999]
2022-08-11 04:27:44.993 :   Login completed	[MsgId: MMSG-17999]
2022-08-11 04:27:51.172 :   Logout completed	[MsgId: MMSG-17999]
2022-08-11 04:29:36.945 : - Iteration: 45	[MsgId: MMSG-17999]
2022-08-11 04:29:36.946 :   Account: jojo27/bean27	[MsgId: MMSG-17999]
2022-08-11 04:29:49.315 :   Login completed	[MsgId: MMSG-17999]
2022-08-11 04:29:52.570 :   Logout completed	[MsgId: MMSG-17999]
2022-08-11 04:31:42.957 : - Iteration: 46	[MsgId: MMSG-17999]
2022-08-11 04:31:42.957 :   Account: jojo27/bean27	[MsgId: MMSG-17999]
2022-08-11 04:31:52.272 :   Login completed	[MsgId: MMSG-17999]
2022-08-11 04:31:56.924 :   Logout completed	[MsgId: MMSG-17999]
2022-08-11 04:33:48.969 : - Iteration: 47	[MsgId: MMSG-17999]
2022-08-11 04:33:48.969 :   Account: jojo27/bean27	[MsgId: MMSG-17999]
2022-08-11 04:33:59.652 :   Login completed	[MsgId: MMSG-17999]
2022-08-11 04:34:02.707 :   Logout completed	[MsgId: MMSG-17999]
2022-08-11 04:35:54.974 : - Iteration: 48	[MsgId: MMSG-17999]
2022-08-11 04:35:54.975 :   Account: jojo27/bean27	[MsgId: MMSG-17999]
2022-08-11 04:36:06.797 :   Login completed	[MsgId: MMSG-17999]
2022-08-11 04:36:11.206 :   Logout completed	[MsgId: MMSG-17999]
2022-08-11 04:38:00.987 : - Iteration: 49	[MsgId: MMSG-17999]
2022-08-11 04:38:00.987 :   Account: jojo27/bean27	[MsgId: MMSG-17999]
2022-08-11 04:38:12.409 :   Login completed	[MsgId: MMSG-17999]
2022-08-11 04:38:17.840 :   Logout completed	[MsgId: MMSG-17999]
2022-08-11 04:40:06.986 : - Iteration: 50	[MsgId: MMSG-17999]
2022-08-11 04:40:06.987 :   Account: jojo27/bean27	[MsgId: MMSG-17999]
2022-08-11 04:40:18.396 :   Login completed	[MsgId: MMSG-17999]
2022-08-11 04:40:21.273 :   Logout completed	[MsgId: MMSG-17999]
2022-08-11 04:42:13.004 : - Iteration: 51	[MsgId: MMSG-17999]
2022-08-11 04:42:13.005 :   Account: jojo27/bean27	[MsgId: MMSG-17999]
2022-08-11 04:42:21.231 :   Login completed	[MsgId: MMSG-17999]
2022-08-11 04:42:24.683 :   Logout completed	[MsgId: MMSG-17999]
2022-08-11 04:44:19.009 : - Iteration: 52	[MsgId: MMSG-17999]
2022-08-11 04:44:19.009 :   Account: jojo27/bean27	[MsgId: MMSG-17999]
2022-08-11 04:44:33.625 :   Login completed	[MsgId: MMSG-17999]
2022-08-11 04:44:37.898 :   Logout completed	[MsgId: MMSG-17999]
2022-08-11 04:46:25.013 : - Iteration: 53	[MsgId: MMSG-17999]
2022-08-11 04:46:25.014 :   Account: jojo27/bean27	[MsgId: MMSG-17999]
2022-08-11 04:46:36.509 :   Login completed	[MsgId: MMSG-17999]
2022-08-11 04:46:41.586 :   Logout completed	[MsgId: MMSG-17999]
2022-08-11 04:48:31.019 : - Iteration: 54	[MsgId: MMSG-17999]
2022-08-11 04:48:31.019 :   Account: jojo27/bean27	[MsgId: MMSG-17999]
2022-08-11 04:48:45.013 :   Login completed	[MsgId: MMSG-17999]
2022-08-11 04:48:51.335 :   Logout completed	[MsgId: MMSG-17999]
2022-08-11 04:50:37.027 : - Iteration: 55	[MsgId: MMSG-17999]
2022-08-11 04:50:37.027 :   Account: jojo27/bean27	[MsgId: MMSG-17999]
2022-08-11 04:50:51.584 :   Login completed	[MsgId: MMSG-17999]
2022-08-11 04:50:58.766 :   Logout completed	[MsgId: MMSG-17999]
2022-08-11 04:52:43.030 : - Iteration: 56	[MsgId: MMSG-17999]
2022-08-11 04:52:43.031 :   Account: jojo27/bean27	[MsgId: MMSG-17999]
2022-08-11 04:52:53.729 :   Login completed	[MsgId: MMSG-17999]
2022-08-11 04:53:00.516 :   Logout completed	[MsgId: MMSG-17999]
2022-08-11 04:54:49.039 : - Iteration: 57	[MsgId: MMSG-17999]
2022-08-11 04:54:49.039 :   Account: jojo27/bean27	[MsgId: MMSG-17999]
2022-08-11 04:55:04.625 :   Login completed	[MsgId: MMSG-17999]
2022-08-11 04:55:08.264 :   Logout completed	[MsgId: MMSG-17999]
2022-08-11 04:56:55.050 : - Iteration: 58	[MsgId: MMSG-17999]
2022-08-11 04:56:55.051 :   Account: jojo27/bean27	[MsgId: MMSG-17999]
2022-08-11 04:57:02.177 :   Login completed	[MsgId: MMSG-17999]
2022-08-11 04:57:08.597 :   Logout completed	[MsgId: MMSG-17999]
2022-08-11 04:59:01.062 : - Iteration: 59	[MsgId: MMSG-17999]
2022-08-11 04:59:01.062 :   Account: jojo27/bean27	[MsgId: MMSG-17999]
2022-08-11 04:59:16.005 :   Login completed	[MsgId: MMSG-17999]
2022-08-11 04:59:22.778 :   Logout completed	[MsgId: MMSG-17999]
2022-08-11 05:01:07.075 : - Iteration: 60	[MsgId: MMSG-17999]
2022-08-11 05:01:07.076 :   Account: jojo27/bean27	[MsgId: MMSG-17999]
2022-08-11 05:01:18.490 :   Login completed	[MsgId: MMSG-17999]
2022-08-11 05:01:22.225 :   Logout completed	[MsgId: MMSG-17999]
2022-08-11 05:03:13.077 : - Iteration: 61	[MsgId: MMSG-17999]
2022-08-11 05:03:13.078 :   Account: jojo27/bean27	[MsgId: MMSG-17999]
2022-08-11 05:03:19.367 :   Login completed	[MsgId: MMSG-17999]
2022-08-11 05:03:23.839 :   Logout completed	[MsgId: MMSG-17999]
2022-08-11 05:05:19.088 : - Iteration: 62	[MsgId: MMSG-17999]
2022-08-11 05:05:19.088 :   Account: jojo27/bean27	[MsgId: MMSG-17999]
2022-08-11 05:05:29.978 :   Login completed	[MsgId: MMSG-17999]
2022-08-11 05:05:34.358 :   Logout completed	[MsgId: MMSG-17999]
2022-08-11 05:07:25.087 : - Iteration: 63	[MsgId: MMSG-17999]
2022-08-11 05:07:25.087 :   Account: jojo27/bean27	[MsgId: MMSG-17999]
2022-08-11 05:07:39.186 :   Login completed	[MsgId: MMSG-17999]
2022-08-11 05:07:43.904 :   Logout completed	[MsgId: MMSG-17999]
