2022-08-11 00:53:17.236 : URL = localhost:1080	[MsgId: MMSG-17999]
2022-08-11 00:53:17.269 : - Iteration: 1	[MsgId: MMSG-17999]
2022-08-11 00:53:17.269 :   Account: jojo12/bean12	[MsgId: MMSG-17999]
2022-08-11 00:53:24.845 :   Login completed	[MsgId: MMSG-17999]
2022-08-11 00:53:32.105 :   Logout completed	[MsgId: MMSG-17999]
2022-08-11 00:55:23.274 : - Iteration: 2	[MsgId: MMSG-17999]
2022-08-11 00:55:23.275 :   Account: jojo12/bean12	[MsgId: MMSG-17999]
2022-08-11 00:55:33.911 :   Login completed	[MsgId: MMSG-17999]
2022-08-11 00:55:36.704 :   Logout completed	[MsgId: MMSG-17999]
2022-08-11 00:57:29.277 : - Iteration: 3	[MsgId: MMSG-17999]
2022-08-11 00:57:29.278 :   Account: jojo12/bean12	[MsgId: MMSG-17999]
2022-08-11 00:57:35.466 :   Login completed	[MsgId: MMSG-17999]
2022-08-11 00:57:39.637 :   Logout completed	[MsgId: MMSG-17999]
2022-08-11 00:59:35.284 : - Iteration: 4	[MsgId: MMSG-17999]
2022-08-11 00:59:35.284 :   Account: jojo12/bean12	[MsgId: MMSG-17999]
2022-08-11 00:59:40.915 :   Login completed	[MsgId: MMSG-17999]
2022-08-11 00:59:47.590 :   Logout completed	[MsgId: MMSG-17999]
2022-08-11 01:01:41.284 : - Iteration: 5	[MsgId: MMSG-17999]
2022-08-11 01:01:41.285 :   Account: jojo12/bean12	[MsgId: MMSG-17999]
2022-08-11 01:01:48.456 :   Login completed	[MsgId: MMSG-17999]
2022-08-11 01:01:55.058 :   Logout completed	[MsgId: MMSG-17999]
2022-08-11 01:03:47.298 : - Iteration: 6	[MsgId: MMSG-17999]
2022-08-11 01:03:47.298 :   Account: jojo12/bean12	[MsgId: MMSG-17999]
2022-08-11 01:03:55.555 :   Login completed	[MsgId: MMSG-17999]
2022-08-11 01:03:59.868 :   Logout completed	[MsgId: MMSG-17999]
2022-08-11 01:05:53.307 : - Iteration: 7	[MsgId: MMSG-17999]
2022-08-11 01:05:53.308 :   Account: jojo12/bean12	[MsgId: MMSG-17999]
2022-08-11 01:06:04.097 :   Login completed	[MsgId: MMSG-17999]
2022-08-11 01:06:11.641 :   Logout completed	[MsgId: MMSG-17999]
2022-08-11 01:07:59.307 : - Iteration: 8	[MsgId: MMSG-17999]
2022-08-11 01:07:59.307 :   Account: jojo12/bean12	[MsgId: MMSG-17999]
2022-08-11 01:08:04.863 :   Login completed	[MsgId: MMSG-17999]
2022-08-11 01:08:09.572 :   Logout completed	[MsgId: MMSG-17999]
2022-08-11 01:10:05.312 : - Iteration: 9	[MsgId: MMSG-17999]
2022-08-11 01:10:05.312 :   Account: jojo12/bean12	[MsgId: MMSG-17999]
2022-08-11 01:10:13.956 :   Login completed	[MsgId: MMSG-17999]
2022-08-11 01:10:19.648 :   Logout completed	[MsgId: MMSG-17999]
2022-08-11 01:12:11.313 : - Iteration: 10	[MsgId: MMSG-17999]
2022-08-11 01:12:11.313 :   Account: jojo12/bean12	[MsgId: MMSG-17999]
2022-08-11 01:12:18.669 :   Login completed	[MsgId: MMSG-17999]
2022-08-11 01:12:22.458 :   Logout completed	[MsgId: MMSG-17999]
2022-08-11 01:14:17.315 : - Iteration: 11	[MsgId: MMSG-17999]
2022-08-11 01:14:17.315 :   Account: jojo12/bean12	[MsgId: MMSG-17999]
2022-08-11 01:14:28.719 :   Login completed	[MsgId: MMSG-17999]
2022-08-11 01:14:34.713 :   Logout completed	[MsgId: MMSG-17999]
2022-08-11 01:16:23.318 : - Iteration: 12	[MsgId: MMSG-17999]
2022-08-11 01:16:23.319 :   Account: jojo12/bean12	[MsgId: MMSG-17999]
2022-08-11 01:16:32.184 :   Login completed	[MsgId: MMSG-17999]
2022-08-11 01:16:35.614 :   Logout completed	[MsgId: MMSG-17999]
2022-08-11 01:18:29.326 : - Iteration: 13	[MsgId: MMSG-17999]
2022-08-11 01:18:29.327 :   Account: jojo12/bean12	[MsgId: MMSG-17999]
2022-08-11 01:18:43.944 :   Login completed	[MsgId: MMSG-17999]
2022-08-11 01:18:50.663 :   Logout completed	[MsgId: MMSG-17999]
2022-08-11 01:20:35.330 : - Iteration: 14	[MsgId: MMSG-17999]
2022-08-11 01:20:35.330 :   Account: jojo12/bean12	[MsgId: MMSG-17999]
2022-08-11 01:20:44.018 :   Login completed	[MsgId: MMSG-17999]
2022-08-11 01:20:47.588 :   Logout completed	[MsgId: MMSG-17999]
2022-08-11 01:22:41.344 : - Iteration: 15	[MsgId: MMSG-17999]
2022-08-11 01:22:41.344 :   Account: jojo12/bean12	[MsgId: MMSG-17999]
2022-08-11 01:22:55.423 :   Login completed	[MsgId: MMSG-17999]
2022-08-11 01:22:59.151 :   Logout completed	[MsgId: MMSG-17999]
2022-08-11 01:24:47.358 : - Iteration: 16	[MsgId: MMSG-17999]
2022-08-11 01:24:47.358 :   Account: jojo12/bean12	[MsgId: MMSG-17999]
2022-08-11 01:24:57.572 :   Login completed	[MsgId: MMSG-17999]
2022-08-11 01:25:04.126 :   Logout completed	[MsgId: MMSG-17999]
2022-08-11 01:26:53.361 : - Iteration: 17	[MsgId: MMSG-17999]
2022-08-11 01:26:53.362 :   Account: jojo12/bean12	[MsgId: MMSG-17999]
2022-08-11 01:27:05.537 :   Login completed	[MsgId: MMSG-17999]
2022-08-11 01:27:12.239 :   Logout completed	[MsgId: MMSG-17999]
2022-08-11 01:28:59.363 : - Iteration: 18	[MsgId: MMSG-17999]
2022-08-11 01:28:59.364 :   Account: jojo12/bean12	[MsgId: MMSG-17999]
2022-08-11 01:29:12.048 :   Login completed	[MsgId: MMSG-17999]
2022-08-11 01:29:14.850 :   Logout completed	[MsgId: MMSG-17999]
2022-08-11 01:31:05.364 : - Iteration: 19	[MsgId: MMSG-17999]
2022-08-11 01:31:05.365 :   Account: jojo12/bean12	[MsgId: MMSG-17999]
2022-08-11 01:31:20.199 :   Login completed	[MsgId: MMSG-17999]
2022-08-11 01:31:25.796 :   Logout completed	[MsgId: MMSG-17999]
2022-08-11 01:33:11.376 : - Iteration: 20	[MsgId: MMSG-17999]
2022-08-11 01:33:11.377 :   Account: jojo12/bean12	[MsgId: MMSG-17999]
2022-08-11 01:33:17.480 :   Login completed	[MsgId: MMSG-17999]
2022-08-11 01:33:22.442 :   Logout completed	[MsgId: MMSG-17999]
2022-08-11 01:35:17.385 : - Iteration: 21	[MsgId: MMSG-17999]
2022-08-11 01:35:17.386 :   Account: jojo12/bean12	[MsgId: MMSG-17999]
2022-08-11 01:35:27.425 :   Login completed	[MsgId: MMSG-17999]
2022-08-11 01:35:31.750 :   Logout completed	[MsgId: MMSG-17999]
2022-08-11 01:37:23.386 : - Iteration: 22	[MsgId: MMSG-17999]
2022-08-11 01:37:23.387 :   Account: jojo12/bean12	[MsgId: MMSG-17999]
2022-08-11 01:37:37.343 :   Login completed	[MsgId: MMSG-17999]
2022-08-11 01:37:40.574 :   Logout completed	[MsgId: MMSG-17999]
2022-08-11 01:39:29.401 : - Iteration: 23	[MsgId: MMSG-17999]
2022-08-11 01:39:29.401 :   Account: jojo12/bean12	[MsgId: MMSG-17999]
2022-08-11 01:39:42.442 :   Login completed	[MsgId: MMSG-17999]
2022-08-11 01:39:47.431 :   Logout completed	[MsgId: MMSG-17999]
2022-08-11 01:41:35.411 : - Iteration: 24	[MsgId: MMSG-17999]
2022-08-11 01:41:35.412 :   Account: jojo12/bean12	[MsgId: MMSG-17999]
2022-08-11 01:41:50.836 :   Login completed	[MsgId: MMSG-17999]
2022-08-11 01:41:55.698 :   Logout completed	[MsgId: MMSG-17999]
2022-08-11 01:43:41.416 : - Iteration: 25	[MsgId: MMSG-17999]
2022-08-11 01:43:41.417 :   Account: jojo12/bean12	[MsgId: MMSG-17999]
2022-08-11 01:43:56.363 :   Login completed	[MsgId: MMSG-17999]
2022-08-11 01:44:03.601 :   Logout completed	[MsgId: MMSG-17999]
2022-08-11 01:45:47.424 : - Iteration: 26	[MsgId: MMSG-17999]
2022-08-11 01:45:47.425 :   Account: jojo12/bean12	[MsgId: MMSG-17999]
2022-08-11 01:46:01.645 :   Login completed	[MsgId: MMSG-17999]
2022-08-11 01:46:05.775 :   Logout completed	[MsgId: MMSG-17999]
2022-08-11 01:47:53.435 : - Iteration: 27	[MsgId: MMSG-17999]
2022-08-11 01:47:53.435 :   Account: jojo12/bean12	[MsgId: MMSG-17999]
2022-08-11 01:48:03.977 :   Login completed	[MsgId: MMSG-17999]
2022-08-11 01:48:09.091 :   Logout completed	[MsgId: MMSG-17999]
2022-08-11 01:49:59.441 : - Iteration: 28	[MsgId: MMSG-17999]
2022-08-11 01:49:59.442 :   Account: jojo12/bean12	[MsgId: MMSG-17999]
2022-08-11 01:50:07.420 :   Login completed	[MsgId: MMSG-17999]
2022-08-11 01:50:14.843 :   Logout completed	[MsgId: MMSG-17999]
2022-08-11 01:52:05.441 : - Iteration: 29	[MsgId: MMSG-17999]
2022-08-11 01:52:05.442 :   Account: jojo12/bean12	[MsgId: MMSG-17999]
2022-08-11 01:52:11.226 :   Login completed	[MsgId: MMSG-17999]
2022-08-11 01:52:14.950 :   Logout completed	[MsgId: MMSG-17999]
2022-08-11 01:54:11.444 : - Iteration: 30	[MsgId: MMSG-17999]
2022-08-11 01:54:11.444 :   Account: jojo12/bean12	[MsgId: MMSG-17999]
2022-08-11 01:54:26.435 :   Login completed	[MsgId: MMSG-17999]
2022-08-11 01:54:31.612 :   Logout completed	[MsgId: MMSG-17999]
2022-08-11 01:56:17.449 : - Iteration: 31	[MsgId: MMSG-17999]
2022-08-11 01:56:17.450 :   Account: jojo12/bean12	[MsgId: MMSG-17999]
2022-08-11 01:56:29.843 :   Login completed	[MsgId: MMSG-17999]
2022-08-11 01:56:33.404 :   Logout completed	[MsgId: MMSG-17999]
2022-08-11 01:58:23.457 : - Iteration: 32	[MsgId: MMSG-17999]
2022-08-11 01:58:23.458 :   Account: jojo12/bean12	[MsgId: MMSG-17999]
2022-08-11 01:58:30.511 :   Login completed	[MsgId: MMSG-17999]
2022-08-11 01:58:37.149 :   Logout completed	[MsgId: MMSG-17999]
2022-08-11 02:00:29.458 : - Iteration: 33	[MsgId: MMSG-17999]
2022-08-11 02:00:29.459 :   Account: jojo12/bean12	[MsgId: MMSG-17999]
2022-08-11 02:00:35.095 :   Login completed	[MsgId: MMSG-17999]
2022-08-11 02:00:41.679 :   Logout completed	[MsgId: MMSG-17999]
2022-08-11 02:02:35.458 : - Iteration: 34	[MsgId: MMSG-17999]
2022-08-11 02:02:35.459 :   Account: jojo12/bean12	[MsgId: MMSG-17999]
2022-08-11 02:02:46.769 :   Login completed	[MsgId: MMSG-17999]
2022-08-11 02:02:51.351 :   Logout completed	[MsgId: MMSG-17999]
2022-08-11 02:04:41.466 : - Iteration: 35	[MsgId: MMSG-17999]
2022-08-11 02:04:41.467 :   Account: jojo12/bean12	[MsgId: MMSG-17999]
2022-08-11 02:04:53.850 :   Login completed	[MsgId: MMSG-17999]
2022-08-11 02:04:59.267 :   Logout completed	[MsgId: MMSG-17999]
2022-08-11 02:06:47.475 : - Iteration: 36	[MsgId: MMSG-17999]
2022-08-11 02:06:47.476 :   Account: jojo12/bean12	[MsgId: MMSG-17999]
2022-08-11 02:07:02.077 :   Login completed	[MsgId: MMSG-17999]
2022-08-11 02:07:04.992 :   Logout completed	[MsgId: MMSG-17999]
2022-08-11 02:08:53.480 : - Iteration: 37	[MsgId: MMSG-17999]
2022-08-11 02:08:53.480 :   Account: jojo12/bean12	[MsgId: MMSG-17999]
2022-08-11 02:09:08.028 :   Login completed	[MsgId: MMSG-17999]
2022-08-11 02:09:11.988 :   Logout completed	[MsgId: MMSG-17999]
2022-08-11 02:10:59.485 : - Iteration: 38	[MsgId: MMSG-17999]
2022-08-11 02:10:59.485 :   Account: jojo12/bean12	[MsgId: MMSG-17999]
2022-08-11 02:11:06.267 :   Login completed	[MsgId: MMSG-17999]
2022-08-11 02:11:09.176 :   Logout completed	[MsgId: MMSG-17999]
2022-08-11 02:13:05.494 : - Iteration: 39	[MsgId: MMSG-17999]
2022-08-11 02:13:05.495 :   Account: jojo12/bean12	[MsgId: MMSG-17999]
2022-08-11 02:13:14.674 :   Login completed	[MsgId: MMSG-17999]
2022-08-11 02:13:21.087 :   Logout completed	[MsgId: MMSG-17999]
2022-08-11 02:15:11.495 : - Iteration: 40	[MsgId: MMSG-17999]
2022-08-11 02:15:11.495 :   Account: jojo12/bean12	[MsgId: MMSG-17999]
2022-08-11 02:15:25.197 :   Login completed	[MsgId: MMSG-17999]
2022-08-11 02:15:32.495 :   Logout completed	[MsgId: MMSG-17999]
2022-08-11 02:17:17.502 : - Iteration: 41	[MsgId: MMSG-17999]
2022-08-11 02:17:17.503 :   Account: jojo12/bean12	[MsgId: MMSG-17999]
2022-08-11 02:17:32.016 :   Login completed	[MsgId: MMSG-17999]
2022-08-11 02:17:38.176 :   Logout completed	[MsgId: MMSG-17999]
2022-08-11 02:19:23.508 : - Iteration: 42	[MsgId: MMSG-17999]
2022-08-11 02:19:23.509 :   Account: jojo12/bean12	[MsgId: MMSG-17999]
2022-08-11 02:19:30.463 :   Login completed	[MsgId: MMSG-17999]
2022-08-11 02:19:36.533 :   Logout completed	[MsgId: MMSG-17999]
2022-08-11 02:21:29.522 : - Iteration: 43	[MsgId: MMSG-17999]
2022-08-11 02:21:29.522 :   Account: jojo12/bean12	[MsgId: MMSG-17999]
2022-08-11 02:21:42.080 :   Login completed	[MsgId: MMSG-17999]
2022-08-11 02:21:47.972 :   Logout completed	[MsgId: MMSG-17999]
2022-08-11 02:23:35.524 : - Iteration: 44	[MsgId: MMSG-17999]
2022-08-11 02:23:35.525 :   Account: jojo12/bean12	[MsgId: MMSG-17999]
2022-08-11 02:23:41.128 :   Login completed	[MsgId: MMSG-17999]
2022-08-11 02:23:44.060 :   Logout completed	[MsgId: MMSG-17999]
2022-08-11 02:25:41.538 : - Iteration: 45	[MsgId: MMSG-17999]
2022-08-11 02:25:41.538 :   Account: jojo12/bean12	[MsgId: MMSG-17999]
2022-08-11 02:25:52.778 :   Login completed	[MsgId: MMSG-17999]
2022-08-11 02:25:57.042 :   Logout completed	[MsgId: MMSG-17999]
2022-08-11 02:27:47.539 : - Iteration: 46	[MsgId: MMSG-17999]
2022-08-11 02:27:47.539 :   Account: jojo12/bean12	[MsgId: MMSG-17999]
2022-08-11 02:28:02.858 :   Login completed	[MsgId: MMSG-17999]
2022-08-11 02:28:10.336 :   Logout completed	[MsgId: MMSG-17999]
2022-08-11 02:29:53.550 : - Iteration: 47	[MsgId: MMSG-17999]
2022-08-11 02:29:53.550 :   Account: jojo12/bean12	[MsgId: MMSG-17999]
2022-08-11 02:29:59.441 :   Login completed	[MsgId: MMSG-17999]
2022-08-11 02:30:05.696 :   Logout completed	[MsgId: MMSG-17999]
2022-08-11 02:31:59.566 : - Iteration: 48	[MsgId: MMSG-17999]
2022-08-11 02:31:59.566 :   Account: jojo12/bean12	[MsgId: MMSG-17999]
2022-08-11 02:32:13.043 :   Login completed	[MsgId: MMSG-17999]
2022-08-11 02:32:18.823 :   Logout completed	[MsgId: MMSG-17999]
2022-08-11 02:34:05.567 : - Iteration: 49	[MsgId: MMSG-17999]
2022-08-11 02:34:05.568 :   Account: jojo12/bean12	[MsgId: MMSG-17999]
2022-08-11 02:34:15.005 :   Login completed	[MsgId: MMSG-17999]
2022-08-11 02:34:20.093 :   Logout completed	[MsgId: MMSG-17999]
2022-08-11 02:36:11.581 : - Iteration: 50	[MsgId: MMSG-17999]
2022-08-11 02:36:11.582 :   Account: jojo12/bean12	[MsgId: MMSG-17999]
2022-08-11 02:36:21.122 :   Login completed	[MsgId: MMSG-17999]
2022-08-11 02:36:28.670 :   Logout completed	[MsgId: MMSG-17999]
2022-08-11 02:38:17.592 : - Iteration: 51	[MsgId: MMSG-17999]
2022-08-11 02:38:17.592 :   Account: jojo12/bean12	[MsgId: MMSG-17999]
2022-08-11 02:38:24.267 :   Login completed	[MsgId: MMSG-17999]
2022-08-11 02:38:30.469 :   Logout completed	[MsgId: MMSG-17999]
2022-08-11 02:40:23.597 : - Iteration: 52	[MsgId: MMSG-17999]
2022-08-11 02:40:23.597 :   Account: jojo12/bean12	[MsgId: MMSG-17999]
2022-08-11 02:40:37.593 :   Login completed	[MsgId: MMSG-17999]
2022-08-11 02:40:41.232 :   Logout completed	[MsgId: MMSG-17999]
2022-08-11 02:42:29.605 : - Iteration: 53	[MsgId: MMSG-17999]
2022-08-11 02:42:29.606 :   Account: jojo12/bean12	[MsgId: MMSG-17999]
2022-08-11 02:42:40.892 :   Login completed	[MsgId: MMSG-17999]
2022-08-11 02:42:44.458 :   Logout completed	[MsgId: MMSG-17999]
2022-08-11 02:44:35.621 : - Iteration: 54	[MsgId: MMSG-17999]
2022-08-11 02:44:35.622 :   Account: jojo12/bean12	[MsgId: MMSG-17999]
2022-08-11 02:44:50.978 :   Login completed	[MsgId: MMSG-17999]
2022-08-11 02:44:55.439 :   Logout completed	[MsgId: MMSG-17999]
2022-08-11 02:46:41.625 : - Iteration: 55	[MsgId: MMSG-17999]
2022-08-11 02:46:41.625 :   Account: jojo12/bean12	[MsgId: MMSG-17999]
2022-08-11 02:46:53.559 :   Login completed	[MsgId: MMSG-17999]
2022-08-11 02:46:58.084 :   Logout completed	[MsgId: MMSG-17999]
2022-08-11 02:48:47.630 : - Iteration: 56	[MsgId: MMSG-17999]
2022-08-11 02:48:47.631 :   Account: jojo12/bean12	[MsgId: MMSG-17999]
2022-08-11 02:48:54.172 :   Login completed	[MsgId: MMSG-17999]
2022-08-11 02:48:59.557 :   Logout completed	[MsgId: MMSG-17999]
2022-08-11 02:50:53.641 : - Iteration: 57	[MsgId: MMSG-17999]
2022-08-11 02:50:53.641 :   Account: jojo12/bean12	[MsgId: MMSG-17999]
2022-08-11 02:50:59.444 :   Login completed	[MsgId: MMSG-17999]
2022-08-11 02:51:05.804 :   Logout completed	[MsgId: MMSG-17999]
2022-08-11 02:52:59.646 : - Iteration: 58	[MsgId: MMSG-17999]
2022-08-11 02:52:59.647 :   Account: jojo12/bean12	[MsgId: MMSG-17999]
2022-08-11 02:53:12.137 :   Login completed	[MsgId: MMSG-17999]
2022-08-11 02:53:17.308 :   Logout completed	[MsgId: MMSG-17999]
2022-08-11 02:55:05.651 : - Iteration: 59	[MsgId: MMSG-17999]
2022-08-11 02:55:05.651 :   Account: jojo12/bean12	[MsgId: MMSG-17999]
2022-08-11 02:55:11.374 :   Login completed	[MsgId: MMSG-17999]
2022-08-11 02:55:17.724 :   Logout completed	[MsgId: MMSG-17999]
2022-08-11 02:57:11.657 : - Iteration: 60	[MsgId: MMSG-17999]
2022-08-11 02:57:11.658 :   Account: jojo12/bean12	[MsgId: MMSG-17999]
2022-08-11 02:57:22.607 :   Login completed	[MsgId: MMSG-17999]
2022-08-11 02:57:26.183 :   Logout completed	[MsgId: MMSG-17999]
2022-08-11 02:59:17.667 : - Iteration: 61	[MsgId: MMSG-17999]
2022-08-11 02:59:17.667 :   Account: jojo12/bean12	[MsgId: MMSG-17999]
2022-08-11 02:59:24.294 :   Login completed	[MsgId: MMSG-17999]
2022-08-11 02:59:31.091 :   Logout completed	[MsgId: MMSG-17999]
2022-08-11 03:01:23.669 : - Iteration: 62	[MsgId: MMSG-17999]
2022-08-11 03:01:23.669 :   Account: jojo12/bean12	[MsgId: MMSG-17999]
2022-08-11 03:01:33.849 :   Login completed	[MsgId: MMSG-17999]
2022-08-11 03:01:40.746 :   Logout completed	[MsgId: MMSG-17999]
2022-08-11 03:03:29.683 : - Iteration: 63	[MsgId: MMSG-17999]
2022-08-11 03:03:29.683 :   Account: jojo12/bean12	[MsgId: MMSG-17999]
2022-08-11 03:03:40.568 :   Login completed	[MsgId: MMSG-17999]
2022-08-11 03:03:47.377 :   Logout completed	[MsgId: MMSG-17999]
2022-08-11 03:05:35.692 : - Iteration: 64	[MsgId: MMSG-17999]
2022-08-11 03:05:35.692 :   Account: jojo12/bean12	[MsgId: MMSG-17999]
2022-08-11 03:05:44.155 :   Login completed	[MsgId: MMSG-17999]
2022-08-11 03:05:47.904 :   Logout completed	[MsgId: MMSG-17999]
2022-08-11 03:07:41.700 : - Iteration: 65	[MsgId: MMSG-17999]
2022-08-11 03:07:41.701 :   Account: jojo12/bean12	[MsgId: MMSG-17999]
2022-08-11 03:07:47.839 :   Login completed	[MsgId: MMSG-17999]
2022-08-11 03:07:52.528 :   Logout completed	[MsgId: MMSG-17999]
2022-08-11 03:09:47.705 : - Iteration: 66	[MsgId: MMSG-17999]
2022-08-11 03:09:47.706 :   Account: jojo12/bean12	[MsgId: MMSG-17999]
2022-08-11 03:09:56.679 :   Login completed	[MsgId: MMSG-17999]
2022-08-11 03:09:59.489 :   Logout completed	[MsgId: MMSG-17999]
2022-08-11 03:11:53.716 : - Iteration: 67	[MsgId: MMSG-17999]
2022-08-11 03:11:53.717 :   Account: jojo12/bean12	[MsgId: MMSG-17999]
2022-08-11 03:12:08.963 :   Login completed	[MsgId: MMSG-17999]
2022-08-11 03:12:16.043 :   Logout completed	[MsgId: MMSG-17999]
2022-08-11 03:13:59.731 : - Iteration: 68	[MsgId: MMSG-17999]
2022-08-11 03:13:59.732 :   Account: jojo12/bean12	[MsgId: MMSG-17999]
2022-08-11 03:14:09.956 :   Login completed	[MsgId: MMSG-17999]
2022-08-11 03:14:14.307 :   Logout completed	[MsgId: MMSG-17999]
2022-08-11 03:16:05.735 : - Iteration: 69	[MsgId: MMSG-17999]
2022-08-11 03:16:05.736 :   Account: jojo12/bean12	[MsgId: MMSG-17999]
2022-08-11 03:16:13.020 :   Login completed	[MsgId: MMSG-17999]
2022-08-11 03:16:17.044 :   Logout completed	[MsgId: MMSG-17999]
2022-08-11 03:18:11.745 : - Iteration: 70	[MsgId: MMSG-17999]
2022-08-11 03:18:11.745 :   Account: jojo12/bean12	[MsgId: MMSG-17999]
2022-08-11 03:18:26.272 :   Login completed	[MsgId: MMSG-17999]
2022-08-11 03:18:32.799 :   Logout completed	[MsgId: MMSG-17999]
2022-08-11 03:20:17.757 : - Iteration: 71	[MsgId: MMSG-17999]
2022-08-11 03:20:17.757 :   Account: jojo12/bean12	[MsgId: MMSG-17999]
2022-08-11 03:20:29.864 :   Login completed	[MsgId: MMSG-17999]
2022-08-11 03:20:34.238 :   Logout completed	[MsgId: MMSG-17999]
2022-08-11 03:22:23.760 : - Iteration: 72	[MsgId: MMSG-17999]
2022-08-11 03:22:23.761 :   Account: jojo12/bean12	[MsgId: MMSG-17999]
2022-08-11 03:22:34.657 :   Login completed	[MsgId: MMSG-17999]
2022-08-11 03:22:40.049 :   Logout completed	[MsgId: MMSG-17999]
2022-08-11 03:24:29.761 : - Iteration: 73	[MsgId: MMSG-17999]
2022-08-11 03:24:29.762 :   Account: jojo12/bean12	[MsgId: MMSG-17999]
2022-08-11 03:24:37.037 :   Login completed	[MsgId: MMSG-17999]
2022-08-11 03:24:40.831 :   Logout completed	[MsgId: MMSG-17999]
2022-08-11 03:26:35.771 : - Iteration: 74	[MsgId: MMSG-17999]
2022-08-11 03:26:35.771 :   Account: jojo12/bean12	[MsgId: MMSG-17999]
2022-08-11 03:26:50.078 :   Login completed	[MsgId: MMSG-17999]
2022-08-11 03:26:54.288 :   Logout completed	[MsgId: MMSG-17999]
2022-08-11 03:28:41.783 : - Iteration: 75	[MsgId: MMSG-17999]
2022-08-11 03:28:41.784 :   Account: jojo12/bean12	[MsgId: MMSG-17999]
2022-08-11 03:28:51.432 :   Login completed	[MsgId: MMSG-17999]
2022-08-11 03:28:56.155 :   Logout completed	[MsgId: MMSG-17999]
2022-08-11 03:30:47.785 : - Iteration: 76	[MsgId: MMSG-17999]
2022-08-11 03:30:47.786 :   Account: jojo12/bean12	[MsgId: MMSG-17999]
2022-08-11 03:31:01.440 :   Login completed	[MsgId: MMSG-17999]
2022-08-11 03:31:04.931 :   Logout completed	[MsgId: MMSG-17999]
2022-08-11 03:32:53.791 : - Iteration: 77	[MsgId: MMSG-17999]
2022-08-11 03:32:53.792 :   Account: jojo12/bean12	[MsgId: MMSG-17999]
2022-08-11 03:33:07.772 :   Login completed	[MsgId: MMSG-17999]
2022-08-11 03:33:14.002 :   Logout completed	[MsgId: MMSG-17999]
2022-08-11 03:34:59.791 : - Iteration: 78	[MsgId: MMSG-17999]
2022-08-11 03:34:59.791 :   Account: jojo12/bean12	[MsgId: MMSG-17999]
2022-08-11 03:35:08.868 :   Login completed	[MsgId: MMSG-17999]
2022-08-11 03:35:14.510 :   Logout completed	[MsgId: MMSG-17999]
2022-08-11 03:37:05.798 : - Iteration: 79	[MsgId: MMSG-17999]
2022-08-11 03:37:05.798 :   Account: jojo12/bean12	[MsgId: MMSG-17999]
2022-08-11 03:37:13.363 :   Login completed	[MsgId: MMSG-17999]
2022-08-11 03:37:19.232 :   Logout completed	[MsgId: MMSG-17999]
2022-08-11 03:39:11.804 : - Iteration: 80	[MsgId: MMSG-17999]
2022-08-11 03:39:11.804 :   Account: jojo12/bean12	[MsgId: MMSG-17999]
2022-08-11 03:39:17.458 :   Login completed	[MsgId: MMSG-17999]
2022-08-11 03:39:20.871 :   Logout completed	[MsgId: MMSG-17999]
2022-08-11 03:41:17.806 : - Iteration: 81	[MsgId: MMSG-17999]
2022-08-11 03:41:17.806 :   Account: jojo12/bean12	[MsgId: MMSG-17999]
2022-08-11 03:41:27.937 :   Login completed	[MsgId: MMSG-17999]
2022-08-11 03:41:33.799 :   Logout completed	[MsgId: MMSG-17999]
2022-08-11 03:43:23.810 : - Iteration: 82	[MsgId: MMSG-17999]
2022-08-11 03:43:23.811 :   Account: jojo12/bean12	[MsgId: MMSG-17999]
2022-08-11 03:43:30.235 :   Login completed	[MsgId: MMSG-17999]
2022-08-11 03:43:33.888 :   Logout completed	[MsgId: MMSG-17999]
2022-08-11 03:45:29.812 : - Iteration: 83	[MsgId: MMSG-17999]
2022-08-11 03:45:29.812 :   Account: jojo12/bean12	[MsgId: MMSG-17999]
2022-08-11 03:45:35.449 :   Login completed	[MsgId: MMSG-17999]
2022-08-11 03:45:40.834 :   Logout completed	[MsgId: MMSG-17999]
2022-08-11 03:47:35.816 : - Iteration: 84	[MsgId: MMSG-17999]
2022-08-11 03:47:35.816 :   Account: jojo12/bean12	[MsgId: MMSG-17999]
2022-08-11 03:47:43.491 :   Login completed	[MsgId: MMSG-17999]
2022-08-11 03:47:50.299 :   Logout completed	[MsgId: MMSG-17999]
2022-08-11 03:49:41.828 : - Iteration: 85	[MsgId: MMSG-17999]
2022-08-11 03:49:41.829 :   Account: jojo12/bean12	[MsgId: MMSG-17999]
2022-08-11 03:49:53.096 :   Login completed	[MsgId: MMSG-17999]
2022-08-11 03:49:57.882 :   Logout completed	[MsgId: MMSG-17999]
2022-08-11 03:51:47.834 : - Iteration: 86	[MsgId: MMSG-17999]
2022-08-11 03:51:47.835 :   Account: jojo12/bean12	[MsgId: MMSG-17999]
2022-08-11 03:51:59.531 :   Login completed	[MsgId: MMSG-17999]
2022-08-11 03:52:03.606 :   Logout completed	[MsgId: MMSG-17999]
2022-08-11 03:53:53.846 : - Iteration: 87	[MsgId: MMSG-17999]
2022-08-11 03:53:53.846 :   Account: jojo12/bean12	[MsgId: MMSG-17999]
2022-08-11 03:54:02.608 :   Login completed	[MsgId: MMSG-17999]
2022-08-11 03:54:07.545 :   Logout completed	[MsgId: MMSG-17999]
2022-08-11 03:55:59.857 : - Iteration: 88	[MsgId: MMSG-17999]
2022-08-11 03:55:59.858 :   Account: jojo12/bean12	[MsgId: MMSG-17999]
2022-08-11 03:56:10.444 :   Login completed	[MsgId: MMSG-17999]
2022-08-11 03:56:16.255 :   Logout completed	[MsgId: MMSG-17999]
2022-08-11 03:58:05.865 : - Iteration: 89	[MsgId: MMSG-17999]
2022-08-11 03:58:05.866 :   Account: jojo12/bean12	[MsgId: MMSG-17999]
2022-08-11 03:58:19.647 :   Login completed	[MsgId: MMSG-17999]
2022-08-11 03:58:24.322 :   Logout completed	[MsgId: MMSG-17999]
2022-08-11 04:00:11.881 : - Iteration: 90	[MsgId: MMSG-17999]
2022-08-11 04:00:11.881 :   Account: jojo12/bean12	[MsgId: MMSG-17999]
2022-08-11 04:00:24.017 :   Login completed	[MsgId: MMSG-17999]
2022-08-11 04:00:31.002 :   Logout completed	[MsgId: MMSG-17999]
2022-08-11 04:02:17.885 : - Iteration: 91	[MsgId: MMSG-17999]
2022-08-11 04:02:17.885 :   Account: jojo12/bean12	[MsgId: MMSG-17999]
2022-08-11 04:02:24.058 :   Login completed	[MsgId: MMSG-17999]
2022-08-11 04:02:28.292 :   Logout completed	[MsgId: MMSG-17999]
2022-08-11 04:04:23.894 : - Iteration: 92	[MsgId: MMSG-17999]
2022-08-11 04:04:23.894 :   Account: jojo12/bean12	[MsgId: MMSG-17999]
2022-08-11 04:04:32.205 :   Login completed	[MsgId: MMSG-17999]
2022-08-11 04:04:39.783 :   Logout completed	[MsgId: MMSG-17999]
2022-08-11 04:06:29.899 : - Iteration: 93	[MsgId: MMSG-17999]
2022-08-11 04:06:29.900 :   Account: jojo12/bean12	[MsgId: MMSG-17999]
2022-08-11 04:06:44.749 :   Login completed	[MsgId: MMSG-17999]
2022-08-11 04:06:48.310 :   Logout completed	[MsgId: MMSG-17999]
2022-08-11 04:08:35.915 : - Iteration: 94	[MsgId: MMSG-17999]
2022-08-11 04:08:35.915 :   Account: jojo12/bean12	[MsgId: MMSG-17999]
2022-08-11 04:08:51.334 :   Login completed	[MsgId: MMSG-17999]
2022-08-11 04:08:55.220 :   Logout completed	[MsgId: MMSG-17999]
2022-08-11 04:10:41.921 : - Iteration: 95	[MsgId: MMSG-17999]
2022-08-11 04:10:41.921 :   Account: jojo12/bean12	[MsgId: MMSG-17999]
2022-08-11 04:10:50.968 :   Login completed	[MsgId: MMSG-17999]
2022-08-11 04:10:54.465 :   Logout completed	[MsgId: MMSG-17999]
2022-08-11 04:12:47.931 : - Iteration: 96	[MsgId: MMSG-17999]
2022-08-11 04:12:47.931 :   Account: jojo12/bean12	[MsgId: MMSG-17999]
2022-08-11 04:12:59.812 :   Login completed	[MsgId: MMSG-17999]
2022-08-11 04:13:04.160 :   Logout completed	[MsgId: MMSG-17999]
2022-08-11 04:14:53.931 : - Iteration: 97	[MsgId: MMSG-17999]
2022-08-11 04:14:53.931 :   Account: jojo12/bean12	[MsgId: MMSG-17999]
2022-08-11 04:15:04.696 :   Login completed	[MsgId: MMSG-17999]
2022-08-11 04:15:11.073 :   Logout completed	[MsgId: MMSG-17999]
2022-08-11 04:16:59.936 : - Iteration: 98	[MsgId: MMSG-17999]
2022-08-11 04:16:59.937 :   Account: jojo12/bean12	[MsgId: MMSG-17999]
2022-08-11 04:17:05.964 :   Login completed	[MsgId: MMSG-17999]
2022-08-11 04:17:12.598 :   Logout completed	[MsgId: MMSG-17999]
2022-08-11 04:19:05.950 : - Iteration: 99	[MsgId: MMSG-17999]
2022-08-11 04:19:05.950 :   Account: jojo12/bean12	[MsgId: MMSG-17999]
2022-08-11 04:19:12.551 :   Login completed	[MsgId: MMSG-17999]
2022-08-11 04:19:16.988 :   Logout completed	[MsgId: MMSG-17999]
2022-08-11 04:21:11.964 : - Iteration: 100	[MsgId: MMSG-17999]
2022-08-11 04:21:11.965 :   Account: jojo12/bean12	[MsgId: MMSG-17999]
2022-08-11 04:21:20.476 :   Login completed	[MsgId: MMSG-17999]
2022-08-11 04:21:25.576 :   Logout completed	[MsgId: MMSG-17999]
2022-08-11 04:23:17.976 : - Iteration: 101	[MsgId: MMSG-17999]
2022-08-11 04:23:17.976 :   Account: jojo12/bean12	[MsgId: MMSG-17999]
2022-08-11 04:23:24.594 :   Login completed	[MsgId: MMSG-17999]
2022-08-11 04:23:27.453 :   Logout completed	[MsgId: MMSG-17999]
2022-08-11 04:25:23.986 : - Iteration: 102	[MsgId: MMSG-17999]
2022-08-11 04:25:23.986 :   Account: jojo12/bean12	[MsgId: MMSG-17999]
2022-08-11 04:25:37.161 :   Login completed	[MsgId: MMSG-17999]
2022-08-11 04:25:41.603 :   Logout completed	[MsgId: MMSG-17999]
2022-08-11 04:27:29.996 : - Iteration: 103	[MsgId: MMSG-17999]
2022-08-11 04:27:29.997 :   Account: jojo12/bean12	[MsgId: MMSG-17999]
2022-08-11 04:27:35.695 :   Login completed	[MsgId: MMSG-17999]
2022-08-11 04:27:42.840 :   Logout completed	[MsgId: MMSG-17999]
2022-08-11 04:29:36.001 : - Iteration: 104	[MsgId: MMSG-17999]
2022-08-11 04:29:36.001 :   Account: jojo12/bean12	[MsgId: MMSG-17999]
2022-08-11 04:29:45.961 :   Login completed	[MsgId: MMSG-17999]
2022-08-11 04:29:51.325 :   Logout completed	[MsgId: MMSG-17999]
2022-08-11 04:31:42.011 : - Iteration: 105	[MsgId: MMSG-17999]
2022-08-11 04:31:42.012 :   Account: jojo12/bean12	[MsgId: MMSG-17999]
2022-08-11 04:31:52.272 :   Login completed	[MsgId: MMSG-17999]
2022-08-11 04:31:59.553 :   Logout completed	[MsgId: MMSG-17999]
2022-08-11 04:33:48.021 : - Iteration: 106	[MsgId: MMSG-17999]
2022-08-11 04:33:48.021 :   Account: jojo12/bean12	[MsgId: MMSG-17999]
2022-08-11 04:33:55.130 :   Login completed	[MsgId: MMSG-17999]
2022-08-11 04:34:00.551 :   Logout completed	[MsgId: MMSG-17999]
2022-08-11 04:35:54.028 : - Iteration: 107	[MsgId: MMSG-17999]
2022-08-11 04:35:54.028 :   Account: jojo12/bean12	[MsgId: MMSG-17999]
2022-08-11 04:36:09.401 :   Login completed	[MsgId: MMSG-17999]
2022-08-11 04:36:15.094 :   Logout completed	[MsgId: MMSG-17999]
2022-08-11 04:38:00.037 : - Iteration: 108	[MsgId: MMSG-17999]
2022-08-11 04:38:00.037 :   Account: jojo12/bean12	[MsgId: MMSG-17999]
2022-08-11 04:38:06.443 :   Login completed	[MsgId: MMSG-17999]
2022-08-11 04:38:13.475 :   Logout completed	[MsgId: MMSG-17999]
2022-08-11 04:40:06.046 : - Iteration: 109	[MsgId: MMSG-17999]
2022-08-11 04:40:06.047 :   Account: jojo12/bean12	[MsgId: MMSG-17999]
2022-08-11 04:40:14.085 :   Login completed	[MsgId: MMSG-17999]
2022-08-11 04:40:19.474 :   Logout completed	[MsgId: MMSG-17999]
2022-08-11 04:42:12.060 : - Iteration: 110	[MsgId: MMSG-17999]
2022-08-11 04:42:12.061 :   Account: jojo12/bean12	[MsgId: MMSG-17999]
2022-08-11 04:42:20.598 :   Login completed	[MsgId: MMSG-17999]
2022-08-11 04:42:24.560 :   Logout completed	[MsgId: MMSG-17999]
2022-08-11 04:44:18.065 : - Iteration: 111	[MsgId: MMSG-17999]
2022-08-11 04:44:18.065 :   Account: jojo12/bean12	[MsgId: MMSG-17999]
2022-08-11 04:44:27.430 :   Login completed	[MsgId: MMSG-17999]
2022-08-11 04:44:31.536 :   Logout completed	[MsgId: MMSG-17999]
2022-08-11 04:46:24.078 : - Iteration: 112	[MsgId: MMSG-17999]
2022-08-11 04:46:24.078 :   Account: jojo12/bean12	[MsgId: MMSG-17999]
2022-08-11 04:46:39.240 :   Login completed	[MsgId: MMSG-17999]
2022-08-11 04:46:44.262 :   Logout completed	[MsgId: MMSG-17999]
2022-08-11 04:48:30.085 : - Iteration: 113	[MsgId: MMSG-17999]
2022-08-11 04:48:30.086 :   Account: jojo12/bean12	[MsgId: MMSG-17999]
2022-08-11 04:48:44.026 :   Login completed	[MsgId: MMSG-17999]
2022-08-11 04:48:48.629 :   Logout completed	[MsgId: MMSG-17999]
2022-08-11 04:50:36.092 : - Iteration: 114	[MsgId: MMSG-17999]
2022-08-11 04:50:36.093 :   Account: jojo12/bean12	[MsgId: MMSG-17999]
2022-08-11 04:50:51.186 :   Login completed	[MsgId: MMSG-17999]
2022-08-11 04:50:58.625 :   Logout completed	[MsgId: MMSG-17999]
2022-08-11 04:52:42.100 : - Iteration: 115	[MsgId: MMSG-17999]
2022-08-11 04:52:42.101 :   Account: jojo12/bean12	[MsgId: MMSG-17999]
2022-08-11 04:52:54.202 :   Login completed	[MsgId: MMSG-17999]
2022-08-11 04:53:01.894 :   Logout completed	[MsgId: MMSG-17999]
2022-08-11 04:54:48.114 : - Iteration: 116	[MsgId: MMSG-17999]
2022-08-11 04:54:48.115 :   Account: jojo12/bean12	[MsgId: MMSG-17999]
2022-08-11 04:55:01.850 :   Login completed	[MsgId: MMSG-17999]
2022-08-11 04:55:06.777 :   Logout completed	[MsgId: MMSG-17999]
2022-08-11 04:56:54.118 : - Iteration: 117	[MsgId: MMSG-17999]
2022-08-11 04:56:54.119 :   Account: jojo12/bean12	[MsgId: MMSG-17999]
2022-08-11 04:57:06.979 :   Login completed	[MsgId: MMSG-17999]
2022-08-11 04:57:11.106 :   Logout completed	[MsgId: MMSG-17999]
2022-08-11 04:59:00.130 : - Iteration: 118	[MsgId: MMSG-17999]
2022-08-11 04:59:00.131 :   Account: jojo12/bean12	[MsgId: MMSG-17999]
2022-08-11 04:59:15.042 :   Login completed	[MsgId: MMSG-17999]
2022-08-11 04:59:20.163 :   Logout completed	[MsgId: MMSG-17999]
2022-08-11 05:01:06.129 : - Iteration: 119	[MsgId: MMSG-17999]
2022-08-11 05:01:06.129 :   Account: jojo12/bean12	[MsgId: MMSG-17999]
2022-08-11 05:01:19.728 :   Login completed	[MsgId: MMSG-17999]
2022-08-11 05:01:25.872 :   Logout completed	[MsgId: MMSG-17999]
2022-08-11 05:03:12.135 : - Iteration: 120	[MsgId: MMSG-17999]
2022-08-11 05:03:12.135 :   Account: jojo12/bean12	[MsgId: MMSG-17999]
2022-08-11 05:03:24.131 :   Login completed	[MsgId: MMSG-17999]
2022-08-11 05:03:31.863 :   Logout completed	[MsgId: MMSG-17999]
