2022-08-11 01:54:11.537 : URL = localhost:1080	[MsgId: MMSG-17999]
2022-08-11 01:54:11.566 : - Iteration: 1	[MsgId: MMSG-17999]
2022-08-11 01:54:11.567 :   Account: jojo16/bean16	[MsgId: MMSG-17999]
2022-08-11 01:54:21.080 :   Login completed	[MsgId: MMSG-17999]
2022-08-11 01:54:27.311 :   Logout completed	[MsgId: MMSG-17999]
2022-08-11 01:56:17.578 : - Iteration: 2	[MsgId: MMSG-17999]
2022-08-11 01:56:17.578 :   Account: jojo16/bean16	[MsgId: MMSG-17999]
2022-08-11 01:56:30.377 :   Login completed	[MsgId: MMSG-17999]
2022-08-11 01:56:37.275 :   Logout completed	[MsgId: MMSG-17999]
2022-08-11 01:58:23.582 : - Iteration: 3	[MsgId: MMSG-17999]
2022-08-11 01:58:23.582 :   Account: jojo16/bean16	[MsgId: MMSG-17999]
2022-08-11 01:58:30.941 :   Login completed	[MsgId: MMSG-17999]
2022-08-11 01:58:37.056 :   Logout completed	[MsgId: MMSG-17999]
2022-08-11 02:00:29.583 : - Iteration: 4	[MsgId: MMSG-17999]
2022-08-11 02:00:29.584 :   Account: jojo16/bean16	[MsgId: MMSG-17999]
2022-08-11 02:00:36.301 :   Login completed	[MsgId: MMSG-17999]
2022-08-11 02:00:39.231 :   Logout completed	[MsgId: MMSG-17999]
2022-08-11 02:02:35.599 : - Iteration: 5	[MsgId: MMSG-17999]
2022-08-11 02:02:35.599 :   Account: jojo16/bean16	[MsgId: MMSG-17999]
2022-08-11 02:02:43.937 :   Login completed	[MsgId: MMSG-17999]
2022-08-11 02:02:47.834 :   Logout completed	[MsgId: MMSG-17999]
2022-08-11 02:04:41.607 : - Iteration: 6	[MsgId: MMSG-17999]
2022-08-11 02:04:41.607 :   Account: jojo16/bean16	[MsgId: MMSG-17999]
2022-08-11 02:04:50.811 :   Login completed	[MsgId: MMSG-17999]
2022-08-11 02:04:58.264 :   Logout completed	[MsgId: MMSG-17999]
2022-08-11 02:06:47.626 : - Iteration: 7	[MsgId: MMSG-17999]
2022-08-11 02:06:47.626 :   Account: jojo16/bean16	[MsgId: MMSG-17999]
2022-08-11 02:06:58.141 :   Login completed	[MsgId: MMSG-17999]
2022-08-11 02:07:05.851 :   Logout completed	[MsgId: MMSG-17999]
2022-08-11 02:08:53.639 : - Iteration: 8	[MsgId: MMSG-17999]
2022-08-11 02:08:53.640 :   Account: jojo16/bean16	[MsgId: MMSG-17999]
2022-08-11 02:09:08.520 :   Login completed	[MsgId: MMSG-17999]
2022-08-11 02:09:15.880 :   Logout completed	[MsgId: MMSG-17999]
2022-08-11 02:10:59.654 : - Iteration: 9	[MsgId: MMSG-17999]
2022-08-11 02:10:59.655 :   Account: jojo16/bean16	[MsgId: MMSG-17999]
2022-08-11 02:11:09.830 :   Login completed	[MsgId: MMSG-17999]
2022-08-11 02:11:16.545 :   Logout completed	[MsgId: MMSG-17999]
2022-08-11 02:13:05.666 : - Iteration: 10	[MsgId: MMSG-17999]
2022-08-11 02:13:05.666 :   Account: jojo16/bean16	[MsgId: MMSG-17999]
2022-08-11 02:13:15.583 :   Login completed	[MsgId: MMSG-17999]
2022-08-11 02:13:20.378 :   Logout completed	[MsgId: MMSG-17999]
2022-08-11 02:15:11.668 : - Iteration: 11	[MsgId: MMSG-17999]
2022-08-11 02:15:11.668 :   Account: jojo16/bean16	[MsgId: MMSG-17999]
2022-08-11 02:15:18.843 :   Login completed	[MsgId: MMSG-17999]
2022-08-11 02:15:25.252 :   Logout completed	[MsgId: MMSG-17999]
2022-08-11 02:17:17.673 : - Iteration: 12	[MsgId: MMSG-17999]
2022-08-11 02:17:17.674 :   Account: jojo16/bean16	[MsgId: MMSG-17999]
2022-08-11 02:17:24.983 :   Login completed	[MsgId: MMSG-17999]
2022-08-11 02:17:29.565 :   Logout completed	[MsgId: MMSG-17999]
2022-08-11 02:19:23.683 : - Iteration: 13	[MsgId: MMSG-17999]
2022-08-11 02:19:23.683 :   Account: jojo16/bean16	[MsgId: MMSG-17999]
2022-08-11 02:19:35.943 :   Login completed	[MsgId: MMSG-17999]
2022-08-11 02:19:42.363 :   Logout completed	[MsgId: MMSG-17999]
2022-08-11 02:21:29.696 : - Iteration: 14	[MsgId: MMSG-17999]
2022-08-11 02:21:29.696 :   Account: jojo16/bean16	[MsgId: MMSG-17999]
2022-08-11 02:21:41.737 :   Login completed	[MsgId: MMSG-17999]
2022-08-11 02:21:48.944 :   Logout completed	[MsgId: MMSG-17999]
2022-08-11 02:23:35.700 : - Iteration: 15	[MsgId: MMSG-17999]
2022-08-11 02:23:35.701 :   Account: jojo16/bean16	[MsgId: MMSG-17999]
2022-08-11 02:23:44.853 :   Login completed	[MsgId: MMSG-17999]
2022-08-11 02:23:48.304 :   Logout completed	[MsgId: MMSG-17999]
2022-08-11 02:25:41.709 : - Iteration: 16	[MsgId: MMSG-17999]
2022-08-11 02:25:41.710 :   Account: jojo16/bean16	[MsgId: MMSG-17999]
2022-08-11 02:25:54.551 :   Login completed	[MsgId: MMSG-17999]
2022-08-11 02:26:02.126 :   Logout completed	[MsgId: MMSG-17999]
2022-08-11 02:27:47.712 : - Iteration: 17	[MsgId: MMSG-17999]
2022-08-11 02:27:47.712 :   Account: jojo16/bean16	[MsgId: MMSG-17999]
2022-08-11 02:28:01.028 :   Login completed	[MsgId: MMSG-17999]
2022-08-11 02:28:07.712 :   Logout completed	[MsgId: MMSG-17999]
2022-08-11 02:29:53.724 : - Iteration: 18	[MsgId: MMSG-17999]
2022-08-11 02:29:53.724 :   Account: jojo16/bean16	[MsgId: MMSG-17999]
2022-08-11 02:30:03.395 :   Login completed	[MsgId: MMSG-17999]
2022-08-11 02:30:10.474 :   Logout completed	[MsgId: MMSG-17999]
2022-08-11 02:31:59.742 : - Iteration: 19	[MsgId: MMSG-17999]
2022-08-11 02:31:59.742 :   Account: jojo16/bean16	[MsgId: MMSG-17999]
2022-08-11 02:32:14.904 :   Login completed	[MsgId: MMSG-17999]
2022-08-11 02:32:18.183 :   Logout completed	[MsgId: MMSG-17999]
2022-08-11 02:34:05.744 : - Iteration: 20	[MsgId: MMSG-17999]
2022-08-11 02:34:05.744 :   Account: jojo16/bean16	[MsgId: MMSG-17999]
2022-08-11 02:34:16.916 :   Login completed	[MsgId: MMSG-17999]
2022-08-11 02:34:21.061 :   Logout completed	[MsgId: MMSG-17999]
2022-08-11 02:36:11.756 : - Iteration: 21	[MsgId: MMSG-17999]
2022-08-11 02:36:11.756 :   Account: jojo16/bean16	[MsgId: MMSG-17999]
2022-08-11 02:36:20.147 :   Login completed	[MsgId: MMSG-17999]
2022-08-11 02:36:23.794 :   Logout completed	[MsgId: MMSG-17999]
2022-08-11 02:38:17.766 : - Iteration: 22	[MsgId: MMSG-17999]
2022-08-11 02:38:17.766 :   Account: jojo16/bean16	[MsgId: MMSG-17999]
2022-08-11 02:38:26.196 :   Login completed	[MsgId: MMSG-17999]
2022-08-11 02:38:31.778 :   Logout completed	[MsgId: MMSG-17999]
2022-08-11 02:40:23.772 : - Iteration: 23	[MsgId: MMSG-17999]
2022-08-11 02:40:23.773 :   Account: jojo16/bean16	[MsgId: MMSG-17999]
2022-08-11 02:40:38.771 :   Login completed	[MsgId: MMSG-17999]
2022-08-11 02:40:43.510 :   Logout completed	[MsgId: MMSG-17999]
2022-08-11 02:42:29.779 : - Iteration: 24	[MsgId: MMSG-17999]
2022-08-11 02:42:29.779 :   Account: jojo16/bean16	[MsgId: MMSG-17999]
2022-08-11 02:42:40.511 :   Login completed	[MsgId: MMSG-17999]
2022-08-11 02:42:45.179 :   Logout completed	[MsgId: MMSG-17999]
2022-08-11 02:44:35.794 : - Iteration: 25	[MsgId: MMSG-17999]
2022-08-11 02:44:35.794 :   Account: jojo16/bean16	[MsgId: MMSG-17999]
2022-08-11 02:44:43.509 :   Login completed	[MsgId: MMSG-17999]
2022-08-11 02:44:47.831 :   Logout completed	[MsgId: MMSG-17999]
2022-08-11 02:46:41.801 : - Iteration: 26	[MsgId: MMSG-17999]
2022-08-11 02:46:41.801 :   Account: jojo16/bean16	[MsgId: MMSG-17999]
2022-08-11 02:46:47.604 :   Login completed	[MsgId: MMSG-17999]
2022-08-11 02:46:52.342 :   Logout completed	[MsgId: MMSG-17999]
2022-08-11 02:48:47.805 : - Iteration: 27	[MsgId: MMSG-17999]
2022-08-11 02:48:47.806 :   Account: jojo16/bean16	[MsgId: MMSG-17999]
2022-08-11 02:48:54.956 :   Login completed	[MsgId: MMSG-17999]
2022-08-11 02:49:00.267 :   Logout completed	[MsgId: MMSG-17999]
2022-08-11 02:50:53.815 : - Iteration: 28	[MsgId: MMSG-17999]
2022-08-11 02:50:53.815 :   Account: jojo16/bean16	[MsgId: MMSG-17999]
2022-08-11 02:51:04.404 :   Login completed	[MsgId: MMSG-17999]
2022-08-11 02:51:09.747 :   Logout completed	[MsgId: MMSG-17999]
2022-08-11 02:52:59.819 : - Iteration: 29	[MsgId: MMSG-17999]
2022-08-11 02:52:59.819 :   Account: jojo16/bean16	[MsgId: MMSG-17999]
2022-08-11 02:53:08.475 :   Login completed	[MsgId: MMSG-17999]
2022-08-11 02:53:15.761 :   Logout completed	[MsgId: MMSG-17999]
2022-08-11 02:55:05.826 : - Iteration: 30	[MsgId: MMSG-17999]
2022-08-11 02:55:05.826 :   Account: jojo16/bean16	[MsgId: MMSG-17999]
2022-08-11 02:55:20.981 :   Login completed	[MsgId: MMSG-17999]
2022-08-11 02:55:28.496 :   Logout completed	[MsgId: MMSG-17999]
2022-08-11 02:57:11.830 : - Iteration: 31	[MsgId: MMSG-17999]
2022-08-11 02:57:11.830 :   Account: jojo16/bean16	[MsgId: MMSG-17999]
2022-08-11 02:57:27.398 :   Login completed	[MsgId: MMSG-17999]
2022-08-11 02:57:31.348 :   Logout completed	[MsgId: MMSG-17999]
2022-08-11 02:59:17.841 : - Iteration: 32	[MsgId: MMSG-17999]
2022-08-11 02:59:17.842 :   Account: jojo16/bean16	[MsgId: MMSG-17999]
2022-08-11 02:59:26.675 :   Login completed	[MsgId: MMSG-17999]
2022-08-11 02:59:32.439 :   Logout completed	[MsgId: MMSG-17999]
2022-08-11 03:01:23.844 : - Iteration: 33	[MsgId: MMSG-17999]
2022-08-11 03:01:23.844 :   Account: jojo16/bean16	[MsgId: MMSG-17999]
2022-08-11 03:01:37.180 :   Login completed	[MsgId: MMSG-17999]
2022-08-11 03:01:44.860 :   Logout completed	[MsgId: MMSG-17999]
2022-08-11 03:03:29.858 : - Iteration: 34	[MsgId: MMSG-17999]
2022-08-11 03:03:29.858 :   Account: jojo16/bean16	[MsgId: MMSG-17999]
2022-08-11 03:03:40.361 :   Login completed	[MsgId: MMSG-17999]
2022-08-11 03:03:43.737 :   Logout completed	[MsgId: MMSG-17999]
2022-08-11 03:05:35.867 : - Iteration: 35	[MsgId: MMSG-17999]
2022-08-11 03:05:35.868 :   Account: jojo16/bean16	[MsgId: MMSG-17999]
2022-08-11 03:05:46.473 :   Login completed	[MsgId: MMSG-17999]
2022-08-11 03:05:51.917 :   Logout completed	[MsgId: MMSG-17999]
2022-08-11 03:07:41.873 : - Iteration: 36	[MsgId: MMSG-17999]
2022-08-11 03:07:41.873 :   Account: jojo16/bean16	[MsgId: MMSG-17999]
2022-08-11 03:07:52.980 :   Login completed	[MsgId: MMSG-17999]
2022-08-11 03:07:58.203 :   Logout completed	[MsgId: MMSG-17999]
2022-08-11 03:09:47.879 : - Iteration: 37	[MsgId: MMSG-17999]
2022-08-11 03:09:47.879 :   Account: jojo16/bean16	[MsgId: MMSG-17999]
2022-08-11 03:10:01.942 :   Login completed	[MsgId: MMSG-17999]
2022-08-11 03:10:08.636 :   Logout completed	[MsgId: MMSG-17999]
2022-08-11 03:11:53.888 : - Iteration: 38	[MsgId: MMSG-17999]
2022-08-11 03:11:53.888 :   Account: jojo16/bean16	[MsgId: MMSG-17999]
2022-08-11 03:12:00.620 :   Login completed	[MsgId: MMSG-17999]
2022-08-11 03:12:07.212 :   Logout completed	[MsgId: MMSG-17999]
2022-08-11 03:13:59.902 : - Iteration: 39	[MsgId: MMSG-17999]
2022-08-11 03:13:59.902 :   Account: jojo16/bean16	[MsgId: MMSG-17999]
2022-08-11 03:14:11.322 :   Login completed	[MsgId: MMSG-17999]
2022-08-11 03:14:17.868 :   Logout completed	[MsgId: MMSG-17999]
2022-08-11 03:16:05.904 : - Iteration: 40	[MsgId: MMSG-17999]
2022-08-11 03:16:05.904 :   Account: jojo16/bean16	[MsgId: MMSG-17999]
2022-08-11 03:16:14.135 :   Login completed	[MsgId: MMSG-17999]
2022-08-11 03:16:18.846 :   Logout completed	[MsgId: MMSG-17999]
2022-08-11 03:18:11.917 : - Iteration: 41	[MsgId: MMSG-17999]
2022-08-11 03:18:11.917 :   Account: jojo16/bean16	[MsgId: MMSG-17999]
2022-08-11 03:18:25.078 :   Login completed	[MsgId: MMSG-17999]
2022-08-11 03:18:27.992 :   Logout completed	[MsgId: MMSG-17999]
2022-08-11 03:20:17.931 : - Iteration: 42	[MsgId: MMSG-17999]
2022-08-11 03:20:17.931 :   Account: jojo16/bean16	[MsgId: MMSG-17999]
2022-08-11 03:20:24.350 :   Login completed	[MsgId: MMSG-17999]
2022-08-11 03:20:30.610 :   Logout completed	[MsgId: MMSG-17999]
2022-08-11 03:22:23.932 : - Iteration: 43	[MsgId: MMSG-17999]
2022-08-11 03:22:23.932 :   Account: jojo16/bean16	[MsgId: MMSG-17999]
2022-08-11 03:22:34.296 :   Login completed	[MsgId: MMSG-17999]
2022-08-11 03:22:37.713 :   Logout completed	[MsgId: MMSG-17999]
2022-08-11 03:24:29.933 : - Iteration: 44	[MsgId: MMSG-17999]
2022-08-11 03:24:29.933 :   Account: jojo16/bean16	[MsgId: MMSG-17999]
2022-08-11 03:24:40.699 :   Login completed	[MsgId: MMSG-17999]
2022-08-11 03:24:45.572 :   Logout completed	[MsgId: MMSG-17999]
2022-08-11 03:26:36.079 : - Iteration: 45	[MsgId: MMSG-17999]
2022-08-11 03:26:36.087 :   Account: jojo16/bean16	[MsgId: MMSG-17999]
2022-08-11 03:26:47.573 :   Login completed	[MsgId: MMSG-17999]
2022-08-11 03:26:51.302 :   Logout completed	[MsgId: MMSG-17999]
2022-08-11 03:28:42.069 : - Iteration: 46	[MsgId: MMSG-17999]
2022-08-11 03:28:42.069 :   Account: jojo16/bean16	[MsgId: MMSG-17999]
2022-08-11 03:28:50.861 :   Login completed	[MsgId: MMSG-17999]
2022-08-11 03:28:54.023 :   Logout completed	[MsgId: MMSG-17999]
2022-08-11 03:30:48.068 : - Iteration: 47	[MsgId: MMSG-17999]
2022-08-11 03:30:48.069 :   Account: jojo16/bean16	[MsgId: MMSG-17999]
2022-08-11 03:30:53.745 :   Login completed	[MsgId: MMSG-17999]
2022-08-11 03:31:01.432 :   Logout completed	[MsgId: MMSG-17999]
2022-08-11 03:32:54.072 : - Iteration: 48	[MsgId: MMSG-17999]
2022-08-11 03:32:54.072 :   Account: jojo16/bean16	[MsgId: MMSG-17999]
2022-08-11 03:33:08.042 :   Login completed	[MsgId: MMSG-17999]
2022-08-11 03:33:15.746 :   Logout completed	[MsgId: MMSG-17999]
2022-08-11 03:35:00.076 : - Iteration: 49	[MsgId: MMSG-17999]
2022-08-11 03:35:00.076 :   Account: jojo16/bean16	[MsgId: MMSG-17999]
2022-08-11 03:35:06.649 :   Login completed	[MsgId: MMSG-17999]
2022-08-11 03:35:10.091 :   Logout completed	[MsgId: MMSG-17999]
2022-08-11 03:37:06.081 : - Iteration: 50	[MsgId: MMSG-17999]
2022-08-11 03:37:06.082 :   Account: jojo16/bean16	[MsgId: MMSG-17999]
2022-08-11 03:37:20.898 :   Login completed	[MsgId: MMSG-17999]
2022-08-11 03:37:25.490 :   Logout completed	[MsgId: MMSG-17999]
2022-08-11 03:39:12.090 : - Iteration: 51	[MsgId: MMSG-17999]
2022-08-11 03:39:12.090 :   Account: jojo16/bean16	[MsgId: MMSG-17999]
2022-08-11 03:39:23.768 :   Login completed	[MsgId: MMSG-17999]
2022-08-11 03:39:28.835 :   Logout completed	[MsgId: MMSG-17999]
2022-08-11 03:41:18.104 : - Iteration: 52	[MsgId: MMSG-17999]
2022-08-11 03:41:18.104 :   Account: jojo16/bean16	[MsgId: MMSG-17999]
2022-08-11 03:41:23.871 :   Login completed	[MsgId: MMSG-17999]
2022-08-11 03:41:30.279 :   Logout completed	[MsgId: MMSG-17999]
2022-08-11 03:43:24.110 : - Iteration: 53	[MsgId: MMSG-17999]
2022-08-11 03:43:24.110 :   Account: jojo16/bean16	[MsgId: MMSG-17999]
2022-08-11 03:43:33.816 :   Login completed	[MsgId: MMSG-17999]
2022-08-11 03:43:36.806 :   Logout completed	[MsgId: MMSG-17999]
2022-08-11 03:45:30.116 : - Iteration: 54	[MsgId: MMSG-17999]
2022-08-11 03:45:30.116 :   Account: jojo16/bean16	[MsgId: MMSG-17999]
2022-08-11 03:45:36.688 :   Login completed	[MsgId: MMSG-17999]
2022-08-11 03:45:43.381 :   Logout completed	[MsgId: MMSG-17999]
2022-08-11 03:47:36.132 : - Iteration: 55	[MsgId: MMSG-17999]
2022-08-11 03:47:36.133 :   Account: jojo16/bean16	[MsgId: MMSG-17999]
2022-08-11 03:47:49.765 :   Login completed	[MsgId: MMSG-17999]
2022-08-11 03:47:54.650 :   Logout completed	[MsgId: MMSG-17999]
2022-08-11 03:49:42.144 : - Iteration: 56	[MsgId: MMSG-17999]
2022-08-11 03:49:42.144 :   Account: jojo16/bean16	[MsgId: MMSG-17999]
2022-08-11 03:49:56.343 :   Login completed	[MsgId: MMSG-17999]
2022-08-11 03:50:04.047 :   Logout completed	[MsgId: MMSG-17999]
2022-08-11 03:51:48.150 : - Iteration: 57	[MsgId: MMSG-17999]
2022-08-11 03:51:48.151 :   Account: jojo16/bean16	[MsgId: MMSG-17999]
2022-08-11 03:52:02.554 :   Login completed	[MsgId: MMSG-17999]
2022-08-11 03:52:05.896 :   Logout completed	[MsgId: MMSG-17999]
2022-08-11 03:53:54.161 : - Iteration: 58	[MsgId: MMSG-17999]
2022-08-11 03:53:54.162 :   Account: jojo16/bean16	[MsgId: MMSG-17999]
2022-08-11 03:54:08.497 :   Login completed	[MsgId: MMSG-17999]
2022-08-11 03:54:12.716 :   Logout completed	[MsgId: MMSG-17999]
2022-08-11 03:56:00.174 : - Iteration: 59	[MsgId: MMSG-17999]
2022-08-11 03:56:00.174 :   Account: jojo16/bean16	[MsgId: MMSG-17999]
2022-08-11 03:56:12.375 :   Login completed	[MsgId: MMSG-17999]
2022-08-11 03:56:17.983 :   Logout completed	[MsgId: MMSG-17999]
2022-08-11 03:58:06.182 : - Iteration: 60	[MsgId: MMSG-17999]
2022-08-11 03:58:06.183 :   Account: jojo16/bean16	[MsgId: MMSG-17999]
2022-08-11 03:58:16.794 :   Login completed	[MsgId: MMSG-17999]
2022-08-11 03:58:21.940 :   Logout completed	[MsgId: MMSG-17999]
2022-08-11 04:00:12.197 : - Iteration: 61	[MsgId: MMSG-17999]
2022-08-11 04:00:12.198 :   Account: jojo16/bean16	[MsgId: MMSG-17999]
2022-08-11 04:00:24.460 :   Login completed	[MsgId: MMSG-17999]
2022-08-11 04:00:31.976 :   Logout completed	[MsgId: MMSG-17999]
2022-08-11 04:02:18.201 : - Iteration: 62	[MsgId: MMSG-17999]
2022-08-11 04:02:18.202 :   Account: jojo16/bean16	[MsgId: MMSG-17999]
2022-08-11 04:02:30.384 :   Login completed	[MsgId: MMSG-17999]
2022-08-11 04:02:34.888 :   Logout completed	[MsgId: MMSG-17999]
2022-08-11 04:04:24.209 : - Iteration: 63	[MsgId: MMSG-17999]
2022-08-11 04:04:24.210 :   Account: jojo16/bean16	[MsgId: MMSG-17999]
2022-08-11 04:04:31.272 :   Login completed	[MsgId: MMSG-17999]
2022-08-11 04:04:38.888 :   Logout completed	[MsgId: MMSG-17999]
2022-08-11 04:06:30.217 : - Iteration: 64	[MsgId: MMSG-17999]
2022-08-11 04:06:30.218 :   Account: jojo16/bean16	[MsgId: MMSG-17999]
2022-08-11 04:06:44.307 :   Login completed	[MsgId: MMSG-17999]
2022-08-11 04:06:49.848 :   Logout completed	[MsgId: MMSG-17999]
2022-08-11 04:08:36.230 : - Iteration: 65	[MsgId: MMSG-17999]
2022-08-11 04:08:36.231 :   Account: jojo16/bean16	[MsgId: MMSG-17999]
2022-08-11 04:08:47.111 :   Login completed	[MsgId: MMSG-17999]
2022-08-11 04:08:52.106 :   Logout completed	[MsgId: MMSG-17999]
2022-08-11 04:10:42.237 : - Iteration: 66	[MsgId: MMSG-17999]
2022-08-11 04:10:42.238 :   Account: jojo16/bean16	[MsgId: MMSG-17999]
2022-08-11 04:10:56.793 :   Login completed	[MsgId: MMSG-17999]
2022-08-11 04:11:02.510 :   Logout completed	[MsgId: MMSG-17999]
2022-08-11 04:12:48.248 : - Iteration: 67	[MsgId: MMSG-17999]
2022-08-11 04:12:48.248 :   Account: jojo16/bean16	[MsgId: MMSG-17999]
2022-08-11 04:12:57.439 :   Login completed	[MsgId: MMSG-17999]
2022-08-11 04:13:03.862 :   Logout completed	[MsgId: MMSG-17999]
2022-08-11 04:14:54.249 : - Iteration: 68	[MsgId: MMSG-17999]
2022-08-11 04:14:54.249 :   Account: jojo16/bean16	[MsgId: MMSG-17999]
2022-08-11 04:15:06.021 :   Login completed	[MsgId: MMSG-17999]
2022-08-11 04:15:13.010 :   Logout completed	[MsgId: MMSG-17999]
2022-08-11 04:17:00.255 : - Iteration: 69	[MsgId: MMSG-17999]
2022-08-11 04:17:00.255 :   Account: jojo16/bean16	[MsgId: MMSG-17999]
2022-08-11 04:17:15.170 :   Login completed	[MsgId: MMSG-17999]
2022-08-11 04:17:17.996 :   Logout completed	[MsgId: MMSG-17999]
2022-08-11 04:19:06.266 : - Iteration: 70	[MsgId: MMSG-17999]
2022-08-11 04:19:06.266 :   Account: jojo16/bean16	[MsgId: MMSG-17999]
2022-08-11 04:19:13.974 :   Login completed	[MsgId: MMSG-17999]
2022-08-11 04:19:21.286 :   Logout completed	[MsgId: MMSG-17999]
2022-08-11 04:21:12.278 : - Iteration: 71	[MsgId: MMSG-17999]
2022-08-11 04:21:12.278 :   Account: jojo16/bean16	[MsgId: MMSG-17999]
2022-08-11 04:21:25.359 :   Login completed	[MsgId: MMSG-17999]
2022-08-11 04:21:30.010 :   Logout completed	[MsgId: MMSG-17999]
2022-08-11 04:23:18.291 : - Iteration: 72	[MsgId: MMSG-17999]
2022-08-11 04:23:18.291 :   Account: jojo16/bean16	[MsgId: MMSG-17999]
2022-08-11 04:23:29.991 :   Login completed	[MsgId: MMSG-17999]
2022-08-11 04:23:32.906 :   Logout completed	[MsgId: MMSG-17999]
2022-08-11 04:25:24.303 : - Iteration: 73	[MsgId: MMSG-17999]
2022-08-11 04:25:24.303 :   Account: jojo16/bean16	[MsgId: MMSG-17999]
2022-08-11 04:25:37.414 :   Login completed	[MsgId: MMSG-17999]
2022-08-11 04:25:42.476 :   Logout completed	[MsgId: MMSG-17999]
2022-08-11 04:27:30.312 : - Iteration: 74	[MsgId: MMSG-17999]
2022-08-11 04:27:30.312 :   Account: jojo16/bean16	[MsgId: MMSG-17999]
2022-08-11 04:27:44.609 :   Login completed	[MsgId: MMSG-17999]
2022-08-11 04:27:52.304 :   Logout completed	[MsgId: MMSG-17999]
2022-08-11 04:29:36.317 : - Iteration: 75	[MsgId: MMSG-17999]
2022-08-11 04:29:36.318 :   Account: jojo16/bean16	[MsgId: MMSG-17999]
2022-08-11 04:29:46.887 :   Login completed	[MsgId: MMSG-17999]
2022-08-11 04:29:53.060 :   Logout completed	[MsgId: MMSG-17999]
2022-08-11 04:31:42.329 : - Iteration: 76	[MsgId: MMSG-17999]
2022-08-11 04:31:42.329 :   Account: jojo16/bean16	[MsgId: MMSG-17999]
2022-08-11 04:31:50.569 :   Login completed	[MsgId: MMSG-17999]
2022-08-11 04:31:56.955 :   Logout completed	[MsgId: MMSG-17999]
2022-08-11 04:33:48.340 : - Iteration: 77	[MsgId: MMSG-17999]
2022-08-11 04:33:48.340 :   Account: jojo16/bean16	[MsgId: MMSG-17999]
2022-08-11 04:33:55.746 :   Login completed	[MsgId: MMSG-17999]
2022-08-11 04:33:58.726 :   Logout completed	[MsgId: MMSG-17999]
2022-08-11 04:35:54.348 : - Iteration: 78	[MsgId: MMSG-17999]
2022-08-11 04:35:54.348 :   Account: jojo16/bean16	[MsgId: MMSG-17999]
2022-08-11 04:36:06.342 :   Login completed	[MsgId: MMSG-17999]
2022-08-11 04:36:12.418 :   Logout completed	[MsgId: MMSG-17999]
2022-08-11 04:38:00.352 : - Iteration: 79	[MsgId: MMSG-17999]
2022-08-11 04:38:00.353 :   Account: jojo16/bean16	[MsgId: MMSG-17999]
2022-08-11 04:38:09.156 :   Login completed	[MsgId: MMSG-17999]
2022-08-11 04:38:15.211 :   Logout completed	[MsgId: MMSG-17999]
2022-08-11 04:40:06.362 : - Iteration: 80	[MsgId: MMSG-17999]
2022-08-11 04:40:06.362 :   Account: jojo16/bean16	[MsgId: MMSG-17999]
2022-08-11 04:40:17.844 :   Login completed	[MsgId: MMSG-17999]
2022-08-11 04:40:25.535 :   Logout completed	[MsgId: MMSG-17999]
2022-08-11 04:42:12.372 : - Iteration: 81	[MsgId: MMSG-17999]
2022-08-11 04:42:12.372 :   Account: jojo16/bean16	[MsgId: MMSG-17999]
2022-08-11 04:42:19.326 :   Login completed	[MsgId: MMSG-17999]
2022-08-11 04:42:25.164 :   Logout completed	[MsgId: MMSG-17999]
2022-08-11 04:44:18.380 : - Iteration: 82	[MsgId: MMSG-17999]
2022-08-11 04:44:18.380 :   Account: jojo16/bean16	[MsgId: MMSG-17999]
2022-08-11 04:44:27.557 :   Login completed	[MsgId: MMSG-17999]
2022-08-11 04:44:34.188 :   Logout completed	[MsgId: MMSG-17999]
2022-08-11 04:46:24.394 : - Iteration: 83	[MsgId: MMSG-17999]
2022-08-11 04:46:24.394 :   Account: jojo16/bean16	[MsgId: MMSG-17999]
2022-08-11 04:46:38.098 :   Login completed	[MsgId: MMSG-17999]
2022-08-11 04:46:43.156 :   Logout completed	[MsgId: MMSG-17999]
2022-08-11 04:48:30.400 : - Iteration: 84	[MsgId: MMSG-17999]
2022-08-11 04:48:30.401 :   Account: jojo16/bean16	[MsgId: MMSG-17999]
2022-08-11 04:48:43.071 :   Login completed	[MsgId: MMSG-17999]
2022-08-11 04:48:49.834 :   Logout completed	[MsgId: MMSG-17999]
2022-08-11 04:50:36.410 : - Iteration: 85	[MsgId: MMSG-17999]
2022-08-11 04:50:36.410 :   Account: jojo16/bean16	[MsgId: MMSG-17999]
2022-08-11 04:50:42.897 :   Login completed	[MsgId: MMSG-17999]
2022-08-11 04:50:48.703 :   Logout completed	[MsgId: MMSG-17999]
2022-08-11 04:52:42.415 : - Iteration: 86	[MsgId: MMSG-17999]
2022-08-11 04:52:42.415 :   Account: jojo16/bean16	[MsgId: MMSG-17999]
2022-08-11 04:52:50.323 :   Login completed	[MsgId: MMSG-17999]
2022-08-11 04:52:56.434 :   Logout completed	[MsgId: MMSG-17999]
2022-08-11 04:54:48.425 : - Iteration: 87	[MsgId: MMSG-17999]
2022-08-11 04:54:48.425 :   Account: jojo16/bean16	[MsgId: MMSG-17999]
2022-08-11 04:54:59.275 :   Login completed	[MsgId: MMSG-17999]
2022-08-11 04:55:03.474 :   Logout completed	[MsgId: MMSG-17999]
2022-08-11 04:56:54.436 : - Iteration: 88	[MsgId: MMSG-17999]
2022-08-11 04:56:54.436 :   Account: jojo16/bean16	[MsgId: MMSG-17999]
2022-08-11 04:57:01.502 :   Login completed	[MsgId: MMSG-17999]
2022-08-11 04:57:06.173 :   Logout completed	[MsgId: MMSG-17999]
2022-08-11 04:59:00.449 : - Iteration: 89	[MsgId: MMSG-17999]
2022-08-11 04:59:00.449 :   Account: jojo16/bean16	[MsgId: MMSG-17999]
2022-08-11 04:59:09.788 :   Login completed	[MsgId: MMSG-17999]
2022-08-11 04:59:13.653 :   Logout completed	[MsgId: MMSG-17999]
2022-08-11 05:01:06.460 : - Iteration: 90	[MsgId: MMSG-17999]
2022-08-11 05:01:06.461 :   Account: jojo16/bean16	[MsgId: MMSG-17999]
2022-08-11 05:01:13.000 :   Login completed	[MsgId: MMSG-17999]
2022-08-11 05:01:17.650 :   Logout completed	[MsgId: MMSG-17999]
2022-08-11 05:03:12.465 : - Iteration: 91	[MsgId: MMSG-17999]
2022-08-11 05:03:12.465 :   Account: jojo16/bean16	[MsgId: MMSG-17999]
2022-08-11 05:03:23.050 :   Login completed	[MsgId: MMSG-17999]
2022-08-11 05:03:28.627 :   Logout completed	[MsgId: MMSG-17999]
2022-08-11 05:05:18.472 : - Iteration: 92	[MsgId: MMSG-17999]
2022-08-11 05:05:18.473 :   Account: jojo16/bean16	[MsgId: MMSG-17999]
2022-08-11 05:05:26.588 :   Login completed	[MsgId: MMSG-17999]
2022-08-11 05:05:29.380 :   Logout completed	[MsgId: MMSG-17999]
