2022-08-11 03:57:30.730 : URL = localhost:1080	[MsgId: MMSG-17999]
2022-08-11 03:57:30.758 : - Iteration: 1	[MsgId: MMSG-17999]
2022-08-11 03:57:30.759 :   Account: jojo29/bean29	[MsgId: MMSG-17999]
2022-08-11 03:57:46.290 :   Login completed	[MsgId: MMSG-17999]
2022-08-11 03:57:51.575 :   Logout completed	[MsgId: MMSG-17999]
2022-08-11 03:59:36.774 : - Iteration: 2	[MsgId: MMSG-17999]
2022-08-11 03:59:36.774 :   Account: jojo29/bean29	[MsgId: MMSG-17999]
2022-08-11 03:59:43.802 :   Login completed	[MsgId: MMSG-17999]
2022-08-11 03:59:49.692 :   Logout completed	[MsgId: MMSG-17999]
2022-08-11 04:01:42.783 : - Iteration: 3	[MsgId: MMSG-17999]
2022-08-11 04:01:42.783 :   Account: jojo29/bean29	[MsgId: MMSG-17999]
2022-08-11 04:01:51.245 :   Login completed	[MsgId: MMSG-17999]
2022-08-11 04:01:58.386 :   Logout completed	[MsgId: MMSG-17999]
2022-08-11 04:03:48.794 : - Iteration: 4	[MsgId: MMSG-17999]
2022-08-11 04:03:48.794 :   Account: jojo29/bean29	[MsgId: MMSG-17999]
2022-08-11 04:03:58.475 :   Login completed	[MsgId: MMSG-17999]
2022-08-11 04:04:01.861 :   Logout completed	[MsgId: MMSG-17999]
2022-08-11 04:05:54.810 : - Iteration: 5	[MsgId: MMSG-17999]
2022-08-11 04:05:54.810 :   Account: jojo29/bean29	[MsgId: MMSG-17999]
2022-08-11 04:06:02.040 :   Login completed	[MsgId: MMSG-17999]
2022-08-11 04:06:09.632 :   Logout completed	[MsgId: MMSG-17999]
2022-08-11 04:08:00.823 : - Iteration: 6	[MsgId: MMSG-17999]
2022-08-11 04:08:00.823 :   Account: jojo29/bean29	[MsgId: MMSG-17999]
2022-08-11 04:08:13.364 :   Login completed	[MsgId: MMSG-17999]
2022-08-11 04:08:17.917 :   Logout completed	[MsgId: MMSG-17999]
2022-08-11 04:10:06.835 : - Iteration: 7	[MsgId: MMSG-17999]
2022-08-11 04:10:06.835 :   Account: jojo29/bean29	[MsgId: MMSG-17999]
2022-08-11 04:10:19.055 :   Login completed	[MsgId: MMSG-17999]
2022-08-11 04:10:23.683 :   Logout completed	[MsgId: MMSG-17999]
2022-08-11 04:12:12.836 : - Iteration: 8	[MsgId: MMSG-17999]
2022-08-11 04:12:12.836 :   Account: jojo29/bean29	[MsgId: MMSG-17999]
2022-08-11 04:12:26.250 :   Login completed	[MsgId: MMSG-17999]
2022-08-11 04:12:32.598 :   Logout completed	[MsgId: MMSG-17999]
2022-08-11 04:14:18.850 : - Iteration: 9	[MsgId: MMSG-17999]
2022-08-11 04:14:18.850 :   Account: jojo29/bean29	[MsgId: MMSG-17999]
2022-08-11 04:14:28.317 :   Login completed	[MsgId: MMSG-17999]
2022-08-11 04:14:35.387 :   Logout completed	[MsgId: MMSG-17999]
2022-08-11 04:16:24.864 : - Iteration: 10	[MsgId: MMSG-17999]
2022-08-11 04:16:24.864 :   Account: jojo29/bean29	[MsgId: MMSG-17999]
2022-08-11 04:16:40.294 :   Login completed	[MsgId: MMSG-17999]
2022-08-11 04:16:45.338 :   Logout completed	[MsgId: MMSG-17999]
2022-08-11 04:18:30.867 : - Iteration: 11	[MsgId: MMSG-17999]
2022-08-11 04:18:30.867 :   Account: jojo29/bean29	[MsgId: MMSG-17999]
2022-08-11 04:18:43.043 :   Login completed	[MsgId: MMSG-17999]
2022-08-11 04:18:49.640 :   Logout completed	[MsgId: MMSG-17999]
2022-08-11 04:20:36.884 : - Iteration: 12	[MsgId: MMSG-17999]
2022-08-11 04:20:36.884 :   Account: jojo29/bean29	[MsgId: MMSG-17999]
2022-08-11 04:20:48.906 :   Login completed	[MsgId: MMSG-17999]
2022-08-11 04:20:55.341 :   Logout completed	[MsgId: MMSG-17999]
2022-08-11 04:22:42.896 : - Iteration: 13	[MsgId: MMSG-17999]
2022-08-11 04:22:42.896 :   Account: jojo29/bean29	[MsgId: MMSG-17999]
2022-08-11 04:22:51.740 :   Login completed	[MsgId: MMSG-17999]
2022-08-11 04:22:57.308 :   Logout completed	[MsgId: MMSG-17999]
2022-08-11 04:24:48.910 : - Iteration: 14	[MsgId: MMSG-17999]
2022-08-11 04:24:48.911 :   Account: jojo29/bean29	[MsgId: MMSG-17999]
2022-08-11 04:25:00.431 :   Login completed	[MsgId: MMSG-17999]
2022-08-11 04:25:05.538 :   Logout completed	[MsgId: MMSG-17999]
2022-08-11 04:26:54.913 : - Iteration: 15	[MsgId: MMSG-17999]
2022-08-11 04:26:54.913 :   Account: jojo29/bean29	[MsgId: MMSG-17999]
2022-08-11 04:27:03.538 :   Login completed	[MsgId: MMSG-17999]
2022-08-11 04:27:11.138 :   Logout completed	[MsgId: MMSG-17999]
2022-08-11 04:29:00.919 : - Iteration: 16	[MsgId: MMSG-17999]
2022-08-11 04:29:00.920 :   Account: jojo29/bean29	[MsgId: MMSG-17999]
2022-08-11 04:29:08.259 :   Login completed	[MsgId: MMSG-17999]
2022-08-11 04:29:15.855 :   Logout completed	[MsgId: MMSG-17999]
2022-08-11 04:31:06.922 : - Iteration: 17	[MsgId: MMSG-17999]
2022-08-11 04:31:06.922 :   Account: jojo29/bean29	[MsgId: MMSG-17999]
2022-08-11 04:31:16.879 :   Login completed	[MsgId: MMSG-17999]
2022-08-11 04:31:23.152 :   Logout completed	[MsgId: MMSG-17999]
2022-08-11 04:33:12.924 : - Iteration: 18	[MsgId: MMSG-17999]
2022-08-11 04:33:12.924 :   Account: jojo29/bean29	[MsgId: MMSG-17999]
2022-08-11 04:33:24.561 :   Login completed	[MsgId: MMSG-17999]
2022-08-11 04:33:31.297 :   Logout completed	[MsgId: MMSG-17999]
2022-08-11 04:35:18.926 : - Iteration: 19	[MsgId: MMSG-17999]
2022-08-11 04:35:18.926 :   Account: jojo29/bean29	[MsgId: MMSG-17999]
2022-08-11 04:35:28.610 :   Login completed	[MsgId: MMSG-17999]
2022-08-11 04:35:34.061 :   Logout completed	[MsgId: MMSG-17999]
2022-08-11 04:37:24.941 : - Iteration: 20	[MsgId: MMSG-17999]
2022-08-11 04:37:24.941 :   Account: jojo29/bean29	[MsgId: MMSG-17999]
2022-08-11 04:37:34.329 :   Login completed	[MsgId: MMSG-17999]
2022-08-11 04:37:39.176 :   Logout completed	[MsgId: MMSG-17999]
2022-08-11 04:39:30.944 : - Iteration: 21	[MsgId: MMSG-17999]
2022-08-11 04:39:30.944 :   Account: jojo29/bean29	[MsgId: MMSG-17999]
2022-08-11 04:39:43.532 :   Login completed	[MsgId: MMSG-17999]
2022-08-11 04:39:47.758 :   Logout completed	[MsgId: MMSG-17999]
2022-08-11 04:41:36.945 : - Iteration: 22	[MsgId: MMSG-17999]
2022-08-11 04:41:36.945 :   Account: jojo29/bean29	[MsgId: MMSG-17999]
2022-08-11 04:41:50.198 :   Login completed	[MsgId: MMSG-17999]
2022-08-11 04:41:52.952 :   Logout completed	[MsgId: MMSG-17999]
2022-08-11 04:43:42.954 : - Iteration: 23	[MsgId: MMSG-17999]
2022-08-11 04:43:42.955 :   Account: jojo29/bean29	[MsgId: MMSG-17999]
2022-08-11 04:43:57.781 :   Login completed	[MsgId: MMSG-17999]
2022-08-11 04:44:02.110 :   Logout completed	[MsgId: MMSG-17999]
2022-08-11 04:45:48.967 : - Iteration: 24	[MsgId: MMSG-17999]
2022-08-11 04:45:48.967 :   Account: jojo29/bean29	[MsgId: MMSG-17999]
2022-08-11 04:46:00.400 :   Login completed	[MsgId: MMSG-17999]
2022-08-11 04:46:05.271 :   Logout completed	[MsgId: MMSG-17999]
2022-08-11 04:47:54.972 : - Iteration: 25	[MsgId: MMSG-17999]
2022-08-11 04:47:54.972 :   Account: jojo29/bean29	[MsgId: MMSG-17999]
2022-08-11 04:48:01.929 :   Login completed	[MsgId: MMSG-17999]
2022-08-11 04:48:05.804 :   Logout completed	[MsgId: MMSG-17999]
2022-08-11 04:50:00.985 : - Iteration: 26	[MsgId: MMSG-17999]
2022-08-11 04:50:00.985 :   Account: jojo29/bean29	[MsgId: MMSG-17999]
2022-08-11 04:50:12.177 :   Login completed	[MsgId: MMSG-17999]
2022-08-11 04:50:17.280 :   Logout completed	[MsgId: MMSG-17999]
2022-08-11 04:52:06.992 : - Iteration: 27	[MsgId: MMSG-17999]
2022-08-11 04:52:06.992 :   Account: jojo29/bean29	[MsgId: MMSG-17999]
2022-08-11 04:52:17.562 :   Login completed	[MsgId: MMSG-17999]
2022-08-11 04:52:22.379 :   Logout completed	[MsgId: MMSG-17999]
2022-08-11 04:54:12.994 : - Iteration: 28	[MsgId: MMSG-17999]
2022-08-11 04:54:12.994 :   Account: jojo29/bean29	[MsgId: MMSG-17999]
2022-08-11 04:54:22.507 :   Login completed	[MsgId: MMSG-17999]
2022-08-11 04:54:27.468 :   Logout completed	[MsgId: MMSG-17999]
2022-08-11 04:56:18.998 : - Iteration: 29	[MsgId: MMSG-17999]
2022-08-11 04:56:18.998 :   Account: jojo29/bean29	[MsgId: MMSG-17999]
2022-08-11 04:56:24.641 :   Login completed	[MsgId: MMSG-17999]
2022-08-11 04:56:30.624 :   Logout completed	[MsgId: MMSG-17999]
2022-08-11 04:58:25.011 : - Iteration: 30	[MsgId: MMSG-17999]
2022-08-11 04:58:25.011 :   Account: jojo29/bean29	[MsgId: MMSG-17999]
2022-08-11 04:58:32.624 :   Login completed	[MsgId: MMSG-17999]
2022-08-11 04:58:36.022 :   Logout completed	[MsgId: MMSG-17999]
2022-08-11 05:00:31.018 : - Iteration: 31	[MsgId: MMSG-17999]
2022-08-11 05:00:31.018 :   Account: jojo29/bean29	[MsgId: MMSG-17999]
2022-08-11 05:00:40.300 :   Login completed	[MsgId: MMSG-17999]
2022-08-11 05:00:46.030 :   Logout completed	[MsgId: MMSG-17999]
2022-08-11 05:02:37.024 : - Iteration: 32	[MsgId: MMSG-17999]
2022-08-11 05:02:37.024 :   Account: jojo29/bean29	[MsgId: MMSG-17999]
2022-08-11 05:02:43.124 :   Login completed	[MsgId: MMSG-17999]
2022-08-11 05:02:48.759 :   Logout completed	[MsgId: MMSG-17999]
2022-08-11 05:04:43.037 : - Iteration: 33	[MsgId: MMSG-17999]
2022-08-11 05:04:43.037 :   Account: jojo29/bean29	[MsgId: MMSG-17999]
2022-08-11 05:04:52.552 :   Login completed	[MsgId: MMSG-17999]
2022-08-11 05:04:58.674 :   Logout completed	[MsgId: MMSG-17999]
2022-08-11 05:06:49.040 : - Iteration: 34	[MsgId: MMSG-17999]
2022-08-11 05:06:49.040 :   Account: jojo29/bean29	[MsgId: MMSG-17999]
2022-08-11 05:06:58.563 :   Login completed	[MsgId: MMSG-17999]
2022-08-11 05:07:05.248 :   Logout completed	[MsgId: MMSG-17999]
2022-08-11 05:08:55.041 : - Iteration: 35	[MsgId: MMSG-17999]
2022-08-11 05:08:55.042 :   Account: jojo29/bean29	[MsgId: MMSG-17999]
2022-08-11 05:09:05.224 :   Login completed	[MsgId: MMSG-17999]
2022-08-11 05:09:11.486 :   Logout completed	[MsgId: MMSG-17999]
