2022-08-11 00:52:59.195 : URL = localhost:1080	[MsgId: MMSG-17999]
2022-08-11 00:52:59.223 : - Iteration: 1	[MsgId: MMSG-17999]
2022-08-11 00:52:59.224 :   Account: jojo11/bean11	[MsgId: MMSG-17999]
2022-08-11 00:53:11.019 :   Login completed	[MsgId: MMSG-17999]
2022-08-11 00:53:16.633 :   Logout completed	[MsgId: MMSG-17999]
2022-08-11 00:55:05.234 : - Iteration: 2	[MsgId: MMSG-17999]
2022-08-11 00:55:05.234 :   Account: jojo11/bean11	[MsgId: MMSG-17999]
2022-08-11 00:55:19.503 :   Login completed	[MsgId: MMSG-17999]
2022-08-11 00:55:23.775 :   Logout completed	[MsgId: MMSG-17999]
2022-08-11 00:57:11.249 : - Iteration: 3	[MsgId: MMSG-17999]
2022-08-11 00:57:11.249 :   Account: jojo11/bean11	[MsgId: MMSG-17999]
2022-08-11 00:57:16.869 :   Login completed	[MsgId: MMSG-17999]
2022-08-11 00:57:20.373 :   Logout completed	[MsgId: MMSG-17999]
2022-08-11 00:59:17.262 : - Iteration: 4	[MsgId: MMSG-17999]
2022-08-11 00:59:17.262 :   Account: jojo11/bean11	[MsgId: MMSG-17999]
2022-08-11 00:59:23.305 :   Login completed	[MsgId: MMSG-17999]
2022-08-11 00:59:27.561 :   Logout completed	[MsgId: MMSG-17999]
2022-08-11 01:01:23.274 : - Iteration: 5	[MsgId: MMSG-17999]
2022-08-11 01:01:23.274 :   Account: jojo11/bean11	[MsgId: MMSG-17999]
2022-08-11 01:01:36.602 :   Login completed	[MsgId: MMSG-17999]
2022-08-11 01:01:41.169 :   Logout completed	[MsgId: MMSG-17999]
2022-08-11 01:03:29.277 : - Iteration: 6	[MsgId: MMSG-17999]
2022-08-11 01:03:29.277 :   Account: jojo11/bean11	[MsgId: MMSG-17999]
2022-08-11 01:03:37.764 :   Login completed	[MsgId: MMSG-17999]
2022-08-11 01:03:43.393 :   Logout completed	[MsgId: MMSG-17999]
2022-08-11 01:05:35.290 : - Iteration: 7	[MsgId: MMSG-17999]
2022-08-11 01:05:35.291 :   Account: jojo11/bean11	[MsgId: MMSG-17999]
2022-08-11 01:05:42.687 :   Login completed	[MsgId: MMSG-17999]
2022-08-11 01:05:47.257 :   Logout completed	[MsgId: MMSG-17999]
2022-08-11 01:07:41.293 : - Iteration: 8	[MsgId: MMSG-17999]
2022-08-11 01:07:41.293 :   Account: jojo11/bean11	[MsgId: MMSG-17999]
2022-08-11 01:07:48.272 :   Login completed	[MsgId: MMSG-17999]
2022-08-11 01:07:53.702 :   Logout completed	[MsgId: MMSG-17999]
2022-08-11 01:09:47.296 : - Iteration: 9	[MsgId: MMSG-17999]
2022-08-11 01:09:47.296 :   Account: jojo11/bean11	[MsgId: MMSG-17999]
2022-08-11 01:09:56.231 :   Login completed	[MsgId: MMSG-17999]
2022-08-11 01:10:03.718 :   Logout completed	[MsgId: MMSG-17999]
2022-08-11 01:11:53.308 : - Iteration: 10	[MsgId: MMSG-17999]
2022-08-11 01:11:53.308 :   Account: jojo11/bean11	[MsgId: MMSG-17999]
2022-08-11 01:11:59.407 :   Login completed	[MsgId: MMSG-17999]
2022-08-11 01:12:03.899 :   Logout completed	[MsgId: MMSG-17999]
2022-08-11 01:13:59.324 : - Iteration: 11	[MsgId: MMSG-17999]
2022-08-11 01:13:59.325 :   Account: jojo11/bean11	[MsgId: MMSG-17999]
2022-08-11 01:14:10.976 :   Login completed	[MsgId: MMSG-17999]
2022-08-11 01:14:14.860 :   Logout completed	[MsgId: MMSG-17999]
2022-08-11 01:16:05.327 : - Iteration: 12	[MsgId: MMSG-17999]
2022-08-11 01:16:05.328 :   Account: jojo11/bean11	[MsgId: MMSG-17999]
2022-08-11 01:16:15.858 :   Login completed	[MsgId: MMSG-17999]
2022-08-11 01:16:22.063 :   Logout completed	[MsgId: MMSG-17999]
2022-08-11 01:18:11.332 : - Iteration: 13	[MsgId: MMSG-17999]
2022-08-11 01:18:11.332 :   Account: jojo11/bean11	[MsgId: MMSG-17999]
2022-08-11 01:18:21.257 :   Login completed	[MsgId: MMSG-17999]
2022-08-11 01:18:24.276 :   Logout completed	[MsgId: MMSG-17999]
2022-08-11 01:20:17.347 : - Iteration: 14	[MsgId: MMSG-17999]
2022-08-11 01:20:17.348 :   Account: jojo11/bean11	[MsgId: MMSG-17999]
2022-08-11 01:20:29.143 :   Login completed	[MsgId: MMSG-17999]
2022-08-11 01:20:35.661 :   Logout completed	[MsgId: MMSG-17999]
2022-08-11 01:22:23.354 : - Iteration: 15	[MsgId: MMSG-17999]
2022-08-11 01:22:23.355 :   Account: jojo11/bean11	[MsgId: MMSG-17999]
2022-08-11 01:22:33.377 :   Login completed	[MsgId: MMSG-17999]
2022-08-11 01:22:39.377 :   Logout completed	[MsgId: MMSG-17999]
2022-08-11 01:24:29.361 : - Iteration: 16	[MsgId: MMSG-17999]
2022-08-11 01:24:29.361 :   Account: jojo11/bean11	[MsgId: MMSG-17999]
2022-08-11 01:24:39.016 :   Login completed	[MsgId: MMSG-17999]
2022-08-11 01:24:45.422 :   Logout completed	[MsgId: MMSG-17999]
2022-08-11 01:26:35.369 : - Iteration: 17	[MsgId: MMSG-17999]
2022-08-11 01:26:35.369 :   Account: jojo11/bean11	[MsgId: MMSG-17999]
2022-08-11 01:26:41.260 :   Login completed	[MsgId: MMSG-17999]
2022-08-11 01:26:47.623 :   Logout completed	[MsgId: MMSG-17999]
2022-08-11 01:28:41.376 : - Iteration: 18	[MsgId: MMSG-17999]
2022-08-11 01:28:41.376 :   Account: jojo11/bean11	[MsgId: MMSG-17999]
2022-08-11 01:28:55.387 :   Login completed	[MsgId: MMSG-17999]
2022-08-11 01:29:01.247 :   Logout completed	[MsgId: MMSG-17999]
2022-08-11 01:30:47.385 : - Iteration: 19	[MsgId: MMSG-17999]
2022-08-11 01:30:47.385 :   Account: jojo11/bean11	[MsgId: MMSG-17999]
2022-08-11 01:31:01.883 :   Login completed	[MsgId: MMSG-17999]
2022-08-11 01:31:08.338 :   Logout completed	[MsgId: MMSG-17999]
2022-08-11 01:32:53.385 : - Iteration: 20	[MsgId: MMSG-17999]
2022-08-11 01:32:53.385 :   Account: jojo11/bean11	[MsgId: MMSG-17999]
2022-08-11 01:33:00.005 :   Login completed	[MsgId: MMSG-17999]
2022-08-11 01:33:03.545 :   Logout completed	[MsgId: MMSG-17999]
2022-08-11 01:34:59.398 : - Iteration: 21	[MsgId: MMSG-17999]
2022-08-11 01:34:59.399 :   Account: jojo11/bean11	[MsgId: MMSG-17999]
2022-08-11 01:35:07.181 :   Login completed	[MsgId: MMSG-17999]
2022-08-11 01:35:14.727 :   Logout completed	[MsgId: MMSG-17999]
2022-08-11 01:37:05.400 : - Iteration: 22	[MsgId: MMSG-17999]
2022-08-11 01:37:05.400 :   Account: jojo11/bean11	[MsgId: MMSG-17999]
2022-08-11 01:37:17.694 :   Login completed	[MsgId: MMSG-17999]
2022-08-11 01:37:25.108 :   Logout completed	[MsgId: MMSG-17999]
2022-08-11 01:39:11.403 : - Iteration: 23	[MsgId: MMSG-17999]
2022-08-11 01:39:11.403 :   Account: jojo11/bean11	[MsgId: MMSG-17999]
2022-08-11 01:39:20.566 :   Login completed	[MsgId: MMSG-17999]
2022-08-11 01:39:26.508 :   Logout completed	[MsgId: MMSG-17999]
2022-08-11 01:41:17.411 : - Iteration: 24	[MsgId: MMSG-17999]
2022-08-11 01:41:17.412 :   Account: jojo11/bean11	[MsgId: MMSG-17999]
2022-08-11 01:41:25.009 :   Login completed	[MsgId: MMSG-17999]
2022-08-11 01:41:28.748 :   Logout completed	[MsgId: MMSG-17999]
2022-08-11 01:43:23.419 : - Iteration: 25	[MsgId: MMSG-17999]
2022-08-11 01:43:23.420 :   Account: jojo11/bean11	[MsgId: MMSG-17999]
2022-08-11 01:43:31.164 :   Login completed	[MsgId: MMSG-17999]
2022-08-11 01:43:34.524 :   Logout completed	[MsgId: MMSG-17999]
2022-08-11 01:45:29.428 : - Iteration: 26	[MsgId: MMSG-17999]
2022-08-11 01:45:29.428 :   Account: jojo11/bean11	[MsgId: MMSG-17999]
2022-08-11 01:45:38.890 :   Login completed	[MsgId: MMSG-17999]
2022-08-11 01:45:42.984 :   Logout completed	[MsgId: MMSG-17999]
2022-08-11 01:47:35.434 : - Iteration: 27	[MsgId: MMSG-17999]
2022-08-11 01:47:35.435 :   Account: jojo11/bean11	[MsgId: MMSG-17999]
2022-08-11 01:47:47.572 :   Login completed	[MsgId: MMSG-17999]
2022-08-11 01:47:54.481 :   Logout completed	[MsgId: MMSG-17999]
2022-08-11 01:49:41.441 : - Iteration: 28	[MsgId: MMSG-17999]
2022-08-11 01:49:41.442 :   Account: jojo11/bean11	[MsgId: MMSG-17999]
2022-08-11 01:49:50.426 :   Login completed	[MsgId: MMSG-17999]
2022-08-11 01:49:57.998 :   Logout completed	[MsgId: MMSG-17999]
2022-08-11 01:51:47.454 : - Iteration: 29	[MsgId: MMSG-17999]
2022-08-11 01:51:47.455 :   Account: jojo11/bean11	[MsgId: MMSG-17999]
2022-08-11 01:51:59.718 :   Login completed	[MsgId: MMSG-17999]
2022-08-11 01:52:03.028 :   Logout completed	[MsgId: MMSG-17999]
2022-08-11 01:53:53.466 : - Iteration: 30	[MsgId: MMSG-17999]
2022-08-11 01:53:53.466 :   Account: jojo11/bean11	[MsgId: MMSG-17999]
2022-08-11 01:54:04.945 :   Login completed	[MsgId: MMSG-17999]
2022-08-11 01:54:09.347 :   Logout completed	[MsgId: MMSG-17999]
2022-08-11 01:55:59.475 : - Iteration: 31	[MsgId: MMSG-17999]
2022-08-11 01:55:59.476 :   Account: jojo11/bean11	[MsgId: MMSG-17999]
2022-08-11 01:56:14.199 :   Login completed	[MsgId: MMSG-17999]
2022-08-11 01:56:21.630 :   Logout completed	[MsgId: MMSG-17999]
2022-08-11 01:58:05.482 : - Iteration: 32	[MsgId: MMSG-17999]
2022-08-11 01:58:05.482 :   Account: jojo11/bean11	[MsgId: MMSG-17999]
2022-08-11 01:58:13.403 :   Login completed	[MsgId: MMSG-17999]
2022-08-11 01:58:19.306 :   Logout completed	[MsgId: MMSG-17999]
2022-08-11 02:00:11.491 : - Iteration: 33	[MsgId: MMSG-17999]
2022-08-11 02:00:11.491 :   Account: jojo11/bean11	[MsgId: MMSG-17999]
2022-08-11 02:00:18.345 :   Login completed	[MsgId: MMSG-17999]
2022-08-11 02:00:23.539 :   Logout completed	[MsgId: MMSG-17999]
2022-08-11 02:02:17.494 : - Iteration: 34	[MsgId: MMSG-17999]
2022-08-11 02:02:17.494 :   Account: jojo11/bean11	[MsgId: MMSG-17999]
2022-08-11 02:02:24.391 :   Login completed	[MsgId: MMSG-17999]
2022-08-11 02:02:28.087 :   Logout completed	[MsgId: MMSG-17999]
2022-08-11 02:04:23.496 : - Iteration: 35	[MsgId: MMSG-17999]
2022-08-11 02:04:23.496 :   Account: jojo11/bean11	[MsgId: MMSG-17999]
2022-08-11 02:04:32.830 :   Login completed	[MsgId: MMSG-17999]
2022-08-11 02:04:39.603 :   Logout completed	[MsgId: MMSG-17999]
2022-08-11 02:06:29.500 : - Iteration: 36	[MsgId: MMSG-17999]
2022-08-11 02:06:29.501 :   Account: jojo11/bean11	[MsgId: MMSG-17999]
2022-08-11 02:06:38.413 :   Login completed	[MsgId: MMSG-17999]
2022-08-11 02:06:43.318 :   Logout completed	[MsgId: MMSG-17999]
2022-08-11 02:08:35.508 : - Iteration: 37	[MsgId: MMSG-17999]
2022-08-11 02:08:35.508 :   Account: jojo11/bean11	[MsgId: MMSG-17999]
2022-08-11 02:08:46.149 :   Login completed	[MsgId: MMSG-17999]
2022-08-11 02:08:49.608 :   Logout completed	[MsgId: MMSG-17999]
2022-08-11 02:10:41.512 : - Iteration: 38	[MsgId: MMSG-17999]
2022-08-11 02:10:41.512 :   Account: jojo11/bean11	[MsgId: MMSG-17999]
2022-08-11 02:10:57.005 :   Login completed	[MsgId: MMSG-17999]
2022-08-11 02:11:02.105 :   Logout completed	[MsgId: MMSG-17999]
2022-08-11 02:12:47.524 : - Iteration: 39	[MsgId: MMSG-17999]
2022-08-11 02:12:47.525 :   Account: jojo11/bean11	[MsgId: MMSG-17999]
2022-08-11 02:13:01.109 :   Login completed	[MsgId: MMSG-17999]
2022-08-11 02:13:05.110 :   Logout completed	[MsgId: MMSG-17999]
2022-08-11 02:14:53.536 : - Iteration: 40	[MsgId: MMSG-17999]
2022-08-11 02:14:53.536 :   Account: jojo11/bean11	[MsgId: MMSG-17999]
2022-08-11 02:15:02.241 :   Login completed	[MsgId: MMSG-17999]
2022-08-11 02:15:06.260 :   Logout completed	[MsgId: MMSG-17999]
2022-08-11 02:16:59.548 : - Iteration: 41	[MsgId: MMSG-17999]
2022-08-11 02:16:59.548 :   Account: jojo11/bean11	[MsgId: MMSG-17999]
2022-08-11 02:17:14.560 :   Login completed	[MsgId: MMSG-17999]
2022-08-11 02:17:18.436 :   Logout completed	[MsgId: MMSG-17999]
2022-08-11 02:19:05.553 : - Iteration: 42	[MsgId: MMSG-17999]
2022-08-11 02:19:05.553 :   Account: jojo11/bean11	[MsgId: MMSG-17999]
2022-08-11 02:19:15.282 :   Login completed	[MsgId: MMSG-17999]
2022-08-11 02:19:20.949 :   Logout completed	[MsgId: MMSG-17999]
2022-08-11 02:21:11.563 : - Iteration: 43	[MsgId: MMSG-17999]
2022-08-11 02:21:11.564 :   Account: jojo11/bean11	[MsgId: MMSG-17999]
2022-08-11 02:21:18.140 :   Login completed	[MsgId: MMSG-17999]
2022-08-11 02:21:24.813 :   Logout completed	[MsgId: MMSG-17999]
2022-08-11 02:23:17.573 : - Iteration: 44	[MsgId: MMSG-17999]
2022-08-11 02:23:17.574 :   Account: jojo11/bean11	[MsgId: MMSG-17999]
2022-08-11 02:23:31.885 :   Login completed	[MsgId: MMSG-17999]
2022-08-11 02:23:37.672 :   Logout completed	[MsgId: MMSG-17999]
2022-08-11 02:25:23.578 : - Iteration: 45	[MsgId: MMSG-17999]
2022-08-11 02:25:23.578 :   Account: jojo11/bean11	[MsgId: MMSG-17999]
2022-08-11 02:25:30.580 :   Login completed	[MsgId: MMSG-17999]
2022-08-11 02:25:38.000 :   Logout completed	[MsgId: MMSG-17999]
2022-08-11 02:27:29.591 : - Iteration: 46	[MsgId: MMSG-17999]
2022-08-11 02:27:29.592 :   Account: jojo11/bean11	[MsgId: MMSG-17999]
2022-08-11 02:27:40.639 :   Login completed	[MsgId: MMSG-17999]
2022-08-11 02:27:45.809 :   Logout completed	[MsgId: MMSG-17999]
2022-08-11 02:29:35.607 : - Iteration: 47	[MsgId: MMSG-17999]
2022-08-11 02:29:35.607 :   Account: jojo11/bean11	[MsgId: MMSG-17999]
2022-08-11 02:29:49.195 :   Login completed	[MsgId: MMSG-17999]
2022-08-11 02:29:55.840 :   Logout completed	[MsgId: MMSG-17999]
2022-08-11 02:31:41.617 : - Iteration: 48	[MsgId: MMSG-17999]
2022-08-11 02:31:41.617 :   Account: jojo11/bean11	[MsgId: MMSG-17999]
2022-08-11 02:31:53.068 :   Login completed	[MsgId: MMSG-17999]
2022-08-11 02:31:56.042 :   Logout completed	[MsgId: MMSG-17999]
2022-08-11 02:33:47.618 : - Iteration: 49	[MsgId: MMSG-17999]
2022-08-11 02:33:47.618 :   Account: jojo11/bean11	[MsgId: MMSG-17999]
2022-08-11 02:33:57.243 :   Login completed	[MsgId: MMSG-17999]
2022-08-11 02:34:00.437 :   Logout completed	[MsgId: MMSG-17999]
2022-08-11 02:35:53.633 : - Iteration: 50	[MsgId: MMSG-17999]
2022-08-11 02:35:53.633 :   Account: jojo11/bean11	[MsgId: MMSG-17999]
2022-08-11 02:36:04.017 :   Login completed	[MsgId: MMSG-17999]
2022-08-11 02:36:07.679 :   Logout completed	[MsgId: MMSG-17999]
2022-08-11 02:37:59.648 : - Iteration: 51	[MsgId: MMSG-17999]
2022-08-11 02:37:59.649 :   Account: jojo11/bean11	[MsgId: MMSG-17999]
2022-08-11 02:38:13.963 :   Login completed	[MsgId: MMSG-17999]
2022-08-11 02:38:20.068 :   Logout completed	[MsgId: MMSG-17999]
2022-08-11 02:40:05.654 : - Iteration: 52	[MsgId: MMSG-17999]
2022-08-11 02:40:05.654 :   Account: jojo11/bean11	[MsgId: MMSG-17999]
2022-08-11 02:40:11.887 :   Login completed	[MsgId: MMSG-17999]
2022-08-11 02:40:16.208 :   Logout completed	[MsgId: MMSG-17999]
2022-08-11 02:42:11.654 : - Iteration: 53	[MsgId: MMSG-17999]
2022-08-11 02:42:11.654 :   Account: jojo11/bean11	[MsgId: MMSG-17999]
2022-08-11 02:42:19.952 :   Login completed	[MsgId: MMSG-17999]
2022-08-11 02:42:24.872 :   Logout completed	[MsgId: MMSG-17999]
2022-08-11 02:44:17.658 : - Iteration: 54	[MsgId: MMSG-17999]
2022-08-11 02:44:17.658 :   Account: jojo11/bean11	[MsgId: MMSG-17999]
2022-08-11 02:44:25.955 :   Login completed	[MsgId: MMSG-17999]
2022-08-11 02:44:31.054 :   Logout completed	[MsgId: MMSG-17999]
2022-08-11 02:46:23.671 : - Iteration: 55	[MsgId: MMSG-17999]
2022-08-11 02:46:23.671 :   Account: jojo11/bean11	[MsgId: MMSG-17999]
2022-08-11 02:46:34.451 :   Login completed	[MsgId: MMSG-17999]
2022-08-11 02:46:41.718 :   Logout completed	[MsgId: MMSG-17999]
2022-08-11 02:48:29.676 : - Iteration: 56	[MsgId: MMSG-17999]
2022-08-11 02:48:29.676 :   Account: jojo11/bean11	[MsgId: MMSG-17999]
2022-08-11 02:48:44.080 :   Login completed	[MsgId: MMSG-17999]
2022-08-11 02:48:51.041 :   Logout completed	[MsgId: MMSG-17999]
2022-08-11 02:50:35.689 : - Iteration: 57	[MsgId: MMSG-17999]
2022-08-11 02:50:35.689 :   Account: jojo11/bean11	[MsgId: MMSG-17999]
2022-08-11 02:50:47.139 :   Login completed	[MsgId: MMSG-17999]
2022-08-11 02:50:54.105 :   Logout completed	[MsgId: MMSG-17999]
2022-08-11 02:52:41.701 : - Iteration: 58	[MsgId: MMSG-17999]
2022-08-11 02:52:41.701 :   Account: jojo11/bean11	[MsgId: MMSG-17999]
2022-08-11 02:52:56.333 :   Login completed	[MsgId: MMSG-17999]
2022-08-11 02:53:03.349 :   Logout completed	[MsgId: MMSG-17999]
2022-08-11 02:54:47.716 : - Iteration: 59	[MsgId: MMSG-17999]
2022-08-11 02:54:47.716 :   Account: jojo11/bean11	[MsgId: MMSG-17999]
2022-08-11 02:54:57.911 :   Login completed	[MsgId: MMSG-17999]
2022-08-11 02:55:02.308 :   Logout completed	[MsgId: MMSG-17999]
2022-08-11 02:56:53.719 : - Iteration: 60	[MsgId: MMSG-17999]
2022-08-11 02:56:53.720 :   Account: jojo11/bean11	[MsgId: MMSG-17999]
2022-08-11 02:57:05.350 :   Login completed	[MsgId: MMSG-17999]
2022-08-11 02:57:10.136 :   Logout completed	[MsgId: MMSG-17999]
2022-08-11 02:58:59.729 : - Iteration: 61	[MsgId: MMSG-17999]
2022-08-11 02:58:59.730 :   Account: jojo11/bean11	[MsgId: MMSG-17999]
2022-08-11 02:59:07.622 :   Login completed	[MsgId: MMSG-17999]
2022-08-11 02:59:12.365 :   Logout completed	[MsgId: MMSG-17999]
2022-08-11 03:01:05.742 : - Iteration: 62	[MsgId: MMSG-17999]
2022-08-11 03:01:05.743 :   Account: jojo11/bean11	[MsgId: MMSG-17999]
2022-08-11 03:01:14.342 :   Login completed	[MsgId: MMSG-17999]
2022-08-11 03:01:17.330 :   Logout completed	[MsgId: MMSG-17999]
2022-08-11 03:03:11.756 : - Iteration: 63	[MsgId: MMSG-17999]
2022-08-11 03:03:11.756 :   Account: jojo11/bean11	[MsgId: MMSG-17999]
2022-08-11 03:03:27.328 :   Login completed	[MsgId: MMSG-17999]
2022-08-11 03:03:31.624 :   Logout completed	[MsgId: MMSG-17999]
2022-08-11 03:05:17.759 : - Iteration: 64	[MsgId: MMSG-17999]
2022-08-11 03:05:17.759 :   Account: jojo11/bean11	[MsgId: MMSG-17999]
2022-08-11 03:05:29.803 :   Login completed	[MsgId: MMSG-17999]
2022-08-11 03:05:36.485 :   Logout completed	[MsgId: MMSG-17999]
2022-08-11 03:07:23.770 : - Iteration: 65	[MsgId: MMSG-17999]
2022-08-11 03:07:23.770 :   Account: jojo11/bean11	[MsgId: MMSG-17999]
2022-08-11 03:07:37.060 :   Login completed	[MsgId: MMSG-17999]
2022-08-11 03:07:42.468 :   Logout completed	[MsgId: MMSG-17999]
2022-08-11 03:09:29.772 : - Iteration: 66	[MsgId: MMSG-17999]
2022-08-11 03:09:29.772 :   Account: jojo11/bean11	[MsgId: MMSG-17999]
2022-08-11 03:09:44.514 :   Login completed	[MsgId: MMSG-17999]
2022-08-11 03:09:48.453 :   Logout completed	[MsgId: MMSG-17999]
2022-08-11 03:11:35.774 : - Iteration: 67	[MsgId: MMSG-17999]
2022-08-11 03:11:35.774 :   Account: jojo11/bean11	[MsgId: MMSG-17999]
2022-08-11 03:11:45.953 :   Login completed	[MsgId: MMSG-17999]
2022-08-11 03:11:49.599 :   Logout completed	[MsgId: MMSG-17999]
2022-08-11 03:13:41.787 : - Iteration: 68	[MsgId: MMSG-17999]
2022-08-11 03:13:41.787 :   Account: jojo11/bean11	[MsgId: MMSG-17999]
2022-08-11 03:13:55.690 :   Login completed	[MsgId: MMSG-17999]
2022-08-11 03:13:59.823 :   Logout completed	[MsgId: MMSG-17999]
2022-08-11 03:15:47.794 : - Iteration: 69	[MsgId: MMSG-17999]
2022-08-11 03:15:47.794 :   Account: jojo11/bean11	[MsgId: MMSG-17999]
2022-08-11 03:15:57.556 :   Login completed	[MsgId: MMSG-17999]
2022-08-11 03:16:02.439 :   Logout completed	[MsgId: MMSG-17999]
2022-08-11 03:17:53.796 : - Iteration: 70	[MsgId: MMSG-17999]
2022-08-11 03:17:53.797 :   Account: jojo11/bean11	[MsgId: MMSG-17999]
2022-08-11 03:18:09.268 :   Login completed	[MsgId: MMSG-17999]
2022-08-11 03:18:13.457 :   Logout completed	[MsgId: MMSG-17999]
2022-08-11 03:19:59.799 : - Iteration: 71	[MsgId: MMSG-17999]
2022-08-11 03:19:59.800 :   Account: jojo11/bean11	[MsgId: MMSG-17999]
2022-08-11 03:20:12.555 :   Login completed	[MsgId: MMSG-17999]
2022-08-11 03:20:18.068 :   Logout completed	[MsgId: MMSG-17999]
2022-08-11 03:22:05.808 : - Iteration: 72	[MsgId: MMSG-17999]
2022-08-11 03:22:05.809 :   Account: jojo11/bean11	[MsgId: MMSG-17999]
2022-08-11 03:22:14.411 :   Login completed	[MsgId: MMSG-17999]
2022-08-11 03:22:18.494 :   Logout completed	[MsgId: MMSG-17999]
2022-08-11 03:24:11.810 : - Iteration: 73	[MsgId: MMSG-17999]
2022-08-11 03:24:11.810 :   Account: jojo11/bean11	[MsgId: MMSG-17999]
2022-08-11 03:24:25.294 :   Login completed	[MsgId: MMSG-17999]
2022-08-11 03:24:30.846 :   Logout completed	[MsgId: MMSG-17999]
2022-08-11 03:26:17.814 : - Iteration: 74	[MsgId: MMSG-17999]
2022-08-11 03:26:17.814 :   Account: jojo11/bean11	[MsgId: MMSG-17999]
2022-08-11 03:26:29.913 :   Login completed	[MsgId: MMSG-17999]
2022-08-11 03:26:32.894 :   Logout completed	[MsgId: MMSG-17999]
2022-08-11 03:28:23.814 : - Iteration: 75	[MsgId: MMSG-17999]
2022-08-11 03:28:23.815 :   Account: jojo11/bean11	[MsgId: MMSG-17999]
2022-08-11 03:28:30.654 :   Login completed	[MsgId: MMSG-17999]
2022-08-11 03:28:34.995 :   Logout completed	[MsgId: MMSG-17999]
2022-08-11 03:30:29.815 : - Iteration: 76	[MsgId: MMSG-17999]
2022-08-11 03:30:29.815 :   Account: jojo11/bean11	[MsgId: MMSG-17999]
2022-08-11 03:30:44.320 :   Login completed	[MsgId: MMSG-17999]
2022-08-11 03:30:47.292 :   Logout completed	[MsgId: MMSG-17999]
2022-08-11 03:32:35.823 : - Iteration: 77	[MsgId: MMSG-17999]
2022-08-11 03:32:35.823 :   Account: jojo11/bean11	[MsgId: MMSG-17999]
2022-08-11 03:32:41.520 :   Login completed	[MsgId: MMSG-17999]
2022-08-11 03:32:48.242 :   Logout completed	[MsgId: MMSG-17999]
2022-08-11 03:34:41.835 : - Iteration: 78	[MsgId: MMSG-17999]
2022-08-11 03:34:41.835 :   Account: jojo11/bean11	[MsgId: MMSG-17999]
2022-08-11 03:34:50.006 :   Login completed	[MsgId: MMSG-17999]
2022-08-11 03:34:54.374 :   Logout completed	[MsgId: MMSG-17999]
2022-08-11 03:36:47.850 : - Iteration: 79	[MsgId: MMSG-17999]
2022-08-11 03:36:47.850 :   Account: jojo11/bean11	[MsgId: MMSG-17999]
2022-08-11 03:37:01.836 :   Login completed	[MsgId: MMSG-17999]
2022-08-11 03:37:05.400 :   Logout completed	[MsgId: MMSG-17999]
2022-08-11 03:38:53.864 : - Iteration: 80	[MsgId: MMSG-17999]
2022-08-11 03:38:53.864 :   Account: jojo11/bean11	[MsgId: MMSG-17999]
2022-08-11 03:39:00.616 :   Login completed	[MsgId: MMSG-17999]
2022-08-11 03:39:05.815 :   Logout completed	[MsgId: MMSG-17999]
2022-08-11 03:40:59.878 : - Iteration: 81	[MsgId: MMSG-17999]
2022-08-11 03:40:59.879 :   Account: jojo11/bean11	[MsgId: MMSG-17999]
2022-08-11 03:41:06.818 :   Login completed	[MsgId: MMSG-17999]
2022-08-11 03:41:13.215 :   Logout completed	[MsgId: MMSG-17999]
2022-08-11 03:43:05.888 : - Iteration: 82	[MsgId: MMSG-17999]
2022-08-11 03:43:05.888 :   Account: jojo11/bean11	[MsgId: MMSG-17999]
2022-08-11 03:43:18.989 :   Login completed	[MsgId: MMSG-17999]
2022-08-11 03:43:24.821 :   Logout completed	[MsgId: MMSG-17999]
2022-08-11 03:45:11.892 : - Iteration: 83	[MsgId: MMSG-17999]
2022-08-11 03:45:11.892 :   Account: jojo11/bean11	[MsgId: MMSG-17999]
2022-08-11 03:45:23.404 :   Login completed	[MsgId: MMSG-17999]
2022-08-11 03:45:29.696 :   Logout completed	[MsgId: MMSG-17999]
2022-08-11 03:47:17.898 : - Iteration: 84	[MsgId: MMSG-17999]
2022-08-11 03:47:17.899 :   Account: jojo11/bean11	[MsgId: MMSG-17999]
2022-08-11 03:47:28.187 :   Login completed	[MsgId: MMSG-17999]
2022-08-11 03:47:35.394 :   Logout completed	[MsgId: MMSG-17999]
2022-08-11 03:49:23.914 : - Iteration: 85	[MsgId: MMSG-17999]
2022-08-11 03:49:23.914 :   Account: jojo11/bean11	[MsgId: MMSG-17999]
2022-08-11 03:49:32.658 :   Login completed	[MsgId: MMSG-17999]
2022-08-11 03:49:35.683 :   Logout completed	[MsgId: MMSG-17999]
2022-08-11 03:51:29.926 : - Iteration: 86	[MsgId: MMSG-17999]
2022-08-11 03:51:29.926 :   Account: jojo11/bean11	[MsgId: MMSG-17999]
2022-08-11 03:51:39.445 :   Login completed	[MsgId: MMSG-17999]
2022-08-11 03:51:44.317 :   Logout completed	[MsgId: MMSG-17999]
2022-08-11 03:53:35.941 : - Iteration: 87	[MsgId: MMSG-17999]
2022-08-11 03:53:35.941 :   Account: jojo11/bean11	[MsgId: MMSG-17999]
2022-08-11 03:53:48.342 :   Login completed	[MsgId: MMSG-17999]
2022-08-11 03:53:52.917 :   Logout completed	[MsgId: MMSG-17999]
2022-08-11 03:55:41.950 : - Iteration: 88	[MsgId: MMSG-17999]
2022-08-11 03:55:41.950 :   Account: jojo11/bean11	[MsgId: MMSG-17999]
2022-08-11 03:55:53.555 :   Login completed	[MsgId: MMSG-17999]
2022-08-11 03:56:00.670 :   Logout completed	[MsgId: MMSG-17999]
2022-08-11 03:57:47.954 : - Iteration: 89	[MsgId: MMSG-17999]
2022-08-11 03:57:47.954 :   Account: jojo11/bean11	[MsgId: MMSG-17999]
2022-08-11 03:57:55.889 :   Login completed	[MsgId: MMSG-17999]
2022-08-11 03:58:00.604 :   Logout completed	[MsgId: MMSG-17999]
2022-08-11 03:59:53.961 : - Iteration: 90	[MsgId: MMSG-17999]
2022-08-11 03:59:53.961 :   Account: jojo11/bean11	[MsgId: MMSG-17999]
2022-08-11 04:00:05.507 :   Login completed	[MsgId: MMSG-17999]
2022-08-11 04:00:11.459 :   Logout completed	[MsgId: MMSG-17999]
2022-08-11 04:01:59.972 : - Iteration: 91	[MsgId: MMSG-17999]
2022-08-11 04:01:59.972 :   Account: jojo11/bean11	[MsgId: MMSG-17999]
2022-08-11 04:02:06.631 :   Login completed	[MsgId: MMSG-17999]
2022-08-11 04:02:10.834 :   Logout completed	[MsgId: MMSG-17999]
2022-08-11 04:04:05.980 : - Iteration: 92	[MsgId: MMSG-17999]
2022-08-11 04:04:05.981 :   Account: jojo11/bean11	[MsgId: MMSG-17999]
2022-08-11 04:04:12.217 :   Login completed	[MsgId: MMSG-17999]
2022-08-11 04:04:16.096 :   Logout completed	[MsgId: MMSG-17999]
2022-08-11 04:06:11.980 : - Iteration: 93	[MsgId: MMSG-17999]
2022-08-11 04:06:11.980 :   Account: jojo11/bean11	[MsgId: MMSG-17999]
2022-08-11 04:06:20.838 :   Login completed	[MsgId: MMSG-17999]
2022-08-11 04:06:24.951 :   Logout completed	[MsgId: MMSG-17999]
2022-08-11 04:08:17.987 : - Iteration: 94	[MsgId: MMSG-17999]
2022-08-11 04:08:17.988 :   Account: jojo11/bean11	[MsgId: MMSG-17999]
2022-08-11 04:08:29.314 :   Login completed	[MsgId: MMSG-17999]
2022-08-11 04:08:35.225 :   Logout completed	[MsgId: MMSG-17999]
2022-08-11 04:10:24.001 : - Iteration: 95	[MsgId: MMSG-17999]
2022-08-11 04:10:24.002 :   Account: jojo11/bean11	[MsgId: MMSG-17999]
2022-08-11 04:10:32.027 :   Login completed	[MsgId: MMSG-17999]
2022-08-11 04:10:38.607 :   Logout completed	[MsgId: MMSG-17999]
2022-08-11 04:12:30.010 : - Iteration: 96	[MsgId: MMSG-17999]
2022-08-11 04:12:30.010 :   Account: jojo11/bean11	[MsgId: MMSG-17999]
2022-08-11 04:12:44.850 :   Login completed	[MsgId: MMSG-17999]
2022-08-11 04:12:52.300 :   Logout completed	[MsgId: MMSG-17999]
2022-08-11 04:14:36.017 : - Iteration: 97	[MsgId: MMSG-17999]
2022-08-11 04:14:36.017 :   Account: jojo11/bean11	[MsgId: MMSG-17999]
2022-08-11 04:14:51.017 :   Login completed	[MsgId: MMSG-17999]
2022-08-11 04:14:54.431 :   Logout completed	[MsgId: MMSG-17999]
2022-08-11 04:16:42.021 : - Iteration: 98	[MsgId: MMSG-17999]
2022-08-11 04:16:42.021 :   Account: jojo11/bean11	[MsgId: MMSG-17999]
2022-08-11 04:16:49.948 :   Login completed	[MsgId: MMSG-17999]
2022-08-11 04:16:53.896 :   Logout completed	[MsgId: MMSG-17999]
2022-08-11 04:18:48.032 : - Iteration: 99	[MsgId: MMSG-17999]
2022-08-11 04:18:48.032 :   Account: jojo11/bean11	[MsgId: MMSG-17999]
2022-08-11 04:18:55.637 :   Login completed	[MsgId: MMSG-17999]
2022-08-11 04:18:58.423 :   Logout completed	[MsgId: MMSG-17999]
2022-08-11 04:20:54.046 : - Iteration: 100	[MsgId: MMSG-17999]
2022-08-11 04:20:54.046 :   Account: jojo11/bean11	[MsgId: MMSG-17999]
2022-08-11 04:21:01.512 :   Login completed	[MsgId: MMSG-17999]
2022-08-11 04:21:05.834 :   Logout completed	[MsgId: MMSG-17999]
2022-08-11 04:23:00.057 : - Iteration: 101	[MsgId: MMSG-17999]
2022-08-11 04:23:00.058 :   Account: jojo11/bean11	[MsgId: MMSG-17999]
2022-08-11 04:23:10.454 :   Login completed	[MsgId: MMSG-17999]
2022-08-11 04:23:13.374 :   Logout completed	[MsgId: MMSG-17999]
2022-08-11 04:25:06.068 : - Iteration: 102	[MsgId: MMSG-17999]
2022-08-11 04:25:06.068 :   Account: jojo11/bean11	[MsgId: MMSG-17999]
2022-08-11 04:25:14.096 :   Login completed	[MsgId: MMSG-17999]
2022-08-11 04:25:19.284 :   Logout completed	[MsgId: MMSG-17999]
2022-08-11 04:27:12.073 : - Iteration: 103	[MsgId: MMSG-17999]
2022-08-11 04:27:12.073 :   Account: jojo11/bean11	[MsgId: MMSG-17999]
2022-08-11 04:27:23.348 :   Login completed	[MsgId: MMSG-17999]
2022-08-11 04:27:27.027 :   Logout completed	[MsgId: MMSG-17999]
2022-08-11 04:29:18.075 : - Iteration: 104	[MsgId: MMSG-17999]
2022-08-11 04:29:18.075 :   Account: jojo11/bean11	[MsgId: MMSG-17999]
2022-08-11 04:29:28.859 :   Login completed	[MsgId: MMSG-17999]
2022-08-11 04:29:35.731 :   Logout completed	[MsgId: MMSG-17999]
2022-08-11 04:31:24.089 : - Iteration: 105	[MsgId: MMSG-17999]
2022-08-11 04:31:24.090 :   Account: jojo11/bean11	[MsgId: MMSG-17999]
2022-08-11 04:31:37.034 :   Login completed	[MsgId: MMSG-17999]
2022-08-11 04:31:40.909 :   Logout completed	[MsgId: MMSG-17999]
2022-08-11 04:33:30.098 : - Iteration: 106	[MsgId: MMSG-17999]
2022-08-11 04:33:30.099 :   Account: jojo11/bean11	[MsgId: MMSG-17999]
2022-08-11 04:33:35.802 :   Login completed	[MsgId: MMSG-17999]
2022-08-11 04:33:43.155 :   Logout completed	[MsgId: MMSG-17999]
2022-08-11 04:35:36.113 : - Iteration: 107	[MsgId: MMSG-17999]
2022-08-11 04:35:36.113 :   Account: jojo11/bean11	[MsgId: MMSG-17999]
2022-08-11 04:35:50.870 :   Login completed	[MsgId: MMSG-17999]
2022-08-11 04:35:58.367 :   Logout completed	[MsgId: MMSG-17999]
2022-08-11 04:37:42.114 : - Iteration: 108	[MsgId: MMSG-17999]
2022-08-11 04:37:42.114 :   Account: jojo11/bean11	[MsgId: MMSG-17999]
2022-08-11 04:37:56.943 :   Login completed	[MsgId: MMSG-17999]
2022-08-11 04:37:59.808 :   Logout completed	[MsgId: MMSG-17999]
2022-08-11 04:39:48.121 : - Iteration: 109	[MsgId: MMSG-17999]
2022-08-11 04:39:48.121 :   Account: jojo11/bean11	[MsgId: MMSG-17999]
2022-08-11 04:40:01.611 :   Login completed	[MsgId: MMSG-17999]
2022-08-11 04:40:07.979 :   Logout completed	[MsgId: MMSG-17999]
2022-08-11 04:41:54.127 : - Iteration: 110	[MsgId: MMSG-17999]
2022-08-11 04:41:54.127 :   Account: jojo11/bean11	[MsgId: MMSG-17999]
2022-08-11 04:42:06.608 :   Login completed	[MsgId: MMSG-17999]
2022-08-11 04:42:09.532 :   Logout completed	[MsgId: MMSG-17999]
2022-08-11 04:44:00.132 : - Iteration: 111	[MsgId: MMSG-17999]
2022-08-11 04:44:00.132 :   Account: jojo11/bean11	[MsgId: MMSG-17999]
2022-08-11 04:44:14.430 :   Login completed	[MsgId: MMSG-17999]
2022-08-11 04:44:20.464 :   Logout completed	[MsgId: MMSG-17999]
2022-08-11 04:46:06.146 : - Iteration: 112	[MsgId: MMSG-17999]
2022-08-11 04:46:06.147 :   Account: jojo11/bean11	[MsgId: MMSG-17999]
2022-08-11 04:46:13.247 :   Login completed	[MsgId: MMSG-17999]
2022-08-11 04:46:20.409 :   Logout completed	[MsgId: MMSG-17999]
2022-08-11 04:48:12.162 : - Iteration: 113	[MsgId: MMSG-17999]
2022-08-11 04:48:12.163 :   Account: jojo11/bean11	[MsgId: MMSG-17999]
2022-08-11 04:48:21.867 :   Login completed	[MsgId: MMSG-17999]
2022-08-11 04:48:28.656 :   Logout completed	[MsgId: MMSG-17999]
2022-08-11 04:50:18.175 : - Iteration: 114	[MsgId: MMSG-17999]
2022-08-11 04:50:18.175 :   Account: jojo11/bean11	[MsgId: MMSG-17999]
2022-08-11 04:50:31.518 :   Login completed	[MsgId: MMSG-17999]
2022-08-11 04:50:37.862 :   Logout completed	[MsgId: MMSG-17999]
2022-08-11 04:52:24.184 : - Iteration: 115	[MsgId: MMSG-17999]
2022-08-11 04:52:24.184 :   Account: jojo11/bean11	[MsgId: MMSG-17999]
2022-08-11 04:52:37.285 :   Login completed	[MsgId: MMSG-17999]
2022-08-11 04:52:43.323 :   Logout completed	[MsgId: MMSG-17999]
2022-08-11 04:54:30.188 : - Iteration: 116	[MsgId: MMSG-17999]
2022-08-11 04:54:30.188 :   Account: jojo11/bean11	[MsgId: MMSG-17999]
2022-08-11 04:54:39.599 :   Login completed	[MsgId: MMSG-17999]
2022-08-11 04:54:43.496 :   Logout completed	[MsgId: MMSG-17999]
2022-08-11 04:56:36.202 : - Iteration: 117	[MsgId: MMSG-17999]
2022-08-11 04:56:36.203 :   Account: jojo11/bean11	[MsgId: MMSG-17999]
2022-08-11 04:56:48.859 :   Login completed	[MsgId: MMSG-17999]
2022-08-11 04:56:55.806 :   Logout completed	[MsgId: MMSG-17999]
2022-08-11 04:58:42.217 : - Iteration: 118	[MsgId: MMSG-17999]
2022-08-11 04:58:42.218 :   Account: jojo11/bean11	[MsgId: MMSG-17999]
2022-08-11 04:58:50.916 :   Login completed	[MsgId: MMSG-17999]
2022-08-11 04:58:53.789 :   Logout completed	[MsgId: MMSG-17999]
2022-08-11 05:00:48.221 : - Iteration: 119	[MsgId: MMSG-17999]
2022-08-11 05:00:48.221 :   Account: jojo11/bean11	[MsgId: MMSG-17999]
2022-08-11 05:01:00.519 :   Login completed	[MsgId: MMSG-17999]
2022-08-11 05:01:03.647 :   Logout completed	[MsgId: MMSG-17999]
2022-08-11 05:02:54.235 : - Iteration: 120	[MsgId: MMSG-17999]
2022-08-11 05:02:54.235 :   Account: jojo11/bean11	[MsgId: MMSG-17999]
2022-08-11 05:03:04.142 :   Login completed	[MsgId: MMSG-17999]
2022-08-11 05:03:11.253 :   Logout completed	[MsgId: MMSG-17999]
