2022-08-11 03:59:19.154 : URL = localhost:1080	[MsgId: MMSG-17999]
2022-08-11 03:59:19.188 : - Iteration: 1	[MsgId: MMSG-17999]
2022-08-11 03:59:19.189 :   Account: jojo35/bean35	[MsgId: MMSG-17999]
2022-08-11 03:59:28.529 :   Login completed	[MsgId: MMSG-17999]
2022-08-11 03:59:31.603 :   Logout completed	[MsgId: MMSG-17999]
2022-08-11 04:01:25.191 : - Iteration: 2	[MsgId: MMSG-17999]
2022-08-11 04:01:25.192 :   Account: jojo35/bean35	[MsgId: MMSG-17999]
2022-08-11 04:01:40.399 :   Login completed	[MsgId: MMSG-17999]
2022-08-11 04:01:46.914 :   Logout completed	[MsgId: MMSG-17999]
2022-08-11 04:03:31.206 : - Iteration: 3	[MsgId: MMSG-17999]
2022-08-11 04:03:31.207 :   Account: jojo35/bean35	[MsgId: MMSG-17999]
2022-08-11 04:03:40.489 :   Login completed	[MsgId: MMSG-17999]
2022-08-11 04:03:47.951 :   Logout completed	[MsgId: MMSG-17999]
2022-08-11 04:05:37.213 : - Iteration: 4	[MsgId: MMSG-17999]
2022-08-11 04:05:37.213 :   Account: jojo35/bean35	[MsgId: MMSG-17999]
2022-08-11 04:05:49.882 :   Login completed	[MsgId: MMSG-17999]
2022-08-11 04:05:54.273 :   Logout completed	[MsgId: MMSG-17999]
2022-08-11 04:07:43.226 : - Iteration: 5	[MsgId: MMSG-17999]
2022-08-11 04:07:43.227 :   Account: jojo35/bean35	[MsgId: MMSG-17999]
2022-08-11 04:07:56.996 :   Login completed	[MsgId: MMSG-17999]
2022-08-11 04:08:03.666 :   Logout completed	[MsgId: MMSG-17999]
2022-08-11 04:09:49.235 : - Iteration: 6	[MsgId: MMSG-17999]
2022-08-11 04:09:49.235 :   Account: jojo35/bean35	[MsgId: MMSG-17999]
2022-08-11 04:10:03.311 :   Login completed	[MsgId: MMSG-17999]
2022-08-11 04:10:10.170 :   Logout completed	[MsgId: MMSG-17999]
2022-08-11 04:11:55.246 : - Iteration: 7	[MsgId: MMSG-17999]
2022-08-11 04:11:55.246 :   Account: jojo35/bean35	[MsgId: MMSG-17999]
2022-08-11 04:12:01.279 :   Login completed	[MsgId: MMSG-17999]
2022-08-11 04:12:06.764 :   Logout completed	[MsgId: MMSG-17999]
2022-08-11 04:14:01.255 : - Iteration: 8	[MsgId: MMSG-17999]
2022-08-11 04:14:01.255 :   Account: jojo35/bean35	[MsgId: MMSG-17999]
2022-08-11 04:14:09.980 :   Login completed	[MsgId: MMSG-17999]
2022-08-11 04:14:14.087 :   Logout completed	[MsgId: MMSG-17999]
2022-08-11 04:16:07.262 : - Iteration: 9	[MsgId: MMSG-17999]
2022-08-11 04:16:07.263 :   Account: jojo35/bean35	[MsgId: MMSG-17999]
2022-08-11 04:16:20.623 :   Login completed	[MsgId: MMSG-17999]
2022-08-11 04:16:27.313 :   Logout completed	[MsgId: MMSG-17999]
2022-08-11 04:18:13.276 : - Iteration: 10	[MsgId: MMSG-17999]
2022-08-11 04:18:13.276 :   Account: jojo35/bean35	[MsgId: MMSG-17999]
2022-08-11 04:18:21.470 :   Login completed	[MsgId: MMSG-17999]
2022-08-11 04:18:25.297 :   Logout completed	[MsgId: MMSG-17999]
2022-08-11 04:20:19.286 : - Iteration: 11	[MsgId: MMSG-17999]
2022-08-11 04:20:19.287 :   Account: jojo35/bean35	[MsgId: MMSG-17999]
2022-08-11 04:20:34.694 :   Login completed	[MsgId: MMSG-17999]
2022-08-11 04:20:41.961 :   Logout completed	[MsgId: MMSG-17999]
2022-08-11 04:22:25.294 : - Iteration: 12	[MsgId: MMSG-17999]
2022-08-11 04:22:25.295 :   Account: jojo35/bean35	[MsgId: MMSG-17999]
2022-08-11 04:22:32.863 :   Login completed	[MsgId: MMSG-17999]
2022-08-11 04:22:37.574 :   Logout completed	[MsgId: MMSG-17999]
2022-08-11 04:24:31.305 : - Iteration: 13	[MsgId: MMSG-17999]
2022-08-11 04:24:31.306 :   Account: jojo35/bean35	[MsgId: MMSG-17999]
2022-08-11 04:24:40.091 :   Login completed	[MsgId: MMSG-17999]
2022-08-11 04:24:45.210 :   Logout completed	[MsgId: MMSG-17999]
2022-08-11 04:26:37.308 : - Iteration: 14	[MsgId: MMSG-17999]
2022-08-11 04:26:37.308 :   Account: jojo35/bean35	[MsgId: MMSG-17999]
2022-08-11 04:26:52.533 :   Login completed	[MsgId: MMSG-17999]
2022-08-11 04:26:58.646 :   Logout completed	[MsgId: MMSG-17999]
2022-08-11 04:28:43.321 : - Iteration: 15	[MsgId: MMSG-17999]
2022-08-11 04:28:43.322 :   Account: jojo35/bean35	[MsgId: MMSG-17999]
2022-08-11 04:28:53.835 :   Login completed	[MsgId: MMSG-17999]
2022-08-11 04:28:59.997 :   Logout completed	[MsgId: MMSG-17999]
2022-08-11 04:30:49.329 : - Iteration: 16	[MsgId: MMSG-17999]
2022-08-11 04:30:49.329 :   Account: jojo35/bean35	[MsgId: MMSG-17999]
2022-08-11 04:31:04.639 :   Login completed	[MsgId: MMSG-17999]
2022-08-11 04:31:09.514 :   Logout completed	[MsgId: MMSG-17999]
2022-08-11 04:32:55.343 : - Iteration: 17	[MsgId: MMSG-17999]
2022-08-11 04:32:55.344 :   Account: jojo35/bean35	[MsgId: MMSG-17999]
2022-08-11 04:33:04.417 :   Login completed	[MsgId: MMSG-17999]
2022-08-11 04:33:07.602 :   Logout completed	[MsgId: MMSG-17999]
2022-08-11 04:35:01.346 : - Iteration: 18	[MsgId: MMSG-17999]
2022-08-11 04:35:01.346 :   Account: jojo35/bean35	[MsgId: MMSG-17999]
2022-08-11 04:35:11.793 :   Login completed	[MsgId: MMSG-17999]
2022-08-11 04:35:16.904 :   Logout completed	[MsgId: MMSG-17999]
2022-08-11 04:37:07.350 : - Iteration: 19	[MsgId: MMSG-17999]
2022-08-11 04:37:07.350 :   Account: jojo35/bean35	[MsgId: MMSG-17999]
2022-08-11 04:37:17.403 :   Login completed	[MsgId: MMSG-17999]
2022-08-11 04:37:22.812 :   Logout completed	[MsgId: MMSG-17999]
2022-08-11 04:39:13.352 : - Iteration: 20	[MsgId: MMSG-17999]
2022-08-11 04:39:13.352 :   Account: jojo35/bean35	[MsgId: MMSG-17999]
2022-08-11 04:39:19.071 :   Login completed	[MsgId: MMSG-17999]
2022-08-11 04:39:24.889 :   Logout completed	[MsgId: MMSG-17999]
2022-08-11 04:41:19.358 : - Iteration: 21	[MsgId: MMSG-17999]
2022-08-11 04:41:19.358 :   Account: jojo35/bean35	[MsgId: MMSG-17999]
2022-08-11 04:41:29.012 :   Login completed	[MsgId: MMSG-17999]
2022-08-11 04:41:32.678 :   Logout completed	[MsgId: MMSG-17999]
2022-08-11 04:43:25.357 : - Iteration: 22	[MsgId: MMSG-17999]
2022-08-11 04:43:25.358 :   Account: jojo35/bean35	[MsgId: MMSG-17999]
2022-08-11 04:43:33.231 :   Login completed	[MsgId: MMSG-17999]
2022-08-11 04:43:39.391 :   Logout completed	[MsgId: MMSG-17999]
2022-08-11 04:45:31.363 : - Iteration: 23	[MsgId: MMSG-17999]
2022-08-11 04:45:31.364 :   Account: jojo35/bean35	[MsgId: MMSG-17999]
2022-08-11 04:45:44.715 :   Login completed	[MsgId: MMSG-17999]
2022-08-11 04:45:51.971 :   Logout completed	[MsgId: MMSG-17999]
2022-08-11 04:47:37.372 : - Iteration: 24	[MsgId: MMSG-17999]
2022-08-11 04:47:37.373 :   Account: jojo35/bean35	[MsgId: MMSG-17999]
2022-08-11 04:47:47.176 :   Login completed	[MsgId: MMSG-17999]
2022-08-11 04:47:52.773 :   Logout completed	[MsgId: MMSG-17999]
2022-08-11 04:49:43.377 : - Iteration: 25	[MsgId: MMSG-17999]
2022-08-11 04:49:43.378 :   Account: jojo35/bean35	[MsgId: MMSG-17999]
2022-08-11 04:49:50.304 :   Login completed	[MsgId: MMSG-17999]
2022-08-11 04:49:55.061 :   Logout completed	[MsgId: MMSG-17999]
2022-08-11 04:51:49.389 : - Iteration: 26	[MsgId: MMSG-17999]
2022-08-11 04:51:49.389 :   Account: jojo35/bean35	[MsgId: MMSG-17999]
2022-08-11 04:51:56.145 :   Login completed	[MsgId: MMSG-17999]
2022-08-11 04:52:01.187 :   Logout completed	[MsgId: MMSG-17999]
2022-08-11 04:53:55.396 : - Iteration: 27	[MsgId: MMSG-17999]
2022-08-11 04:53:55.397 :   Account: jojo35/bean35	[MsgId: MMSG-17999]
2022-08-11 04:54:03.956 :   Login completed	[MsgId: MMSG-17999]
2022-08-11 04:54:09.511 :   Logout completed	[MsgId: MMSG-17999]
2022-08-11 04:56:01.410 : - Iteration: 28	[MsgId: MMSG-17999]
2022-08-11 04:56:01.411 :   Account: jojo35/bean35	[MsgId: MMSG-17999]
2022-08-11 04:56:07.244 :   Login completed	[MsgId: MMSG-17999]
2022-08-11 04:56:14.748 :   Logout completed	[MsgId: MMSG-17999]
2022-08-11 04:58:07.415 : - Iteration: 29	[MsgId: MMSG-17999]
2022-08-11 04:58:07.415 :   Account: jojo35/bean35	[MsgId: MMSG-17999]
2022-08-11 04:58:19.244 :   Login completed	[MsgId: MMSG-17999]
2022-08-11 04:58:25.016 :   Logout completed	[MsgId: MMSG-17999]
2022-08-11 05:00:13.420 : - Iteration: 30	[MsgId: MMSG-17999]
2022-08-11 05:00:13.420 :   Account: jojo35/bean35	[MsgId: MMSG-17999]
2022-08-11 05:00:27.412 :   Login completed	[MsgId: MMSG-17999]
2022-08-11 05:00:33.138 :   Logout completed	[MsgId: MMSG-17999]
2022-08-11 05:02:19.428 : - Iteration: 31	[MsgId: MMSG-17999]
2022-08-11 05:02:19.428 :   Account: jojo35/bean35	[MsgId: MMSG-17999]
2022-08-11 05:02:33.409 :   Login completed	[MsgId: MMSG-17999]
2022-08-11 05:02:39.835 :   Logout completed	[MsgId: MMSG-17999]
2022-08-11 05:04:25.435 : - Iteration: 32	[MsgId: MMSG-17999]
2022-08-11 05:04:25.435 :   Account: jojo35/bean35	[MsgId: MMSG-17999]
2022-08-11 05:04:34.172 :   Login completed	[MsgId: MMSG-17999]
2022-08-11 05:04:37.656 :   Logout completed	[MsgId: MMSG-17999]
2022-08-11 05:06:31.443 : - Iteration: 33	[MsgId: MMSG-17999]
2022-08-11 05:06:31.443 :   Account: jojo35/bean35	[MsgId: MMSG-17999]
2022-08-11 05:06:43.805 :   Login completed	[MsgId: MMSG-17999]
2022-08-11 05:06:46.805 :   Logout completed	[MsgId: MMSG-17999]
2022-08-11 05:08:37.454 : - Iteration: 34	[MsgId: MMSG-17999]
2022-08-11 05:08:37.454 :   Account: jojo35/bean35	[MsgId: MMSG-17999]
2022-08-11 05:08:48.824 :   Login completed	[MsgId: MMSG-17999]
2022-08-11 05:08:52.178 :   Logout completed	[MsgId: MMSG-17999]
2022-08-11 05:10:43.468 : - Iteration: 35	[MsgId: MMSG-17999]
2022-08-11 05:10:43.468 :   Account: jojo35/bean35	[MsgId: MMSG-17999]
2022-08-11 05:10:52.945 :   Login completed	[MsgId: MMSG-17999]
2022-08-11 05:10:56.532 :   Logout completed	[MsgId: MMSG-17999]
