2022-08-11 02:56:18.257 : URL = localhost:1080	[MsgId: MMSG-17999]
2022-08-11 02:56:18.286 : - Iteration: 1	[MsgId: MMSG-17999]
2022-08-11 02:56:18.286 :   Account: jojo24/bean24	[MsgId: MMSG-17999]
2022-08-11 02:56:26.334 :   Login completed	[MsgId: MMSG-17999]
2022-08-11 02:56:30.910 :   Logout completed	[MsgId: MMSG-17999]
2022-08-11 02:58:24.302 : - Iteration: 2	[MsgId: MMSG-17999]
2022-08-11 02:58:24.303 :   Account: jojo24/bean24	[MsgId: MMSG-17999]
2022-08-11 02:58:36.449 :   Login completed	[MsgId: MMSG-17999]
2022-08-11 02:58:42.210 :   Logout completed	[MsgId: MMSG-17999]
2022-08-11 03:00:30.314 : - Iteration: 3	[MsgId: MMSG-17999]
2022-08-11 03:00:30.314 :   Account: jojo24/bean24	[MsgId: MMSG-17999]
2022-08-11 03:00:36.680 :   Login completed	[MsgId: MMSG-17999]
2022-08-11 03:00:39.976 :   Logout completed	[MsgId: MMSG-17999]
2022-08-11 03:02:36.320 : - Iteration: 4	[MsgId: MMSG-17999]
2022-08-11 03:02:36.320 :   Account: jojo24/bean24	[MsgId: MMSG-17999]
2022-08-11 03:02:51.002 :   Login completed	[MsgId: MMSG-17999]
2022-08-11 03:02:54.913 :   Logout completed	[MsgId: MMSG-17999]
2022-08-11 03:04:42.328 : - Iteration: 5	[MsgId: MMSG-17999]
2022-08-11 03:04:42.328 :   Account: jojo24/bean24	[MsgId: MMSG-17999]
2022-08-11 03:04:56.003 :   Login completed	[MsgId: MMSG-17999]
2022-08-11 03:04:59.157 :   Logout completed	[MsgId: MMSG-17999]
2022-08-11 03:06:48.338 : - Iteration: 6	[MsgId: MMSG-17999]
2022-08-11 03:06:48.338 :   Account: jojo24/bean24	[MsgId: MMSG-17999]
2022-08-11 03:07:02.353 :   Login completed	[MsgId: MMSG-17999]
2022-08-11 03:07:06.376 :   Logout completed	[MsgId: MMSG-17999]
2022-08-11 03:08:54.345 : - Iteration: 7	[MsgId: MMSG-17999]
2022-08-11 03:08:54.346 :   Account: jojo24/bean24	[MsgId: MMSG-17999]
2022-08-11 03:09:03.051 :   Login completed	[MsgId: MMSG-17999]
2022-08-11 03:09:09.260 :   Logout completed	[MsgId: MMSG-17999]
2022-08-11 03:11:00.356 : - Iteration: 8	[MsgId: MMSG-17999]
2022-08-11 03:11:00.356 :   Account: jojo24/bean24	[MsgId: MMSG-17999]
2022-08-11 03:11:11.017 :   Login completed	[MsgId: MMSG-17999]
2022-08-11 03:11:14.870 :   Logout completed	[MsgId: MMSG-17999]
2022-08-11 03:13:06.358 : - Iteration: 9	[MsgId: MMSG-17999]
2022-08-11 03:13:06.358 :   Account: jojo24/bean24	[MsgId: MMSG-17999]
2022-08-11 03:13:15.382 :   Login completed	[MsgId: MMSG-17999]
2022-08-11 03:13:21.574 :   Logout completed	[MsgId: MMSG-17999]
2022-08-11 03:15:12.366 : - Iteration: 10	[MsgId: MMSG-17999]
2022-08-11 03:15:12.367 :   Account: jojo24/bean24	[MsgId: MMSG-17999]
2022-08-11 03:15:26.740 :   Login completed	[MsgId: MMSG-17999]
2022-08-11 03:15:32.683 :   Logout completed	[MsgId: MMSG-17999]
2022-08-11 03:17:18.381 : - Iteration: 11	[MsgId: MMSG-17999]
2022-08-11 03:17:18.381 :   Account: jojo24/bean24	[MsgId: MMSG-17999]
2022-08-11 03:17:28.931 :   Login completed	[MsgId: MMSG-17999]
2022-08-11 03:17:34.679 :   Logout completed	[MsgId: MMSG-17999]
2022-08-11 03:19:24.390 : - Iteration: 12	[MsgId: MMSG-17999]
2022-08-11 03:19:24.391 :   Account: jojo24/bean24	[MsgId: MMSG-17999]
2022-08-11 03:19:39.612 :   Login completed	[MsgId: MMSG-17999]
2022-08-11 03:19:43.229 :   Logout completed	[MsgId: MMSG-17999]
2022-08-11 03:21:30.403 : - Iteration: 13	[MsgId: MMSG-17999]
2022-08-11 03:21:30.403 :   Account: jojo24/bean24	[MsgId: MMSG-17999]
2022-08-11 03:21:43.670 :   Login completed	[MsgId: MMSG-17999]
2022-08-11 03:21:50.493 :   Logout completed	[MsgId: MMSG-17999]
2022-08-11 03:23:36.412 : - Iteration: 14	[MsgId: MMSG-17999]
2022-08-11 03:23:36.412 :   Account: jojo24/bean24	[MsgId: MMSG-17999]
2022-08-11 03:23:49.167 :   Login completed	[MsgId: MMSG-17999]
2022-08-11 03:23:55.239 :   Logout completed	[MsgId: MMSG-17999]
2022-08-11 03:25:42.412 : - Iteration: 15	[MsgId: MMSG-17999]
2022-08-11 03:25:42.412 :   Account: jojo24/bean24	[MsgId: MMSG-17999]
2022-08-11 03:25:50.863 :   Login completed	[MsgId: MMSG-17999]
2022-08-11 03:25:53.813 :   Logout completed	[MsgId: MMSG-17999]
2022-08-11 03:27:48.425 : - Iteration: 16	[MsgId: MMSG-17999]
2022-08-11 03:27:48.426 :   Account: jojo24/bean24	[MsgId: MMSG-17999]
2022-08-11 03:27:56.969 :   Login completed	[MsgId: MMSG-17999]
2022-08-11 03:28:04.277 :   Logout completed	[MsgId: MMSG-17999]
2022-08-11 03:29:54.441 : - Iteration: 17	[MsgId: MMSG-17999]
2022-08-11 03:29:54.441 :   Account: jojo24/bean24	[MsgId: MMSG-17999]
2022-08-11 03:30:04.108 :   Login completed	[MsgId: MMSG-17999]
2022-08-11 03:30:09.255 :   Logout completed	[MsgId: MMSG-17999]
2022-08-11 03:32:00.448 : - Iteration: 18	[MsgId: MMSG-17999]
2022-08-11 03:32:00.448 :   Account: jojo24/bean24	[MsgId: MMSG-17999]
2022-08-11 03:32:12.898 :   Login completed	[MsgId: MMSG-17999]
2022-08-11 03:32:17.035 :   Logout completed	[MsgId: MMSG-17999]
2022-08-11 03:34:06.456 : - Iteration: 19	[MsgId: MMSG-17999]
2022-08-11 03:34:06.456 :   Account: jojo24/bean24	[MsgId: MMSG-17999]
2022-08-11 03:34:19.270 :   Login completed	[MsgId: MMSG-17999]
2022-08-11 03:34:22.987 :   Logout completed	[MsgId: MMSG-17999]
2022-08-11 03:36:12.460 : - Iteration: 20	[MsgId: MMSG-17999]
2022-08-11 03:36:12.460 :   Account: jojo24/bean24	[MsgId: MMSG-17999]
2022-08-11 03:36:18.667 :   Login completed	[MsgId: MMSG-17999]
2022-08-11 03:36:22.570 :   Logout completed	[MsgId: MMSG-17999]
2022-08-11 03:38:18.474 : - Iteration: 21	[MsgId: MMSG-17999]
2022-08-11 03:38:18.474 :   Account: jojo24/bean24	[MsgId: MMSG-17999]
2022-08-11 03:38:27.469 :   Login completed	[MsgId: MMSG-17999]
2022-08-11 03:38:34.298 :   Logout completed	[MsgId: MMSG-17999]
2022-08-11 03:40:24.480 : - Iteration: 22	[MsgId: MMSG-17999]
2022-08-11 03:40:24.480 :   Account: jojo24/bean24	[MsgId: MMSG-17999]
2022-08-11 03:40:32.997 :   Login completed	[MsgId: MMSG-17999]
2022-08-11 03:40:36.645 :   Logout completed	[MsgId: MMSG-17999]
2022-08-11 03:42:30.487 : - Iteration: 23	[MsgId: MMSG-17999]
2022-08-11 03:42:30.487 :   Account: jojo24/bean24	[MsgId: MMSG-17999]
2022-08-11 03:42:43.679 :   Login completed	[MsgId: MMSG-17999]
2022-08-11 03:42:47.935 :   Logout completed	[MsgId: MMSG-17999]
2022-08-11 03:44:36.494 : - Iteration: 24	[MsgId: MMSG-17999]
2022-08-11 03:44:36.494 :   Account: jojo24/bean24	[MsgId: MMSG-17999]
2022-08-11 03:44:48.067 :   Login completed	[MsgId: MMSG-17999]
2022-08-11 03:44:52.011 :   Logout completed	[MsgId: MMSG-17999]
2022-08-11 03:46:42.504 : - Iteration: 25	[MsgId: MMSG-17999]
2022-08-11 03:46:42.504 :   Account: jojo24/bean24	[MsgId: MMSG-17999]
2022-08-11 03:46:51.086 :   Login completed	[MsgId: MMSG-17999]
2022-08-11 03:46:54.839 :   Logout completed	[MsgId: MMSG-17999]
2022-08-11 03:48:48.517 : - Iteration: 26	[MsgId: MMSG-17999]
2022-08-11 03:48:48.518 :   Account: jojo24/bean24	[MsgId: MMSG-17999]
2022-08-11 03:48:55.878 :   Login completed	[MsgId: MMSG-17999]
2022-08-11 03:49:02.264 :   Logout completed	[MsgId: MMSG-17999]
2022-08-11 03:50:54.524 : - Iteration: 27	[MsgId: MMSG-17999]
2022-08-11 03:50:54.524 :   Account: jojo24/bean24	[MsgId: MMSG-17999]
2022-08-11 03:51:01.265 :   Login completed	[MsgId: MMSG-17999]
2022-08-11 03:51:08.474 :   Logout completed	[MsgId: MMSG-17999]
2022-08-11 03:53:00.530 : - Iteration: 28	[MsgId: MMSG-17999]
2022-08-11 03:53:00.530 :   Account: jojo24/bean24	[MsgId: MMSG-17999]
2022-08-11 03:53:11.126 :   Login completed	[MsgId: MMSG-17999]
2022-08-11 03:53:18.392 :   Logout completed	[MsgId: MMSG-17999]
2022-08-11 03:55:06.532 : - Iteration: 29	[MsgId: MMSG-17999]
2022-08-11 03:55:06.533 :   Account: jojo24/bean24	[MsgId: MMSG-17999]
2022-08-11 03:55:13.937 :   Login completed	[MsgId: MMSG-17999]
2022-08-11 03:55:21.153 :   Logout completed	[MsgId: MMSG-17999]
2022-08-11 03:57:12.539 : - Iteration: 30	[MsgId: MMSG-17999]
2022-08-11 03:57:12.540 :   Account: jojo24/bean24	[MsgId: MMSG-17999]
2022-08-11 03:57:19.623 :   Login completed	[MsgId: MMSG-17999]
2022-08-11 03:57:24.019 :   Logout completed	[MsgId: MMSG-17999]
2022-08-11 03:59:18.554 : - Iteration: 31	[MsgId: MMSG-17999]
2022-08-11 03:59:18.554 :   Account: jojo24/bean24	[MsgId: MMSG-17999]
2022-08-11 03:59:31.903 :   Login completed	[MsgId: MMSG-17999]
2022-08-11 03:59:37.436 :   Logout completed	[MsgId: MMSG-17999]
2022-08-11 04:01:24.557 : - Iteration: 32	[MsgId: MMSG-17999]
2022-08-11 04:01:24.558 :   Account: jojo24/bean24	[MsgId: MMSG-17999]
2022-08-11 04:01:35.364 :   Login completed	[MsgId: MMSG-17999]
2022-08-11 04:01:39.438 :   Logout completed	[MsgId: MMSG-17999]
2022-08-11 04:03:30.571 : - Iteration: 33	[MsgId: MMSG-17999]
2022-08-11 04:03:30.572 :   Account: jojo24/bean24	[MsgId: MMSG-17999]
2022-08-11 04:03:37.518 :   Login completed	[MsgId: MMSG-17999]
2022-08-11 04:03:40.347 :   Logout completed	[MsgId: MMSG-17999]
2022-08-11 04:05:36.583 : - Iteration: 34	[MsgId: MMSG-17999]
2022-08-11 04:05:36.583 :   Account: jojo24/bean24	[MsgId: MMSG-17999]
2022-08-11 04:05:50.386 :   Login completed	[MsgId: MMSG-17999]
2022-08-11 04:05:53.241 :   Logout completed	[MsgId: MMSG-17999]
2022-08-11 04:07:42.596 : - Iteration: 35	[MsgId: MMSG-17999]
2022-08-11 04:07:42.596 :   Account: jojo24/bean24	[MsgId: MMSG-17999]
2022-08-11 04:07:57.770 :   Login completed	[MsgId: MMSG-17999]
2022-08-11 04:08:02.542 :   Logout completed	[MsgId: MMSG-17999]
2022-08-11 04:09:48.607 : - Iteration: 36	[MsgId: MMSG-17999]
2022-08-11 04:09:48.607 :   Account: jojo24/bean24	[MsgId: MMSG-17999]
2022-08-11 04:10:01.467 :   Login completed	[MsgId: MMSG-17999]
2022-08-11 04:10:08.156 :   Logout completed	[MsgId: MMSG-17999]
2022-08-11 04:11:54.614 : - Iteration: 37	[MsgId: MMSG-17999]
2022-08-11 04:11:54.614 :   Account: jojo24/bean24	[MsgId: MMSG-17999]
2022-08-11 04:12:05.145 :   Login completed	[MsgId: MMSG-17999]
2022-08-11 04:12:11.438 :   Logout completed	[MsgId: MMSG-17999]
2022-08-11 04:14:00.617 : - Iteration: 38	[MsgId: MMSG-17999]
2022-08-11 04:14:00.617 :   Account: jojo24/bean24	[MsgId: MMSG-17999]
2022-08-11 04:14:08.476 :   Login completed	[MsgId: MMSG-17999]
2022-08-11 04:14:15.818 :   Logout completed	[MsgId: MMSG-17999]
2022-08-11 04:16:06.627 : - Iteration: 39	[MsgId: MMSG-17999]
2022-08-11 04:16:06.627 :   Account: jojo24/bean24	[MsgId: MMSG-17999]
2022-08-11 04:16:13.125 :   Login completed	[MsgId: MMSG-17999]
2022-08-11 04:16:19.529 :   Logout completed	[MsgId: MMSG-17999]
2022-08-11 04:18:12.640 : - Iteration: 40	[MsgId: MMSG-17999]
2022-08-11 04:18:12.640 :   Account: jojo24/bean24	[MsgId: MMSG-17999]
2022-08-11 04:18:25.227 :   Login completed	[MsgId: MMSG-17999]
2022-08-11 04:18:28.699 :   Logout completed	[MsgId: MMSG-17999]
2022-08-11 04:20:18.655 : - Iteration: 41	[MsgId: MMSG-17999]
2022-08-11 04:20:18.655 :   Account: jojo24/bean24	[MsgId: MMSG-17999]
2022-08-11 04:20:27.330 :   Login completed	[MsgId: MMSG-17999]
2022-08-11 04:20:30.188 :   Logout completed	[MsgId: MMSG-17999]
2022-08-11 04:22:24.667 : - Iteration: 42	[MsgId: MMSG-17999]
2022-08-11 04:22:24.667 :   Account: jojo24/bean24	[MsgId: MMSG-17999]
2022-08-11 04:22:35.783 :   Login completed	[MsgId: MMSG-17999]
2022-08-11 04:22:40.135 :   Logout completed	[MsgId: MMSG-17999]
2022-08-11 04:24:30.677 : - Iteration: 43	[MsgId: MMSG-17999]
2022-08-11 04:24:30.678 :   Account: jojo24/bean24	[MsgId: MMSG-17999]
2022-08-11 04:24:43.303 :   Login completed	[MsgId: MMSG-17999]
2022-08-11 04:24:47.873 :   Logout completed	[MsgId: MMSG-17999]
2022-08-11 04:26:36.680 : - Iteration: 44	[MsgId: MMSG-17999]
2022-08-11 04:26:36.680 :   Account: jojo24/bean24	[MsgId: MMSG-17999]
2022-08-11 04:26:43.216 :   Login completed	[MsgId: MMSG-17999]
2022-08-11 04:26:47.066 :   Logout completed	[MsgId: MMSG-17999]
2022-08-11 04:28:42.693 : - Iteration: 45	[MsgId: MMSG-17999]
2022-08-11 04:28:42.693 :   Account: jojo24/bean24	[MsgId: MMSG-17999]
2022-08-11 04:28:50.929 :   Login completed	[MsgId: MMSG-17999]
2022-08-11 04:28:58.085 :   Logout completed	[MsgId: MMSG-17999]
2022-08-11 04:30:48.696 : - Iteration: 46	[MsgId: MMSG-17999]
2022-08-11 04:30:48.696 :   Account: jojo24/bean24	[MsgId: MMSG-17999]
2022-08-11 04:30:57.499 :   Login completed	[MsgId: MMSG-17999]
2022-08-11 04:31:00.937 :   Logout completed	[MsgId: MMSG-17999]
2022-08-11 04:32:54.710 : - Iteration: 47	[MsgId: MMSG-17999]
2022-08-11 04:32:54.710 :   Account: jojo24/bean24	[MsgId: MMSG-17999]
2022-08-11 04:33:02.846 :   Login completed	[MsgId: MMSG-17999]
2022-08-11 04:33:05.795 :   Logout completed	[MsgId: MMSG-17999]
2022-08-11 04:35:00.714 : - Iteration: 48	[MsgId: MMSG-17999]
2022-08-11 04:35:00.714 :   Account: jojo24/bean24	[MsgId: MMSG-17999]
2022-08-11 04:35:13.428 :   Login completed	[MsgId: MMSG-17999]
2022-08-11 04:35:17.907 :   Logout completed	[MsgId: MMSG-17999]
2022-08-11 04:37:06.722 : - Iteration: 49	[MsgId: MMSG-17999]
2022-08-11 04:37:06.722 :   Account: jojo24/bean24	[MsgId: MMSG-17999]
2022-08-11 04:37:21.058 :   Login completed	[MsgId: MMSG-17999]
2022-08-11 04:37:25.645 :   Logout completed	[MsgId: MMSG-17999]
2022-08-11 04:39:12.741 : - Iteration: 50	[MsgId: MMSG-17999]
2022-08-11 04:39:12.741 :   Account: jojo24/bean24	[MsgId: MMSG-17999]
2022-08-11 04:39:28.290 :   Login completed	[MsgId: MMSG-17999]
2022-08-11 04:39:35.771 :   Logout completed	[MsgId: MMSG-17999]
2022-08-11 04:41:18.755 : - Iteration: 51	[MsgId: MMSG-17999]
2022-08-11 04:41:18.756 :   Account: jojo24/bean24	[MsgId: MMSG-17999]
2022-08-11 04:41:24.403 :   Login completed	[MsgId: MMSG-17999]
2022-08-11 04:41:28.811 :   Logout completed	[MsgId: MMSG-17999]
2022-08-11 04:43:24.763 : - Iteration: 52	[MsgId: MMSG-17999]
2022-08-11 04:43:24.763 :   Account: jojo24/bean24	[MsgId: MMSG-17999]
2022-08-11 04:43:33.832 :   Login completed	[MsgId: MMSG-17999]
2022-08-11 04:43:41.330 :   Logout completed	[MsgId: MMSG-17999]
2022-08-11 04:45:30.778 : - Iteration: 53	[MsgId: MMSG-17999]
2022-08-11 04:45:30.778 :   Account: jojo24/bean24	[MsgId: MMSG-17999]
2022-08-11 04:45:45.288 :   Login completed	[MsgId: MMSG-17999]
2022-08-11 04:45:50.833 :   Logout completed	[MsgId: MMSG-17999]
2022-08-11 04:47:36.788 : - Iteration: 54	[MsgId: MMSG-17999]
2022-08-11 04:47:36.789 :   Account: jojo24/bean24	[MsgId: MMSG-17999]
2022-08-11 04:47:44.999 :   Login completed	[MsgId: MMSG-17999]
2022-08-11 04:47:52.421 :   Logout completed	[MsgId: MMSG-17999]
2022-08-11 04:49:42.792 : - Iteration: 55	[MsgId: MMSG-17999]
2022-08-11 04:49:42.792 :   Account: jojo24/bean24	[MsgId: MMSG-17999]
2022-08-11 04:49:48.578 :   Login completed	[MsgId: MMSG-17999]
2022-08-11 04:49:55.872 :   Logout completed	[MsgId: MMSG-17999]
2022-08-11 04:51:48.804 : - Iteration: 56	[MsgId: MMSG-17999]
2022-08-11 04:51:48.805 :   Account: jojo24/bean24	[MsgId: MMSG-17999]
2022-08-11 04:51:58.393 :   Login completed	[MsgId: MMSG-17999]
2022-08-11 04:52:03.410 :   Logout completed	[MsgId: MMSG-17999]
2022-08-11 04:53:54.810 : - Iteration: 57	[MsgId: MMSG-17999]
2022-08-11 04:53:54.811 :   Account: jojo24/bean24	[MsgId: MMSG-17999]
2022-08-11 04:54:08.818 :   Login completed	[MsgId: MMSG-17999]
2022-08-11 04:54:14.197 :   Logout completed	[MsgId: MMSG-17999]
2022-08-11 04:56:00.812 : - Iteration: 58	[MsgId: MMSG-17999]
2022-08-11 04:56:00.812 :   Account: jojo24/bean24	[MsgId: MMSG-17999]
2022-08-11 04:56:11.105 :   Login completed	[MsgId: MMSG-17999]
2022-08-11 04:56:18.221 :   Logout completed	[MsgId: MMSG-17999]
2022-08-11 04:58:06.821 : - Iteration: 59	[MsgId: MMSG-17999]
2022-08-11 04:58:06.821 :   Account: jojo24/bean24	[MsgId: MMSG-17999]
2022-08-11 04:58:12.598 :   Login completed	[MsgId: MMSG-17999]
2022-08-11 04:58:18.118 :   Logout completed	[MsgId: MMSG-17999]
2022-08-11 05:00:12.825 : - Iteration: 60	[MsgId: MMSG-17999]
2022-08-11 05:00:12.825 :   Account: jojo24/bean24	[MsgId: MMSG-17999]
2022-08-11 05:00:21.721 :   Login completed	[MsgId: MMSG-17999]
2022-08-11 05:00:25.539 :   Logout completed	[MsgId: MMSG-17999]
2022-08-11 05:02:18.827 : - Iteration: 61	[MsgId: MMSG-17999]
2022-08-11 05:02:18.827 :   Account: jojo24/bean24	[MsgId: MMSG-17999]
2022-08-11 05:02:33.155 :   Login completed	[MsgId: MMSG-17999]
2022-08-11 05:02:36.440 :   Logout completed	[MsgId: MMSG-17999]
2022-08-11 05:04:24.835 : - Iteration: 62	[MsgId: MMSG-17999]
2022-08-11 05:04:24.835 :   Account: jojo24/bean24	[MsgId: MMSG-17999]
2022-08-11 05:04:35.883 :   Login completed	[MsgId: MMSG-17999]
2022-08-11 05:04:43.112 :   Logout completed	[MsgId: MMSG-17999]
2022-08-11 05:06:30.841 : - Iteration: 63	[MsgId: MMSG-17999]
2022-08-11 05:06:30.841 :   Account: jojo24/bean24	[MsgId: MMSG-17999]
2022-08-11 05:06:45.798 :   Login completed	[MsgId: MMSG-17999]
2022-08-11 05:06:52.775 :   Logout completed	[MsgId: MMSG-17999]
