2022-08-11 01:54:29.616 : URL = localhost:1080	[MsgId: MMSG-17999]
2022-08-11 01:54:29.645 : - Iteration: 1	[MsgId: MMSG-17999]
2022-08-11 01:54:29.645 :   Account: jojo17/bean17	[MsgId: MMSG-17999]
2022-08-11 01:54:38.435 :   Login completed	[MsgId: MMSG-17999]
2022-08-11 01:54:45.578 :   Logout completed	[MsgId: MMSG-17999]
2022-08-11 01:56:35.647 : - Iteration: 2	[MsgId: MMSG-17999]
2022-08-11 01:56:35.648 :   Account: jojo17/bean17	[MsgId: MMSG-17999]
2022-08-11 01:56:51.011 :   Login completed	[MsgId: MMSG-17999]
2022-08-11 01:56:57.045 :   Logout completed	[MsgId: MMSG-17999]
2022-08-11 01:58:41.661 : - Iteration: 3	[MsgId: MMSG-17999]
2022-08-11 01:58:41.661 :   Account: jojo17/bean17	[MsgId: MMSG-17999]
2022-08-11 01:58:54.117 :   Login completed	[MsgId: MMSG-17999]
2022-08-11 01:58:59.586 :   Logout completed	[MsgId: MMSG-17999]
2022-08-11 02:00:47.662 : - Iteration: 4	[MsgId: MMSG-17999]
2022-08-11 02:00:47.663 :   Account: jojo17/bean17	[MsgId: MMSG-17999]
2022-08-11 02:01:03.191 :   Login completed	[MsgId: MMSG-17999]
2022-08-11 02:01:07.780 :   Logout completed	[MsgId: MMSG-17999]
2022-08-11 02:02:53.675 : - Iteration: 5	[MsgId: MMSG-17999]
2022-08-11 02:02:53.675 :   Account: jojo17/bean17	[MsgId: MMSG-17999]
2022-08-11 02:03:00.273 :   Login completed	[MsgId: MMSG-17999]
2022-08-11 02:03:04.906 :   Logout completed	[MsgId: MMSG-17999]
2022-08-11 02:04:59.681 : - Iteration: 6	[MsgId: MMSG-17999]
2022-08-11 02:04:59.681 :   Account: jojo17/bean17	[MsgId: MMSG-17999]
2022-08-11 02:05:09.767 :   Login completed	[MsgId: MMSG-17999]
2022-08-11 02:05:15.195 :   Logout completed	[MsgId: MMSG-17999]
2022-08-11 02:07:05.691 : - Iteration: 7	[MsgId: MMSG-17999]
2022-08-11 02:07:05.691 :   Account: jojo17/bean17	[MsgId: MMSG-17999]
2022-08-11 02:07:15.798 :   Login completed	[MsgId: MMSG-17999]
2022-08-11 02:07:21.598 :   Logout completed	[MsgId: MMSG-17999]
2022-08-11 02:09:11.694 : - Iteration: 8	[MsgId: MMSG-17999]
2022-08-11 02:09:11.694 :   Account: jojo17/bean17	[MsgId: MMSG-17999]
2022-08-11 02:09:22.343 :   Login completed	[MsgId: MMSG-17999]
2022-08-11 02:09:26.656 :   Logout completed	[MsgId: MMSG-17999]
2022-08-11 02:11:17.699 : - Iteration: 9	[MsgId: MMSG-17999]
2022-08-11 02:11:17.699 :   Account: jojo17/bean17	[MsgId: MMSG-17999]
2022-08-11 02:11:28.880 :   Login completed	[MsgId: MMSG-17999]
2022-08-11 02:11:35.981 :   Logout completed	[MsgId: MMSG-17999]
2022-08-11 02:13:23.706 : - Iteration: 10	[MsgId: MMSG-17999]
2022-08-11 02:13:23.706 :   Account: jojo17/bean17	[MsgId: MMSG-17999]
2022-08-11 02:13:37.580 :   Login completed	[MsgId: MMSG-17999]
2022-08-11 02:13:41.893 :   Logout completed	[MsgId: MMSG-17999]
2022-08-11 02:15:29.708 : - Iteration: 11	[MsgId: MMSG-17999]
2022-08-11 02:15:29.709 :   Account: jojo17/bean17	[MsgId: MMSG-17999]
2022-08-11 02:15:42.990 :   Login completed	[MsgId: MMSG-17999]
2022-08-11 02:15:47.666 :   Logout completed	[MsgId: MMSG-17999]
2022-08-11 02:17:35.720 : - Iteration: 12	[MsgId: MMSG-17999]
2022-08-11 02:17:35.721 :   Account: jojo17/bean17	[MsgId: MMSG-17999]
2022-08-11 02:17:44.956 :   Login completed	[MsgId: MMSG-17999]
2022-08-11 02:17:50.111 :   Logout completed	[MsgId: MMSG-17999]
2022-08-11 02:19:41.729 : - Iteration: 13	[MsgId: MMSG-17999]
2022-08-11 02:19:41.729 :   Account: jojo17/bean17	[MsgId: MMSG-17999]
2022-08-11 02:19:54.346 :   Login completed	[MsgId: MMSG-17999]
2022-08-11 02:19:57.403 :   Logout completed	[MsgId: MMSG-17999]
2022-08-11 02:21:47.738 : - Iteration: 14	[MsgId: MMSG-17999]
2022-08-11 02:21:47.738 :   Account: jojo17/bean17	[MsgId: MMSG-17999]
2022-08-11 02:21:55.496 :   Login completed	[MsgId: MMSG-17999]
2022-08-11 02:22:00.105 :   Logout completed	[MsgId: MMSG-17999]
2022-08-11 02:23:53.751 : - Iteration: 15	[MsgId: MMSG-17999]
2022-08-11 02:23:53.751 :   Account: jojo17/bean17	[MsgId: MMSG-17999]
2022-08-11 02:24:04.375 :   Login completed	[MsgId: MMSG-17999]
2022-08-11 02:24:08.451 :   Logout completed	[MsgId: MMSG-17999]
2022-08-11 02:25:59.765 : - Iteration: 16	[MsgId: MMSG-17999]
2022-08-11 02:25:59.765 :   Account: jojo17/bean17	[MsgId: MMSG-17999]
2022-08-11 02:26:06.305 :   Login completed	[MsgId: MMSG-17999]
2022-08-11 02:26:12.116 :   Logout completed	[MsgId: MMSG-17999]
2022-08-11 02:28:05.767 : - Iteration: 17	[MsgId: MMSG-17999]
2022-08-11 02:28:05.767 :   Account: jojo17/bean17	[MsgId: MMSG-17999]
2022-08-11 02:28:19.476 :   Login completed	[MsgId: MMSG-17999]
2022-08-11 02:28:26.895 :   Logout completed	[MsgId: MMSG-17999]
2022-08-11 02:30:11.777 : - Iteration: 18	[MsgId: MMSG-17999]
2022-08-11 02:30:11.777 :   Account: jojo17/bean17	[MsgId: MMSG-17999]
2022-08-11 02:30:23.195 :   Login completed	[MsgId: MMSG-17999]
2022-08-11 02:30:28.649 :   Logout completed	[MsgId: MMSG-17999]
2022-08-11 02:32:17.793 : - Iteration: 19	[MsgId: MMSG-17999]
2022-08-11 02:32:17.793 :   Account: jojo17/bean17	[MsgId: MMSG-17999]
2022-08-11 02:32:29.148 :   Login completed	[MsgId: MMSG-17999]
2022-08-11 02:32:32.043 :   Logout completed	[MsgId: MMSG-17999]
2022-08-11 02:34:23.801 : - Iteration: 20	[MsgId: MMSG-17999]
2022-08-11 02:34:23.801 :   Account: jojo17/bean17	[MsgId: MMSG-17999]
2022-08-11 02:34:32.431 :   Login completed	[MsgId: MMSG-17999]
2022-08-11 02:34:37.256 :   Logout completed	[MsgId: MMSG-17999]
2022-08-11 02:36:29.803 : - Iteration: 21	[MsgId: MMSG-17999]
2022-08-11 02:36:29.803 :   Account: jojo17/bean17	[MsgId: MMSG-17999]
2022-08-11 02:36:41.140 :   Login completed	[MsgId: MMSG-17999]
2022-08-11 02:36:45.433 :   Logout completed	[MsgId: MMSG-17999]
2022-08-11 02:38:35.812 : - Iteration: 22	[MsgId: MMSG-17999]
2022-08-11 02:38:35.812 :   Account: jojo17/bean17	[MsgId: MMSG-17999]
2022-08-11 02:38:42.904 :   Login completed	[MsgId: MMSG-17999]
2022-08-11 02:38:47.503 :   Logout completed	[MsgId: MMSG-17999]
2022-08-11 02:40:41.828 : - Iteration: 23	[MsgId: MMSG-17999]
2022-08-11 02:40:41.828 :   Account: jojo17/bean17	[MsgId: MMSG-17999]
2022-08-11 02:40:51.695 :   Login completed	[MsgId: MMSG-17999]
2022-08-11 02:40:55.865 :   Logout completed	[MsgId: MMSG-17999]
2022-08-11 02:42:47.836 : - Iteration: 24	[MsgId: MMSG-17999]
2022-08-11 02:42:47.836 :   Account: jojo17/bean17	[MsgId: MMSG-17999]
2022-08-11 02:42:53.528 :   Login completed	[MsgId: MMSG-17999]
2022-08-11 02:42:58.906 :   Logout completed	[MsgId: MMSG-17999]
2022-08-11 02:44:53.850 : - Iteration: 25	[MsgId: MMSG-17999]
2022-08-11 02:44:53.850 :   Account: jojo17/bean17	[MsgId: MMSG-17999]
2022-08-11 02:45:09.260 :   Login completed	[MsgId: MMSG-17999]
2022-08-11 02:45:14.429 :   Logout completed	[MsgId: MMSG-17999]
2022-08-11 02:46:59.862 : - Iteration: 26	[MsgId: MMSG-17999]
2022-08-11 02:46:59.862 :   Account: jojo17/bean17	[MsgId: MMSG-17999]
2022-08-11 02:47:11.631 :   Login completed	[MsgId: MMSG-17999]
2022-08-11 02:47:17.935 :   Logout completed	[MsgId: MMSG-17999]
2022-08-11 02:49:05.864 : - Iteration: 27	[MsgId: MMSG-17999]
2022-08-11 02:49:05.864 :   Account: jojo17/bean17	[MsgId: MMSG-17999]
2022-08-11 02:49:14.933 :   Login completed	[MsgId: MMSG-17999]
2022-08-11 02:49:22.343 :   Logout completed	[MsgId: MMSG-17999]
2022-08-11 02:51:11.873 : - Iteration: 28	[MsgId: MMSG-17999]
2022-08-11 02:51:11.874 :   Account: jojo17/bean17	[MsgId: MMSG-17999]
2022-08-11 02:51:18.710 :   Login completed	[MsgId: MMSG-17999]
2022-08-11 02:51:23.314 :   Logout completed	[MsgId: MMSG-17999]
2022-08-11 02:53:17.877 : - Iteration: 29	[MsgId: MMSG-17999]
2022-08-11 02:53:17.877 :   Account: jojo17/bean17	[MsgId: MMSG-17999]
2022-08-11 02:53:23.720 :   Login completed	[MsgId: MMSG-17999]
2022-08-11 02:53:29.002 :   Logout completed	[MsgId: MMSG-17999]
2022-08-11 02:55:23.887 : - Iteration: 30	[MsgId: MMSG-17999]
2022-08-11 02:55:23.887 :   Account: jojo17/bean17	[MsgId: MMSG-17999]
2022-08-11 02:55:29.709 :   Login completed	[MsgId: MMSG-17999]
2022-08-11 02:55:36.998 :   Logout completed	[MsgId: MMSG-17999]
2022-08-11 02:57:29.890 : - Iteration: 31	[MsgId: MMSG-17999]
2022-08-11 02:57:29.890 :   Account: jojo17/bean17	[MsgId: MMSG-17999]
2022-08-11 02:57:39.492 :   Login completed	[MsgId: MMSG-17999]
2022-08-11 02:57:44.690 :   Logout completed	[MsgId: MMSG-17999]
2022-08-11 02:59:35.895 : - Iteration: 32	[MsgId: MMSG-17999]
2022-08-11 02:59:35.895 :   Account: jojo17/bean17	[MsgId: MMSG-17999]
2022-08-11 02:59:44.637 :   Login completed	[MsgId: MMSG-17999]
2022-08-11 02:59:49.575 :   Logout completed	[MsgId: MMSG-17999]
2022-08-11 03:01:41.899 : - Iteration: 33	[MsgId: MMSG-17999]
2022-08-11 03:01:41.899 :   Account: jojo17/bean17	[MsgId: MMSG-17999]
2022-08-11 03:01:51.751 :   Login completed	[MsgId: MMSG-17999]
2022-08-11 03:01:58.267 :   Logout completed	[MsgId: MMSG-17999]
2022-08-11 03:03:47.902 : - Iteration: 34	[MsgId: MMSG-17999]
2022-08-11 03:03:47.902 :   Account: jojo17/bean17	[MsgId: MMSG-17999]
2022-08-11 03:03:58.927 :   Login completed	[MsgId: MMSG-17999]
2022-08-11 03:04:04.585 :   Logout completed	[MsgId: MMSG-17999]
2022-08-11 03:05:53.907 : - Iteration: 35	[MsgId: MMSG-17999]
2022-08-11 03:05:53.907 :   Account: jojo17/bean17	[MsgId: MMSG-17999]
2022-08-11 03:06:00.366 :   Login completed	[MsgId: MMSG-17999]
2022-08-11 03:06:06.381 :   Logout completed	[MsgId: MMSG-17999]
2022-08-11 03:07:59.916 : - Iteration: 36	[MsgId: MMSG-17999]
2022-08-11 03:07:59.917 :   Account: jojo17/bean17	[MsgId: MMSG-17999]
2022-08-11 03:08:10.650 :   Login completed	[MsgId: MMSG-17999]
2022-08-11 03:08:16.030 :   Logout completed	[MsgId: MMSG-17999]
2022-08-11 03:10:05.917 : - Iteration: 37	[MsgId: MMSG-17999]
2022-08-11 03:10:05.917 :   Account: jojo17/bean17	[MsgId: MMSG-17999]
2022-08-11 03:10:12.597 :   Login completed	[MsgId: MMSG-17999]
2022-08-11 03:10:17.499 :   Logout completed	[MsgId: MMSG-17999]
2022-08-11 03:12:11.919 : - Iteration: 38	[MsgId: MMSG-17999]
2022-08-11 03:12:11.919 :   Account: jojo17/bean17	[MsgId: MMSG-17999]
2022-08-11 03:12:21.486 :   Login completed	[MsgId: MMSG-17999]
2022-08-11 03:12:24.596 :   Logout completed	[MsgId: MMSG-17999]
2022-08-11 03:14:17.923 : - Iteration: 39	[MsgId: MMSG-17999]
2022-08-11 03:14:17.923 :   Account: jojo17/bean17	[MsgId: MMSG-17999]
2022-08-11 03:14:24.437 :   Login completed	[MsgId: MMSG-17999]
2022-08-11 03:14:29.954 :   Logout completed	[MsgId: MMSG-17999]
2022-08-11 03:16:23.927 : - Iteration: 40	[MsgId: MMSG-17999]
2022-08-11 03:16:23.927 :   Account: jojo17/bean17	[MsgId: MMSG-17999]
2022-08-11 03:16:38.977 :   Login completed	[MsgId: MMSG-17999]
2022-08-11 03:16:43.463 :   Logout completed	[MsgId: MMSG-17999]
2022-08-11 03:18:29.942 : - Iteration: 41	[MsgId: MMSG-17999]
2022-08-11 03:18:29.942 :   Account: jojo17/bean17	[MsgId: MMSG-17999]
2022-08-11 03:18:43.881 :   Login completed	[MsgId: MMSG-17999]
2022-08-11 03:18:50.151 :   Logout completed	[MsgId: MMSG-17999]
2022-08-11 03:20:35.958 : - Iteration: 42	[MsgId: MMSG-17999]
2022-08-11 03:20:35.958 :   Account: jojo17/bean17	[MsgId: MMSG-17999]
2022-08-11 03:20:45.288 :   Login completed	[MsgId: MMSG-17999]
2022-08-11 03:20:51.405 :   Logout completed	[MsgId: MMSG-17999]
2022-08-11 03:22:41.969 : - Iteration: 43	[MsgId: MMSG-17999]
2022-08-11 03:22:41.969 :   Account: jojo17/bean17	[MsgId: MMSG-17999]
2022-08-11 03:22:51.635 :   Login completed	[MsgId: MMSG-17999]
2022-08-11 03:22:54.788 :   Logout completed	[MsgId: MMSG-17999]
2022-08-11 03:24:47.980 : - Iteration: 44	[MsgId: MMSG-17999]
2022-08-11 03:24:47.980 :   Account: jojo17/bean17	[MsgId: MMSG-17999]
2022-08-11 03:24:58.546 :   Login completed	[MsgId: MMSG-17999]
2022-08-11 03:25:04.972 :   Logout completed	[MsgId: MMSG-17999]
2022-08-11 03:26:53.988 : - Iteration: 45	[MsgId: MMSG-17999]
2022-08-11 03:26:53.988 :   Account: jojo17/bean17	[MsgId: MMSG-17999]
2022-08-11 03:27:00.335 :   Login completed	[MsgId: MMSG-17999]
2022-08-11 03:27:07.055 :   Logout completed	[MsgId: MMSG-17999]
2022-08-11 03:28:59.999 : - Iteration: 46	[MsgId: MMSG-17999]
2022-08-11 03:28:59.999 :   Account: jojo17/bean17	[MsgId: MMSG-17999]
2022-08-11 03:29:10.347 :   Login completed	[MsgId: MMSG-17999]
2022-08-11 03:29:15.246 :   Logout completed	[MsgId: MMSG-17999]
2022-08-11 03:31:06.004 : - Iteration: 47	[MsgId: MMSG-17999]
2022-08-11 03:31:06.004 :   Account: jojo17/bean17	[MsgId: MMSG-17999]
2022-08-11 03:31:12.305 :   Login completed	[MsgId: MMSG-17999]
2022-08-11 03:31:17.800 :   Logout completed	[MsgId: MMSG-17999]
2022-08-11 03:33:12.016 : - Iteration: 48	[MsgId: MMSG-17999]
2022-08-11 03:33:12.017 :   Account: jojo17/bean17	[MsgId: MMSG-17999]
2022-08-11 03:33:20.709 :   Login completed	[MsgId: MMSG-17999]
2022-08-11 03:33:23.936 :   Logout completed	[MsgId: MMSG-17999]
2022-08-11 03:35:18.029 : - Iteration: 49	[MsgId: MMSG-17999]
2022-08-11 03:35:18.029 :   Account: jojo17/bean17	[MsgId: MMSG-17999]
2022-08-11 03:35:31.709 :   Login completed	[MsgId: MMSG-17999]
2022-08-11 03:35:35.994 :   Logout completed	[MsgId: MMSG-17999]
2022-08-11 03:37:24.032 : - Iteration: 50	[MsgId: MMSG-17999]
2022-08-11 03:37:24.033 :   Account: jojo17/bean17	[MsgId: MMSG-17999]
2022-08-11 03:37:34.315 :   Login completed	[MsgId: MMSG-17999]
2022-08-11 03:37:41.856 :   Logout completed	[MsgId: MMSG-17999]
2022-08-11 03:39:30.041 : - Iteration: 51	[MsgId: MMSG-17999]
2022-08-11 03:39:30.041 :   Account: jojo17/bean17	[MsgId: MMSG-17999]
2022-08-11 03:39:43.498 :   Login completed	[MsgId: MMSG-17999]
2022-08-11 03:39:50.276 :   Logout completed	[MsgId: MMSG-17999]
2022-08-11 03:41:36.055 : - Iteration: 52	[MsgId: MMSG-17999]
2022-08-11 03:41:36.055 :   Account: jojo17/bean17	[MsgId: MMSG-17999]
2022-08-11 03:41:42.586 :   Login completed	[MsgId: MMSG-17999]
2022-08-11 03:41:45.345 :   Logout completed	[MsgId: MMSG-17999]
2022-08-11 03:43:42.059 : - Iteration: 53	[MsgId: MMSG-17999]
2022-08-11 03:43:42.059 :   Account: jojo17/bean17	[MsgId: MMSG-17999]
2022-08-11 03:43:49.036 :   Login completed	[MsgId: MMSG-17999]
2022-08-11 03:43:53.346 :   Logout completed	[MsgId: MMSG-17999]
2022-08-11 03:45:48.060 : - Iteration: 54	[MsgId: MMSG-17999]
2022-08-11 03:45:48.060 :   Account: jojo17/bean17	[MsgId: MMSG-17999]
2022-08-11 03:45:58.297 :   Login completed	[MsgId: MMSG-17999]
2022-08-11 03:46:05.916 :   Logout completed	[MsgId: MMSG-17999]
2022-08-11 03:47:54.075 : - Iteration: 55	[MsgId: MMSG-17999]
2022-08-11 03:47:54.075 :   Account: jojo17/bean17	[MsgId: MMSG-17999]
2022-08-11 03:48:08.246 :   Login completed	[MsgId: MMSG-17999]
2022-08-11 03:48:15.468 :   Logout completed	[MsgId: MMSG-17999]
2022-08-11 03:50:00.083 : - Iteration: 56	[MsgId: MMSG-17999]
2022-08-11 03:50:00.083 :   Account: jojo17/bean17	[MsgId: MMSG-17999]
2022-08-11 03:50:07.056 :   Login completed	[MsgId: MMSG-17999]
2022-08-11 03:50:10.161 :   Logout completed	[MsgId: MMSG-17999]
2022-08-11 03:52:06.091 : - Iteration: 57	[MsgId: MMSG-17999]
2022-08-11 03:52:06.091 :   Account: jojo17/bean17	[MsgId: MMSG-17999]
2022-08-11 03:52:12.479 :   Login completed	[MsgId: MMSG-17999]
2022-08-11 03:52:15.667 :   Logout completed	[MsgId: MMSG-17999]
2022-08-11 03:54:12.099 : - Iteration: 58	[MsgId: MMSG-17999]
2022-08-11 03:54:12.099 :   Account: jojo17/bean17	[MsgId: MMSG-17999]
2022-08-11 03:54:23.428 :   Login completed	[MsgId: MMSG-17999]
2022-08-11 03:54:30.347 :   Logout completed	[MsgId: MMSG-17999]
2022-08-11 03:56:18.111 : - Iteration: 59	[MsgId: MMSG-17999]
2022-08-11 03:56:18.111 :   Account: jojo17/bean17	[MsgId: MMSG-17999]
2022-08-11 03:56:28.102 :   Login completed	[MsgId: MMSG-17999]
2022-08-11 03:56:34.347 :   Logout completed	[MsgId: MMSG-17999]
2022-08-11 03:58:24.126 : - Iteration: 60	[MsgId: MMSG-17999]
2022-08-11 03:58:24.126 :   Account: jojo17/bean17	[MsgId: MMSG-17999]
2022-08-11 03:58:35.584 :   Login completed	[MsgId: MMSG-17999]
2022-08-11 03:58:38.756 :   Logout completed	[MsgId: MMSG-17999]
2022-08-11 04:00:30.136 : - Iteration: 61	[MsgId: MMSG-17999]
2022-08-11 04:00:30.136 :   Account: jojo17/bean17	[MsgId: MMSG-17999]
2022-08-11 04:00:41.842 :   Login completed	[MsgId: MMSG-17999]
2022-08-11 04:00:47.292 :   Logout completed	[MsgId: MMSG-17999]
2022-08-11 04:02:36.141 : - Iteration: 62	[MsgId: MMSG-17999]
2022-08-11 04:02:36.141 :   Account: jojo17/bean17	[MsgId: MMSG-17999]
2022-08-11 04:02:44.219 :   Login completed	[MsgId: MMSG-17999]
2022-08-11 04:02:50.032 :   Logout completed	[MsgId: MMSG-17999]
2022-08-11 04:04:42.149 : - Iteration: 63	[MsgId: MMSG-17999]
2022-08-11 04:04:42.149 :   Account: jojo17/bean17	[MsgId: MMSG-17999]
2022-08-11 04:04:53.497 :   Login completed	[MsgId: MMSG-17999]
2022-08-11 04:04:58.593 :   Logout completed	[MsgId: MMSG-17999]
2022-08-11 04:06:48.159 : - Iteration: 64	[MsgId: MMSG-17999]
2022-08-11 04:06:48.160 :   Account: jojo17/bean17	[MsgId: MMSG-17999]
2022-08-11 04:07:02.889 :   Login completed	[MsgId: MMSG-17999]
2022-08-11 04:07:07.276 :   Logout completed	[MsgId: MMSG-17999]
2022-08-11 04:08:54.171 : - Iteration: 65	[MsgId: MMSG-17999]
2022-08-11 04:08:54.171 :   Account: jojo17/bean17	[MsgId: MMSG-17999]
2022-08-11 04:09:06.229 :   Login completed	[MsgId: MMSG-17999]
2022-08-11 04:09:09.665 :   Logout completed	[MsgId: MMSG-17999]
2022-08-11 04:11:00.177 : - Iteration: 66	[MsgId: MMSG-17999]
2022-08-11 04:11:00.177 :   Account: jojo17/bean17	[MsgId: MMSG-17999]
2022-08-11 04:11:14.345 :   Login completed	[MsgId: MMSG-17999]
2022-08-11 04:11:17.385 :   Logout completed	[MsgId: MMSG-17999]
2022-08-11 04:13:06.177 : - Iteration: 67	[MsgId: MMSG-17999]
2022-08-11 04:13:06.177 :   Account: jojo17/bean17	[MsgId: MMSG-17999]
2022-08-11 04:13:16.360 :   Login completed	[MsgId: MMSG-17999]
2022-08-11 04:13:21.038 :   Logout completed	[MsgId: MMSG-17999]
2022-08-11 04:15:12.180 : - Iteration: 68	[MsgId: MMSG-17999]
2022-08-11 04:15:12.180 :   Account: jojo17/bean17	[MsgId: MMSG-17999]
2022-08-11 04:15:19.212 :   Login completed	[MsgId: MMSG-17999]
2022-08-11 04:15:23.178 :   Logout completed	[MsgId: MMSG-17999]
2022-08-11 04:17:18.184 : - Iteration: 69	[MsgId: MMSG-17999]
2022-08-11 04:17:18.184 :   Account: jojo17/bean17	[MsgId: MMSG-17999]
2022-08-11 04:17:29.023 :   Login completed	[MsgId: MMSG-17999]
2022-08-11 04:17:35.116 :   Logout completed	[MsgId: MMSG-17999]
2022-08-11 04:19:24.191 : - Iteration: 70	[MsgId: MMSG-17999]
2022-08-11 04:19:24.191 :   Account: jojo17/bean17	[MsgId: MMSG-17999]
2022-08-11 04:19:37.814 :   Login completed	[MsgId: MMSG-17999]
2022-08-11 04:19:42.882 :   Logout completed	[MsgId: MMSG-17999]
2022-08-11 04:21:30.196 : - Iteration: 71	[MsgId: MMSG-17999]
2022-08-11 04:21:30.196 :   Account: jojo17/bean17	[MsgId: MMSG-17999]
2022-08-11 04:21:37.787 :   Login completed	[MsgId: MMSG-17999]
2022-08-11 04:21:42.192 :   Logout completed	[MsgId: MMSG-17999]
2022-08-11 04:23:36.202 : - Iteration: 72	[MsgId: MMSG-17999]
2022-08-11 04:23:36.202 :   Account: jojo17/bean17	[MsgId: MMSG-17999]
2022-08-11 04:23:46.696 :   Login completed	[MsgId: MMSG-17999]
2022-08-11 04:23:52.027 :   Logout completed	[MsgId: MMSG-17999]
2022-08-11 04:25:42.207 : - Iteration: 73	[MsgId: MMSG-17999]
2022-08-11 04:25:42.207 :   Account: jojo17/bean17	[MsgId: MMSG-17999]
2022-08-11 04:25:54.585 :   Login completed	[MsgId: MMSG-17999]
2022-08-11 04:25:57.688 :   Logout completed	[MsgId: MMSG-17999]
2022-08-11 04:27:48.211 : - Iteration: 74	[MsgId: MMSG-17999]
2022-08-11 04:27:48.211 :   Account: jojo17/bean17	[MsgId: MMSG-17999]
2022-08-11 04:28:00.837 :   Login completed	[MsgId: MMSG-17999]
2022-08-11 04:28:04.080 :   Logout completed	[MsgId: MMSG-17999]
2022-08-11 04:29:54.219 : - Iteration: 75	[MsgId: MMSG-17999]
2022-08-11 04:29:54.219 :   Account: jojo17/bean17	[MsgId: MMSG-17999]
2022-08-11 04:30:05.383 :   Login completed	[MsgId: MMSG-17999]
2022-08-11 04:30:11.637 :   Logout completed	[MsgId: MMSG-17999]
2022-08-11 04:32:00.223 : - Iteration: 76	[MsgId: MMSG-17999]
2022-08-11 04:32:00.223 :   Account: jojo17/bean17	[MsgId: MMSG-17999]
2022-08-11 04:32:13.016 :   Login completed	[MsgId: MMSG-17999]
2022-08-11 04:32:18.623 :   Logout completed	[MsgId: MMSG-17999]
2022-08-11 04:34:06.238 : - Iteration: 77	[MsgId: MMSG-17999]
2022-08-11 04:34:06.238 :   Account: jojo17/bean17	[MsgId: MMSG-17999]
2022-08-11 04:34:21.124 :   Login completed	[MsgId: MMSG-17999]
2022-08-11 04:34:24.255 :   Logout completed	[MsgId: MMSG-17999]
2022-08-11 04:36:12.253 : - Iteration: 78	[MsgId: MMSG-17999]
2022-08-11 04:36:12.253 :   Account: jojo17/bean17	[MsgId: MMSG-17999]
2022-08-11 04:36:25.117 :   Login completed	[MsgId: MMSG-17999]
2022-08-11 04:36:32.565 :   Logout completed	[MsgId: MMSG-17999]
2022-08-11 04:38:18.256 : - Iteration: 79	[MsgId: MMSG-17999]
2022-08-11 04:38:18.256 :   Account: jojo17/bean17	[MsgId: MMSG-17999]
2022-08-11 04:38:23.923 :   Login completed	[MsgId: MMSG-17999]
2022-08-11 04:38:30.005 :   Logout completed	[MsgId: MMSG-17999]
2022-08-11 04:40:24.264 : - Iteration: 80	[MsgId: MMSG-17999]
2022-08-11 04:40:24.264 :   Account: jojo17/bean17	[MsgId: MMSG-17999]
2022-08-11 04:40:31.516 :   Login completed	[MsgId: MMSG-17999]
2022-08-11 04:40:38.765 :   Logout completed	[MsgId: MMSG-17999]
2022-08-11 04:42:30.274 : - Iteration: 81	[MsgId: MMSG-17999]
2022-08-11 04:42:30.274 :   Account: jojo17/bean17	[MsgId: MMSG-17999]
2022-08-11 04:42:40.566 :   Login completed	[MsgId: MMSG-17999]
2022-08-11 04:42:47.903 :   Logout completed	[MsgId: MMSG-17999]
2022-08-11 04:44:36.288 : - Iteration: 82	[MsgId: MMSG-17999]
2022-08-11 04:44:36.288 :   Account: jojo17/bean17	[MsgId: MMSG-17999]
2022-08-11 04:44:50.526 :   Login completed	[MsgId: MMSG-17999]
2022-08-11 04:44:56.827 :   Logout completed	[MsgId: MMSG-17999]
2022-08-11 04:46:42.296 : - Iteration: 83	[MsgId: MMSG-17999]
2022-08-11 04:46:42.296 :   Account: jojo17/bean17	[MsgId: MMSG-17999]
2022-08-11 04:46:50.812 :   Login completed	[MsgId: MMSG-17999]
2022-08-11 04:46:56.267 :   Logout completed	[MsgId: MMSG-17999]
2022-08-11 04:48:48.297 : - Iteration: 84	[MsgId: MMSG-17999]
2022-08-11 04:48:48.297 :   Account: jojo17/bean17	[MsgId: MMSG-17999]
2022-08-11 04:49:03.134 :   Login completed	[MsgId: MMSG-17999]
2022-08-11 04:49:07.583 :   Logout completed	[MsgId: MMSG-17999]
2022-08-11 04:50:54.299 : - Iteration: 85	[MsgId: MMSG-17999]
2022-08-11 04:50:54.300 :   Account: jojo17/bean17	[MsgId: MMSG-17999]
2022-08-11 04:51:00.847 :   Login completed	[MsgId: MMSG-17999]
2022-08-11 04:51:04.824 :   Logout completed	[MsgId: MMSG-17999]
2022-08-11 04:53:00.305 : - Iteration: 86	[MsgId: MMSG-17999]
2022-08-11 04:53:00.305 :   Account: jojo17/bean17	[MsgId: MMSG-17999]
2022-08-11 04:53:09.004 :   Login completed	[MsgId: MMSG-17999]
2022-08-11 04:53:11.766 :   Logout completed	[MsgId: MMSG-17999]
2022-08-11 04:55:06.309 : - Iteration: 87	[MsgId: MMSG-17999]
2022-08-11 04:55:06.309 :   Account: jojo17/bean17	[MsgId: MMSG-17999]
2022-08-11 04:55:20.583 :   Login completed	[MsgId: MMSG-17999]
2022-08-11 04:55:26.299 :   Logout completed	[MsgId: MMSG-17999]
2022-08-11 04:57:12.309 : - Iteration: 88	[MsgId: MMSG-17999]
2022-08-11 04:57:12.309 :   Account: jojo17/bean17	[MsgId: MMSG-17999]
2022-08-11 04:57:24.289 :   Login completed	[MsgId: MMSG-17999]
2022-08-11 04:57:29.566 :   Logout completed	[MsgId: MMSG-17999]
2022-08-11 04:59:18.324 : - Iteration: 89	[MsgId: MMSG-17999]
2022-08-11 04:59:18.324 :   Account: jojo17/bean17	[MsgId: MMSG-17999]
2022-08-11 04:59:28.252 :   Login completed	[MsgId: MMSG-17999]
2022-08-11 04:59:33.217 :   Logout completed	[MsgId: MMSG-17999]
2022-08-11 05:01:24.330 : - Iteration: 90	[MsgId: MMSG-17999]
2022-08-11 05:01:24.331 :   Account: jojo17/bean17	[MsgId: MMSG-17999]
2022-08-11 05:01:37.963 :   Login completed	[MsgId: MMSG-17999]
2022-08-11 05:01:44.154 :   Logout completed	[MsgId: MMSG-17999]
2022-08-11 05:03:30.344 : - Iteration: 91	[MsgId: MMSG-17999]
2022-08-11 05:03:30.344 :   Account: jojo17/bean17	[MsgId: MMSG-17999]
2022-08-11 05:03:39.993 :   Login completed	[MsgId: MMSG-17999]
2022-08-11 05:03:43.594 :   Logout completed	[MsgId: MMSG-17999]
2022-08-11 05:05:36.358 : - Iteration: 92	[MsgId: MMSG-17999]
2022-08-11 05:05:36.359 :   Account: jojo17/bean17	[MsgId: MMSG-17999]
2022-08-11 05:05:46.213 :   Login completed	[MsgId: MMSG-17999]
2022-08-11 05:05:49.138 :   Logout completed	[MsgId: MMSG-17999]
