2022-08-11 03:57:48.799 : URL = localhost:1080	[MsgId: MMSG-17999]
2022-08-11 03:57:48.833 : - Iteration: 1	[MsgId: MMSG-17999]
2022-08-11 03:57:48.833 :   Account: jojo30/bean30	[MsgId: MMSG-17999]
2022-08-11 03:57:57.397 :   Login completed	[MsgId: MMSG-17999]
2022-08-11 03:58:00.947 :   Logout completed	[MsgId: MMSG-17999]
2022-08-11 03:59:54.835 : - Iteration: 2	[MsgId: MMSG-17999]
2022-08-11 03:59:54.835 :   Account: jojo30/bean30	[MsgId: MMSG-17999]
2022-08-11 04:00:00.781 :   Login completed	[MsgId: MMSG-17999]
2022-08-11 04:00:06.733 :   Logout completed	[MsgId: MMSG-17999]
2022-08-11 04:02:00.836 : - Iteration: 3	[MsgId: MMSG-17999]
2022-08-11 04:02:00.836 :   Account: jojo30/bean30	[MsgId: MMSG-17999]
2022-08-11 04:02:15.571 :   Login completed	[MsgId: MMSG-17999]
2022-08-11 04:02:22.846 :   Logout completed	[MsgId: MMSG-17999]
2022-08-11 04:04:06.851 : - Iteration: 4	[MsgId: MMSG-17999]
2022-08-11 04:04:06.851 :   Account: jojo30/bean30	[MsgId: MMSG-17999]
2022-08-11 04:04:21.969 :   Login completed	[MsgId: MMSG-17999]
2022-08-11 04:04:27.661 :   Logout completed	[MsgId: MMSG-17999]
2022-08-11 04:06:12.853 : - Iteration: 5	[MsgId: MMSG-17999]
2022-08-11 04:06:12.853 :   Account: jojo30/bean30	[MsgId: MMSG-17999]
2022-08-11 04:06:25.323 :   Login completed	[MsgId: MMSG-17999]
2022-08-11 04:06:31.044 :   Logout completed	[MsgId: MMSG-17999]
2022-08-11 04:08:18.861 : - Iteration: 6	[MsgId: MMSG-17999]
2022-08-11 04:08:18.861 :   Account: jojo30/bean30	[MsgId: MMSG-17999]
2022-08-11 04:08:30.569 :   Login completed	[MsgId: MMSG-17999]
2022-08-11 04:08:34.030 :   Logout completed	[MsgId: MMSG-17999]
2022-08-11 04:10:24.868 : - Iteration: 7	[MsgId: MMSG-17999]
2022-08-11 04:10:24.869 :   Account: jojo30/bean30	[MsgId: MMSG-17999]
2022-08-11 04:10:36.942 :   Login completed	[MsgId: MMSG-17999]
2022-08-11 04:10:40.683 :   Logout completed	[MsgId: MMSG-17999]
2022-08-11 04:12:30.881 : - Iteration: 8	[MsgId: MMSG-17999]
2022-08-11 04:12:30.882 :   Account: jojo30/bean30	[MsgId: MMSG-17999]
2022-08-11 04:12:39.577 :   Login completed	[MsgId: MMSG-17999]
2022-08-11 04:12:44.084 :   Logout completed	[MsgId: MMSG-17999]
2022-08-11 04:14:36.888 : - Iteration: 9	[MsgId: MMSG-17999]
2022-08-11 04:14:36.888 :   Account: jojo30/bean30	[MsgId: MMSG-17999]
2022-08-11 04:14:47.397 :   Login completed	[MsgId: MMSG-17999]
2022-08-11 04:14:54.576 :   Logout completed	[MsgId: MMSG-17999]
2022-08-11 04:16:42.891 : - Iteration: 10	[MsgId: MMSG-17999]
2022-08-11 04:16:42.892 :   Account: jojo30/bean30	[MsgId: MMSG-17999]
2022-08-11 04:16:48.864 :   Login completed	[MsgId: MMSG-17999]
2022-08-11 04:16:54.572 :   Logout completed	[MsgId: MMSG-17999]
2022-08-11 04:18:48.902 : - Iteration: 11	[MsgId: MMSG-17999]
2022-08-11 04:18:48.902 :   Account: jojo30/bean30	[MsgId: MMSG-17999]
2022-08-11 04:18:54.927 :   Login completed	[MsgId: MMSG-17999]
2022-08-11 04:19:01.474 :   Logout completed	[MsgId: MMSG-17999]
2022-08-11 04:20:54.909 : - Iteration: 12	[MsgId: MMSG-17999]
2022-08-11 04:20:54.909 :   Account: jojo30/bean30	[MsgId: MMSG-17999]
2022-08-11 04:21:04.815 :   Login completed	[MsgId: MMSG-17999]
2022-08-11 04:21:09.944 :   Logout completed	[MsgId: MMSG-17999]
2022-08-11 04:23:00.909 : - Iteration: 13	[MsgId: MMSG-17999]
2022-08-11 04:23:00.909 :   Account: jojo30/bean30	[MsgId: MMSG-17999]
2022-08-11 04:23:08.086 :   Login completed	[MsgId: MMSG-17999]
2022-08-11 04:23:14.986 :   Logout completed	[MsgId: MMSG-17999]
2022-08-11 04:25:06.919 : - Iteration: 14	[MsgId: MMSG-17999]
2022-08-11 04:25:06.919 :   Account: jojo30/bean30	[MsgId: MMSG-17999]
2022-08-11 04:25:19.976 :   Login completed	[MsgId: MMSG-17999]
2022-08-11 04:25:26.990 :   Logout completed	[MsgId: MMSG-17999]
2022-08-11 04:27:12.927 : - Iteration: 15	[MsgId: MMSG-17999]
2022-08-11 04:27:12.928 :   Account: jojo30/bean30	[MsgId: MMSG-17999]
2022-08-11 04:27:22.307 :   Login completed	[MsgId: MMSG-17999]
2022-08-11 04:27:26.112 :   Logout completed	[MsgId: MMSG-17999]
2022-08-11 04:29:18.940 : - Iteration: 16	[MsgId: MMSG-17999]
2022-08-11 04:29:18.941 :   Account: jojo30/bean30	[MsgId: MMSG-17999]
2022-08-11 04:29:30.697 :   Login completed	[MsgId: MMSG-17999]
2022-08-11 04:29:35.493 :   Logout completed	[MsgId: MMSG-17999]
2022-08-11 04:31:24.945 : - Iteration: 17	[MsgId: MMSG-17999]
2022-08-11 04:31:24.946 :   Account: jojo30/bean30	[MsgId: MMSG-17999]
2022-08-11 04:31:38.218 :   Login completed	[MsgId: MMSG-17999]
2022-08-11 04:31:42.458 :   Logout completed	[MsgId: MMSG-17999]
2022-08-11 04:33:30.952 : - Iteration: 18	[MsgId: MMSG-17999]
2022-08-11 04:33:30.952 :   Account: jojo30/bean30	[MsgId: MMSG-17999]
2022-08-11 04:33:41.979 :   Login completed	[MsgId: MMSG-17999]
2022-08-11 04:33:45.090 :   Logout completed	[MsgId: MMSG-17999]
2022-08-11 04:35:36.967 : - Iteration: 19	[MsgId: MMSG-17999]
2022-08-11 04:35:36.967 :   Account: jojo30/bean30	[MsgId: MMSG-17999]
2022-08-11 04:35:42.752 :   Login completed	[MsgId: MMSG-17999]
2022-08-11 04:35:49.606 :   Logout completed	[MsgId: MMSG-17999]
2022-08-11 04:37:42.967 : - Iteration: 20	[MsgId: MMSG-17999]
2022-08-11 04:37:42.968 :   Account: jojo30/bean30	[MsgId: MMSG-17999]
2022-08-11 04:37:52.581 :   Login completed	[MsgId: MMSG-17999]
2022-08-11 04:37:56.424 :   Logout completed	[MsgId: MMSG-17999]
2022-08-11 04:39:48.981 : - Iteration: 21	[MsgId: MMSG-17999]
2022-08-11 04:39:48.981 :   Account: jojo30/bean30	[MsgId: MMSG-17999]
2022-08-11 04:40:00.004 :   Login completed	[MsgId: MMSG-17999]
2022-08-11 04:40:05.096 :   Logout completed	[MsgId: MMSG-17999]
2022-08-11 04:41:54.992 : - Iteration: 22	[MsgId: MMSG-17999]
2022-08-11 04:41:54.992 :   Account: jojo30/bean30	[MsgId: MMSG-17999]
2022-08-11 04:42:03.666 :   Login completed	[MsgId: MMSG-17999]
2022-08-11 04:42:09.731 :   Logout completed	[MsgId: MMSG-17999]
2022-08-11 04:44:01.005 : - Iteration: 23	[MsgId: MMSG-17999]
2022-08-11 04:44:01.005 :   Account: jojo30/bean30	[MsgId: MMSG-17999]
2022-08-11 04:44:15.945 :   Login completed	[MsgId: MMSG-17999]
2022-08-11 04:44:19.369 :   Logout completed	[MsgId: MMSG-17999]
2022-08-11 04:46:07.021 : - Iteration: 24	[MsgId: MMSG-17999]
2022-08-11 04:46:07.021 :   Account: jojo30/bean30	[MsgId: MMSG-17999]
2022-08-11 04:46:12.629 :   Login completed	[MsgId: MMSG-17999]
2022-08-11 04:46:19.805 :   Logout completed	[MsgId: MMSG-17999]
2022-08-11 04:48:13.041 : - Iteration: 25	[MsgId: MMSG-17999]
2022-08-11 04:48:13.041 :   Account: jojo30/bean30	[MsgId: MMSG-17999]
2022-08-11 04:48:26.290 :   Login completed	[MsgId: MMSG-17999]
2022-08-11 04:48:29.115 :   Logout completed	[MsgId: MMSG-17999]
2022-08-11 04:50:19.041 : - Iteration: 26	[MsgId: MMSG-17999]
2022-08-11 04:50:19.041 :   Account: jojo30/bean30	[MsgId: MMSG-17999]
2022-08-11 04:50:31.201 :   Login completed	[MsgId: MMSG-17999]
2022-08-11 04:50:38.506 :   Logout completed	[MsgId: MMSG-17999]
2022-08-11 04:52:25.055 : - Iteration: 27	[MsgId: MMSG-17999]
2022-08-11 04:52:25.055 :   Account: jojo30/bean30	[MsgId: MMSG-17999]
2022-08-11 04:52:31.393 :   Login completed	[MsgId: MMSG-17999]
2022-08-11 04:52:38.721 :   Logout completed	[MsgId: MMSG-17999]
2022-08-11 04:54:31.070 : - Iteration: 28	[MsgId: MMSG-17999]
2022-08-11 04:54:31.070 :   Account: jojo30/bean30	[MsgId: MMSG-17999]
2022-08-11 04:54:37.138 :   Login completed	[MsgId: MMSG-17999]
2022-08-11 04:54:41.533 :   Logout completed	[MsgId: MMSG-17999]
2022-08-11 04:56:37.084 : - Iteration: 29	[MsgId: MMSG-17999]
2022-08-11 04:56:37.084 :   Account: jojo30/bean30	[MsgId: MMSG-17999]
2022-08-11 04:56:47.946 :   Login completed	[MsgId: MMSG-17999]
2022-08-11 04:56:53.665 :   Logout completed	[MsgId: MMSG-17999]
2022-08-11 04:58:43.087 : - Iteration: 30	[MsgId: MMSG-17999]
2022-08-11 04:58:43.088 :   Account: jojo30/bean30	[MsgId: MMSG-17999]
2022-08-11 04:58:53.990 :   Login completed	[MsgId: MMSG-17999]
2022-08-11 04:58:59.994 :   Logout completed	[MsgId: MMSG-17999]
2022-08-11 05:00:49.096 : - Iteration: 31	[MsgId: MMSG-17999]
2022-08-11 05:00:49.097 :   Account: jojo30/bean30	[MsgId: MMSG-17999]
2022-08-11 05:01:03.021 :   Login completed	[MsgId: MMSG-17999]
2022-08-11 05:01:06.096 :   Logout completed	[MsgId: MMSG-17999]
2022-08-11 05:02:55.104 : - Iteration: 32	[MsgId: MMSG-17999]
2022-08-11 05:02:55.105 :   Account: jojo30/bean30	[MsgId: MMSG-17999]
2022-08-11 05:03:00.923 :   Login completed	[MsgId: MMSG-17999]
2022-08-11 05:03:05.755 :   Logout completed	[MsgId: MMSG-17999]
2022-08-11 05:05:01.119 : - Iteration: 33	[MsgId: MMSG-17999]
2022-08-11 05:05:01.119 :   Account: jojo30/bean30	[MsgId: MMSG-17999]
2022-08-11 05:05:06.860 :   Login completed	[MsgId: MMSG-17999]
2022-08-11 05:05:14.619 :   Logout completed	[MsgId: MMSG-17999]
2022-08-11 05:07:07.128 : - Iteration: 34	[MsgId: MMSG-17999]
2022-08-11 05:07:07.129 :   Account: jojo30/bean30	[MsgId: MMSG-17999]
2022-08-11 05:07:18.491 :   Login completed	[MsgId: MMSG-17999]
2022-08-11 05:07:25.976 :   Logout completed	[MsgId: MMSG-17999]
2022-08-11 05:09:13.138 : - Iteration: 35	[MsgId: MMSG-17999]
2022-08-11 05:09:13.139 :   Account: jojo30/bean30	[MsgId: MMSG-17999]
2022-08-11 05:09:26.924 :   Login completed	[MsgId: MMSG-17999]
2022-08-11 05:09:33.272 :   Logout completed	[MsgId: MMSG-17999]
