2022-08-11 00:51:46.782 : URL = localhost:1080	[MsgId: MMSG-17999]
2022-08-11 00:51:46.809 : - Iteration: 1	[MsgId: MMSG-17999]
2022-08-11 00:51:46.810 :   Account: jojo38/bean38	[MsgId: MMSG-17999]
2022-08-11 00:52:00.853 :   Login completed	[MsgId: MMSG-17999]
2022-08-11 00:52:24.107 :   Logout completed	[MsgId: MMSG-17999]
2022-08-11 00:54:26.821 : - Iteration: 2	[MsgId: MMSG-17999]
2022-08-11 00:54:26.822 :   Account: jojo38/bean38	[MsgId: MMSG-17999]
2022-08-11 00:54:38.310 :   Login completed	[MsgId: MMSG-17999]
2022-08-11 00:55:08.278 :   Logout completed	[MsgId: MMSG-17999]
2022-08-11 00:57:06.823 : - Iteration: 3	[MsgId: MMSG-17999]
2022-08-11 00:57:06.824 :   Account: jojo38/bean38	[MsgId: MMSG-17999]
2022-08-11 00:57:17.671 :   Login completed	[MsgId: MMSG-17999]
2022-08-11 00:57:48.164 :   Logout completed	[MsgId: MMSG-17999]
2022-08-11 00:59:46.827 : - Iteration: 4	[MsgId: MMSG-17999]
2022-08-11 00:59:46.828 :   Account: jojo38/bean38	[MsgId: MMSG-17999]
2022-08-11 00:59:58.195 :   Login completed	[MsgId: MMSG-17999]
2022-08-11 01:00:36.218 :   Logout completed	[MsgId: MMSG-17999]
2022-08-11 01:02:26.841 : - Iteration: 5	[MsgId: MMSG-17999]
2022-08-11 01:02:26.842 :   Account: jojo38/bean38	[MsgId: MMSG-17999]
2022-08-11 01:02:40.145 :   Login completed	[MsgId: MMSG-17999]
2022-08-11 01:03:21.811 :   Logout completed	[MsgId: MMSG-17999]
2022-08-11 01:05:06.848 : - Iteration: 6	[MsgId: MMSG-17999]
2022-08-11 01:05:06.849 :   Account: jojo38/bean38	[MsgId: MMSG-17999]
2022-08-11 01:05:15.888 :   Login completed	[MsgId: MMSG-17999]
2022-08-11 01:05:44.612 :   Logout completed	[MsgId: MMSG-17999]
2022-08-11 01:07:46.854 : - Iteration: 7	[MsgId: MMSG-17999]
2022-08-11 01:07:46.855 :   Account: jojo38/bean38	[MsgId: MMSG-17999]
2022-08-11 01:07:56.259 :   Login completed	[MsgId: MMSG-17999]
2022-08-11 01:08:33.808 :   Logout completed	[MsgId: MMSG-17999]
2022-08-11 01:10:26.861 : - Iteration: 8	[MsgId: MMSG-17999]
2022-08-11 01:10:26.862 :   Account: jojo38/bean38	[MsgId: MMSG-17999]
2022-08-11 01:10:34.963 :   Login completed	[MsgId: MMSG-17999]
2022-08-11 01:11:02.891 :   Logout completed	[MsgId: MMSG-17999]
2022-08-11 01:13:06.873 : - Iteration: 9	[MsgId: MMSG-17999]
2022-08-11 01:13:06.874 :   Account: jojo38/bean38	[MsgId: MMSG-17999]
2022-08-11 01:13:15.179 :   Login completed	[MsgId: MMSG-17999]
2022-08-11 01:13:54.066 :   Logout completed	[MsgId: MMSG-17999]
2022-08-11 01:15:46.885 : - Iteration: 10	[MsgId: MMSG-17999]
2022-08-11 01:15:46.885 :   Account: jojo38/bean38	[MsgId: MMSG-17999]
2022-08-11 01:15:58.988 :   Login completed	[MsgId: MMSG-17999]
2022-08-11 01:16:35.908 :   Logout completed	[MsgId: MMSG-17999]
2022-08-11 01:18:26.888 : - Iteration: 11	[MsgId: MMSG-17999]
2022-08-11 01:18:26.888 :   Account: jojo38/bean38	[MsgId: MMSG-17999]
2022-08-11 01:18:33.046 :   Login completed	[MsgId: MMSG-17999]
2022-08-11 01:19:02.530 :   Logout completed	[MsgId: MMSG-17999]
2022-08-11 01:21:06.903 : - Iteration: 12	[MsgId: MMSG-17999]
2022-08-11 01:21:06.904 :   Account: jojo38/bean38	[MsgId: MMSG-17999]
2022-08-11 01:21:17.332 :   Login completed	[MsgId: MMSG-17999]
2022-08-11 01:21:58.453 :   Logout completed	[MsgId: MMSG-17999]
2022-08-11 01:23:46.906 : - Iteration: 13	[MsgId: MMSG-17999]
2022-08-11 01:23:46.906 :   Account: jojo38/bean38	[MsgId: MMSG-17999]
2022-08-11 01:23:58.262 :   Login completed	[MsgId: MMSG-17999]
2022-08-11 01:24:34.549 :   Logout completed	[MsgId: MMSG-17999]
2022-08-11 01:26:26.912 : - Iteration: 14	[MsgId: MMSG-17999]
2022-08-11 01:26:26.912 :   Account: jojo38/bean38	[MsgId: MMSG-17999]
2022-08-11 01:26:36.349 :   Login completed	[MsgId: MMSG-17999]
2022-08-11 01:27:08.386 :   Logout completed	[MsgId: MMSG-17999]
2022-08-11 01:29:06.920 : - Iteration: 15	[MsgId: MMSG-17999]
2022-08-11 01:29:06.920 :   Account: jojo38/bean38	[MsgId: MMSG-17999]
2022-08-11 01:29:12.573 :   Login completed	[MsgId: MMSG-17999]
2022-08-11 01:29:50.008 :   Logout completed	[MsgId: MMSG-17999]
2022-08-11 01:31:46.922 : - Iteration: 16	[MsgId: MMSG-17999]
2022-08-11 01:31:46.923 :   Account: jojo38/bean38	[MsgId: MMSG-17999]
2022-08-11 01:31:52.878 :   Login completed	[MsgId: MMSG-17999]
2022-08-11 01:32:22.931 :   Logout completed	[MsgId: MMSG-17999]
2022-08-11 01:34:26.929 : - Iteration: 17	[MsgId: MMSG-17999]
2022-08-11 01:34:26.930 :   Account: jojo38/bean38	[MsgId: MMSG-17999]
2022-08-11 01:34:40.099 :   Login completed	[MsgId: MMSG-17999]
2022-08-11 01:35:21.174 :   Logout completed	[MsgId: MMSG-17999]
2022-08-11 01:37:06.942 : - Iteration: 18	[MsgId: MMSG-17999]
2022-08-11 01:37:06.942 :   Account: jojo38/bean38	[MsgId: MMSG-17999]
2022-08-11 01:37:17.807 :   Login completed	[MsgId: MMSG-17999]
2022-08-11 01:37:49.400 :   Logout completed	[MsgId: MMSG-17999]
2022-08-11 01:39:46.956 : - Iteration: 19	[MsgId: MMSG-17999]
2022-08-11 01:39:46.956 :   Account: jojo38/bean38	[MsgId: MMSG-17999]
2022-08-11 01:39:58.012 :   Login completed	[MsgId: MMSG-17999]
2022-08-11 01:40:33.116 :   Logout completed	[MsgId: MMSG-17999]
2022-08-11 01:42:26.959 : - Iteration: 20	[MsgId: MMSG-17999]
2022-08-11 01:42:26.960 :   Account: jojo38/bean38	[MsgId: MMSG-17999]
2022-08-11 01:42:36.384 :   Login completed	[MsgId: MMSG-17999]
2022-08-11 01:43:08.111 :   Logout completed	[MsgId: MMSG-17999]
2022-08-11 01:45:06.960 : - Iteration: 21	[MsgId: MMSG-17999]
2022-08-11 01:45:06.961 :   Account: jojo38/bean38	[MsgId: MMSG-17999]
2022-08-11 01:45:14.801 :   Login completed	[MsgId: MMSG-17999]
2022-08-11 01:45:44.090 :   Logout completed	[MsgId: MMSG-17999]
2022-08-11 01:47:46.971 : - Iteration: 22	[MsgId: MMSG-17999]
2022-08-11 01:47:46.971 :   Account: jojo38/bean38	[MsgId: MMSG-17999]
2022-08-11 01:48:01.650 :   Login completed	[MsgId: MMSG-17999]
2022-08-11 01:48:36.897 :   Logout completed	[MsgId: MMSG-17999]
2022-08-11 01:50:26.983 : - Iteration: 23	[MsgId: MMSG-17999]
2022-08-11 01:50:26.983 :   Account: jojo38/bean38	[MsgId: MMSG-17999]
2022-08-11 01:50:36.565 :   Login completed	[MsgId: MMSG-17999]
2022-08-11 01:51:05.682 :   Logout completed	[MsgId: MMSG-17999]
2022-08-11 01:53:06.993 : - Iteration: 24	[MsgId: MMSG-17999]
2022-08-11 01:53:06.993 :   Account: jojo38/bean38	[MsgId: MMSG-17999]
2022-08-11 01:53:22.457 :   Login completed	[MsgId: MMSG-17999]
2022-08-11 01:53:52.712 :   Logout completed	[MsgId: MMSG-17999]
2022-08-11 01:55:46.996 : - Iteration: 25	[MsgId: MMSG-17999]
2022-08-11 01:55:46.996 :   Account: jojo38/bean38	[MsgId: MMSG-17999]
2022-08-11 01:56:00.834 :   Login completed	[MsgId: MMSG-17999]
2022-08-11 01:56:22.610 :   Logout completed	[MsgId: MMSG-17999]
2022-08-11 01:58:26.998 : - Iteration: 26	[MsgId: MMSG-17999]
2022-08-11 01:58:26.999 :   Account: jojo38/bean38	[MsgId: MMSG-17999]
2022-08-11 01:58:38.379 :   Login completed	[MsgId: MMSG-17999]
2022-08-11 01:59:17.450 :   Logout completed	[MsgId: MMSG-17999]
2022-08-11 02:01:06.998 : - Iteration: 27	[MsgId: MMSG-17999]
2022-08-11 02:01:06.998 :   Account: jojo38/bean38	[MsgId: MMSG-17999]
2022-08-11 02:01:17.098 :   Login completed	[MsgId: MMSG-17999]
2022-08-11 02:01:51.595 :   Logout completed	[MsgId: MMSG-17999]
2022-08-11 02:03:47.012 : - Iteration: 28	[MsgId: MMSG-17999]
2022-08-11 02:03:47.012 :   Account: jojo38/bean38	[MsgId: MMSG-17999]
2022-08-11 02:04:01.848 :   Login completed	[MsgId: MMSG-17999]
2022-08-11 02:04:31.313 :   Logout completed	[MsgId: MMSG-17999]
2022-08-11 02:06:27.026 : - Iteration: 29	[MsgId: MMSG-17999]
2022-08-11 02:06:27.026 :   Account: jojo38/bean38	[MsgId: MMSG-17999]
2022-08-11 02:06:38.077 :   Login completed	[MsgId: MMSG-17999]
2022-08-11 02:07:05.979 :   Logout completed	[MsgId: MMSG-17999]
2022-08-11 02:09:07.035 : - Iteration: 30	[MsgId: MMSG-17999]
2022-08-11 02:09:07.036 :   Account: jojo38/bean38	[MsgId: MMSG-17999]
2022-08-11 02:09:17.867 :   Login completed	[MsgId: MMSG-17999]
2022-08-11 02:09:53.002 :   Logout completed	[MsgId: MMSG-17999]
2022-08-11 02:11:47.043 : - Iteration: 31	[MsgId: MMSG-17999]
2022-08-11 02:11:47.043 :   Account: jojo38/bean38	[MsgId: MMSG-17999]
2022-08-11 02:11:56.757 :   Login completed	[MsgId: MMSG-17999]
2022-08-11 02:12:33.803 :   Logout completed	[MsgId: MMSG-17999]
2022-08-11 02:14:27.049 : - Iteration: 32	[MsgId: MMSG-17999]
2022-08-11 02:14:27.049 :   Account: jojo38/bean38	[MsgId: MMSG-17999]
2022-08-11 02:14:38.620 :   Login completed	[MsgId: MMSG-17999]
2022-08-11 02:15:15.353 :   Logout completed	[MsgId: MMSG-17999]
2022-08-11 02:17:07.056 : - Iteration: 33	[MsgId: MMSG-17999]
2022-08-11 02:17:07.057 :   Account: jojo38/bean38	[MsgId: MMSG-17999]
2022-08-11 02:17:21.192 :   Login completed	[MsgId: MMSG-17999]
2022-08-11 02:18:03.541 :   Logout completed	[MsgId: MMSG-17999]
2022-08-11 02:19:47.069 : - Iteration: 34	[MsgId: MMSG-17999]
2022-08-11 02:19:47.070 :   Account: jojo38/bean38	[MsgId: MMSG-17999]
2022-08-11 02:19:54.124 :   Login completed	[MsgId: MMSG-17999]
2022-08-11 02:20:28.039 :   Logout completed	[MsgId: MMSG-17999]
2022-08-11 02:22:27.085 : - Iteration: 35	[MsgId: MMSG-17999]
2022-08-11 02:22:27.085 :   Account: jojo38/bean38	[MsgId: MMSG-17999]
2022-08-11 02:22:38.247 :   Login completed	[MsgId: MMSG-17999]
2022-08-11 02:23:11.242 :   Logout completed	[MsgId: MMSG-17999]
2022-08-11 02:25:07.096 : - Iteration: 36	[MsgId: MMSG-17999]
2022-08-11 02:25:07.096 :   Account: jojo38/bean38	[MsgId: MMSG-17999]
2022-08-11 02:25:14.683 :   Login completed	[MsgId: MMSG-17999]
2022-08-11 02:25:49.547 :   Logout completed	[MsgId: MMSG-17999]
2022-08-11 02:27:47.096 : - Iteration: 37	[MsgId: MMSG-17999]
2022-08-11 02:27:47.096 :   Account: jojo38/bean38	[MsgId: MMSG-17999]
2022-08-11 02:27:59.554 :   Login completed	[MsgId: MMSG-17999]
2022-08-11 02:28:21.406 :   Logout completed	[MsgId: MMSG-17999]
2022-08-11 02:30:27.104 : - Iteration: 38	[MsgId: MMSG-17999]
2022-08-11 02:30:27.104 :   Account: jojo38/bean38	[MsgId: MMSG-17999]
2022-08-11 02:30:35.603 :   Login completed	[MsgId: MMSG-17999]
2022-08-11 02:31:01.994 :   Logout completed	[MsgId: MMSG-17999]
2022-08-11 02:33:07.107 : - Iteration: 39	[MsgId: MMSG-17999]
2022-08-11 02:33:07.108 :   Account: jojo38/bean38	[MsgId: MMSG-17999]
2022-08-11 02:33:15.178 :   Login completed	[MsgId: MMSG-17999]
2022-08-11 02:33:45.872 :   Logout completed	[MsgId: MMSG-17999]
2022-08-11 02:35:47.114 : - Iteration: 40	[MsgId: MMSG-17999]
2022-08-11 02:35:47.114 :   Account: jojo38/bean38	[MsgId: MMSG-17999]
2022-08-11 02:35:57.571 :   Login completed	[MsgId: MMSG-17999]
2022-08-11 02:36:36.889 :   Logout completed	[MsgId: MMSG-17999]
2022-08-11 02:38:27.118 : - Iteration: 41	[MsgId: MMSG-17999]
2022-08-11 02:38:27.119 :   Account: jojo38/bean38	[MsgId: MMSG-17999]
2022-08-11 02:38:32.980 :   Login completed	[MsgId: MMSG-17999]
2022-08-11 02:39:00.628 :   Logout completed	[MsgId: MMSG-17999]
2022-08-11 02:41:07.125 : - Iteration: 42	[MsgId: MMSG-17999]
2022-08-11 02:41:07.126 :   Account: jojo38/bean38	[MsgId: MMSG-17999]
2022-08-11 02:41:12.919 :   Login completed	[MsgId: MMSG-17999]
2022-08-11 02:41:49.720 :   Logout completed	[MsgId: MMSG-17999]
2022-08-11 02:43:47.130 : - Iteration: 43	[MsgId: MMSG-17999]
2022-08-11 02:43:47.130 :   Account: jojo38/bean38	[MsgId: MMSG-17999]
2022-08-11 02:44:02.398 :   Login completed	[MsgId: MMSG-17999]
2022-08-11 02:44:34.197 :   Logout completed	[MsgId: MMSG-17999]
2022-08-11 02:46:27.132 : - Iteration: 44	[MsgId: MMSG-17999]
2022-08-11 02:46:27.132 :   Account: jojo38/bean38	[MsgId: MMSG-17999]
2022-08-11 02:46:35.857 :   Login completed	[MsgId: MMSG-17999]
2022-08-11 02:47:04.398 :   Logout completed	[MsgId: MMSG-17999]
2022-08-11 02:49:07.135 : - Iteration: 45	[MsgId: MMSG-17999]
2022-08-11 02:49:07.135 :   Account: jojo38/bean38	[MsgId: MMSG-17999]
2022-08-11 02:49:14.166 :   Login completed	[MsgId: MMSG-17999]
2022-08-11 02:49:39.128 :   Logout completed	[MsgId: MMSG-17999]
2022-08-11 02:51:47.135 : - Iteration: 46	[MsgId: MMSG-17999]
2022-08-11 02:51:47.135 :   Account: jojo38/bean38	[MsgId: MMSG-17999]
2022-08-11 02:51:55.337 :   Login completed	[MsgId: MMSG-17999]
2022-08-11 02:52:23.846 :   Logout completed	[MsgId: MMSG-17999]
2022-08-11 02:54:27.150 : - Iteration: 47	[MsgId: MMSG-17999]
2022-08-11 02:54:27.150 :   Account: jojo38/bean38	[MsgId: MMSG-17999]
2022-08-11 02:54:39.312 :   Login completed	[MsgId: MMSG-17999]
2022-08-11 02:55:18.836 :   Logout completed	[MsgId: MMSG-17999]
2022-08-11 02:57:07.158 : - Iteration: 48	[MsgId: MMSG-17999]
2022-08-11 02:57:07.158 :   Account: jojo38/bean38	[MsgId: MMSG-17999]
2022-08-11 02:57:20.754 :   Login completed	[MsgId: MMSG-17999]
2022-08-11 02:57:51.398 :   Logout completed	[MsgId: MMSG-17999]
2022-08-11 02:59:47.160 : - Iteration: 49	[MsgId: MMSG-17999]
2022-08-11 02:59:47.160 :   Account: jojo38/bean38	[MsgId: MMSG-17999]
2022-08-11 03:00:00.051 :   Login completed	[MsgId: MMSG-17999]
2022-08-11 03:00:25.433 :   Logout completed	[MsgId: MMSG-17999]
2022-08-11 03:02:27.166 : - Iteration: 50	[MsgId: MMSG-17999]
2022-08-11 03:02:27.167 :   Account: jojo38/bean38	[MsgId: MMSG-17999]
2022-08-11 03:02:37.714 :   Login completed	[MsgId: MMSG-17999]
2022-08-11 03:03:07.848 :   Logout completed	[MsgId: MMSG-17999]
2022-08-11 03:05:07.177 : - Iteration: 51	[MsgId: MMSG-17999]
2022-08-11 03:05:07.177 :   Account: jojo38/bean38	[MsgId: MMSG-17999]
2022-08-11 03:05:16.626 :   Login completed	[MsgId: MMSG-17999]
2022-08-11 03:05:47.410 :   Logout completed	[MsgId: MMSG-17999]
2022-08-11 03:07:47.191 : - Iteration: 52	[MsgId: MMSG-17999]
2022-08-11 03:07:47.192 :   Account: jojo38/bean38	[MsgId: MMSG-17999]
2022-08-11 03:08:01.007 :   Login completed	[MsgId: MMSG-17999]
2022-08-11 03:08:33.621 :   Logout completed	[MsgId: MMSG-17999]
2022-08-11 03:10:27.191 : - Iteration: 53	[MsgId: MMSG-17999]
2022-08-11 03:10:27.192 :   Account: jojo38/bean38	[MsgId: MMSG-17999]
2022-08-11 03:10:32.971 :   Login completed	[MsgId: MMSG-17999]
2022-08-11 03:11:04.945 :   Logout completed	[MsgId: MMSG-17999]
2022-08-11 03:13:07.195 : - Iteration: 54	[MsgId: MMSG-17999]
2022-08-11 03:13:07.196 :   Account: jojo38/bean38	[MsgId: MMSG-17999]
2022-08-11 03:13:19.877 :   Login completed	[MsgId: MMSG-17999]
2022-08-11 03:13:52.872 :   Logout completed	[MsgId: MMSG-17999]
2022-08-11 03:15:47.209 : - Iteration: 55	[MsgId: MMSG-17999]
2022-08-11 03:15:47.210 :   Account: jojo38/bean38	[MsgId: MMSG-17999]
2022-08-11 03:15:56.074 :   Login completed	[MsgId: MMSG-17999]
2022-08-11 03:16:29.872 :   Logout completed	[MsgId: MMSG-17999]
2022-08-11 03:18:27.224 : - Iteration: 56	[MsgId: MMSG-17999]
2022-08-11 03:18:27.224 :   Account: jojo38/bean38	[MsgId: MMSG-17999]
2022-08-11 03:18:33.207 :   Login completed	[MsgId: MMSG-17999]
2022-08-11 03:19:02.535 :   Logout completed	[MsgId: MMSG-17999]
2022-08-11 03:21:07.239 : - Iteration: 57	[MsgId: MMSG-17999]
2022-08-11 03:21:07.240 :   Account: jojo38/bean38	[MsgId: MMSG-17999]
2022-08-11 03:21:19.282 :   Login completed	[MsgId: MMSG-17999]
2022-08-11 03:21:52.708 :   Logout completed	[MsgId: MMSG-17999]
2022-08-11 03:23:47.252 : - Iteration: 58	[MsgId: MMSG-17999]
2022-08-11 03:23:47.252 :   Account: jojo38/bean38	[MsgId: MMSG-17999]
2022-08-11 03:24:02.823 :   Login completed	[MsgId: MMSG-17999]
2022-08-11 03:24:25.537 :   Logout completed	[MsgId: MMSG-17999]
2022-08-11 03:26:27.257 : - Iteration: 59	[MsgId: MMSG-17999]
2022-08-11 03:26:27.257 :   Account: jojo38/bean38	[MsgId: MMSG-17999]
2022-08-11 03:26:34.652 :   Login completed	[MsgId: MMSG-17999]
2022-08-11 03:27:02.347 :   Logout completed	[MsgId: MMSG-17999]
2022-08-11 03:29:07.272 : - Iteration: 60	[MsgId: MMSG-17999]
2022-08-11 03:29:07.272 :   Account: jojo38/bean38	[MsgId: MMSG-17999]
2022-08-11 03:29:17.841 :   Login completed	[MsgId: MMSG-17999]
2022-08-11 03:29:47.446 :   Logout completed	[MsgId: MMSG-17999]
2022-08-11 03:31:47.284 : - Iteration: 61	[MsgId: MMSG-17999]
2022-08-11 03:31:47.284 :   Account: jojo38/bean38	[MsgId: MMSG-17999]
2022-08-11 03:31:59.709 :   Login completed	[MsgId: MMSG-17999]
2022-08-11 03:32:28.037 :   Logout completed	[MsgId: MMSG-17999]
2022-08-11 03:34:27.298 : - Iteration: 62	[MsgId: MMSG-17999]
2022-08-11 03:34:27.299 :   Account: jojo38/bean38	[MsgId: MMSG-17999]
2022-08-11 03:34:37.004 :   Login completed	[MsgId: MMSG-17999]
2022-08-11 03:35:05.685 :   Logout completed	[MsgId: MMSG-17999]
2022-08-11 03:37:07.312 : - Iteration: 63	[MsgId: MMSG-17999]
2022-08-11 03:37:07.312 :   Account: jojo38/bean38	[MsgId: MMSG-17999]
2022-08-11 03:37:22.169 :   Login completed	[MsgId: MMSG-17999]
2022-08-11 03:37:51.536 :   Logout completed	[MsgId: MMSG-17999]
2022-08-11 03:39:47.320 : - Iteration: 64	[MsgId: MMSG-17999]
2022-08-11 03:39:47.320 :   Account: jojo38/bean38	[MsgId: MMSG-17999]
2022-08-11 03:40:01.502 :   Login completed	[MsgId: MMSG-17999]
2022-08-11 03:40:29.045 :   Logout completed	[MsgId: MMSG-17999]
2022-08-11 03:42:27.321 : - Iteration: 65	[MsgId: MMSG-17999]
2022-08-11 03:42:27.321 :   Account: jojo38/bean38	[MsgId: MMSG-17999]
2022-08-11 03:42:36.697 :   Login completed	[MsgId: MMSG-17999]
2022-08-11 03:43:15.052 :   Logout completed	[MsgId: MMSG-17999]
2022-08-11 03:45:07.324 : - Iteration: 66	[MsgId: MMSG-17999]
2022-08-11 03:45:07.324 :   Account: jojo38/bean38	[MsgId: MMSG-17999]
2022-08-11 03:45:19.188 :   Login completed	[MsgId: MMSG-17999]
2022-08-11 03:45:46.421 :   Logout completed	[MsgId: MMSG-17999]
2022-08-11 03:47:47.340 : - Iteration: 67	[MsgId: MMSG-17999]
2022-08-11 03:47:47.340 :   Account: jojo38/bean38	[MsgId: MMSG-17999]
2022-08-11 03:47:58.427 :   Login completed	[MsgId: MMSG-17999]
2022-08-11 03:48:32.823 :   Logout completed	[MsgId: MMSG-17999]
2022-08-11 03:50:27.341 : - Iteration: 68	[MsgId: MMSG-17999]
2022-08-11 03:50:27.341 :   Account: jojo38/bean38	[MsgId: MMSG-17999]
2022-08-11 03:50:37.495 :   Login completed	[MsgId: MMSG-17999]
2022-08-11 03:51:06.273 :   Logout completed	[MsgId: MMSG-17999]
2022-08-11 03:53:07.356 : - Iteration: 69	[MsgId: MMSG-17999]
2022-08-11 03:53:07.357 :   Account: jojo38/bean38	[MsgId: MMSG-17999]
2022-08-11 03:53:13.182 :   Login completed	[MsgId: MMSG-17999]
2022-08-11 03:53:48.839 :   Logout completed	[MsgId: MMSG-17999]
2022-08-11 03:55:47.365 : - Iteration: 70	[MsgId: MMSG-17999]
2022-08-11 03:55:47.366 :   Account: jojo38/bean38	[MsgId: MMSG-17999]
2022-08-11 03:55:54.540 :   Login completed	[MsgId: MMSG-17999]
2022-08-11 03:56:31.380 :   Logout completed	[MsgId: MMSG-17999]
2022-08-11 03:58:27.370 : - Iteration: 71	[MsgId: MMSG-17999]
2022-08-11 03:58:27.371 :   Account: jojo38/bean38	[MsgId: MMSG-17999]
2022-08-11 03:58:40.155 :   Login completed	[MsgId: MMSG-17999]
2022-08-11 03:59:13.333 :   Logout completed	[MsgId: MMSG-17999]
2022-08-11 04:01:07.377 : - Iteration: 72	[MsgId: MMSG-17999]
2022-08-11 04:01:07.377 :   Account: jojo38/bean38	[MsgId: MMSG-17999]
2022-08-11 04:01:15.328 :   Login completed	[MsgId: MMSG-17999]
2022-08-11 04:01:42.574 :   Logout completed	[MsgId: MMSG-17999]
2022-08-11 04:03:47.390 : - Iteration: 73	[MsgId: MMSG-17999]
2022-08-11 04:03:47.390 :   Account: jojo38/bean38	[MsgId: MMSG-17999]
2022-08-11 04:03:59.503 :   Login completed	[MsgId: MMSG-17999]
2022-08-11 04:04:30.633 :   Logout completed	[MsgId: MMSG-17999]
2022-08-11 04:06:27.403 : - Iteration: 74	[MsgId: MMSG-17999]
2022-08-11 04:06:27.403 :   Account: jojo38/bean38	[MsgId: MMSG-17999]
2022-08-11 04:06:40.711 :   Login completed	[MsgId: MMSG-17999]
2022-08-11 04:07:12.682 :   Logout completed	[MsgId: MMSG-17999]
2022-08-11 04:09:07.410 : - Iteration: 75	[MsgId: MMSG-17999]
2022-08-11 04:09:07.411 :   Account: jojo38/bean38	[MsgId: MMSG-17999]
2022-08-11 04:09:17.279 :   Login completed	[MsgId: MMSG-17999]
2022-08-11 04:09:46.210 :   Logout completed	[MsgId: MMSG-17999]
2022-08-11 04:11:47.424 : - Iteration: 76	[MsgId: MMSG-17999]
2022-08-11 04:11:47.425 :   Account: jojo38/bean38	[MsgId: MMSG-17999]
2022-08-11 04:12:00.521 :   Login completed	[MsgId: MMSG-17999]
2022-08-11 04:12:41.629 :   Logout completed	[MsgId: MMSG-17999]
2022-08-11 04:14:27.428 : - Iteration: 77	[MsgId: MMSG-17999]
2022-08-11 04:14:27.429 :   Account: jojo38/bean38	[MsgId: MMSG-17999]
2022-08-11 04:14:36.953 :   Login completed	[MsgId: MMSG-17999]
2022-08-11 04:15:09.002 :   Logout completed	[MsgId: MMSG-17999]
2022-08-11 04:17:07.430 : - Iteration: 78	[MsgId: MMSG-17999]
2022-08-11 04:17:07.431 :   Account: jojo38/bean38	[MsgId: MMSG-17999]
2022-08-11 04:17:15.155 :   Login completed	[MsgId: MMSG-17999]
2022-08-11 04:17:36.219 :   Logout completed	[MsgId: MMSG-17999]
2022-08-11 04:19:47.441 : - Iteration: 79	[MsgId: MMSG-17999]
2022-08-11 04:19:47.442 :   Account: jojo38/bean38	[MsgId: MMSG-17999]
2022-08-11 04:19:55.786 :   Login completed	[MsgId: MMSG-17999]
2022-08-11 04:20:18.013 :   Logout completed	[MsgId: MMSG-17999]
2022-08-11 04:22:27.453 : - Iteration: 80	[MsgId: MMSG-17999]
2022-08-11 04:22:27.454 :   Account: jojo38/bean38	[MsgId: MMSG-17999]
2022-08-11 04:22:36.314 :   Login completed	[MsgId: MMSG-17999]
2022-08-11 04:23:10.482 :   Logout completed	[MsgId: MMSG-17999]
2022-08-11 04:25:07.457 : - Iteration: 81	[MsgId: MMSG-17999]
2022-08-11 04:25:07.457 :   Account: jojo38/bean38	[MsgId: MMSG-17999]
2022-08-11 04:25:22.969 :   Login completed	[MsgId: MMSG-17999]
2022-08-11 04:25:59.649 :   Logout completed	[MsgId: MMSG-17999]
2022-08-11 04:27:47.470 : - Iteration: 82	[MsgId: MMSG-17999]
2022-08-11 04:27:47.470 :   Account: jojo38/bean38	[MsgId: MMSG-17999]
2022-08-11 04:27:54.242 :   Login completed	[MsgId: MMSG-17999]
2022-08-11 04:28:22.962 :   Logout completed	[MsgId: MMSG-17999]
2022-08-11 04:30:27.474 : - Iteration: 83	[MsgId: MMSG-17999]
2022-08-11 04:30:27.474 :   Account: jojo38/bean38	[MsgId: MMSG-17999]
2022-08-11 04:30:38.727 :   Login completed	[MsgId: MMSG-17999]
2022-08-11 04:31:03.814 :   Logout completed	[MsgId: MMSG-17999]
2022-08-11 04:33:07.485 : - Iteration: 84	[MsgId: MMSG-17999]
2022-08-11 04:33:07.485 :   Account: jojo38/bean38	[MsgId: MMSG-17999]
2022-08-11 04:33:14.751 :   Login completed	[MsgId: MMSG-17999]
2022-08-11 04:33:51.923 :   Logout completed	[MsgId: MMSG-17999]
2022-08-11 04:35:47.651 : - Iteration: 85	[MsgId: MMSG-17999]
2022-08-11 04:35:47.652 :   Account: jojo38/bean38	[MsgId: MMSG-17999]
2022-08-11 04:35:57.454 :   Login completed	[MsgId: MMSG-17999]
2022-08-11 04:36:29.404 :   Logout completed	[MsgId: MMSG-17999]
2022-08-11 04:38:27.656 : - Iteration: 86	[MsgId: MMSG-17999]
2022-08-11 04:38:27.656 :   Account: jojo38/bean38	[MsgId: MMSG-17999]
2022-08-11 04:38:40.880 :   Login completed	[MsgId: MMSG-17999]
2022-08-11 04:39:16.862 :   Logout completed	[MsgId: MMSG-17999]
2022-08-11 04:41:07.667 : - Iteration: 87	[MsgId: MMSG-17999]
2022-08-11 04:41:07.667 :   Account: jojo38/bean38	[MsgId: MMSG-17999]
2022-08-11 04:41:22.998 :   Login completed	[MsgId: MMSG-17999]
2022-08-11 04:41:52.690 :   Logout completed	[MsgId: MMSG-17999]
2022-08-11 04:43:47.674 : - Iteration: 88	[MsgId: MMSG-17999]
2022-08-11 04:43:47.675 :   Account: jojo38/bean38	[MsgId: MMSG-17999]
2022-08-11 04:44:01.054 :   Login completed	[MsgId: MMSG-17999]
2022-08-11 04:44:31.963 :   Logout completed	[MsgId: MMSG-17999]
2022-08-11 04:46:27.673 : - Iteration: 89	[MsgId: MMSG-17999]
2022-08-11 04:46:27.673 :   Account: jojo38/bean38	[MsgId: MMSG-17999]
2022-08-11 04:46:40.544 :   Login completed	[MsgId: MMSG-17999]
2022-08-11 04:47:15.370 :   Logout completed	[MsgId: MMSG-17999]
2022-08-11 04:49:07.688 : - Iteration: 90	[MsgId: MMSG-17999]
2022-08-11 04:49:07.688 :   Account: jojo38/bean38	[MsgId: MMSG-17999]
2022-08-11 04:49:16.667 :   Login completed	[MsgId: MMSG-17999]
2022-08-11 04:49:50.892 :   Logout completed	[MsgId: MMSG-17999]
2022-08-11 04:51:47.700 : - Iteration: 91	[MsgId: MMSG-17999]
2022-08-11 04:51:47.701 :   Account: jojo38/bean38	[MsgId: MMSG-17999]
2022-08-11 04:51:58.377 :   Login completed	[MsgId: MMSG-17999]
2022-08-11 04:52:28.900 :   Logout completed	[MsgId: MMSG-17999]
2022-08-11 04:54:27.706 : - Iteration: 92	[MsgId: MMSG-17999]
2022-08-11 04:54:27.706 :   Account: jojo38/bean38	[MsgId: MMSG-17999]
2022-08-11 04:54:36.363 :   Login completed	[MsgId: MMSG-17999]
2022-08-11 04:55:06.426 :   Logout completed	[MsgId: MMSG-17999]
2022-08-11 04:57:07.708 : - Iteration: 93	[MsgId: MMSG-17999]
2022-08-11 04:57:07.708 :   Account: jojo38/bean38	[MsgId: MMSG-17999]
2022-08-11 04:57:14.109 :   Login completed	[MsgId: MMSG-17999]
2022-08-11 04:57:45.799 :   Logout completed	[MsgId: MMSG-17999]
2022-08-11 04:59:47.720 : - Iteration: 94	[MsgId: MMSG-17999]
2022-08-11 04:59:47.720 :   Account: jojo38/bean38	[MsgId: MMSG-17999]
2022-08-11 04:59:59.747 :   Login completed	[MsgId: MMSG-17999]
2022-08-11 05:00:33.485 :   Logout completed	[MsgId: MMSG-17999]
