2022-08-11 01:54:47.694 : URL = localhost:1080	[MsgId: MMSG-17999]
2022-08-11 01:54:47.714 : - Iteration: 1	[MsgId: MMSG-17999]
2022-08-11 01:54:47.714 :   Account: jojo18/bean18	[MsgId: MMSG-17999]
2022-08-11 01:55:01.079 :   Login completed	[MsgId: MMSG-17999]
2022-08-11 01:55:07.722 :   Logout completed	[MsgId: MMSG-17999]
2022-08-11 01:56:53.716 : - Iteration: 2	[MsgId: MMSG-17999]
2022-08-11 01:56:53.717 :   Account: jojo18/bean18	[MsgId: MMSG-17999]
2022-08-11 01:57:02.806 :   Login completed	[MsgId: MMSG-17999]
2022-08-11 01:57:10.398 :   Logout completed	[MsgId: MMSG-17999]
2022-08-11 01:58:59.727 : - Iteration: 3	[MsgId: MMSG-17999]
2022-08-11 01:58:59.727 :   Account: jojo18/bean18	[MsgId: MMSG-17999]
2022-08-11 01:59:10.915 :   Login completed	[MsgId: MMSG-17999]
2022-08-11 01:59:17.048 :   Logout completed	[MsgId: MMSG-17999]
2022-08-11 02:01:05.729 : - Iteration: 4	[MsgId: MMSG-17999]
2022-08-11 02:01:05.730 :   Account: jojo18/bean18	[MsgId: MMSG-17999]
2022-08-11 02:01:12.638 :   Login completed	[MsgId: MMSG-17999]
2022-08-11 02:01:19.540 :   Logout completed	[MsgId: MMSG-17999]
2022-08-11 02:03:11.738 : - Iteration: 5	[MsgId: MMSG-17999]
2022-08-11 02:03:11.738 :   Account: jojo18/bean18	[MsgId: MMSG-17999]
2022-08-11 02:03:20.027 :   Login completed	[MsgId: MMSG-17999]
2022-08-11 02:03:27.124 :   Logout completed	[MsgId: MMSG-17999]
2022-08-11 02:05:17.741 : - Iteration: 6	[MsgId: MMSG-17999]
2022-08-11 02:05:17.741 :   Account: jojo18/bean18	[MsgId: MMSG-17999]
2022-08-11 02:05:28.059 :   Login completed	[MsgId: MMSG-17999]
2022-08-11 02:05:32.655 :   Logout completed	[MsgId: MMSG-17999]
2022-08-11 02:07:23.746 : - Iteration: 7	[MsgId: MMSG-17999]
2022-08-11 02:07:23.747 :   Account: jojo18/bean18	[MsgId: MMSG-17999]
2022-08-11 02:07:35.481 :   Login completed	[MsgId: MMSG-17999]
2022-08-11 02:07:42.886 :   Logout completed	[MsgId: MMSG-17999]
2022-08-11 02:09:29.761 : - Iteration: 8	[MsgId: MMSG-17999]
2022-08-11 02:09:29.761 :   Account: jojo18/bean18	[MsgId: MMSG-17999]
2022-08-11 02:09:40.147 :   Login completed	[MsgId: MMSG-17999]
2022-08-11 02:09:43.735 :   Logout completed	[MsgId: MMSG-17999]
2022-08-11 02:11:35.766 : - Iteration: 9	[MsgId: MMSG-17999]
2022-08-11 02:11:35.766 :   Account: jojo18/bean18	[MsgId: MMSG-17999]
2022-08-11 02:11:41.601 :   Login completed	[MsgId: MMSG-17999]
2022-08-11 02:11:46.374 :   Logout completed	[MsgId: MMSG-17999]
2022-08-11 02:13:41.777 : - Iteration: 10	[MsgId: MMSG-17999]
2022-08-11 02:13:41.777 :   Account: jojo18/bean18	[MsgId: MMSG-17999]
2022-08-11 02:13:52.016 :   Login completed	[MsgId: MMSG-17999]
2022-08-11 02:13:57.055 :   Logout completed	[MsgId: MMSG-17999]
2022-08-11 02:15:47.783 : - Iteration: 11	[MsgId: MMSG-17999]
2022-08-11 02:15:47.783 :   Account: jojo18/bean18	[MsgId: MMSG-17999]
2022-08-11 02:16:00.247 :   Login completed	[MsgId: MMSG-17999]
2022-08-11 02:16:04.683 :   Logout completed	[MsgId: MMSG-17999]
2022-08-11 02:17:53.788 : - Iteration: 12	[MsgId: MMSG-17999]
2022-08-11 02:17:53.788 :   Account: jojo18/bean18	[MsgId: MMSG-17999]
2022-08-11 02:18:01.834 :   Login completed	[MsgId: MMSG-17999]
2022-08-11 02:18:05.366 :   Logout completed	[MsgId: MMSG-17999]
2022-08-11 02:19:59.790 : - Iteration: 13	[MsgId: MMSG-17999]
2022-08-11 02:19:59.790 :   Account: jojo18/bean18	[MsgId: MMSG-17999]
2022-08-11 02:20:08.166 :   Login completed	[MsgId: MMSG-17999]
2022-08-11 02:20:14.246 :   Logout completed	[MsgId: MMSG-17999]
2022-08-11 02:22:05.795 : - Iteration: 14	[MsgId: MMSG-17999]
2022-08-11 02:22:05.796 :   Account: jojo18/bean18	[MsgId: MMSG-17999]
2022-08-11 02:22:15.424 :   Login completed	[MsgId: MMSG-17999]
2022-08-11 02:22:18.427 :   Logout completed	[MsgId: MMSG-17999]
2022-08-11 02:24:11.805 : - Iteration: 15	[MsgId: MMSG-17999]
2022-08-11 02:24:11.806 :   Account: jojo18/bean18	[MsgId: MMSG-17999]
2022-08-11 02:24:18.989 :   Login completed	[MsgId: MMSG-17999]
2022-08-11 02:24:23.318 :   Logout completed	[MsgId: MMSG-17999]
2022-08-11 02:26:17.820 : - Iteration: 16	[MsgId: MMSG-17999]
2022-08-11 02:26:17.821 :   Account: jojo18/bean18	[MsgId: MMSG-17999]
2022-08-11 02:26:23.894 :   Login completed	[MsgId: MMSG-17999]
2022-08-11 02:26:27.830 :   Logout completed	[MsgId: MMSG-17999]
2022-08-11 02:28:23.825 : - Iteration: 17	[MsgId: MMSG-17999]
2022-08-11 02:28:23.826 :   Account: jojo18/bean18	[MsgId: MMSG-17999]
2022-08-11 02:28:36.811 :   Login completed	[MsgId: MMSG-17999]
2022-08-11 02:28:40.249 :   Logout completed	[MsgId: MMSG-17999]
2022-08-11 02:30:29.832 : - Iteration: 18	[MsgId: MMSG-17999]
2022-08-11 02:30:29.832 :   Account: jojo18/bean18	[MsgId: MMSG-17999]
2022-08-11 02:30:43.303 :   Login completed	[MsgId: MMSG-17999]
2022-08-11 02:30:47.450 :   Logout completed	[MsgId: MMSG-17999]
2022-08-11 02:32:35.843 : - Iteration: 19	[MsgId: MMSG-17999]
2022-08-11 02:32:35.844 :   Account: jojo18/bean18	[MsgId: MMSG-17999]
2022-08-11 02:32:43.223 :   Login completed	[MsgId: MMSG-17999]
2022-08-11 02:32:48.836 :   Logout completed	[MsgId: MMSG-17999]
2022-08-11 02:34:41.858 : - Iteration: 20	[MsgId: MMSG-17999]
2022-08-11 02:34:41.858 :   Account: jojo18/bean18	[MsgId: MMSG-17999]
2022-08-11 02:34:54.780 :   Login completed	[MsgId: MMSG-17999]
2022-08-11 02:35:01.538 :   Logout completed	[MsgId: MMSG-17999]
2022-08-11 02:36:47.869 : - Iteration: 21	[MsgId: MMSG-17999]
2022-08-11 02:36:47.869 :   Account: jojo18/bean18	[MsgId: MMSG-17999]
2022-08-11 02:37:03.355 :   Login completed	[MsgId: MMSG-17999]
2022-08-11 02:37:08.629 :   Logout completed	[MsgId: MMSG-17999]
2022-08-11 02:38:53.881 : - Iteration: 22	[MsgId: MMSG-17999]
2022-08-11 02:38:53.881 :   Account: jojo18/bean18	[MsgId: MMSG-17999]
2022-08-11 02:39:00.184 :   Login completed	[MsgId: MMSG-17999]
2022-08-11 02:39:06.815 :   Logout completed	[MsgId: MMSG-17999]
2022-08-11 02:40:59.888 : - Iteration: 23	[MsgId: MMSG-17999]
2022-08-11 02:40:59.888 :   Account: jojo18/bean18	[MsgId: MMSG-17999]
2022-08-11 02:41:12.166 :   Login completed	[MsgId: MMSG-17999]
2022-08-11 02:41:17.354 :   Logout completed	[MsgId: MMSG-17999]
2022-08-11 02:43:05.894 : - Iteration: 24	[MsgId: MMSG-17999]
2022-08-11 02:43:05.894 :   Account: jojo18/bean18	[MsgId: MMSG-17999]
2022-08-11 02:43:21.487 :   Login completed	[MsgId: MMSG-17999]
2022-08-11 02:43:28.293 :   Logout completed	[MsgId: MMSG-17999]
2022-08-11 02:45:11.905 : - Iteration: 25	[MsgId: MMSG-17999]
2022-08-11 02:45:11.905 :   Account: jojo18/bean18	[MsgId: MMSG-17999]
2022-08-11 02:45:21.864 :   Login completed	[MsgId: MMSG-17999]
2022-08-11 02:45:26.317 :   Logout completed	[MsgId: MMSG-17999]
2022-08-11 02:47:17.915 : - Iteration: 26	[MsgId: MMSG-17999]
2022-08-11 02:47:17.915 :   Account: jojo18/bean18	[MsgId: MMSG-17999]
2022-08-11 02:47:32.971 :   Login completed	[MsgId: MMSG-17999]
2022-08-11 02:47:40.556 :   Logout completed	[MsgId: MMSG-17999]
2022-08-11 02:49:23.926 : - Iteration: 27	[MsgId: MMSG-17999]
2022-08-11 02:49:23.927 :   Account: jojo18/bean18	[MsgId: MMSG-17999]
2022-08-11 02:49:32.331 :   Login completed	[MsgId: MMSG-17999]
2022-08-11 02:49:39.082 :   Logout completed	[MsgId: MMSG-17999]
2022-08-11 02:51:29.940 : - Iteration: 28	[MsgId: MMSG-17999]
2022-08-11 02:51:29.940 :   Account: jojo18/bean18	[MsgId: MMSG-17999]
2022-08-11 02:51:41.582 :   Login completed	[MsgId: MMSG-17999]
2022-08-11 02:51:48.946 :   Logout completed	[MsgId: MMSG-17999]
2022-08-11 02:53:35.943 : - Iteration: 29	[MsgId: MMSG-17999]
2022-08-11 02:53:35.943 :   Account: jojo18/bean18	[MsgId: MMSG-17999]
2022-08-11 02:53:44.335 :   Login completed	[MsgId: MMSG-17999]
2022-08-11 02:53:47.657 :   Logout completed	[MsgId: MMSG-17999]
2022-08-11 02:55:41.951 : - Iteration: 30	[MsgId: MMSG-17999]
2022-08-11 02:55:41.951 :   Account: jojo18/bean18	[MsgId: MMSG-17999]
2022-08-11 02:55:57.393 :   Login completed	[MsgId: MMSG-17999]
2022-08-11 02:56:03.122 :   Logout completed	[MsgId: MMSG-17999]
2022-08-11 02:57:47.960 : - Iteration: 31	[MsgId: MMSG-17999]
2022-08-11 02:57:47.960 :   Account: jojo18/bean18	[MsgId: MMSG-17999]
2022-08-11 02:57:59.679 :   Login completed	[MsgId: MMSG-17999]
2022-08-11 02:58:07.375 :   Logout completed	[MsgId: MMSG-17999]
2022-08-11 02:59:53.965 : - Iteration: 32	[MsgId: MMSG-17999]
2022-08-11 02:59:53.966 :   Account: jojo18/bean18	[MsgId: MMSG-17999]
2022-08-11 03:00:03.893 :   Login completed	[MsgId: MMSG-17999]
2022-08-11 03:00:10.774 :   Logout completed	[MsgId: MMSG-17999]
2022-08-11 03:01:59.980 : - Iteration: 33	[MsgId: MMSG-17999]
2022-08-11 03:01:59.980 :   Account: jojo18/bean18	[MsgId: MMSG-17999]
2022-08-11 03:02:11.342 :   Login completed	[MsgId: MMSG-17999]
2022-08-11 03:02:17.994 :   Logout completed	[MsgId: MMSG-17999]
2022-08-11 03:04:05.993 : - Iteration: 34	[MsgId: MMSG-17999]
2022-08-11 03:04:05.993 :   Account: jojo18/bean18	[MsgId: MMSG-17999]
2022-08-11 03:04:19.991 :   Login completed	[MsgId: MMSG-17999]
2022-08-11 03:04:25.566 :   Logout completed	[MsgId: MMSG-17999]
2022-08-11 03:06:12.008 : - Iteration: 35	[MsgId: MMSG-17999]
2022-08-11 03:06:12.008 :   Account: jojo18/bean18	[MsgId: MMSG-17999]
2022-08-11 03:06:26.854 :   Login completed	[MsgId: MMSG-17999]
2022-08-11 03:06:30.052 :   Logout completed	[MsgId: MMSG-17999]
2022-08-11 03:08:18.021 : - Iteration: 36	[MsgId: MMSG-17999]
2022-08-11 03:08:18.022 :   Account: jojo18/bean18	[MsgId: MMSG-17999]
2022-08-11 03:08:29.072 :   Login completed	[MsgId: MMSG-17999]
2022-08-11 03:08:35.535 :   Logout completed	[MsgId: MMSG-17999]
2022-08-11 03:10:24.025 : - Iteration: 37	[MsgId: MMSG-17999]
2022-08-11 03:10:24.025 :   Account: jojo18/bean18	[MsgId: MMSG-17999]
2022-08-11 03:10:39.313 :   Login completed	[MsgId: MMSG-17999]
2022-08-11 03:10:45.094 :   Logout completed	[MsgId: MMSG-17999]
2022-08-11 03:12:30.027 : - Iteration: 38	[MsgId: MMSG-17999]
2022-08-11 03:12:30.027 :   Account: jojo18/bean18	[MsgId: MMSG-17999]
2022-08-11 03:12:36.793 :   Login completed	[MsgId: MMSG-17999]
2022-08-11 03:12:39.635 :   Logout completed	[MsgId: MMSG-17999]
2022-08-11 03:14:36.037 : - Iteration: 39	[MsgId: MMSG-17999]
2022-08-11 03:14:36.037 :   Account: jojo18/bean18	[MsgId: MMSG-17999]
2022-08-11 03:14:49.731 :   Login completed	[MsgId: MMSG-17999]
2022-08-11 03:14:52.770 :   Logout completed	[MsgId: MMSG-17999]
2022-08-11 03:16:42.049 : - Iteration: 40	[MsgId: MMSG-17999]
2022-08-11 03:16:42.049 :   Account: jojo18/bean18	[MsgId: MMSG-17999]
2022-08-11 03:16:47.821 :   Login completed	[MsgId: MMSG-17999]
2022-08-11 03:16:55.263 :   Logout completed	[MsgId: MMSG-17999]
2022-08-11 03:18:48.053 : - Iteration: 41	[MsgId: MMSG-17999]
2022-08-11 03:18:48.053 :   Account: jojo18/bean18	[MsgId: MMSG-17999]
2022-08-11 03:19:02.571 :   Login completed	[MsgId: MMSG-17999]
2022-08-11 03:19:08.654 :   Logout completed	[MsgId: MMSG-17999]
2022-08-11 03:20:54.065 : - Iteration: 42	[MsgId: MMSG-17999]
2022-08-11 03:20:54.065 :   Account: jojo18/bean18	[MsgId: MMSG-17999]
2022-08-11 03:21:03.835 :   Login completed	[MsgId: MMSG-17999]
2022-08-11 03:21:08.336 :   Logout completed	[MsgId: MMSG-17999]
2022-08-11 03:23:00.079 : - Iteration: 43	[MsgId: MMSG-17999]
2022-08-11 03:23:00.079 :   Account: jojo18/bean18	[MsgId: MMSG-17999]
2022-08-11 03:23:11.442 :   Login completed	[MsgId: MMSG-17999]
2022-08-11 03:23:17.142 :   Logout completed	[MsgId: MMSG-17999]
2022-08-11 03:25:06.079 : - Iteration: 44	[MsgId: MMSG-17999]
2022-08-11 03:25:06.079 :   Account: jojo18/bean18	[MsgId: MMSG-17999]
2022-08-11 03:25:17.789 :   Login completed	[MsgId: MMSG-17999]
2022-08-11 03:25:22.481 :   Logout completed	[MsgId: MMSG-17999]
2022-08-11 03:27:12.079 : - Iteration: 45	[MsgId: MMSG-17999]
2022-08-11 03:27:12.079 :   Account: jojo18/bean18	[MsgId: MMSG-17999]
2022-08-11 03:27:17.995 :   Login completed	[MsgId: MMSG-17999]
2022-08-11 03:27:25.071 :   Logout completed	[MsgId: MMSG-17999]
2022-08-11 03:29:18.093 : - Iteration: 46	[MsgId: MMSG-17999]
2022-08-11 03:29:18.093 :   Account: jojo18/bean18	[MsgId: MMSG-17999]
2022-08-11 03:29:26.957 :   Login completed	[MsgId: MMSG-17999]
2022-08-11 03:29:33.461 :   Logout completed	[MsgId: MMSG-17999]
2022-08-11 03:31:24.104 : - Iteration: 47	[MsgId: MMSG-17999]
2022-08-11 03:31:24.104 :   Account: jojo18/bean18	[MsgId: MMSG-17999]
2022-08-11 03:31:35.533 :   Login completed	[MsgId: MMSG-17999]
2022-08-11 03:31:42.319 :   Logout completed	[MsgId: MMSG-17999]
2022-08-11 03:33:30.106 : - Iteration: 48	[MsgId: MMSG-17999]
2022-08-11 03:33:30.106 :   Account: jojo18/bean18	[MsgId: MMSG-17999]
2022-08-11 03:33:38.171 :   Login completed	[MsgId: MMSG-17999]
2022-08-11 03:33:41.039 :   Logout completed	[MsgId: MMSG-17999]
2022-08-11 03:35:36.111 : - Iteration: 49	[MsgId: MMSG-17999]
2022-08-11 03:35:36.111 :   Account: jojo18/bean18	[MsgId: MMSG-17999]
2022-08-11 03:35:50.730 :   Login completed	[MsgId: MMSG-17999]
2022-08-11 03:35:57.052 :   Logout completed	[MsgId: MMSG-17999]
2022-08-11 03:37:42.113 : - Iteration: 50	[MsgId: MMSG-17999]
2022-08-11 03:37:42.113 :   Account: jojo18/bean18	[MsgId: MMSG-17999]
2022-08-11 03:37:52.423 :   Login completed	[MsgId: MMSG-17999]
2022-08-11 03:37:57.863 :   Logout completed	[MsgId: MMSG-17999]
2022-08-11 03:39:48.123 : - Iteration: 51	[MsgId: MMSG-17999]
2022-08-11 03:39:48.123 :   Account: jojo18/bean18	[MsgId: MMSG-17999]
2022-08-11 03:39:57.756 :   Login completed	[MsgId: MMSG-17999]
2022-08-11 03:40:00.856 :   Logout completed	[MsgId: MMSG-17999]
2022-08-11 03:41:54.127 : - Iteration: 52	[MsgId: MMSG-17999]
2022-08-11 03:41:54.128 :   Account: jojo18/bean18	[MsgId: MMSG-17999]
2022-08-11 03:42:06.189 :   Login completed	[MsgId: MMSG-17999]
2022-08-11 03:42:09.196 :   Logout completed	[MsgId: MMSG-17999]
2022-08-11 03:44:00.138 : - Iteration: 53	[MsgId: MMSG-17999]
2022-08-11 03:44:00.138 :   Account: jojo18/bean18	[MsgId: MMSG-17999]
2022-08-11 03:44:06.473 :   Login completed	[MsgId: MMSG-17999]
2022-08-11 03:44:12.872 :   Logout completed	[MsgId: MMSG-17999]
2022-08-11 03:46:06.146 : - Iteration: 54	[MsgId: MMSG-17999]
2022-08-11 03:46:06.146 :   Account: jojo18/bean18	[MsgId: MMSG-17999]
2022-08-11 03:46:19.852 :   Login completed	[MsgId: MMSG-17999]
2022-08-11 03:46:27.458 :   Logout completed	[MsgId: MMSG-17999]
2022-08-11 03:48:12.153 : - Iteration: 55	[MsgId: MMSG-17999]
2022-08-11 03:48:12.153 :   Account: jojo18/bean18	[MsgId: MMSG-17999]
2022-08-11 03:48:25.973 :   Login completed	[MsgId: MMSG-17999]
2022-08-11 03:48:32.688 :   Logout completed	[MsgId: MMSG-17999]
2022-08-11 03:50:18.160 : - Iteration: 56	[MsgId: MMSG-17999]
2022-08-11 03:50:18.160 :   Account: jojo18/bean18	[MsgId: MMSG-17999]
2022-08-11 03:50:32.064 :   Login completed	[MsgId: MMSG-17999]
2022-08-11 03:50:35.647 :   Logout completed	[MsgId: MMSG-17999]
2022-08-11 03:52:24.168 : - Iteration: 57	[MsgId: MMSG-17999]
2022-08-11 03:52:24.168 :   Account: jojo18/bean18	[MsgId: MMSG-17999]
2022-08-11 03:52:36.604 :   Login completed	[MsgId: MMSG-17999]
2022-08-11 03:52:40.609 :   Logout completed	[MsgId: MMSG-17999]
2022-08-11 03:54:30.187 : - Iteration: 58	[MsgId: MMSG-17999]
2022-08-11 03:54:30.187 :   Account: jojo18/bean18	[MsgId: MMSG-17999]
2022-08-11 03:54:43.582 :   Login completed	[MsgId: MMSG-17999]
2022-08-11 03:54:47.665 :   Logout completed	[MsgId: MMSG-17999]
2022-08-11 03:56:36.198 : - Iteration: 59	[MsgId: MMSG-17999]
2022-08-11 03:56:36.198 :   Account: jojo18/bean18	[MsgId: MMSG-17999]
2022-08-11 03:56:43.675 :   Login completed	[MsgId: MMSG-17999]
2022-08-11 03:56:47.754 :   Logout completed	[MsgId: MMSG-17999]
2022-08-11 03:58:42.198 : - Iteration: 60	[MsgId: MMSG-17999]
2022-08-11 03:58:42.198 :   Account: jojo18/bean18	[MsgId: MMSG-17999]
2022-08-11 03:58:54.485 :   Login completed	[MsgId: MMSG-17999]
2022-08-11 03:58:57.491 :   Logout completed	[MsgId: MMSG-17999]
2022-08-11 04:00:48.207 : - Iteration: 61	[MsgId: MMSG-17999]
2022-08-11 04:00:48.207 :   Account: jojo18/bean18	[MsgId: MMSG-17999]
2022-08-11 04:00:57.048 :   Login completed	[MsgId: MMSG-17999]
2022-08-11 04:01:04.053 :   Logout completed	[MsgId: MMSG-17999]
2022-08-11 04:02:54.211 : - Iteration: 62	[MsgId: MMSG-17999]
2022-08-11 04:02:54.211 :   Account: jojo18/bean18	[MsgId: MMSG-17999]
2022-08-11 04:03:07.092 :   Login completed	[MsgId: MMSG-17999]
2022-08-11 04:03:14.698 :   Logout completed	[MsgId: MMSG-17999]
2022-08-11 04:05:00.214 : - Iteration: 63	[MsgId: MMSG-17999]
2022-08-11 04:05:00.215 :   Account: jojo18/bean18	[MsgId: MMSG-17999]
2022-08-11 04:05:08.074 :   Login completed	[MsgId: MMSG-17999]
2022-08-11 04:05:13.714 :   Logout completed	[MsgId: MMSG-17999]
2022-08-11 04:07:06.221 : - Iteration: 64	[MsgId: MMSG-17999]
2022-08-11 04:07:06.221 :   Account: jojo18/bean18	[MsgId: MMSG-17999]
2022-08-11 04:07:18.565 :   Login completed	[MsgId: MMSG-17999]
2022-08-11 04:07:24.572 :   Logout completed	[MsgId: MMSG-17999]
2022-08-11 04:09:12.229 : - Iteration: 65	[MsgId: MMSG-17999]
2022-08-11 04:09:12.229 :   Account: jojo18/bean18	[MsgId: MMSG-17999]
2022-08-11 04:09:27.065 :   Login completed	[MsgId: MMSG-17999]
2022-08-11 04:09:32.262 :   Logout completed	[MsgId: MMSG-17999]
2022-08-11 04:11:18.229 : - Iteration: 66	[MsgId: MMSG-17999]
2022-08-11 04:11:18.230 :   Account: jojo18/bean18	[MsgId: MMSG-17999]
2022-08-11 04:11:31.981 :   Login completed	[MsgId: MMSG-17999]
2022-08-11 04:11:36.390 :   Logout completed	[MsgId: MMSG-17999]
2022-08-11 04:13:24.231 : - Iteration: 67	[MsgId: MMSG-17999]
2022-08-11 04:13:24.231 :   Account: jojo18/bean18	[MsgId: MMSG-17999]
2022-08-11 04:13:38.509 :   Login completed	[MsgId: MMSG-17999]
2022-08-11 04:13:43.690 :   Logout completed	[MsgId: MMSG-17999]
2022-08-11 04:15:30.240 : - Iteration: 68	[MsgId: MMSG-17999]
2022-08-11 04:15:30.240 :   Account: jojo18/bean18	[MsgId: MMSG-17999]
2022-08-11 04:15:36.590 :   Login completed	[MsgId: MMSG-17999]
2022-08-11 04:15:39.582 :   Logout completed	[MsgId: MMSG-17999]
2022-08-11 04:17:36.245 : - Iteration: 69	[MsgId: MMSG-17999]
2022-08-11 04:17:36.245 :   Account: jojo18/bean18	[MsgId: MMSG-17999]
2022-08-11 04:17:46.507 :   Login completed	[MsgId: MMSG-17999]
2022-08-11 04:17:50.792 :   Logout completed	[MsgId: MMSG-17999]
2022-08-11 04:19:42.257 : - Iteration: 70	[MsgId: MMSG-17999]
2022-08-11 04:19:42.257 :   Account: jojo18/bean18	[MsgId: MMSG-17999]
2022-08-11 04:19:52.061 :   Login completed	[MsgId: MMSG-17999]
2022-08-11 04:19:55.733 :   Logout completed	[MsgId: MMSG-17999]
2022-08-11 04:21:48.269 : - Iteration: 71	[MsgId: MMSG-17999]
2022-08-11 04:21:48.269 :   Account: jojo18/bean18	[MsgId: MMSG-17999]
2022-08-11 04:21:56.381 :   Login completed	[MsgId: MMSG-17999]
2022-08-11 04:22:03.852 :   Logout completed	[MsgId: MMSG-17999]
2022-08-11 04:23:54.276 : - Iteration: 72	[MsgId: MMSG-17999]
2022-08-11 04:23:54.276 :   Account: jojo18/bean18	[MsgId: MMSG-17999]
2022-08-11 04:24:07.741 :   Login completed	[MsgId: MMSG-17999]
2022-08-11 04:24:11.170 :   Logout completed	[MsgId: MMSG-17999]
2022-08-11 04:26:00.290 : - Iteration: 73	[MsgId: MMSG-17999]
2022-08-11 04:26:00.291 :   Account: jojo18/bean18	[MsgId: MMSG-17999]
2022-08-11 04:26:08.469 :   Login completed	[MsgId: MMSG-17999]
2022-08-11 04:26:11.291 :   Logout completed	[MsgId: MMSG-17999]
2022-08-11 04:28:06.297 : - Iteration: 74	[MsgId: MMSG-17999]
2022-08-11 04:28:06.298 :   Account: jojo18/bean18	[MsgId: MMSG-17999]
2022-08-11 04:28:19.996 :   Login completed	[MsgId: MMSG-17999]
2022-08-11 04:28:26.725 :   Logout completed	[MsgId: MMSG-17999]
2022-08-11 04:30:12.307 : - Iteration: 75	[MsgId: MMSG-17999]
2022-08-11 04:30:12.307 :   Account: jojo18/bean18	[MsgId: MMSG-17999]
2022-08-11 04:30:24.454 :   Login completed	[MsgId: MMSG-17999]
2022-08-11 04:30:31.902 :   Logout completed	[MsgId: MMSG-17999]
2022-08-11 04:32:18.319 : - Iteration: 76	[MsgId: MMSG-17999]
2022-08-11 04:32:18.320 :   Account: jojo18/bean18	[MsgId: MMSG-17999]
2022-08-11 04:32:29.514 :   Login completed	[MsgId: MMSG-17999]
2022-08-11 04:32:36.700 :   Logout completed	[MsgId: MMSG-17999]
2022-08-11 04:34:24.324 : - Iteration: 77	[MsgId: MMSG-17999]
2022-08-11 04:34:24.324 :   Account: jojo18/bean18	[MsgId: MMSG-17999]
2022-08-11 04:34:33.781 :   Login completed	[MsgId: MMSG-17999]
2022-08-11 04:34:37.459 :   Logout completed	[MsgId: MMSG-17999]
2022-08-11 04:36:30.330 : - Iteration: 78	[MsgId: MMSG-17999]
2022-08-11 04:36:30.331 :   Account: jojo18/bean18	[MsgId: MMSG-17999]
2022-08-11 04:36:39.206 :   Login completed	[MsgId: MMSG-17999]
2022-08-11 04:36:42.970 :   Logout completed	[MsgId: MMSG-17999]
2022-08-11 04:38:36.344 : - Iteration: 79	[MsgId: MMSG-17999]
2022-08-11 04:38:36.344 :   Account: jojo18/bean18	[MsgId: MMSG-17999]
2022-08-11 04:38:50.752 :   Login completed	[MsgId: MMSG-17999]
2022-08-11 04:38:55.464 :   Logout completed	[MsgId: MMSG-17999]
2022-08-11 04:40:42.357 : - Iteration: 80	[MsgId: MMSG-17999]
2022-08-11 04:40:42.357 :   Account: jojo18/bean18	[MsgId: MMSG-17999]
2022-08-11 04:40:52.830 :   Login completed	[MsgId: MMSG-17999]
2022-08-11 04:41:00.407 :   Logout completed	[MsgId: MMSG-17999]
2022-08-11 04:42:48.367 : - Iteration: 81	[MsgId: MMSG-17999]
2022-08-11 04:42:48.367 :   Account: jojo18/bean18	[MsgId: MMSG-17999]
2022-08-11 04:42:55.526 :   Login completed	[MsgId: MMSG-17999]
2022-08-11 04:43:00.982 :   Logout completed	[MsgId: MMSG-17999]
2022-08-11 04:44:54.373 : - Iteration: 82	[MsgId: MMSG-17999]
2022-08-11 04:44:54.373 :   Account: jojo18/bean18	[MsgId: MMSG-17999]
2022-08-11 04:45:08.711 :   Login completed	[MsgId: MMSG-17999]
2022-08-11 04:45:15.815 :   Logout completed	[MsgId: MMSG-17999]
2022-08-11 04:47:00.385 : - Iteration: 83	[MsgId: MMSG-17999]
2022-08-11 04:47:00.386 :   Account: jojo18/bean18	[MsgId: MMSG-17999]
2022-08-11 04:47:08.817 :   Login completed	[MsgId: MMSG-17999]
2022-08-11 04:47:13.246 :   Logout completed	[MsgId: MMSG-17999]
2022-08-11 04:49:06.389 : - Iteration: 84	[MsgId: MMSG-17999]
2022-08-11 04:49:06.389 :   Account: jojo18/bean18	[MsgId: MMSG-17999]
2022-08-11 04:49:18.514 :   Login completed	[MsgId: MMSG-17999]
2022-08-11 04:49:24.264 :   Logout completed	[MsgId: MMSG-17999]
2022-08-11 04:51:12.395 : - Iteration: 85	[MsgId: MMSG-17999]
2022-08-11 04:51:12.395 :   Account: jojo18/bean18	[MsgId: MMSG-17999]
2022-08-11 04:51:26.847 :   Login completed	[MsgId: MMSG-17999]
2022-08-11 04:51:32.433 :   Logout completed	[MsgId: MMSG-17999]
2022-08-11 04:53:18.403 : - Iteration: 86	[MsgId: MMSG-17999]
2022-08-11 04:53:18.404 :   Account: jojo18/bean18	[MsgId: MMSG-17999]
2022-08-11 04:53:32.558 :   Login completed	[MsgId: MMSG-17999]
2022-08-11 04:53:35.483 :   Logout completed	[MsgId: MMSG-17999]
2022-08-11 04:55:24.412 : - Iteration: 87	[MsgId: MMSG-17999]
2022-08-11 04:55:24.412 :   Account: jojo18/bean18	[MsgId: MMSG-17999]
2022-08-11 04:55:35.459 :   Login completed	[MsgId: MMSG-17999]
2022-08-11 04:55:39.136 :   Logout completed	[MsgId: MMSG-17999]
2022-08-11 04:57:30.415 : - Iteration: 88	[MsgId: MMSG-17999]
2022-08-11 04:57:30.415 :   Account: jojo18/bean18	[MsgId: MMSG-17999]
2022-08-11 04:57:37.908 :   Login completed	[MsgId: MMSG-17999]
2022-08-11 04:57:43.610 :   Logout completed	[MsgId: MMSG-17999]
2022-08-11 04:59:36.425 : - Iteration: 89	[MsgId: MMSG-17999]
2022-08-11 04:59:36.425 :   Account: jojo18/bean18	[MsgId: MMSG-17999]
2022-08-11 04:59:45.234 :   Login completed	[MsgId: MMSG-17999]
2022-08-11 04:59:51.842 :   Logout completed	[MsgId: MMSG-17999]
2022-08-11 05:01:42.428 : - Iteration: 90	[MsgId: MMSG-17999]
2022-08-11 05:01:42.429 :   Account: jojo18/bean18	[MsgId: MMSG-17999]
2022-08-11 05:01:51.813 :   Login completed	[MsgId: MMSG-17999]
2022-08-11 05:01:57.400 :   Logout completed	[MsgId: MMSG-17999]
2022-08-11 05:03:48.439 : - Iteration: 91	[MsgId: MMSG-17999]
2022-08-11 05:03:48.439 :   Account: jojo18/bean18	[MsgId: MMSG-17999]
2022-08-11 05:03:55.811 :   Login completed	[MsgId: MMSG-17999]
2022-08-11 05:04:02.305 :   Logout completed	[MsgId: MMSG-17999]
2022-08-11 05:05:54.444 : - Iteration: 92	[MsgId: MMSG-17999]
2022-08-11 05:05:54.445 :   Account: jojo18/bean18	[MsgId: MMSG-17999]
2022-08-11 05:06:01.481 :   Login completed	[MsgId: MMSG-17999]
2022-08-11 05:06:06.244 :   Logout completed	[MsgId: MMSG-17999]
