2022-08-11 03:56:17.338 : URL = localhost:1080	[MsgId: MMSG-17999]
2022-08-11 03:56:17.368 : - Iteration: 1	[MsgId: MMSG-17999]
2022-08-11 03:56:17.368 :   Account: jojo44/bean44	[MsgId: MMSG-17999]
2022-08-11 03:56:27.256 :   Login completed	[MsgId: MMSG-17999]
2022-08-11 03:57:01.796 :   Logout completed	[MsgId: MMSG-17999]
2022-08-11 03:58:57.374 : - Iteration: 2	[MsgId: MMSG-17999]
2022-08-11 03:58:57.374 :   Account: jojo44/bean44	[MsgId: MMSG-17999]
2022-08-11 03:59:04.545 :   Login completed	[MsgId: MMSG-17999]
2022-08-11 03:59:35.242 :   Logout completed	[MsgId: MMSG-17999]
2022-08-11 04:01:37.381 : - Iteration: 3	[MsgId: MMSG-17999]
2022-08-11 04:01:37.382 :   Account: jojo44/bean44	[MsgId: MMSG-17999]
2022-08-11 04:01:50.739 :   Login completed	[MsgId: MMSG-17999]
2022-08-11 04:02:24.088 :   Logout completed	[MsgId: MMSG-17999]
2022-08-11 04:04:17.387 : - Iteration: 4	[MsgId: MMSG-17999]
2022-08-11 04:04:17.387 :   Account: jojo44/bean44	[MsgId: MMSG-17999]
2022-08-11 04:04:31.776 :   Login completed	[MsgId: MMSG-17999]
2022-08-11 04:04:54.453 :   Logout completed	[MsgId: MMSG-17999]
2022-08-11 04:06:57.392 : - Iteration: 5	[MsgId: MMSG-17999]
2022-08-11 04:06:57.393 :   Account: jojo44/bean44	[MsgId: MMSG-17999]
2022-08-11 04:07:12.218 :   Login completed	[MsgId: MMSG-17999]
2022-08-11 04:07:36.062 :   Logout completed	[MsgId: MMSG-17999]
2022-08-11 04:09:37.404 : - Iteration: 6	[MsgId: MMSG-17999]
2022-08-11 04:09:37.404 :   Account: jojo44/bean44	[MsgId: MMSG-17999]
2022-08-11 04:09:44.298 :   Login completed	[MsgId: MMSG-17999]
2022-08-11 04:10:20.273 :   Logout completed	[MsgId: MMSG-17999]
2022-08-11 04:12:17.406 : - Iteration: 7	[MsgId: MMSG-17999]
2022-08-11 04:12:17.407 :   Account: jojo44/bean44	[MsgId: MMSG-17999]
2022-08-11 04:12:24.948 :   Login completed	[MsgId: MMSG-17999]
2022-08-11 04:12:57.274 :   Logout completed	[MsgId: MMSG-17999]
2022-08-11 04:14:57.411 : - Iteration: 8	[MsgId: MMSG-17999]
2022-08-11 04:14:57.412 :   Account: jojo44/bean44	[MsgId: MMSG-17999]
2022-08-11 04:15:09.649 :   Login completed	[MsgId: MMSG-17999]
2022-08-11 04:15:38.821 :   Logout completed	[MsgId: MMSG-17999]
2022-08-11 04:17:37.415 : - Iteration: 9	[MsgId: MMSG-17999]
2022-08-11 04:17:37.415 :   Account: jojo44/bean44	[MsgId: MMSG-17999]
2022-08-11 04:17:44.546 :   Login completed	[MsgId: MMSG-17999]
2022-08-11 04:18:24.448 :   Logout completed	[MsgId: MMSG-17999]
2022-08-11 04:20:17.428 : - Iteration: 10	[MsgId: MMSG-17999]
2022-08-11 04:20:17.428 :   Account: jojo44/bean44	[MsgId: MMSG-17999]
2022-08-11 04:20:25.007 :   Login completed	[MsgId: MMSG-17999]
2022-08-11 04:21:01.478 :   Logout completed	[MsgId: MMSG-17999]
2022-08-11 04:22:57.432 : - Iteration: 11	[MsgId: MMSG-17999]
2022-08-11 04:22:57.432 :   Account: jojo44/bean44	[MsgId: MMSG-17999]
2022-08-11 04:23:03.499 :   Login completed	[MsgId: MMSG-17999]
2022-08-11 04:23:33.844 :   Logout completed	[MsgId: MMSG-17999]
2022-08-11 04:25:37.446 : - Iteration: 12	[MsgId: MMSG-17999]
2022-08-11 04:25:37.446 :   Account: jojo44/bean44	[MsgId: MMSG-17999]
2022-08-11 04:25:44.413 :   Login completed	[MsgId: MMSG-17999]
2022-08-11 04:26:13.966 :   Logout completed	[MsgId: MMSG-17999]
2022-08-11 04:28:17.462 : - Iteration: 13	[MsgId: MMSG-17999]
2022-08-11 04:28:17.462 :   Account: jojo44/bean44	[MsgId: MMSG-17999]
2022-08-11 04:28:24.128 :   Login completed	[MsgId: MMSG-17999]
2022-08-11 04:28:53.923 :   Logout completed	[MsgId: MMSG-17999]
2022-08-11 04:30:57.466 : - Iteration: 14	[MsgId: MMSG-17999]
2022-08-11 04:30:57.467 :   Account: jojo44/bean44	[MsgId: MMSG-17999]
2022-08-11 04:31:04.336 :   Login completed	[MsgId: MMSG-17999]
2022-08-11 04:31:46.393 :   Logout completed	[MsgId: MMSG-17999]
2022-08-11 04:33:37.469 : - Iteration: 15	[MsgId: MMSG-17999]
2022-08-11 04:33:37.469 :   Account: jojo44/bean44	[MsgId: MMSG-17999]
2022-08-11 04:33:50.683 :   Login completed	[MsgId: MMSG-17999]
2022-08-11 04:34:20.134 :   Logout completed	[MsgId: MMSG-17999]
2022-08-11 04:36:17.469 : - Iteration: 16	[MsgId: MMSG-17999]
2022-08-11 04:36:17.469 :   Account: jojo44/bean44	[MsgId: MMSG-17999]
2022-08-11 04:36:27.131 :   Login completed	[MsgId: MMSG-17999]
2022-08-11 04:36:55.898 :   Logout completed	[MsgId: MMSG-17999]
2022-08-11 04:38:57.482 : - Iteration: 17	[MsgId: MMSG-17999]
2022-08-11 04:38:57.482 :   Account: jojo44/bean44	[MsgId: MMSG-17999]
2022-08-11 04:39:05.181 :   Login completed	[MsgId: MMSG-17999]
2022-08-11 04:39:25.304 :   Logout completed	[MsgId: MMSG-17999]
2022-08-11 04:41:37.498 : - Iteration: 18	[MsgId: MMSG-17999]
2022-08-11 04:41:37.498 :   Account: jojo44/bean44	[MsgId: MMSG-17999]
2022-08-11 04:41:47.614 :   Login completed	[MsgId: MMSG-17999]
2022-08-11 04:42:09.682 :   Logout completed	[MsgId: MMSG-17999]
2022-08-11 04:44:17.508 : - Iteration: 19	[MsgId: MMSG-17999]
2022-08-11 04:44:17.509 :   Account: jojo44/bean44	[MsgId: MMSG-17999]
2022-08-11 04:44:31.600 :   Login completed	[MsgId: MMSG-17999]
2022-08-11 04:45:02.346 :   Logout completed	[MsgId: MMSG-17999]
2022-08-11 04:46:57.509 : - Iteration: 20	[MsgId: MMSG-17999]
2022-08-11 04:46:57.510 :   Account: jojo44/bean44	[MsgId: MMSG-17999]
2022-08-11 04:47:10.138 :   Login completed	[MsgId: MMSG-17999]
2022-08-11 04:47:40.990 :   Logout completed	[MsgId: MMSG-17999]
2022-08-11 04:49:37.512 : - Iteration: 21	[MsgId: MMSG-17999]
2022-08-11 04:49:37.512 :   Account: jojo44/bean44	[MsgId: MMSG-17999]
2022-08-11 04:49:52.739 :   Login completed	[MsgId: MMSG-17999]
2022-08-11 04:50:21.458 :   Logout completed	[MsgId: MMSG-17999]
2022-08-11 04:52:17.513 : - Iteration: 22	[MsgId: MMSG-17999]
2022-08-11 04:52:17.513 :   Account: jojo44/bean44	[MsgId: MMSG-17999]
2022-08-11 04:52:31.635 :   Login completed	[MsgId: MMSG-17999]
2022-08-11 04:53:00.864 :   Logout completed	[MsgId: MMSG-17999]
2022-08-11 04:54:57.525 : - Iteration: 23	[MsgId: MMSG-17999]
2022-08-11 04:54:57.525 :   Account: jojo44/bean44	[MsgId: MMSG-17999]
2022-08-11 04:55:07.624 :   Login completed	[MsgId: MMSG-17999]
2022-08-11 04:55:37.534 :   Logout completed	[MsgId: MMSG-17999]
2022-08-11 04:57:37.526 : - Iteration: 24	[MsgId: MMSG-17999]
2022-08-11 04:57:37.527 :   Account: jojo44/bean44	[MsgId: MMSG-17999]
2022-08-11 04:57:47.816 :   Login completed	[MsgId: MMSG-17999]
2022-08-11 04:58:15.863 :   Logout completed	[MsgId: MMSG-17999]
2022-08-11 05:00:17.528 : - Iteration: 25	[MsgId: MMSG-17999]
2022-08-11 05:00:17.529 :   Account: jojo44/bean44	[MsgId: MMSG-17999]
2022-08-11 05:00:24.645 :   Login completed	[MsgId: MMSG-17999]
2022-08-11 05:00:53.234 :   Logout completed	[MsgId: MMSG-17999]
2022-08-11 05:02:57.536 : - Iteration: 26	[MsgId: MMSG-17999]
2022-08-11 05:02:57.536 :   Account: jojo44/bean44	[MsgId: MMSG-17999]
2022-08-11 05:03:06.954 :   Login completed	[MsgId: MMSG-17999]
2022-08-11 05:03:40.528 :   Logout completed	[MsgId: MMSG-17999]
