2022-08-11 02:54:47.119 : URL = localhost:1080	[MsgId: MMSG-17999]
2022-08-11 02:54:47.142 : - Iteration: 1	[MsgId: MMSG-17999]
2022-08-11 02:54:47.142 :   Account: jojo42/bean42	[MsgId: MMSG-17999]
2022-08-11 02:54:58.494 :   Login completed	[MsgId: MMSG-17999]
2022-08-11 02:55:28.111 :   Logout completed	[MsgId: MMSG-17999]
2022-08-11 02:57:27.147 : - Iteration: 2	[MsgId: MMSG-17999]
2022-08-11 02:57:27.148 :   Account: jojo42/bean42	[MsgId: MMSG-17999]
2022-08-11 02:57:36.009 :   Login completed	[MsgId: MMSG-17999]
2022-08-11 02:58:02.114 :   Logout completed	[MsgId: MMSG-17999]
2022-08-11 03:00:07.163 : - Iteration: 3	[MsgId: MMSG-17999]
2022-08-11 03:00:07.164 :   Account: jojo42/bean42	[MsgId: MMSG-17999]
2022-08-11 03:00:16.799 :   Login completed	[MsgId: MMSG-17999]
2022-08-11 03:00:44.877 :   Logout completed	[MsgId: MMSG-17999]
2022-08-11 03:02:47.176 : - Iteration: 4	[MsgId: MMSG-17999]
2022-08-11 03:02:47.176 :   Account: jojo42/bean42	[MsgId: MMSG-17999]
2022-08-11 03:03:00.282 :   Login completed	[MsgId: MMSG-17999]
2022-08-11 03:03:33.737 :   Logout completed	[MsgId: MMSG-17999]
2022-08-11 03:05:27.189 : - Iteration: 5	[MsgId: MMSG-17999]
2022-08-11 03:05:27.189 :   Account: jojo42/bean42	[MsgId: MMSG-17999]
2022-08-11 03:05:33.232 :   Login completed	[MsgId: MMSG-17999]
2022-08-11 03:06:00.976 :   Logout completed	[MsgId: MMSG-17999]
2022-08-11 03:08:07.203 : - Iteration: 6	[MsgId: MMSG-17999]
2022-08-11 03:08:07.203 :   Account: jojo42/bean42	[MsgId: MMSG-17999]
2022-08-11 03:08:17.078 :   Login completed	[MsgId: MMSG-17999]
2022-08-11 03:08:51.161 :   Logout completed	[MsgId: MMSG-17999]
2022-08-11 03:10:47.217 : - Iteration: 7	[MsgId: MMSG-17999]
2022-08-11 03:10:47.217 :   Account: jojo42/bean42	[MsgId: MMSG-17999]
2022-08-11 03:11:01.690 :   Login completed	[MsgId: MMSG-17999]
2022-08-11 03:11:38.309 :   Logout completed	[MsgId: MMSG-17999]
2022-08-11 03:13:27.222 : - Iteration: 8	[MsgId: MMSG-17999]
2022-08-11 03:13:27.223 :   Account: jojo42/bean42	[MsgId: MMSG-17999]
2022-08-11 03:13:39.348 :   Login completed	[MsgId: MMSG-17999]
2022-08-11 03:14:13.552 :   Logout completed	[MsgId: MMSG-17999]
2022-08-11 03:16:07.227 : - Iteration: 9	[MsgId: MMSG-17999]
2022-08-11 03:16:07.227 :   Account: jojo42/bean42	[MsgId: MMSG-17999]
2022-08-11 03:16:19.940 :   Login completed	[MsgId: MMSG-17999]
2022-08-11 03:16:53.668 :   Logout completed	[MsgId: MMSG-17999]
2022-08-11 03:18:47.231 : - Iteration: 10	[MsgId: MMSG-17999]
2022-08-11 03:18:47.232 :   Account: jojo42/bean42	[MsgId: MMSG-17999]
2022-08-11 03:18:53.754 :   Login completed	[MsgId: MMSG-17999]
2022-08-11 03:19:19.932 :   Logout completed	[MsgId: MMSG-17999]
2022-08-11 03:21:27.245 : - Iteration: 11	[MsgId: MMSG-17999]
2022-08-11 03:21:27.245 :   Account: jojo42/bean42	[MsgId: MMSG-17999]
2022-08-11 03:21:34.494 :   Login completed	[MsgId: MMSG-17999]
2022-08-11 03:22:05.640 :   Logout completed	[MsgId: MMSG-17999]
2022-08-11 03:24:07.250 : - Iteration: 12	[MsgId: MMSG-17999]
2022-08-11 03:24:07.251 :   Account: jojo42/bean42	[MsgId: MMSG-17999]
2022-08-11 03:24:20.786 :   Login completed	[MsgId: MMSG-17999]
2022-08-11 03:24:52.622 :   Logout completed	[MsgId: MMSG-17999]
2022-08-11 03:26:47.258 : - Iteration: 13	[MsgId: MMSG-17999]
2022-08-11 03:26:47.259 :   Account: jojo42/bean42	[MsgId: MMSG-17999]
2022-08-11 03:26:53.516 :   Login completed	[MsgId: MMSG-17999]
2022-08-11 03:27:24.875 :   Logout completed	[MsgId: MMSG-17999]
2022-08-11 03:29:27.270 : - Iteration: 14	[MsgId: MMSG-17999]
2022-08-11 03:29:27.270 :   Account: jojo42/bean42	[MsgId: MMSG-17999]
2022-08-11 03:29:40.569 :   Login completed	[MsgId: MMSG-17999]
2022-08-11 03:30:12.165 :   Logout completed	[MsgId: MMSG-17999]
2022-08-11 03:32:07.279 : - Iteration: 15	[MsgId: MMSG-17999]
2022-08-11 03:32:07.279 :   Account: jojo42/bean42	[MsgId: MMSG-17999]
2022-08-11 03:32:16.226 :   Login completed	[MsgId: MMSG-17999]
2022-08-11 03:32:44.643 :   Logout completed	[MsgId: MMSG-17999]
2022-08-11 03:34:47.290 : - Iteration: 16	[MsgId: MMSG-17999]
2022-08-11 03:34:47.291 :   Account: jojo42/bean42	[MsgId: MMSG-17999]
2022-08-11 03:35:01.410 :   Login completed	[MsgId: MMSG-17999]
2022-08-11 03:35:33.403 :   Logout completed	[MsgId: MMSG-17999]
2022-08-11 03:37:27.302 : - Iteration: 17	[MsgId: MMSG-17999]
2022-08-11 03:37:27.303 :   Account: jojo42/bean42	[MsgId: MMSG-17999]
2022-08-11 03:37:34.142 :   Login completed	[MsgId: MMSG-17999]
2022-08-11 03:38:07.808 :   Logout completed	[MsgId: MMSG-17999]
2022-08-11 03:40:07.305 : - Iteration: 18	[MsgId: MMSG-17999]
2022-08-11 03:40:07.306 :   Account: jojo42/bean42	[MsgId: MMSG-17999]
2022-08-11 03:40:19.479 :   Login completed	[MsgId: MMSG-17999]
2022-08-11 03:40:53.092 :   Logout completed	[MsgId: MMSG-17999]
2022-08-11 03:42:47.316 : - Iteration: 19	[MsgId: MMSG-17999]
2022-08-11 03:42:47.317 :   Account: jojo42/bean42	[MsgId: MMSG-17999]
2022-08-11 03:43:01.007 :   Login completed	[MsgId: MMSG-17999]
2022-08-11 03:43:27.471 :   Logout completed	[MsgId: MMSG-17999]
2022-08-11 03:45:27.322 : - Iteration: 20	[MsgId: MMSG-17999]
2022-08-11 03:45:27.322 :   Account: jojo42/bean42	[MsgId: MMSG-17999]
2022-08-11 03:45:41.457 :   Login completed	[MsgId: MMSG-17999]
2022-08-11 03:46:09.261 :   Logout completed	[MsgId: MMSG-17999]
2022-08-11 03:48:07.326 : - Iteration: 21	[MsgId: MMSG-17999]
2022-08-11 03:48:07.326 :   Account: jojo42/bean42	[MsgId: MMSG-17999]
2022-08-11 03:48:21.798 :   Login completed	[MsgId: MMSG-17999]
2022-08-11 03:48:54.684 :   Logout completed	[MsgId: MMSG-17999]
2022-08-11 03:50:47.331 : - Iteration: 22	[MsgId: MMSG-17999]
2022-08-11 03:50:47.332 :   Account: jojo42/bean42	[MsgId: MMSG-17999]
2022-08-11 03:50:57.598 :   Login completed	[MsgId: MMSG-17999]
2022-08-11 03:51:26.377 :   Logout completed	[MsgId: MMSG-17999]
2022-08-11 03:53:27.332 : - Iteration: 23	[MsgId: MMSG-17999]
2022-08-11 03:53:27.332 :   Account: jojo42/bean42	[MsgId: MMSG-17999]
2022-08-11 03:53:34.066 :   Login completed	[MsgId: MMSG-17999]
2022-08-11 03:54:08.415 :   Logout completed	[MsgId: MMSG-17999]
2022-08-11 03:56:07.334 : - Iteration: 24	[MsgId: MMSG-17999]
2022-08-11 03:56:07.335 :   Account: jojo42/bean42	[MsgId: MMSG-17999]
2022-08-11 03:56:15.904 :   Login completed	[MsgId: MMSG-17999]
2022-08-11 03:56:55.316 :   Logout completed	[MsgId: MMSG-17999]
2022-08-11 03:58:47.342 : - Iteration: 25	[MsgId: MMSG-17999]
2022-08-11 03:58:47.342 :   Account: jojo42/bean42	[MsgId: MMSG-17999]
2022-08-11 03:58:55.025 :   Login completed	[MsgId: MMSG-17999]
2022-08-11 03:59:29.428 :   Logout completed	[MsgId: MMSG-17999]
2022-08-11 04:01:27.344 : - Iteration: 26	[MsgId: MMSG-17999]
2022-08-11 04:01:27.344 :   Account: jojo42/bean42	[MsgId: MMSG-17999]
2022-08-11 04:01:40.622 :   Login completed	[MsgId: MMSG-17999]
2022-08-11 04:02:12.038 :   Logout completed	[MsgId: MMSG-17999]
2022-08-11 04:04:07.359 : - Iteration: 27	[MsgId: MMSG-17999]
2022-08-11 04:04:07.359 :   Account: jojo42/bean42	[MsgId: MMSG-17999]
2022-08-11 04:04:17.671 :   Login completed	[MsgId: MMSG-17999]
2022-08-11 04:04:45.070 :   Logout completed	[MsgId: MMSG-17999]
2022-08-11 04:06:47.370 : - Iteration: 28	[MsgId: MMSG-17999]
2022-08-11 04:06:47.370 :   Account: jojo42/bean42	[MsgId: MMSG-17999]
2022-08-11 04:06:56.747 :   Login completed	[MsgId: MMSG-17999]
2022-08-11 04:07:19.333 :   Logout completed	[MsgId: MMSG-17999]
2022-08-11 04:09:27.379 : - Iteration: 29	[MsgId: MMSG-17999]
2022-08-11 04:09:27.379 :   Account: jojo42/bean42	[MsgId: MMSG-17999]
2022-08-11 04:09:42.188 :   Login completed	[MsgId: MMSG-17999]
2022-08-11 04:10:09.457 :   Logout completed	[MsgId: MMSG-17999]
2022-08-11 04:12:07.385 : - Iteration: 30	[MsgId: MMSG-17999]
2022-08-11 04:12:07.385 :   Account: jojo42/bean42	[MsgId: MMSG-17999]
2022-08-11 04:12:15.140 :   Login completed	[MsgId: MMSG-17999]
2022-08-11 04:12:50.185 :   Logout completed	[MsgId: MMSG-17999]
2022-08-11 04:14:47.398 : - Iteration: 31	[MsgId: MMSG-17999]
2022-08-11 04:14:47.398 :   Account: jojo42/bean42	[MsgId: MMSG-17999]
2022-08-11 04:14:57.702 :   Login completed	[MsgId: MMSG-17999]
2022-08-11 04:15:25.866 :   Logout completed	[MsgId: MMSG-17999]
2022-08-11 04:17:27.400 : - Iteration: 32	[MsgId: MMSG-17999]
2022-08-11 04:17:27.400 :   Account: jojo42/bean42	[MsgId: MMSG-17999]
2022-08-11 04:17:42.671 :   Login completed	[MsgId: MMSG-17999]
2022-08-11 04:18:12.185 :   Logout completed	[MsgId: MMSG-17999]
2022-08-11 04:20:07.401 : - Iteration: 33	[MsgId: MMSG-17999]
2022-08-11 04:20:07.402 :   Account: jojo42/bean42	[MsgId: MMSG-17999]
2022-08-11 04:20:16.047 :   Login completed	[MsgId: MMSG-17999]
2022-08-11 04:20:46.883 :   Logout completed	[MsgId: MMSG-17999]
2022-08-11 04:22:47.415 : - Iteration: 34	[MsgId: MMSG-17999]
2022-08-11 04:22:47.415 :   Account: jojo42/bean42	[MsgId: MMSG-17999]
2022-08-11 04:22:53.699 :   Login completed	[MsgId: MMSG-17999]
2022-08-11 04:23:24.648 :   Logout completed	[MsgId: MMSG-17999]
2022-08-11 04:25:27.425 : - Iteration: 35	[MsgId: MMSG-17999]
2022-08-11 04:25:27.426 :   Account: jojo42/bean42	[MsgId: MMSG-17999]
2022-08-11 04:25:38.268 :   Login completed	[MsgId: MMSG-17999]
2022-08-11 04:26:16.204 :   Logout completed	[MsgId: MMSG-17999]
2022-08-11 04:28:07.436 : - Iteration: 36	[MsgId: MMSG-17999]
2022-08-11 04:28:07.437 :   Account: jojo42/bean42	[MsgId: MMSG-17999]
2022-08-11 04:28:20.622 :   Login completed	[MsgId: MMSG-17999]
2022-08-11 04:28:53.964 :   Logout completed	[MsgId: MMSG-17999]
2022-08-11 04:30:47.447 : - Iteration: 37	[MsgId: MMSG-17999]
2022-08-11 04:30:47.448 :   Account: jojo42/bean42	[MsgId: MMSG-17999]
2022-08-11 04:30:57.483 :   Login completed	[MsgId: MMSG-17999]
2022-08-11 04:31:21.903 :   Logout completed	[MsgId: MMSG-17999]
2022-08-11 04:33:27.458 : - Iteration: 38	[MsgId: MMSG-17999]
2022-08-11 04:33:27.459 :   Account: jojo42/bean42	[MsgId: MMSG-17999]
2022-08-11 04:33:34.479 :   Login completed	[MsgId: MMSG-17999]
2022-08-11 04:34:11.055 :   Logout completed	[MsgId: MMSG-17999]
2022-08-11 04:36:07.669 : - Iteration: 39	[MsgId: MMSG-17999]
2022-08-11 04:36:07.669 :   Account: jojo42/bean42	[MsgId: MMSG-17999]
2022-08-11 04:36:18.037 :   Login completed	[MsgId: MMSG-17999]
2022-08-11 04:36:46.587 :   Logout completed	[MsgId: MMSG-17999]
2022-08-11 04:38:47.679 : - Iteration: 40	[MsgId: MMSG-17999]
2022-08-11 04:38:47.679 :   Account: jojo42/bean42	[MsgId: MMSG-17999]
2022-08-11 04:38:54.389 :   Login completed	[MsgId: MMSG-17999]
2022-08-11 04:39:28.888 :   Logout completed	[MsgId: MMSG-17999]
2022-08-11 04:41:27.683 : - Iteration: 41	[MsgId: MMSG-17999]
2022-08-11 04:41:27.684 :   Account: jojo42/bean42	[MsgId: MMSG-17999]
2022-08-11 04:41:41.052 :   Login completed	[MsgId: MMSG-17999]
2022-08-11 04:42:05.810 :   Logout completed	[MsgId: MMSG-17999]
2022-08-11 04:44:07.687 : - Iteration: 42	[MsgId: MMSG-17999]
2022-08-11 04:44:07.687 :   Account: jojo42/bean42	[MsgId: MMSG-17999]
2022-08-11 04:44:15.408 :   Login completed	[MsgId: MMSG-17999]
2022-08-11 04:44:50.600 :   Logout completed	[MsgId: MMSG-17999]
2022-08-11 04:46:47.694 : - Iteration: 43	[MsgId: MMSG-17999]
2022-08-11 04:46:47.694 :   Account: jojo42/bean42	[MsgId: MMSG-17999]
2022-08-11 04:46:56.956 :   Login completed	[MsgId: MMSG-17999]
2022-08-11 04:47:32.603 :   Logout completed	[MsgId: MMSG-17999]
2022-08-11 04:49:27.699 : - Iteration: 44	[MsgId: MMSG-17999]
2022-08-11 04:49:27.699 :   Account: jojo42/bean42	[MsgId: MMSG-17999]
2022-08-11 04:49:39.128 :   Login completed	[MsgId: MMSG-17999]
2022-08-11 04:50:06.887 :   Logout completed	[MsgId: MMSG-17999]
2022-08-11 04:52:07.702 : - Iteration: 45	[MsgId: MMSG-17999]
2022-08-11 04:52:07.702 :   Account: jojo42/bean42	[MsgId: MMSG-17999]
2022-08-11 04:52:15.238 :   Login completed	[MsgId: MMSG-17999]
2022-08-11 04:52:49.775 :   Logout completed	[MsgId: MMSG-17999]
2022-08-11 04:54:47.709 : - Iteration: 46	[MsgId: MMSG-17999]
2022-08-11 04:54:47.709 :   Account: jojo42/bean42	[MsgId: MMSG-17999]
2022-08-11 04:55:00.561 :   Login completed	[MsgId: MMSG-17999]
2022-08-11 04:55:25.760 :   Logout completed	[MsgId: MMSG-17999]
2022-08-11 04:57:27.712 : - Iteration: 47	[MsgId: MMSG-17999]
2022-08-11 04:57:27.712 :   Account: jojo42/bean42	[MsgId: MMSG-17999]
2022-08-11 04:57:40.470 :   Login completed	[MsgId: MMSG-17999]
2022-08-11 04:58:05.823 :   Logout completed	[MsgId: MMSG-17999]
2022-08-11 05:00:07.718 : - Iteration: 48	[MsgId: MMSG-17999]
2022-08-11 05:00:07.719 :   Account: jojo42/bean42	[MsgId: MMSG-17999]
2022-08-11 05:00:21.881 :   Login completed	[MsgId: MMSG-17999]
2022-08-11 05:00:52.147 :   Logout completed	[MsgId: MMSG-17999]
