2022-08-11 02:56:54.414 : URL = localhost:1080	[MsgId: MMSG-17999]
2022-08-11 02:56:54.432 : - Iteration: 1	[MsgId: MMSG-17999]
2022-08-11 02:56:54.432 :   Account: jojo26/bean26	[MsgId: MMSG-17999]
2022-08-11 02:57:00.702 :   Login completed	[MsgId: MMSG-17999]
2022-08-11 02:57:04.480 :   Logout completed	[MsgId: MMSG-17999]
2022-08-11 02:59:00.441 : - Iteration: 2	[MsgId: MMSG-17999]
2022-08-11 02:59:00.442 :   Account: jojo26/bean26	[MsgId: MMSG-17999]
2022-08-11 02:59:10.768 :   Login completed	[MsgId: MMSG-17999]
2022-08-11 02:59:14.248 :   Logout completed	[MsgId: MMSG-17999]
2022-08-11 03:01:06.454 : - Iteration: 3	[MsgId: MMSG-17999]
2022-08-11 03:01:06.454 :   Account: jojo26/bean26	[MsgId: MMSG-17999]
2022-08-11 03:01:21.438 :   Login completed	[MsgId: MMSG-17999]
2022-08-11 03:01:29.145 :   Logout completed	[MsgId: MMSG-17999]
2022-08-11 03:03:12.467 : - Iteration: 4	[MsgId: MMSG-17999]
2022-08-11 03:03:12.467 :   Account: jojo26/bean26	[MsgId: MMSG-17999]
2022-08-11 03:03:26.511 :   Login completed	[MsgId: MMSG-17999]
2022-08-11 03:03:31.595 :   Logout completed	[MsgId: MMSG-17999]
2022-08-11 03:05:18.478 : - Iteration: 5	[MsgId: MMSG-17999]
2022-08-11 03:05:18.478 :   Account: jojo26/bean26	[MsgId: MMSG-17999]
2022-08-11 03:05:26.236 :   Login completed	[MsgId: MMSG-17999]
2022-08-11 03:05:30.274 :   Logout completed	[MsgId: MMSG-17999]
2022-08-11 03:07:24.480 : - Iteration: 6	[MsgId: MMSG-17999]
2022-08-11 03:07:24.481 :   Account: jojo26/bean26	[MsgId: MMSG-17999]
2022-08-11 03:07:32.502 :   Login completed	[MsgId: MMSG-17999]
2022-08-11 03:07:38.619 :   Logout completed	[MsgId: MMSG-17999]
2022-08-11 03:09:30.482 : - Iteration: 7	[MsgId: MMSG-17999]
2022-08-11 03:09:30.482 :   Account: jojo26/bean26	[MsgId: MMSG-17999]
2022-08-11 03:09:40.888 :   Login completed	[MsgId: MMSG-17999]
2022-08-11 03:09:47.652 :   Logout completed	[MsgId: MMSG-17999]
2022-08-11 03:11:36.485 : - Iteration: 8	[MsgId: MMSG-17999]
2022-08-11 03:11:36.486 :   Account: jojo26/bean26	[MsgId: MMSG-17999]
2022-08-11 03:11:49.031 :   Login completed	[MsgId: MMSG-17999]
2022-08-11 03:11:54.168 :   Logout completed	[MsgId: MMSG-17999]
2022-08-11 03:13:42.499 : - Iteration: 9	[MsgId: MMSG-17999]
2022-08-11 03:13:42.500 :   Account: jojo26/bean26	[MsgId: MMSG-17999]
2022-08-11 03:13:56.624 :   Login completed	[MsgId: MMSG-17999]
2022-08-11 03:14:04.341 :   Logout completed	[MsgId: MMSG-17999]
2022-08-11 03:15:48.502 : - Iteration: 10	[MsgId: MMSG-17999]
2022-08-11 03:15:48.503 :   Account: jojo26/bean26	[MsgId: MMSG-17999]
2022-08-11 03:15:55.708 :   Login completed	[MsgId: MMSG-17999]
2022-08-11 03:16:00.245 :   Logout completed	[MsgId: MMSG-17999]
2022-08-11 03:17:54.505 : - Iteration: 11	[MsgId: MMSG-17999]
2022-08-11 03:17:54.505 :   Account: jojo26/bean26	[MsgId: MMSG-17999]
2022-08-11 03:18:09.398 :   Login completed	[MsgId: MMSG-17999]
2022-08-11 03:18:14.452 :   Logout completed	[MsgId: MMSG-17999]
2022-08-11 03:20:00.507 : - Iteration: 12	[MsgId: MMSG-17999]
2022-08-11 03:20:00.507 :   Account: jojo26/bean26	[MsgId: MMSG-17999]
2022-08-11 03:20:14.999 :   Login completed	[MsgId: MMSG-17999]
2022-08-11 03:20:18.376 :   Logout completed	[MsgId: MMSG-17999]
2022-08-11 03:22:06.517 : - Iteration: 13	[MsgId: MMSG-17999]
2022-08-11 03:22:06.518 :   Account: jojo26/bean26	[MsgId: MMSG-17999]
2022-08-11 03:22:12.516 :   Login completed	[MsgId: MMSG-17999]
2022-08-11 03:22:16.216 :   Logout completed	[MsgId: MMSG-17999]
2022-08-11 03:24:12.519 : - Iteration: 14	[MsgId: MMSG-17999]
2022-08-11 03:24:12.520 :   Account: jojo26/bean26	[MsgId: MMSG-17999]
2022-08-11 03:24:20.441 :   Login completed	[MsgId: MMSG-17999]
2022-08-11 03:24:24.002 :   Logout completed	[MsgId: MMSG-17999]
2022-08-11 03:26:18.524 : - Iteration: 15	[MsgId: MMSG-17999]
2022-08-11 03:26:18.524 :   Account: jojo26/bean26	[MsgId: MMSG-17999]
2022-08-11 03:26:29.515 :   Login completed	[MsgId: MMSG-17999]
2022-08-11 03:26:36.663 :   Logout completed	[MsgId: MMSG-17999]
2022-08-11 03:28:24.536 : - Iteration: 16	[MsgId: MMSG-17999]
2022-08-11 03:28:24.536 :   Account: jojo26/bean26	[MsgId: MMSG-17999]
2022-08-11 03:28:32.238 :   Login completed	[MsgId: MMSG-17999]
2022-08-11 03:28:37.440 :   Logout completed	[MsgId: MMSG-17999]
2022-08-11 03:30:30.540 : - Iteration: 17	[MsgId: MMSG-17999]
2022-08-11 03:30:30.540 :   Account: jojo26/bean26	[MsgId: MMSG-17999]
2022-08-11 03:30:42.138 :   Login completed	[MsgId: MMSG-17999]
2022-08-11 03:30:48.876 :   Logout completed	[MsgId: MMSG-17999]
2022-08-11 03:32:36.551 : - Iteration: 18	[MsgId: MMSG-17999]
2022-08-11 03:32:36.551 :   Account: jojo26/bean26	[MsgId: MMSG-17999]
2022-08-11 03:32:45.412 :   Login completed	[MsgId: MMSG-17999]
2022-08-11 03:32:52.795 :   Logout completed	[MsgId: MMSG-17999]
2022-08-11 03:34:42.563 : - Iteration: 19	[MsgId: MMSG-17999]
2022-08-11 03:34:42.564 :   Account: jojo26/bean26	[MsgId: MMSG-17999]
2022-08-11 03:34:55.185 :   Login completed	[MsgId: MMSG-17999]
2022-08-11 03:34:58.206 :   Logout completed	[MsgId: MMSG-17999]
2022-08-11 03:36:48.573 : - Iteration: 20	[MsgId: MMSG-17999]
2022-08-11 03:36:48.574 :   Account: jojo26/bean26	[MsgId: MMSG-17999]
2022-08-11 03:36:57.025 :   Login completed	[MsgId: MMSG-17999]
2022-08-11 03:37:01.570 :   Logout completed	[MsgId: MMSG-17999]
2022-08-11 03:38:54.574 : - Iteration: 21	[MsgId: MMSG-17999]
2022-08-11 03:38:54.574 :   Account: jojo26/bean26	[MsgId: MMSG-17999]
2022-08-11 03:39:06.091 :   Login completed	[MsgId: MMSG-17999]
2022-08-11 03:39:12.037 :   Logout completed	[MsgId: MMSG-17999]
2022-08-11 03:41:00.576 : - Iteration: 22	[MsgId: MMSG-17999]
2022-08-11 03:41:00.576 :   Account: jojo26/bean26	[MsgId: MMSG-17999]
2022-08-11 03:41:07.447 :   Login completed	[MsgId: MMSG-17999]
2022-08-11 03:41:13.786 :   Logout completed	[MsgId: MMSG-17999]
2022-08-11 03:43:06.581 : - Iteration: 23	[MsgId: MMSG-17999]
2022-08-11 03:43:06.581 :   Account: jojo26/bean26	[MsgId: MMSG-17999]
2022-08-11 03:43:14.368 :   Login completed	[MsgId: MMSG-17999]
2022-08-11 03:43:17.970 :   Logout completed	[MsgId: MMSG-17999]
2022-08-11 03:45:12.588 : - Iteration: 24	[MsgId: MMSG-17999]
2022-08-11 03:45:12.588 :   Account: jojo26/bean26	[MsgId: MMSG-17999]
2022-08-11 03:45:22.369 :   Login completed	[MsgId: MMSG-17999]
2022-08-11 03:45:26.274 :   Logout completed	[MsgId: MMSG-17999]
2022-08-11 03:47:18.590 : - Iteration: 25	[MsgId: MMSG-17999]
2022-08-11 03:47:18.590 :   Account: jojo26/bean26	[MsgId: MMSG-17999]
2022-08-11 03:47:28.612 :   Login completed	[MsgId: MMSG-17999]
2022-08-11 03:47:32.445 :   Logout completed	[MsgId: MMSG-17999]
2022-08-11 03:49:24.599 : - Iteration: 26	[MsgId: MMSG-17999]
2022-08-11 03:49:24.600 :   Account: jojo26/bean26	[MsgId: MMSG-17999]
2022-08-11 03:49:34.387 :   Login completed	[MsgId: MMSG-17999]
2022-08-11 03:49:40.219 :   Logout completed	[MsgId: MMSG-17999]
2022-08-11 03:51:30.610 : - Iteration: 27	[MsgId: MMSG-17999]
2022-08-11 03:51:30.610 :   Account: jojo26/bean26	[MsgId: MMSG-17999]
2022-08-11 03:51:44.385 :   Login completed	[MsgId: MMSG-17999]
2022-08-11 03:51:48.637 :   Logout completed	[MsgId: MMSG-17999]
2022-08-11 03:53:36.622 : - Iteration: 28	[MsgId: MMSG-17999]
2022-08-11 03:53:36.622 :   Account: jojo26/bean26	[MsgId: MMSG-17999]
2022-08-11 03:53:45.181 :   Login completed	[MsgId: MMSG-17999]
2022-08-11 03:53:49.424 :   Logout completed	[MsgId: MMSG-17999]
2022-08-11 03:55:42.635 : - Iteration: 29	[MsgId: MMSG-17999]
2022-08-11 03:55:42.635 :   Account: jojo26/bean26	[MsgId: MMSG-17999]
2022-08-11 03:55:48.998 :   Login completed	[MsgId: MMSG-17999]
2022-08-11 03:55:54.974 :   Logout completed	[MsgId: MMSG-17999]
2022-08-11 03:57:48.645 : - Iteration: 30	[MsgId: MMSG-17999]
2022-08-11 03:57:48.646 :   Account: jojo26/bean26	[MsgId: MMSG-17999]
2022-08-11 03:57:59.485 :   Login completed	[MsgId: MMSG-17999]
2022-08-11 03:58:05.613 :   Logout completed	[MsgId: MMSG-17999]
2022-08-11 03:59:54.659 : - Iteration: 31	[MsgId: MMSG-17999]
2022-08-11 03:59:54.659 :   Account: jojo26/bean26	[MsgId: MMSG-17999]
2022-08-11 04:00:03.919 :   Login completed	[MsgId: MMSG-17999]
2022-08-11 04:00:06.720 :   Logout completed	[MsgId: MMSG-17999]
2022-08-11 04:02:00.662 : - Iteration: 32	[MsgId: MMSG-17999]
2022-08-11 04:02:00.663 :   Account: jojo26/bean26	[MsgId: MMSG-17999]
2022-08-11 04:02:12.781 :   Login completed	[MsgId: MMSG-17999]
2022-08-11 04:02:19.090 :   Logout completed	[MsgId: MMSG-17999]
2022-08-11 04:04:06.677 : - Iteration: 33	[MsgId: MMSG-17999]
2022-08-11 04:04:06.678 :   Account: jojo26/bean26	[MsgId: MMSG-17999]
2022-08-11 04:04:12.410 :   Login completed	[MsgId: MMSG-17999]
2022-08-11 04:04:19.120 :   Logout completed	[MsgId: MMSG-17999]
2022-08-11 04:06:12.677 : - Iteration: 34	[MsgId: MMSG-17999]
2022-08-11 04:06:12.677 :   Account: jojo26/bean26	[MsgId: MMSG-17999]
2022-08-11 04:06:21.094 :   Login completed	[MsgId: MMSG-17999]
2022-08-11 04:06:28.292 :   Logout completed	[MsgId: MMSG-17999]
2022-08-11 04:08:18.685 : - Iteration: 35	[MsgId: MMSG-17999]
2022-08-11 04:08:18.686 :   Account: jojo26/bean26	[MsgId: MMSG-17999]
2022-08-11 04:08:24.790 :   Login completed	[MsgId: MMSG-17999]
2022-08-11 04:08:31.897 :   Logout completed	[MsgId: MMSG-17999]
2022-08-11 04:10:24.695 : - Iteration: 36	[MsgId: MMSG-17999]
2022-08-11 04:10:24.695 :   Account: jojo26/bean26	[MsgId: MMSG-17999]
2022-08-11 04:10:33.324 :   Login completed	[MsgId: MMSG-17999]
2022-08-11 04:10:38.627 :   Logout completed	[MsgId: MMSG-17999]
2022-08-11 04:12:30.706 : - Iteration: 37	[MsgId: MMSG-17999]
2022-08-11 04:12:30.706 :   Account: jojo26/bean26	[MsgId: MMSG-17999]
2022-08-11 04:12:46.279 :   Login completed	[MsgId: MMSG-17999]
2022-08-11 04:12:53.079 :   Logout completed	[MsgId: MMSG-17999]
2022-08-11 04:14:36.714 : - Iteration: 38	[MsgId: MMSG-17999]
2022-08-11 04:14:36.714 :   Account: jojo26/bean26	[MsgId: MMSG-17999]
2022-08-11 04:14:46.655 :   Login completed	[MsgId: MMSG-17999]
2022-08-11 04:14:49.796 :   Logout completed	[MsgId: MMSG-17999]
2022-08-11 04:16:42.720 : - Iteration: 39	[MsgId: MMSG-17999]
2022-08-11 04:16:42.721 :   Account: jojo26/bean26	[MsgId: MMSG-17999]
2022-08-11 04:16:55.566 :   Login completed	[MsgId: MMSG-17999]
2022-08-11 04:17:00.677 :   Logout completed	[MsgId: MMSG-17999]
2022-08-11 04:18:48.730 : - Iteration: 40	[MsgId: MMSG-17999]
2022-08-11 04:18:48.730 :   Account: jojo26/bean26	[MsgId: MMSG-17999]
2022-08-11 04:18:55.087 :   Login completed	[MsgId: MMSG-17999]
2022-08-11 04:19:00.116 :   Logout completed	[MsgId: MMSG-17999]
2022-08-11 04:20:54.737 : - Iteration: 41	[MsgId: MMSG-17999]
2022-08-11 04:20:54.737 :   Account: jojo26/bean26	[MsgId: MMSG-17999]
2022-08-11 04:21:08.793 :   Login completed	[MsgId: MMSG-17999]
2022-08-11 04:21:16.034 :   Logout completed	[MsgId: MMSG-17999]
2022-08-11 04:23:00.751 : - Iteration: 42	[MsgId: MMSG-17999]
2022-08-11 04:23:00.751 :   Account: jojo26/bean26	[MsgId: MMSG-17999]
2022-08-11 04:23:12.663 :   Login completed	[MsgId: MMSG-17999]
2022-08-11 04:23:19.642 :   Logout completed	[MsgId: MMSG-17999]
2022-08-11 04:25:06.761 : - Iteration: 43	[MsgId: MMSG-17999]
2022-08-11 04:25:06.761 :   Account: jojo26/bean26	[MsgId: MMSG-17999]
2022-08-11 04:25:22.293 :   Login completed	[MsgId: MMSG-17999]
2022-08-11 04:25:28.106 :   Logout completed	[MsgId: MMSG-17999]
2022-08-11 04:27:12.769 : - Iteration: 44	[MsgId: MMSG-17999]
2022-08-11 04:27:12.769 :   Account: jojo26/bean26	[MsgId: MMSG-17999]
2022-08-11 04:27:25.719 :   Login completed	[MsgId: MMSG-17999]
2022-08-11 04:27:29.326 :   Logout completed	[MsgId: MMSG-17999]
2022-08-11 04:29:18.785 : - Iteration: 45	[MsgId: MMSG-17999]
2022-08-11 04:29:18.785 :   Account: jojo26/bean26	[MsgId: MMSG-17999]
2022-08-11 04:29:30.426 :   Login completed	[MsgId: MMSG-17999]
2022-08-11 04:29:35.727 :   Logout completed	[MsgId: MMSG-17999]
2022-08-11 04:31:24.786 : - Iteration: 46	[MsgId: MMSG-17999]
2022-08-11 04:31:24.786 :   Account: jojo26/bean26	[MsgId: MMSG-17999]
2022-08-11 04:31:36.971 :   Login completed	[MsgId: MMSG-17999]
2022-08-11 04:31:43.116 :   Logout completed	[MsgId: MMSG-17999]
2022-08-11 04:33:30.794 : - Iteration: 47	[MsgId: MMSG-17999]
2022-08-11 04:33:30.794 :   Account: jojo26/bean26	[MsgId: MMSG-17999]
2022-08-11 04:33:42.075 :   Login completed	[MsgId: MMSG-17999]
2022-08-11 04:33:48.287 :   Logout completed	[MsgId: MMSG-17999]
2022-08-11 04:35:36.802 : - Iteration: 48	[MsgId: MMSG-17999]
2022-08-11 04:35:36.803 :   Account: jojo26/bean26	[MsgId: MMSG-17999]
2022-08-11 04:35:46.288 :   Login completed	[MsgId: MMSG-17999]
2022-08-11 04:35:51.881 :   Logout completed	[MsgId: MMSG-17999]
2022-08-11 04:37:42.810 : - Iteration: 49	[MsgId: MMSG-17999]
2022-08-11 04:37:42.810 :   Account: jojo26/bean26	[MsgId: MMSG-17999]
2022-08-11 04:37:55.822 :   Login completed	[MsgId: MMSG-17999]
2022-08-11 04:37:59.666 :   Logout completed	[MsgId: MMSG-17999]
2022-08-11 04:39:48.822 : - Iteration: 50	[MsgId: MMSG-17999]
2022-08-11 04:39:48.822 :   Account: jojo26/bean26	[MsgId: MMSG-17999]
2022-08-11 04:39:56.928 :   Login completed	[MsgId: MMSG-17999]
2022-08-11 04:40:00.776 :   Logout completed	[MsgId: MMSG-17999]
2022-08-11 04:41:54.835 : - Iteration: 51	[MsgId: MMSG-17999]
2022-08-11 04:41:54.836 :   Account: jojo26/bean26	[MsgId: MMSG-17999]
2022-08-11 04:42:06.972 :   Login completed	[MsgId: MMSG-17999]
2022-08-11 04:42:12.513 :   Logout completed	[MsgId: MMSG-17999]
2022-08-11 04:44:00.846 : - Iteration: 52	[MsgId: MMSG-17999]
2022-08-11 04:44:00.846 :   Account: jojo26/bean26	[MsgId: MMSG-17999]
2022-08-11 04:44:15.424 :   Login completed	[MsgId: MMSG-17999]
2022-08-11 04:44:22.244 :   Logout completed	[MsgId: MMSG-17999]
2022-08-11 04:46:06.849 : - Iteration: 53	[MsgId: MMSG-17999]
2022-08-11 04:46:06.849 :   Account: jojo26/bean26	[MsgId: MMSG-17999]
2022-08-11 04:46:12.788 :   Login completed	[MsgId: MMSG-17999]
2022-08-11 04:46:18.270 :   Logout completed	[MsgId: MMSG-17999]
2022-08-11 04:48:12.859 : - Iteration: 54	[MsgId: MMSG-17999]
2022-08-11 04:48:12.859 :   Account: jojo26/bean26	[MsgId: MMSG-17999]
2022-08-11 04:48:27.674 :   Login completed	[MsgId: MMSG-17999]
2022-08-11 04:48:34.190 :   Logout completed	[MsgId: MMSG-17999]
2022-08-11 04:50:18.868 : - Iteration: 55	[MsgId: MMSG-17999]
2022-08-11 04:50:18.868 :   Account: jojo26/bean26	[MsgId: MMSG-17999]
2022-08-11 04:50:29.118 :   Login completed	[MsgId: MMSG-17999]
2022-08-11 04:50:36.786 :   Logout completed	[MsgId: MMSG-17999]
2022-08-11 04:52:24.880 : - Iteration: 56	[MsgId: MMSG-17999]
2022-08-11 04:52:24.880 :   Account: jojo26/bean26	[MsgId: MMSG-17999]
2022-08-11 04:52:35.130 :   Login completed	[MsgId: MMSG-17999]
2022-08-11 04:52:41.941 :   Logout completed	[MsgId: MMSG-17999]
2022-08-11 04:54:30.881 : - Iteration: 57	[MsgId: MMSG-17999]
2022-08-11 04:54:30.881 :   Account: jojo26/bean26	[MsgId: MMSG-17999]
2022-08-11 04:54:36.506 :   Login completed	[MsgId: MMSG-17999]
2022-08-11 04:54:43.329 :   Logout completed	[MsgId: MMSG-17999]
2022-08-11 04:56:36.893 : - Iteration: 58	[MsgId: MMSG-17999]
2022-08-11 04:56:36.893 :   Account: jojo26/bean26	[MsgId: MMSG-17999]
2022-08-11 04:56:48.029 :   Login completed	[MsgId: MMSG-17999]
2022-08-11 04:56:51.722 :   Logout completed	[MsgId: MMSG-17999]
2022-08-11 04:58:42.896 : - Iteration: 59	[MsgId: MMSG-17999]
2022-08-11 04:58:42.897 :   Account: jojo26/bean26	[MsgId: MMSG-17999]
2022-08-11 04:58:50.380 :   Login completed	[MsgId: MMSG-17999]
2022-08-11 04:58:55.120 :   Logout completed	[MsgId: MMSG-17999]
2022-08-11 05:00:48.905 : - Iteration: 60	[MsgId: MMSG-17999]
2022-08-11 05:00:48.905 :   Account: jojo26/bean26	[MsgId: MMSG-17999]
2022-08-11 05:01:04.420 :   Login completed	[MsgId: MMSG-17999]
2022-08-11 05:01:08.824 :   Logout completed	[MsgId: MMSG-17999]
2022-08-11 05:02:54.915 : - Iteration: 61	[MsgId: MMSG-17999]
2022-08-11 05:02:54.915 :   Account: jojo26/bean26	[MsgId: MMSG-17999]
2022-08-11 05:03:08.940 :   Login completed	[MsgId: MMSG-17999]
2022-08-11 05:03:15.836 :   Logout completed	[MsgId: MMSG-17999]
2022-08-11 05:05:00.913 : - Iteration: 62	[MsgId: MMSG-17999]
2022-08-11 05:05:00.914 :   Account: jojo26/bean26	[MsgId: MMSG-17999]
2022-08-11 05:05:07.469 :   Login completed	[MsgId: MMSG-17999]
2022-08-11 05:05:14.274 :   Logout completed	[MsgId: MMSG-17999]
2022-08-11 05:07:06.924 : - Iteration: 63	[MsgId: MMSG-17999]
2022-08-11 05:07:06.924 :   Account: jojo26/bean26	[MsgId: MMSG-17999]
2022-08-11 05:07:16.154 :   Login completed	[MsgId: MMSG-17999]
2022-08-11 05:07:20.492 :   Logout completed	[MsgId: MMSG-17999]
