2022-08-11 01:55:05.820 : URL = localhost:1080	[MsgId: MMSG-17999]
2022-08-11 01:55:05.853 : - Iteration: 1	[MsgId: MMSG-17999]
2022-08-11 01:55:05.853 :   Account: jojo19/bean19	[MsgId: MMSG-17999]
2022-08-11 01:55:19.191 :   Login completed	[MsgId: MMSG-17999]
2022-08-11 01:55:23.074 :   Logout completed	[MsgId: MMSG-17999]
2022-08-11 01:57:11.860 : - Iteration: 2	[MsgId: MMSG-17999]
2022-08-11 01:57:11.861 :   Account: jojo19/bean19	[MsgId: MMSG-17999]
2022-08-11 01:57:26.986 :   Login completed	[MsgId: MMSG-17999]
2022-08-11 01:57:31.753 :   Logout completed	[MsgId: MMSG-17999]
2022-08-11 01:59:17.873 : - Iteration: 3	[MsgId: MMSG-17999]
2022-08-11 01:59:17.874 :   Account: jojo19/bean19	[MsgId: MMSG-17999]
2022-08-11 01:59:32.812 :   Login completed	[MsgId: MMSG-17999]
2022-08-11 01:59:37.857 :   Logout completed	[MsgId: MMSG-17999]
2022-08-11 02:01:23.882 : - Iteration: 4	[MsgId: MMSG-17999]
2022-08-11 02:01:23.882 :   Account: jojo19/bean19	[MsgId: MMSG-17999]
2022-08-11 02:01:35.925 :   Login completed	[MsgId: MMSG-17999]
2022-08-11 02:01:41.294 :   Logout completed	[MsgId: MMSG-17999]
2022-08-11 02:03:29.885 : - Iteration: 5	[MsgId: MMSG-17999]
2022-08-11 02:03:29.885 :   Account: jojo19/bean19	[MsgId: MMSG-17999]
2022-08-11 02:03:42.129 :   Login completed	[MsgId: MMSG-17999]
2022-08-11 02:03:48.258 :   Logout completed	[MsgId: MMSG-17999]
2022-08-11 02:05:35.888 : - Iteration: 6	[MsgId: MMSG-17999]
2022-08-11 02:05:35.889 :   Account: jojo19/bean19	[MsgId: MMSG-17999]
2022-08-11 02:05:51.020 :   Login completed	[MsgId: MMSG-17999]
2022-08-11 02:05:57.609 :   Logout completed	[MsgId: MMSG-17999]
2022-08-11 02:07:41.898 : - Iteration: 7	[MsgId: MMSG-17999]
2022-08-11 02:07:41.899 :   Account: jojo19/bean19	[MsgId: MMSG-17999]
2022-08-11 02:07:51.091 :   Login completed	[MsgId: MMSG-17999]
2022-08-11 02:07:57.380 :   Logout completed	[MsgId: MMSG-17999]
2022-08-11 02:09:47.909 : - Iteration: 8	[MsgId: MMSG-17999]
2022-08-11 02:09:47.909 :   Account: jojo19/bean19	[MsgId: MMSG-17999]
2022-08-11 02:10:00.874 :   Login completed	[MsgId: MMSG-17999]
2022-08-11 02:10:03.691 :   Logout completed	[MsgId: MMSG-17999]
2022-08-11 02:11:53.921 : - Iteration: 9	[MsgId: MMSG-17999]
2022-08-11 02:11:53.921 :   Account: jojo19/bean19	[MsgId: MMSG-17999]
2022-08-11 02:12:00.913 :   Login completed	[MsgId: MMSG-17999]
2022-08-11 02:12:06.196 :   Logout completed	[MsgId: MMSG-17999]
2022-08-11 02:13:59.929 : - Iteration: 10	[MsgId: MMSG-17999]
2022-08-11 02:13:59.929 :   Account: jojo19/bean19	[MsgId: MMSG-17999]
2022-08-11 02:14:08.120 :   Login completed	[MsgId: MMSG-17999]
2022-08-11 02:14:15.359 :   Logout completed	[MsgId: MMSG-17999]
2022-08-11 02:16:05.938 : - Iteration: 11	[MsgId: MMSG-17999]
2022-08-11 02:16:05.939 :   Account: jojo19/bean19	[MsgId: MMSG-17999]
2022-08-11 02:16:17.592 :   Login completed	[MsgId: MMSG-17999]
2022-08-11 02:16:22.449 :   Logout completed	[MsgId: MMSG-17999]
2022-08-11 02:18:11.952 : - Iteration: 12	[MsgId: MMSG-17999]
2022-08-11 02:18:11.953 :   Account: jojo19/bean19	[MsgId: MMSG-17999]
2022-08-11 02:18:18.354 :   Login completed	[MsgId: MMSG-17999]
2022-08-11 02:18:24.081 :   Logout completed	[MsgId: MMSG-17999]
2022-08-11 02:20:17.955 : - Iteration: 13	[MsgId: MMSG-17999]
2022-08-11 02:20:17.955 :   Account: jojo19/bean19	[MsgId: MMSG-17999]
2022-08-11 02:20:29.137 :   Login completed	[MsgId: MMSG-17999]
2022-08-11 02:20:34.351 :   Logout completed	[MsgId: MMSG-17999]
2022-08-11 02:22:23.958 : - Iteration: 14	[MsgId: MMSG-17999]
2022-08-11 02:22:23.958 :   Account: jojo19/bean19	[MsgId: MMSG-17999]
2022-08-11 02:22:30.442 :   Login completed	[MsgId: MMSG-17999]
2022-08-11 02:22:34.239 :   Logout completed	[MsgId: MMSG-17999]
2022-08-11 02:24:29.969 : - Iteration: 15	[MsgId: MMSG-17999]
2022-08-11 02:24:29.969 :   Account: jojo19/bean19	[MsgId: MMSG-17999]
2022-08-11 02:24:42.591 :   Login completed	[MsgId: MMSG-17999]
2022-08-11 02:24:49.199 :   Logout completed	[MsgId: MMSG-17999]
2022-08-11 02:26:35.969 : - Iteration: 16	[MsgId: MMSG-17999]
2022-08-11 02:26:35.970 :   Account: jojo19/bean19	[MsgId: MMSG-17999]
2022-08-11 02:26:50.983 :   Login completed	[MsgId: MMSG-17999]
2022-08-11 02:26:56.183 :   Logout completed	[MsgId: MMSG-17999]
2022-08-11 02:28:41.976 : - Iteration: 17	[MsgId: MMSG-17999]
2022-08-11 02:28:41.977 :   Account: jojo19/bean19	[MsgId: MMSG-17999]
2022-08-11 02:28:51.777 :   Login completed	[MsgId: MMSG-17999]
2022-08-11 02:28:59.112 :   Logout completed	[MsgId: MMSG-17999]
2022-08-11 02:30:47.990 : - Iteration: 18	[MsgId: MMSG-17999]
2022-08-11 02:30:47.990 :   Account: jojo19/bean19	[MsgId: MMSG-17999]
2022-08-11 02:30:57.205 :   Login completed	[MsgId: MMSG-17999]
2022-08-11 02:31:01.557 :   Logout completed	[MsgId: MMSG-17999]
2022-08-11 02:32:53.995 : - Iteration: 19	[MsgId: MMSG-17999]
2022-08-11 02:32:53.995 :   Account: jojo19/bean19	[MsgId: MMSG-17999]
2022-08-11 02:33:07.393 :   Login completed	[MsgId: MMSG-17999]
2022-08-11 02:33:13.025 :   Logout completed	[MsgId: MMSG-17999]
2022-08-11 02:35:00.010 : - Iteration: 20	[MsgId: MMSG-17999]
2022-08-11 02:35:00.010 :   Account: jojo19/bean19	[MsgId: MMSG-17999]
2022-08-11 02:35:11.323 :   Login completed	[MsgId: MMSG-17999]
2022-08-11 02:35:14.325 :   Logout completed	[MsgId: MMSG-17999]
2022-08-11 02:37:06.025 : - Iteration: 21	[MsgId: MMSG-17999]
2022-08-11 02:37:06.026 :   Account: jojo19/bean19	[MsgId: MMSG-17999]
2022-08-11 02:37:12.214 :   Login completed	[MsgId: MMSG-17999]
2022-08-11 02:37:15.905 :   Logout completed	[MsgId: MMSG-17999]
2022-08-11 02:39:12.034 : - Iteration: 22	[MsgId: MMSG-17999]
2022-08-11 02:39:12.034 :   Account: jojo19/bean19	[MsgId: MMSG-17999]
2022-08-11 02:39:26.792 :   Login completed	[MsgId: MMSG-17999]
2022-08-11 02:39:31.627 :   Logout completed	[MsgId: MMSG-17999]
2022-08-11 02:41:18.047 : - Iteration: 23	[MsgId: MMSG-17999]
2022-08-11 02:41:18.048 :   Account: jojo19/bean19	[MsgId: MMSG-17999]
2022-08-11 02:41:28.772 :   Login completed	[MsgId: MMSG-17999]
2022-08-11 02:41:35.727 :   Logout completed	[MsgId: MMSG-17999]
2022-08-11 02:43:24.053 : - Iteration: 24	[MsgId: MMSG-17999]
2022-08-11 02:43:24.053 :   Account: jojo19/bean19	[MsgId: MMSG-17999]
2022-08-11 02:43:38.566 :   Login completed	[MsgId: MMSG-17999]
2022-08-11 02:43:43.197 :   Logout completed	[MsgId: MMSG-17999]
2022-08-11 02:45:30.065 : - Iteration: 25	[MsgId: MMSG-17999]
2022-08-11 02:45:30.065 :   Account: jojo19/bean19	[MsgId: MMSG-17999]
2022-08-11 02:45:38.757 :   Login completed	[MsgId: MMSG-17999]
2022-08-11 02:45:45.680 :   Logout completed	[MsgId: MMSG-17999]
2022-08-11 02:47:36.076 : - Iteration: 26	[MsgId: MMSG-17999]
2022-08-11 02:47:36.077 :   Account: jojo19/bean19	[MsgId: MMSG-17999]
2022-08-11 02:47:45.905 :   Login completed	[MsgId: MMSG-17999]
2022-08-11 02:47:53.134 :   Logout completed	[MsgId: MMSG-17999]
2022-08-11 02:49:42.077 : - Iteration: 27	[MsgId: MMSG-17999]
2022-08-11 02:49:42.078 :   Account: jojo19/bean19	[MsgId: MMSG-17999]
2022-08-11 02:49:57.206 :   Login completed	[MsgId: MMSG-17999]
2022-08-11 02:50:00.021 :   Logout completed	[MsgId: MMSG-17999]
2022-08-11 02:51:48.085 : - Iteration: 28	[MsgId: MMSG-17999]
2022-08-11 02:51:48.086 :   Account: jojo19/bean19	[MsgId: MMSG-17999]
2022-08-11 02:52:01.485 :   Login completed	[MsgId: MMSG-17999]
2022-08-11 02:52:07.545 :   Logout completed	[MsgId: MMSG-17999]
2022-08-11 02:53:54.087 : - Iteration: 29	[MsgId: MMSG-17999]
2022-08-11 02:53:54.088 :   Account: jojo19/bean19	[MsgId: MMSG-17999]
2022-08-11 02:54:04.264 :   Login completed	[MsgId: MMSG-17999]
2022-08-11 02:54:07.205 :   Logout completed	[MsgId: MMSG-17999]
2022-08-11 02:56:00.096 : - Iteration: 30	[MsgId: MMSG-17999]
2022-08-11 02:56:00.097 :   Account: jojo19/bean19	[MsgId: MMSG-17999]
2022-08-11 02:56:10.857 :   Login completed	[MsgId: MMSG-17999]
2022-08-11 02:56:17.374 :   Logout completed	[MsgId: MMSG-17999]
2022-08-11 02:58:06.110 : - Iteration: 31	[MsgId: MMSG-17999]
2022-08-11 02:58:06.111 :   Account: jojo19/bean19	[MsgId: MMSG-17999]
2022-08-11 02:58:14.802 :   Login completed	[MsgId: MMSG-17999]
2022-08-11 02:58:22.452 :   Logout completed	[MsgId: MMSG-17999]
2022-08-11 03:00:12.122 : - Iteration: 32	[MsgId: MMSG-17999]
2022-08-11 03:00:12.122 :   Account: jojo19/bean19	[MsgId: MMSG-17999]
2022-08-11 03:00:20.406 :   Login completed	[MsgId: MMSG-17999]
2022-08-11 03:00:28.063 :   Logout completed	[MsgId: MMSG-17999]
2022-08-11 03:02:18.124 : - Iteration: 33	[MsgId: MMSG-17999]
2022-08-11 03:02:18.125 :   Account: jojo19/bean19	[MsgId: MMSG-17999]
2022-08-11 03:02:25.213 :   Login completed	[MsgId: MMSG-17999]
2022-08-11 03:02:29.527 :   Logout completed	[MsgId: MMSG-17999]
2022-08-11 03:04:24.126 : - Iteration: 34	[MsgId: MMSG-17999]
2022-08-11 03:04:24.127 :   Account: jojo19/bean19	[MsgId: MMSG-17999]
2022-08-11 03:04:34.190 :   Login completed	[MsgId: MMSG-17999]
2022-08-11 03:04:37.004 :   Logout completed	[MsgId: MMSG-17999]
2022-08-11 03:06:30.125 : - Iteration: 35	[MsgId: MMSG-17999]
2022-08-11 03:06:30.126 :   Account: jojo19/bean19	[MsgId: MMSG-17999]
2022-08-11 03:06:43.085 :   Login completed	[MsgId: MMSG-17999]
2022-08-11 03:06:50.489 :   Logout completed	[MsgId: MMSG-17999]
2022-08-11 03:08:36.133 : - Iteration: 36	[MsgId: MMSG-17999]
2022-08-11 03:08:36.133 :   Account: jojo19/bean19	[MsgId: MMSG-17999]
2022-08-11 03:08:47.987 :   Login completed	[MsgId: MMSG-17999]
2022-08-11 03:08:55.108 :   Logout completed	[MsgId: MMSG-17999]
2022-08-11 03:10:42.145 : - Iteration: 37	[MsgId: MMSG-17999]
2022-08-11 03:10:42.145 :   Account: jojo19/bean19	[MsgId: MMSG-17999]
2022-08-11 03:10:51.833 :   Login completed	[MsgId: MMSG-17999]
2022-08-11 03:10:57.012 :   Logout completed	[MsgId: MMSG-17999]
2022-08-11 03:12:48.154 : - Iteration: 38	[MsgId: MMSG-17999]
2022-08-11 03:12:48.155 :   Account: jojo19/bean19	[MsgId: MMSG-17999]
2022-08-11 03:13:00.153 :   Login completed	[MsgId: MMSG-17999]
2022-08-11 03:13:06.731 :   Logout completed	[MsgId: MMSG-17999]
2022-08-11 03:14:54.160 : - Iteration: 39	[MsgId: MMSG-17999]
2022-08-11 03:14:54.161 :   Account: jojo19/bean19	[MsgId: MMSG-17999]
2022-08-11 03:15:01.308 :   Login completed	[MsgId: MMSG-17999]
2022-08-11 03:15:08.064 :   Logout completed	[MsgId: MMSG-17999]
2022-08-11 03:17:00.166 : - Iteration: 40	[MsgId: MMSG-17999]
2022-08-11 03:17:00.167 :   Account: jojo19/bean19	[MsgId: MMSG-17999]
2022-08-11 03:17:12.397 :   Login completed	[MsgId: MMSG-17999]
2022-08-11 03:17:19.436 :   Logout completed	[MsgId: MMSG-17999]
2022-08-11 03:19:06.175 : - Iteration: 41	[MsgId: MMSG-17999]
2022-08-11 03:19:06.175 :   Account: jojo19/bean19	[MsgId: MMSG-17999]
2022-08-11 03:19:19.393 :   Login completed	[MsgId: MMSG-17999]
2022-08-11 03:19:26.612 :   Logout completed	[MsgId: MMSG-17999]
2022-08-11 03:21:12.184 : - Iteration: 42	[MsgId: MMSG-17999]
2022-08-11 03:21:12.184 :   Account: jojo19/bean19	[MsgId: MMSG-17999]
2022-08-11 03:21:20.056 :   Login completed	[MsgId: MMSG-17999]
2022-08-11 03:21:24.962 :   Logout completed	[MsgId: MMSG-17999]
2022-08-11 03:23:18.196 : - Iteration: 43	[MsgId: MMSG-17999]
2022-08-11 03:23:18.196 :   Account: jojo19/bean19	[MsgId: MMSG-17999]
2022-08-11 03:23:29.477 :   Login completed	[MsgId: MMSG-17999]
2022-08-11 03:23:34.080 :   Logout completed	[MsgId: MMSG-17999]
2022-08-11 03:25:24.203 : - Iteration: 44	[MsgId: MMSG-17999]
2022-08-11 03:25:24.203 :   Account: jojo19/bean19	[MsgId: MMSG-17999]
2022-08-11 03:25:32.214 :   Login completed	[MsgId: MMSG-17999]
2022-08-11 03:25:35.028 :   Logout completed	[MsgId: MMSG-17999]
2022-08-11 03:27:30.220 : - Iteration: 45	[MsgId: MMSG-17999]
2022-08-11 03:27:30.221 :   Account: jojo19/bean19	[MsgId: MMSG-17999]
2022-08-11 03:27:40.261 :   Login completed	[MsgId: MMSG-17999]
2022-08-11 03:27:45.188 :   Logout completed	[MsgId: MMSG-17999]
2022-08-11 03:29:36.226 : - Iteration: 46	[MsgId: MMSG-17999]
2022-08-11 03:29:36.226 :   Account: jojo19/bean19	[MsgId: MMSG-17999]
2022-08-11 03:29:50.510 :   Login completed	[MsgId: MMSG-17999]
2022-08-11 03:29:54.581 :   Logout completed	[MsgId: MMSG-17999]
2022-08-11 03:31:42.229 : - Iteration: 47	[MsgId: MMSG-17999]
2022-08-11 03:31:42.229 :   Account: jojo19/bean19	[MsgId: MMSG-17999]
2022-08-11 03:31:49.312 :   Login completed	[MsgId: MMSG-17999]
2022-08-11 03:31:55.086 :   Logout completed	[MsgId: MMSG-17999]
2022-08-11 03:33:48.237 : - Iteration: 48	[MsgId: MMSG-17999]
2022-08-11 03:33:48.237 :   Account: jojo19/bean19	[MsgId: MMSG-17999]
2022-08-11 03:34:02.346 :   Login completed	[MsgId: MMSG-17999]
2022-08-11 03:34:09.929 :   Logout completed	[MsgId: MMSG-17999]
2022-08-11 03:35:54.252 : - Iteration: 49	[MsgId: MMSG-17999]
2022-08-11 03:35:54.252 :   Account: jojo19/bean19	[MsgId: MMSG-17999]
2022-08-11 03:36:01.845 :   Login completed	[MsgId: MMSG-17999]
2022-08-11 03:36:07.281 :   Logout completed	[MsgId: MMSG-17999]
2022-08-11 03:38:00.251 : - Iteration: 50	[MsgId: MMSG-17999]
2022-08-11 03:38:00.251 :   Account: jojo19/bean19	[MsgId: MMSG-17999]
2022-08-11 03:38:08.353 :   Login completed	[MsgId: MMSG-17999]
2022-08-11 03:38:15.003 :   Logout completed	[MsgId: MMSG-17999]
2022-08-11 03:40:06.255 : - Iteration: 51	[MsgId: MMSG-17999]
2022-08-11 03:40:06.255 :   Account: jojo19/bean19	[MsgId: MMSG-17999]
2022-08-11 03:40:20.034 :   Login completed	[MsgId: MMSG-17999]
2022-08-11 03:40:23.749 :   Logout completed	[MsgId: MMSG-17999]
2022-08-11 03:42:12.270 : - Iteration: 52	[MsgId: MMSG-17999]
2022-08-11 03:42:12.271 :   Account: jojo19/bean19	[MsgId: MMSG-17999]
2022-08-11 03:42:18.213 :   Login completed	[MsgId: MMSG-17999]
2022-08-11 03:42:22.043 :   Logout completed	[MsgId: MMSG-17999]
2022-08-11 03:44:18.284 : - Iteration: 53	[MsgId: MMSG-17999]
2022-08-11 03:44:18.284 :   Account: jojo19/bean19	[MsgId: MMSG-17999]
2022-08-11 03:44:30.426 :   Login completed	[MsgId: MMSG-17999]
2022-08-11 03:44:36.873 :   Logout completed	[MsgId: MMSG-17999]
2022-08-11 03:46:24.292 : - Iteration: 54	[MsgId: MMSG-17999]
2022-08-11 03:46:24.293 :   Account: jojo19/bean19	[MsgId: MMSG-17999]
2022-08-11 03:46:38.905 :   Login completed	[MsgId: MMSG-17999]
2022-08-11 03:46:45.256 :   Logout completed	[MsgId: MMSG-17999]
2022-08-11 03:48:30.310 : - Iteration: 55	[MsgId: MMSG-17999]
2022-08-11 03:48:30.310 :   Account: jojo19/bean19	[MsgId: MMSG-17999]
2022-08-11 03:48:37.203 :   Login completed	[MsgId: MMSG-17999]
2022-08-11 03:48:43.277 :   Logout completed	[MsgId: MMSG-17999]
2022-08-11 03:50:36.324 : - Iteration: 56	[MsgId: MMSG-17999]
2022-08-11 03:50:36.325 :   Account: jojo19/bean19	[MsgId: MMSG-17999]
2022-08-11 03:50:47.808 :   Login completed	[MsgId: MMSG-17999]
2022-08-11 03:50:54.277 :   Logout completed	[MsgId: MMSG-17999]
2022-08-11 03:52:42.326 : - Iteration: 57	[MsgId: MMSG-17999]
2022-08-11 03:52:42.327 :   Account: jojo19/bean19	[MsgId: MMSG-17999]
2022-08-11 03:52:54.816 :   Login completed	[MsgId: MMSG-17999]
2022-08-11 03:53:02.492 :   Logout completed	[MsgId: MMSG-17999]
2022-08-11 03:54:48.336 : - Iteration: 58	[MsgId: MMSG-17999]
2022-08-11 03:54:48.336 :   Account: jojo19/bean19	[MsgId: MMSG-17999]
2022-08-11 03:54:58.829 :   Login completed	[MsgId: MMSG-17999]
2022-08-11 03:55:02.477 :   Logout completed	[MsgId: MMSG-17999]
2022-08-11 03:56:54.344 : - Iteration: 59	[MsgId: MMSG-17999]
2022-08-11 03:56:54.345 :   Account: jojo19/bean19	[MsgId: MMSG-17999]
2022-08-11 03:57:04.254 :   Login completed	[MsgId: MMSG-17999]
2022-08-11 03:57:08.718 :   Logout completed	[MsgId: MMSG-17999]
2022-08-11 03:59:00.358 : - Iteration: 60	[MsgId: MMSG-17999]
2022-08-11 03:59:00.358 :   Account: jojo19/bean19	[MsgId: MMSG-17999]
2022-08-11 03:59:13.409 :   Login completed	[MsgId: MMSG-17999]
2022-08-11 03:59:19.242 :   Logout completed	[MsgId: MMSG-17999]
2022-08-11 04:01:06.373 : - Iteration: 61	[MsgId: MMSG-17999]
2022-08-11 04:01:06.373 :   Account: jojo19/bean19	[MsgId: MMSG-17999]
2022-08-11 04:01:20.427 :   Login completed	[MsgId: MMSG-17999]
2022-08-11 04:01:25.624 :   Logout completed	[MsgId: MMSG-17999]
2022-08-11 04:03:12.382 : - Iteration: 62	[MsgId: MMSG-17999]
2022-08-11 04:03:12.383 :   Account: jojo19/bean19	[MsgId: MMSG-17999]
2022-08-11 04:03:21.351 :   Login completed	[MsgId: MMSG-17999]
2022-08-11 04:03:27.089 :   Logout completed	[MsgId: MMSG-17999]
2022-08-11 04:05:18.391 : - Iteration: 63	[MsgId: MMSG-17999]
2022-08-11 04:05:18.391 :   Account: jojo19/bean19	[MsgId: MMSG-17999]
2022-08-11 04:05:32.832 :   Login completed	[MsgId: MMSG-17999]
2022-08-11 04:05:37.647 :   Logout completed	[MsgId: MMSG-17999]
2022-08-11 04:07:24.403 : - Iteration: 64	[MsgId: MMSG-17999]
2022-08-11 04:07:24.403 :   Account: jojo19/bean19	[MsgId: MMSG-17999]
2022-08-11 04:07:31.370 :   Login completed	[MsgId: MMSG-17999]
2022-08-11 04:07:38.668 :   Logout completed	[MsgId: MMSG-17999]
2022-08-11 04:09:30.407 : - Iteration: 65	[MsgId: MMSG-17999]
2022-08-11 04:09:30.408 :   Account: jojo19/bean19	[MsgId: MMSG-17999]
2022-08-11 04:09:36.486 :   Login completed	[MsgId: MMSG-17999]
2022-08-11 04:09:40.122 :   Logout completed	[MsgId: MMSG-17999]
2022-08-11 04:11:36.414 : - Iteration: 66	[MsgId: MMSG-17999]
2022-08-11 04:11:36.414 :   Account: jojo19/bean19	[MsgId: MMSG-17999]
2022-08-11 04:11:43.573 :   Login completed	[MsgId: MMSG-17999]
2022-08-11 04:11:47.961 :   Logout completed	[MsgId: MMSG-17999]
2022-08-11 04:13:42.423 : - Iteration: 67	[MsgId: MMSG-17999]
2022-08-11 04:13:42.424 :   Account: jojo19/bean19	[MsgId: MMSG-17999]
2022-08-11 04:13:53.237 :   Login completed	[MsgId: MMSG-17999]
2022-08-11 04:13:58.454 :   Logout completed	[MsgId: MMSG-17999]
2022-08-11 04:15:48.431 : - Iteration: 68	[MsgId: MMSG-17999]
2022-08-11 04:15:48.432 :   Account: jojo19/bean19	[MsgId: MMSG-17999]
2022-08-11 04:15:57.260 :   Login completed	[MsgId: MMSG-17999]
2022-08-11 04:16:00.072 :   Logout completed	[MsgId: MMSG-17999]
2022-08-11 04:17:54.446 : - Iteration: 69	[MsgId: MMSG-17999]
2022-08-11 04:17:54.446 :   Account: jojo19/bean19	[MsgId: MMSG-17999]
2022-08-11 04:18:07.501 :   Login completed	[MsgId: MMSG-17999]
2022-08-11 04:18:11.180 :   Logout completed	[MsgId: MMSG-17999]
2022-08-11 04:20:00.448 : - Iteration: 70	[MsgId: MMSG-17999]
2022-08-11 04:20:00.449 :   Account: jojo19/bean19	[MsgId: MMSG-17999]
2022-08-11 04:20:10.390 :   Login completed	[MsgId: MMSG-17999]
2022-08-11 04:20:15.810 :   Logout completed	[MsgId: MMSG-17999]
2022-08-11 04:22:06.463 : - Iteration: 71	[MsgId: MMSG-17999]
2022-08-11 04:22:06.463 :   Account: jojo19/bean19	[MsgId: MMSG-17999]
2022-08-11 04:22:14.675 :   Login completed	[MsgId: MMSG-17999]
2022-08-11 04:22:20.174 :   Logout completed	[MsgId: MMSG-17999]
2022-08-11 04:24:12.466 : - Iteration: 72	[MsgId: MMSG-17999]
2022-08-11 04:24:12.467 :   Account: jojo19/bean19	[MsgId: MMSG-17999]
2022-08-11 04:24:23.056 :   Login completed	[MsgId: MMSG-17999]
2022-08-11 04:24:27.948 :   Logout completed	[MsgId: MMSG-17999]
2022-08-11 04:26:18.474 : - Iteration: 73	[MsgId: MMSG-17999]
2022-08-11 04:26:18.475 :   Account: jojo19/bean19	[MsgId: MMSG-17999]
2022-08-11 04:26:30.897 :   Login completed	[MsgId: MMSG-17999]
2022-08-11 04:26:36.461 :   Logout completed	[MsgId: MMSG-17999]
2022-08-11 04:28:24.473 : - Iteration: 74	[MsgId: MMSG-17999]
2022-08-11 04:28:24.474 :   Account: jojo19/bean19	[MsgId: MMSG-17999]
2022-08-11 04:28:30.053 :   Login completed	[MsgId: MMSG-17999]
2022-08-11 04:28:35.255 :   Logout completed	[MsgId: MMSG-17999]
2022-08-11 04:30:30.489 : - Iteration: 75	[MsgId: MMSG-17999]
2022-08-11 04:30:30.489 :   Account: jojo19/bean19	[MsgId: MMSG-17999]
2022-08-11 04:30:42.186 :   Login completed	[MsgId: MMSG-17999]
2022-08-11 04:30:48.079 :   Logout completed	[MsgId: MMSG-17999]
2022-08-11 04:32:36.502 : - Iteration: 76	[MsgId: MMSG-17999]
2022-08-11 04:32:36.502 :   Account: jojo19/bean19	[MsgId: MMSG-17999]
2022-08-11 04:32:46.071 :   Login completed	[MsgId: MMSG-17999]
2022-08-11 04:32:51.960 :   Logout completed	[MsgId: MMSG-17999]
2022-08-11 04:34:42.508 : - Iteration: 77	[MsgId: MMSG-17999]
2022-08-11 04:34:42.509 :   Account: jojo19/bean19	[MsgId: MMSG-17999]
2022-08-11 04:34:49.376 :   Login completed	[MsgId: MMSG-17999]
2022-08-11 04:34:52.531 :   Logout completed	[MsgId: MMSG-17999]
2022-08-11 04:36:48.521 : - Iteration: 78	[MsgId: MMSG-17999]
2022-08-11 04:36:48.521 :   Account: jojo19/bean19	[MsgId: MMSG-17999]
2022-08-11 04:37:02.732 :   Login completed	[MsgId: MMSG-17999]
2022-08-11 04:37:06.197 :   Logout completed	[MsgId: MMSG-17999]
2022-08-11 04:38:54.530 : - Iteration: 79	[MsgId: MMSG-17999]
2022-08-11 04:38:54.530 :   Account: jojo19/bean19	[MsgId: MMSG-17999]
2022-08-11 04:39:04.440 :   Login completed	[MsgId: MMSG-17999]
2022-08-11 04:39:09.642 :   Logout completed	[MsgId: MMSG-17999]
2022-08-11 04:41:00.544 : - Iteration: 80	[MsgId: MMSG-17999]
2022-08-11 04:41:00.544 :   Account: jojo19/bean19	[MsgId: MMSG-17999]
2022-08-11 04:41:11.279 :   Login completed	[MsgId: MMSG-17999]
2022-08-11 04:41:17.325 :   Logout completed	[MsgId: MMSG-17999]
2022-08-11 04:43:06.545 : - Iteration: 81	[MsgId: MMSG-17999]
2022-08-11 04:43:06.546 :   Account: jojo19/bean19	[MsgId: MMSG-17999]
2022-08-11 04:43:16.649 :   Login completed	[MsgId: MMSG-17999]
2022-08-11 04:43:21.051 :   Logout completed	[MsgId: MMSG-17999]
2022-08-11 04:45:12.551 : - Iteration: 82	[MsgId: MMSG-17999]
2022-08-11 04:45:12.551 :   Account: jojo19/bean19	[MsgId: MMSG-17999]
2022-08-11 04:45:21.908 :   Login completed	[MsgId: MMSG-17999]
2022-08-11 04:45:26.199 :   Logout completed	[MsgId: MMSG-17999]
2022-08-11 04:47:18.559 : - Iteration: 83	[MsgId: MMSG-17999]
2022-08-11 04:47:18.560 :   Account: jojo19/bean19	[MsgId: MMSG-17999]
2022-08-11 04:47:33.479 :   Login completed	[MsgId: MMSG-17999]
2022-08-11 04:47:38.738 :   Logout completed	[MsgId: MMSG-17999]
2022-08-11 04:49:24.561 : - Iteration: 84	[MsgId: MMSG-17999]
2022-08-11 04:49:24.562 :   Account: jojo19/bean19	[MsgId: MMSG-17999]
2022-08-11 04:49:39.112 :   Login completed	[MsgId: MMSG-17999]
2022-08-11 04:49:45.156 :   Logout completed	[MsgId: MMSG-17999]
2022-08-11 04:51:30.573 : - Iteration: 85	[MsgId: MMSG-17999]
2022-08-11 04:51:30.573 :   Account: jojo19/bean19	[MsgId: MMSG-17999]
2022-08-11 04:51:37.107 :   Login completed	[MsgId: MMSG-17999]
2022-08-11 04:51:43.945 :   Logout completed	[MsgId: MMSG-17999]
2022-08-11 04:53:36.582 : - Iteration: 86	[MsgId: MMSG-17999]
2022-08-11 04:53:36.582 :   Account: jojo19/bean19	[MsgId: MMSG-17999]
2022-08-11 04:53:47.915 :   Login completed	[MsgId: MMSG-17999]
2022-08-11 04:53:51.291 :   Logout completed	[MsgId: MMSG-17999]
2022-08-11 04:55:42.584 : - Iteration: 87	[MsgId: MMSG-17999]
2022-08-11 04:55:42.584 :   Account: jojo19/bean19	[MsgId: MMSG-17999]
2022-08-11 04:55:56.234 :   Login completed	[MsgId: MMSG-17999]
2022-08-11 04:56:02.250 :   Logout completed	[MsgId: MMSG-17999]
2022-08-11 04:57:48.600 : - Iteration: 88	[MsgId: MMSG-17999]
2022-08-11 04:57:48.600 :   Account: jojo19/bean19	[MsgId: MMSG-17999]
2022-08-11 04:58:00.583 :   Login completed	[MsgId: MMSG-17999]
2022-08-11 04:58:05.004 :   Logout completed	[MsgId: MMSG-17999]
2022-08-11 04:59:54.609 : - Iteration: 89	[MsgId: MMSG-17999]
2022-08-11 04:59:54.609 :   Account: jojo19/bean19	[MsgId: MMSG-17999]
2022-08-11 05:00:05.992 :   Login completed	[MsgId: MMSG-17999]
2022-08-11 05:00:12.686 :   Logout completed	[MsgId: MMSG-17999]
2022-08-11 05:02:00.612 : - Iteration: 90	[MsgId: MMSG-17999]
2022-08-11 05:02:00.612 :   Account: jojo19/bean19	[MsgId: MMSG-17999]
2022-08-11 05:02:11.634 :   Login completed	[MsgId: MMSG-17999]
2022-08-11 05:02:15.382 :   Logout completed	[MsgId: MMSG-17999]
2022-08-11 05:04:06.625 : - Iteration: 91	[MsgId: MMSG-17999]
2022-08-11 05:04:06.626 :   Account: jojo19/bean19	[MsgId: MMSG-17999]
2022-08-11 05:04:13.233 :   Login completed	[MsgId: MMSG-17999]
2022-08-11 05:04:20.229 :   Logout completed	[MsgId: MMSG-17999]
2022-08-11 05:06:12.625 : - Iteration: 92	[MsgId: MMSG-17999]
2022-08-11 05:06:12.625 :   Account: jojo19/bean19	[MsgId: MMSG-17999]
2022-08-11 05:06:20.628 :   Login completed	[MsgId: MMSG-17999]
2022-08-11 05:06:27.994 :   Logout completed	[MsgId: MMSG-17999]
