2022-08-11 01:53:53.451 : URL = localhost:1080	[MsgId: MMSG-17999]
2022-08-11 01:53:53.483 : - Iteration: 1	[MsgId: MMSG-17999]
2022-08-11 01:53:53.483 :   Account: jojo15/bean15	[MsgId: MMSG-17999]
2022-08-11 01:54:07.974 :   Login completed	[MsgId: MMSG-17999]
2022-08-11 01:54:14.155 :   Logout completed	[MsgId: MMSG-17999]
2022-08-11 01:55:59.491 : - Iteration: 2	[MsgId: MMSG-17999]
2022-08-11 01:55:59.492 :   Account: jojo15/bean15	[MsgId: MMSG-17999]
2022-08-11 01:56:05.590 :   Login completed	[MsgId: MMSG-17999]
2022-08-11 01:56:10.712 :   Logout completed	[MsgId: MMSG-17999]
2022-08-11 01:58:05.498 : - Iteration: 3	[MsgId: MMSG-17999]
2022-08-11 01:58:05.498 :   Account: jojo15/bean15	[MsgId: MMSG-17999]
2022-08-11 01:58:11.805 :   Login completed	[MsgId: MMSG-17999]
2022-08-11 01:58:18.386 :   Logout completed	[MsgId: MMSG-17999]
2022-08-11 02:00:11.507 : - Iteration: 4	[MsgId: MMSG-17999]
2022-08-11 02:00:11.508 :   Account: jojo15/bean15	[MsgId: MMSG-17999]
2022-08-11 02:00:24.578 :   Login completed	[MsgId: MMSG-17999]
2022-08-11 02:00:32.312 :   Logout completed	[MsgId: MMSG-17999]
2022-08-11 02:02:17.510 : - Iteration: 5	[MsgId: MMSG-17999]
2022-08-11 02:02:17.511 :   Account: jojo15/bean15	[MsgId: MMSG-17999]
2022-08-11 02:02:32.583 :   Login completed	[MsgId: MMSG-17999]
2022-08-11 02:02:40.202 :   Logout completed	[MsgId: MMSG-17999]
2022-08-11 02:04:23.512 : - Iteration: 6	[MsgId: MMSG-17999]
2022-08-11 02:04:23.513 :   Account: jojo15/bean15	[MsgId: MMSG-17999]
2022-08-11 02:04:37.887 :   Login completed	[MsgId: MMSG-17999]
2022-08-11 02:04:41.979 :   Logout completed	[MsgId: MMSG-17999]
2022-08-11 02:06:29.516 : - Iteration: 7	[MsgId: MMSG-17999]
2022-08-11 02:06:29.516 :   Account: jojo15/bean15	[MsgId: MMSG-17999]
2022-08-11 02:06:40.485 :   Login completed	[MsgId: MMSG-17999]
2022-08-11 02:06:44.410 :   Logout completed	[MsgId: MMSG-17999]
2022-08-11 02:08:35.525 : - Iteration: 8	[MsgId: MMSG-17999]
2022-08-11 02:08:35.526 :   Account: jojo15/bean15	[MsgId: MMSG-17999]
2022-08-11 02:08:46.149 :   Login completed	[MsgId: MMSG-17999]
2022-08-11 02:08:50.987 :   Logout completed	[MsgId: MMSG-17999]
2022-08-11 02:10:41.529 : - Iteration: 9	[MsgId: MMSG-17999]
2022-08-11 02:10:41.529 :   Account: jojo15/bean15	[MsgId: MMSG-17999]
2022-08-11 02:10:50.699 :   Login completed	[MsgId: MMSG-17999]
2022-08-11 02:10:55.211 :   Logout completed	[MsgId: MMSG-17999]
2022-08-11 02:12:47.542 : - Iteration: 10	[MsgId: MMSG-17999]
2022-08-11 02:12:47.542 :   Account: jojo15/bean15	[MsgId: MMSG-17999]
2022-08-11 02:12:58.624 :   Login completed	[MsgId: MMSG-17999]
2022-08-11 02:13:03.770 :   Logout completed	[MsgId: MMSG-17999]
2022-08-11 02:14:53.555 : - Iteration: 11	[MsgId: MMSG-17999]
2022-08-11 02:14:53.555 :   Account: jojo15/bean15	[MsgId: MMSG-17999]
2022-08-11 02:15:08.136 :   Login completed	[MsgId: MMSG-17999]
2022-08-11 02:15:14.668 :   Logout completed	[MsgId: MMSG-17999]
2022-08-11 02:16:59.564 : - Iteration: 12	[MsgId: MMSG-17999]
2022-08-11 02:16:59.564 :   Account: jojo15/bean15	[MsgId: MMSG-17999]
2022-08-11 02:17:08.239 :   Login completed	[MsgId: MMSG-17999]
2022-08-11 02:17:11.261 :   Logout completed	[MsgId: MMSG-17999]
2022-08-11 02:19:05.569 : - Iteration: 13	[MsgId: MMSG-17999]
2022-08-11 02:19:05.569 :   Account: jojo15/bean15	[MsgId: MMSG-17999]
2022-08-11 02:19:12.512 :   Login completed	[MsgId: MMSG-17999]
2022-08-11 02:19:19.147 :   Logout completed	[MsgId: MMSG-17999]
2022-08-11 02:21:11.580 : - Iteration: 14	[MsgId: MMSG-17999]
2022-08-11 02:21:11.580 :   Account: jojo15/bean15	[MsgId: MMSG-17999]
2022-08-11 02:21:25.782 :   Login completed	[MsgId: MMSG-17999]
2022-08-11 02:21:29.184 :   Logout completed	[MsgId: MMSG-17999]
2022-08-11 02:23:17.589 : - Iteration: 15	[MsgId: MMSG-17999]
2022-08-11 02:23:17.590 :   Account: jojo15/bean15	[MsgId: MMSG-17999]
2022-08-11 02:23:31.900 :   Login completed	[MsgId: MMSG-17999]
2022-08-11 02:23:39.521 :   Logout completed	[MsgId: MMSG-17999]
2022-08-11 02:25:23.595 : - Iteration: 16	[MsgId: MMSG-17999]
2022-08-11 02:25:23.595 :   Account: jojo15/bean15	[MsgId: MMSG-17999]
2022-08-11 02:25:38.245 :   Login completed	[MsgId: MMSG-17999]
2022-08-11 02:25:44.617 :   Logout completed	[MsgId: MMSG-17999]
2022-08-11 02:27:29.613 : - Iteration: 17	[MsgId: MMSG-17999]
2022-08-11 02:27:29.613 :   Account: jojo15/bean15	[MsgId: MMSG-17999]
2022-08-11 02:27:36.823 :   Login completed	[MsgId: MMSG-17999]
2022-08-11 02:27:42.882 :   Logout completed	[MsgId: MMSG-17999]
2022-08-11 02:29:35.623 : - Iteration: 18	[MsgId: MMSG-17999]
2022-08-11 02:29:35.623 :   Account: jojo15/bean15	[MsgId: MMSG-17999]
2022-08-11 02:29:44.232 :   Login completed	[MsgId: MMSG-17999]
2022-08-11 02:29:51.540 :   Logout completed	[MsgId: MMSG-17999]
2022-08-11 02:31:41.633 : - Iteration: 19	[MsgId: MMSG-17999]
2022-08-11 02:31:41.633 :   Account: jojo15/bean15	[MsgId: MMSG-17999]
2022-08-11 02:31:56.256 :   Login completed	[MsgId: MMSG-17999]
2022-08-11 02:31:59.936 :   Logout completed	[MsgId: MMSG-17999]
2022-08-11 02:33:47.635 : - Iteration: 20	[MsgId: MMSG-17999]
2022-08-11 02:33:47.635 :   Account: jojo15/bean15	[MsgId: MMSG-17999]
2022-08-11 02:34:03.208 :   Login completed	[MsgId: MMSG-17999]
2022-08-11 02:34:09.119 :   Logout completed	[MsgId: MMSG-17999]
2022-08-11 02:35:53.650 : - Iteration: 21	[MsgId: MMSG-17999]
2022-08-11 02:35:53.650 :   Account: jojo15/bean15	[MsgId: MMSG-17999]
2022-08-11 02:36:04.001 :   Login completed	[MsgId: MMSG-17999]
2022-08-11 02:36:08.197 :   Logout completed	[MsgId: MMSG-17999]
2022-08-11 02:37:59.664 : - Iteration: 22	[MsgId: MMSG-17999]
2022-08-11 02:37:59.665 :   Account: jojo15/bean15	[MsgId: MMSG-17999]
2022-08-11 02:38:10.725 :   Login completed	[MsgId: MMSG-17999]
2022-08-11 02:38:18.297 :   Logout completed	[MsgId: MMSG-17999]
2022-08-11 02:40:05.669 : - Iteration: 23	[MsgId: MMSG-17999]
2022-08-11 02:40:05.669 :   Account: jojo15/bean15	[MsgId: MMSG-17999]
2022-08-11 02:40:12.063 :   Login completed	[MsgId: MMSG-17999]
2022-08-11 02:40:18.252 :   Logout completed	[MsgId: MMSG-17999]
2022-08-11 02:42:11.670 : - Iteration: 24	[MsgId: MMSG-17999]
2022-08-11 02:42:11.670 :   Account: jojo15/bean15	[MsgId: MMSG-17999]
2022-08-11 02:42:17.856 :   Login completed	[MsgId: MMSG-17999]
2022-08-11 02:42:24.866 :   Logout completed	[MsgId: MMSG-17999]
2022-08-11 02:44:17.673 : - Iteration: 25	[MsgId: MMSG-17999]
2022-08-11 02:44:17.674 :   Account: jojo15/bean15	[MsgId: MMSG-17999]
2022-08-11 02:44:28.185 :   Login completed	[MsgId: MMSG-17999]
2022-08-11 02:44:34.299 :   Logout completed	[MsgId: MMSG-17999]
2022-08-11 02:46:23.687 : - Iteration: 26	[MsgId: MMSG-17999]
2022-08-11 02:46:23.687 :   Account: jojo15/bean15	[MsgId: MMSG-17999]
2022-08-11 02:46:32.629 :   Login completed	[MsgId: MMSG-17999]
2022-08-11 02:46:37.124 :   Logout completed	[MsgId: MMSG-17999]
2022-08-11 02:48:29.692 : - Iteration: 27	[MsgId: MMSG-17999]
2022-08-11 02:48:29.693 :   Account: jojo15/bean15	[MsgId: MMSG-17999]
2022-08-11 02:48:41.878 :   Login completed	[MsgId: MMSG-17999]
2022-08-11 02:48:44.763 :   Logout completed	[MsgId: MMSG-17999]
2022-08-11 02:50:35.706 : - Iteration: 28	[MsgId: MMSG-17999]
2022-08-11 02:50:35.706 :   Account: jojo15/bean15	[MsgId: MMSG-17999]
2022-08-11 02:50:42.952 :   Login completed	[MsgId: MMSG-17999]
2022-08-11 02:50:48.033 :   Logout completed	[MsgId: MMSG-17999]
2022-08-11 02:52:41.717 : - Iteration: 29	[MsgId: MMSG-17999]
2022-08-11 02:52:41.717 :   Account: jojo15/bean15	[MsgId: MMSG-17999]
2022-08-11 02:52:52.796 :   Login completed	[MsgId: MMSG-17999]
2022-08-11 02:52:58.652 :   Logout completed	[MsgId: MMSG-17999]
2022-08-11 02:54:47.716 : - Iteration: 30	[MsgId: MMSG-17999]
2022-08-11 02:54:47.716 :   Account: jojo15/bean15	[MsgId: MMSG-17999]
2022-08-11 02:54:53.908 :   Login completed	[MsgId: MMSG-17999]
2022-08-11 02:55:01.522 :   Logout completed	[MsgId: MMSG-17999]
2022-08-11 02:56:53.719 : - Iteration: 31	[MsgId: MMSG-17999]
2022-08-11 02:56:53.719 :   Account: jojo15/bean15	[MsgId: MMSG-17999]
2022-08-11 02:57:03.190 :   Login completed	[MsgId: MMSG-17999]
2022-08-11 02:57:09.411 :   Logout completed	[MsgId: MMSG-17999]
2022-08-11 02:58:59.729 : - Iteration: 32	[MsgId: MMSG-17999]
2022-08-11 02:58:59.730 :   Account: jojo15/bean15	[MsgId: MMSG-17999]
2022-08-11 02:59:13.448 :   Login completed	[MsgId: MMSG-17999]
2022-08-11 02:59:19.104 :   Logout completed	[MsgId: MMSG-17999]
2022-08-11 03:01:05.742 : - Iteration: 33	[MsgId: MMSG-17999]
2022-08-11 03:01:05.743 :   Account: jojo15/bean15	[MsgId: MMSG-17999]
2022-08-11 03:01:11.704 :   Login completed	[MsgId: MMSG-17999]
2022-08-11 03:01:18.344 :   Logout completed	[MsgId: MMSG-17999]
2022-08-11 03:03:11.756 : - Iteration: 34	[MsgId: MMSG-17999]
2022-08-11 03:03:11.757 :   Account: jojo15/bean15	[MsgId: MMSG-17999]
2022-08-11 03:03:26.527 :   Login completed	[MsgId: MMSG-17999]
2022-08-11 03:03:29.755 :   Logout completed	[MsgId: MMSG-17999]
2022-08-11 03:05:17.759 : - Iteration: 35	[MsgId: MMSG-17999]
2022-08-11 03:05:17.759 :   Account: jojo15/bean15	[MsgId: MMSG-17999]
2022-08-11 03:05:27.285 :   Login completed	[MsgId: MMSG-17999]
2022-08-11 03:05:33.182 :   Logout completed	[MsgId: MMSG-17999]
2022-08-11 03:07:23.770 : - Iteration: 36	[MsgId: MMSG-17999]
2022-08-11 03:07:23.770 :   Account: jojo15/bean15	[MsgId: MMSG-17999]
2022-08-11 03:07:35.790 :   Login completed	[MsgId: MMSG-17999]
2022-08-11 03:07:39.648 :   Logout completed	[MsgId: MMSG-17999]
2022-08-11 03:09:29.772 : - Iteration: 37	[MsgId: MMSG-17999]
2022-08-11 03:09:29.772 :   Account: jojo15/bean15	[MsgId: MMSG-17999]
2022-08-11 03:09:37.321 :   Login completed	[MsgId: MMSG-17999]
2022-08-11 03:09:43.807 :   Logout completed	[MsgId: MMSG-17999]
2022-08-11 03:11:35.774 : - Iteration: 38	[MsgId: MMSG-17999]
2022-08-11 03:11:35.774 :   Account: jojo15/bean15	[MsgId: MMSG-17999]
2022-08-11 03:11:42.292 :   Login completed	[MsgId: MMSG-17999]
2022-08-11 03:11:49.617 :   Logout completed	[MsgId: MMSG-17999]
2022-08-11 03:13:41.787 : - Iteration: 39	[MsgId: MMSG-17999]
2022-08-11 03:13:41.787 :   Account: jojo15/bean15	[MsgId: MMSG-17999]
2022-08-11 03:13:49.891 :   Login completed	[MsgId: MMSG-17999]
2022-08-11 03:13:52.828 :   Logout completed	[MsgId: MMSG-17999]
2022-08-11 03:15:47.794 : - Iteration: 40	[MsgId: MMSG-17999]
2022-08-11 03:15:47.794 :   Account: jojo15/bean15	[MsgId: MMSG-17999]
2022-08-11 03:15:53.654 :   Login completed	[MsgId: MMSG-17999]
2022-08-11 03:15:56.457 :   Logout completed	[MsgId: MMSG-17999]
2022-08-11 03:17:53.796 : - Iteration: 41	[MsgId: MMSG-17999]
2022-08-11 03:17:53.797 :   Account: jojo15/bean15	[MsgId: MMSG-17999]
2022-08-11 03:18:00.485 :   Login completed	[MsgId: MMSG-17999]
2022-08-11 03:18:04.748 :   Logout completed	[MsgId: MMSG-17999]
2022-08-11 03:19:59.799 : - Iteration: 42	[MsgId: MMSG-17999]
2022-08-11 03:19:59.800 :   Account: jojo15/bean15	[MsgId: MMSG-17999]
2022-08-11 03:20:15.238 :   Login completed	[MsgId: MMSG-17999]
2022-08-11 03:20:18.938 :   Logout completed	[MsgId: MMSG-17999]
2022-08-11 03:22:05.809 : - Iteration: 43	[MsgId: MMSG-17999]
2022-08-11 03:22:05.809 :   Account: jojo15/bean15	[MsgId: MMSG-17999]
2022-08-11 03:22:14.506 :   Login completed	[MsgId: MMSG-17999]
2022-08-11 03:22:17.566 :   Logout completed	[MsgId: MMSG-17999]
2022-08-11 03:24:11.810 : - Iteration: 44	[MsgId: MMSG-17999]
2022-08-11 03:24:11.811 :   Account: jojo15/bean15	[MsgId: MMSG-17999]
2022-08-11 03:24:21.365 :   Login completed	[MsgId: MMSG-17999]
2022-08-11 03:24:27.018 :   Logout completed	[MsgId: MMSG-17999]
2022-08-11 03:26:17.814 : - Iteration: 45	[MsgId: MMSG-17999]
2022-08-11 03:26:17.814 :   Account: jojo15/bean15	[MsgId: MMSG-17999]
2022-08-11 03:26:32.516 :   Login completed	[MsgId: MMSG-17999]
2022-08-11 03:26:38.483 :   Logout completed	[MsgId: MMSG-17999]
2022-08-11 03:28:23.829 : - Iteration: 46	[MsgId: MMSG-17999]
2022-08-11 03:28:23.830 :   Account: jojo15/bean15	[MsgId: MMSG-17999]
2022-08-11 03:28:37.947 :   Login completed	[MsgId: MMSG-17999]
2022-08-11 03:28:42.518 :   Logout completed	[MsgId: MMSG-17999]
2022-08-11 03:30:29.831 : - Iteration: 47	[MsgId: MMSG-17999]
2022-08-11 03:30:29.831 :   Account: jojo15/bean15	[MsgId: MMSG-17999]
2022-08-11 03:30:39.950 :   Login completed	[MsgId: MMSG-17999]
2022-08-11 03:30:44.668 :   Logout completed	[MsgId: MMSG-17999]
2022-08-11 03:32:35.838 : - Iteration: 48	[MsgId: MMSG-17999]
2022-08-11 03:32:35.839 :   Account: jojo15/bean15	[MsgId: MMSG-17999]
2022-08-11 03:32:45.858 :   Login completed	[MsgId: MMSG-17999]
2022-08-11 03:32:52.088 :   Logout completed	[MsgId: MMSG-17999]
2022-08-11 03:34:41.851 : - Iteration: 49	[MsgId: MMSG-17999]
2022-08-11 03:34:41.852 :   Account: jojo15/bean15	[MsgId: MMSG-17999]
2022-08-11 03:34:54.824 :   Login completed	[MsgId: MMSG-17999]
2022-08-11 03:35:00.579 :   Logout completed	[MsgId: MMSG-17999]
2022-08-11 03:36:47.865 : - Iteration: 50	[MsgId: MMSG-17999]
2022-08-11 03:36:47.865 :   Account: jojo15/bean15	[MsgId: MMSG-17999]
2022-08-11 03:36:59.493 :   Login completed	[MsgId: MMSG-17999]
2022-08-11 03:37:06.440 :   Logout completed	[MsgId: MMSG-17999]
2022-08-11 03:38:53.881 : - Iteration: 51	[MsgId: MMSG-17999]
2022-08-11 03:38:53.881 :   Account: jojo15/bean15	[MsgId: MMSG-17999]
2022-08-11 03:39:00.792 :   Login completed	[MsgId: MMSG-17999]
2022-08-11 03:39:08.105 :   Logout completed	[MsgId: MMSG-17999]
2022-08-11 03:40:59.896 : - Iteration: 52	[MsgId: MMSG-17999]
2022-08-11 03:40:59.896 :   Account: jojo15/bean15	[MsgId: MMSG-17999]
2022-08-11 03:41:08.361 :   Login completed	[MsgId: MMSG-17999]
2022-08-11 03:41:15.042 :   Logout completed	[MsgId: MMSG-17999]
2022-08-11 03:43:05.904 : - Iteration: 53	[MsgId: MMSG-17999]
2022-08-11 03:43:05.904 :   Account: jojo15/bean15	[MsgId: MMSG-17999]
2022-08-11 03:43:15.485 :   Login completed	[MsgId: MMSG-17999]
2022-08-11 03:43:19.092 :   Logout completed	[MsgId: MMSG-17999]
2022-08-11 03:45:11.910 : - Iteration: 54	[MsgId: MMSG-17999]
2022-08-11 03:45:11.910 :   Account: jojo15/bean15	[MsgId: MMSG-17999]
2022-08-11 03:45:26.420 :   Login completed	[MsgId: MMSG-17999]
2022-08-11 03:45:29.740 :   Logout completed	[MsgId: MMSG-17999]
2022-08-11 03:47:17.915 : - Iteration: 55	[MsgId: MMSG-17999]
2022-08-11 03:47:17.915 :   Account: jojo15/bean15	[MsgId: MMSG-17999]
2022-08-11 03:47:33.506 :   Login completed	[MsgId: MMSG-17999]
2022-08-11 03:47:39.347 :   Logout completed	[MsgId: MMSG-17999]
2022-08-11 03:49:23.931 : - Iteration: 56	[MsgId: MMSG-17999]
2022-08-11 03:49:23.932 :   Account: jojo15/bean15	[MsgId: MMSG-17999]
2022-08-11 03:49:34.387 :   Login completed	[MsgId: MMSG-17999]
2022-08-11 03:49:37.429 :   Logout completed	[MsgId: MMSG-17999]
2022-08-11 03:51:29.943 : - Iteration: 57	[MsgId: MMSG-17999]
2022-08-11 03:51:29.944 :   Account: jojo15/bean15	[MsgId: MMSG-17999]
2022-08-11 03:51:44.435 :   Login completed	[MsgId: MMSG-17999]
2022-08-11 03:51:47.711 :   Logout completed	[MsgId: MMSG-17999]
2022-08-11 03:53:35.957 : - Iteration: 58	[MsgId: MMSG-17999]
2022-08-11 03:53:35.957 :   Account: jojo15/bean15	[MsgId: MMSG-17999]
2022-08-11 03:53:41.737 :   Login completed	[MsgId: MMSG-17999]
2022-08-11 03:53:46.266 :   Logout completed	[MsgId: MMSG-17999]
2022-08-11 03:55:41.967 : - Iteration: 59	[MsgId: MMSG-17999]
2022-08-11 03:55:41.967 :   Account: jojo15/bean15	[MsgId: MMSG-17999]
2022-08-11 03:55:54.460 :   Login completed	[MsgId: MMSG-17999]
2022-08-11 03:56:01.452 :   Logout completed	[MsgId: MMSG-17999]
2022-08-11 03:57:47.970 : - Iteration: 60	[MsgId: MMSG-17999]
2022-08-11 03:57:47.970 :   Account: jojo15/bean15	[MsgId: MMSG-17999]
2022-08-11 03:57:54.206 :   Login completed	[MsgId: MMSG-17999]
2022-08-11 03:58:01.751 :   Logout completed	[MsgId: MMSG-17999]
2022-08-11 03:59:53.976 : - Iteration: 61	[MsgId: MMSG-17999]
2022-08-11 03:59:53.977 :   Account: jojo15/bean15	[MsgId: MMSG-17999]
2022-08-11 04:00:09.013 :   Login completed	[MsgId: MMSG-17999]
2022-08-11 04:00:16.319 :   Logout completed	[MsgId: MMSG-17999]
2022-08-11 04:01:59.987 : - Iteration: 62	[MsgId: MMSG-17999]
2022-08-11 04:01:59.988 :   Account: jojo15/bean15	[MsgId: MMSG-17999]
2022-08-11 04:02:11.508 :   Login completed	[MsgId: MMSG-17999]
2022-08-11 04:02:18.467 :   Logout completed	[MsgId: MMSG-17999]
2022-08-11 04:04:05.999 : - Iteration: 63	[MsgId: MMSG-17999]
2022-08-11 04:04:05.999 :   Account: jojo15/bean15	[MsgId: MMSG-17999]
2022-08-11 04:04:20.279 :   Login completed	[MsgId: MMSG-17999]
2022-08-11 04:04:25.206 :   Logout completed	[MsgId: MMSG-17999]
2022-08-11 04:06:12.011 : - Iteration: 64	[MsgId: MMSG-17999]
2022-08-11 04:06:12.011 :   Account: jojo15/bean15	[MsgId: MMSG-17999]
2022-08-11 04:06:19.385 :   Login completed	[MsgId: MMSG-17999]
2022-08-11 04:06:22.297 :   Logout completed	[MsgId: MMSG-17999]
2022-08-11 04:08:18.025 : - Iteration: 65	[MsgId: MMSG-17999]
2022-08-11 04:08:18.025 :   Account: jojo15/bean15	[MsgId: MMSG-17999]
2022-08-11 04:08:24.455 :   Login completed	[MsgId: MMSG-17999]
2022-08-11 04:08:31.340 :   Logout completed	[MsgId: MMSG-17999]
2022-08-11 04:10:24.033 : - Iteration: 66	[MsgId: MMSG-17999]
2022-08-11 04:10:24.033 :   Account: jojo15/bean15	[MsgId: MMSG-17999]
2022-08-11 04:10:38.666 :   Login completed	[MsgId: MMSG-17999]
2022-08-11 04:10:45.156 :   Logout completed	[MsgId: MMSG-17999]
2022-08-11 04:12:30.046 : - Iteration: 67	[MsgId: MMSG-17999]
2022-08-11 04:12:30.047 :   Account: jojo15/bean15	[MsgId: MMSG-17999]
2022-08-11 04:12:38.419 :   Login completed	[MsgId: MMSG-17999]
2022-08-11 04:12:45.735 :   Logout completed	[MsgId: MMSG-17999]
2022-08-11 04:14:36.060 : - Iteration: 68	[MsgId: MMSG-17999]
2022-08-11 04:14:36.060 :   Account: jojo15/bean15	[MsgId: MMSG-17999]
2022-08-11 04:14:47.051 :   Login completed	[MsgId: MMSG-17999]
2022-08-11 04:14:50.339 :   Logout completed	[MsgId: MMSG-17999]
2022-08-11 04:16:42.068 : - Iteration: 69	[MsgId: MMSG-17999]
2022-08-11 04:16:42.068 :   Account: jojo15/bean15	[MsgId: MMSG-17999]
2022-08-11 04:16:57.626 :   Login completed	[MsgId: MMSG-17999]
2022-08-11 04:17:04.507 :   Logout completed	[MsgId: MMSG-17999]
2022-08-11 04:18:48.079 : - Iteration: 70	[MsgId: MMSG-17999]
2022-08-11 04:18:48.079 :   Account: jojo15/bean15	[MsgId: MMSG-17999]
2022-08-11 04:18:57.094 :   Login completed	[MsgId: MMSG-17999]
2022-08-11 04:19:01.020 :   Logout completed	[MsgId: MMSG-17999]
2022-08-11 04:20:54.093 : - Iteration: 71	[MsgId: MMSG-17999]
2022-08-11 04:20:54.093 :   Account: jojo15/bean15	[MsgId: MMSG-17999]
2022-08-11 04:21:09.470 :   Login completed	[MsgId: MMSG-17999]
2022-08-11 04:21:14.537 :   Logout completed	[MsgId: MMSG-17999]
2022-08-11 04:23:00.105 : - Iteration: 72	[MsgId: MMSG-17999]
2022-08-11 04:23:00.105 :   Account: jojo15/bean15	[MsgId: MMSG-17999]
2022-08-11 04:23:12.806 :   Login completed	[MsgId: MMSG-17999]
2022-08-11 04:23:19.537 :   Logout completed	[MsgId: MMSG-17999]
2022-08-11 04:25:06.116 : - Iteration: 73	[MsgId: MMSG-17999]
2022-08-11 04:25:06.116 :   Account: jojo15/bean15	[MsgId: MMSG-17999]
2022-08-11 04:25:12.056 :   Login completed	[MsgId: MMSG-17999]
2022-08-11 04:25:16.578 :   Logout completed	[MsgId: MMSG-17999]
2022-08-11 04:27:12.122 : - Iteration: 74	[MsgId: MMSG-17999]
2022-08-11 04:27:12.122 :   Account: jojo15/bean15	[MsgId: MMSG-17999]
2022-08-11 04:27:23.300 :   Login completed	[MsgId: MMSG-17999]
2022-08-11 04:27:27.471 :   Logout completed	[MsgId: MMSG-17999]
2022-08-11 04:29:18.122 : - Iteration: 75	[MsgId: MMSG-17999]
2022-08-11 04:29:18.122 :   Account: jojo15/bean15	[MsgId: MMSG-17999]
2022-08-11 04:29:32.216 :   Login completed	[MsgId: MMSG-17999]
2022-08-11 04:29:37.293 :   Logout completed	[MsgId: MMSG-17999]
2022-08-11 04:31:24.139 : - Iteration: 76	[MsgId: MMSG-17999]
2022-08-11 04:31:24.140 :   Account: jojo15/bean15	[MsgId: MMSG-17999]
2022-08-11 04:31:33.552 :   Login completed	[MsgId: MMSG-17999]
2022-08-11 04:31:37.780 :   Logout completed	[MsgId: MMSG-17999]
2022-08-11 04:33:30.150 : - Iteration: 77	[MsgId: MMSG-17999]
2022-08-11 04:33:30.151 :   Account: jojo15/bean15	[MsgId: MMSG-17999]
2022-08-11 04:33:36.465 :   Login completed	[MsgId: MMSG-17999]
2022-08-11 04:33:39.991 :   Logout completed	[MsgId: MMSG-17999]
2022-08-11 04:35:36.159 : - Iteration: 78	[MsgId: MMSG-17999]
2022-08-11 04:35:36.159 :   Account: jojo15/bean15	[MsgId: MMSG-17999]
2022-08-11 04:35:43.211 :   Login completed	[MsgId: MMSG-17999]
2022-08-11 04:35:50.021 :   Logout completed	[MsgId: MMSG-17999]
2022-08-11 04:37:42.161 : - Iteration: 79	[MsgId: MMSG-17999]
2022-08-11 04:37:42.162 :   Account: jojo15/bean15	[MsgId: MMSG-17999]
2022-08-11 04:37:55.822 :   Login completed	[MsgId: MMSG-17999]
2022-08-11 04:38:02.805 :   Logout completed	[MsgId: MMSG-17999]
2022-08-11 04:39:48.168 : - Iteration: 80	[MsgId: MMSG-17999]
2022-08-11 04:39:48.168 :   Account: jojo15/bean15	[MsgId: MMSG-17999]
2022-08-11 04:40:03.548 :   Login completed	[MsgId: MMSG-17999]
2022-08-11 04:40:07.099 :   Logout completed	[MsgId: MMSG-17999]
2022-08-11 04:41:54.177 : - Iteration: 81	[MsgId: MMSG-17999]
2022-08-11 04:41:54.177 :   Account: jojo15/bean15	[MsgId: MMSG-17999]
2022-08-11 04:42:03.874 :   Login completed	[MsgId: MMSG-17999]
2022-08-11 04:42:08.059 :   Logout completed	[MsgId: MMSG-17999]
2022-08-11 04:44:00.179 : - Iteration: 82	[MsgId: MMSG-17999]
2022-08-11 04:44:00.179 :   Account: jojo15/bean15	[MsgId: MMSG-17999]
2022-08-11 04:44:10.465 :   Login completed	[MsgId: MMSG-17999]
2022-08-11 04:44:14.610 :   Logout completed	[MsgId: MMSG-17999]
2022-08-11 04:46:06.196 : - Iteration: 83	[MsgId: MMSG-17999]
2022-08-11 04:46:06.196 :   Account: jojo15/bean15	[MsgId: MMSG-17999]
2022-08-11 04:46:17.546 :   Login completed	[MsgId: MMSG-17999]
2022-08-11 04:46:23.712 :   Logout completed	[MsgId: MMSG-17999]
2022-08-11 04:48:12.210 : - Iteration: 84	[MsgId: MMSG-17999]
2022-08-11 04:48:12.210 :   Account: jojo15/bean15	[MsgId: MMSG-17999]
2022-08-11 04:48:22.364 :   Login completed	[MsgId: MMSG-17999]
2022-08-11 04:48:27.428 :   Logout completed	[MsgId: MMSG-17999]
2022-08-11 04:50:18.222 : - Iteration: 85	[MsgId: MMSG-17999]
2022-08-11 04:50:18.222 :   Account: jojo15/bean15	[MsgId: MMSG-17999]
2022-08-11 04:50:33.263 :   Login completed	[MsgId: MMSG-17999]
2022-08-11 04:50:36.954 :   Logout completed	[MsgId: MMSG-17999]
2022-08-11 04:52:24.235 : - Iteration: 86	[MsgId: MMSG-17999]
2022-08-11 04:52:24.235 :   Account: jojo15/bean15	[MsgId: MMSG-17999]
2022-08-11 04:52:35.952 :   Login completed	[MsgId: MMSG-17999]
2022-08-11 04:52:41.706 :   Logout completed	[MsgId: MMSG-17999]
2022-08-11 04:54:30.249 : - Iteration: 87	[MsgId: MMSG-17999]
2022-08-11 04:54:30.249 :   Account: jojo15/bean15	[MsgId: MMSG-17999]
2022-08-11 04:54:41.018 :   Login completed	[MsgId: MMSG-17999]
2022-08-11 04:54:44.305 :   Logout completed	[MsgId: MMSG-17999]
2022-08-11 04:56:36.262 : - Iteration: 88	[MsgId: MMSG-17999]
2022-08-11 04:56:36.262 :   Account: jojo15/bean15	[MsgId: MMSG-17999]
2022-08-11 04:56:50.988 :   Login completed	[MsgId: MMSG-17999]
2022-08-11 04:56:57.381 :   Logout completed	[MsgId: MMSG-17999]
2022-08-11 04:58:42.263 : - Iteration: 89	[MsgId: MMSG-17999]
2022-08-11 04:58:42.263 :   Account: jojo15/bean15	[MsgId: MMSG-17999]
2022-08-11 04:58:57.212 :   Login completed	[MsgId: MMSG-17999]
2022-08-11 04:59:01.321 :   Logout completed	[MsgId: MMSG-17999]
2022-08-11 05:00:48.268 : - Iteration: 90	[MsgId: MMSG-17999]
2022-08-11 05:00:48.268 :   Account: jojo15/bean15	[MsgId: MMSG-17999]
2022-08-11 05:01:03.458 :   Login completed	[MsgId: MMSG-17999]
2022-08-11 05:01:09.715 :   Logout completed	[MsgId: MMSG-17999]
2022-08-11 05:02:54.282 : - Iteration: 91	[MsgId: MMSG-17999]
2022-08-11 05:02:54.282 :   Account: jojo15/bean15	[MsgId: MMSG-17999]
2022-08-11 05:03:07.598 :   Login completed	[MsgId: MMSG-17999]
2022-08-11 05:03:14.028 :   Logout completed	[MsgId: MMSG-17999]
2022-08-11 05:05:00.283 : - Iteration: 92	[MsgId: MMSG-17999]
2022-08-11 05:05:00.284 :   Account: jojo15/bean15	[MsgId: MMSG-17999]
2022-08-11 05:05:12.687 :   Login completed	[MsgId: MMSG-17999]
2022-08-11 05:05:19.561 :   Logout completed	[MsgId: MMSG-17999]
