2022-08-10 22:51:10.701 : URL = localhost:1080	[MsgId: MMSG-17999]
2022-08-10 22:51:10.721 : - Iteration: 1	[MsgId: MMSG-17999]
2022-08-10 22:51:10.721 :   Account: jojo4/bean4	[MsgId: MMSG-17999]
2022-08-10 22:51:23.910 :   Login completed	[MsgId: MMSG-17999]
2022-08-10 22:51:28.707 :   Logout completed	[MsgId: MMSG-17999]
2022-08-10 22:53:16.736 : - Iteration: 2	[MsgId: MMSG-17999]
2022-08-10 22:53:16.736 :   Account: jojo4/bean4	[MsgId: MMSG-17999]
2022-08-10 22:53:27.813 :   Login completed	[MsgId: MMSG-17999]
2022-08-10 22:53:31.965 :   Logout completed	[MsgId: MMSG-17999]
2022-08-10 22:55:22.739 : - Iteration: 3	[MsgId: MMSG-17999]
2022-08-10 22:55:22.739 :   Account: jojo4/bean4	[MsgId: MMSG-17999]
2022-08-10 22:55:35.614 :   Login completed	[MsgId: MMSG-17999]
2022-08-10 22:55:39.305 :   Logout completed	[MsgId: MMSG-17999]
2022-08-10 22:57:28.749 : - Iteration: 4	[MsgId: MMSG-17999]
2022-08-10 22:57:28.749 :   Account: jojo4/bean4	[MsgId: MMSG-17999]
2022-08-10 22:57:40.930 :   Login completed	[MsgId: MMSG-17999]
2022-08-10 22:57:48.569 :   Logout completed	[MsgId: MMSG-17999]
2022-08-10 22:59:34.764 : - Iteration: 5	[MsgId: MMSG-17999]
2022-08-10 22:59:34.764 :   Account: jojo4/bean4	[MsgId: MMSG-17999]
2022-08-10 22:59:43.852 :   Login completed	[MsgId: MMSG-17999]
2022-08-10 22:59:50.606 :   Logout completed	[MsgId: MMSG-17999]
2022-08-10 23:01:40.769 : - Iteration: 6	[MsgId: MMSG-17999]
2022-08-10 23:01:40.769 :   Account: jojo4/bean4	[MsgId: MMSG-17999]
2022-08-10 23:01:51.367 :   Login completed	[MsgId: MMSG-17999]
2022-08-10 23:01:55.127 :   Logout completed	[MsgId: MMSG-17999]
2022-08-10 23:03:46.779 : - Iteration: 7	[MsgId: MMSG-17999]
2022-08-10 23:03:46.779 :   Account: jojo4/bean4	[MsgId: MMSG-17999]
2022-08-10 23:03:57.920 :   Login completed	[MsgId: MMSG-17999]
2022-08-10 23:04:05.360 :   Logout completed	[MsgId: MMSG-17999]
2022-08-10 23:05:52.782 : - Iteration: 8	[MsgId: MMSG-17999]
2022-08-10 23:05:52.782 :   Account: jojo4/bean4	[MsgId: MMSG-17999]
2022-08-10 23:06:00.016 :   Login completed	[MsgId: MMSG-17999]
2022-08-10 23:06:04.156 :   Logout completed	[MsgId: MMSG-17999]
2022-08-10 23:07:58.783 : - Iteration: 9	[MsgId: MMSG-17999]
2022-08-10 23:07:58.784 :   Account: jojo4/bean4	[MsgId: MMSG-17999]
2022-08-10 23:08:12.096 :   Login completed	[MsgId: MMSG-17999]
2022-08-10 23:08:17.771 :   Logout completed	[MsgId: MMSG-17999]
2022-08-10 23:10:04.788 : - Iteration: 10	[MsgId: MMSG-17999]
2022-08-10 23:10:04.788 :   Account: jojo4/bean4	[MsgId: MMSG-17999]
2022-08-10 23:10:16.650 :   Login completed	[MsgId: MMSG-17999]
2022-08-10 23:10:23.205 :   Logout completed	[MsgId: MMSG-17999]
2022-08-10 23:12:10.794 : - Iteration: 11	[MsgId: MMSG-17999]
2022-08-10 23:12:10.794 :   Account: jojo4/bean4	[MsgId: MMSG-17999]
2022-08-10 23:12:21.427 :   Login completed	[MsgId: MMSG-17999]
2022-08-10 23:12:24.835 :   Logout completed	[MsgId: MMSG-17999]
2022-08-10 23:14:16.800 : - Iteration: 12	[MsgId: MMSG-17999]
2022-08-10 23:14:16.800 :   Account: jojo4/bean4	[MsgId: MMSG-17999]
2022-08-10 23:14:24.205 :   Login completed	[MsgId: MMSG-17999]
2022-08-10 23:14:27.066 :   Logout completed	[MsgId: MMSG-17999]
2022-08-10 23:16:22.804 : - Iteration: 13	[MsgId: MMSG-17999]
2022-08-10 23:16:22.804 :   Account: jojo4/bean4	[MsgId: MMSG-17999]
2022-08-10 23:16:31.199 :   Login completed	[MsgId: MMSG-17999]
2022-08-10 23:16:38.772 :   Logout completed	[MsgId: MMSG-17999]
2022-08-10 23:18:28.811 : - Iteration: 14	[MsgId: MMSG-17999]
2022-08-10 23:18:28.811 :   Account: jojo4/bean4	[MsgId: MMSG-17999]
2022-08-10 23:18:40.075 :   Login completed	[MsgId: MMSG-17999]
2022-08-10 23:18:43.134 :   Logout completed	[MsgId: MMSG-17999]
2022-08-10 23:20:34.818 : - Iteration: 15	[MsgId: MMSG-17999]
2022-08-10 23:20:34.819 :   Account: jojo4/bean4	[MsgId: MMSG-17999]
2022-08-10 23:20:42.706 :   Login completed	[MsgId: MMSG-17999]
2022-08-10 23:20:46.217 :   Logout completed	[MsgId: MMSG-17999]
2022-08-10 23:22:40.832 : - Iteration: 16	[MsgId: MMSG-17999]
2022-08-10 23:22:40.832 :   Account: jojo4/bean4	[MsgId: MMSG-17999]
2022-08-10 23:22:47.160 :   Login completed	[MsgId: MMSG-17999]
2022-08-10 23:22:50.490 :   Logout completed	[MsgId: MMSG-17999]
2022-08-10 23:24:46.837 : - Iteration: 17	[MsgId: MMSG-17999]
2022-08-10 23:24:46.837 :   Account: jojo4/bean4	[MsgId: MMSG-17999]
2022-08-10 23:24:53.834 :   Login completed	[MsgId: MMSG-17999]
2022-08-10 23:25:00.746 :   Logout completed	[MsgId: MMSG-17999]
2022-08-10 23:26:52.842 : - Iteration: 18	[MsgId: MMSG-17999]
2022-08-10 23:26:52.842 :   Account: jojo4/bean4	[MsgId: MMSG-17999]
2022-08-10 23:27:04.325 :   Login completed	[MsgId: MMSG-17999]
2022-08-10 23:27:08.246 :   Logout completed	[MsgId: MMSG-17999]
2022-08-10 23:28:58.846 : - Iteration: 19	[MsgId: MMSG-17999]
2022-08-10 23:28:58.846 :   Account: jojo4/bean4	[MsgId: MMSG-17999]
2022-08-10 23:29:08.350 :   Login completed	[MsgId: MMSG-17999]
2022-08-10 23:29:12.439 :   Logout completed	[MsgId: MMSG-17999]
2022-08-10 23:31:04.861 : - Iteration: 20	[MsgId: MMSG-17999]
2022-08-10 23:31:04.861 :   Account: jojo4/bean4	[MsgId: MMSG-17999]
2022-08-10 23:31:11.392 :   Login completed	[MsgId: MMSG-17999]
2022-08-10 23:31:15.883 :   Logout completed	[MsgId: MMSG-17999]
2022-08-10 23:33:10.864 : - Iteration: 21	[MsgId: MMSG-17999]
2022-08-10 23:33:10.864 :   Account: jojo4/bean4	[MsgId: MMSG-17999]
2022-08-10 23:33:23.951 :   Login completed	[MsgId: MMSG-17999]
2022-08-10 23:33:28.141 :   Logout completed	[MsgId: MMSG-17999]
2022-08-10 23:35:16.876 : - Iteration: 22	[MsgId: MMSG-17999]
2022-08-10 23:35:16.876 :   Account: jojo4/bean4	[MsgId: MMSG-17999]
2022-08-10 23:35:24.955 :   Login completed	[MsgId: MMSG-17999]
2022-08-10 23:35:30.947 :   Logout completed	[MsgId: MMSG-17999]
2022-08-10 23:37:22.878 : - Iteration: 23	[MsgId: MMSG-17999]
2022-08-10 23:37:22.878 :   Account: jojo4/bean4	[MsgId: MMSG-17999]
2022-08-10 23:37:31.343 :   Login completed	[MsgId: MMSG-17999]
2022-08-10 23:37:37.148 :   Logout completed	[MsgId: MMSG-17999]
2022-08-10 23:39:28.877 : - Iteration: 24	[MsgId: MMSG-17999]
2022-08-10 23:39:28.877 :   Account: jojo4/bean4	[MsgId: MMSG-17999]
2022-08-10 23:39:39.482 :   Login completed	[MsgId: MMSG-17999]
2022-08-10 23:39:42.931 :   Logout completed	[MsgId: MMSG-17999]
2022-08-10 23:41:34.878 : - Iteration: 25	[MsgId: MMSG-17999]
2022-08-10 23:41:34.879 :   Account: jojo4/bean4	[MsgId: MMSG-17999]
2022-08-10 23:41:40.544 :   Login completed	[MsgId: MMSG-17999]
2022-08-10 23:41:45.377 :   Logout completed	[MsgId: MMSG-17999]
2022-08-10 23:43:40.890 : - Iteration: 26	[MsgId: MMSG-17999]
2022-08-10 23:43:40.891 :   Account: jojo4/bean4	[MsgId: MMSG-17999]
2022-08-10 23:43:51.491 :   Login completed	[MsgId: MMSG-17999]
2022-08-10 23:43:55.329 :   Logout completed	[MsgId: MMSG-17999]
2022-08-10 23:45:46.898 : - Iteration: 27	[MsgId: MMSG-17999]
2022-08-10 23:45:46.898 :   Account: jojo4/bean4	[MsgId: MMSG-17999]
2022-08-10 23:45:59.375 :   Login completed	[MsgId: MMSG-17999]
2022-08-10 23:46:05.267 :   Logout completed	[MsgId: MMSG-17999]
2022-08-10 23:47:52.912 : - Iteration: 28	[MsgId: MMSG-17999]
2022-08-10 23:47:52.913 :   Account: jojo4/bean4	[MsgId: MMSG-17999]
2022-08-10 23:48:07.462 :   Login completed	[MsgId: MMSG-17999]
2022-08-10 23:48:11.295 :   Logout completed	[MsgId: MMSG-17999]
2022-08-10 23:49:58.922 : - Iteration: 29	[MsgId: MMSG-17999]
2022-08-10 23:49:58.922 :   Account: jojo4/bean4	[MsgId: MMSG-17999]
2022-08-10 23:50:12.265 :   Login completed	[MsgId: MMSG-17999]
2022-08-10 23:50:16.275 :   Logout completed	[MsgId: MMSG-17999]
2022-08-10 23:52:04.923 : - Iteration: 30	[MsgId: MMSG-17999]
2022-08-10 23:52:04.923 :   Account: jojo4/bean4	[MsgId: MMSG-17999]
2022-08-10 23:52:19.463 :   Login completed	[MsgId: MMSG-17999]
2022-08-10 23:52:24.506 :   Logout completed	[MsgId: MMSG-17999]
2022-08-10 23:54:10.938 : - Iteration: 31	[MsgId: MMSG-17999]
2022-08-10 23:54:10.938 :   Account: jojo4/bean4	[MsgId: MMSG-17999]
2022-08-10 23:54:17.266 :   Login completed	[MsgId: MMSG-17999]
2022-08-10 23:54:21.586 :   Logout completed	[MsgId: MMSG-17999]
2022-08-10 23:56:16.939 : - Iteration: 32	[MsgId: MMSG-17999]
2022-08-10 23:56:16.939 :   Account: jojo4/bean4	[MsgId: MMSG-17999]
2022-08-10 23:56:29.850 :   Login completed	[MsgId: MMSG-17999]
2022-08-10 23:56:34.782 :   Logout completed	[MsgId: MMSG-17999]
2022-08-10 23:58:22.943 : - Iteration: 33	[MsgId: MMSG-17999]
2022-08-10 23:58:22.943 :   Account: jojo4/bean4	[MsgId: MMSG-17999]
2022-08-10 23:58:32.790 :   Login completed	[MsgId: MMSG-17999]
2022-08-10 23:58:40.251 :   Logout completed	[MsgId: MMSG-17999]
2022-08-11 00:00:28.947 : - Iteration: 34	[MsgId: MMSG-17999]
2022-08-11 00:00:28.947 :   Account: jojo4/bean4	[MsgId: MMSG-17999]
2022-08-11 00:00:36.625 :   Login completed	[MsgId: MMSG-17999]
2022-08-11 00:00:44.364 :   Logout completed	[MsgId: MMSG-17999]
2022-08-11 00:02:34.958 : - Iteration: 35	[MsgId: MMSG-17999]
2022-08-11 00:02:34.959 :   Account: jojo4/bean4	[MsgId: MMSG-17999]
2022-08-11 00:02:46.532 :   Login completed	[MsgId: MMSG-17999]
2022-08-11 00:02:49.998 :   Logout completed	[MsgId: MMSG-17999]
2022-08-11 00:04:40.969 : - Iteration: 36	[MsgId: MMSG-17999]
2022-08-11 00:04:40.970 :   Account: jojo4/bean4	[MsgId: MMSG-17999]
2022-08-11 00:04:52.808 :   Login completed	[MsgId: MMSG-17999]
2022-08-11 00:04:59.576 :   Logout completed	[MsgId: MMSG-17999]
2022-08-11 00:06:46.971 : - Iteration: 37	[MsgId: MMSG-17999]
2022-08-11 00:06:46.972 :   Account: jojo4/bean4	[MsgId: MMSG-17999]
2022-08-11 00:06:54.229 :   Login completed	[MsgId: MMSG-17999]
2022-08-11 00:06:58.148 :   Logout completed	[MsgId: MMSG-17999]
2022-08-11 00:08:52.980 : - Iteration: 38	[MsgId: MMSG-17999]
2022-08-11 00:08:52.981 :   Account: jojo4/bean4	[MsgId: MMSG-17999]
2022-08-11 00:09:01.484 :   Login completed	[MsgId: MMSG-17999]
2022-08-11 00:09:04.759 :   Logout completed	[MsgId: MMSG-17999]
2022-08-11 00:10:58.984 : - Iteration: 39	[MsgId: MMSG-17999]
2022-08-11 00:10:58.985 :   Account: jojo4/bean4	[MsgId: MMSG-17999]
2022-08-11 00:11:08.965 :   Login completed	[MsgId: MMSG-17999]
2022-08-11 00:11:13.591 :   Logout completed	[MsgId: MMSG-17999]
2022-08-11 00:13:04.999 : - Iteration: 40	[MsgId: MMSG-17999]
2022-08-11 00:13:04.999 :   Account: jojo4/bean4	[MsgId: MMSG-17999]
2022-08-11 00:13:11.965 :   Login completed	[MsgId: MMSG-17999]
2022-08-11 00:13:17.018 :   Logout completed	[MsgId: MMSG-17999]
2022-08-11 00:15:11.000 : - Iteration: 41	[MsgId: MMSG-17999]
2022-08-11 00:15:11.000 :   Account: jojo4/bean4	[MsgId: MMSG-17999]
2022-08-11 00:15:24.342 :   Login completed	[MsgId: MMSG-17999]
2022-08-11 00:15:29.216 :   Logout completed	[MsgId: MMSG-17999]
2022-08-11 00:17:17.000 : - Iteration: 42	[MsgId: MMSG-17999]
2022-08-11 00:17:17.001 :   Account: jojo4/bean4	[MsgId: MMSG-17999]
2022-08-11 00:17:31.824 :   Login completed	[MsgId: MMSG-17999]
2022-08-11 00:17:35.698 :   Logout completed	[MsgId: MMSG-17999]
2022-08-11 00:19:23.006 : - Iteration: 43	[MsgId: MMSG-17999]
2022-08-11 00:19:23.006 :   Account: jojo4/bean4	[MsgId: MMSG-17999]
2022-08-11 00:19:34.363 :   Login completed	[MsgId: MMSG-17999]
2022-08-11 00:19:41.632 :   Logout completed	[MsgId: MMSG-17999]
2022-08-11 00:21:29.016 : - Iteration: 44	[MsgId: MMSG-17999]
2022-08-11 00:21:29.017 :   Account: jojo4/bean4	[MsgId: MMSG-17999]
2022-08-11 00:21:41.539 :   Login completed	[MsgId: MMSG-17999]
2022-08-11 00:21:45.001 :   Logout completed	[MsgId: MMSG-17999]
2022-08-11 00:23:35.026 : - Iteration: 45	[MsgId: MMSG-17999]
2022-08-11 00:23:35.027 :   Account: jojo4/bean4	[MsgId: MMSG-17999]
2022-08-11 00:23:44.743 :   Login completed	[MsgId: MMSG-17999]
2022-08-11 00:23:48.880 :   Logout completed	[MsgId: MMSG-17999]
2022-08-11 00:25:41.031 : - Iteration: 46	[MsgId: MMSG-17999]
2022-08-11 00:25:41.031 :   Account: jojo4/bean4	[MsgId: MMSG-17999]
2022-08-11 00:25:47.073 :   Login completed	[MsgId: MMSG-17999]
2022-08-11 00:25:52.695 :   Logout completed	[MsgId: MMSG-17999]
2022-08-11 00:27:47.040 : - Iteration: 47	[MsgId: MMSG-17999]
2022-08-11 00:27:47.040 :   Account: jojo4/bean4	[MsgId: MMSG-17999]
2022-08-11 00:27:59.328 :   Login completed	[MsgId: MMSG-17999]
2022-08-11 00:28:06.611 :   Logout completed	[MsgId: MMSG-17999]
2022-08-11 00:29:53.052 : - Iteration: 48	[MsgId: MMSG-17999]
2022-08-11 00:29:53.052 :   Account: jojo4/bean4	[MsgId: MMSG-17999]
2022-08-11 00:29:59.129 :   Login completed	[MsgId: MMSG-17999]
2022-08-11 00:30:03.143 :   Logout completed	[MsgId: MMSG-17999]
2022-08-11 00:31:59.057 : - Iteration: 49	[MsgId: MMSG-17999]
2022-08-11 00:31:59.058 :   Account: jojo4/bean4	[MsgId: MMSG-17999]
2022-08-11 00:32:10.974 :   Login completed	[MsgId: MMSG-17999]
2022-08-11 00:32:15.913 :   Logout completed	[MsgId: MMSG-17999]
2022-08-11 00:34:05.072 : - Iteration: 50	[MsgId: MMSG-17999]
2022-08-11 00:34:05.073 :   Account: jojo4/bean4	[MsgId: MMSG-17999]
2022-08-11 00:34:14.449 :   Login completed	[MsgId: MMSG-17999]
2022-08-11 00:34:18.251 :   Logout completed	[MsgId: MMSG-17999]
2022-08-11 00:36:11.083 : - Iteration: 51	[MsgId: MMSG-17999]
2022-08-11 00:36:11.083 :   Account: jojo4/bean4	[MsgId: MMSG-17999]
2022-08-11 00:36:17.643 :   Login completed	[MsgId: MMSG-17999]
2022-08-11 00:36:23.896 :   Logout completed	[MsgId: MMSG-17999]
2022-08-11 00:38:17.095 : - Iteration: 52	[MsgId: MMSG-17999]
2022-08-11 00:38:17.095 :   Account: jojo4/bean4	[MsgId: MMSG-17999]
2022-08-11 00:38:25.536 :   Login completed	[MsgId: MMSG-17999]
2022-08-11 00:38:29.578 :   Logout completed	[MsgId: MMSG-17999]
2022-08-11 00:40:23.097 : - Iteration: 53	[MsgId: MMSG-17999]
2022-08-11 00:40:23.097 :   Account: jojo4/bean4	[MsgId: MMSG-17999]
2022-08-11 00:40:30.944 :   Login completed	[MsgId: MMSG-17999]
2022-08-11 00:40:34.848 :   Logout completed	[MsgId: MMSG-17999]
2022-08-11 00:42:29.109 : - Iteration: 54	[MsgId: MMSG-17999]
2022-08-11 00:42:29.110 :   Account: jojo4/bean4	[MsgId: MMSG-17999]
2022-08-11 00:42:38.617 :   Login completed	[MsgId: MMSG-17999]
2022-08-11 00:42:43.443 :   Logout completed	[MsgId: MMSG-17999]
2022-08-11 00:44:35.122 : - Iteration: 55	[MsgId: MMSG-17999]
2022-08-11 00:44:35.122 :   Account: jojo4/bean4	[MsgId: MMSG-17999]
2022-08-11 00:44:43.028 :   Login completed	[MsgId: MMSG-17999]
2022-08-11 00:44:49.074 :   Logout completed	[MsgId: MMSG-17999]
2022-08-11 00:46:41.131 : - Iteration: 56	[MsgId: MMSG-17999]
2022-08-11 00:46:41.131 :   Account: jojo4/bean4	[MsgId: MMSG-17999]
2022-08-11 00:46:48.356 :   Login completed	[MsgId: MMSG-17999]
2022-08-11 00:46:55.093 :   Logout completed	[MsgId: MMSG-17999]
2022-08-11 00:48:47.143 : - Iteration: 57	[MsgId: MMSG-17999]
2022-08-11 00:48:47.144 :   Account: jojo4/bean4	[MsgId: MMSG-17999]
2022-08-11 00:49:02.539 :   Login completed	[MsgId: MMSG-17999]
2022-08-11 00:49:05.992 :   Logout completed	[MsgId: MMSG-17999]
2022-08-11 00:50:53.149 : - Iteration: 58	[MsgId: MMSG-17999]
2022-08-11 00:50:53.149 :   Account: jojo4/bean4	[MsgId: MMSG-17999]
2022-08-11 00:50:59.777 :   Login completed	[MsgId: MMSG-17999]
2022-08-11 00:51:02.752 :   Logout completed	[MsgId: MMSG-17999]
2022-08-11 00:52:59.160 : - Iteration: 59	[MsgId: MMSG-17999]
2022-08-11 00:52:59.160 :   Account: jojo4/bean4	[MsgId: MMSG-17999]
2022-08-11 00:53:09.177 :   Login completed	[MsgId: MMSG-17999]
2022-08-11 00:53:13.304 :   Logout completed	[MsgId: MMSG-17999]
2022-08-11 00:55:05.172 : - Iteration: 60	[MsgId: MMSG-17999]
2022-08-11 00:55:05.172 :   Account: jojo4/bean4	[MsgId: MMSG-17999]
2022-08-11 00:55:19.898 :   Login completed	[MsgId: MMSG-17999]
2022-08-11 00:55:23.244 :   Logout completed	[MsgId: MMSG-17999]
2022-08-11 00:57:11.188 : - Iteration: 61	[MsgId: MMSG-17999]
2022-08-11 00:57:11.189 :   Account: jojo4/bean4	[MsgId: MMSG-17999]
2022-08-11 00:57:18.239 :   Login completed	[MsgId: MMSG-17999]
2022-08-11 00:57:21.443 :   Logout completed	[MsgId: MMSG-17999]
2022-08-11 00:59:17.201 : - Iteration: 62	[MsgId: MMSG-17999]
2022-08-11 00:59:17.201 :   Account: jojo4/bean4	[MsgId: MMSG-17999]
2022-08-11 00:59:27.851 :   Login completed	[MsgId: MMSG-17999]
2022-08-11 00:59:31.821 :   Logout completed	[MsgId: MMSG-17999]
2022-08-11 01:01:23.215 : - Iteration: 63	[MsgId: MMSG-17999]
2022-08-11 01:01:23.215 :   Account: jojo4/bean4	[MsgId: MMSG-17999]
2022-08-11 01:01:34.286 :   Login completed	[MsgId: MMSG-17999]
2022-08-11 01:01:38.735 :   Logout completed	[MsgId: MMSG-17999]
2022-08-11 01:03:29.214 : - Iteration: 64	[MsgId: MMSG-17999]
2022-08-11 01:03:29.215 :   Account: jojo4/bean4	[MsgId: MMSG-17999]
2022-08-11 01:03:43.449 :   Login completed	[MsgId: MMSG-17999]
2022-08-11 01:03:48.105 :   Logout completed	[MsgId: MMSG-17999]
2022-08-11 01:05:35.228 : - Iteration: 65	[MsgId: MMSG-17999]
2022-08-11 01:05:35.229 :   Account: jojo4/bean4	[MsgId: MMSG-17999]
2022-08-11 01:05:42.061 :   Login completed	[MsgId: MMSG-17999]
2022-08-11 01:05:47.213 :   Logout completed	[MsgId: MMSG-17999]
2022-08-11 01:07:41.230 : - Iteration: 66	[MsgId: MMSG-17999]
2022-08-11 01:07:41.230 :   Account: jojo4/bean4	[MsgId: MMSG-17999]
2022-08-11 01:07:51.351 :   Login completed	[MsgId: MMSG-17999]
2022-08-11 01:07:54.724 :   Logout completed	[MsgId: MMSG-17999]
2022-08-11 01:09:47.238 : - Iteration: 67	[MsgId: MMSG-17999]
2022-08-11 01:09:47.238 :   Account: jojo4/bean4	[MsgId: MMSG-17999]
2022-08-11 01:10:02.091 :   Login completed	[MsgId: MMSG-17999]
2022-08-11 01:10:06.662 :   Logout completed	[MsgId: MMSG-17999]
2022-08-11 01:11:53.247 : - Iteration: 68	[MsgId: MMSG-17999]
2022-08-11 01:11:53.248 :   Account: jojo4/bean4	[MsgId: MMSG-17999]
2022-08-11 01:12:01.533 :   Login completed	[MsgId: MMSG-17999]
2022-08-11 01:12:04.612 :   Logout completed	[MsgId: MMSG-17999]
2022-08-11 01:13:59.260 : - Iteration: 69	[MsgId: MMSG-17999]
2022-08-11 01:13:59.261 :   Account: jojo4/bean4	[MsgId: MMSG-17999]
2022-08-11 01:14:05.367 :   Login completed	[MsgId: MMSG-17999]
2022-08-11 01:14:08.941 :   Logout completed	[MsgId: MMSG-17999]
2022-08-11 01:16:05.266 : - Iteration: 70	[MsgId: MMSG-17999]
2022-08-11 01:16:05.267 :   Account: jojo4/bean4	[MsgId: MMSG-17999]
2022-08-11 01:16:15.634 :   Login completed	[MsgId: MMSG-17999]
2022-08-11 01:16:22.984 :   Logout completed	[MsgId: MMSG-17999]
2022-08-11 01:18:11.270 : - Iteration: 71	[MsgId: MMSG-17999]
2022-08-11 01:18:11.270 :   Account: jojo4/bean4	[MsgId: MMSG-17999]
2022-08-11 01:18:25.518 :   Login completed	[MsgId: MMSG-17999]
2022-08-11 01:18:32.917 :   Logout completed	[MsgId: MMSG-17999]
2022-08-11 01:20:17.284 : - Iteration: 72	[MsgId: MMSG-17999]
2022-08-11 01:20:17.285 :   Account: jojo4/bean4	[MsgId: MMSG-17999]
2022-08-11 01:20:30.360 :   Login completed	[MsgId: MMSG-17999]
2022-08-11 01:20:34.985 :   Logout completed	[MsgId: MMSG-17999]
2022-08-11 01:22:23.292 : - Iteration: 73	[MsgId: MMSG-17999]
2022-08-11 01:22:23.292 :   Account: jojo4/bean4	[MsgId: MMSG-17999]
2022-08-11 01:22:32.795 :   Login completed	[MsgId: MMSG-17999]
2022-08-11 01:22:35.633 :   Logout completed	[MsgId: MMSG-17999]
2022-08-11 01:24:29.297 : - Iteration: 74	[MsgId: MMSG-17999]
2022-08-11 01:24:29.298 :   Account: jojo4/bean4	[MsgId: MMSG-17999]
2022-08-11 01:24:38.999 :   Login completed	[MsgId: MMSG-17999]
2022-08-11 01:24:44.907 :   Logout completed	[MsgId: MMSG-17999]
2022-08-11 01:26:35.309 : - Iteration: 75	[MsgId: MMSG-17999]
2022-08-11 01:26:35.309 :   Account: jojo4/bean4	[MsgId: MMSG-17999]
2022-08-11 01:26:47.806 :   Login completed	[MsgId: MMSG-17999]
2022-08-11 01:26:51.009 :   Logout completed	[MsgId: MMSG-17999]
2022-08-11 01:28:41.313 : - Iteration: 76	[MsgId: MMSG-17999]
2022-08-11 01:28:41.314 :   Account: jojo4/bean4	[MsgId: MMSG-17999]
2022-08-11 01:28:53.556 :   Login completed	[MsgId: MMSG-17999]
2022-08-11 01:28:56.533 :   Logout completed	[MsgId: MMSG-17999]
2022-08-11 01:30:47.322 : - Iteration: 77	[MsgId: MMSG-17999]
2022-08-11 01:30:47.323 :   Account: jojo4/bean4	[MsgId: MMSG-17999]
2022-08-11 01:30:56.695 :   Login completed	[MsgId: MMSG-17999]
2022-08-11 01:31:01.589 :   Logout completed	[MsgId: MMSG-17999]
2022-08-11 01:32:53.323 : - Iteration: 78	[MsgId: MMSG-17999]
2022-08-11 01:32:53.324 :   Account: jojo4/bean4	[MsgId: MMSG-17999]
2022-08-11 01:33:02.503 :   Login completed	[MsgId: MMSG-17999]
2022-08-11 01:33:05.849 :   Logout completed	[MsgId: MMSG-17999]
2022-08-11 01:34:59.335 : - Iteration: 79	[MsgId: MMSG-17999]
2022-08-11 01:34:59.336 :   Account: jojo4/bean4	[MsgId: MMSG-17999]
2022-08-11 01:35:09.654 :   Login completed	[MsgId: MMSG-17999]
2022-08-11 01:35:12.862 :   Logout completed	[MsgId: MMSG-17999]
2022-08-11 01:37:05.337 : - Iteration: 80	[MsgId: MMSG-17999]
2022-08-11 01:37:05.338 :   Account: jojo4/bean4	[MsgId: MMSG-17999]
2022-08-11 01:37:17.363 :   Login completed	[MsgId: MMSG-17999]
2022-08-11 01:37:24.434 :   Logout completed	[MsgId: MMSG-17999]
2022-08-11 01:39:11.340 : - Iteration: 81	[MsgId: MMSG-17999]
2022-08-11 01:39:11.341 :   Account: jojo4/bean4	[MsgId: MMSG-17999]
2022-08-11 01:39:26.153 :   Login completed	[MsgId: MMSG-17999]
2022-08-11 01:39:29.969 :   Logout completed	[MsgId: MMSG-17999]
2022-08-11 01:41:17.349 : - Iteration: 82	[MsgId: MMSG-17999]
2022-08-11 01:41:17.349 :   Account: jojo4/bean4	[MsgId: MMSG-17999]
2022-08-11 01:41:32.334 :   Login completed	[MsgId: MMSG-17999]
2022-08-11 01:41:37.692 :   Logout completed	[MsgId: MMSG-17999]
2022-08-11 01:43:23.357 : - Iteration: 83	[MsgId: MMSG-17999]
2022-08-11 01:43:23.358 :   Account: jojo4/bean4	[MsgId: MMSG-17999]
2022-08-11 01:43:36.649 :   Login completed	[MsgId: MMSG-17999]
2022-08-11 01:43:40.310 :   Logout completed	[MsgId: MMSG-17999]
2022-08-11 01:45:29.367 : - Iteration: 84	[MsgId: MMSG-17999]
2022-08-11 01:45:29.367 :   Account: jojo4/bean4	[MsgId: MMSG-17999]
2022-08-11 01:45:39.813 :   Login completed	[MsgId: MMSG-17999]
2022-08-11 01:45:42.761 :   Logout completed	[MsgId: MMSG-17999]
2022-08-11 01:47:35.371 : - Iteration: 85	[MsgId: MMSG-17999]
2022-08-11 01:47:35.371 :   Account: jojo4/bean4	[MsgId: MMSG-17999]
2022-08-11 01:47:49.183 :   Login completed	[MsgId: MMSG-17999]
2022-08-11 01:47:52.134 :   Logout completed	[MsgId: MMSG-17999]
2022-08-11 01:49:41.379 : - Iteration: 86	[MsgId: MMSG-17999]
2022-08-11 01:49:41.379 :   Account: jojo4/bean4	[MsgId: MMSG-17999]
2022-08-11 01:49:56.682 :   Login completed	[MsgId: MMSG-17999]
2022-08-11 01:49:59.747 :   Logout completed	[MsgId: MMSG-17999]
2022-08-11 01:51:47.391 : - Iteration: 87	[MsgId: MMSG-17999]
2022-08-11 01:51:47.392 :   Account: jojo4/bean4	[MsgId: MMSG-17999]
2022-08-11 01:51:59.606 :   Login completed	[MsgId: MMSG-17999]
2022-08-11 01:52:07.319 :   Logout completed	[MsgId: MMSG-17999]
2022-08-11 01:53:53.402 : - Iteration: 88	[MsgId: MMSG-17999]
2022-08-11 01:53:53.402 :   Account: jojo4/bean4	[MsgId: MMSG-17999]
2022-08-11 01:54:03.707 :   Login completed	[MsgId: MMSG-17999]
2022-08-11 01:54:06.614 :   Logout completed	[MsgId: MMSG-17999]
2022-08-11 01:55:59.412 : - Iteration: 89	[MsgId: MMSG-17999]
2022-08-11 01:55:59.413 :   Account: jojo4/bean4	[MsgId: MMSG-17999]
2022-08-11 01:56:08.434 :   Login completed	[MsgId: MMSG-17999]
2022-08-11 01:56:15.030 :   Logout completed	[MsgId: MMSG-17999]
2022-08-11 01:58:05.420 : - Iteration: 90	[MsgId: MMSG-17999]
2022-08-11 01:58:05.420 :   Account: jojo4/bean4	[MsgId: MMSG-17999]
2022-08-11 01:58:17.110 :   Login completed	[MsgId: MMSG-17999]
2022-08-11 01:58:20.013 :   Logout completed	[MsgId: MMSG-17999]
2022-08-11 02:00:11.429 : - Iteration: 91	[MsgId: MMSG-17999]
2022-08-11 02:00:11.429 :   Account: jojo4/bean4	[MsgId: MMSG-17999]
2022-08-11 02:00:23.891 :   Login completed	[MsgId: MMSG-17999]
2022-08-11 02:00:29.239 :   Logout completed	[MsgId: MMSG-17999]
2022-08-11 02:02:17.431 : - Iteration: 92	[MsgId: MMSG-17999]
2022-08-11 02:02:17.432 :   Account: jojo4/bean4	[MsgId: MMSG-17999]
2022-08-11 02:02:31.920 :   Login completed	[MsgId: MMSG-17999]
2022-08-11 02:02:35.835 :   Logout completed	[MsgId: MMSG-17999]
2022-08-11 02:04:23.433 : - Iteration: 93	[MsgId: MMSG-17999]
2022-08-11 02:04:23.434 :   Account: jojo4/bean4	[MsgId: MMSG-17999]
2022-08-11 02:04:32.187 :   Login completed	[MsgId: MMSG-17999]
2022-08-11 02:04:36.769 :   Logout completed	[MsgId: MMSG-17999]
2022-08-11 02:06:29.438 : - Iteration: 94	[MsgId: MMSG-17999]
2022-08-11 02:06:29.439 :   Account: jojo4/bean4	[MsgId: MMSG-17999]
2022-08-11 02:06:41.452 :   Login completed	[MsgId: MMSG-17999]
2022-08-11 02:06:47.401 :   Logout completed	[MsgId: MMSG-17999]
2022-08-11 02:08:35.446 : - Iteration: 95	[MsgId: MMSG-17999]
2022-08-11 02:08:35.446 :   Account: jojo4/bean4	[MsgId: MMSG-17999]
2022-08-11 02:08:49.223 :   Login completed	[MsgId: MMSG-17999]
2022-08-11 02:08:56.083 :   Logout completed	[MsgId: MMSG-17999]
2022-08-11 02:10:41.449 : - Iteration: 96	[MsgId: MMSG-17999]
2022-08-11 02:10:41.450 :   Account: jojo4/bean4	[MsgId: MMSG-17999]
2022-08-11 02:10:55.909 :   Login completed	[MsgId: MMSG-17999]
2022-08-11 02:11:00.064 :   Logout completed	[MsgId: MMSG-17999]
2022-08-11 02:12:47.462 : - Iteration: 97	[MsgId: MMSG-17999]
2022-08-11 02:12:47.462 :   Account: jojo4/bean4	[MsgId: MMSG-17999]
2022-08-11 02:12:56.648 :   Login completed	[MsgId: MMSG-17999]
2022-08-11 02:13:00.965 :   Logout completed	[MsgId: MMSG-17999]
2022-08-11 02:14:53.473 : - Iteration: 98	[MsgId: MMSG-17999]
2022-08-11 02:14:53.473 :   Account: jojo4/bean4	[MsgId: MMSG-17999]
2022-08-11 02:15:04.578 :   Login completed	[MsgId: MMSG-17999]
2022-08-11 02:15:09.956 :   Logout completed	[MsgId: MMSG-17999]
2022-08-11 02:16:59.485 : - Iteration: 99	[MsgId: MMSG-17999]
2022-08-11 02:16:59.486 :   Account: jojo4/bean4	[MsgId: MMSG-17999]
2022-08-11 02:17:12.545 :   Login completed	[MsgId: MMSG-17999]
2022-08-11 02:17:16.234 :   Logout completed	[MsgId: MMSG-17999]
2022-08-11 02:19:05.491 : - Iteration: 100	[MsgId: MMSG-17999]
2022-08-11 02:19:05.492 :   Account: jojo4/bean4	[MsgId: MMSG-17999]
2022-08-11 02:19:11.256 :   Login completed	[MsgId: MMSG-17999]
2022-08-11 02:19:16.832 :   Logout completed	[MsgId: MMSG-17999]
2022-08-11 02:21:11.500 : - Iteration: 101	[MsgId: MMSG-17999]
2022-08-11 02:21:11.501 :   Account: jojo4/bean4	[MsgId: MMSG-17999]
2022-08-11 02:21:26.648 :   Login completed	[MsgId: MMSG-17999]
2022-08-11 02:21:32.305 :   Logout completed	[MsgId: MMSG-17999]
2022-08-11 02:23:17.512 : - Iteration: 102	[MsgId: MMSG-17999]
2022-08-11 02:23:17.513 :   Account: jojo4/bean4	[MsgId: MMSG-17999]
2022-08-11 02:23:31.870 :   Login completed	[MsgId: MMSG-17999]
2022-08-11 02:23:39.535 :   Logout completed	[MsgId: MMSG-17999]
2022-08-11 02:25:23.514 : - Iteration: 103	[MsgId: MMSG-17999]
2022-08-11 02:25:23.515 :   Account: jojo4/bean4	[MsgId: MMSG-17999]
2022-08-11 02:25:34.290 :   Login completed	[MsgId: MMSG-17999]
2022-08-11 02:25:37.955 :   Logout completed	[MsgId: MMSG-17999]
2022-08-11 02:27:29.526 : - Iteration: 104	[MsgId: MMSG-17999]
2022-08-11 02:27:29.527 :   Account: jojo4/bean4	[MsgId: MMSG-17999]
2022-08-11 02:27:37.786 :   Login completed	[MsgId: MMSG-17999]
2022-08-11 02:27:45.506 :   Logout completed	[MsgId: MMSG-17999]
2022-08-11 02:29:35.527 : - Iteration: 105	[MsgId: MMSG-17999]
2022-08-11 02:29:35.528 :   Account: jojo4/bean4	[MsgId: MMSG-17999]
2022-08-11 02:29:42.425 :   Login completed	[MsgId: MMSG-17999]
2022-08-11 02:29:45.405 :   Logout completed	[MsgId: MMSG-17999]
2022-08-11 02:31:41.538 : - Iteration: 106	[MsgId: MMSG-17999]
2022-08-11 02:31:41.538 :   Account: jojo4/bean4	[MsgId: MMSG-17999]
2022-08-11 02:31:53.540 :   Login completed	[MsgId: MMSG-17999]
2022-08-11 02:32:01.255 :   Logout completed	[MsgId: MMSG-17999]
2022-08-11 02:33:47.539 : - Iteration: 107	[MsgId: MMSG-17999]
2022-08-11 02:33:47.539 :   Account: jojo4/bean4	[MsgId: MMSG-17999]
2022-08-11 02:34:01.533 :   Login completed	[MsgId: MMSG-17999]
2022-08-11 02:34:06.177 :   Logout completed	[MsgId: MMSG-17999]
2022-08-11 02:35:53.539 : - Iteration: 108	[MsgId: MMSG-17999]
2022-08-11 02:35:53.540 :   Account: jojo4/bean4	[MsgId: MMSG-17999]
2022-08-11 02:36:08.999 :   Login completed	[MsgId: MMSG-17999]
2022-08-11 02:36:13.807 :   Logout completed	[MsgId: MMSG-17999]
2022-08-11 02:37:59.540 : - Iteration: 109	[MsgId: MMSG-17999]
2022-08-11 02:37:59.540 :   Account: jojo4/bean4	[MsgId: MMSG-17999]
2022-08-11 02:38:10.191 :   Login completed	[MsgId: MMSG-17999]
2022-08-11 02:38:13.698 :   Logout completed	[MsgId: MMSG-17999]
2022-08-11 02:40:05.545 : - Iteration: 110	[MsgId: MMSG-17999]
2022-08-11 02:40:05.545 :   Account: jojo4/bean4	[MsgId: MMSG-17999]
2022-08-11 02:40:11.808 :   Login completed	[MsgId: MMSG-17999]
2022-08-11 02:40:17.205 :   Logout completed	[MsgId: MMSG-17999]
2022-08-11 02:42:11.545 : - Iteration: 111	[MsgId: MMSG-17999]
2022-08-11 02:42:11.546 :   Account: jojo4/bean4	[MsgId: MMSG-17999]
2022-08-11 02:42:17.952 :   Login completed	[MsgId: MMSG-17999]
2022-08-11 02:42:24.396 :   Logout completed	[MsgId: MMSG-17999]
2022-08-11 02:44:17.548 : - Iteration: 112	[MsgId: MMSG-17999]
2022-08-11 02:44:17.548 :   Account: jojo4/bean4	[MsgId: MMSG-17999]
2022-08-11 02:44:31.510 :   Login completed	[MsgId: MMSG-17999]
2022-08-11 02:44:37.354 :   Logout completed	[MsgId: MMSG-17999]
2022-08-11 02:46:23.560 : - Iteration: 113	[MsgId: MMSG-17999]
2022-08-11 02:46:23.560 :   Account: jojo4/bean4	[MsgId: MMSG-17999]
2022-08-11 02:46:33.040 :   Login completed	[MsgId: MMSG-17999]
2022-08-11 02:46:37.116 :   Logout completed	[MsgId: MMSG-17999]
2022-08-11 02:48:29.566 : - Iteration: 114	[MsgId: MMSG-17999]
2022-08-11 02:48:29.566 :   Account: jojo4/bean4	[MsgId: MMSG-17999]
2022-08-11 02:48:43.311 :   Login completed	[MsgId: MMSG-17999]
2022-08-11 02:48:48.497 :   Logout completed	[MsgId: MMSG-17999]
2022-08-11 02:50:35.577 : - Iteration: 115	[MsgId: MMSG-17999]
2022-08-11 02:50:35.577 :   Account: jojo4/bean4	[MsgId: MMSG-17999]
2022-08-11 02:50:48.281 :   Login completed	[MsgId: MMSG-17999]
2022-08-11 02:50:51.797 :   Logout completed	[MsgId: MMSG-17999]
2022-08-11 02:52:41.590 : - Iteration: 116	[MsgId: MMSG-17999]
2022-08-11 02:52:41.590 :   Account: jojo4/bean4	[MsgId: MMSG-17999]
2022-08-11 02:52:51.294 :   Login completed	[MsgId: MMSG-17999]
2022-08-11 02:52:57.962 :   Logout completed	[MsgId: MMSG-17999]
2022-08-11 02:54:47.592 : - Iteration: 117	[MsgId: MMSG-17999]
2022-08-11 02:54:47.592 :   Account: jojo4/bean4	[MsgId: MMSG-17999]
2022-08-11 02:54:54.598 :   Login completed	[MsgId: MMSG-17999]
2022-08-11 02:54:59.599 :   Logout completed	[MsgId: MMSG-17999]
2022-08-11 02:56:53.593 : - Iteration: 118	[MsgId: MMSG-17999]
2022-08-11 02:56:53.593 :   Account: jojo4/bean4	[MsgId: MMSG-17999]
2022-08-11 02:57:04.316 :   Login completed	[MsgId: MMSG-17999]
2022-08-11 02:57:08.895 :   Logout completed	[MsgId: MMSG-17999]
2022-08-11 02:58:59.602 : - Iteration: 119	[MsgId: MMSG-17999]
2022-08-11 02:58:59.602 :   Account: jojo4/bean4	[MsgId: MMSG-17999]
2022-08-11 02:59:10.452 :   Login completed	[MsgId: MMSG-17999]
2022-08-11 02:59:18.079 :   Logout completed	[MsgId: MMSG-17999]
2022-08-11 03:01:05.616 : - Iteration: 120	[MsgId: MMSG-17999]
2022-08-11 03:01:05.617 :   Account: jojo4/bean4	[MsgId: MMSG-17999]
2022-08-11 03:01:11.251 :   Login completed	[MsgId: MMSG-17999]
2022-08-11 03:01:16.839 :   Logout completed	[MsgId: MMSG-17999]
2022-08-11 03:03:11.630 : - Iteration: 121	[MsgId: MMSG-17999]
2022-08-11 03:03:11.631 :   Account: jojo4/bean4	[MsgId: MMSG-17999]
2022-08-11 03:03:19.375 :   Login completed	[MsgId: MMSG-17999]
2022-08-11 03:03:23.048 :   Logout completed	[MsgId: MMSG-17999]
2022-08-11 03:05:17.632 : - Iteration: 122	[MsgId: MMSG-17999]
2022-08-11 03:05:17.632 :   Account: jojo4/bean4	[MsgId: MMSG-17999]
2022-08-11 03:05:28.591 :   Login completed	[MsgId: MMSG-17999]
2022-08-11 03:05:34.767 :   Logout completed	[MsgId: MMSG-17999]
2022-08-11 03:07:23.644 : - Iteration: 123	[MsgId: MMSG-17999]
2022-08-11 03:07:23.645 :   Account: jojo4/bean4	[MsgId: MMSG-17999]
2022-08-11 03:07:30.799 :   Login completed	[MsgId: MMSG-17999]
2022-08-11 03:07:33.566 :   Logout completed	[MsgId: MMSG-17999]
2022-08-11 03:09:29.646 : - Iteration: 124	[MsgId: MMSG-17999]
2022-08-11 03:09:29.646 :   Account: jojo4/bean4	[MsgId: MMSG-17999]
2022-08-11 03:09:44.199 :   Login completed	[MsgId: MMSG-17999]
2022-08-11 03:09:50.745 :   Logout completed	[MsgId: MMSG-17999]
2022-08-11 03:11:35.648 : - Iteration: 125	[MsgId: MMSG-17999]
2022-08-11 03:11:35.648 :   Account: jojo4/bean4	[MsgId: MMSG-17999]
2022-08-11 03:11:43.579 :   Login completed	[MsgId: MMSG-17999]
2022-08-11 03:11:49.759 :   Logout completed	[MsgId: MMSG-17999]
2022-08-11 03:13:41.662 : - Iteration: 126	[MsgId: MMSG-17999]
2022-08-11 03:13:41.662 :   Account: jojo4/bean4	[MsgId: MMSG-17999]
2022-08-11 03:13:51.190 :   Login completed	[MsgId: MMSG-17999]
2022-08-11 03:13:56.293 :   Logout completed	[MsgId: MMSG-17999]
2022-08-11 03:15:47.667 : - Iteration: 127	[MsgId: MMSG-17999]
2022-08-11 03:15:47.667 :   Account: jojo4/bean4	[MsgId: MMSG-17999]
2022-08-11 03:15:58.686 :   Login completed	[MsgId: MMSG-17999]
2022-08-11 03:16:04.722 :   Logout completed	[MsgId: MMSG-17999]
2022-08-11 03:17:53.670 : - Iteration: 128	[MsgId: MMSG-17999]
2022-08-11 03:17:53.670 :   Account: jojo4/bean4	[MsgId: MMSG-17999]
2022-08-11 03:18:00.213 :   Login completed	[MsgId: MMSG-17999]
2022-08-11 03:18:04.297 :   Logout completed	[MsgId: MMSG-17999]
2022-08-11 03:19:59.674 : - Iteration: 129	[MsgId: MMSG-17999]
2022-08-11 03:19:59.675 :   Account: jojo4/bean4	[MsgId: MMSG-17999]
2022-08-11 03:20:05.506 :   Login completed	[MsgId: MMSG-17999]
2022-08-11 03:20:09.804 :   Logout completed	[MsgId: MMSG-17999]
2022-08-11 03:22:05.681 : - Iteration: 130	[MsgId: MMSG-17999]
2022-08-11 03:22:05.682 :   Account: jojo4/bean4	[MsgId: MMSG-17999]
2022-08-11 03:22:12.645 :   Login completed	[MsgId: MMSG-17999]
2022-08-11 03:22:16.630 :   Logout completed	[MsgId: MMSG-17999]
2022-08-11 03:24:11.687 : - Iteration: 131	[MsgId: MMSG-17999]
2022-08-11 03:24:11.687 :   Account: jojo4/bean4	[MsgId: MMSG-17999]
2022-08-11 03:24:25.374 :   Login completed	[MsgId: MMSG-17999]
2022-08-11 03:24:33.122 :   Logout completed	[MsgId: MMSG-17999]
2022-08-11 03:26:17.689 : - Iteration: 132	[MsgId: MMSG-17999]
2022-08-11 03:26:17.690 :   Account: jojo4/bean4	[MsgId: MMSG-17999]
2022-08-11 03:26:29.531 :   Login completed	[MsgId: MMSG-17999]
2022-08-11 03:26:33.278 :   Logout completed	[MsgId: MMSG-17999]
2022-08-11 03:28:23.690 : - Iteration: 133	[MsgId: MMSG-17999]
2022-08-11 03:28:23.691 :   Account: jojo4/bean4	[MsgId: MMSG-17999]
2022-08-11 03:28:34.080 :   Login completed	[MsgId: MMSG-17999]
2022-08-11 03:28:39.959 :   Logout completed	[MsgId: MMSG-17999]
2022-08-11 03:30:29.690 : - Iteration: 134	[MsgId: MMSG-17999]
2022-08-11 03:30:29.690 :   Account: jojo4/bean4	[MsgId: MMSG-17999]
2022-08-11 03:30:37.496 :   Login completed	[MsgId: MMSG-17999]
2022-08-11 03:30:44.116 :   Logout completed	[MsgId: MMSG-17999]
2022-08-11 03:32:35.697 : - Iteration: 135	[MsgId: MMSG-17999]
2022-08-11 03:32:35.697 :   Account: jojo4/bean4	[MsgId: MMSG-17999]
2022-08-11 03:32:45.020 :   Login completed	[MsgId: MMSG-17999]
2022-08-11 03:32:51.983 :   Logout completed	[MsgId: MMSG-17999]
2022-08-11 03:34:41.708 : - Iteration: 136	[MsgId: MMSG-17999]
2022-08-11 03:34:41.709 :   Account: jojo4/bean4	[MsgId: MMSG-17999]
2022-08-11 03:34:55.864 :   Login completed	[MsgId: MMSG-17999]
2022-08-11 03:35:00.584 :   Logout completed	[MsgId: MMSG-17999]
2022-08-11 03:36:47.709 : - Iteration: 137	[MsgId: MMSG-17999]
2022-08-11 03:36:47.709 :   Account: jojo4/bean4	[MsgId: MMSG-17999]
2022-08-11 03:36:54.040 :   Login completed	[MsgId: MMSG-17999]
2022-08-11 03:36:56.935 :   Logout completed	[MsgId: MMSG-17999]
2022-08-11 03:38:53.722 : - Iteration: 138	[MsgId: MMSG-17999]
2022-08-11 03:38:53.722 :   Account: jojo4/bean4	[MsgId: MMSG-17999]
2022-08-11 03:39:08.223 :   Login completed	[MsgId: MMSG-17999]
2022-08-11 03:39:11.851 :   Logout completed	[MsgId: MMSG-17999]
2022-08-11 03:40:59.735 : - Iteration: 139	[MsgId: MMSG-17999]
2022-08-11 03:40:59.736 :   Account: jojo4/bean4	[MsgId: MMSG-17999]
2022-08-11 03:41:13.113 :   Login completed	[MsgId: MMSG-17999]
2022-08-11 03:41:19.819 :   Logout completed	[MsgId: MMSG-17999]
2022-08-11 03:43:05.745 : - Iteration: 140	[MsgId: MMSG-17999]
2022-08-11 03:43:05.746 :   Account: jojo4/bean4	[MsgId: MMSG-17999]
2022-08-11 03:43:18.471 :   Login completed	[MsgId: MMSG-17999]
2022-08-11 03:43:24.545 :   Logout completed	[MsgId: MMSG-17999]
2022-08-11 03:45:11.749 : - Iteration: 141	[MsgId: MMSG-17999]
2022-08-11 03:45:11.749 :   Account: jojo4/bean4	[MsgId: MMSG-17999]
2022-08-11 03:45:19.153 :   Login completed	[MsgId: MMSG-17999]
2022-08-11 03:45:24.605 :   Logout completed	[MsgId: MMSG-17999]
2022-08-11 03:47:17.757 : - Iteration: 142	[MsgId: MMSG-17999]
2022-08-11 03:47:17.758 :   Account: jojo4/bean4	[MsgId: MMSG-17999]
2022-08-11 03:47:31.916 :   Login completed	[MsgId: MMSG-17999]
2022-08-11 03:47:39.548 :   Logout completed	[MsgId: MMSG-17999]
2022-08-11 03:49:23.771 : - Iteration: 143	[MsgId: MMSG-17999]
2022-08-11 03:49:23.771 :   Account: jojo4/bean4	[MsgId: MMSG-17999]
2022-08-11 03:49:30.246 :   Login completed	[MsgId: MMSG-17999]
2022-08-11 03:49:36.529 :   Logout completed	[MsgId: MMSG-17999]
2022-08-11 03:51:29.782 : - Iteration: 144	[MsgId: MMSG-17999]
2022-08-11 03:51:29.782 :   Account: jojo4/bean4	[MsgId: MMSG-17999]
2022-08-11 03:51:36.303 :   Login completed	[MsgId: MMSG-17999]
2022-08-11 03:51:41.642 :   Logout completed	[MsgId: MMSG-17999]
2022-08-11 03:53:35.798 : - Iteration: 145	[MsgId: MMSG-17999]
2022-08-11 03:53:35.799 :   Account: jojo4/bean4	[MsgId: MMSG-17999]
2022-08-11 03:53:41.578 :   Login completed	[MsgId: MMSG-17999]
2022-08-11 03:53:47.588 :   Logout completed	[MsgId: MMSG-17999]
2022-08-11 03:55:41.807 : - Iteration: 146	[MsgId: MMSG-17999]
2022-08-11 03:55:41.807 :   Account: jojo4/bean4	[MsgId: MMSG-17999]
2022-08-11 03:55:53.987 :   Login completed	[MsgId: MMSG-17999]
2022-08-11 03:55:59.082 :   Logout completed	[MsgId: MMSG-17999]
2022-08-11 03:57:47.812 : - Iteration: 147	[MsgId: MMSG-17999]
2022-08-11 03:57:47.813 :   Account: jojo4/bean4	[MsgId: MMSG-17999]
2022-08-11 03:57:55.114 :   Login completed	[MsgId: MMSG-17999]
2022-08-11 03:57:58.229 :   Logout completed	[MsgId: MMSG-17999]
2022-08-11 03:59:53.822 : - Iteration: 148	[MsgId: MMSG-17999]
2022-08-11 03:59:53.822 :   Account: jojo4/bean4	[MsgId: MMSG-17999]
2022-08-11 04:00:00.686 :   Login completed	[MsgId: MMSG-17999]
2022-08-11 04:00:05.156 :   Logout completed	[MsgId: MMSG-17999]
2022-08-11 04:01:59.830 : - Iteration: 149	[MsgId: MMSG-17999]
2022-08-11 04:01:59.831 :   Account: jojo4/bean4	[MsgId: MMSG-17999]
2022-08-11 04:02:08.556 :   Login completed	[MsgId: MMSG-17999]
2022-08-11 04:02:14.612 :   Logout completed	[MsgId: MMSG-17999]
2022-08-11 04:04:05.837 : - Iteration: 150	[MsgId: MMSG-17999]
2022-08-11 04:04:05.838 :   Account: jojo4/bean4	[MsgId: MMSG-17999]
2022-08-11 04:04:18.956 :   Login completed	[MsgId: MMSG-17999]
2022-08-11 04:04:22.986 :   Logout completed	[MsgId: MMSG-17999]
2022-08-11 04:06:11.837 : - Iteration: 151	[MsgId: MMSG-17999]
2022-08-11 04:06:11.837 :   Account: jojo4/bean4	[MsgId: MMSG-17999]
2022-08-11 04:06:25.465 :   Login completed	[MsgId: MMSG-17999]
2022-08-11 04:06:31.763 :   Logout completed	[MsgId: MMSG-17999]
2022-08-11 04:08:17.844 : - Iteration: 152	[MsgId: MMSG-17999]
2022-08-11 04:08:17.844 :   Account: jojo4/bean4	[MsgId: MMSG-17999]
2022-08-11 04:08:33.436 :   Login completed	[MsgId: MMSG-17999]
2022-08-11 04:08:38.011 :   Logout completed	[MsgId: MMSG-17999]
2022-08-11 04:10:23.846 : - Iteration: 153	[MsgId: MMSG-17999]
2022-08-11 04:10:23.846 :   Account: jojo4/bean4	[MsgId: MMSG-17999]
2022-08-11 04:10:37.633 :   Login completed	[MsgId: MMSG-17999]
2022-08-11 04:10:40.654 :   Logout completed	[MsgId: MMSG-17999]
2022-08-11 04:12:29.852 : - Iteration: 154	[MsgId: MMSG-17999]
2022-08-11 04:12:29.853 :   Account: jojo4/bean4	[MsgId: MMSG-17999]
2022-08-11 04:12:36.067 :   Login completed	[MsgId: MMSG-17999]
2022-08-11 04:12:43.529 :   Logout completed	[MsgId: MMSG-17999]
2022-08-11 04:14:35.853 : - Iteration: 155	[MsgId: MMSG-17999]
2022-08-11 04:14:35.854 :   Account: jojo4/bean4	[MsgId: MMSG-17999]
2022-08-11 04:14:41.869 :   Login completed	[MsgId: MMSG-17999]
2022-08-11 04:14:49.458 :   Logout completed	[MsgId: MMSG-17999]
2022-08-11 04:16:41.862 : - Iteration: 156	[MsgId: MMSG-17999]
2022-08-11 04:16:41.863 :   Account: jojo4/bean4	[MsgId: MMSG-17999]
2022-08-11 04:16:55.139 :   Login completed	[MsgId: MMSG-17999]
2022-08-11 04:16:58.835 :   Logout completed	[MsgId: MMSG-17999]
2022-08-11 04:18:47.872 : - Iteration: 157	[MsgId: MMSG-17999]
2022-08-11 04:18:47.872 :   Account: jojo4/bean4	[MsgId: MMSG-17999]
2022-08-11 04:19:01.422 :   Login completed	[MsgId: MMSG-17999]
2022-08-11 04:19:08.483 :   Logout completed	[MsgId: MMSG-17999]
2022-08-11 04:20:53.874 : - Iteration: 158	[MsgId: MMSG-17999]
2022-08-11 04:20:53.874 :   Account: jojo4/bean4	[MsgId: MMSG-17999]
2022-08-11 04:21:05.238 :   Login completed	[MsgId: MMSG-17999]
2022-08-11 04:21:11.290 :   Logout completed	[MsgId: MMSG-17999]
2022-08-11 04:22:59.884 : - Iteration: 159	[MsgId: MMSG-17999]
2022-08-11 04:22:59.884 :   Account: jojo4/bean4	[MsgId: MMSG-17999]
2022-08-11 04:23:06.804 :   Login completed	[MsgId: MMSG-17999]
2022-08-11 04:23:11.803 :   Logout completed	[MsgId: MMSG-17999]
2022-08-11 04:25:05.895 : - Iteration: 160	[MsgId: MMSG-17999]
2022-08-11 04:25:05.895 :   Account: jojo4/bean4	[MsgId: MMSG-17999]
2022-08-11 04:25:17.397 :   Login completed	[MsgId: MMSG-17999]
2022-08-11 04:25:24.074 :   Logout completed	[MsgId: MMSG-17999]
2022-08-11 04:27:11.901 : - Iteration: 161	[MsgId: MMSG-17999]
2022-08-11 04:27:11.901 :   Account: jojo4/bean4	[MsgId: MMSG-17999]
2022-08-11 04:27:21.790 :   Login completed	[MsgId: MMSG-17999]
2022-08-11 04:27:24.702 :   Logout completed	[MsgId: MMSG-17999]
2022-08-11 04:29:17.916 : - Iteration: 162	[MsgId: MMSG-17999]
2022-08-11 04:29:17.916 :   Account: jojo4/bean4	[MsgId: MMSG-17999]
2022-08-11 04:29:31.403 :   Login completed	[MsgId: MMSG-17999]
2022-08-11 04:29:34.451 :   Logout completed	[MsgId: MMSG-17999]
2022-08-11 04:31:23.932 : - Iteration: 163	[MsgId: MMSG-17999]
2022-08-11 04:31:23.933 :   Account: jojo4/bean4	[MsgId: MMSG-17999]
2022-08-11 04:31:35.929 :   Login completed	[MsgId: MMSG-17999]
2022-08-11 04:31:38.974 :   Logout completed	[MsgId: MMSG-17999]
2022-08-11 04:33:29.937 : - Iteration: 164	[MsgId: MMSG-17999]
2022-08-11 04:33:29.938 :   Account: jojo4/bean4	[MsgId: MMSG-17999]
2022-08-11 04:33:39.346 :   Login completed	[MsgId: MMSG-17999]
2022-08-11 04:33:43.761 :   Logout completed	[MsgId: MMSG-17999]
2022-08-11 04:35:35.939 : - Iteration: 165	[MsgId: MMSG-17999]
2022-08-11 04:35:35.939 :   Account: jojo4/bean4	[MsgId: MMSG-17999]
2022-08-11 04:35:44.405 :   Login completed	[MsgId: MMSG-17999]
2022-08-11 04:35:48.603 :   Logout completed	[MsgId: MMSG-17999]
2022-08-11 04:37:41.942 : - Iteration: 166	[MsgId: MMSG-17999]
2022-08-11 04:37:41.942 :   Account: jojo4/bean4	[MsgId: MMSG-17999]
2022-08-11 04:37:52.108 :   Login completed	[MsgId: MMSG-17999]
2022-08-11 04:37:55.868 :   Logout completed	[MsgId: MMSG-17999]
2022-08-11 04:39:47.946 : - Iteration: 167	[MsgId: MMSG-17999]
2022-08-11 04:39:47.946 :   Account: jojo4/bean4	[MsgId: MMSG-17999]
2022-08-11 04:39:55.511 :   Login completed	[MsgId: MMSG-17999]
2022-08-11 04:40:03.245 :   Logout completed	[MsgId: MMSG-17999]
2022-08-11 04:41:53.954 : - Iteration: 168	[MsgId: MMSG-17999]
2022-08-11 04:41:53.955 :   Account: jojo4/bean4	[MsgId: MMSG-17999]
2022-08-11 04:42:04.487 :   Login completed	[MsgId: MMSG-17999]
2022-08-11 04:42:07.852 :   Logout completed	[MsgId: MMSG-17999]
2022-08-11 04:43:59.959 : - Iteration: 169	[MsgId: MMSG-17999]
2022-08-11 04:43:59.960 :   Account: jojo4/bean4	[MsgId: MMSG-17999]
2022-08-11 04:44:10.022 :   Login completed	[MsgId: MMSG-17999]
2022-08-11 04:44:15.157 :   Logout completed	[MsgId: MMSG-17999]
2022-08-11 04:46:05.971 : - Iteration: 170	[MsgId: MMSG-17999]
2022-08-11 04:46:05.972 :   Account: jojo4/bean4	[MsgId: MMSG-17999]
2022-08-11 04:46:20.586 :   Login completed	[MsgId: MMSG-17999]
2022-08-11 04:46:27.649 :   Logout completed	[MsgId: MMSG-17999]
2022-08-11 04:48:11.976 : - Iteration: 171	[MsgId: MMSG-17999]
2022-08-11 04:48:11.977 :   Account: jojo4/bean4	[MsgId: MMSG-17999]
2022-08-11 04:48:26.888 :   Login completed	[MsgId: MMSG-17999]
2022-08-11 04:48:32.758 :   Logout completed	[MsgId: MMSG-17999]
2022-08-11 04:50:17.985 : - Iteration: 172	[MsgId: MMSG-17999]
2022-08-11 04:50:17.985 :   Account: jojo4/bean4	[MsgId: MMSG-17999]
2022-08-11 04:50:26.883 :   Login completed	[MsgId: MMSG-17999]
2022-08-11 04:50:34.034 :   Logout completed	[MsgId: MMSG-17999]
2022-08-11 04:52:23.994 : - Iteration: 173	[MsgId: MMSG-17999]
2022-08-11 04:52:23.994 :   Account: jojo4/bean4	[MsgId: MMSG-17999]
2022-08-11 04:52:33.559 :   Login completed	[MsgId: MMSG-17999]
2022-08-11 04:52:37.022 :   Logout completed	[MsgId: MMSG-17999]
2022-08-11 04:54:29.998 : - Iteration: 174	[MsgId: MMSG-17999]
2022-08-11 04:54:29.999 :   Account: jojo4/bean4	[MsgId: MMSG-17999]
2022-08-11 04:54:41.603 :   Login completed	[MsgId: MMSG-17999]
2022-08-11 04:54:49.178 :   Logout completed	[MsgId: MMSG-17999]
2022-08-11 04:56:36.010 : - Iteration: 175	[MsgId: MMSG-17999]
2022-08-11 04:56:36.010 :   Account: jojo4/bean4	[MsgId: MMSG-17999]
2022-08-11 04:56:47.834 :   Login completed	[MsgId: MMSG-17999]
2022-08-11 04:56:50.690 :   Logout completed	[MsgId: MMSG-17999]
2022-08-11 04:58:42.011 : - Iteration: 176	[MsgId: MMSG-17999]
2022-08-11 04:58:42.011 :   Account: jojo4/bean4	[MsgId: MMSG-17999]
2022-08-11 04:58:55.263 :   Login completed	[MsgId: MMSG-17999]
2022-08-11 04:59:00.390 :   Logout completed	[MsgId: MMSG-17999]
2022-08-11 05:00:48.017 : - Iteration: 177	[MsgId: MMSG-17999]
2022-08-11 05:00:48.018 :   Account: jojo4/bean4	[MsgId: MMSG-17999]
2022-08-11 05:01:00.714 :   Login completed	[MsgId: MMSG-17999]
2022-08-11 05:01:06.850 :   Logout completed	[MsgId: MMSG-17999]
