2022-08-11 03:58:43.027 : URL = localhost:1080	[MsgId: MMSG-17999]
2022-08-11 03:58:43.048 : - Iteration: 1	[MsgId: MMSG-17999]
2022-08-11 03:58:43.049 :   Account: jojo33/bean33	[MsgId: MMSG-17999]
2022-08-11 03:58:55.010 :   Login completed	[MsgId: MMSG-17999]
2022-08-11 03:58:59.275 :   Logout completed	[MsgId: MMSG-17999]
2022-08-11 04:00:49.064 : - Iteration: 2	[MsgId: MMSG-17999]
2022-08-11 04:00:49.065 :   Account: jojo33/bean33	[MsgId: MMSG-17999]
2022-08-11 04:01:01.076 :   Login completed	[MsgId: MMSG-17999]
2022-08-11 04:01:05.759 :   Logout completed	[MsgId: MMSG-17999]
2022-08-11 04:02:55.079 : - Iteration: 3	[MsgId: MMSG-17999]
2022-08-11 04:02:55.079 :   Account: jojo33/bean33	[MsgId: MMSG-17999]
2022-08-11 04:03:09.144 :   Login completed	[MsgId: MMSG-17999]
2022-08-11 04:03:12.895 :   Logout completed	[MsgId: MMSG-17999]
2022-08-11 04:05:01.081 : - Iteration: 4	[MsgId: MMSG-17999]
2022-08-11 04:05:01.082 :   Account: jojo33/bean33	[MsgId: MMSG-17999]
2022-08-11 04:05:12.827 :   Login completed	[MsgId: MMSG-17999]
2022-08-11 04:05:19.784 :   Logout completed	[MsgId: MMSG-17999]
2022-08-11 04:07:07.088 : - Iteration: 5	[MsgId: MMSG-17999]
2022-08-11 04:07:07.089 :   Account: jojo33/bean33	[MsgId: MMSG-17999]
2022-08-11 04:07:15.144 :   Login completed	[MsgId: MMSG-17999]
2022-08-11 04:07:19.338 :   Logout completed	[MsgId: MMSG-17999]
2022-08-11 04:09:13.096 : - Iteration: 6	[MsgId: MMSG-17999]
2022-08-11 04:09:13.096 :   Account: jojo33/bean33	[MsgId: MMSG-17999]
2022-08-11 04:09:23.234 :   Login completed	[MsgId: MMSG-17999]
2022-08-11 04:09:30.812 :   Logout completed	[MsgId: MMSG-17999]
2022-08-11 04:11:19.111 : - Iteration: 7	[MsgId: MMSG-17999]
2022-08-11 04:11:19.111 :   Account: jojo33/bean33	[MsgId: MMSG-17999]
2022-08-11 04:11:28.086 :   Login completed	[MsgId: MMSG-17999]
2022-08-11 04:11:33.883 :   Logout completed	[MsgId: MMSG-17999]
2022-08-11 04:13:25.124 : - Iteration: 8	[MsgId: MMSG-17999]
2022-08-11 04:13:25.124 :   Account: jojo33/bean33	[MsgId: MMSG-17999]
2022-08-11 04:13:40.480 :   Login completed	[MsgId: MMSG-17999]
2022-08-11 04:13:45.857 :   Logout completed	[MsgId: MMSG-17999]
2022-08-11 04:15:31.138 : - Iteration: 9	[MsgId: MMSG-17999]
2022-08-11 04:15:31.138 :   Account: jojo33/bean33	[MsgId: MMSG-17999]
2022-08-11 04:15:44.201 :   Login completed	[MsgId: MMSG-17999]
2022-08-11 04:15:47.734 :   Logout completed	[MsgId: MMSG-17999]
2022-08-11 04:17:37.147 : - Iteration: 10	[MsgId: MMSG-17999]
2022-08-11 04:17:37.148 :   Account: jojo33/bean33	[MsgId: MMSG-17999]
2022-08-11 04:17:48.082 :   Login completed	[MsgId: MMSG-17999]
2022-08-11 04:17:54.966 :   Logout completed	[MsgId: MMSG-17999]
2022-08-11 04:19:43.158 : - Iteration: 11	[MsgId: MMSG-17999]
2022-08-11 04:19:43.159 :   Account: jojo33/bean33	[MsgId: MMSG-17999]
2022-08-11 04:19:57.928 :   Login completed	[MsgId: MMSG-17999]
2022-08-11 04:20:04.901 :   Logout completed	[MsgId: MMSG-17999]
2022-08-11 04:21:49.165 : - Iteration: 12	[MsgId: MMSG-17999]
2022-08-11 04:21:49.165 :   Account: jojo33/bean33	[MsgId: MMSG-17999]
2022-08-11 04:21:55.097 :   Login completed	[MsgId: MMSG-17999]
2022-08-11 04:22:01.749 :   Logout completed	[MsgId: MMSG-17999]
2022-08-11 04:23:55.181 : - Iteration: 13	[MsgId: MMSG-17999]
2022-08-11 04:23:55.181 :   Account: jojo33/bean33	[MsgId: MMSG-17999]
2022-08-11 04:24:08.056 :   Login completed	[MsgId: MMSG-17999]
2022-08-11 04:24:11.043 :   Logout completed	[MsgId: MMSG-17999]
2022-08-11 04:26:01.195 : - Iteration: 14	[MsgId: MMSG-17999]
2022-08-11 04:26:01.196 :   Account: jojo33/bean33	[MsgId: MMSG-17999]
2022-08-11 04:26:08.549 :   Login completed	[MsgId: MMSG-17999]
2022-08-11 04:26:13.294 :   Logout completed	[MsgId: MMSG-17999]
2022-08-11 04:28:07.198 : - Iteration: 15	[MsgId: MMSG-17999]
2022-08-11 04:28:07.198 :   Account: jojo33/bean33	[MsgId: MMSG-17999]
2022-08-11 04:28:14.509 :   Login completed	[MsgId: MMSG-17999]
2022-08-11 04:28:18.832 :   Logout completed	[MsgId: MMSG-17999]
2022-08-11 04:30:13.207 : - Iteration: 16	[MsgId: MMSG-17999]
2022-08-11 04:30:13.208 :   Account: jojo33/bean33	[MsgId: MMSG-17999]
2022-08-11 04:30:23.968 :   Login completed	[MsgId: MMSG-17999]
2022-08-11 04:30:28.017 :   Logout completed	[MsgId: MMSG-17999]
2022-08-11 04:32:19.215 : - Iteration: 17	[MsgId: MMSG-17999]
2022-08-11 04:32:19.215 :   Account: jojo33/bean33	[MsgId: MMSG-17999]
2022-08-11 04:32:33.925 :   Login completed	[MsgId: MMSG-17999]
2022-08-11 04:32:38.459 :   Logout completed	[MsgId: MMSG-17999]
2022-08-11 04:34:25.224 : - Iteration: 18	[MsgId: MMSG-17999]
2022-08-11 04:34:25.224 :   Account: jojo33/bean33	[MsgId: MMSG-17999]
2022-08-11 04:34:35.592 :   Login completed	[MsgId: MMSG-17999]
2022-08-11 04:34:42.288 :   Logout completed	[MsgId: MMSG-17999]
2022-08-11 04:36:31.230 : - Iteration: 19	[MsgId: MMSG-17999]
2022-08-11 04:36:31.231 :   Account: jojo33/bean33	[MsgId: MMSG-17999]
2022-08-11 04:36:39.046 :   Login completed	[MsgId: MMSG-17999]
2022-08-11 04:36:45.469 :   Logout completed	[MsgId: MMSG-17999]
2022-08-11 04:38:37.245 : - Iteration: 20	[MsgId: MMSG-17999]
2022-08-11 04:38:37.245 :   Account: jojo33/bean33	[MsgId: MMSG-17999]
2022-08-11 04:38:48.997 :   Login completed	[MsgId: MMSG-17999]
2022-08-11 04:38:53.363 :   Logout completed	[MsgId: MMSG-17999]
2022-08-11 04:40:43.270 : - Iteration: 21	[MsgId: MMSG-17999]
2022-08-11 04:40:43.270 :   Account: jojo33/bean33	[MsgId: MMSG-17999]
2022-08-11 04:40:50.860 :   Login completed	[MsgId: MMSG-17999]
2022-08-11 04:40:55.956 :   Logout completed	[MsgId: MMSG-17999]
2022-08-11 04:42:49.284 : - Iteration: 22	[MsgId: MMSG-17999]
2022-08-11 04:42:49.284 :   Account: jojo33/bean33	[MsgId: MMSG-17999]
2022-08-11 04:43:02.994 :   Login completed	[MsgId: MMSG-17999]
2022-08-11 04:43:10.086 :   Logout completed	[MsgId: MMSG-17999]
2022-08-11 04:44:55.286 : - Iteration: 23	[MsgId: MMSG-17999]
2022-08-11 04:44:55.287 :   Account: jojo33/bean33	[MsgId: MMSG-17999]
2022-08-11 04:45:03.956 :   Login completed	[MsgId: MMSG-17999]
2022-08-11 04:45:10.475 :   Logout completed	[MsgId: MMSG-17999]
2022-08-11 04:47:01.287 : - Iteration: 24	[MsgId: MMSG-17999]
2022-08-11 04:47:01.288 :   Account: jojo33/bean33	[MsgId: MMSG-17999]
2022-08-11 04:47:15.521 :   Login completed	[MsgId: MMSG-17999]
2022-08-11 04:47:19.510 :   Logout completed	[MsgId: MMSG-17999]
2022-08-11 04:49:07.290 : - Iteration: 25	[MsgId: MMSG-17999]
2022-08-11 04:49:07.291 :   Account: jojo33/bean33	[MsgId: MMSG-17999]
2022-08-11 04:49:20.321 :   Login completed	[MsgId: MMSG-17999]
2022-08-11 04:49:23.308 :   Logout completed	[MsgId: MMSG-17999]
2022-08-11 04:51:13.293 : - Iteration: 26	[MsgId: MMSG-17999]
2022-08-11 04:51:13.294 :   Account: jojo33/bean33	[MsgId: MMSG-17999]
2022-08-11 04:51:27.052 :   Login completed	[MsgId: MMSG-17999]
2022-08-11 04:51:31.076 :   Logout completed	[MsgId: MMSG-17999]
2022-08-11 04:53:19.305 : - Iteration: 27	[MsgId: MMSG-17999]
2022-08-11 04:53:19.305 :   Account: jojo33/bean33	[MsgId: MMSG-17999]
2022-08-11 04:53:34.845 :   Login completed	[MsgId: MMSG-17999]
2022-08-11 04:53:38.483 :   Logout completed	[MsgId: MMSG-17999]
2022-08-11 04:55:25.312 : - Iteration: 28	[MsgId: MMSG-17999]
2022-08-11 04:55:25.313 :   Account: jojo33/bean33	[MsgId: MMSG-17999]
2022-08-11 04:55:40.854 :   Login completed	[MsgId: MMSG-17999]
2022-08-11 04:55:45.090 :   Logout completed	[MsgId: MMSG-17999]
2022-08-11 04:57:31.321 : - Iteration: 29	[MsgId: MMSG-17999]
2022-08-11 04:57:31.321 :   Account: jojo33/bean33	[MsgId: MMSG-17999]
2022-08-11 04:57:40.278 :   Login completed	[MsgId: MMSG-17999]
2022-08-11 04:57:44.957 :   Logout completed	[MsgId: MMSG-17999]
2022-08-11 04:59:37.324 : - Iteration: 30	[MsgId: MMSG-17999]
2022-08-11 04:59:37.325 :   Account: jojo33/bean33	[MsgId: MMSG-17999]
2022-08-11 04:59:44.263 :   Login completed	[MsgId: MMSG-17999]
2022-08-11 04:59:48.476 :   Logout completed	[MsgId: MMSG-17999]
2022-08-11 05:01:43.332 : - Iteration: 31	[MsgId: MMSG-17999]
2022-08-11 05:01:43.332 :   Account: jojo33/bean33	[MsgId: MMSG-17999]
2022-08-11 05:01:55.860 :   Login completed	[MsgId: MMSG-17999]
2022-08-11 05:02:01.410 :   Logout completed	[MsgId: MMSG-17999]
2022-08-11 05:03:49.343 : - Iteration: 32	[MsgId: MMSG-17999]
2022-08-11 05:03:49.343 :   Account: jojo33/bean33	[MsgId: MMSG-17999]
2022-08-11 05:03:57.732 :   Login completed	[MsgId: MMSG-17999]
2022-08-11 05:04:03.145 :   Logout completed	[MsgId: MMSG-17999]
2022-08-11 05:05:55.358 : - Iteration: 33	[MsgId: MMSG-17999]
2022-08-11 05:05:55.358 :   Account: jojo33/bean33	[MsgId: MMSG-17999]
2022-08-11 05:06:10.301 :   Login completed	[MsgId: MMSG-17999]
2022-08-11 05:06:13.775 :   Logout completed	[MsgId: MMSG-17999]
2022-08-11 05:08:01.368 : - Iteration: 34	[MsgId: MMSG-17999]
2022-08-11 05:08:01.368 :   Account: jojo33/bean33	[MsgId: MMSG-17999]
2022-08-11 05:08:10.898 :   Login completed	[MsgId: MMSG-17999]
2022-08-11 05:08:14.021 :   Logout completed	[MsgId: MMSG-17999]
2022-08-11 05:10:07.375 : - Iteration: 35	[MsgId: MMSG-17999]
2022-08-11 05:10:07.375 :   Account: jojo33/bean33	[MsgId: MMSG-17999]
2022-08-11 05:10:18.252 :   Login completed	[MsgId: MMSG-17999]
2022-08-11 05:10:22.878 :   Logout completed	[MsgId: MMSG-17999]
