2022-08-10 22:50:22.158 : URL = localhost:1080	[MsgId: MMSG-17999]
2022-08-10 22:50:22.170 : - Iteration: 1	[MsgId: MMSG-17999]
2022-08-10 22:50:22.171 :   Account: jojo36/bean36	[MsgId: MMSG-17999]
Warning! Web support not loaded: check Java-Interpreter -> UtilityExt property in mdrv.dat file	[MsgId: MMSG-17999]
2022-08-10 22:50:34.228 :   Login completed	[MsgId: MMSG-17999]
2022-08-10 22:51:03.751 :   Logout completed	[MsgId: MMSG-17999]
2022-08-10 22:53:02.186 : - Iteration: 2	[MsgId: MMSG-17999]
2022-08-10 22:53:02.186 :   Account: jojo36/bean36	[MsgId: MMSG-17999]
2022-08-10 22:53:09.677 :   Login completed	[MsgId: MMSG-17999]
2022-08-10 22:53:47.917 :   Logout completed	[MsgId: MMSG-17999]
2022-08-10 22:55:42.189 : - Iteration: 3	[MsgId: MMSG-17999]
2022-08-10 22:55:42.189 :   Account: jojo36/bean36	[MsgId: MMSG-17999]
2022-08-10 22:55:51.569 :   Login completed	[MsgId: MMSG-17999]
2022-08-10 22:56:18.679 :   Logout completed	[MsgId: MMSG-17999]
2022-08-10 22:58:22.190 : - Iteration: 4	[MsgId: MMSG-17999]
2022-08-10 22:58:22.190 :   Account: jojo36/bean36	[MsgId: MMSG-17999]
2022-08-10 22:58:32.539 :   Login completed	[MsgId: MMSG-17999]
2022-08-10 22:59:01.467 :   Logout completed	[MsgId: MMSG-17999]
2022-08-10 23:01:02.202 : - Iteration: 5	[MsgId: MMSG-17999]
2022-08-10 23:01:02.202 :   Account: jojo36/bean36	[MsgId: MMSG-17999]
2022-08-10 23:01:11.914 :   Login completed	[MsgId: MMSG-17999]
2022-08-10 23:01:38.147 :   Logout completed	[MsgId: MMSG-17999]
2022-08-10 23:03:42.214 : - Iteration: 6	[MsgId: MMSG-17999]
2022-08-10 23:03:42.214 :   Account: jojo36/bean36	[MsgId: MMSG-17999]
2022-08-10 23:03:56.195 :   Login completed	[MsgId: MMSG-17999]
2022-08-10 23:04:18.715 :   Logout completed	[MsgId: MMSG-17999]
2022-08-10 23:06:22.216 : - Iteration: 7	[MsgId: MMSG-17999]
2022-08-10 23:06:22.216 :   Account: jojo36/bean36	[MsgId: MMSG-17999]
2022-08-10 23:06:32.992 :   Login completed	[MsgId: MMSG-17999]
2022-08-10 23:07:01.604 :   Logout completed	[MsgId: MMSG-17999]
2022-08-10 23:09:02.232 : - Iteration: 8	[MsgId: MMSG-17999]
2022-08-10 23:09:02.232 :   Account: jojo36/bean36	[MsgId: MMSG-17999]
2022-08-10 23:09:13.511 :   Login completed	[MsgId: MMSG-17999]
2022-08-10 23:09:39.067 :   Logout completed	[MsgId: MMSG-17999]
2022-08-10 23:11:42.242 : - Iteration: 9	[MsgId: MMSG-17999]
2022-08-10 23:11:42.242 :   Account: jojo36/bean36	[MsgId: MMSG-17999]
2022-08-10 23:11:48.281 :   Login completed	[MsgId: MMSG-17999]
2022-08-10 23:12:20.859 :   Logout completed	[MsgId: MMSG-17999]
2022-08-10 23:14:22.243 : - Iteration: 10	[MsgId: MMSG-17999]
2022-08-10 23:14:22.243 :   Account: jojo36/bean36	[MsgId: MMSG-17999]
2022-08-10 23:14:28.444 :   Login completed	[MsgId: MMSG-17999]
2022-08-10 23:14:57.213 :   Logout completed	[MsgId: MMSG-17999]
2022-08-10 23:17:02.255 : - Iteration: 11	[MsgId: MMSG-17999]
2022-08-10 23:17:02.255 :   Account: jojo36/bean36	[MsgId: MMSG-17999]
2022-08-10 23:17:13.309 :   Login completed	[MsgId: MMSG-17999]
2022-08-10 23:17:47.230 :   Logout completed	[MsgId: MMSG-17999]
2022-08-10 23:19:42.257 : - Iteration: 12	[MsgId: MMSG-17999]
2022-08-10 23:19:42.257 :   Account: jojo36/bean36	[MsgId: MMSG-17999]
2022-08-10 23:19:48.603 :   Login completed	[MsgId: MMSG-17999]
2022-08-10 23:20:12.071 :   Logout completed	[MsgId: MMSG-17999]
2022-08-10 23:22:22.268 : - Iteration: 13	[MsgId: MMSG-17999]
2022-08-10 23:22:22.268 :   Account: jojo36/bean36	[MsgId: MMSG-17999]
2022-08-10 23:22:36.297 :   Login completed	[MsgId: MMSG-17999]
2022-08-10 23:23:02.174 :   Logout completed	[MsgId: MMSG-17999]
2022-08-10 23:25:02.268 : - Iteration: 14	[MsgId: MMSG-17999]
2022-08-10 23:25:02.268 :   Account: jojo36/bean36	[MsgId: MMSG-17999]
2022-08-10 23:25:08.722 :   Login completed	[MsgId: MMSG-17999]
2022-08-10 23:25:42.107 :   Logout completed	[MsgId: MMSG-17999]
2022-08-10 23:27:42.282 : - Iteration: 15	[MsgId: MMSG-17999]
2022-08-10 23:27:42.282 :   Account: jojo36/bean36	[MsgId: MMSG-17999]
2022-08-10 23:27:54.988 :   Login completed	[MsgId: MMSG-17999]
2022-08-10 23:28:17.734 :   Logout completed	[MsgId: MMSG-17999]
2022-08-10 23:30:22.288 : - Iteration: 16	[MsgId: MMSG-17999]
2022-08-10 23:30:22.288 :   Account: jojo36/bean36	[MsgId: MMSG-17999]
2022-08-10 23:30:28.723 :   Login completed	[MsgId: MMSG-17999]
2022-08-10 23:30:50.503 :   Logout completed	[MsgId: MMSG-17999]
2022-08-10 23:33:02.303 : - Iteration: 17	[MsgId: MMSG-17999]
2022-08-10 23:33:02.303 :   Account: jojo36/bean36	[MsgId: MMSG-17999]
2022-08-10 23:33:09.350 :   Login completed	[MsgId: MMSG-17999]
2022-08-10 23:33:38.817 :   Logout completed	[MsgId: MMSG-17999]
2022-08-10 23:35:42.316 : - Iteration: 18	[MsgId: MMSG-17999]
2022-08-10 23:35:42.316 :   Account: jojo36/bean36	[MsgId: MMSG-17999]
2022-08-10 23:35:51.833 :   Login completed	[MsgId: MMSG-17999]
2022-08-10 23:36:15.261 :   Logout completed	[MsgId: MMSG-17999]
2022-08-10 23:38:22.325 : - Iteration: 19	[MsgId: MMSG-17999]
2022-08-10 23:38:22.325 :   Account: jojo36/bean36	[MsgId: MMSG-17999]
2022-08-10 23:38:33.719 :   Login completed	[MsgId: MMSG-17999]
2022-08-10 23:38:59.876 :   Logout completed	[MsgId: MMSG-17999]
2022-08-10 23:41:02.331 : - Iteration: 20	[MsgId: MMSG-17999]
2022-08-10 23:41:02.332 :   Account: jojo36/bean36	[MsgId: MMSG-17999]
2022-08-10 23:41:16.136 :   Login completed	[MsgId: MMSG-17999]
2022-08-10 23:41:49.012 :   Logout completed	[MsgId: MMSG-17999]
2022-08-10 23:43:42.342 : - Iteration: 21	[MsgId: MMSG-17999]
2022-08-10 23:43:42.342 :   Account: jojo36/bean36	[MsgId: MMSG-17999]
2022-08-10 23:43:50.794 :   Login completed	[MsgId: MMSG-17999]
2022-08-10 23:44:21.649 :   Logout completed	[MsgId: MMSG-17999]
2022-08-10 23:46:22.356 : - Iteration: 22	[MsgId: MMSG-17999]
2022-08-10 23:46:22.356 :   Account: jojo36/bean36	[MsgId: MMSG-17999]
2022-08-10 23:46:29.018 :   Login completed	[MsgId: MMSG-17999]
2022-08-10 23:46:56.604 :   Logout completed	[MsgId: MMSG-17999]
2022-08-10 23:49:02.370 : - Iteration: 23	[MsgId: MMSG-17999]
2022-08-10 23:49:02.371 :   Account: jojo36/bean36	[MsgId: MMSG-17999]
2022-08-10 23:49:09.833 :   Login completed	[MsgId: MMSG-17999]
2022-08-10 23:49:38.710 :   Logout completed	[MsgId: MMSG-17999]
2022-08-10 23:51:42.373 : - Iteration: 24	[MsgId: MMSG-17999]
2022-08-10 23:51:42.374 :   Account: jojo36/bean36	[MsgId: MMSG-17999]
2022-08-10 23:51:48.722 :   Login completed	[MsgId: MMSG-17999]
2022-08-10 23:52:17.995 :   Logout completed	[MsgId: MMSG-17999]
2022-08-10 23:54:22.381 : - Iteration: 25	[MsgId: MMSG-17999]
2022-08-10 23:54:22.381 :   Account: jojo36/bean36	[MsgId: MMSG-17999]
2022-08-10 23:54:35.060 :   Login completed	[MsgId: MMSG-17999]
2022-08-10 23:55:12.155 :   Logout completed	[MsgId: MMSG-17999]
2022-08-10 23:57:02.389 : - Iteration: 26	[MsgId: MMSG-17999]
2022-08-10 23:57:02.390 :   Account: jojo36/bean36	[MsgId: MMSG-17999]
2022-08-10 23:57:14.793 :   Login completed	[MsgId: MMSG-17999]
2022-08-10 23:57:41.553 :   Logout completed	[MsgId: MMSG-17999]
2022-08-10 23:59:42.394 : - Iteration: 27	[MsgId: MMSG-17999]
2022-08-10 23:59:42.394 :   Account: jojo36/bean36	[MsgId: MMSG-17999]
2022-08-10 23:59:54.388 :   Login completed	[MsgId: MMSG-17999]
2022-08-11 00:00:22.230 :   Logout completed	[MsgId: MMSG-17999]
2022-08-11 00:02:22.402 : - Iteration: 28	[MsgId: MMSG-17999]
2022-08-11 00:02:22.402 :   Account: jojo36/bean36	[MsgId: MMSG-17999]
2022-08-11 00:02:30.265 :   Login completed	[MsgId: MMSG-17999]
2022-08-11 00:03:04.529 :   Logout completed	[MsgId: MMSG-17999]
2022-08-11 00:05:02.413 : - Iteration: 29	[MsgId: MMSG-17999]
2022-08-11 00:05:02.414 :   Account: jojo36/bean36	[MsgId: MMSG-17999]
2022-08-11 00:05:15.946 :   Login completed	[MsgId: MMSG-17999]
2022-08-11 00:05:46.082 :   Logout completed	[MsgId: MMSG-17999]
2022-08-11 00:07:42.418 : - Iteration: 30	[MsgId: MMSG-17999]
2022-08-11 00:07:42.418 :   Account: jojo36/bean36	[MsgId: MMSG-17999]
2022-08-11 00:07:55.772 :   Login completed	[MsgId: MMSG-17999]
2022-08-11 00:08:19.063 :   Logout completed	[MsgId: MMSG-17999]
2022-08-11 00:10:22.419 : - Iteration: 31	[MsgId: MMSG-17999]
2022-08-11 00:10:22.420 :   Account: jojo36/bean36	[MsgId: MMSG-17999]
2022-08-11 00:10:33.996 :   Login completed	[MsgId: MMSG-17999]
2022-08-11 00:10:55.778 :   Logout completed	[MsgId: MMSG-17999]
2022-08-11 00:13:02.428 : - Iteration: 32	[MsgId: MMSG-17999]
2022-08-11 00:13:02.428 :   Account: jojo36/bean36	[MsgId: MMSG-17999]
2022-08-11 00:13:11.430 :   Login completed	[MsgId: MMSG-17999]
2022-08-11 00:13:49.723 :   Logout completed	[MsgId: MMSG-17999]
2022-08-11 00:15:42.440 : - Iteration: 33	[MsgId: MMSG-17999]
2022-08-11 00:15:42.441 :   Account: jojo36/bean36	[MsgId: MMSG-17999]
2022-08-11 00:15:54.943 :   Login completed	[MsgId: MMSG-17999]
2022-08-11 00:16:18.222 :   Logout completed	[MsgId: MMSG-17999]
2022-08-11 00:18:22.453 : - Iteration: 34	[MsgId: MMSG-17999]
2022-08-11 00:18:22.453 :   Account: jojo36/bean36	[MsgId: MMSG-17999]
2022-08-11 00:18:37.847 :   Login completed	[MsgId: MMSG-17999]
2022-08-11 00:19:00.808 :   Logout completed	[MsgId: MMSG-17999]
2022-08-11 00:21:02.457 : - Iteration: 35	[MsgId: MMSG-17999]
2022-08-11 00:21:02.458 :   Account: jojo36/bean36	[MsgId: MMSG-17999]
2022-08-11 00:21:12.599 :   Login completed	[MsgId: MMSG-17999]
2022-08-11 00:21:43.435 :   Logout completed	[MsgId: MMSG-17999]
2022-08-11 00:23:42.473 : - Iteration: 36	[MsgId: MMSG-17999]
2022-08-11 00:23:42.473 :   Account: jojo36/bean36	[MsgId: MMSG-17999]
2022-08-11 00:23:53.689 :   Login completed	[MsgId: MMSG-17999]
2022-08-11 00:24:21.921 :   Logout completed	[MsgId: MMSG-17999]
2022-08-11 00:26:22.485 : - Iteration: 37	[MsgId: MMSG-17999]
2022-08-11 00:26:22.486 :   Account: jojo36/bean36	[MsgId: MMSG-17999]
2022-08-11 00:26:38.311 :   Login completed	[MsgId: MMSG-17999]
2022-08-11 00:27:05.840 :   Logout completed	[MsgId: MMSG-17999]
2022-08-11 00:29:02.496 : - Iteration: 38	[MsgId: MMSG-17999]
2022-08-11 00:29:02.496 :   Account: jojo36/bean36	[MsgId: MMSG-17999]
2022-08-11 00:29:12.293 :   Login completed	[MsgId: MMSG-17999]
2022-08-11 00:29:43.830 :   Logout completed	[MsgId: MMSG-17999]
2022-08-11 00:31:42.499 : - Iteration: 39	[MsgId: MMSG-17999]
2022-08-11 00:31:42.500 :   Account: jojo36/bean36	[MsgId: MMSG-17999]
2022-08-11 00:31:49.776 :   Login completed	[MsgId: MMSG-17999]
2022-08-11 00:32:16.339 :   Logout completed	[MsgId: MMSG-17999]
2022-08-11 00:34:22.503 : - Iteration: 40	[MsgId: MMSG-17999]
2022-08-11 00:34:22.504 :   Account: jojo36/bean36	[MsgId: MMSG-17999]
2022-08-11 00:34:31.478 :   Login completed	[MsgId: MMSG-17999]
2022-08-11 00:35:05.376 :   Logout completed	[MsgId: MMSG-17999]
2022-08-11 00:37:02.518 : - Iteration: 41	[MsgId: MMSG-17999]
2022-08-11 00:37:02.519 :   Account: jojo36/bean36	[MsgId: MMSG-17999]
2022-08-11 00:37:14.129 :   Login completed	[MsgId: MMSG-17999]
2022-08-11 00:37:37.678 :   Logout completed	[MsgId: MMSG-17999]
2022-08-11 00:39:42.520 : - Iteration: 42	[MsgId: MMSG-17999]
2022-08-11 00:39:42.520 :   Account: jojo36/bean36	[MsgId: MMSG-17999]
2022-08-11 00:39:52.731 :   Login completed	[MsgId: MMSG-17999]
2022-08-11 00:40:23.433 :   Logout completed	[MsgId: MMSG-17999]
2022-08-11 00:42:22.532 : - Iteration: 43	[MsgId: MMSG-17999]
2022-08-11 00:42:22.532 :   Account: jojo36/bean36	[MsgId: MMSG-17999]
2022-08-11 00:42:33.299 :   Login completed	[MsgId: MMSG-17999]
2022-08-11 00:43:06.234 :   Logout completed	[MsgId: MMSG-17999]
2022-08-11 00:45:02.543 : - Iteration: 44	[MsgId: MMSG-17999]
2022-08-11 00:45:02.544 :   Account: jojo36/bean36	[MsgId: MMSG-17999]
2022-08-11 00:45:17.419 :   Login completed	[MsgId: MMSG-17999]
2022-08-11 00:45:46.378 :   Logout completed	[MsgId: MMSG-17999]
2022-08-11 00:47:42.556 : - Iteration: 45	[MsgId: MMSG-17999]
2022-08-11 00:47:42.556 :   Account: jojo36/bean36	[MsgId: MMSG-17999]
2022-08-11 00:47:54.163 :   Login completed	[MsgId: MMSG-17999]
2022-08-11 00:48:30.232 :   Logout completed	[MsgId: MMSG-17999]
2022-08-11 00:50:22.571 : - Iteration: 46	[MsgId: MMSG-17999]
2022-08-11 00:50:22.571 :   Account: jojo36/bean36	[MsgId: MMSG-17999]
2022-08-11 00:50:32.602 :   Login completed	[MsgId: MMSG-17999]
2022-08-11 00:51:04.843 :   Logout completed	[MsgId: MMSG-17999]
2022-08-11 00:53:02.578 : - Iteration: 47	[MsgId: MMSG-17999]
2022-08-11 00:53:02.578 :   Account: jojo36/bean36	[MsgId: MMSG-17999]
2022-08-11 00:53:08.388 :   Login completed	[MsgId: MMSG-17999]
2022-08-11 00:53:40.518 :   Logout completed	[MsgId: MMSG-17999]
2022-08-11 00:55:42.594 : - Iteration: 48	[MsgId: MMSG-17999]
2022-08-11 00:55:42.594 :   Account: jojo36/bean36	[MsgId: MMSG-17999]
2022-08-11 00:55:56.291 :   Login completed	[MsgId: MMSG-17999]
2022-08-11 00:56:22.680 :   Logout completed	[MsgId: MMSG-17999]
2022-08-11 00:58:22.598 : - Iteration: 49	[MsgId: MMSG-17999]
2022-08-11 00:58:22.599 :   Account: jojo36/bean36	[MsgId: MMSG-17999]
2022-08-11 00:58:32.409 :   Login completed	[MsgId: MMSG-17999]
2022-08-11 00:59:05.441 :   Logout completed	[MsgId: MMSG-17999]
2022-08-11 01:01:02.612 : - Iteration: 50	[MsgId: MMSG-17999]
2022-08-11 01:01:02.612 :   Account: jojo36/bean36	[MsgId: MMSG-17999]
2022-08-11 01:01:12.609 :   Login completed	[MsgId: MMSG-17999]
2022-08-11 01:01:48.322 :   Logout completed	[MsgId: MMSG-17999]
2022-08-11 01:03:42.613 : - Iteration: 51	[MsgId: MMSG-17999]
2022-08-11 01:03:42.614 :   Account: jojo36/bean36	[MsgId: MMSG-17999]
2022-08-11 01:03:55.825 :   Login completed	[MsgId: MMSG-17999]
2022-08-11 01:04:34.775 :   Logout completed	[MsgId: MMSG-17999]
2022-08-11 01:06:22.624 : - Iteration: 52	[MsgId: MMSG-17999]
2022-08-11 01:06:22.624 :   Account: jojo36/bean36	[MsgId: MMSG-17999]
2022-08-11 01:06:29.762 :   Login completed	[MsgId: MMSG-17999]
2022-08-11 01:07:05.570 :   Logout completed	[MsgId: MMSG-17999]
2022-08-11 01:09:02.637 : - Iteration: 53	[MsgId: MMSG-17999]
2022-08-11 01:09:02.637 :   Account: jojo36/bean36	[MsgId: MMSG-17999]
2022-08-11 01:09:11.860 :   Login completed	[MsgId: MMSG-17999]
2022-08-11 01:09:38.879 :   Logout completed	[MsgId: MMSG-17999]
2022-08-11 01:11:42.638 : - Iteration: 54	[MsgId: MMSG-17999]
2022-08-11 01:11:42.639 :   Account: jojo36/bean36	[MsgId: MMSG-17999]
2022-08-11 01:11:53.991 :   Login completed	[MsgId: MMSG-17999]
2022-08-11 01:12:15.360 :   Logout completed	[MsgId: MMSG-17999]
2022-08-11 01:14:22.639 : - Iteration: 55	[MsgId: MMSG-17999]
2022-08-11 01:14:22.640 :   Account: jojo36/bean36	[MsgId: MMSG-17999]
2022-08-11 01:14:36.153 :   Login completed	[MsgId: MMSG-17999]
2022-08-11 01:15:06.679 :   Logout completed	[MsgId: MMSG-17999]
2022-08-11 01:17:02.654 : - Iteration: 56	[MsgId: MMSG-17999]
2022-08-11 01:17:02.654 :   Account: jojo36/bean36	[MsgId: MMSG-17999]
2022-08-11 01:17:08.757 :   Login completed	[MsgId: MMSG-17999]
2022-08-11 01:17:44.185 :   Logout completed	[MsgId: MMSG-17999]
2022-08-11 01:19:42.668 : - Iteration: 57	[MsgId: MMSG-17999]
2022-08-11 01:19:42.669 :   Account: jojo36/bean36	[MsgId: MMSG-17999]
2022-08-11 01:19:49.621 :   Login completed	[MsgId: MMSG-17999]
2022-08-11 01:20:25.972 :   Logout completed	[MsgId: MMSG-17999]
2022-08-11 01:22:22.678 : - Iteration: 58	[MsgId: MMSG-17999]
2022-08-11 01:22:22.678 :   Account: jojo36/bean36	[MsgId: MMSG-17999]
2022-08-11 01:22:30.553 :   Login completed	[MsgId: MMSG-17999]
2022-08-11 01:22:59.815 :   Logout completed	[MsgId: MMSG-17999]
2022-08-11 01:25:02.690 : - Iteration: 59	[MsgId: MMSG-17999]
2022-08-11 01:25:02.691 :   Account: jojo36/bean36	[MsgId: MMSG-17999]
2022-08-11 01:25:10.288 :   Login completed	[MsgId: MMSG-17999]
2022-08-11 01:25:39.977 :   Logout completed	[MsgId: MMSG-17999]
2022-08-11 01:27:42.703 : - Iteration: 60	[MsgId: MMSG-17999]
2022-08-11 01:27:42.703 :   Account: jojo36/bean36	[MsgId: MMSG-17999]
2022-08-11 01:27:56.482 :   Login completed	[MsgId: MMSG-17999]
2022-08-11 01:28:20.179 :   Logout completed	[MsgId: MMSG-17999]
2022-08-11 01:30:22.715 : - Iteration: 61	[MsgId: MMSG-17999]
2022-08-11 01:30:22.716 :   Account: jojo36/bean36	[MsgId: MMSG-17999]
2022-08-11 01:30:31.382 :   Login completed	[MsgId: MMSG-17999]
2022-08-11 01:30:58.275 :   Logout completed	[MsgId: MMSG-17999]
2022-08-11 01:33:02.721 : - Iteration: 62	[MsgId: MMSG-17999]
2022-08-11 01:33:02.721 :   Account: jojo36/bean36	[MsgId: MMSG-17999]
2022-08-11 01:33:16.958 :   Login completed	[MsgId: MMSG-17999]
2022-08-11 01:33:47.902 :   Logout completed	[MsgId: MMSG-17999]
2022-08-11 01:35:42.737 : - Iteration: 63	[MsgId: MMSG-17999]
2022-08-11 01:35:42.737 :   Account: jojo36/bean36	[MsgId: MMSG-17999]
2022-08-11 01:35:50.666 :   Login completed	[MsgId: MMSG-17999]
2022-08-11 01:36:23.336 :   Logout completed	[MsgId: MMSG-17999]
2022-08-11 01:38:22.742 : - Iteration: 64	[MsgId: MMSG-17999]
2022-08-11 01:38:22.742 :   Account: jojo36/bean36	[MsgId: MMSG-17999]
2022-08-11 01:38:28.982 :   Login completed	[MsgId: MMSG-17999]
2022-08-11 01:38:54.656 :   Logout completed	[MsgId: MMSG-17999]
2022-08-11 01:41:02.749 : - Iteration: 65	[MsgId: MMSG-17999]
2022-08-11 01:41:02.749 :   Account: jojo36/bean36	[MsgId: MMSG-17999]
2022-08-11 01:41:13.316 :   Login completed	[MsgId: MMSG-17999]
2022-08-11 01:41:45.590 :   Logout completed	[MsgId: MMSG-17999]
2022-08-11 01:43:42.752 : - Iteration: 66	[MsgId: MMSG-17999]
2022-08-11 01:43:42.752 :   Account: jojo36/bean36	[MsgId: MMSG-17999]
2022-08-11 01:43:53.138 :   Login completed	[MsgId: MMSG-17999]
2022-08-11 01:44:26.759 :   Logout completed	[MsgId: MMSG-17999]
2022-08-11 01:46:22.767 : - Iteration: 67	[MsgId: MMSG-17999]
2022-08-11 01:46:22.767 :   Account: jojo36/bean36	[MsgId: MMSG-17999]
2022-08-11 01:46:35.892 :   Login completed	[MsgId: MMSG-17999]
2022-08-11 01:47:07.232 :   Logout completed	[MsgId: MMSG-17999]
2022-08-11 01:49:02.779 : - Iteration: 68	[MsgId: MMSG-17999]
2022-08-11 01:49:02.779 :   Account: jojo36/bean36	[MsgId: MMSG-17999]
2022-08-11 01:49:11.638 :   Login completed	[MsgId: MMSG-17999]
2022-08-11 01:49:40.391 :   Logout completed	[MsgId: MMSG-17999]
2022-08-11 01:51:42.778 : - Iteration: 69	[MsgId: MMSG-17999]
2022-08-11 01:51:42.778 :   Account: jojo36/bean36	[MsgId: MMSG-17999]
2022-08-11 01:51:53.311 :   Login completed	[MsgId: MMSG-17999]
2022-08-11 01:52:20.523 :   Logout completed	[MsgId: MMSG-17999]
2022-08-11 01:54:22.782 : - Iteration: 70	[MsgId: MMSG-17999]
2022-08-11 01:54:22.783 :   Account: jojo36/bean36	[MsgId: MMSG-17999]
2022-08-11 01:54:32.444 :   Login completed	[MsgId: MMSG-17999]
2022-08-11 01:55:02.402 :   Logout completed	[MsgId: MMSG-17999]
2022-08-11 01:57:02.790 : - Iteration: 71	[MsgId: MMSG-17999]
2022-08-11 01:57:02.791 :   Account: jojo36/bean36	[MsgId: MMSG-17999]
2022-08-11 01:57:12.620 :   Login completed	[MsgId: MMSG-17999]
2022-08-11 01:57:43.417 :   Logout completed	[MsgId: MMSG-17999]
2022-08-11 01:59:42.796 : - Iteration: 72	[MsgId: MMSG-17999]
2022-08-11 01:59:42.796 :   Account: jojo36/bean36	[MsgId: MMSG-17999]
2022-08-11 01:59:50.933 :   Login completed	[MsgId: MMSG-17999]
2022-08-11 02:00:19.745 :   Logout completed	[MsgId: MMSG-17999]
2022-08-11 02:02:22.805 : - Iteration: 73	[MsgId: MMSG-17999]
2022-08-11 02:02:22.805 :   Account: jojo36/bean36	[MsgId: MMSG-17999]
2022-08-11 02:02:32.295 :   Login completed	[MsgId: MMSG-17999]
2022-08-11 02:03:04.288 :   Logout completed	[MsgId: MMSG-17999]
2022-08-11 02:05:02.813 : - Iteration: 74	[MsgId: MMSG-17999]
2022-08-11 02:05:02.814 :   Account: jojo36/bean36	[MsgId: MMSG-17999]
2022-08-11 02:05:17.095 :   Login completed	[MsgId: MMSG-17999]
2022-08-11 02:05:53.196 :   Logout completed	[MsgId: MMSG-17999]
2022-08-11 02:07:42.827 : - Iteration: 75	[MsgId: MMSG-17999]
2022-08-11 02:07:42.827 :   Account: jojo36/bean36	[MsgId: MMSG-17999]
2022-08-11 02:07:54.003 :   Login completed	[MsgId: MMSG-17999]
2022-08-11 02:08:26.232 :   Logout completed	[MsgId: MMSG-17999]
2022-08-11 02:10:22.832 : - Iteration: 76	[MsgId: MMSG-17999]
2022-08-11 02:10:22.833 :   Account: jojo36/bean36	[MsgId: MMSG-17999]
2022-08-11 02:10:31.184 :   Login completed	[MsgId: MMSG-17999]
2022-08-11 02:10:56.198 :   Logout completed	[MsgId: MMSG-17999]
2022-08-11 02:13:02.942 : - Iteration: 77	[MsgId: MMSG-17999]
2022-08-11 02:13:02.943 :   Account: jojo36/bean36	[MsgId: MMSG-17999]
2022-08-11 02:13:09.999 :   Login completed	[MsgId: MMSG-17999]
2022-08-11 02:13:38.845 :   Logout completed	[MsgId: MMSG-17999]
2022-08-11 02:15:42.942 : - Iteration: 78	[MsgId: MMSG-17999]
2022-08-11 02:15:42.942 :   Account: jojo36/bean36	[MsgId: MMSG-17999]
2022-08-11 02:15:51.637 :   Login completed	[MsgId: MMSG-17999]
2022-08-11 02:16:24.173 :   Logout completed	[MsgId: MMSG-17999]
2022-08-11 02:18:22.954 : - Iteration: 79	[MsgId: MMSG-17999]
2022-08-11 02:18:22.955 :   Account: jojo36/bean36	[MsgId: MMSG-17999]
2022-08-11 02:18:32.921 :   Login completed	[MsgId: MMSG-17999]
2022-08-11 02:18:59.078 :   Logout completed	[MsgId: MMSG-17999]
2022-08-11 02:21:02.963 : - Iteration: 80	[MsgId: MMSG-17999]
2022-08-11 02:21:02.964 :   Account: jojo36/bean36	[MsgId: MMSG-17999]
2022-08-11 02:21:17.307 :   Login completed	[MsgId: MMSG-17999]
2022-08-11 02:21:47.705 :   Logout completed	[MsgId: MMSG-17999]
2022-08-11 02:23:42.972 : - Iteration: 81	[MsgId: MMSG-17999]
2022-08-11 02:23:42.973 :   Account: jojo36/bean36	[MsgId: MMSG-17999]
2022-08-11 02:23:51.778 :   Login completed	[MsgId: MMSG-17999]
2022-08-11 02:24:30.310 :   Logout completed	[MsgId: MMSG-17999]
2022-08-11 02:26:22.975 : - Iteration: 82	[MsgId: MMSG-17999]
2022-08-11 02:26:22.976 :   Account: jojo36/bean36	[MsgId: MMSG-17999]
2022-08-11 02:26:30.732 :   Login completed	[MsgId: MMSG-17999]
2022-08-11 02:27:08.825 :   Logout completed	[MsgId: MMSG-17999]
2022-08-11 02:29:02.979 : - Iteration: 83	[MsgId: MMSG-17999]
2022-08-11 02:29:02.980 :   Account: jojo36/bean36	[MsgId: MMSG-17999]
2022-08-11 02:29:16.043 :   Login completed	[MsgId: MMSG-17999]
2022-08-11 02:29:44.130 :   Logout completed	[MsgId: MMSG-17999]
2022-08-11 02:31:42.994 : - Iteration: 84	[MsgId: MMSG-17999]
2022-08-11 02:31:42.994 :   Account: jojo36/bean36	[MsgId: MMSG-17999]
2022-08-11 02:31:56.965 :   Login completed	[MsgId: MMSG-17999]
2022-08-11 02:32:24.500 :   Logout completed	[MsgId: MMSG-17999]
2022-08-11 02:34:23.001 : - Iteration: 85	[MsgId: MMSG-17999]
2022-08-11 02:34:23.001 :   Account: jojo36/bean36	[MsgId: MMSG-17999]
2022-08-11 02:34:36.363 :   Login completed	[MsgId: MMSG-17999]
2022-08-11 02:35:03.263 :   Logout completed	[MsgId: MMSG-17999]
2022-08-11 02:37:03.004 : - Iteration: 86	[MsgId: MMSG-17999]
2022-08-11 02:37:03.004 :   Account: jojo36/bean36	[MsgId: MMSG-17999]
2022-08-11 02:37:15.134 :   Login completed	[MsgId: MMSG-17999]
2022-08-11 02:37:45.056 :   Logout completed	[MsgId: MMSG-17999]
2022-08-11 02:39:43.011 : - Iteration: 87	[MsgId: MMSG-17999]
2022-08-11 02:39:43.011 :   Account: jojo36/bean36	[MsgId: MMSG-17999]
2022-08-11 02:39:49.187 :   Login completed	[MsgId: MMSG-17999]
2022-08-11 02:40:13.167 :   Logout completed	[MsgId: MMSG-17999]
2022-08-11 02:42:23.018 : - Iteration: 88	[MsgId: MMSG-17999]
2022-08-11 02:42:23.018 :   Account: jojo36/bean36	[MsgId: MMSG-17999]
2022-08-11 02:42:38.501 :   Login completed	[MsgId: MMSG-17999]
2022-08-11 02:43:05.862 :   Logout completed	[MsgId: MMSG-17999]
2022-08-11 02:45:03.026 : - Iteration: 89	[MsgId: MMSG-17999]
2022-08-11 02:45:03.027 :   Account: jojo36/bean36	[MsgId: MMSG-17999]
2022-08-11 02:45:13.832 :   Login completed	[MsgId: MMSG-17999]
2022-08-11 02:45:42.602 :   Logout completed	[MsgId: MMSG-17999]
2022-08-11 02:47:43.033 : - Iteration: 90	[MsgId: MMSG-17999]
2022-08-11 02:47:43.033 :   Account: jojo36/bean36	[MsgId: MMSG-17999]
2022-08-11 02:47:54.966 :   Login completed	[MsgId: MMSG-17999]
2022-08-11 02:48:24.095 :   Logout completed	[MsgId: MMSG-17999]
2022-08-11 02:50:23.045 : - Iteration: 91	[MsgId: MMSG-17999]
2022-08-11 02:50:23.046 :   Account: jojo36/bean36	[MsgId: MMSG-17999]
2022-08-11 02:50:34.554 :   Login completed	[MsgId: MMSG-17999]
2022-08-11 02:51:00.469 :   Logout completed	[MsgId: MMSG-17999]
2022-08-11 02:53:03.056 : - Iteration: 92	[MsgId: MMSG-17999]
2022-08-11 02:53:03.056 :   Account: jojo36/bean36	[MsgId: MMSG-17999]
2022-08-11 02:53:10.881 :   Login completed	[MsgId: MMSG-17999]
2022-08-11 02:53:39.895 :   Logout completed	[MsgId: MMSG-17999]
2022-08-11 02:55:43.060 : - Iteration: 93	[MsgId: MMSG-17999]
2022-08-11 02:55:43.060 :   Account: jojo36/bean36	[MsgId: MMSG-17999]
2022-08-11 02:55:52.031 :   Login completed	[MsgId: MMSG-17999]
2022-08-11 02:56:22.839 :   Logout completed	[MsgId: MMSG-17999]
2022-08-11 02:58:23.070 : - Iteration: 94	[MsgId: MMSG-17999]
2022-08-11 02:58:23.071 :   Account: jojo36/bean36	[MsgId: MMSG-17999]
2022-08-11 02:58:30.003 :   Login completed	[MsgId: MMSG-17999]
2022-08-11 02:58:52.310 :   Logout completed	[MsgId: MMSG-17999]
2022-08-11 03:01:03.075 : - Iteration: 95	[MsgId: MMSG-17999]
2022-08-11 03:01:03.075 :   Account: jojo36/bean36	[MsgId: MMSG-17999]
2022-08-11 03:01:14.120 :   Login completed	[MsgId: MMSG-17999]
2022-08-11 03:01:51.296 :   Logout completed	[MsgId: MMSG-17999]
2022-08-11 03:03:43.087 : - Iteration: 96	[MsgId: MMSG-17999]
2022-08-11 03:03:43.087 :   Account: jojo36/bean36	[MsgId: MMSG-17999]
2022-08-11 03:03:54.472 :   Login completed	[MsgId: MMSG-17999]
2022-08-11 03:04:20.991 :   Logout completed	[MsgId: MMSG-17999]
2022-08-11 03:06:23.091 : - Iteration: 97	[MsgId: MMSG-17999]
2022-08-11 03:06:23.091 :   Account: jojo36/bean36	[MsgId: MMSG-17999]
2022-08-11 03:06:33.211 :   Login completed	[MsgId: MMSG-17999]
2022-08-11 03:07:04.551 :   Logout completed	[MsgId: MMSG-17999]
2022-08-11 03:09:03.098 : - Iteration: 98	[MsgId: MMSG-17999]
2022-08-11 03:09:03.099 :   Account: jojo36/bean36	[MsgId: MMSG-17999]
2022-08-11 03:09:15.174 :   Login completed	[MsgId: MMSG-17999]
2022-08-11 03:09:44.751 :   Logout completed	[MsgId: MMSG-17999]
2022-08-11 03:11:43.099 : - Iteration: 99	[MsgId: MMSG-17999]
2022-08-11 03:11:43.101 :   Account: jojo36/bean36	[MsgId: MMSG-17999]
2022-08-11 03:11:58.166 :   Login completed	[MsgId: MMSG-17999]
2022-08-11 03:12:28.629 :   Logout completed	[MsgId: MMSG-17999]
2022-08-11 03:14:23.107 : - Iteration: 100	[MsgId: MMSG-17999]
2022-08-11 03:14:23.108 :   Account: jojo36/bean36	[MsgId: MMSG-17999]
2022-08-11 03:14:31.034 :   Login completed	[MsgId: MMSG-17999]
2022-08-11 03:15:02.044 :   Logout completed	[MsgId: MMSG-17999]
2022-08-11 03:17:03.110 : - Iteration: 101	[MsgId: MMSG-17999]
2022-08-11 03:17:03.110 :   Account: jojo36/bean36	[MsgId: MMSG-17999]
2022-08-11 03:17:12.098 :   Login completed	[MsgId: MMSG-17999]
2022-08-11 03:17:36.137 :   Logout completed	[MsgId: MMSG-17999]
2022-08-11 03:19:43.120 : - Iteration: 102	[MsgId: MMSG-17999]
2022-08-11 03:19:43.121 :   Account: jojo36/bean36	[MsgId: MMSG-17999]
2022-08-11 03:19:55.972 :   Login completed	[MsgId: MMSG-17999]
2022-08-11 03:20:24.297 :   Logout completed	[MsgId: MMSG-17999]
2022-08-11 03:22:23.130 : - Iteration: 103	[MsgId: MMSG-17999]
2022-08-11 03:22:23.131 :   Account: jojo36/bean36	[MsgId: MMSG-17999]
2022-08-11 03:22:36.267 :   Login completed	[MsgId: MMSG-17999]
2022-08-11 03:23:00.389 :   Logout completed	[MsgId: MMSG-17999]
2022-08-11 03:25:03.135 : - Iteration: 104	[MsgId: MMSG-17999]
2022-08-11 03:25:03.135 :   Account: jojo36/bean36	[MsgId: MMSG-17999]
2022-08-11 03:25:16.385 :   Login completed	[MsgId: MMSG-17999]
2022-08-11 03:25:49.557 :   Logout completed	[MsgId: MMSG-17999]
2022-08-11 03:27:43.137 : - Iteration: 105	[MsgId: MMSG-17999]
2022-08-11 03:27:43.138 :   Account: jojo36/bean36	[MsgId: MMSG-17999]
2022-08-11 03:27:55.728 :   Login completed	[MsgId: MMSG-17999]
2022-08-11 03:28:22.665 :   Logout completed	[MsgId: MMSG-17999]
2022-08-11 03:30:23.147 : - Iteration: 106	[MsgId: MMSG-17999]
2022-08-11 03:30:23.148 :   Account: jojo36/bean36	[MsgId: MMSG-17999]
2022-08-11 03:30:33.520 :   Login completed	[MsgId: MMSG-17999]
2022-08-11 03:30:58.518 :   Logout completed	[MsgId: MMSG-17999]
2022-08-11 03:33:03.158 : - Iteration: 107	[MsgId: MMSG-17999]
2022-08-11 03:33:03.159 :   Account: jojo36/bean36	[MsgId: MMSG-17999]
2022-08-11 03:33:11.503 :   Login completed	[MsgId: MMSG-17999]
2022-08-11 03:33:47.658 :   Logout completed	[MsgId: MMSG-17999]
2022-08-11 03:35:43.169 : - Iteration: 108	[MsgId: MMSG-17999]
2022-08-11 03:35:43.170 :   Account: jojo36/bean36	[MsgId: MMSG-17999]
2022-08-11 03:35:52.297 :   Login completed	[MsgId: MMSG-17999]
2022-08-11 03:36:26.714 :   Logout completed	[MsgId: MMSG-17999]
2022-08-11 03:38:23.182 : - Iteration: 109	[MsgId: MMSG-17999]
2022-08-11 03:38:23.182 :   Account: jojo36/bean36	[MsgId: MMSG-17999]
2022-08-11 03:38:31.209 :   Login completed	[MsgId: MMSG-17999]
2022-08-11 03:39:01.205 :   Logout completed	[MsgId: MMSG-17999]
2022-08-11 03:41:03.198 : - Iteration: 110	[MsgId: MMSG-17999]
2022-08-11 03:41:03.199 :   Account: jojo36/bean36	[MsgId: MMSG-17999]
2022-08-11 03:41:15.702 :   Login completed	[MsgId: MMSG-17999]
2022-08-11 03:41:51.446 :   Logout completed	[MsgId: MMSG-17999]
2022-08-11 03:43:43.201 : - Iteration: 111	[MsgId: MMSG-17999]
2022-08-11 03:43:43.202 :   Account: jojo36/bean36	[MsgId: MMSG-17999]
2022-08-11 03:43:53.050 :   Login completed	[MsgId: MMSG-17999]
2022-08-11 03:44:25.204 :   Logout completed	[MsgId: MMSG-17999]
2022-08-11 03:46:23.209 : - Iteration: 112	[MsgId: MMSG-17999]
2022-08-11 03:46:23.210 :   Account: jojo36/bean36	[MsgId: MMSG-17999]
2022-08-11 03:46:36.785 :   Login completed	[MsgId: MMSG-17999]
2022-08-11 03:47:10.265 :   Logout completed	[MsgId: MMSG-17999]
2022-08-11 03:49:03.212 : - Iteration: 113	[MsgId: MMSG-17999]
2022-08-11 03:49:03.212 :   Account: jojo36/bean36	[MsgId: MMSG-17999]
2022-08-11 03:49:10.311 :   Login completed	[MsgId: MMSG-17999]
2022-08-11 03:49:35.295 :   Logout completed	[MsgId: MMSG-17999]
2022-08-11 03:51:43.218 : - Iteration: 114	[MsgId: MMSG-17999]
2022-08-11 03:51:43.219 :   Account: jojo36/bean36	[MsgId: MMSG-17999]
2022-08-11 03:51:58.840 :   Login completed	[MsgId: MMSG-17999]
2022-08-11 03:52:27.288 :   Logout completed	[MsgId: MMSG-17999]
2022-08-11 03:54:23.220 : - Iteration: 115	[MsgId: MMSG-17999]
2022-08-11 03:54:23.220 :   Account: jojo36/bean36	[MsgId: MMSG-17999]
2022-08-11 03:54:38.334 :   Login completed	[MsgId: MMSG-17999]
2022-08-11 03:55:07.070 :   Logout completed	[MsgId: MMSG-17999]
2022-08-11 03:57:03.233 : - Iteration: 116	[MsgId: MMSG-17999]
2022-08-11 03:57:03.233 :   Account: jojo36/bean36	[MsgId: MMSG-17999]
2022-08-11 03:57:10.375 :   Login completed	[MsgId: MMSG-17999]
2022-08-11 03:57:49.579 :   Logout completed	[MsgId: MMSG-17999]
2022-08-11 03:59:43.243 : - Iteration: 117	[MsgId: MMSG-17999]
2022-08-11 03:59:43.243 :   Account: jojo36/bean36	[MsgId: MMSG-17999]
2022-08-11 03:59:49.040 :   Login completed	[MsgId: MMSG-17999]
2022-08-11 04:00:18.751 :   Logout completed	[MsgId: MMSG-17999]
2022-08-11 04:02:23.254 : - Iteration: 118	[MsgId: MMSG-17999]
2022-08-11 04:02:23.254 :   Account: jojo36/bean36	[MsgId: MMSG-17999]
2022-08-11 04:02:31.987 :   Login completed	[MsgId: MMSG-17999]
2022-08-11 04:03:08.098 :   Logout completed	[MsgId: MMSG-17999]
2022-08-11 04:05:03.258 : - Iteration: 119	[MsgId: MMSG-17999]
2022-08-11 04:05:03.259 :   Account: jojo36/bean36	[MsgId: MMSG-17999]
2022-08-11 04:05:10.518 :   Login completed	[MsgId: MMSG-17999]
2022-08-11 04:05:34.870 :   Logout completed	[MsgId: MMSG-17999]
2022-08-11 04:07:43.274 : - Iteration: 120	[MsgId: MMSG-17999]
2022-08-11 04:07:43.274 :   Account: jojo36/bean36	[MsgId: MMSG-17999]
2022-08-11 04:07:56.339 :   Login completed	[MsgId: MMSG-17999]
2022-08-11 04:08:22.558 :   Logout completed	[MsgId: MMSG-17999]
2022-08-11 04:10:23.275 : - Iteration: 121	[MsgId: MMSG-17999]
2022-08-11 04:10:23.276 :   Account: jojo36/bean36	[MsgId: MMSG-17999]
2022-08-11 04:10:36.216 :   Login completed	[MsgId: MMSG-17999]
2022-08-11 04:11:07.757 :   Logout completed	[MsgId: MMSG-17999]
2022-08-11 04:13:03.285 : - Iteration: 122	[MsgId: MMSG-17999]
2022-08-11 04:13:03.286 :   Account: jojo36/bean36	[MsgId: MMSG-17999]
2022-08-11 04:13:17.381 :   Login completed	[MsgId: MMSG-17999]
2022-08-11 04:13:43.958 :   Logout completed	[MsgId: MMSG-17999]
2022-08-11 04:15:43.286 : - Iteration: 123	[MsgId: MMSG-17999]
2022-08-11 04:15:43.286 :   Account: jojo36/bean36	[MsgId: MMSG-17999]
2022-08-11 04:15:57.149 :   Login completed	[MsgId: MMSG-17999]
2022-08-11 04:16:33.598 :   Logout completed	[MsgId: MMSG-17999]
2022-08-11 04:18:23.288 : - Iteration: 124	[MsgId: MMSG-17999]
2022-08-11 04:18:23.288 :   Account: jojo36/bean36	[MsgId: MMSG-17999]
2022-08-11 04:18:30.932 :   Login completed	[MsgId: MMSG-17999]
2022-08-11 04:19:00.599 :   Logout completed	[MsgId: MMSG-17999]
2022-08-11 04:21:03.291 : - Iteration: 125	[MsgId: MMSG-17999]
2022-08-11 04:21:03.292 :   Account: jojo36/bean36	[MsgId: MMSG-17999]
2022-08-11 04:21:13.952 :   Login completed	[MsgId: MMSG-17999]
2022-08-11 04:21:42.885 :   Logout completed	[MsgId: MMSG-17999]
2022-08-11 04:23:43.291 : - Iteration: 126	[MsgId: MMSG-17999]
2022-08-11 04:23:43.291 :   Account: jojo36/bean36	[MsgId: MMSG-17999]
2022-08-11 04:23:54.676 :   Login completed	[MsgId: MMSG-17999]
2022-08-11 04:24:18.636 :   Logout completed	[MsgId: MMSG-17999]
2022-08-11 04:26:23.306 : - Iteration: 127	[MsgId: MMSG-17999]
2022-08-11 04:26:23.307 :   Account: jojo36/bean36	[MsgId: MMSG-17999]
2022-08-11 04:26:33.979 :   Login completed	[MsgId: MMSG-17999]
2022-08-11 04:27:01.405 :   Logout completed	[MsgId: MMSG-17999]
2022-08-11 04:29:03.307 : - Iteration: 128	[MsgId: MMSG-17999]
2022-08-11 04:29:03.307 :   Account: jojo36/bean36	[MsgId: MMSG-17999]
2022-08-11 04:29:17.006 :   Login completed	[MsgId: MMSG-17999]
2022-08-11 04:29:45.478 :   Logout completed	[MsgId: MMSG-17999]
2022-08-11 04:31:43.306 : - Iteration: 129	[MsgId: MMSG-17999]
2022-08-11 04:31:43.306 :   Account: jojo36/bean36	[MsgId: MMSG-17999]
2022-08-11 04:31:53.850 :   Login completed	[MsgId: MMSG-17999]
2022-08-11 04:32:18.819 :   Logout completed	[MsgId: MMSG-17999]
2022-08-11 04:34:23.321 : - Iteration: 130	[MsgId: MMSG-17999]
2022-08-11 04:34:23.321 :   Account: jojo36/bean36	[MsgId: MMSG-17999]
2022-08-11 04:34:29.602 :   Login completed	[MsgId: MMSG-17999]
2022-08-11 04:35:09.162 :   Logout completed	[MsgId: MMSG-17999]
2022-08-11 04:37:03.329 : - Iteration: 131	[MsgId: MMSG-17999]
2022-08-11 04:37:03.329 :   Account: jojo36/bean36	[MsgId: MMSG-17999]
2022-08-11 04:37:10.002 :   Login completed	[MsgId: MMSG-17999]
2022-08-11 04:37:40.846 :   Logout completed	[MsgId: MMSG-17999]
2022-08-11 04:39:43.344 : - Iteration: 132	[MsgId: MMSG-17999]
2022-08-11 04:39:43.344 :   Account: jojo36/bean36	[MsgId: MMSG-17999]
2022-08-11 04:39:56.322 :   Login completed	[MsgId: MMSG-17999]
2022-08-11 04:40:26.944 :   Logout completed	[MsgId: MMSG-17999]
2022-08-11 04:42:23.350 : - Iteration: 133	[MsgId: MMSG-17999]
2022-08-11 04:42:23.351 :   Account: jojo36/bean36	[MsgId: MMSG-17999]
2022-08-11 04:42:33.936 :   Login completed	[MsgId: MMSG-17999]
2022-08-11 04:43:08.411 :   Logout completed	[MsgId: MMSG-17999]
2022-08-11 04:45:03.366 : - Iteration: 134	[MsgId: MMSG-17999]
2022-08-11 04:45:03.367 :   Account: jojo36/bean36	[MsgId: MMSG-17999]
2022-08-11 04:45:18.546 :   Login completed	[MsgId: MMSG-17999]
2022-08-11 04:45:44.146 :   Logout completed	[MsgId: MMSG-17999]
2022-08-11 04:47:43.377 : - Iteration: 135	[MsgId: MMSG-17999]
2022-08-11 04:47:43.378 :   Account: jojo36/bean36	[MsgId: MMSG-17999]
2022-08-11 04:47:51.107 :   Login completed	[MsgId: MMSG-17999]
2022-08-11 04:48:17.741 :   Logout completed	[MsgId: MMSG-17999]
2022-08-11 04:50:23.384 : - Iteration: 136	[MsgId: MMSG-17999]
2022-08-11 04:50:23.384 :   Account: jojo36/bean36	[MsgId: MMSG-17999]
2022-08-11 04:50:36.727 :   Login completed	[MsgId: MMSG-17999]
2022-08-11 04:51:06.219 :   Logout completed	[MsgId: MMSG-17999]
2022-08-11 04:53:03.396 : - Iteration: 137	[MsgId: MMSG-17999]
2022-08-11 04:53:03.396 :   Account: jojo36/bean36	[MsgId: MMSG-17999]
2022-08-11 04:53:11.028 :   Login completed	[MsgId: MMSG-17999]
2022-08-11 04:53:45.209 :   Logout completed	[MsgId: MMSG-17999]
2022-08-11 04:55:43.404 : - Iteration: 138	[MsgId: MMSG-17999]
2022-08-11 04:55:43.404 :   Account: jojo36/bean36	[MsgId: MMSG-17999]
2022-08-11 04:55:51.702 :   Login completed	[MsgId: MMSG-17999]
2022-08-11 04:56:15.995 :   Logout completed	[MsgId: MMSG-17999]
2022-08-11 04:58:23.409 : - Iteration: 139	[MsgId: MMSG-17999]
2022-08-11 04:58:23.409 :   Account: jojo36/bean36	[MsgId: MMSG-17999]
2022-08-11 04:58:29.596 :   Login completed	[MsgId: MMSG-17999]
2022-08-11 04:58:57.771 :   Logout completed	[MsgId: MMSG-17999]
