2022-08-11 00:50:21.694 : URL = localhost:1080	[MsgId: MMSG-17999]
2022-08-11 00:50:21.725 : - Iteration: 1	[MsgId: MMSG-17999]
2022-08-11 00:50:21.726 :   Account: jojo47/bean47	[MsgId: MMSG-17999]
2022-08-11 00:50:31.905 :   Login completed	[MsgId: MMSG-17999]
2022-08-11 00:51:13.053 :   Flights have been booked: outbound(flight ¹; price; date): 492;196;08/11/2022,return(flight ¹; price; date): 940;207;08/18/2022 for Jojo47 Bean47	[MsgId: MMSG-17999]
2022-08-11 00:51:29.549 :   Booking to delete: 1 booking 69981192-149261-JB	[MsgId: MMSG-17999]
2022-08-11 00:51:35.270 :   Logout completed	[MsgId: MMSG-17999]
2022-08-11 01:02:21.737 : - Iteration: 2	[MsgId: MMSG-17999]
2022-08-11 01:02:21.737 :   Account: jojo47/bean47	[MsgId: MMSG-17999]
2022-08-11 01:02:35.063 :   Login completed	[MsgId: MMSG-17999]
2022-08-11 01:03:18.209 :   Flights have been booked: outbound(flight ¹; price; date): 020;491;08/11/2022,return(flight ¹; price; date): 203;401;08/18/2022 for Jojo47 Bean47	[MsgId: MMSG-17999]
2022-08-11 01:03:42.866 :   Booking to delete: 1 booking 69963721-92607-JB	[MsgId: MMSG-17999]
2022-08-11 01:03:49.604 :   Logout completed	[MsgId: MMSG-17999]
2022-08-11 01:14:21.747 : - Iteration: 3	[MsgId: MMSG-17999]
2022-08-11 01:14:21.748 :   Account: jojo47/bean47	[MsgId: MMSG-17999]
2022-08-11 01:14:31.112 :   Login completed	[MsgId: MMSG-17999]
2022-08-11 01:15:20.683 :   Flights have been booked: outbound(flight ¹; price; date): 710;740;08/11/2022,return(flight ¹; price; date): 170;740;08/18/2022 for Jojo47 Bean47	[MsgId: MMSG-17999]
2022-08-11 01:15:45.366 :   Booking to delete: 1 booking 69989286-900113-JB	[MsgId: MMSG-17999]
2022-08-11 01:15:50.001 :   Logout completed	[MsgId: MMSG-17999]
2022-08-11 01:26:21.751 : - Iteration: 4	[MsgId: MMSG-17999]
2022-08-11 01:26:21.752 :   Account: jojo47/bean47	[MsgId: MMSG-17999]
2022-08-11 01:26:28.250 :   Login completed	[MsgId: MMSG-17999]
2022-08-11 01:27:17.289 :   Flights have been booked: outbound(flight ¹; price; date): 961;335;08/11/2022,return(flight ¹; price; date): 691;335;08/18/2022 for Jojo47 Bean47	[MsgId: MMSG-17999]
2022-08-11 01:27:43.003 :   Booking to delete: 1 booking 69998567-130128-JB	[MsgId: MMSG-17999]
2022-08-11 01:27:50.429 :   Logout completed	[MsgId: MMSG-17999]
2022-08-11 01:38:21.753 : - Iteration: 5	[MsgId: MMSG-17999]
2022-08-11 01:38:21.753 :   Account: jojo47/bean47	[MsgId: MMSG-17999]
2022-08-11 01:38:33.246 :   Login completed	[MsgId: MMSG-17999]
2022-08-11 01:39:30.888 :   Flights have been booked: outbound(flight ¹; price; date): 480;2679;08/11/2022,return(flight ¹; price; date): 841;2386;08/18/2022 for Jojo47 Bean47	[MsgId: MMSG-17999]
2022-08-11 01:39:53.476 :   Booking to delete: 1 booking 699807506-1416543-JB	[MsgId: MMSG-17999]
2022-08-11 01:39:57.730 :   Logout completed	[MsgId: MMSG-17999]
2022-08-11 01:50:21.767 : - Iteration: 6	[MsgId: MMSG-17999]
2022-08-11 01:50:21.767 :   Account: jojo47/bean47	[MsgId: MMSG-17999]
2022-08-11 01:50:32.837 :   Login completed	[MsgId: MMSG-17999]
2022-08-11 01:51:07.365 :   Flights have been booked: outbound(flight ¹; price; date): 092;746;08/11/2022,return(flight ¹; price; date): 900;789;08/18/2022 for Jojo47 Bean47	[MsgId: MMSG-17999]
2022-08-11 01:51:31.937 :   Booking to delete: 1 booking 69966398-1461656-JB	[MsgId: MMSG-17999]
2022-08-11 01:51:35.126 :   Logout completed	[MsgId: MMSG-17999]
2022-08-11 02:02:21.783 : - Iteration: 7	[MsgId: MMSG-17999]
2022-08-11 02:02:21.783 :   Account: jojo47/bean47	[MsgId: MMSG-17999]
2022-08-11 02:02:30.020 :   Login completed	[MsgId: MMSG-17999]
2022-08-11 02:03:07.935 :   Flights have been booked: outbound(flight ¹; price; date): 190;371;08/11/2022,return(flight ¹; price; date): 912;351;08/18/2022 for Jojo47 Bean47	[MsgId: MMSG-17999]
2022-08-11 02:03:25.816 :   Booking to delete: 1 booking 69970013-147132-JB	[MsgId: MMSG-17999]
2022-08-11 02:03:32.541 :   Logout completed	[MsgId: MMSG-17999]
2022-08-11 02:14:21.793 : - Iteration: 8	[MsgId: MMSG-17999]
2022-08-11 02:14:21.793 :   Account: jojo47/bean47	[MsgId: MMSG-17999]
2022-08-11 02:14:34.236 :   Login completed	[MsgId: MMSG-17999]
2022-08-11 02:15:30.046 :   Flights have been booked: outbound(flight ¹; price; date): 310;328;08/11/2022,return(flight ¹; price; date): 132;446;08/18/2022 for Jojo47 Bean47	[MsgId: MMSG-17999]
2022-08-11 02:15:54.019 :   Booking to delete: 1 booking 69974456-87136-JB	[MsgId: MMSG-17999]
2022-08-11 02:15:57.445 :   Logout completed	[MsgId: MMSG-17999]
2022-08-11 02:26:21.795 : - Iteration: 9	[MsgId: MMSG-17999]
2022-08-11 02:26:21.796 :   Account: jojo47/bean47	[MsgId: MMSG-17999]
2022-08-11 02:26:28.482 :   Login completed	[MsgId: MMSG-17999]
2022-08-11 02:27:02.214 :   Flights have been booked: outbound(flight ¹; price; date): 400;350;08/11/2022,return(flight ¹; price; date): 040;350;08/18/2022 for Jojo47 Bean47	[MsgId: MMSG-17999]
2022-08-11 02:27:20.129 :   Booking to delete: 1 booking 69977790-80053-JB	[MsgId: MMSG-17999]
2022-08-11 02:27:25.773 :   Logout completed	[MsgId: MMSG-17999]
2022-08-11 02:38:21.801 : - Iteration: 10	[MsgId: MMSG-17999]
2022-08-11 02:38:21.802 :   Account: jojo47/bean47	[MsgId: MMSG-17999]
2022-08-11 02:38:34.031 :   Login completed	[MsgId: MMSG-17999]
2022-08-11 02:39:20.525 :   Flights have been booked: outbound(flight ¹; price; date): 750;64;08/11/2022,return(flight ¹; price; date): 570;64;08/18/2022 for Jojo47 Bean47	[MsgId: MMSG-17999]
2022-08-11 02:39:42.198 :   Booking to delete: 1 booking 6999076-120779-JB	[MsgId: MMSG-17999]
2022-08-11 02:39:46.138 :   Logout completed	[MsgId: MMSG-17999]
2022-08-11 02:50:21.809 : - Iteration: 11	[MsgId: MMSG-17999]
2022-08-11 02:50:21.810 :   Account: jojo47/bean47	[MsgId: MMSG-17999]
2022-08-11 02:50:30.029 :   Login completed	[MsgId: MMSG-17999]
2022-08-11 02:51:21.466 :   Flights have been booked: outbound(flight ¹; price; date): 050;515;08/11/2022,return(flight ¹; price; date): 501;459;08/18/2022 for Jojo47 Bean47	[MsgId: MMSG-17999]
2022-08-11 02:51:46.713 :   Booking to delete: 1 booking 69964833-115536-JB	[MsgId: MMSG-17999]
2022-08-11 02:51:52.876 :   Logout completed	[MsgId: MMSG-17999]
2022-08-11 03:02:21.817 : - Iteration: 12	[MsgId: MMSG-17999]
2022-08-11 03:02:21.817 :   Account: jojo47/bean47	[MsgId: MMSG-17999]
2022-08-11 03:02:33.210 :   Login completed	[MsgId: MMSG-17999]
2022-08-11 03:03:27.202 :   Flights have been booked: outbound(flight ¹; price; date): 012;529;08/11/2022,return(flight ¹; price; date): 103;458;08/18/2022 for Jojo47 Bean47	[MsgId: MMSG-17999]
2022-08-11 03:03:46.831 :   Booking to delete: 1 booking 69963427-84922-JB	[MsgId: MMSG-17999]
2022-08-11 03:03:52.583 :   Logout completed	[MsgId: MMSG-17999]
2022-08-11 03:14:21.820 : - Iteration: 13	[MsgId: MMSG-17999]
2022-08-11 03:14:21.820 :   Account: jojo47/bean47	[MsgId: MMSG-17999]
2022-08-11 03:14:27.681 :   Login completed	[MsgId: MMSG-17999]
2022-08-11 03:15:04.970 :   Flights have been booked: outbound(flight ¹; price; date): 101;498;08/11/2022,return(flight ¹; price; date): 010;559;08/18/2022 for Jojo47 Bean47	[MsgId: MMSG-17999]
2022-08-11 03:15:29.252 :   Booking to delete: 1 booking 69966722-777004-JB	[MsgId: MMSG-17999]
2022-08-11 03:15:33.510 :   Logout completed	[MsgId: MMSG-17999]
2022-08-11 03:26:21.832 : - Iteration: 14	[MsgId: MMSG-17999]
2022-08-11 03:26:21.832 :   Account: jojo47/bean47	[MsgId: MMSG-17999]
2022-08-11 03:26:28.818 :   Login completed	[MsgId: MMSG-17999]
2022-08-11 03:27:11.201 :   Flights have been booked: outbound(flight ¹; price; date): 560;110;08/11/2022,return(flight ¹; price; date): 651;98;08/18/2022 for Jojo47 Bean47	[MsgId: MMSG-17999]
2022-08-11 03:27:36.063 :   Booking to delete: 1 booking 69983707-127016-JB	[MsgId: MMSG-17999]
2022-08-11 03:27:43.866 :   Logout completed	[MsgId: MMSG-17999]
2022-08-11 03:38:21.837 : - Iteration: 15	[MsgId: MMSG-17999]
2022-08-11 03:38:21.838 :   Account: jojo47/bean47	[MsgId: MMSG-17999]
2022-08-11 03:38:36.561 :   Login completed	[MsgId: MMSG-17999]
2022-08-11 03:39:17.930 :   Flights have been booked: outbound(flight ¹; price; date): 252;525;08/11/2022,return(flight ¹; price; date): 521;494;08/18/2022 for Jojo47 Bean47	[MsgId: MMSG-17999]
2022-08-11 03:39:39.319 :   Booking to delete: 1 booking 69972315-1170078-JB	[MsgId: MMSG-17999]
2022-08-11 03:39:43.592 :   Logout completed	[MsgId: MMSG-17999]
2022-08-11 03:50:21.844 : - Iteration: 16	[MsgId: MMSG-17999]
2022-08-11 03:50:21.844 :   Account: jojo47/bean47	[MsgId: MMSG-17999]
2022-08-11 03:50:30.223 :   Login completed	[MsgId: MMSG-17999]
2022-08-11 03:51:04.777 :   Flights have been booked: outbound(flight ¹; price; date): 821;2407;08/11/2022,return(flight ¹; price; date): 280;2701;08/18/2022 for Jojo47 Bean47	[MsgId: MMSG-17999]
2022-08-11 03:51:31.320 :   Booking to delete: 1 booking 699933792-985008-JB	[MsgId: MMSG-17999]
2022-08-11 03:51:35.362 :   Logout completed	[MsgId: MMSG-17999]
2022-08-11 04:02:21.850 : - Iteration: 17	[MsgId: MMSG-17999]
2022-08-11 04:02:21.851 :   Account: jojo47/bean47	[MsgId: MMSG-17999]
2022-08-11 04:02:28.731 :   Login completed	[MsgId: MMSG-17999]
2022-08-11 04:03:19.931 :   Flights have been booked: outbound(flight ¹; price; date): 291;312;08/11/2022,return(flight ¹; price; date): 920;350;08/18/2022 for Jojo47 Bean47	[MsgId: MMSG-17999]
2022-08-11 04:03:39.540 :   Booking to delete: 1 booking 69973752-147743-JB	[MsgId: MMSG-17999]
2022-08-11 04:03:43.529 :   Logout completed	[MsgId: MMSG-17999]
2022-08-11 04:14:21.858 : - Iteration: 18	[MsgId: MMSG-17999]
2022-08-11 04:14:21.859 :   Account: jojo47/bean47	[MsgId: MMSG-17999]
2022-08-11 04:14:35.615 :   Login completed	[MsgId: MMSG-17999]
2022-08-11 04:15:22.268 :   Flights have been booked: outbound(flight ¹; price; date): 070;292;08/11/2022,return(flight ¹; price; date): 702;276;08/18/2022 for Jojo47 Bean47	[MsgId: MMSG-17999]
2022-08-11 04:15:45.902 :   Booking to delete: 1 booking 69965566-130966-JB	[MsgId: MMSG-17999]
2022-08-11 04:15:51.148 :   Logout completed	[MsgId: MMSG-17999]
2022-08-11 04:26:21.863 : - Iteration: 19	[MsgId: MMSG-17999]
2022-08-11 04:26:21.863 :   Account: jojo47/bean47	[MsgId: MMSG-17999]
2022-08-11 04:26:36.823 :   Login completed	[MsgId: MMSG-17999]
2022-08-11 04:27:24.848 :   Flights have been booked: outbound(flight ¹; price; date): 601;180;08/11/2022,return(flight ¹; price; date): 060;202;08/18/2022 for Jojo47 Bean47	[MsgId: MMSG-17999]
2022-08-11 04:27:49.746 :   Booking to delete: 1 booking 69985228-81567-JB	[MsgId: MMSG-17999]
2022-08-11 04:27:56.314 :   Logout completed	[MsgId: MMSG-17999]
2022-08-11 04:38:21.872 : - Iteration: 20	[MsgId: MMSG-17999]
2022-08-11 04:38:21.873 :   Account: jojo47/bean47	[MsgId: MMSG-17999]
2022-08-11 04:38:35.527 :   Login completed	[MsgId: MMSG-17999]
2022-08-11 04:39:02.355 :   Flights have been booked: outbound(flight ¹; price; date): 210;385;08/11/2022,return(flight ¹; price; date): 122;364;08/18/2022 for Jojo47 Bean47	[MsgId: MMSG-17999]
2022-08-11 04:39:22.442 :   Booking to delete: 1 booking 69970755-86365-JB	[MsgId: MMSG-17999]
2022-08-11 04:39:30.090 :   Logout completed	[MsgId: MMSG-17999]
2022-08-11 04:50:21.877 : - Iteration: 21	[MsgId: MMSG-17999]
2022-08-11 04:50:21.877 :   Account: jojo47/bean47	[MsgId: MMSG-17999]
2022-08-11 04:50:31.185 :   Login completed	[MsgId: MMSG-17999]
2022-08-11 04:51:17.287 :   Flights have been booked: outbound(flight ¹; price; date): 951;596;08/11/2022,return(flight ¹; price; date): 592;633;08/18/2022 for Jojo47 Bean47	[MsgId: MMSG-17999]
2022-08-11 04:51:34.790 :   Booking to delete: 1 booking 69998207-1224709-JB	[MsgId: MMSG-17999]
2022-08-11 04:51:38.433 :   Logout completed	[MsgId: MMSG-17999]
