2022-08-11 00:53:16.853 : URL = localhost:1080	[MsgId: MMSG-17999]
2022-08-11 00:53:16.872 : - Iteration: 1	[MsgId: MMSG-17999]
2022-08-11 00:53:16.872 :   Account: jojo39/bean39	[MsgId: MMSG-17999]
2022-08-11 00:53:23.254 :   Login completed	[MsgId: MMSG-17999]
2022-08-11 00:53:51.061 :   Logout completed	[MsgId: MMSG-17999]
2022-08-11 00:55:56.875 : - Iteration: 2	[MsgId: MMSG-17999]
2022-08-11 00:55:56.875 :   Account: jojo39/bean39	[MsgId: MMSG-17999]
2022-08-11 00:56:10.539 :   Login completed	[MsgId: MMSG-17999]
2022-08-11 00:56:43.620 :   Logout completed	[MsgId: MMSG-17999]
2022-08-11 00:58:36.875 : - Iteration: 3	[MsgId: MMSG-17999]
2022-08-11 00:58:36.876 :   Account: jojo39/bean39	[MsgId: MMSG-17999]
2022-08-11 00:58:51.178 :   Login completed	[MsgId: MMSG-17999]
2022-08-11 00:59:32.247 :   Logout completed	[MsgId: MMSG-17999]
2022-08-11 01:01:16.875 : - Iteration: 4	[MsgId: MMSG-17999]
2022-08-11 01:01:16.876 :   Account: jojo39/bean39	[MsgId: MMSG-17999]
2022-08-11 01:01:26.650 :   Login completed	[MsgId: MMSG-17999]
2022-08-11 01:01:52.615 :   Logout completed	[MsgId: MMSG-17999]
2022-08-11 01:03:56.884 : - Iteration: 5	[MsgId: MMSG-17999]
2022-08-11 01:03:56.885 :   Account: jojo39/bean39	[MsgId: MMSG-17999]
2022-08-11 01:04:03.906 :   Login completed	[MsgId: MMSG-17999]
2022-08-11 01:04:27.088 :   Logout completed	[MsgId: MMSG-17999]
2022-08-11 01:06:36.888 : - Iteration: 6	[MsgId: MMSG-17999]
2022-08-11 01:06:36.889 :   Account: jojo39/bean39	[MsgId: MMSG-17999]
2022-08-11 01:06:49.903 :   Login completed	[MsgId: MMSG-17999]
2022-08-11 01:07:25.590 :   Logout completed	[MsgId: MMSG-17999]
2022-08-11 01:09:16.890 : - Iteration: 7	[MsgId: MMSG-17999]
2022-08-11 01:09:16.890 :   Account: jojo39/bean39	[MsgId: MMSG-17999]
2022-08-11 01:09:28.126 :   Login completed	[MsgId: MMSG-17999]
2022-08-11 01:09:54.823 :   Logout completed	[MsgId: MMSG-17999]
2022-08-11 01:11:56.896 : - Iteration: 8	[MsgId: MMSG-17999]
2022-08-11 01:11:56.896 :   Account: jojo39/bean39	[MsgId: MMSG-17999]
2022-08-11 01:12:11.267 :   Login completed	[MsgId: MMSG-17999]
2022-08-11 01:12:40.834 :   Logout completed	[MsgId: MMSG-17999]
2022-08-11 01:14:36.905 : - Iteration: 9	[MsgId: MMSG-17999]
2022-08-11 01:14:36.906 :   Account: jojo39/bean39	[MsgId: MMSG-17999]
2022-08-11 01:14:52.038 :   Login completed	[MsgId: MMSG-17999]
2022-08-11 01:15:33.259 :   Logout completed	[MsgId: MMSG-17999]
2022-08-11 01:17:16.910 : - Iteration: 10	[MsgId: MMSG-17999]
2022-08-11 01:17:16.910 :   Account: jojo39/bean39	[MsgId: MMSG-17999]
2022-08-11 01:17:28.707 :   Login completed	[MsgId: MMSG-17999]
2022-08-11 01:18:02.771 :   Logout completed	[MsgId: MMSG-17999]
2022-08-11 01:19:56.914 : - Iteration: 11	[MsgId: MMSG-17999]
2022-08-11 01:19:56.914 :   Account: jojo39/bean39	[MsgId: MMSG-17999]
2022-08-11 01:20:04.517 :   Login completed	[MsgId: MMSG-17999]
2022-08-11 01:20:26.145 :   Logout completed	[MsgId: MMSG-17999]
2022-08-11 01:22:36.924 : - Iteration: 12	[MsgId: MMSG-17999]
2022-08-11 01:22:36.924 :   Account: jojo39/bean39	[MsgId: MMSG-17999]
2022-08-11 01:22:46.956 :   Login completed	[MsgId: MMSG-17999]
2022-08-11 01:23:18.803 :   Logout completed	[MsgId: MMSG-17999]
2022-08-11 01:25:16.935 : - Iteration: 13	[MsgId: MMSG-17999]
2022-08-11 01:25:16.936 :   Account: jojo39/bean39	[MsgId: MMSG-17999]
2022-08-11 01:25:25.671 :   Login completed	[MsgId: MMSG-17999]
2022-08-11 01:26:01.430 :   Logout completed	[MsgId: MMSG-17999]
2022-08-11 01:27:56.950 : - Iteration: 14	[MsgId: MMSG-17999]
2022-08-11 01:27:56.950 :   Account: jojo39/bean39	[MsgId: MMSG-17999]
2022-08-11 01:28:07.316 :   Login completed	[MsgId: MMSG-17999]
2022-08-11 01:28:41.812 :   Logout completed	[MsgId: MMSG-17999]
2022-08-11 01:30:36.954 : - Iteration: 15	[MsgId: MMSG-17999]
2022-08-11 01:30:36.955 :   Account: jojo39/bean39	[MsgId: MMSG-17999]
2022-08-11 01:30:49.602 :   Login completed	[MsgId: MMSG-17999]
2022-08-11 01:31:11.948 :   Logout completed	[MsgId: MMSG-17999]
2022-08-11 01:33:16.956 : - Iteration: 16	[MsgId: MMSG-17999]
2022-08-11 01:33:16.957 :   Account: jojo39/bean39	[MsgId: MMSG-17999]
2022-08-11 01:33:24.664 :   Login completed	[MsgId: MMSG-17999]
2022-08-11 01:34:02.933 :   Logout completed	[MsgId: MMSG-17999]
2022-08-11 01:35:56.973 : - Iteration: 17	[MsgId: MMSG-17999]
2022-08-11 01:35:56.973 :   Account: jojo39/bean39	[MsgId: MMSG-17999]
2022-08-11 01:36:09.981 :   Login completed	[MsgId: MMSG-17999]
2022-08-11 01:36:43.377 :   Logout completed	[MsgId: MMSG-17999]
2022-08-11 01:38:36.987 : - Iteration: 18	[MsgId: MMSG-17999]
2022-08-11 01:38:36.988 :   Account: jojo39/bean39	[MsgId: MMSG-17999]
2022-08-11 01:38:51.456 :   Login completed	[MsgId: MMSG-17999]
2022-08-11 01:39:26.076 :   Logout completed	[MsgId: MMSG-17999]
2022-08-11 01:41:17.001 : - Iteration: 19	[MsgId: MMSG-17999]
2022-08-11 01:41:17.001 :   Account: jojo39/bean39	[MsgId: MMSG-17999]
2022-08-11 01:41:30.518 :   Login completed	[MsgId: MMSG-17999]
2022-08-11 01:42:05.873 :   Logout completed	[MsgId: MMSG-17999]
2022-08-11 01:43:57.013 : - Iteration: 20	[MsgId: MMSG-17999]
2022-08-11 01:43:57.013 :   Account: jojo39/bean39	[MsgId: MMSG-17999]
2022-08-11 01:44:07.044 :   Login completed	[MsgId: MMSG-17999]
2022-08-11 01:44:42.172 :   Logout completed	[MsgId: MMSG-17999]
2022-08-11 01:46:37.027 : - Iteration: 21	[MsgId: MMSG-17999]
2022-08-11 01:46:37.028 :   Account: jojo39/bean39	[MsgId: MMSG-17999]
2022-08-11 01:46:46.671 :   Login completed	[MsgId: MMSG-17999]
2022-08-11 01:47:19.178 :   Logout completed	[MsgId: MMSG-17999]
2022-08-11 01:49:17.037 : - Iteration: 22	[MsgId: MMSG-17999]
2022-08-11 01:49:17.038 :   Account: jojo39/bean39	[MsgId: MMSG-17999]
2022-08-11 01:49:28.997 :   Login completed	[MsgId: MMSG-17999]
2022-08-11 01:50:00.541 :   Logout completed	[MsgId: MMSG-17999]
2022-08-11 01:51:57.046 : - Iteration: 23	[MsgId: MMSG-17999]
2022-08-11 01:51:57.046 :   Account: jojo39/bean39	[MsgId: MMSG-17999]
2022-08-11 01:52:04.712 :   Login completed	[MsgId: MMSG-17999]
2022-08-11 01:52:42.435 :   Logout completed	[MsgId: MMSG-17999]
2022-08-11 01:54:37.057 : - Iteration: 24	[MsgId: MMSG-17999]
2022-08-11 01:54:37.057 :   Account: jojo39/bean39	[MsgId: MMSG-17999]
2022-08-11 01:54:46.106 :   Login completed	[MsgId: MMSG-17999]
2022-08-11 01:55:18.998 :   Logout completed	[MsgId: MMSG-17999]
2022-08-11 01:57:17.069 : - Iteration: 25	[MsgId: MMSG-17999]
2022-08-11 01:57:17.070 :   Account: jojo39/bean39	[MsgId: MMSG-17999]
2022-08-11 01:57:29.486 :   Login completed	[MsgId: MMSG-17999]
2022-08-11 01:58:05.795 :   Logout completed	[MsgId: MMSG-17999]
2022-08-11 01:59:57.079 : - Iteration: 26	[MsgId: MMSG-17999]
2022-08-11 01:59:57.080 :   Account: jojo39/bean39	[MsgId: MMSG-17999]
2022-08-11 02:00:10.963 :   Login completed	[MsgId: MMSG-17999]
2022-08-11 02:00:43.260 :   Logout completed	[MsgId: MMSG-17999]
2022-08-11 02:02:37.084 : - Iteration: 27	[MsgId: MMSG-17999]
2022-08-11 02:02:37.084 :   Account: jojo39/bean39	[MsgId: MMSG-17999]
2022-08-11 02:02:51.267 :   Login completed	[MsgId: MMSG-17999]
2022-08-11 02:03:21.878 :   Logout completed	[MsgId: MMSG-17999]
2022-08-11 02:05:17.093 : - Iteration: 28	[MsgId: MMSG-17999]
2022-08-11 02:05:17.093 :   Account: jojo39/bean39	[MsgId: MMSG-17999]
2022-08-11 02:05:30.758 :   Login completed	[MsgId: MMSG-17999]
2022-08-11 02:06:03.626 :   Logout completed	[MsgId: MMSG-17999]
2022-08-11 02:07:57.100 : - Iteration: 29	[MsgId: MMSG-17999]
2022-08-11 02:07:57.101 :   Account: jojo39/bean39	[MsgId: MMSG-17999]
2022-08-11 02:08:10.275 :   Login completed	[MsgId: MMSG-17999]
2022-08-11 02:08:41.936 :   Logout completed	[MsgId: MMSG-17999]
2022-08-11 02:10:37.108 : - Iteration: 30	[MsgId: MMSG-17999]
2022-08-11 02:10:37.108 :   Account: jojo39/bean39	[MsgId: MMSG-17999]
2022-08-11 02:10:48.852 :   Login completed	[MsgId: MMSG-17999]
2022-08-11 02:11:27.505 :   Logout completed	[MsgId: MMSG-17999]
2022-08-11 02:13:17.111 : - Iteration: 31	[MsgId: MMSG-17999]
2022-08-11 02:13:17.111 :   Account: jojo39/bean39	[MsgId: MMSG-17999]
2022-08-11 02:13:23.978 :   Login completed	[MsgId: MMSG-17999]
2022-08-11 02:13:53.276 :   Logout completed	[MsgId: MMSG-17999]
2022-08-11 02:15:57.121 : - Iteration: 32	[MsgId: MMSG-17999]
2022-08-11 02:15:57.121 :   Account: jojo39/bean39	[MsgId: MMSG-17999]
2022-08-11 02:16:05.687 :   Login completed	[MsgId: MMSG-17999]
2022-08-11 02:16:31.332 :   Logout completed	[MsgId: MMSG-17999]
2022-08-11 02:18:37.131 : - Iteration: 33	[MsgId: MMSG-17999]
2022-08-11 02:18:37.131 :   Account: jojo39/bean39	[MsgId: MMSG-17999]
2022-08-11 02:18:47.096 :   Login completed	[MsgId: MMSG-17999]
2022-08-11 02:19:14.651 :   Logout completed	[MsgId: MMSG-17999]
2022-08-11 02:21:17.130 : - Iteration: 34	[MsgId: MMSG-17999]
2022-08-11 02:21:17.130 :   Account: jojo39/bean39	[MsgId: MMSG-17999]
2022-08-11 02:21:24.458 :   Login completed	[MsgId: MMSG-17999]
2022-08-11 02:21:53.334 :   Logout completed	[MsgId: MMSG-17999]
2022-08-11 02:23:57.132 : - Iteration: 35	[MsgId: MMSG-17999]
2022-08-11 02:23:57.132 :   Account: jojo39/bean39	[MsgId: MMSG-17999]
2022-08-11 02:24:03.483 :   Login completed	[MsgId: MMSG-17999]
2022-08-11 02:24:33.706 :   Logout completed	[MsgId: MMSG-17999]
2022-08-11 02:26:37.146 : - Iteration: 36	[MsgId: MMSG-17999]
2022-08-11 02:26:37.146 :   Account: jojo39/bean39	[MsgId: MMSG-17999]
2022-08-11 02:26:51.470 :   Login completed	[MsgId: MMSG-17999]
2022-08-11 02:27:18.582 :   Logout completed	[MsgId: MMSG-17999]
2022-08-11 02:29:17.148 : - Iteration: 37	[MsgId: MMSG-17999]
2022-08-11 02:29:17.149 :   Account: jojo39/bean39	[MsgId: MMSG-17999]
2022-08-11 02:29:29.971 :   Login completed	[MsgId: MMSG-17999]
2022-08-11 02:30:07.461 :   Logout completed	[MsgId: MMSG-17999]
2022-08-11 02:31:57.150 : - Iteration: 38	[MsgId: MMSG-17999]
2022-08-11 02:31:57.150 :   Account: jojo39/bean39	[MsgId: MMSG-17999]
2022-08-11 02:32:10.227 :   Login completed	[MsgId: MMSG-17999]
2022-08-11 02:32:34.382 :   Logout completed	[MsgId: MMSG-17999]
2022-08-11 02:34:37.153 : - Iteration: 39	[MsgId: MMSG-17999]
2022-08-11 02:34:37.153 :   Account: jojo39/bean39	[MsgId: MMSG-17999]
2022-08-11 02:34:44.924 :   Login completed	[MsgId: MMSG-17999]
2022-08-11 02:35:07.658 :   Logout completed	[MsgId: MMSG-17999]
2022-08-11 02:37:17.157 : - Iteration: 40	[MsgId: MMSG-17999]
2022-08-11 02:37:17.158 :   Account: jojo39/bean39	[MsgId: MMSG-17999]
2022-08-11 02:37:29.486 :   Login completed	[MsgId: MMSG-17999]
2022-08-11 02:37:57.064 :   Logout completed	[MsgId: MMSG-17999]
2022-08-11 02:39:57.165 : - Iteration: 41	[MsgId: MMSG-17999]
2022-08-11 02:39:57.166 :   Account: jojo39/bean39	[MsgId: MMSG-17999]
2022-08-11 02:40:12.395 :   Login completed	[MsgId: MMSG-17999]
2022-08-11 02:40:51.512 :   Logout completed	[MsgId: MMSG-17999]
2022-08-11 02:42:37.177 : - Iteration: 42	[MsgId: MMSG-17999]
2022-08-11 02:42:37.177 :   Account: jojo39/bean39	[MsgId: MMSG-17999]
2022-08-11 02:42:44.359 :   Login completed	[MsgId: MMSG-17999]
2022-08-11 02:43:10.984 :   Logout completed	[MsgId: MMSG-17999]
2022-08-11 02:45:17.189 : - Iteration: 43	[MsgId: MMSG-17999]
2022-08-11 02:45:17.190 :   Account: jojo39/bean39	[MsgId: MMSG-17999]
2022-08-11 02:45:23.833 :   Login completed	[MsgId: MMSG-17999]
2022-08-11 02:45:57.147 :   Logout completed	[MsgId: MMSG-17999]
2022-08-11 02:47:57.197 : - Iteration: 44	[MsgId: MMSG-17999]
2022-08-11 02:47:57.197 :   Account: jojo39/bean39	[MsgId: MMSG-17999]
2022-08-11 02:48:04.665 :   Login completed	[MsgId: MMSG-17999]
2022-08-11 02:48:42.167 :   Logout completed	[MsgId: MMSG-17999]
2022-08-11 02:50:37.205 : - Iteration: 45	[MsgId: MMSG-17999]
2022-08-11 02:50:37.205 :   Account: jojo39/bean39	[MsgId: MMSG-17999]
2022-08-11 02:50:44.895 :   Login completed	[MsgId: MMSG-17999]
2022-08-11 02:51:20.985 :   Logout completed	[MsgId: MMSG-17999]
2022-08-11 02:53:17.215 : - Iteration: 46	[MsgId: MMSG-17999]
2022-08-11 02:53:17.216 :   Account: jojo39/bean39	[MsgId: MMSG-17999]
2022-08-11 02:53:25.193 :   Login completed	[MsgId: MMSG-17999]
2022-08-11 02:54:03.070 :   Logout completed	[MsgId: MMSG-17999]
2022-08-11 02:55:57.218 : - Iteration: 47	[MsgId: MMSG-17999]
2022-08-11 02:55:57.218 :   Account: jojo39/bean39	[MsgId: MMSG-17999]
2022-08-11 02:56:04.787 :   Login completed	[MsgId: MMSG-17999]
2022-08-11 02:56:31.372 :   Logout completed	[MsgId: MMSG-17999]
2022-08-11 02:58:37.231 : - Iteration: 48	[MsgId: MMSG-17999]
2022-08-11 02:58:37.231 :   Account: jojo39/bean39	[MsgId: MMSG-17999]
2022-08-11 02:58:44.102 :   Login completed	[MsgId: MMSG-17999]
2022-08-11 02:59:10.975 :   Logout completed	[MsgId: MMSG-17999]
2022-08-11 03:01:17.232 : - Iteration: 49	[MsgId: MMSG-17999]
2022-08-11 03:01:17.232 :   Account: jojo39/bean39	[MsgId: MMSG-17999]
2022-08-11 03:01:26.584 :   Login completed	[MsgId: MMSG-17999]
2022-08-11 03:01:54.723 :   Logout completed	[MsgId: MMSG-17999]
2022-08-11 03:03:57.244 : - Iteration: 50	[MsgId: MMSG-17999]
2022-08-11 03:03:57.244 :   Account: jojo39/bean39	[MsgId: MMSG-17999]
2022-08-11 03:04:12.347 :   Login completed	[MsgId: MMSG-17999]
2022-08-11 03:04:40.754 :   Logout completed	[MsgId: MMSG-17999]
2022-08-11 03:06:37.259 : - Iteration: 51	[MsgId: MMSG-17999]
2022-08-11 03:06:37.260 :   Account: jojo39/bean39	[MsgId: MMSG-17999]
2022-08-11 03:06:50.467 :   Login completed	[MsgId: MMSG-17999]
2022-08-11 03:07:16.200 :   Logout completed	[MsgId: MMSG-17999]
2022-08-11 03:09:17.269 : - Iteration: 52	[MsgId: MMSG-17999]
2022-08-11 03:09:17.269 :   Account: jojo39/bean39	[MsgId: MMSG-17999]
2022-08-11 03:09:32.455 :   Login completed	[MsgId: MMSG-17999]
2022-08-11 03:09:56.717 :   Logout completed	[MsgId: MMSG-17999]
2022-08-11 03:11:57.270 : - Iteration: 53	[MsgId: MMSG-17999]
2022-08-11 03:11:57.271 :   Account: jojo39/bean39	[MsgId: MMSG-17999]
2022-08-11 03:12:11.016 :   Login completed	[MsgId: MMSG-17999]
2022-08-11 03:12:39.139 :   Logout completed	[MsgId: MMSG-17999]
2022-08-11 03:14:37.284 : - Iteration: 54	[MsgId: MMSG-17999]
2022-08-11 03:14:37.284 :   Account: jojo39/bean39	[MsgId: MMSG-17999]
2022-08-11 03:14:46.924 :   Login completed	[MsgId: MMSG-17999]
2022-08-11 03:15:21.749 :   Logout completed	[MsgId: MMSG-17999]
2022-08-11 03:17:17.291 : - Iteration: 55	[MsgId: MMSG-17999]
2022-08-11 03:17:17.291 :   Account: jojo39/bean39	[MsgId: MMSG-17999]
2022-08-11 03:17:32.189 :   Login completed	[MsgId: MMSG-17999]
2022-08-11 03:17:57.810 :   Logout completed	[MsgId: MMSG-17999]
2022-08-11 03:19:57.293 : - Iteration: 56	[MsgId: MMSG-17999]
2022-08-11 03:19:57.293 :   Account: jojo39/bean39	[MsgId: MMSG-17999]
2022-08-11 03:20:04.865 :   Login completed	[MsgId: MMSG-17999]
2022-08-11 03:20:35.767 :   Logout completed	[MsgId: MMSG-17999]
2022-08-11 03:22:37.296 : - Iteration: 57	[MsgId: MMSG-17999]
2022-08-11 03:22:37.297 :   Account: jojo39/bean39	[MsgId: MMSG-17999]
2022-08-11 03:22:45.644 :   Login completed	[MsgId: MMSG-17999]
2022-08-11 03:23:23.709 :   Logout completed	[MsgId: MMSG-17999]
2022-08-11 03:25:17.310 : - Iteration: 58	[MsgId: MMSG-17999]
2022-08-11 03:25:17.310 :   Account: jojo39/bean39	[MsgId: MMSG-17999]
2022-08-11 03:25:32.182 :   Login completed	[MsgId: MMSG-17999]
2022-08-11 03:26:05.244 :   Logout completed	[MsgId: MMSG-17999]
2022-08-11 03:27:57.328 : - Iteration: 59	[MsgId: MMSG-17999]
2022-08-11 03:27:57.328 :   Account: jojo39/bean39	[MsgId: MMSG-17999]
2022-08-11 03:28:07.911 :   Login completed	[MsgId: MMSG-17999]
2022-08-11 03:28:42.699 :   Logout completed	[MsgId: MMSG-17999]
2022-08-11 03:30:37.337 : - Iteration: 60	[MsgId: MMSG-17999]
2022-08-11 03:30:37.337 :   Account: jojo39/bean39	[MsgId: MMSG-17999]
2022-08-11 03:30:50.755 :   Login completed	[MsgId: MMSG-17999]
2022-08-11 03:31:17.165 :   Logout completed	[MsgId: MMSG-17999]
2022-08-11 03:33:17.343 : - Iteration: 61	[MsgId: MMSG-17999]
2022-08-11 03:33:17.344 :   Account: jojo39/bean39	[MsgId: MMSG-17999]
2022-08-11 03:33:27.978 :   Login completed	[MsgId: MMSG-17999]
2022-08-11 03:34:04.659 :   Logout completed	[MsgId: MMSG-17999]
2022-08-11 03:35:57.356 : - Iteration: 62	[MsgId: MMSG-17999]
2022-08-11 03:35:57.357 :   Account: jojo39/bean39	[MsgId: MMSG-17999]
2022-08-11 03:36:08.673 :   Login completed	[MsgId: MMSG-17999]
2022-08-11 03:36:37.685 :   Logout completed	[MsgId: MMSG-17999]
2022-08-11 03:38:37.363 : - Iteration: 63	[MsgId: MMSG-17999]
2022-08-11 03:38:37.364 :   Account: jojo39/bean39	[MsgId: MMSG-17999]
2022-08-11 03:38:47.994 :   Login completed	[MsgId: MMSG-17999]
2022-08-11 03:39:22.807 :   Logout completed	[MsgId: MMSG-17999]
2022-08-11 03:41:17.379 : - Iteration: 64	[MsgId: MMSG-17999]
2022-08-11 03:41:17.379 :   Account: jojo39/bean39	[MsgId: MMSG-17999]
2022-08-11 03:41:29.875 :   Login completed	[MsgId: MMSG-17999]
2022-08-11 03:42:06.847 :   Logout completed	[MsgId: MMSG-17999]
2022-08-11 03:43:57.387 : - Iteration: 65	[MsgId: MMSG-17999]
2022-08-11 03:43:57.387 :   Account: jojo39/bean39	[MsgId: MMSG-17999]
2022-08-11 03:44:03.207 :   Login completed	[MsgId: MMSG-17999]
2022-08-11 03:44:37.563 :   Logout completed	[MsgId: MMSG-17999]
2022-08-11 03:46:37.389 : - Iteration: 66	[MsgId: MMSG-17999]
2022-08-11 03:46:37.389 :   Account: jojo39/bean39	[MsgId: MMSG-17999]
2022-08-11 03:46:43.494 :   Login completed	[MsgId: MMSG-17999]
2022-08-11 03:47:17.421 :   Logout completed	[MsgId: MMSG-17999]
2022-08-11 03:49:17.401 : - Iteration: 67	[MsgId: MMSG-17999]
2022-08-11 03:49:17.402 :   Account: jojo39/bean39	[MsgId: MMSG-17999]
2022-08-11 03:49:29.242 :   Login completed	[MsgId: MMSG-17999]
2022-08-11 03:50:00.379 :   Logout completed	[MsgId: MMSG-17999]
2022-08-11 03:51:57.406 : - Iteration: 68	[MsgId: MMSG-17999]
2022-08-11 03:51:57.406 :   Account: jojo39/bean39	[MsgId: MMSG-17999]
2022-08-11 03:52:12.624 :   Login completed	[MsgId: MMSG-17999]
2022-08-11 03:52:36.231 :   Logout completed	[MsgId: MMSG-17999]
2022-08-11 03:54:37.418 : - Iteration: 69	[MsgId: MMSG-17999]
2022-08-11 03:54:37.419 :   Account: jojo39/bean39	[MsgId: MMSG-17999]
2022-08-11 03:54:44.602 :   Login completed	[MsgId: MMSG-17999]
2022-08-11 03:55:20.824 :   Logout completed	[MsgId: MMSG-17999]
2022-08-11 03:57:17.427 : - Iteration: 70	[MsgId: MMSG-17999]
2022-08-11 03:57:17.428 :   Account: jojo39/bean39	[MsgId: MMSG-17999]
2022-08-11 03:57:26.594 :   Login completed	[MsgId: MMSG-17999]
2022-08-11 03:58:01.425 :   Logout completed	[MsgId: MMSG-17999]
2022-08-11 03:59:57.430 : - Iteration: 71	[MsgId: MMSG-17999]
2022-08-11 03:59:57.430 :   Account: jojo39/bean39	[MsgId: MMSG-17999]
2022-08-11 04:00:10.858 :   Login completed	[MsgId: MMSG-17999]
2022-08-11 04:00:46.185 :   Logout completed	[MsgId: MMSG-17999]
2022-08-11 04:02:37.433 : - Iteration: 72	[MsgId: MMSG-17999]
2022-08-11 04:02:37.434 :   Account: jojo39/bean39	[MsgId: MMSG-17999]
2022-08-11 04:02:43.950 :   Login completed	[MsgId: MMSG-17999]
2022-08-11 04:03:14.027 :   Logout completed	[MsgId: MMSG-17999]
2022-08-11 04:05:17.436 : - Iteration: 73	[MsgId: MMSG-17999]
2022-08-11 04:05:17.437 :   Account: jojo39/bean39	[MsgId: MMSG-17999]
2022-08-11 04:05:29.805 :   Login completed	[MsgId: MMSG-17999]
2022-08-11 04:05:59.272 :   Logout completed	[MsgId: MMSG-17999]
2022-08-11 04:07:57.452 : - Iteration: 74	[MsgId: MMSG-17999]
2022-08-11 04:07:57.453 :   Account: jojo39/bean39	[MsgId: MMSG-17999]
2022-08-11 04:08:06.973 :   Login completed	[MsgId: MMSG-17999]
2022-08-11 04:08:44.074 :   Logout completed	[MsgId: MMSG-17999]
2022-08-11 04:10:37.458 : - Iteration: 75	[MsgId: MMSG-17999]
2022-08-11 04:10:37.458 :   Account: jojo39/bean39	[MsgId: MMSG-17999]
2022-08-11 04:10:51.774 :   Login completed	[MsgId: MMSG-17999]
2022-08-11 04:11:23.294 :   Logout completed	[MsgId: MMSG-17999]
2022-08-11 04:13:17.459 : - Iteration: 76	[MsgId: MMSG-17999]
2022-08-11 04:13:17.460 :   Account: jojo39/bean39	[MsgId: MMSG-17999]
2022-08-11 04:13:25.602 :   Login completed	[MsgId: MMSG-17999]
2022-08-11 04:13:58.874 :   Logout completed	[MsgId: MMSG-17999]
2022-08-11 04:15:57.464 : - Iteration: 77	[MsgId: MMSG-17999]
2022-08-11 04:15:57.464 :   Account: jojo39/bean39	[MsgId: MMSG-17999]
2022-08-11 04:16:09.616 :   Login completed	[MsgId: MMSG-17999]
2022-08-11 04:16:33.357 :   Logout completed	[MsgId: MMSG-17999]
2022-08-11 04:18:37.469 : - Iteration: 78	[MsgId: MMSG-17999]
2022-08-11 04:18:37.469 :   Account: jojo39/bean39	[MsgId: MMSG-17999]
2022-08-11 04:18:46.440 :   Login completed	[MsgId: MMSG-17999]
2022-08-11 04:19:14.388 :   Logout completed	[MsgId: MMSG-17999]
2022-08-11 04:21:17.474 : - Iteration: 79	[MsgId: MMSG-17999]
2022-08-11 04:21:17.474 :   Account: jojo39/bean39	[MsgId: MMSG-17999]
2022-08-11 04:21:23.235 :   Login completed	[MsgId: MMSG-17999]
2022-08-11 04:21:53.305 :   Logout completed	[MsgId: MMSG-17999]
2022-08-11 04:23:57.478 : - Iteration: 80	[MsgId: MMSG-17999]
2022-08-11 04:23:57.479 :   Account: jojo39/bean39	[MsgId: MMSG-17999]
2022-08-11 04:24:07.516 :   Login completed	[MsgId: MMSG-17999]
2022-08-11 04:24:39.881 :   Logout completed	[MsgId: MMSG-17999]
2022-08-11 04:26:37.482 : - Iteration: 81	[MsgId: MMSG-17999]
2022-08-11 04:26:37.482 :   Account: jojo39/bean39	[MsgId: MMSG-17999]
2022-08-11 04:26:44.352 :   Login completed	[MsgId: MMSG-17999]
2022-08-11 04:27:16.628 :   Logout completed	[MsgId: MMSG-17999]
2022-08-11 04:29:17.491 : - Iteration: 82	[MsgId: MMSG-17999]
2022-08-11 04:29:17.492 :   Account: jojo39/bean39	[MsgId: MMSG-17999]
2022-08-11 04:29:31.404 :   Login completed	[MsgId: MMSG-17999]
2022-08-11 04:30:00.125 :   Logout completed	[MsgId: MMSG-17999]
2022-08-11 04:31:57.500 : - Iteration: 83	[MsgId: MMSG-17999]
2022-08-11 04:31:57.500 :   Account: jojo39/bean39	[MsgId: MMSG-17999]
2022-08-11 04:32:04.590 :   Login completed	[MsgId: MMSG-17999]
2022-08-11 04:32:32.489 :   Logout completed	[MsgId: MMSG-17999]
2022-08-11 04:34:37.514 : - Iteration: 84	[MsgId: MMSG-17999]
2022-08-11 04:34:37.515 :   Account: jojo39/bean39	[MsgId: MMSG-17999]
2022-08-11 04:34:49.376 :   Login completed	[MsgId: MMSG-17999]
2022-08-11 04:35:22.422 :   Logout completed	[MsgId: MMSG-17999]
2022-08-11 04:37:17.531 : - Iteration: 85	[MsgId: MMSG-17999]
2022-08-11 04:37:17.531 :   Account: jojo39/bean39	[MsgId: MMSG-17999]
2022-08-11 04:37:24.248 :   Login completed	[MsgId: MMSG-17999]
2022-08-11 04:38:01.060 :   Logout completed	[MsgId: MMSG-17999]
2022-08-11 04:39:57.531 : - Iteration: 86	[MsgId: MMSG-17999]
2022-08-11 04:39:57.531 :   Account: jojo39/bean39	[MsgId: MMSG-17999]
2022-08-11 04:40:12.002 :   Login completed	[MsgId: MMSG-17999]
2022-08-11 04:40:41.527 :   Logout completed	[MsgId: MMSG-17999]
2022-08-11 04:42:37.545 : - Iteration: 87	[MsgId: MMSG-17999]
2022-08-11 04:42:37.545 :   Account: jojo39/bean39	[MsgId: MMSG-17999]
2022-08-11 04:42:48.829 :   Login completed	[MsgId: MMSG-17999]
2022-08-11 04:43:22.736 :   Logout completed	[MsgId: MMSG-17999]
2022-08-11 04:45:17.551 : - Iteration: 88	[MsgId: MMSG-17999]
2022-08-11 04:45:17.551 :   Account: jojo39/bean39	[MsgId: MMSG-17999]
2022-08-11 04:45:32.807 :   Login completed	[MsgId: MMSG-17999]
2022-08-11 04:46:03.447 :   Logout completed	[MsgId: MMSG-17999]
2022-08-11 04:47:57.562 : - Iteration: 89	[MsgId: MMSG-17999]
2022-08-11 04:47:57.562 :   Account: jojo39/bean39	[MsgId: MMSG-17999]
2022-08-11 04:48:07.329 :   Login completed	[MsgId: MMSG-17999]
2022-08-11 04:48:36.300 :   Logout completed	[MsgId: MMSG-17999]
2022-08-11 04:50:37.567 : - Iteration: 90	[MsgId: MMSG-17999]
2022-08-11 04:50:37.568 :   Account: jojo39/bean39	[MsgId: MMSG-17999]
2022-08-11 04:50:46.382 :   Login completed	[MsgId: MMSG-17999]
2022-08-11 04:51:23.493 :   Logout completed	[MsgId: MMSG-17999]
2022-08-11 04:53:17.572 : - Iteration: 91	[MsgId: MMSG-17999]
2022-08-11 04:53:17.573 :   Account: jojo39/bean39	[MsgId: MMSG-17999]
2022-08-11 04:53:30.389 :   Login completed	[MsgId: MMSG-17999]
2022-08-11 04:54:06.032 :   Logout completed	[MsgId: MMSG-17999]
2022-08-11 04:55:57.574 : - Iteration: 92	[MsgId: MMSG-17999]
2022-08-11 04:55:57.574 :   Account: jojo39/bean39	[MsgId: MMSG-17999]
2022-08-11 04:56:08.285 :   Login completed	[MsgId: MMSG-17999]
2022-08-11 04:56:37.697 :   Logout completed	[MsgId: MMSG-17999]
2022-08-11 04:58:37.586 : - Iteration: 93	[MsgId: MMSG-17999]
2022-08-11 04:58:37.587 :   Account: jojo39/bean39	[MsgId: MMSG-17999]
2022-08-11 04:58:49.320 :   Login completed	[MsgId: MMSG-17999]
2022-08-11 04:59:14.633 :   Logout completed	[MsgId: MMSG-17999]
2022-08-11 05:01:17.589 : - Iteration: 94	[MsgId: MMSG-17999]
2022-08-11 05:01:17.589 :   Account: jojo39/bean39	[MsgId: MMSG-17999]
2022-08-11 05:01:32.860 :   Login completed	[MsgId: MMSG-17999]
2022-08-11 05:02:05.692 :   Logout completed	[MsgId: MMSG-17999]
