2022-08-11 03:58:06.891 : URL = localhost:1080	[MsgId: MMSG-17999]
2022-08-11 03:58:06.907 : - Iteration: 1	[MsgId: MMSG-17999]
2022-08-11 03:58:06.908 :   Account: jojo31/bean31	[MsgId: MMSG-17999]
2022-08-11 03:58:18.156 :   Login completed	[MsgId: MMSG-17999]
2022-08-11 03:58:22.291 :   Logout completed	[MsgId: MMSG-17999]
2022-08-11 04:00:12.907 : - Iteration: 2	[MsgId: MMSG-17999]
2022-08-11 04:00:12.908 :   Account: jojo31/bean31	[MsgId: MMSG-17999]
2022-08-11 04:00:25.499 :   Login completed	[MsgId: MMSG-17999]
2022-08-11 04:00:32.445 :   Logout completed	[MsgId: MMSG-17999]
2022-08-11 04:02:18.913 : - Iteration: 3	[MsgId: MMSG-17999]
2022-08-11 04:02:18.914 :   Account: jojo31/bean31	[MsgId: MMSG-17999]
2022-08-11 04:02:33.380 :   Login completed	[MsgId: MMSG-17999]
2022-08-11 04:02:38.939 :   Logout completed	[MsgId: MMSG-17999]
2022-08-11 04:04:24.914 : - Iteration: 4	[MsgId: MMSG-17999]
2022-08-11 04:04:24.914 :   Account: jojo31/bean31	[MsgId: MMSG-17999]
2022-08-11 04:04:38.707 :   Login completed	[MsgId: MMSG-17999]
2022-08-11 04:04:42.604 :   Logout completed	[MsgId: MMSG-17999]
2022-08-11 04:06:30.924 : - Iteration: 5	[MsgId: MMSG-17999]
2022-08-11 04:06:30.925 :   Account: jojo31/bean31	[MsgId: MMSG-17999]
2022-08-11 04:06:40.129 :   Login completed	[MsgId: MMSG-17999]
2022-08-11 04:06:47.452 :   Logout completed	[MsgId: MMSG-17999]
2022-08-11 04:08:36.939 : - Iteration: 6	[MsgId: MMSG-17999]
2022-08-11 04:08:36.939 :   Account: jojo31/bean31	[MsgId: MMSG-17999]
2022-08-11 04:08:51.916 :   Login completed	[MsgId: MMSG-17999]
2022-08-11 04:08:59.323 :   Logout completed	[MsgId: MMSG-17999]
2022-08-11 04:10:42.951 : - Iteration: 7	[MsgId: MMSG-17999]
2022-08-11 04:10:42.951 :   Account: jojo31/bean31	[MsgId: MMSG-17999]
2022-08-11 04:10:52.467 :   Login completed	[MsgId: MMSG-17999]
2022-08-11 04:10:58.213 :   Logout completed	[MsgId: MMSG-17999]
2022-08-11 04:12:48.965 : - Iteration: 8	[MsgId: MMSG-17999]
2022-08-11 04:12:48.965 :   Account: jojo31/bean31	[MsgId: MMSG-17999]
2022-08-11 04:13:02.692 :   Login completed	[MsgId: MMSG-17999]
2022-08-11 04:13:07.204 :   Logout completed	[MsgId: MMSG-17999]
2022-08-11 04:14:54.976 : - Iteration: 9	[MsgId: MMSG-17999]
2022-08-11 04:14:54.976 :   Account: jojo31/bean31	[MsgId: MMSG-17999]
2022-08-11 04:15:10.236 :   Login completed	[MsgId: MMSG-17999]
2022-08-11 04:15:15.634 :   Logout completed	[MsgId: MMSG-17999]
2022-08-11 04:17:00.981 : - Iteration: 10	[MsgId: MMSG-17999]
2022-08-11 04:17:00.981 :   Account: jojo31/bean31	[MsgId: MMSG-17999]
2022-08-11 04:17:14.663 :   Login completed	[MsgId: MMSG-17999]
2022-08-11 04:17:20.048 :   Logout completed	[MsgId: MMSG-17999]
2022-08-11 04:19:06.991 : - Iteration: 11	[MsgId: MMSG-17999]
2022-08-11 04:19:06.991 :   Account: jojo31/bean31	[MsgId: MMSG-17999]
2022-08-11 04:19:18.631 :   Login completed	[MsgId: MMSG-17999]
2022-08-11 04:19:25.624 :   Logout completed	[MsgId: MMSG-17999]
2022-08-11 04:21:13.002 : - Iteration: 12	[MsgId: MMSG-17999]
2022-08-11 04:21:13.003 :   Account: jojo31/bean31	[MsgId: MMSG-17999]
2022-08-11 04:21:26.754 :   Login completed	[MsgId: MMSG-17999]
2022-08-11 04:21:32.400 :   Logout completed	[MsgId: MMSG-17999]
2022-08-11 04:23:19.014 : - Iteration: 13	[MsgId: MMSG-17999]
2022-08-11 04:23:19.015 :   Account: jojo31/bean31	[MsgId: MMSG-17999]
2022-08-11 04:23:30.508 :   Login completed	[MsgId: MMSG-17999]
2022-08-11 04:23:34.797 :   Logout completed	[MsgId: MMSG-17999]
2022-08-11 04:25:25.029 : - Iteration: 14	[MsgId: MMSG-17999]
2022-08-11 04:25:25.029 :   Account: jojo31/bean31	[MsgId: MMSG-17999]
2022-08-11 04:25:30.924 :   Login completed	[MsgId: MMSG-17999]
2022-08-11 04:25:33.751 :   Logout completed	[MsgId: MMSG-17999]
2022-08-11 04:27:31.041 : - Iteration: 15	[MsgId: MMSG-17999]
2022-08-11 04:27:31.041 :   Account: jojo31/bean31	[MsgId: MMSG-17999]
2022-08-11 04:27:38.129 :   Login completed	[MsgId: MMSG-17999]
2022-08-11 04:27:44.728 :   Logout completed	[MsgId: MMSG-17999]
2022-08-11 04:29:37.059 : - Iteration: 16	[MsgId: MMSG-17999]
2022-08-11 04:29:37.060 :   Account: jojo31/bean31	[MsgId: MMSG-17999]
2022-08-11 04:29:44.461 :   Login completed	[MsgId: MMSG-17999]
2022-08-11 04:29:51.478 :   Logout completed	[MsgId: MMSG-17999]
2022-08-11 04:31:43.069 : - Iteration: 17	[MsgId: MMSG-17999]
2022-08-11 04:31:43.075 :   Account: jojo31/bean31	[MsgId: MMSG-17999]
2022-08-11 04:31:57.803 :   Login completed	[MsgId: MMSG-17999]
2022-08-11 04:32:02.685 :   Logout completed	[MsgId: MMSG-17999]
2022-08-11 04:33:49.078 : - Iteration: 18	[MsgId: MMSG-17999]
2022-08-11 04:33:49.078 :   Account: jojo31/bean31	[MsgId: MMSG-17999]
2022-08-11 04:33:54.787 :   Login completed	[MsgId: MMSG-17999]
2022-08-11 04:34:01.496 :   Logout completed	[MsgId: MMSG-17999]
2022-08-11 04:35:55.085 : - Iteration: 19	[MsgId: MMSG-17999]
2022-08-11 04:35:55.085 :   Account: jojo31/bean31	[MsgId: MMSG-17999]
2022-08-11 04:36:03.099 :   Login completed	[MsgId: MMSG-17999]
2022-08-11 04:36:07.307 :   Logout completed	[MsgId: MMSG-17999]
2022-08-11 04:38:01.098 : - Iteration: 20	[MsgId: MMSG-17999]
2022-08-11 04:38:01.098 :   Account: jojo31/bean31	[MsgId: MMSG-17999]
2022-08-11 04:38:11.093 :   Login completed	[MsgId: MMSG-17999]
2022-08-11 04:38:16.599 :   Logout completed	[MsgId: MMSG-17999]
2022-08-11 04:40:07.111 : - Iteration: 21	[MsgId: MMSG-17999]
2022-08-11 04:40:07.112 :   Account: jojo31/bean31	[MsgId: MMSG-17999]
2022-08-11 04:40:15.440 :   Login completed	[MsgId: MMSG-17999]
2022-08-11 04:40:19.696 :   Logout completed	[MsgId: MMSG-17999]
2022-08-11 04:42:13.113 : - Iteration: 22	[MsgId: MMSG-17999]
2022-08-11 04:42:13.113 :   Account: jojo31/bean31	[MsgId: MMSG-17999]
2022-08-11 04:42:25.352 :   Login completed	[MsgId: MMSG-17999]
2022-08-11 04:42:30.420 :   Logout completed	[MsgId: MMSG-17999]
2022-08-11 04:44:19.119 : - Iteration: 23	[MsgId: MMSG-17999]
2022-08-11 04:44:19.120 :   Account: jojo31/bean31	[MsgId: MMSG-17999]
2022-08-11 04:44:31.253 :   Login completed	[MsgId: MMSG-17999]
2022-08-11 04:44:36.195 :   Logout completed	[MsgId: MMSG-17999]
2022-08-11 04:46:25.124 : - Iteration: 24	[MsgId: MMSG-17999]
2022-08-11 04:46:25.124 :   Account: jojo31/bean31	[MsgId: MMSG-17999]
2022-08-11 04:46:34.271 :   Login completed	[MsgId: MMSG-17999]
2022-08-11 04:46:38.037 :   Logout completed	[MsgId: MMSG-17999]
2022-08-11 04:48:31.132 : - Iteration: 25	[MsgId: MMSG-17999]
2022-08-11 04:48:31.132 :   Account: jojo31/bean31	[MsgId: MMSG-17999]
2022-08-11 04:48:42.042 :   Login completed	[MsgId: MMSG-17999]
2022-08-11 04:48:48.862 :   Logout completed	[MsgId: MMSG-17999]
2022-08-11 04:50:37.139 : - Iteration: 26	[MsgId: MMSG-17999]
2022-08-11 04:50:37.139 :   Account: jojo31/bean31	[MsgId: MMSG-17999]
2022-08-11 04:50:51.568 :   Login completed	[MsgId: MMSG-17999]
2022-08-11 04:50:56.258 :   Logout completed	[MsgId: MMSG-17999]
2022-08-11 04:52:43.154 : - Iteration: 27	[MsgId: MMSG-17999]
2022-08-11 04:52:43.154 :   Account: jojo31/bean31	[MsgId: MMSG-17999]
2022-08-11 04:52:51.344 :   Login completed	[MsgId: MMSG-17999]
2022-08-11 04:52:54.979 :   Logout completed	[MsgId: MMSG-17999]
2022-08-11 04:54:49.166 : - Iteration: 28	[MsgId: MMSG-17999]
2022-08-11 04:54:49.166 :   Account: jojo31/bean31	[MsgId: MMSG-17999]
2022-08-11 04:54:58.205 :   Login completed	[MsgId: MMSG-17999]
2022-08-11 04:55:01.614 :   Logout completed	[MsgId: MMSG-17999]
2022-08-11 04:56:55.174 : - Iteration: 29	[MsgId: MMSG-17999]
2022-08-11 04:56:55.174 :   Account: jojo31/bean31	[MsgId: MMSG-17999]
2022-08-11 04:57:09.227 :   Login completed	[MsgId: MMSG-17999]
2022-08-11 04:57:15.980 :   Logout completed	[MsgId: MMSG-17999]
2022-08-11 04:59:01.188 : - Iteration: 30	[MsgId: MMSG-17999]
2022-08-11 04:59:01.188 :   Account: jojo31/bean31	[MsgId: MMSG-17999]
2022-08-11 04:59:11.904 :   Login completed	[MsgId: MMSG-17999]
2022-08-11 04:59:17.768 :   Logout completed	[MsgId: MMSG-17999]
2022-08-11 05:01:07.201 : - Iteration: 31	[MsgId: MMSG-17999]
2022-08-11 05:01:07.201 :   Account: jojo31/bean31	[MsgId: MMSG-17999]
2022-08-11 05:01:13.409 :   Login completed	[MsgId: MMSG-17999]
2022-08-11 05:01:16.594 :   Logout completed	[MsgId: MMSG-17999]
2022-08-11 05:03:13.203 : - Iteration: 32	[MsgId: MMSG-17999]
2022-08-11 05:03:13.203 :   Account: jojo31/bean31	[MsgId: MMSG-17999]
2022-08-11 05:03:27.180 :   Login completed	[MsgId: MMSG-17999]
2022-08-11 05:03:31.854 :   Logout completed	[MsgId: MMSG-17999]
2022-08-11 05:05:19.214 : - Iteration: 33	[MsgId: MMSG-17999]
2022-08-11 05:05:19.214 :   Account: jojo31/bean31	[MsgId: MMSG-17999]
2022-08-11 05:05:34.184 :   Login completed	[MsgId: MMSG-17999]
2022-08-11 05:05:38.393 :   Logout completed	[MsgId: MMSG-17999]
2022-08-11 05:07:25.229 : - Iteration: 34	[MsgId: MMSG-17999]
2022-08-11 05:07:25.229 :   Account: jojo31/bean31	[MsgId: MMSG-17999]
2022-08-11 05:07:34.951 :   Login completed	[MsgId: MMSG-17999]
2022-08-11 05:07:42.232 :   Logout completed	[MsgId: MMSG-17999]
2022-08-11 05:09:31.243 : - Iteration: 35	[MsgId: MMSG-17999]
2022-08-11 05:09:31.244 :   Account: jojo31/bean31	[MsgId: MMSG-17999]
2022-08-11 05:09:44.363 :   Login completed	[MsgId: MMSG-17999]
2022-08-11 05:09:50.036 :   Logout completed	[MsgId: MMSG-17999]
