2022-08-11 00:52:41.109 : URL = localhost:1080	[MsgId: MMSG-17999]
2022-08-11 00:52:41.144 : - Iteration: 1	[MsgId: MMSG-17999]
2022-08-11 00:52:41.144 :   Account: jojo10/bean10	[MsgId: MMSG-17999]
2022-08-11 00:52:56.662 :   Login completed	[MsgId: MMSG-17999]
2022-08-11 00:53:02.698 :   Logout completed	[MsgId: MMSG-17999]
2022-08-11 00:54:47.160 : - Iteration: 2	[MsgId: MMSG-17999]
2022-08-11 00:54:47.162 :   Account: jojo10/bean10	[MsgId: MMSG-17999]
2022-08-11 00:54:52.943 :   Login completed	[MsgId: MMSG-17999]
2022-08-11 00:54:56.007 :   Logout completed	[MsgId: MMSG-17999]
2022-08-11 00:56:53.173 : - Iteration: 3	[MsgId: MMSG-17999]
2022-08-11 00:56:53.174 :   Account: jojo10/bean10	[MsgId: MMSG-17999]
2022-08-11 00:57:06.091 :   Login completed	[MsgId: MMSG-17999]
2022-08-11 00:57:12.779 :   Logout completed	[MsgId: MMSG-17999]
2022-08-11 00:58:59.178 : - Iteration: 4	[MsgId: MMSG-17999]
2022-08-11 00:58:59.179 :   Account: jojo10/bean10	[MsgId: MMSG-17999]
2022-08-11 00:59:12.564 :   Login completed	[MsgId: MMSG-17999]
2022-08-11 00:59:19.023 :   Logout completed	[MsgId: MMSG-17999]
2022-08-11 01:01:05.188 : - Iteration: 5	[MsgId: MMSG-17999]
2022-08-11 01:01:05.188 :   Account: jojo10/bean10	[MsgId: MMSG-17999]
2022-08-11 01:01:14.579 :   Login completed	[MsgId: MMSG-17999]
2022-08-11 01:01:17.574 :   Logout completed	[MsgId: MMSG-17999]
2022-08-11 01:03:11.200 : - Iteration: 6	[MsgId: MMSG-17999]
2022-08-11 01:03:11.200 :   Account: jojo10/bean10	[MsgId: MMSG-17999]
2022-08-11 01:03:25.379 :   Login completed	[MsgId: MMSG-17999]
2022-08-11 01:03:29.124 :   Logout completed	[MsgId: MMSG-17999]
2022-08-11 01:05:17.215 : - Iteration: 7	[MsgId: MMSG-17999]
2022-08-11 01:05:17.215 :   Account: jojo10/bean10	[MsgId: MMSG-17999]
2022-08-11 01:05:30.088 :   Login completed	[MsgId: MMSG-17999]
2022-08-11 01:05:34.588 :   Logout completed	[MsgId: MMSG-17999]
2022-08-11 01:07:23.220 : - Iteration: 8	[MsgId: MMSG-17999]
2022-08-11 01:07:23.220 :   Account: jojo10/bean10	[MsgId: MMSG-17999]
2022-08-11 01:07:37.689 :   Login completed	[MsgId: MMSG-17999]
2022-08-11 01:07:44.268 :   Logout completed	[MsgId: MMSG-17999]
2022-08-11 01:09:29.223 : - Iteration: 9	[MsgId: MMSG-17999]
2022-08-11 01:09:29.223 :   Account: jojo10/bean10	[MsgId: MMSG-17999]
2022-08-11 01:09:41.458 :   Login completed	[MsgId: MMSG-17999]
2022-08-11 01:09:47.130 :   Logout completed	[MsgId: MMSG-17999]
2022-08-11 01:11:35.233 : - Iteration: 10	[MsgId: MMSG-17999]
2022-08-11 01:11:35.233 :   Account: jojo10/bean10	[MsgId: MMSG-17999]
2022-08-11 01:11:48.828 :   Login completed	[MsgId: MMSG-17999]
2022-08-11 01:11:56.439 :   Logout completed	[MsgId: MMSG-17999]
2022-08-11 01:13:41.244 : - Iteration: 11	[MsgId: MMSG-17999]
2022-08-11 01:13:41.244 :   Account: jojo10/bean10	[MsgId: MMSG-17999]
2022-08-11 01:13:48.633 :   Login completed	[MsgId: MMSG-17999]
2022-08-11 01:13:55.056 :   Logout completed	[MsgId: MMSG-17999]
2022-08-11 01:15:47.251 : - Iteration: 12	[MsgId: MMSG-17999]
2022-08-11 01:15:47.251 :   Account: jojo10/bean10	[MsgId: MMSG-17999]
2022-08-11 01:15:53.775 :   Login completed	[MsgId: MMSG-17999]
2022-08-11 01:15:57.786 :   Logout completed	[MsgId: MMSG-17999]
2022-08-11 01:17:53.262 : - Iteration: 13	[MsgId: MMSG-17999]
2022-08-11 01:17:53.262 :   Account: jojo10/bean10	[MsgId: MMSG-17999]
2022-08-11 01:18:07.983 :   Login completed	[MsgId: MMSG-17999]
2022-08-11 01:18:13.326 :   Logout completed	[MsgId: MMSG-17999]
2022-08-11 01:19:59.261 : - Iteration: 14	[MsgId: MMSG-17999]
2022-08-11 01:19:59.261 :   Account: jojo10/bean10	[MsgId: MMSG-17999]
2022-08-11 01:20:10.446 :   Login completed	[MsgId: MMSG-17999]
2022-08-11 01:20:14.302 :   Logout completed	[MsgId: MMSG-17999]
2022-08-11 01:22:05.264 : - Iteration: 15	[MsgId: MMSG-17999]
2022-08-11 01:22:05.265 :   Account: jojo10/bean10	[MsgId: MMSG-17999]
2022-08-11 01:22:12.187 :   Login completed	[MsgId: MMSG-17999]
2022-08-11 01:22:16.081 :   Logout completed	[MsgId: MMSG-17999]
2022-08-11 01:24:11.279 : - Iteration: 16	[MsgId: MMSG-17999]
2022-08-11 01:24:11.279 :   Account: jojo10/bean10	[MsgId: MMSG-17999]
2022-08-11 01:24:24.201 :   Login completed	[MsgId: MMSG-17999]
2022-08-11 01:24:29.193 :   Logout completed	[MsgId: MMSG-17999]
2022-08-11 01:26:17.289 : - Iteration: 17	[MsgId: MMSG-17999]
2022-08-11 01:26:17.289 :   Account: jojo10/bean10	[MsgId: MMSG-17999]
2022-08-11 01:26:25.412 :   Login completed	[MsgId: MMSG-17999]
2022-08-11 01:26:32.917 :   Logout completed	[MsgId: MMSG-17999]
2022-08-11 01:28:23.299 : - Iteration: 18	[MsgId: MMSG-17999]
2022-08-11 01:28:23.299 :   Account: jojo10/bean10	[MsgId: MMSG-17999]
2022-08-11 01:28:36.277 :   Login completed	[MsgId: MMSG-17999]
2022-08-11 01:28:42.182 :   Logout completed	[MsgId: MMSG-17999]
2022-08-11 01:30:29.299 : - Iteration: 19	[MsgId: MMSG-17999]
2022-08-11 01:30:29.299 :   Account: jojo10/bean10	[MsgId: MMSG-17999]
2022-08-11 01:30:37.970 :   Login completed	[MsgId: MMSG-17999]
2022-08-11 01:30:41.632 :   Logout completed	[MsgId: MMSG-17999]
2022-08-11 01:32:35.303 : - Iteration: 20	[MsgId: MMSG-17999]
2022-08-11 01:32:35.303 :   Account: jojo10/bean10	[MsgId: MMSG-17999]
2022-08-11 01:32:47.697 :   Login completed	[MsgId: MMSG-17999]
2022-08-11 01:32:50.553 :   Logout completed	[MsgId: MMSG-17999]
2022-08-11 01:34:41.317 : - Iteration: 21	[MsgId: MMSG-17999]
2022-08-11 01:34:41.318 :   Account: jojo10/bean10	[MsgId: MMSG-17999]
2022-08-11 01:34:56.225 :   Login completed	[MsgId: MMSG-17999]
2022-08-11 01:35:03.470 :   Logout completed	[MsgId: MMSG-17999]
2022-08-11 01:36:47.323 : - Iteration: 22	[MsgId: MMSG-17999]
2022-08-11 01:36:47.323 :   Account: jojo10/bean10	[MsgId: MMSG-17999]
2022-08-11 01:36:57.624 :   Login completed	[MsgId: MMSG-17999]
2022-08-11 01:37:03.594 :   Logout completed	[MsgId: MMSG-17999]
2022-08-11 01:38:53.333 : - Iteration: 23	[MsgId: MMSG-17999]
2022-08-11 01:38:53.334 :   Account: jojo10/bean10	[MsgId: MMSG-17999]
2022-08-11 01:39:00.335 :   Login completed	[MsgId: MMSG-17999]
2022-08-11 01:39:06.873 :   Logout completed	[MsgId: MMSG-17999]
2022-08-11 01:40:59.343 : - Iteration: 24	[MsgId: MMSG-17999]
2022-08-11 01:40:59.343 :   Account: jojo10/bean10	[MsgId: MMSG-17999]
2022-08-11 01:41:07.451 :   Login completed	[MsgId: MMSG-17999]
2022-08-11 01:41:10.671 :   Logout completed	[MsgId: MMSG-17999]
2022-08-11 01:43:05.345 : - Iteration: 25	[MsgId: MMSG-17999]
2022-08-11 01:43:05.345 :   Account: jojo10/bean10	[MsgId: MMSG-17999]
2022-08-11 01:43:11.306 :   Login completed	[MsgId: MMSG-17999]
2022-08-11 01:43:16.117 :   Logout completed	[MsgId: MMSG-17999]
2022-08-11 01:45:11.351 : - Iteration: 26	[MsgId: MMSG-17999]
2022-08-11 01:45:11.352 :   Account: jojo10/bean10	[MsgId: MMSG-17999]
2022-08-11 01:45:19.655 :   Login completed	[MsgId: MMSG-17999]
2022-08-11 01:45:26.075 :   Logout completed	[MsgId: MMSG-17999]
2022-08-11 01:47:17.361 : - Iteration: 27	[MsgId: MMSG-17999]
2022-08-11 01:47:17.361 :   Account: jojo10/bean10	[MsgId: MMSG-17999]
2022-08-11 01:47:27.473 :   Login completed	[MsgId: MMSG-17999]
2022-08-11 01:47:34.265 :   Logout completed	[MsgId: MMSG-17999]
2022-08-11 01:49:23.362 : - Iteration: 28	[MsgId: MMSG-17999]
2022-08-11 01:49:23.363 :   Account: jojo10/bean10	[MsgId: MMSG-17999]
2022-08-11 01:49:32.805 :   Login completed	[MsgId: MMSG-17999]
2022-08-11 01:49:40.059 :   Logout completed	[MsgId: MMSG-17999]
2022-08-11 01:51:29.365 : - Iteration: 29	[MsgId: MMSG-17999]
2022-08-11 01:51:29.366 :   Account: jojo10/bean10	[MsgId: MMSG-17999]
2022-08-11 01:51:37.250 :   Login completed	[MsgId: MMSG-17999]
2022-08-11 01:51:42.931 :   Logout completed	[MsgId: MMSG-17999]
2022-08-11 01:53:35.381 : - Iteration: 30	[MsgId: MMSG-17999]
2022-08-11 01:53:35.381 :   Account: jojo10/bean10	[MsgId: MMSG-17999]
2022-08-11 01:53:43.940 :   Login completed	[MsgId: MMSG-17999]
2022-08-11 01:53:51.241 :   Logout completed	[MsgId: MMSG-17999]
2022-08-11 01:55:41.389 : - Iteration: 31	[MsgId: MMSG-17999]
2022-08-11 01:55:41.389 :   Account: jojo10/bean10	[MsgId: MMSG-17999]
2022-08-11 01:55:47.093 :   Login completed	[MsgId: MMSG-17999]
2022-08-11 01:55:54.641 :   Logout completed	[MsgId: MMSG-17999]
2022-08-11 01:57:47.389 : - Iteration: 32	[MsgId: MMSG-17999]
2022-08-11 01:57:47.390 :   Account: jojo10/bean10	[MsgId: MMSG-17999]
2022-08-11 01:58:02.873 :   Login completed	[MsgId: MMSG-17999]
2022-08-11 01:58:09.509 :   Logout completed	[MsgId: MMSG-17999]
2022-08-11 01:59:53.395 : - Iteration: 33	[MsgId: MMSG-17999]
2022-08-11 01:59:53.395 :   Account: jojo10/bean10	[MsgId: MMSG-17999]
2022-08-11 01:59:59.241 :   Login completed	[MsgId: MMSG-17999]
2022-08-11 02:00:02.733 :   Logout completed	[MsgId: MMSG-17999]
2022-08-11 02:01:59.403 : - Iteration: 34	[MsgId: MMSG-17999]
2022-08-11 02:01:59.404 :   Account: jojo10/bean10	[MsgId: MMSG-17999]
2022-08-11 02:02:10.711 :   Login completed	[MsgId: MMSG-17999]
2022-08-11 02:02:18.440 :   Logout completed	[MsgId: MMSG-17999]
2022-08-11 02:04:05.417 : - Iteration: 35	[MsgId: MMSG-17999]
2022-08-11 02:04:05.417 :   Account: jojo10/bean10	[MsgId: MMSG-17999]
2022-08-11 02:04:16.190 :   Login completed	[MsgId: MMSG-17999]
2022-08-11 02:04:21.701 :   Logout completed	[MsgId: MMSG-17999]
2022-08-11 02:06:11.432 : - Iteration: 36	[MsgId: MMSG-17999]
2022-08-11 02:06:11.433 :   Account: jojo10/bean10	[MsgId: MMSG-17999]
2022-08-11 02:06:25.215 :   Login completed	[MsgId: MMSG-17999]
2022-08-11 02:06:30.821 :   Logout completed	[MsgId: MMSG-17999]
2022-08-11 02:08:17.444 : - Iteration: 37	[MsgId: MMSG-17999]
2022-08-11 02:08:17.444 :   Account: jojo10/bean10	[MsgId: MMSG-17999]
2022-08-11 02:08:31.339 :   Login completed	[MsgId: MMSG-17999]
2022-08-11 02:08:34.830 :   Logout completed	[MsgId: MMSG-17999]
2022-08-11 02:10:23.457 : - Iteration: 38	[MsgId: MMSG-17999]
2022-08-11 02:10:23.457 :   Account: jojo10/bean10	[MsgId: MMSG-17999]
2022-08-11 02:10:37.521 :   Login completed	[MsgId: MMSG-17999]
2022-08-11 02:10:42.308 :   Logout completed	[MsgId: MMSG-17999]
2022-08-11 02:12:29.472 : - Iteration: 39	[MsgId: MMSG-17999]
2022-08-11 02:12:29.472 :   Account: jojo10/bean10	[MsgId: MMSG-17999]
2022-08-11 02:12:42.664 :   Login completed	[MsgId: MMSG-17999]
2022-08-11 02:12:47.678 :   Logout completed	[MsgId: MMSG-17999]
2022-08-11 02:14:35.471 : - Iteration: 40	[MsgId: MMSG-17999]
2022-08-11 02:14:35.472 :   Account: jojo10/bean10	[MsgId: MMSG-17999]
2022-08-11 02:14:46.480 :   Login completed	[MsgId: MMSG-17999]
2022-08-11 02:14:53.481 :   Logout completed	[MsgId: MMSG-17999]
2022-08-11 02:16:41.485 : - Iteration: 41	[MsgId: MMSG-17999]
2022-08-11 02:16:41.485 :   Account: jojo10/bean10	[MsgId: MMSG-17999]
2022-08-11 02:16:48.577 :   Login completed	[MsgId: MMSG-17999]
2022-08-11 02:16:52.382 :   Logout completed	[MsgId: MMSG-17999]
2022-08-11 02:18:47.488 : - Iteration: 42	[MsgId: MMSG-17999]
2022-08-11 02:18:47.489 :   Account: jojo10/bean10	[MsgId: MMSG-17999]
2022-08-11 02:18:58.422 :   Login completed	[MsgId: MMSG-17999]
2022-08-11 02:19:02.315 :   Logout completed	[MsgId: MMSG-17999]
2022-08-11 02:20:53.493 : - Iteration: 43	[MsgId: MMSG-17999]
2022-08-11 02:20:53.493 :   Account: jojo10/bean10	[MsgId: MMSG-17999]
2022-08-11 02:21:07.581 :   Login completed	[MsgId: MMSG-17999]
2022-08-11 02:21:10.911 :   Logout completed	[MsgId: MMSG-17999]
2022-08-11 02:22:59.508 : - Iteration: 44	[MsgId: MMSG-17999]
2022-08-11 02:22:59.508 :   Account: jojo10/bean10	[MsgId: MMSG-17999]
2022-08-11 02:23:15.111 :   Login completed	[MsgId: MMSG-17999]
2022-08-11 02:23:21.031 :   Logout completed	[MsgId: MMSG-17999]
2022-08-11 02:25:05.510 : - Iteration: 45	[MsgId: MMSG-17999]
2022-08-11 02:25:05.510 :   Account: jojo10/bean10	[MsgId: MMSG-17999]
2022-08-11 02:25:20.295 :   Login completed	[MsgId: MMSG-17999]
2022-08-11 02:25:26.620 :   Logout completed	[MsgId: MMSG-17999]
2022-08-11 02:27:11.515 : - Iteration: 46	[MsgId: MMSG-17999]
2022-08-11 02:27:11.516 :   Account: jojo10/bean10	[MsgId: MMSG-17999]
2022-08-11 02:27:18.573 :   Login completed	[MsgId: MMSG-17999]
2022-08-11 02:27:24.926 :   Logout completed	[MsgId: MMSG-17999]
2022-08-11 02:29:17.527 : - Iteration: 47	[MsgId: MMSG-17999]
2022-08-11 02:29:17.528 :   Account: jojo10/bean10	[MsgId: MMSG-17999]
2022-08-11 02:29:32.044 :   Login completed	[MsgId: MMSG-17999]
2022-08-11 02:29:36.764 :   Logout completed	[MsgId: MMSG-17999]
2022-08-11 02:31:23.535 : - Iteration: 48	[MsgId: MMSG-17999]
2022-08-11 02:31:23.536 :   Account: jojo10/bean10	[MsgId: MMSG-17999]
2022-08-11 02:31:36.020 :   Login completed	[MsgId: MMSG-17999]
2022-08-11 02:31:42.538 :   Logout completed	[MsgId: MMSG-17999]
2022-08-11 02:33:29.546 : - Iteration: 49	[MsgId: MMSG-17999]
2022-08-11 02:33:29.547 :   Account: jojo10/bean10	[MsgId: MMSG-17999]
2022-08-11 02:33:38.968 :   Login completed	[MsgId: MMSG-17999]
2022-08-11 02:33:43.579 :   Logout completed	[MsgId: MMSG-17999]
2022-08-11 02:35:35.562 : - Iteration: 50	[MsgId: MMSG-17999]
2022-08-11 02:35:35.562 :   Account: jojo10/bean10	[MsgId: MMSG-17999]
2022-08-11 02:35:47.084 :   Login completed	[MsgId: MMSG-17999]
2022-08-11 02:35:54.237 :   Logout completed	[MsgId: MMSG-17999]
2022-08-11 02:37:41.580 : - Iteration: 51	[MsgId: MMSG-17999]
2022-08-11 02:37:41.581 :   Account: jojo10/bean10	[MsgId: MMSG-17999]
2022-08-11 02:37:53.543 :   Login completed	[MsgId: MMSG-17999]
2022-08-11 02:37:58.875 :   Logout completed	[MsgId: MMSG-17999]
2022-08-11 02:39:47.594 : - Iteration: 52	[MsgId: MMSG-17999]
2022-08-11 02:39:47.594 :   Account: jojo10/bean10	[MsgId: MMSG-17999]
2022-08-11 02:40:02.817 :   Login completed	[MsgId: MMSG-17999]
2022-08-11 02:40:07.719 :   Logout completed	[MsgId: MMSG-17999]
2022-08-11 02:41:53.600 : - Iteration: 53	[MsgId: MMSG-17999]
2022-08-11 02:41:53.600 :   Account: jojo10/bean10	[MsgId: MMSG-17999]
2022-08-11 02:42:05.238 :   Login completed	[MsgId: MMSG-17999]
2022-08-11 02:42:10.464 :   Logout completed	[MsgId: MMSG-17999]
2022-08-11 02:43:59.608 : - Iteration: 54	[MsgId: MMSG-17999]
2022-08-11 02:43:59.608 :   Account: jojo10/bean10	[MsgId: MMSG-17999]
2022-08-11 02:44:06.176 :   Login completed	[MsgId: MMSG-17999]
2022-08-11 02:44:10.334 :   Logout completed	[MsgId: MMSG-17999]
2022-08-11 02:46:05.614 : - Iteration: 55	[MsgId: MMSG-17999]
2022-08-11 02:46:05.614 :   Account: jojo10/bean10	[MsgId: MMSG-17999]
2022-08-11 02:46:11.364 :   Login completed	[MsgId: MMSG-17999]
2022-08-11 02:46:18.241 :   Logout completed	[MsgId: MMSG-17999]
2022-08-11 02:48:11.628 : - Iteration: 56	[MsgId: MMSG-17999]
2022-08-11 02:48:11.628 :   Account: jojo10/bean10	[MsgId: MMSG-17999]
2022-08-11 02:48:19.813 :   Login completed	[MsgId: MMSG-17999]
2022-08-11 02:48:24.789 :   Logout completed	[MsgId: MMSG-17999]
2022-08-11 02:50:17.629 : - Iteration: 57	[MsgId: MMSG-17999]
2022-08-11 02:50:17.629 :   Account: jojo10/bean10	[MsgId: MMSG-17999]
2022-08-11 02:50:31.336 :   Login completed	[MsgId: MMSG-17999]
2022-08-11 02:50:34.578 :   Logout completed	[MsgId: MMSG-17999]
2022-08-11 02:52:23.642 : - Iteration: 58	[MsgId: MMSG-17999]
2022-08-11 02:52:23.642 :   Account: jojo10/bean10	[MsgId: MMSG-17999]
2022-08-11 02:52:33.162 :   Login completed	[MsgId: MMSG-17999]
2022-08-11 02:52:38.784 :   Logout completed	[MsgId: MMSG-17999]
2022-08-11 02:54:29.653 : - Iteration: 59	[MsgId: MMSG-17999]
2022-08-11 02:54:29.654 :   Account: jojo10/bean10	[MsgId: MMSG-17999]
2022-08-11 02:54:36.377 :   Login completed	[MsgId: MMSG-17999]
2022-08-11 02:54:42.993 :   Logout completed	[MsgId: MMSG-17999]
2022-08-11 02:56:35.658 : - Iteration: 60	[MsgId: MMSG-17999]
2022-08-11 02:56:35.658 :   Account: jojo10/bean10	[MsgId: MMSG-17999]
2022-08-11 02:56:50.112 :   Login completed	[MsgId: MMSG-17999]
2022-08-11 02:56:53.147 :   Logout completed	[MsgId: MMSG-17999]
2022-08-11 02:58:41.659 : - Iteration: 61	[MsgId: MMSG-17999]
2022-08-11 02:58:41.659 :   Account: jojo10/bean10	[MsgId: MMSG-17999]
2022-08-11 02:58:50.836 :   Login completed	[MsgId: MMSG-17999]
2022-08-11 02:58:56.351 :   Logout completed	[MsgId: MMSG-17999]
2022-08-11 03:00:47.660 : - Iteration: 62	[MsgId: MMSG-17999]
2022-08-11 03:00:47.660 :   Account: jojo10/bean10	[MsgId: MMSG-17999]
2022-08-11 03:01:01.744 :   Login completed	[MsgId: MMSG-17999]
2022-08-11 03:01:06.857 :   Logout completed	[MsgId: MMSG-17999]
2022-08-11 03:02:53.665 : - Iteration: 63	[MsgId: MMSG-17999]
2022-08-11 03:02:53.665 :   Account: jojo10/bean10	[MsgId: MMSG-17999]
2022-08-11 03:03:06.111 :   Login completed	[MsgId: MMSG-17999]
2022-08-11 03:03:09.146 :   Logout completed	[MsgId: MMSG-17999]
2022-08-11 03:04:59.676 : - Iteration: 64	[MsgId: MMSG-17999]
2022-08-11 03:04:59.676 :   Account: jojo10/bean10	[MsgId: MMSG-17999]
2022-08-11 03:05:09.339 :   Login completed	[MsgId: MMSG-17999]
2022-08-11 03:05:14.101 :   Logout completed	[MsgId: MMSG-17999]
2022-08-11 03:07:05.684 : - Iteration: 65	[MsgId: MMSG-17999]
2022-08-11 03:07:05.685 :   Account: jojo10/bean10	[MsgId: MMSG-17999]
2022-08-11 03:07:13.515 :   Login completed	[MsgId: MMSG-17999]
2022-08-11 03:07:18.982 :   Logout completed	[MsgId: MMSG-17999]
2022-08-11 03:09:11.689 : - Iteration: 66	[MsgId: MMSG-17999]
2022-08-11 03:09:11.690 :   Account: jojo10/bean10	[MsgId: MMSG-17999]
2022-08-11 03:09:25.579 :   Login completed	[MsgId: MMSG-17999]
2022-08-11 03:09:29.514 :   Logout completed	[MsgId: MMSG-17999]
2022-08-11 03:11:17.691 : - Iteration: 67	[MsgId: MMSG-17999]
2022-08-11 03:11:17.692 :   Account: jojo10/bean10	[MsgId: MMSG-17999]
2022-08-11 03:11:30.832 :   Login completed	[MsgId: MMSG-17999]
2022-08-11 03:11:34.858 :   Logout completed	[MsgId: MMSG-17999]
2022-08-11 03:13:23.703 : - Iteration: 68	[MsgId: MMSG-17999]
2022-08-11 03:13:23.704 :   Account: jojo10/bean10	[MsgId: MMSG-17999]
2022-08-11 03:13:35.237 :   Login completed	[MsgId: MMSG-17999]
2022-08-11 03:13:38.775 :   Logout completed	[MsgId: MMSG-17999]
2022-08-11 03:15:29.705 : - Iteration: 69	[MsgId: MMSG-17999]
2022-08-11 03:15:29.705 :   Account: jojo10/bean10	[MsgId: MMSG-17999]
2022-08-11 03:15:42.397 :   Login completed	[MsgId: MMSG-17999]
2022-08-11 03:15:45.450 :   Logout completed	[MsgId: MMSG-17999]
2022-08-11 03:17:35.718 : - Iteration: 70	[MsgId: MMSG-17999]
2022-08-11 03:17:35.718 :   Account: jojo10/bean10	[MsgId: MMSG-17999]
2022-08-11 03:17:49.138 :   Login completed	[MsgId: MMSG-17999]
2022-08-11 03:17:56.321 :   Logout completed	[MsgId: MMSG-17999]
2022-08-11 03:19:41.721 : - Iteration: 71	[MsgId: MMSG-17999]
2022-08-11 03:19:41.721 :   Account: jojo10/bean10	[MsgId: MMSG-17999]
2022-08-11 03:19:49.070 :   Login completed	[MsgId: MMSG-17999]
2022-08-11 03:19:54.987 :   Logout completed	[MsgId: MMSG-17999]
2022-08-11 03:21:47.729 : - Iteration: 72	[MsgId: MMSG-17999]
2022-08-11 03:21:47.730 :   Account: jojo10/bean10	[MsgId: MMSG-17999]
2022-08-11 03:21:55.364 :   Login completed	[MsgId: MMSG-17999]
2022-08-11 03:21:58.177 :   Logout completed	[MsgId: MMSG-17999]
2022-08-11 03:23:53.732 : - Iteration: 73	[MsgId: MMSG-17999]
2022-08-11 03:23:53.732 :   Account: jojo10/bean10	[MsgId: MMSG-17999]
2022-08-11 03:24:07.457 :   Login completed	[MsgId: MMSG-17999]
2022-08-11 03:24:13.860 :   Logout completed	[MsgId: MMSG-17999]
2022-08-11 03:25:59.743 : - Iteration: 74	[MsgId: MMSG-17999]
2022-08-11 03:25:59.744 :   Account: jojo10/bean10	[MsgId: MMSG-17999]
2022-08-11 03:26:11.762 :   Login completed	[MsgId: MMSG-17999]
2022-08-11 03:26:17.108 :   Logout completed	[MsgId: MMSG-17999]
2022-08-11 03:28:05.759 : - Iteration: 75	[MsgId: MMSG-17999]
2022-08-11 03:28:05.759 :   Account: jojo10/bean10	[MsgId: MMSG-17999]
2022-08-11 03:28:14.239 :   Login completed	[MsgId: MMSG-17999]
2022-08-11 03:28:20.950 :   Logout completed	[MsgId: MMSG-17999]
2022-08-11 03:30:11.771 : - Iteration: 76	[MsgId: MMSG-17999]
2022-08-11 03:30:11.772 :   Account: jojo10/bean10	[MsgId: MMSG-17999]
2022-08-11 03:30:19.273 :   Login completed	[MsgId: MMSG-17999]
2022-08-11 03:30:23.625 :   Logout completed	[MsgId: MMSG-17999]
2022-08-11 03:32:17.784 : - Iteration: 77	[MsgId: MMSG-17999]
2022-08-11 03:32:17.784 :   Account: jojo10/bean10	[MsgId: MMSG-17999]
2022-08-11 03:32:24.960 :   Login completed	[MsgId: MMSG-17999]
2022-08-11 03:32:29.140 :   Logout completed	[MsgId: MMSG-17999]
2022-08-11 03:34:23.792 : - Iteration: 78	[MsgId: MMSG-17999]
2022-08-11 03:34:23.792 :   Account: jojo10/bean10	[MsgId: MMSG-17999]
2022-08-11 03:34:30.749 :   Login completed	[MsgId: MMSG-17999]
2022-08-11 03:34:33.930 :   Logout completed	[MsgId: MMSG-17999]
2022-08-11 03:36:29.808 : - Iteration: 79	[MsgId: MMSG-17999]
2022-08-11 03:36:29.808 :   Account: jojo10/bean10	[MsgId: MMSG-17999]
2022-08-11 03:36:38.449 :   Login completed	[MsgId: MMSG-17999]
2022-08-11 03:36:43.436 :   Logout completed	[MsgId: MMSG-17999]
2022-08-11 03:38:35.817 : - Iteration: 80	[MsgId: MMSG-17999]
2022-08-11 03:38:35.818 :   Account: jojo10/bean10	[MsgId: MMSG-17999]
2022-08-11 03:38:49.737 :   Login completed	[MsgId: MMSG-17999]
2022-08-11 03:38:54.173 :   Logout completed	[MsgId: MMSG-17999]
2022-08-11 03:40:41.832 : - Iteration: 81	[MsgId: MMSG-17999]
2022-08-11 03:40:41.832 :   Account: jojo10/bean10	[MsgId: MMSG-17999]
2022-08-11 03:40:50.176 :   Login completed	[MsgId: MMSG-17999]
2022-08-11 03:40:55.080 :   Logout completed	[MsgId: MMSG-17999]
2022-08-11 03:42:47.837 : - Iteration: 82	[MsgId: MMSG-17999]
2022-08-11 03:42:47.837 :   Account: jojo10/bean10	[MsgId: MMSG-17999]
2022-08-11 03:42:57.950 :   Login completed	[MsgId: MMSG-17999]
2022-08-11 03:43:05.043 :   Logout completed	[MsgId: MMSG-17999]
2022-08-11 03:44:53.839 : - Iteration: 83	[MsgId: MMSG-17999]
2022-08-11 03:44:53.839 :   Account: jojo10/bean10	[MsgId: MMSG-17999]
2022-08-11 03:45:07.565 :   Login completed	[MsgId: MMSG-17999]
2022-08-11 03:45:13.311 :   Logout completed	[MsgId: MMSG-17999]
2022-08-11 03:46:59.851 : - Iteration: 84	[MsgId: MMSG-17999]
2022-08-11 03:46:59.851 :   Account: jojo10/bean10	[MsgId: MMSG-17999]
2022-08-11 03:47:11.326 :   Login completed	[MsgId: MMSG-17999]
2022-08-11 03:47:16.870 :   Logout completed	[MsgId: MMSG-17999]
2022-08-11 03:49:05.852 : - Iteration: 85	[MsgId: MMSG-17999]
2022-08-11 03:49:05.852 :   Account: jojo10/bean10	[MsgId: MMSG-17999]
2022-08-11 03:49:21.253 :   Login completed	[MsgId: MMSG-17999]
2022-08-11 03:49:26.763 :   Logout completed	[MsgId: MMSG-17999]
2022-08-11 03:51:11.867 : - Iteration: 86	[MsgId: MMSG-17999]
2022-08-11 03:51:11.868 :   Account: jojo10/bean10	[MsgId: MMSG-17999]
2022-08-11 03:51:20.505 :   Login completed	[MsgId: MMSG-17999]
2022-08-11 03:51:23.531 :   Logout completed	[MsgId: MMSG-17999]
2022-08-11 03:53:17.876 : - Iteration: 87	[MsgId: MMSG-17999]
2022-08-11 03:53:17.876 :   Account: jojo10/bean10	[MsgId: MMSG-17999]
2022-08-11 03:53:30.062 :   Login completed	[MsgId: MMSG-17999]
2022-08-11 03:53:33.424 :   Logout completed	[MsgId: MMSG-17999]
2022-08-11 03:55:23.890 : - Iteration: 88	[MsgId: MMSG-17999]
2022-08-11 03:55:23.890 :   Account: jojo10/bean10	[MsgId: MMSG-17999]
2022-08-11 03:55:29.740 :   Login completed	[MsgId: MMSG-17999]
2022-08-11 03:55:35.197 :   Logout completed	[MsgId: MMSG-17999]
2022-08-11 03:57:29.901 : - Iteration: 89	[MsgId: MMSG-17999]
2022-08-11 03:57:29.902 :   Account: jojo10/bean10	[MsgId: MMSG-17999]
2022-08-11 03:57:42.221 :   Login completed	[MsgId: MMSG-17999]
2022-08-11 03:57:47.482 :   Logout completed	[MsgId: MMSG-17999]
2022-08-11 03:59:35.904 : - Iteration: 90	[MsgId: MMSG-17999]
2022-08-11 03:59:35.904 :   Account: jojo10/bean10	[MsgId: MMSG-17999]
2022-08-11 03:59:43.640 :   Login completed	[MsgId: MMSG-17999]
2022-08-11 03:59:47.405 :   Logout completed	[MsgId: MMSG-17999]
2022-08-11 04:01:41.914 : - Iteration: 91	[MsgId: MMSG-17999]
2022-08-11 04:01:41.914 :   Account: jojo10/bean10	[MsgId: MMSG-17999]
2022-08-11 04:01:48.167 :   Login completed	[MsgId: MMSG-17999]
2022-08-11 04:01:51.579 :   Logout completed	[MsgId: MMSG-17999]
2022-08-11 04:03:47.928 : - Iteration: 92	[MsgId: MMSG-17999]
2022-08-11 04:03:47.929 :   Account: jojo10/bean10	[MsgId: MMSG-17999]
2022-08-11 04:03:56.596 :   Login completed	[MsgId: MMSG-17999]
2022-08-11 04:04:02.260 :   Logout completed	[MsgId: MMSG-17999]
2022-08-11 04:05:53.937 : - Iteration: 93	[MsgId: MMSG-17999]
2022-08-11 04:05:53.938 :   Account: jojo10/bean10	[MsgId: MMSG-17999]
2022-08-11 04:05:59.866 :   Login completed	[MsgId: MMSG-17999]
2022-08-11 04:06:03.689 :   Logout completed	[MsgId: MMSG-17999]
2022-08-11 04:07:59.939 : - Iteration: 94	[MsgId: MMSG-17999]
2022-08-11 04:07:59.939 :   Account: jojo10/bean10	[MsgId: MMSG-17999]
2022-08-11 04:08:14.134 :   Login completed	[MsgId: MMSG-17999]
2022-08-11 04:08:18.177 :   Logout completed	[MsgId: MMSG-17999]
2022-08-11 04:10:05.944 : - Iteration: 95	[MsgId: MMSG-17999]
2022-08-11 04:10:05.944 :   Account: jojo10/bean10	[MsgId: MMSG-17999]
2022-08-11 04:10:18.440 :   Login completed	[MsgId: MMSG-17999]
2022-08-11 04:10:23.670 :   Logout completed	[MsgId: MMSG-17999]
2022-08-11 04:12:11.954 : - Iteration: 96	[MsgId: MMSG-17999]
2022-08-11 04:12:11.954 :   Account: jojo10/bean10	[MsgId: MMSG-17999]
2022-08-11 04:12:18.807 :   Login completed	[MsgId: MMSG-17999]
2022-08-11 04:12:24.540 :   Logout completed	[MsgId: MMSG-17999]
2022-08-11 04:14:17.967 : - Iteration: 97	[MsgId: MMSG-17999]
2022-08-11 04:14:17.967 :   Account: jojo10/bean10	[MsgId: MMSG-17999]
2022-08-11 04:14:32.113 :   Login completed	[MsgId: MMSG-17999]
2022-08-11 04:14:38.431 :   Logout completed	[MsgId: MMSG-17999]
2022-08-11 04:16:23.977 : - Iteration: 98	[MsgId: MMSG-17999]
2022-08-11 04:16:23.978 :   Account: jojo10/bean10	[MsgId: MMSG-17999]
2022-08-11 04:16:38.973 :   Login completed	[MsgId: MMSG-17999]
2022-08-11 04:16:45.116 :   Logout completed	[MsgId: MMSG-17999]
2022-08-11 04:18:29.982 : - Iteration: 99	[MsgId: MMSG-17999]
2022-08-11 04:18:29.982 :   Account: jojo10/bean10	[MsgId: MMSG-17999]
2022-08-11 04:18:35.845 :   Login completed	[MsgId: MMSG-17999]
2022-08-11 04:18:43.398 :   Logout completed	[MsgId: MMSG-17999]
2022-08-11 04:20:35.983 : - Iteration: 100	[MsgId: MMSG-17999]
2022-08-11 04:20:35.983 :   Account: jojo10/bean10	[MsgId: MMSG-17999]
2022-08-11 04:20:50.378 :   Login completed	[MsgId: MMSG-17999]
2022-08-11 04:20:55.654 :   Logout completed	[MsgId: MMSG-17999]
2022-08-11 04:22:41.997 : - Iteration: 101	[MsgId: MMSG-17999]
2022-08-11 04:22:41.997 :   Account: jojo10/bean10	[MsgId: MMSG-17999]
2022-08-11 04:22:57.465 :   Login completed	[MsgId: MMSG-17999]
2022-08-11 04:23:03.561 :   Logout completed	[MsgId: MMSG-17999]
2022-08-11 04:24:47.996 : - Iteration: 102	[MsgId: MMSG-17999]
2022-08-11 04:24:47.996 :   Account: jojo10/bean10	[MsgId: MMSG-17999]
2022-08-11 04:24:54.742 :   Login completed	[MsgId: MMSG-17999]
2022-08-11 04:25:00.501 :   Logout completed	[MsgId: MMSG-17999]
2022-08-11 04:26:53.998 : - Iteration: 103	[MsgId: MMSG-17999]
2022-08-11 04:26:53.999 :   Account: jojo10/bean10	[MsgId: MMSG-17999]
2022-08-11 04:27:03.902 :   Login completed	[MsgId: MMSG-17999]
2022-08-11 04:27:08.239 :   Logout completed	[MsgId: MMSG-17999]
2022-08-11 04:29:00.001 : - Iteration: 104	[MsgId: MMSG-17999]
2022-08-11 04:29:00.002 :   Account: jojo10/bean10	[MsgId: MMSG-17999]
2022-08-11 04:29:07.001 :   Login completed	[MsgId: MMSG-17999]
2022-08-11 04:29:09.969 :   Logout completed	[MsgId: MMSG-17999]
2022-08-11 04:31:06.009 : - Iteration: 105	[MsgId: MMSG-17999]
2022-08-11 04:31:06.009 :   Account: jojo10/bean10	[MsgId: MMSG-17999]
2022-08-11 04:31:18.285 :   Login completed	[MsgId: MMSG-17999]
2022-08-11 04:31:22.975 :   Logout completed	[MsgId: MMSG-17999]
2022-08-11 04:33:12.022 : - Iteration: 106	[MsgId: MMSG-17999]
2022-08-11 04:33:12.022 :   Account: jojo10/bean10	[MsgId: MMSG-17999]
2022-08-11 04:33:19.546 :   Login completed	[MsgId: MMSG-17999]
2022-08-11 04:33:25.343 :   Logout completed	[MsgId: MMSG-17999]
2022-08-11 04:35:18.031 : - Iteration: 107	[MsgId: MMSG-17999]
2022-08-11 04:35:18.031 :   Account: jojo10/bean10	[MsgId: MMSG-17999]
2022-08-11 04:35:23.758 :   Login completed	[MsgId: MMSG-17999]
2022-08-11 04:35:29.287 :   Logout completed	[MsgId: MMSG-17999]
2022-08-11 04:37:24.040 : - Iteration: 108	[MsgId: MMSG-17999]
2022-08-11 04:37:24.040 :   Account: jojo10/bean10	[MsgId: MMSG-17999]
2022-08-11 04:37:36.106 :   Login completed	[MsgId: MMSG-17999]
2022-08-11 04:37:43.109 :   Logout completed	[MsgId: MMSG-17999]
2022-08-11 04:39:30.041 : - Iteration: 109	[MsgId: MMSG-17999]
2022-08-11 04:39:30.042 :   Account: jojo10/bean10	[MsgId: MMSG-17999]
2022-08-11 04:39:41.671 :   Login completed	[MsgId: MMSG-17999]
2022-08-11 04:39:48.621 :   Logout completed	[MsgId: MMSG-17999]
2022-08-11 04:41:36.048 : - Iteration: 110	[MsgId: MMSG-17999]
2022-08-11 04:41:36.049 :   Account: jojo10/bean10	[MsgId: MMSG-17999]
2022-08-11 04:41:48.652 :   Login completed	[MsgId: MMSG-17999]
2022-08-11 04:41:53.733 :   Logout completed	[MsgId: MMSG-17999]
2022-08-11 04:43:42.058 : - Iteration: 111	[MsgId: MMSG-17999]
2022-08-11 04:43:42.058 :   Account: jojo10/bean10	[MsgId: MMSG-17999]
2022-08-11 04:43:48.349 :   Login completed	[MsgId: MMSG-17999]
2022-08-11 04:43:53.467 :   Logout completed	[MsgId: MMSG-17999]
2022-08-11 04:45:48.073 : - Iteration: 112	[MsgId: MMSG-17999]
2022-08-11 04:45:48.073 :   Account: jojo10/bean10	[MsgId: MMSG-17999]
2022-08-11 04:45:57.732 :   Login completed	[MsgId: MMSG-17999]
2022-08-11 04:46:04.049 :   Logout completed	[MsgId: MMSG-17999]
2022-08-11 04:47:54.087 : - Iteration: 113	[MsgId: MMSG-17999]
2022-08-11 04:47:54.087 :   Account: jojo10/bean10	[MsgId: MMSG-17999]
2022-08-11 04:48:00.499 :   Login completed	[MsgId: MMSG-17999]
2022-08-11 04:48:05.987 :   Logout completed	[MsgId: MMSG-17999]
2022-08-11 04:50:00.088 : - Iteration: 114	[MsgId: MMSG-17999]
2022-08-11 04:50:00.088 :   Account: jojo10/bean10	[MsgId: MMSG-17999]
2022-08-11 04:50:10.255 :   Login completed	[MsgId: MMSG-17999]
2022-08-11 04:50:18.032 :   Logout completed	[MsgId: MMSG-17999]
2022-08-11 04:52:06.091 : - Iteration: 115	[MsgId: MMSG-17999]
2022-08-11 04:52:06.091 :   Account: jojo10/bean10	[MsgId: MMSG-17999]
2022-08-11 04:52:20.994 :   Login completed	[MsgId: MMSG-17999]
2022-08-11 04:52:24.974 :   Logout completed	[MsgId: MMSG-17999]
2022-08-11 04:54:12.094 : - Iteration: 116	[MsgId: MMSG-17999]
2022-08-11 04:54:12.094 :   Account: jojo10/bean10	[MsgId: MMSG-17999]
2022-08-11 04:54:26.075 :   Login completed	[MsgId: MMSG-17999]
2022-08-11 04:54:32.484 :   Logout completed	[MsgId: MMSG-17999]
2022-08-11 04:56:18.101 : - Iteration: 117	[MsgId: MMSG-17999]
2022-08-11 04:56:18.101 :   Account: jojo10/bean10	[MsgId: MMSG-17999]
2022-08-11 04:56:29.880 :   Login completed	[MsgId: MMSG-17999]
2022-08-11 04:56:37.154 :   Logout completed	[MsgId: MMSG-17999]
2022-08-11 04:58:24.109 : - Iteration: 118	[MsgId: MMSG-17999]
2022-08-11 04:58:24.109 :   Account: jojo10/bean10	[MsgId: MMSG-17999]
2022-08-11 04:58:32.897 :   Login completed	[MsgId: MMSG-17999]
2022-08-11 04:58:36.166 :   Logout completed	[MsgId: MMSG-17999]
2022-08-11 05:00:30.117 : - Iteration: 119	[MsgId: MMSG-17999]
2022-08-11 05:00:30.117 :   Account: jojo10/bean10	[MsgId: MMSG-17999]
2022-08-11 05:00:43.688 :   Login completed	[MsgId: MMSG-17999]
2022-08-11 05:00:49.284 :   Logout completed	[MsgId: MMSG-17999]
2022-08-11 05:02:36.122 : - Iteration: 120	[MsgId: MMSG-17999]
2022-08-11 05:02:36.122 :   Account: jojo10/bean10	[MsgId: MMSG-17999]
2022-08-11 05:02:51.695 :   Login completed	[MsgId: MMSG-17999]
2022-08-11 05:02:57.301 :   Logout completed	[MsgId: MMSG-17999]
