2022-08-11 01:54:47.038 : URL = localhost:1080	[MsgId: MMSG-17999]
2022-08-11 01:54:47.071 : - Iteration: 1	[MsgId: MMSG-17999]
2022-08-11 01:54:47.071 :   Account: jojo41/bean41	[MsgId: MMSG-17999]
2022-08-11 01:54:53.102 :   Login completed	[MsgId: MMSG-17999]
2022-08-11 01:55:16.187 :   Logout completed	[MsgId: MMSG-17999]
2022-08-11 01:57:27.082 : - Iteration: 2	[MsgId: MMSG-17999]
2022-08-11 01:57:27.082 :   Account: jojo41/bean41	[MsgId: MMSG-17999]
2022-08-11 01:57:37.653 :   Login completed	[MsgId: MMSG-17999]
2022-08-11 01:58:04.990 :   Logout completed	[MsgId: MMSG-17999]
2022-08-11 02:00:07.089 : - Iteration: 3	[MsgId: MMSG-17999]
2022-08-11 02:00:07.089 :   Account: jojo41/bean41	[MsgId: MMSG-17999]
2022-08-11 02:00:20.930 :   Login completed	[MsgId: MMSG-17999]
2022-08-11 02:00:54.022 :   Logout completed	[MsgId: MMSG-17999]
2022-08-11 02:02:47.097 : - Iteration: 4	[MsgId: MMSG-17999]
2022-08-11 02:02:47.097 :   Account: jojo41/bean41	[MsgId: MMSG-17999]
2022-08-11 02:02:57.795 :   Login completed	[MsgId: MMSG-17999]
2022-08-11 02:03:24.684 :   Logout completed	[MsgId: MMSG-17999]
2022-08-11 02:05:27.097 : - Iteration: 5	[MsgId: MMSG-17999]
2022-08-11 02:05:27.097 :   Account: jojo41/bean41	[MsgId: MMSG-17999]
2022-08-11 02:05:38.629 :   Login completed	[MsgId: MMSG-17999]
2022-08-11 02:05:59.887 :   Logout completed	[MsgId: MMSG-17999]
2022-08-11 02:08:07.104 : - Iteration: 6	[MsgId: MMSG-17999]
2022-08-11 02:08:07.104 :   Account: jojo41/bean41	[MsgId: MMSG-17999]
2022-08-11 02:08:17.192 :   Login completed	[MsgId: MMSG-17999]
2022-08-11 02:08:43.089 :   Logout completed	[MsgId: MMSG-17999]
2022-08-11 02:10:47.108 : - Iteration: 7	[MsgId: MMSG-17999]
2022-08-11 02:10:47.109 :   Account: jojo41/bean41	[MsgId: MMSG-17999]
2022-08-11 02:10:54.005 :   Login completed	[MsgId: MMSG-17999]
2022-08-11 02:11:32.309 :   Logout completed	[MsgId: MMSG-17999]
2022-08-11 02:13:27.110 : - Iteration: 8	[MsgId: MMSG-17999]
2022-08-11 02:13:27.111 :   Account: jojo41/bean41	[MsgId: MMSG-17999]
2022-08-11 02:13:42.429 :   Login completed	[MsgId: MMSG-17999]
2022-08-11 02:14:04.539 :   Logout completed	[MsgId: MMSG-17999]
2022-08-11 02:16:07.119 : - Iteration: 9	[MsgId: MMSG-17999]
2022-08-11 02:16:07.119 :   Account: jojo41/bean41	[MsgId: MMSG-17999]
2022-08-11 02:16:21.305 :   Login completed	[MsgId: MMSG-17999]
2022-08-11 02:16:50.060 :   Logout completed	[MsgId: MMSG-17999]
2022-08-11 02:18:47.126 : - Iteration: 10	[MsgId: MMSG-17999]
2022-08-11 02:18:47.126 :   Account: jojo41/bean41	[MsgId: MMSG-17999]
2022-08-11 02:19:02.099 :   Login completed	[MsgId: MMSG-17999]
2022-08-11 02:19:32.127 :   Logout completed	[MsgId: MMSG-17999]
2022-08-11 02:21:27.141 : - Iteration: 11	[MsgId: MMSG-17999]
2022-08-11 02:21:27.141 :   Account: jojo41/bean41	[MsgId: MMSG-17999]
2022-08-11 02:21:37.493 :   Login completed	[MsgId: MMSG-17999]
2022-08-11 02:22:03.633 :   Logout completed	[MsgId: MMSG-17999]
2022-08-11 02:24:07.148 : - Iteration: 12	[MsgId: MMSG-17999]
2022-08-11 02:24:07.149 :   Account: jojo41/bean41	[MsgId: MMSG-17999]
2022-08-11 02:24:21.700 :   Login completed	[MsgId: MMSG-17999]
2022-08-11 02:24:47.616 :   Logout completed	[MsgId: MMSG-17999]
2022-08-11 02:26:47.156 : - Iteration: 13	[MsgId: MMSG-17999]
2022-08-11 02:26:47.157 :   Account: jojo41/bean41	[MsgId: MMSG-17999]
2022-08-11 02:26:53.842 :   Login completed	[MsgId: MMSG-17999]
2022-08-11 02:27:19.965 :   Logout completed	[MsgId: MMSG-17999]
2022-08-11 02:29:27.157 : - Iteration: 14	[MsgId: MMSG-17999]
2022-08-11 02:29:27.157 :   Account: jojo41/bean41	[MsgId: MMSG-17999]
2022-08-11 02:29:39.809 :   Login completed	[MsgId: MMSG-17999]
2022-08-11 02:30:11.131 :   Logout completed	[MsgId: MMSG-17999]
2022-08-11 02:32:07.170 : - Iteration: 15	[MsgId: MMSG-17999]
2022-08-11 02:32:07.170 :   Account: jojo41/bean41	[MsgId: MMSG-17999]
2022-08-11 02:32:13.929 :   Login completed	[MsgId: MMSG-17999]
2022-08-11 02:32:40.799 :   Logout completed	[MsgId: MMSG-17999]
2022-08-11 02:34:47.177 : - Iteration: 16	[MsgId: MMSG-17999]
2022-08-11 02:34:47.177 :   Account: jojo41/bean41	[MsgId: MMSG-17999]
2022-08-11 02:34:53.668 :   Login completed	[MsgId: MMSG-17999]
2022-08-11 02:35:31.313 :   Logout completed	[MsgId: MMSG-17999]
2022-08-11 02:37:27.186 : - Iteration: 17	[MsgId: MMSG-17999]
2022-08-11 02:37:27.186 :   Account: jojo41/bean41	[MsgId: MMSG-17999]
2022-08-11 02:37:38.470 :   Login completed	[MsgId: MMSG-17999]
2022-08-11 02:38:15.319 :   Logout completed	[MsgId: MMSG-17999]
2022-08-11 02:40:07.195 : - Iteration: 18	[MsgId: MMSG-17999]
2022-08-11 02:40:07.196 :   Account: jojo41/bean41	[MsgId: MMSG-17999]
2022-08-11 02:40:20.041 :   Login completed	[MsgId: MMSG-17999]
2022-08-11 02:40:56.107 :   Logout completed	[MsgId: MMSG-17999]
2022-08-11 02:42:47.204 : - Iteration: 19	[MsgId: MMSG-17999]
2022-08-11 02:42:47.205 :   Account: jojo41/bean41	[MsgId: MMSG-17999]
2022-08-11 02:42:53.208 :   Login completed	[MsgId: MMSG-17999]
2022-08-11 02:43:18.519 :   Logout completed	[MsgId: MMSG-17999]
2022-08-11 02:45:27.208 : - Iteration: 20	[MsgId: MMSG-17999]
2022-08-11 02:45:27.208 :   Account: jojo41/bean41	[MsgId: MMSG-17999]
2022-08-11 02:45:34.360 :   Login completed	[MsgId: MMSG-17999]
2022-08-11 02:46:02.002 :   Logout completed	[MsgId: MMSG-17999]
2022-08-11 02:48:07.214 : - Iteration: 21	[MsgId: MMSG-17999]
2022-08-11 02:48:07.215 :   Account: jojo41/bean41	[MsgId: MMSG-17999]
2022-08-11 02:48:19.324 :   Login completed	[MsgId: MMSG-17999]
2022-08-11 02:48:59.733 :   Logout completed	[MsgId: MMSG-17999]
2022-08-11 02:50:47.217 : - Iteration: 22	[MsgId: MMSG-17999]
2022-08-11 02:50:47.217 :   Account: jojo41/bean41	[MsgId: MMSG-17999]
2022-08-11 02:51:01.180 :   Login completed	[MsgId: MMSG-17999]
2022-08-11 02:51:29.688 :   Logout completed	[MsgId: MMSG-17999]
2022-08-11 02:53:27.217 : - Iteration: 23	[MsgId: MMSG-17999]
2022-08-11 02:53:27.217 :   Account: jojo41/bean41	[MsgId: MMSG-17999]
2022-08-11 02:53:34.832 :   Login completed	[MsgId: MMSG-17999]
2022-08-11 02:54:05.820 :   Logout completed	[MsgId: MMSG-17999]
2022-08-11 02:56:07.226 : - Iteration: 24	[MsgId: MMSG-17999]
2022-08-11 02:56:07.227 :   Account: jojo41/bean41	[MsgId: MMSG-17999]
2022-08-11 02:56:17.119 :   Login completed	[MsgId: MMSG-17999]
2022-08-11 02:56:51.781 :   Logout completed	[MsgId: MMSG-17999]
2022-08-11 02:58:47.233 : - Iteration: 25	[MsgId: MMSG-17999]
2022-08-11 02:58:47.233 :   Account: jojo41/bean41	[MsgId: MMSG-17999]
2022-08-11 02:58:55.346 :   Login completed	[MsgId: MMSG-17999]
2022-08-11 02:59:25.804 :   Logout completed	[MsgId: MMSG-17999]
2022-08-11 03:01:27.238 : - Iteration: 26	[MsgId: MMSG-17999]
2022-08-11 03:01:27.238 :   Account: jojo41/bean41	[MsgId: MMSG-17999]
2022-08-11 03:01:37.448 :   Login completed	[MsgId: MMSG-17999]
2022-08-11 03:02:01.383 :   Logout completed	[MsgId: MMSG-17999]
2022-08-11 03:04:07.248 : - Iteration: 27	[MsgId: MMSG-17999]
2022-08-11 03:04:07.248 :   Account: jojo41/bean41	[MsgId: MMSG-17999]
2022-08-11 03:04:17.494 :   Login completed	[MsgId: MMSG-17999]
2022-08-11 03:04:48.111 :   Logout completed	[MsgId: MMSG-17999]
2022-08-11 03:06:47.260 : - Iteration: 28	[MsgId: MMSG-17999]
2022-08-11 03:06:47.261 :   Account: jojo41/bean41	[MsgId: MMSG-17999]
2022-08-11 03:07:02.179 :   Login completed	[MsgId: MMSG-17999]
2022-08-11 03:07:29.185 :   Logout completed	[MsgId: MMSG-17999]
2022-08-11 03:09:27.267 : - Iteration: 29	[MsgId: MMSG-17999]
2022-08-11 03:09:27.268 :   Account: jojo41/bean41	[MsgId: MMSG-17999]
2022-08-11 03:09:42.534 :   Login completed	[MsgId: MMSG-17999]
2022-08-11 03:10:13.131 :   Logout completed	[MsgId: MMSG-17999]
2022-08-11 03:12:07.273 : - Iteration: 30	[MsgId: MMSG-17999]
2022-08-11 03:12:07.274 :   Account: jojo41/bean41	[MsgId: MMSG-17999]
2022-08-11 03:12:21.202 :   Login completed	[MsgId: MMSG-17999]
2022-08-11 03:12:50.397 :   Logout completed	[MsgId: MMSG-17999]
2022-08-11 03:14:47.282 : - Iteration: 31	[MsgId: MMSG-17999]
2022-08-11 03:14:47.282 :   Account: jojo41/bean41	[MsgId: MMSG-17999]
2022-08-11 03:14:58.427 :   Login completed	[MsgId: MMSG-17999]
2022-08-11 03:15:38.373 :   Logout completed	[MsgId: MMSG-17999]
2022-08-11 03:17:27.289 : - Iteration: 32	[MsgId: MMSG-17999]
2022-08-11 03:17:27.290 :   Account: jojo41/bean41	[MsgId: MMSG-17999]
2022-08-11 03:17:38.784 :   Login completed	[MsgId: MMSG-17999]
2022-08-11 03:18:04.703 :   Logout completed	[MsgId: MMSG-17999]
2022-08-11 03:20:07.303 : - Iteration: 33	[MsgId: MMSG-17999]
2022-08-11 03:20:07.303 :   Account: jojo41/bean41	[MsgId: MMSG-17999]
2022-08-11 03:20:15.399 :   Login completed	[MsgId: MMSG-17999]
2022-08-11 03:20:48.403 :   Logout completed	[MsgId: MMSG-17999]
2022-08-11 03:22:47.302 : - Iteration: 34	[MsgId: MMSG-17999]
2022-08-11 03:22:47.303 :   Account: jojo41/bean41	[MsgId: MMSG-17999]
2022-08-11 03:23:02.639 :   Login completed	[MsgId: MMSG-17999]
2022-08-11 03:23:36.843 :   Logout completed	[MsgId: MMSG-17999]
2022-08-11 03:25:27.580 : - Iteration: 35	[MsgId: MMSG-17999]
2022-08-11 03:25:27.581 :   Account: jojo41/bean41	[MsgId: MMSG-17999]
2022-08-11 03:25:34.520 :   Login completed	[MsgId: MMSG-17999]
2022-08-11 03:26:01.675 :   Logout completed	[MsgId: MMSG-17999]
2022-08-11 03:28:07.591 : - Iteration: 36	[MsgId: MMSG-17999]
2022-08-11 03:28:07.591 :   Account: jojo41/bean41	[MsgId: MMSG-17999]
2022-08-11 03:28:14.837 :   Login completed	[MsgId: MMSG-17999]
2022-08-11 03:28:42.370 :   Logout completed	[MsgId: MMSG-17999]
2022-08-11 03:30:47.594 : - Iteration: 37	[MsgId: MMSG-17999]
2022-08-11 03:30:47.595 :   Account: jojo41/bean41	[MsgId: MMSG-17999]
2022-08-11 03:31:00.652 :   Login completed	[MsgId: MMSG-17999]
2022-08-11 03:31:26.889 :   Logout completed	[MsgId: MMSG-17999]
2022-08-11 03:33:27.596 : - Iteration: 38	[MsgId: MMSG-17999]
2022-08-11 03:33:27.596 :   Account: jojo41/bean41	[MsgId: MMSG-17999]
2022-08-11 03:33:34.680 :   Login completed	[MsgId: MMSG-17999]
2022-08-11 03:34:02.183 :   Logout completed	[MsgId: MMSG-17999]
2022-08-11 03:36:07.600 : - Iteration: 39	[MsgId: MMSG-17999]
2022-08-11 03:36:07.601 :   Account: jojo41/bean41	[MsgId: MMSG-17999]
2022-08-11 03:36:18.315 :   Login completed	[MsgId: MMSG-17999]
2022-08-11 03:36:59.562 :   Logout completed	[MsgId: MMSG-17999]
2022-08-11 03:38:47.613 : - Iteration: 40	[MsgId: MMSG-17999]
2022-08-11 03:38:47.613 :   Account: jojo41/bean41	[MsgId: MMSG-17999]
2022-08-11 03:39:03.271 :   Login completed	[MsgId: MMSG-17999]
2022-08-11 03:39:32.364 :   Logout completed	[MsgId: MMSG-17999]
2022-08-11 03:41:27.618 : - Iteration: 41	[MsgId: MMSG-17999]
2022-08-11 03:41:27.618 :   Account: jojo41/bean41	[MsgId: MMSG-17999]
2022-08-11 03:41:40.077 :   Login completed	[MsgId: MMSG-17999]
2022-08-11 03:42:11.260 :   Logout completed	[MsgId: MMSG-17999]
2022-08-11 03:44:07.628 : - Iteration: 42	[MsgId: MMSG-17999]
2022-08-11 03:44:07.628 :   Account: jojo41/bean41	[MsgId: MMSG-17999]
2022-08-11 03:44:22.666 :   Login completed	[MsgId: MMSG-17999]
2022-08-11 03:44:53.882 :   Logout completed	[MsgId: MMSG-17999]
2022-08-11 03:46:47.629 : - Iteration: 43	[MsgId: MMSG-17999]
2022-08-11 03:46:47.630 :   Account: jojo41/bean41	[MsgId: MMSG-17999]
2022-08-11 03:46:53.959 :   Login completed	[MsgId: MMSG-17999]
2022-08-11 03:47:16.414 :   Logout completed	[MsgId: MMSG-17999]
2022-08-11 03:49:27.642 : - Iteration: 44	[MsgId: MMSG-17999]
2022-08-11 03:49:27.642 :   Account: jojo41/bean41	[MsgId: MMSG-17999]
2022-08-11 03:49:38.147 :   Login completed	[MsgId: MMSG-17999]
2022-08-11 03:50:06.602 :   Logout completed	[MsgId: MMSG-17999]
2022-08-11 03:52:07.651 : - Iteration: 45	[MsgId: MMSG-17999]
2022-08-11 03:52:07.652 :   Account: jojo41/bean41	[MsgId: MMSG-17999]
2022-08-11 03:52:13.518 :   Login completed	[MsgId: MMSG-17999]
2022-08-11 03:52:48.723 :   Logout completed	[MsgId: MMSG-17999]
2022-08-11 03:54:47.662 : - Iteration: 46	[MsgId: MMSG-17999]
2022-08-11 03:54:47.662 :   Account: jojo41/bean41	[MsgId: MMSG-17999]
2022-08-11 03:54:56.287 :   Login completed	[MsgId: MMSG-17999]
2022-08-11 03:55:32.212 :   Logout completed	[MsgId: MMSG-17999]
2022-08-11 03:57:27.673 : - Iteration: 47	[MsgId: MMSG-17999]
2022-08-11 03:57:27.674 :   Account: jojo41/bean41	[MsgId: MMSG-17999]
2022-08-11 03:57:37.324 :   Login completed	[MsgId: MMSG-17999]
2022-08-11 03:58:11.254 :   Logout completed	[MsgId: MMSG-17999]
2022-08-11 04:00:07.677 : - Iteration: 48	[MsgId: MMSG-17999]
2022-08-11 04:00:07.678 :   Account: jojo41/bean41	[MsgId: MMSG-17999]
2022-08-11 04:00:20.413 :   Login completed	[MsgId: MMSG-17999]
2022-08-11 04:00:46.970 :   Logout completed	[MsgId: MMSG-17999]
2022-08-11 04:02:47.682 : - Iteration: 49	[MsgId: MMSG-17999]
2022-08-11 04:02:47.682 :   Account: jojo41/bean41	[MsgId: MMSG-17999]
2022-08-11 04:02:56.640 :   Login completed	[MsgId: MMSG-17999]
2022-08-11 04:03:25.594 :   Logout completed	[MsgId: MMSG-17999]
2022-08-11 04:05:27.694 : - Iteration: 50	[MsgId: MMSG-17999]
2022-08-11 04:05:27.695 :   Account: jojo41/bean41	[MsgId: MMSG-17999]
2022-08-11 04:05:34.723 :   Login completed	[MsgId: MMSG-17999]
2022-08-11 04:06:04.607 :   Logout completed	[MsgId: MMSG-17999]
2022-08-11 04:08:07.706 : - Iteration: 51	[MsgId: MMSG-17999]
2022-08-11 04:08:07.706 :   Account: jojo41/bean41	[MsgId: MMSG-17999]
2022-08-11 04:08:18.609 :   Login completed	[MsgId: MMSG-17999]
2022-08-11 04:08:51.874 :   Logout completed	[MsgId: MMSG-17999]
2022-08-11 04:10:47.716 : - Iteration: 52	[MsgId: MMSG-17999]
2022-08-11 04:10:47.716 :   Account: jojo41/bean41	[MsgId: MMSG-17999]
2022-08-11 04:10:59.140 :   Login completed	[MsgId: MMSG-17999]
2022-08-11 04:11:28.234 :   Logout completed	[MsgId: MMSG-17999]
2022-08-11 04:13:27.715 : - Iteration: 53	[MsgId: MMSG-17999]
2022-08-11 04:13:27.716 :   Account: jojo41/bean41	[MsgId: MMSG-17999]
2022-08-11 04:13:36.402 :   Login completed	[MsgId: MMSG-17999]
2022-08-11 04:14:06.431 :   Logout completed	[MsgId: MMSG-17999]
2022-08-11 04:16:07.721 : - Iteration: 54	[MsgId: MMSG-17999]
2022-08-11 04:16:07.721 :   Account: jojo41/bean41	[MsgId: MMSG-17999]
2022-08-11 04:16:13.563 :   Login completed	[MsgId: MMSG-17999]
2022-08-11 04:16:37.529 :   Logout completed	[MsgId: MMSG-17999]
2022-08-11 04:18:47.730 : - Iteration: 55	[MsgId: MMSG-17999]
2022-08-11 04:18:47.730 :   Account: jojo41/bean41	[MsgId: MMSG-17999]
2022-08-11 04:18:55.215 :   Login completed	[MsgId: MMSG-17999]
2022-08-11 04:19:23.842 :   Logout completed	[MsgId: MMSG-17999]
2022-08-11 04:21:27.730 : - Iteration: 56	[MsgId: MMSG-17999]
2022-08-11 04:21:27.730 :   Account: jojo41/bean41	[MsgId: MMSG-17999]
2022-08-11 04:21:33.565 :   Login completed	[MsgId: MMSG-17999]
2022-08-11 04:22:12.271 :   Logout completed	[MsgId: MMSG-17999]
2022-08-11 04:24:07.739 : - Iteration: 57	[MsgId: MMSG-17999]
2022-08-11 04:24:07.739 :   Account: jojo41/bean41	[MsgId: MMSG-17999]
2022-08-11 04:24:21.090 :   Login completed	[MsgId: MMSG-17999]
2022-08-11 04:24:57.970 :   Logout completed	[MsgId: MMSG-17999]
2022-08-11 04:26:47.746 : - Iteration: 58	[MsgId: MMSG-17999]
2022-08-11 04:26:47.746 :   Account: jojo41/bean41	[MsgId: MMSG-17999]
2022-08-11 04:26:56.473 :   Login completed	[MsgId: MMSG-17999]
2022-08-11 04:27:23.242 :   Logout completed	[MsgId: MMSG-17999]
2022-08-11 04:29:27.748 : - Iteration: 59	[MsgId: MMSG-17999]
2022-08-11 04:29:27.749 :   Account: jojo41/bean41	[MsgId: MMSG-17999]
2022-08-11 04:29:40.991 :   Login completed	[MsgId: MMSG-17999]
2022-08-11 04:30:14.307 :   Logout completed	[MsgId: MMSG-17999]
2022-08-11 04:32:07.750 : - Iteration: 60	[MsgId: MMSG-17999]
2022-08-11 04:32:07.751 :   Account: jojo41/bean41	[MsgId: MMSG-17999]
2022-08-11 04:32:15.660 :   Login completed	[MsgId: MMSG-17999]
2022-08-11 04:32:47.327 :   Logout completed	[MsgId: MMSG-17999]
2022-08-11 04:34:47.751 : - Iteration: 61	[MsgId: MMSG-17999]
2022-08-11 04:34:47.752 :   Account: jojo41/bean41	[MsgId: MMSG-17999]
2022-08-11 04:34:55.150 :   Login completed	[MsgId: MMSG-17999]
2022-08-11 04:35:23.003 :   Logout completed	[MsgId: MMSG-17999]
2022-08-11 04:37:27.763 : - Iteration: 62	[MsgId: MMSG-17999]
2022-08-11 04:37:27.763 :   Account: jojo41/bean41	[MsgId: MMSG-17999]
2022-08-11 04:37:42.147 :   Login completed	[MsgId: MMSG-17999]
2022-08-11 04:38:18.004 :   Logout completed	[MsgId: MMSG-17999]
2022-08-11 04:40:07.769 : - Iteration: 63	[MsgId: MMSG-17999]
2022-08-11 04:40:07.769 :   Account: jojo41/bean41	[MsgId: MMSG-17999]
2022-08-11 04:40:16.905 :   Login completed	[MsgId: MMSG-17999]
2022-08-11 04:40:54.133 :   Logout completed	[MsgId: MMSG-17999]
2022-08-11 04:42:47.783 : - Iteration: 64	[MsgId: MMSG-17999]
2022-08-11 04:42:47.783 :   Account: jojo41/bean41	[MsgId: MMSG-17999]
2022-08-11 04:43:02.819 :   Login completed	[MsgId: MMSG-17999]
2022-08-11 04:43:38.336 :   Logout completed	[MsgId: MMSG-17999]
2022-08-11 04:45:27.795 : - Iteration: 65	[MsgId: MMSG-17999]
2022-08-11 04:45:27.795 :   Account: jojo41/bean41	[MsgId: MMSG-17999]
2022-08-11 04:45:37.778 :   Login completed	[MsgId: MMSG-17999]
2022-08-11 04:46:00.046 :   Logout completed	[MsgId: MMSG-17999]
2022-08-11 04:48:07.802 : - Iteration: 66	[MsgId: MMSG-17999]
2022-08-11 04:48:07.803 :   Account: jojo41/bean41	[MsgId: MMSG-17999]
2022-08-11 04:48:17.240 :   Login completed	[MsgId: MMSG-17999]
2022-08-11 04:48:52.221 :   Logout completed	[MsgId: MMSG-17999]
2022-08-11 04:50:47.815 : - Iteration: 67	[MsgId: MMSG-17999]
2022-08-11 04:50:47.815 :   Account: jojo41/bean41	[MsgId: MMSG-17999]
2022-08-11 04:51:03.323 :   Login completed	[MsgId: MMSG-17999]
2022-08-11 04:51:36.682 :   Logout completed	[MsgId: MMSG-17999]
2022-08-11 04:53:27.815 : - Iteration: 68	[MsgId: MMSG-17999]
2022-08-11 04:53:27.816 :   Account: jojo41/bean41	[MsgId: MMSG-17999]
2022-08-11 04:53:33.963 :   Login completed	[MsgId: MMSG-17999]
2022-08-11 04:54:06.507 :   Logout completed	[MsgId: MMSG-17999]
2022-08-11 04:56:07.823 : - Iteration: 69	[MsgId: MMSG-17999]
2022-08-11 04:56:07.824 :   Account: jojo41/bean41	[MsgId: MMSG-17999]
2022-08-11 04:56:20.589 :   Login completed	[MsgId: MMSG-17999]
2022-08-11 04:56:56.987 :   Logout completed	[MsgId: MMSG-17999]
2022-08-11 04:58:47.839 : - Iteration: 70	[MsgId: MMSG-17999]
2022-08-11 04:58:47.839 :   Account: jojo41/bean41	[MsgId: MMSG-17999]
2022-08-11 04:58:59.006 :   Login completed	[MsgId: MMSG-17999]
2022-08-11 04:59:28.551 :   Logout completed	[MsgId: MMSG-17999]
2022-08-11 05:01:27.839 : - Iteration: 71	[MsgId: MMSG-17999]
2022-08-11 05:01:27.839 :   Account: jojo41/bean41	[MsgId: MMSG-17999]
2022-08-11 05:01:38.090 :   Login completed	[MsgId: MMSG-17999]
2022-08-11 05:02:11.833 :   Logout completed	[MsgId: MMSG-17999]
