2022-08-11 01:53:16.951 : URL = localhost:1080	[MsgId: MMSG-17999]
2022-08-11 01:53:16.964 : - Iteration: 1	[MsgId: MMSG-17999]
2022-08-11 01:53:16.964 :   Account: jojo40/bean40	[MsgId: MMSG-17999]
2022-08-11 01:53:23.566 :   Login completed	[MsgId: MMSG-17999]
2022-08-11 01:53:54.434 :   Logout completed	[MsgId: MMSG-17999]
2022-08-11 01:55:56.978 : - Iteration: 2	[MsgId: MMSG-17999]
2022-08-11 01:55:56.979 :   Account: jojo40/bean40	[MsgId: MMSG-17999]
2022-08-11 01:56:10.256 :   Login completed	[MsgId: MMSG-17999]
2022-08-11 01:56:33.408 :   Logout completed	[MsgId: MMSG-17999]
2022-08-11 01:58:36.980 : - Iteration: 3	[MsgId: MMSG-17999]
2022-08-11 01:58:36.980 :   Account: jojo40/bean40	[MsgId: MMSG-17999]
2022-08-11 01:58:46.040 :   Login completed	[MsgId: MMSG-17999]
2022-08-11 01:59:14.774 :   Logout completed	[MsgId: MMSG-17999]
2022-08-11 02:01:16.986 : - Iteration: 4	[MsgId: MMSG-17999]
2022-08-11 02:01:16.986 :   Account: jojo40/bean40	[MsgId: MMSG-17999]
2022-08-11 02:01:28.929 :   Login completed	[MsgId: MMSG-17999]
2022-08-11 02:01:53.009 :   Logout completed	[MsgId: MMSG-17999]
2022-08-11 02:03:56.996 : - Iteration: 5	[MsgId: MMSG-17999]
2022-08-11 02:03:56.997 :   Account: jojo40/bean40	[MsgId: MMSG-17999]
2022-08-11 02:04:07.779 :   Login completed	[MsgId: MMSG-17999]
2022-08-11 02:04:35.570 :   Logout completed	[MsgId: MMSG-17999]
2022-08-11 02:06:37.005 : - Iteration: 6	[MsgId: MMSG-17999]
2022-08-11 02:06:37.006 :   Account: jojo40/bean40	[MsgId: MMSG-17999]
2022-08-11 02:06:51.355 :   Login completed	[MsgId: MMSG-17999]
2022-08-11 02:07:24.339 :   Logout completed	[MsgId: MMSG-17999]
2022-08-11 02:09:17.010 : - Iteration: 7	[MsgId: MMSG-17999]
2022-08-11 02:09:17.010 :   Account: jojo40/bean40	[MsgId: MMSG-17999]
2022-08-11 02:09:28.064 :   Login completed	[MsgId: MMSG-17999]
2022-08-11 02:10:03.750 :   Logout completed	[MsgId: MMSG-17999]
2022-08-11 02:11:57.023 : - Iteration: 8	[MsgId: MMSG-17999]
2022-08-11 02:11:57.023 :   Account: jojo40/bean40	[MsgId: MMSG-17999]
2022-08-11 02:12:07.301 :   Login completed	[MsgId: MMSG-17999]
2022-08-11 02:12:35.628 :   Logout completed	[MsgId: MMSG-17999]
2022-08-11 02:14:37.029 : - Iteration: 9	[MsgId: MMSG-17999]
2022-08-11 02:14:37.029 :   Account: jojo40/bean40	[MsgId: MMSG-17999]
2022-08-11 02:14:51.844 :   Login completed	[MsgId: MMSG-17999]
2022-08-11 02:15:21.761 :   Logout completed	[MsgId: MMSG-17999]
2022-08-11 02:17:17.030 : - Iteration: 10	[MsgId: MMSG-17999]
2022-08-11 02:17:17.030 :   Account: jojo40/bean40	[MsgId: MMSG-17999]
2022-08-11 02:17:23.649 :   Login completed	[MsgId: MMSG-17999]
2022-08-11 02:17:48.774 :   Logout completed	[MsgId: MMSG-17999]
2022-08-11 02:19:57.035 : - Iteration: 11	[MsgId: MMSG-17999]
2022-08-11 02:19:57.035 :   Account: jojo40/bean40	[MsgId: MMSG-17999]
2022-08-11 02:20:04.646 :   Login completed	[MsgId: MMSG-17999]
2022-08-11 02:20:33.759 :   Logout completed	[MsgId: MMSG-17999]
2022-08-11 02:22:37.049 : - Iteration: 12	[MsgId: MMSG-17999]
2022-08-11 02:22:37.050 :   Account: jojo40/bean40	[MsgId: MMSG-17999]
2022-08-11 02:22:50.298 :   Login completed	[MsgId: MMSG-17999]
2022-08-11 02:23:16.403 :   Logout completed	[MsgId: MMSG-17999]
2022-08-11 02:25:17.059 : - Iteration: 13	[MsgId: MMSG-17999]
2022-08-11 02:25:17.060 :   Account: jojo40/bean40	[MsgId: MMSG-17999]
2022-08-11 02:25:31.398 :   Login completed	[MsgId: MMSG-17999]
2022-08-11 02:25:53.866 :   Logout completed	[MsgId: MMSG-17999]
2022-08-11 02:27:57.073 : - Iteration: 14	[MsgId: MMSG-17999]
2022-08-11 02:27:57.073 :   Account: jojo40/bean40	[MsgId: MMSG-17999]
2022-08-11 02:28:10.388 :   Login completed	[MsgId: MMSG-17999]
2022-08-11 02:28:47.897 :   Logout completed	[MsgId: MMSG-17999]
2022-08-11 02:30:37.073 : - Iteration: 15	[MsgId: MMSG-17999]
2022-08-11 02:30:37.074 :   Account: jojo40/bean40	[MsgId: MMSG-17999]
2022-08-11 02:30:49.765 :   Login completed	[MsgId: MMSG-17999]
2022-08-11 02:31:15.822 :   Logout completed	[MsgId: MMSG-17999]
2022-08-11 02:33:17.087 : - Iteration: 16	[MsgId: MMSG-17999]
2022-08-11 02:33:17.088 :   Account: jojo40/bean40	[MsgId: MMSG-17999]
2022-08-11 02:33:31.129 :   Login completed	[MsgId: MMSG-17999]
2022-08-11 02:34:05.698 :   Logout completed	[MsgId: MMSG-17999]
2022-08-11 02:35:57.091 : - Iteration: 17	[MsgId: MMSG-17999]
2022-08-11 02:35:57.092 :   Account: jojo40/bean40	[MsgId: MMSG-17999]
2022-08-11 02:36:04.552 :   Login completed	[MsgId: MMSG-17999]
2022-08-11 02:36:36.193 :   Logout completed	[MsgId: MMSG-17999]
2022-08-11 02:38:37.101 : - Iteration: 18	[MsgId: MMSG-17999]
2022-08-11 02:38:37.101 :   Account: jojo40/bean40	[MsgId: MMSG-17999]
2022-08-11 02:38:46.989 :   Login completed	[MsgId: MMSG-17999]
2022-08-11 02:39:17.642 :   Logout completed	[MsgId: MMSG-17999]
2022-08-11 02:41:17.106 : - Iteration: 19	[MsgId: MMSG-17999]
2022-08-11 02:41:17.107 :   Account: jojo40/bean40	[MsgId: MMSG-17999]
2022-08-11 02:41:29.458 :   Login completed	[MsgId: MMSG-17999]
2022-08-11 02:42:03.545 :   Logout completed	[MsgId: MMSG-17999]
2022-08-11 02:43:57.108 : - Iteration: 20	[MsgId: MMSG-17999]
2022-08-11 02:43:57.108 :   Account: jojo40/bean40	[MsgId: MMSG-17999]
2022-08-11 02:44:04.373 :   Login completed	[MsgId: MMSG-17999]
2022-08-11 02:44:37.279 :   Logout completed	[MsgId: MMSG-17999]
2022-08-11 02:46:37.123 : - Iteration: 21	[MsgId: MMSG-17999]
2022-08-11 02:46:37.123 :   Account: jojo40/bean40	[MsgId: MMSG-17999]
2022-08-11 02:46:49.184 :   Login completed	[MsgId: MMSG-17999]
2022-08-11 02:47:21.286 :   Logout completed	[MsgId: MMSG-17999]
2022-08-11 02:49:17.137 : - Iteration: 22	[MsgId: MMSG-17999]
2022-08-11 02:49:17.137 :   Account: jojo40/bean40	[MsgId: MMSG-17999]
2022-08-11 02:49:29.690 :   Login completed	[MsgId: MMSG-17999]
2022-08-11 02:50:02.972 :   Logout completed	[MsgId: MMSG-17999]
2022-08-11 02:51:57.149 : - Iteration: 23	[MsgId: MMSG-17999]
2022-08-11 02:51:57.149 :   Account: jojo40/bean40	[MsgId: MMSG-17999]
2022-08-11 02:52:07.997 :   Login completed	[MsgId: MMSG-17999]
2022-08-11 02:52:34.580 :   Logout completed	[MsgId: MMSG-17999]
2022-08-11 02:54:37.158 : - Iteration: 24	[MsgId: MMSG-17999]
2022-08-11 02:54:37.158 :   Account: jojo40/bean40	[MsgId: MMSG-17999]
2022-08-11 02:54:43.498 :   Login completed	[MsgId: MMSG-17999]
2022-08-11 02:55:12.246 :   Logout completed	[MsgId: MMSG-17999]
2022-08-11 02:57:17.160 : - Iteration: 25	[MsgId: MMSG-17999]
2022-08-11 02:57:17.161 :   Account: jojo40/bean40	[MsgId: MMSG-17999]
2022-08-11 02:57:26.975 :   Login completed	[MsgId: MMSG-17999]
2022-08-11 02:58:01.457 :   Logout completed	[MsgId: MMSG-17999]
2022-08-11 02:59:57.171 : - Iteration: 26	[MsgId: MMSG-17999]
2022-08-11 02:59:57.171 :   Account: jojo40/bean40	[MsgId: MMSG-17999]
2022-08-11 03:00:06.123 :   Login completed	[MsgId: MMSG-17999]
2022-08-11 03:00:41.888 :   Logout completed	[MsgId: MMSG-17999]
2022-08-11 03:02:37.172 : - Iteration: 27	[MsgId: MMSG-17999]
2022-08-11 03:02:37.172 :   Account: jojo40/bean40	[MsgId: MMSG-17999]
2022-08-11 03:02:51.632 :   Login completed	[MsgId: MMSG-17999]
2022-08-11 03:03:24.373 :   Logout completed	[MsgId: MMSG-17999]
2022-08-11 03:05:17.185 : - Iteration: 28	[MsgId: MMSG-17999]
2022-08-11 03:05:17.185 :   Account: jojo40/bean40	[MsgId: MMSG-17999]
2022-08-11 03:05:29.979 :   Login completed	[MsgId: MMSG-17999]
2022-08-11 03:06:06.795 :   Logout completed	[MsgId: MMSG-17999]
2022-08-11 03:07:57.196 : - Iteration: 29	[MsgId: MMSG-17999]
2022-08-11 03:07:57.197 :   Account: jojo40/bean40	[MsgId: MMSG-17999]
2022-08-11 03:08:09.701 :   Login completed	[MsgId: MMSG-17999]
2022-08-11 03:08:39.318 :   Logout completed	[MsgId: MMSG-17999]
2022-08-11 03:10:37.207 : - Iteration: 30	[MsgId: MMSG-17999]
2022-08-11 03:10:37.208 :   Account: jojo40/bean40	[MsgId: MMSG-17999]
2022-08-11 03:10:45.843 :   Login completed	[MsgId: MMSG-17999]
2022-08-11 03:11:11.917 :   Logout completed	[MsgId: MMSG-17999]
2022-08-11 03:13:17.221 : - Iteration: 31	[MsgId: MMSG-17999]
2022-08-11 03:13:17.222 :   Account: jojo40/bean40	[MsgId: MMSG-17999]
2022-08-11 03:13:29.676 :   Login completed	[MsgId: MMSG-17999]
2022-08-11 03:14:01.955 :   Logout completed	[MsgId: MMSG-17999]
2022-08-11 03:15:57.235 : - Iteration: 32	[MsgId: MMSG-17999]
2022-08-11 03:15:57.235 :   Account: jojo40/bean40	[MsgId: MMSG-17999]
2022-08-11 03:16:09.649 :   Login completed	[MsgId: MMSG-17999]
2022-08-11 03:16:43.124 :   Logout completed	[MsgId: MMSG-17999]
2022-08-11 03:18:37.250 : - Iteration: 33	[MsgId: MMSG-17999]
2022-08-11 03:18:37.250 :   Account: jojo40/bean40	[MsgId: MMSG-17999]
2022-08-11 03:18:52.621 :   Login completed	[MsgId: MMSG-17999]
2022-08-11 03:19:20.473 :   Logout completed	[MsgId: MMSG-17999]
2022-08-11 03:21:17.262 : - Iteration: 34	[MsgId: MMSG-17999]
2022-08-11 03:21:17.262 :   Account: jojo40/bean40	[MsgId: MMSG-17999]
2022-08-11 03:21:31.490 :   Login completed	[MsgId: MMSG-17999]
2022-08-11 03:22:02.361 :   Logout completed	[MsgId: MMSG-17999]
2022-08-11 03:23:57.266 : - Iteration: 35	[MsgId: MMSG-17999]
2022-08-11 03:23:57.267 :   Account: jojo40/bean40	[MsgId: MMSG-17999]
2022-08-11 03:24:04.721 :   Login completed	[MsgId: MMSG-17999]
2022-08-11 03:24:33.874 :   Logout completed	[MsgId: MMSG-17999]
2022-08-11 03:26:37.269 : - Iteration: 36	[MsgId: MMSG-17999]
2022-08-11 03:26:37.269 :   Account: jojo40/bean40	[MsgId: MMSG-17999]
2022-08-11 03:26:43.933 :   Login completed	[MsgId: MMSG-17999]
2022-08-11 03:27:22.622 :   Logout completed	[MsgId: MMSG-17999]
2022-08-11 03:29:17.272 : - Iteration: 37	[MsgId: MMSG-17999]
2022-08-11 03:29:17.273 :   Account: jojo40/bean40	[MsgId: MMSG-17999]
2022-08-11 03:29:23.188 :   Login completed	[MsgId: MMSG-17999]
2022-08-11 03:29:53.801 :   Logout completed	[MsgId: MMSG-17999]
2022-08-11 03:31:57.280 : - Iteration: 38	[MsgId: MMSG-17999]
2022-08-11 03:31:57.281 :   Account: jojo40/bean40	[MsgId: MMSG-17999]
2022-08-11 03:32:08.975 :   Login completed	[MsgId: MMSG-17999]
2022-08-11 03:32:48.807 :   Logout completed	[MsgId: MMSG-17999]
2022-08-11 03:34:37.288 : - Iteration: 39	[MsgId: MMSG-17999]
2022-08-11 03:34:37.289 :   Account: jojo40/bean40	[MsgId: MMSG-17999]
2022-08-11 03:34:52.234 :   Login completed	[MsgId: MMSG-17999]
2022-08-11 03:35:25.675 :   Logout completed	[MsgId: MMSG-17999]
2022-08-11 03:37:17.294 : - Iteration: 40	[MsgId: MMSG-17999]
2022-08-11 03:37:17.294 :   Account: jojo40/bean40	[MsgId: MMSG-17999]
2022-08-11 03:37:24.271 :   Login completed	[MsgId: MMSG-17999]
2022-08-11 03:37:55.201 :   Logout completed	[MsgId: MMSG-17999]
2022-08-11 03:39:57.295 : - Iteration: 41	[MsgId: MMSG-17999]
2022-08-11 03:39:57.295 :   Account: jojo40/bean40	[MsgId: MMSG-17999]
2022-08-11 03:40:10.961 :   Login completed	[MsgId: MMSG-17999]
2022-08-11 03:40:45.161 :   Logout completed	[MsgId: MMSG-17999]
2022-08-11 03:42:37.306 : - Iteration: 42	[MsgId: MMSG-17999]
2022-08-11 03:42:37.307 :   Account: jojo40/bean40	[MsgId: MMSG-17999]
2022-08-11 03:42:48.344 :   Login completed	[MsgId: MMSG-17999]
2022-08-11 03:43:21.979 :   Logout completed	[MsgId: MMSG-17999]
2022-08-11 03:45:17.316 : - Iteration: 43	[MsgId: MMSG-17999]
2022-08-11 03:45:17.317 :   Account: jojo40/bean40	[MsgId: MMSG-17999]
2022-08-11 03:45:30.151 :   Login completed	[MsgId: MMSG-17999]
2022-08-11 03:45:55.066 :   Logout completed	[MsgId: MMSG-17999]
2022-08-11 03:47:57.322 : - Iteration: 44	[MsgId: MMSG-17999]
2022-08-11 03:47:57.323 :   Account: jojo40/bean40	[MsgId: MMSG-17999]
2022-08-11 03:48:04.846 :   Login completed	[MsgId: MMSG-17999]
2022-08-11 03:48:30.419 :   Logout completed	[MsgId: MMSG-17999]
2022-08-11 03:50:37.334 : - Iteration: 45	[MsgId: MMSG-17999]
2022-08-11 03:50:37.334 :   Account: jojo40/bean40	[MsgId: MMSG-17999]
2022-08-11 03:50:46.069 :   Login completed	[MsgId: MMSG-17999]
2022-08-11 03:51:13.172 :   Logout completed	[MsgId: MMSG-17999]
2022-08-11 03:53:17.350 : - Iteration: 46	[MsgId: MMSG-17999]
2022-08-11 03:53:17.350 :   Account: jojo40/bean40	[MsgId: MMSG-17999]
2022-08-11 03:53:23.565 :   Login completed	[MsgId: MMSG-17999]
2022-08-11 03:53:54.123 :   Logout completed	[MsgId: MMSG-17999]
2022-08-11 03:55:57.361 : - Iteration: 47	[MsgId: MMSG-17999]
2022-08-11 03:55:57.361 :   Account: jojo40/bean40	[MsgId: MMSG-17999]
2022-08-11 03:56:11.446 :   Login completed	[MsgId: MMSG-17999]
2022-08-11 03:56:45.698 :   Logout completed	[MsgId: MMSG-17999]
2022-08-11 03:58:37.373 : - Iteration: 48	[MsgId: MMSG-17999]
2022-08-11 03:58:37.373 :   Account: jojo40/bean40	[MsgId: MMSG-17999]
2022-08-11 03:58:47.343 :   Login completed	[MsgId: MMSG-17999]
2022-08-11 03:59:22.621 :   Logout completed	[MsgId: MMSG-17999]
2022-08-11 04:01:17.383 : - Iteration: 49	[MsgId: MMSG-17999]
2022-08-11 04:01:17.384 :   Account: jojo40/bean40	[MsgId: MMSG-17999]
2022-08-11 04:01:23.027 :   Login completed	[MsgId: MMSG-17999]
2022-08-11 04:01:52.639 :   Logout completed	[MsgId: MMSG-17999]
2022-08-11 04:03:57.395 : - Iteration: 50	[MsgId: MMSG-17999]
2022-08-11 04:03:57.395 :   Account: jojo40/bean40	[MsgId: MMSG-17999]
2022-08-11 04:04:07.723 :   Login completed	[MsgId: MMSG-17999]
2022-08-11 04:04:41.277 :   Logout completed	[MsgId: MMSG-17999]
2022-08-11 04:06:37.397 : - Iteration: 51	[MsgId: MMSG-17999]
2022-08-11 04:06:37.398 :   Account: jojo40/bean40	[MsgId: MMSG-17999]
2022-08-11 04:06:51.274 :   Login completed	[MsgId: MMSG-17999]
2022-08-11 04:07:14.294 :   Logout completed	[MsgId: MMSG-17999]
2022-08-11 04:09:17.402 : - Iteration: 52	[MsgId: MMSG-17999]
2022-08-11 04:09:17.403 :   Account: jojo40/bean40	[MsgId: MMSG-17999]
2022-08-11 04:09:30.424 :   Login completed	[MsgId: MMSG-17999]
2022-08-11 04:09:57.043 :   Logout completed	[MsgId: MMSG-17999]
2022-08-11 04:11:57.408 : - Iteration: 53	[MsgId: MMSG-17999]
2022-08-11 04:11:57.409 :   Account: jojo40/bean40	[MsgId: MMSG-17999]
2022-08-11 04:12:06.070 :   Login completed	[MsgId: MMSG-17999]
2022-08-11 04:12:32.953 :   Logout completed	[MsgId: MMSG-17999]
2022-08-11 04:14:37.410 : - Iteration: 54	[MsgId: MMSG-17999]
2022-08-11 04:14:37.411 :   Account: jojo40/bean40	[MsgId: MMSG-17999]
2022-08-11 04:14:44.043 :   Login completed	[MsgId: MMSG-17999]
2022-08-11 04:15:05.599 :   Logout completed	[MsgId: MMSG-17999]
2022-08-11 04:17:17.410 : - Iteration: 55	[MsgId: MMSG-17999]
2022-08-11 04:17:17.410 :   Account: jojo40/bean40	[MsgId: MMSG-17999]
2022-08-11 04:17:30.078 :   Login completed	[MsgId: MMSG-17999]
2022-08-11 04:17:57.464 :   Logout completed	[MsgId: MMSG-17999]
2022-08-11 04:19:57.418 : - Iteration: 56	[MsgId: MMSG-17999]
2022-08-11 04:19:57.418 :   Account: jojo40/bean40	[MsgId: MMSG-17999]
2022-08-11 04:20:09.463 :   Login completed	[MsgId: MMSG-17999]
2022-08-11 04:20:39.765 :   Logout completed	[MsgId: MMSG-17999]
2022-08-11 04:22:37.424 : - Iteration: 57	[MsgId: MMSG-17999]
2022-08-11 04:22:37.424 :   Account: jojo40/bean40	[MsgId: MMSG-17999]
2022-08-11 04:22:45.797 :   Login completed	[MsgId: MMSG-17999]
2022-08-11 04:23:22.743 :   Logout completed	[MsgId: MMSG-17999]
2022-08-11 04:25:17.429 : - Iteration: 58	[MsgId: MMSG-17999]
2022-08-11 04:25:17.430 :   Account: jojo40/bean40	[MsgId: MMSG-17999]
2022-08-11 04:25:27.679 :   Login completed	[MsgId: MMSG-17999]
2022-08-11 04:25:59.653 :   Logout completed	[MsgId: MMSG-17999]
2022-08-11 04:27:57.438 : - Iteration: 59	[MsgId: MMSG-17999]
2022-08-11 04:27:57.438 :   Account: jojo40/bean40	[MsgId: MMSG-17999]
2022-08-11 04:28:07.153 :   Login completed	[MsgId: MMSG-17999]
2022-08-11 04:28:42.602 :   Logout completed	[MsgId: MMSG-17999]
2022-08-11 04:30:37.452 : - Iteration: 60	[MsgId: MMSG-17999]
2022-08-11 04:30:37.453 :   Account: jojo40/bean40	[MsgId: MMSG-17999]
2022-08-11 04:30:43.135 :   Login completed	[MsgId: MMSG-17999]
2022-08-11 04:31:16.298 :   Logout completed	[MsgId: MMSG-17999]
2022-08-11 04:33:17.454 : - Iteration: 61	[MsgId: MMSG-17999]
2022-08-11 04:33:17.454 :   Account: jojo40/bean40	[MsgId: MMSG-17999]
2022-08-11 04:33:28.726 :   Login completed	[MsgId: MMSG-17999]
2022-08-11 04:33:58.402 :   Logout completed	[MsgId: MMSG-17999]
2022-08-11 04:35:57.470 : - Iteration: 62	[MsgId: MMSG-17999]
2022-08-11 04:35:57.471 :   Account: jojo40/bean40	[MsgId: MMSG-17999]
2022-08-11 04:36:08.114 :   Login completed	[MsgId: MMSG-17999]
2022-08-11 04:36:49.168 :   Logout completed	[MsgId: MMSG-17999]
2022-08-11 04:38:37.481 : - Iteration: 63	[MsgId: MMSG-17999]
2022-08-11 04:38:37.481 :   Account: jojo40/bean40	[MsgId: MMSG-17999]
2022-08-11 04:38:52.760 :   Login completed	[MsgId: MMSG-17999]
2022-08-11 04:39:19.312 :   Logout completed	[MsgId: MMSG-17999]
2022-08-11 04:41:17.491 : - Iteration: 64	[MsgId: MMSG-17999]
2022-08-11 04:41:17.491 :   Account: jojo40/bean40	[MsgId: MMSG-17999]
2022-08-11 04:41:29.109 :   Login completed	[MsgId: MMSG-17999]
2022-08-11 04:41:49.695 :   Logout completed	[MsgId: MMSG-17999]
2022-08-11 04:43:57.495 : - Iteration: 65	[MsgId: MMSG-17999]
2022-08-11 04:43:57.495 :   Account: jojo40/bean40	[MsgId: MMSG-17999]
2022-08-11 04:44:03.151 :   Login completed	[MsgId: MMSG-17999]
2022-08-11 04:44:36.543 :   Logout completed	[MsgId: MMSG-17999]
2022-08-11 04:46:37.497 : - Iteration: 66	[MsgId: MMSG-17999]
2022-08-11 04:46:37.498 :   Account: jojo40/bean40	[MsgId: MMSG-17999]
2022-08-11 04:46:44.459 :   Login completed	[MsgId: MMSG-17999]
2022-08-11 04:47:18.470 :   Logout completed	[MsgId: MMSG-17999]
2022-08-11 04:49:17.499 : - Iteration: 67	[MsgId: MMSG-17999]
2022-08-11 04:49:17.500 :   Account: jojo40/bean40	[MsgId: MMSG-17999]
2022-08-11 04:49:27.892 :   Login completed	[MsgId: MMSG-17999]
2022-08-11 04:50:03.968 :   Logout completed	[MsgId: MMSG-17999]
2022-08-11 04:51:57.509 : - Iteration: 68	[MsgId: MMSG-17999]
2022-08-11 04:51:57.509 :   Account: jojo40/bean40	[MsgId: MMSG-17999]
2022-08-11 04:52:12.785 :   Login completed	[MsgId: MMSG-17999]
2022-08-11 04:52:36.549 :   Logout completed	[MsgId: MMSG-17999]
2022-08-11 04:54:37.516 : - Iteration: 69	[MsgId: MMSG-17999]
2022-08-11 04:54:37.516 :   Account: jojo40/bean40	[MsgId: MMSG-17999]
2022-08-11 04:54:44.885 :   Login completed	[MsgId: MMSG-17999]
2022-08-11 04:55:14.819 :   Logout completed	[MsgId: MMSG-17999]
2022-08-11 04:57:17.526 : - Iteration: 70	[MsgId: MMSG-17999]
2022-08-11 04:57:17.527 :   Account: jojo40/bean40	[MsgId: MMSG-17999]
2022-08-11 04:57:29.840 :   Login completed	[MsgId: MMSG-17999]
2022-08-11 04:57:58.078 :   Logout completed	[MsgId: MMSG-17999]
2022-08-11 04:59:57.539 : - Iteration: 71	[MsgId: MMSG-17999]
2022-08-11 04:59:57.540 :   Account: jojo40/bean40	[MsgId: MMSG-17999]
2022-08-11 05:00:08.914 :   Login completed	[MsgId: MMSG-17999]
2022-08-11 05:00:35.982 :   Logout completed	[MsgId: MMSG-17999]
