2022-08-11 01:50:21.766 : URL = localhost:1080	[MsgId: MMSG-17999]
2022-08-11 01:50:21.783 : - Iteration: 1	[MsgId: MMSG-17999]
2022-08-11 01:50:21.783 :   Account: jojo48/bean48	[MsgId: MMSG-17999]
2022-08-11 01:50:33.641 :   Login completed	[MsgId: MMSG-17999]
2022-08-11 01:51:16.690 :   Flights have been booked: outbound(flight ¹; price; date): 291;312;08/11/2022,return(flight ¹; price; date): 922;331;08/18/2022 for Jojo48 Bean48	[MsgId: MMSG-17999]
2022-08-11 01:51:31.466 :   Booking to delete: 1 booking 199047826-147895-JB	[MsgId: MMSG-17999]
2022-08-11 01:51:36.371 :   Logout completed	[MsgId: MMSG-17999]
2022-08-11 02:02:21.799 : - Iteration: 2	[MsgId: MMSG-17999]
2022-08-11 02:02:21.799 :   Account: jojo48/bean48	[MsgId: MMSG-17999]
2022-08-11 02:02:33.213 :   Login completed	[MsgId: MMSG-17999]
2022-08-11 02:03:18.350 :   Flights have been booked: outbound(flight ¹; price; date): 380;669;08/11/2022,return(flight ¹; price; date): 832;633;08/18/2022 for Jojo48 Bean48	[MsgId: MMSG-17999]
2022-08-11 02:03:45.224 :   Booking to delete: 1 booking 199051135-1409330-JB	[MsgId: MMSG-17999]
2022-08-11 02:03:52.115 :   Logout completed	[MsgId: MMSG-17999]
2022-08-11 02:14:21.815 : - Iteration: 3	[MsgId: MMSG-17999]
2022-08-11 02:14:21.815 :   Account: jojo48/bean48	[MsgId: MMSG-17999]
2022-08-11 02:14:30.235 :   Login completed	[MsgId: MMSG-17999]
2022-08-11 02:15:08.137 :   Flights have been booked: outbound(flight ¹; price; date): 011;498;08/11/2022,return(flight ¹; price; date): 102;529;08/18/2022 for Jojo48 Bean48	[MsgId: MMSG-17999]
2022-08-11 02:15:23.314 :   Booking to delete: 1 booking 199037462-847771-JB	[MsgId: MMSG-17999]
2022-08-11 02:15:28.132 :   Logout completed	[MsgId: MMSG-17999]
2022-08-11 02:26:21.827 : - Iteration: 4	[MsgId: MMSG-17999]
2022-08-11 02:26:21.827 :   Account: jojo48/bean48	[MsgId: MMSG-17999]
2022-08-11 02:26:35.243 :   Login completed	[MsgId: MMSG-17999]
2022-08-11 02:27:21.705 :   Flights have been booked: outbound(flight ¹; price; date): 322;1370;08/11/2022,return(flight ¹; price; date): 232;1370;08/18/2022 for Jojo48 Bean48	[MsgId: MMSG-17999]
2022-08-11 02:27:40.339 :   Booking to delete: 1 booking 1990489680-947903-JB	[MsgId: MMSG-17999]
2022-08-11 02:27:43.900 :   Logout completed	[MsgId: MMSG-17999]
2022-08-11 02:38:21.833 : - Iteration: 5	[MsgId: MMSG-17999]
2022-08-11 02:38:21.833 :   Account: jojo48/bean48	[MsgId: MMSG-17999]
2022-08-11 02:38:31.846 :   Login completed	[MsgId: MMSG-17999]
2022-08-11 02:39:10.971 :   Flights have been booked: outbound(flight ¹; price; date): 652;134;08/11/2022,return(flight ¹; price; date): 561;126;08/18/2022 for Jojo48 Bean48	[MsgId: MMSG-17999]
2022-08-11 02:39:27.023 :   Booking to delete: 1 booking 199061190-120096-JB	[MsgId: MMSG-17999]
2022-08-11 02:39:33.989 :   Logout completed	[MsgId: MMSG-17999]
2022-08-11 02:50:21.842 : - Iteration: 6	[MsgId: MMSG-17999]
2022-08-11 02:50:21.842 :   Account: jojo48/bean48	[MsgId: MMSG-17999]
2022-08-11 02:50:30.456 :   Login completed	[MsgId: MMSG-17999]
2022-08-11 02:51:14.102 :   Flights have been booked: outbound(flight ¹; price; date): 642;588;08/11/2022,return(flight ¹; price; date): 462;588;08/18/2022 for Jojo48 Bean48	[MsgId: MMSG-17999]
2022-08-11 02:51:27.447 :   Booking to delete: 1 booking 199060836-1124705-JB	[MsgId: MMSG-17999]
2022-08-11 02:51:34.305 :   Logout completed	[MsgId: MMSG-17999]
2022-08-11 03:02:21.849 : - Iteration: 7	[MsgId: MMSG-17999]
2022-08-11 03:02:21.850 :   Account: jojo48/bean48	[MsgId: MMSG-17999]
2022-08-11 03:02:34.531 :   Login completed	[MsgId: MMSG-17999]
2022-08-11 03:03:24.270 :   Flights have been booked: outbound(flight ¹; price; date): 231;688;08/11/2022,return(flight ¹; price; date): 320;773;08/18/2022 for Jojo48 Bean48	[MsgId: MMSG-17999]
2022-08-11 03:03:46.018 :   Booking to delete: 1 booking 199045618-1015497-JB	[MsgId: MMSG-17999]
2022-08-11 03:03:51.328 :   Logout completed	[MsgId: MMSG-17999]
2022-08-11 03:14:21.852 : - Iteration: 8	[MsgId: MMSG-17999]
2022-08-11 03:14:21.852 :   Account: jojo48/bean48	[MsgId: MMSG-17999]
2022-08-11 03:14:32.842 :   Login completed	[MsgId: MMSG-17999]
2022-08-11 03:15:08.158 :   Flights have been booked: outbound(flight ¹; price; date): 740;867;08/11/2022,return(flight ¹; price; date): 471;773;08/18/2022 for Jojo48 Bean48	[MsgId: MMSG-17999]
2022-08-11 03:15:28.905 :   Booking to delete: 1 booking 199064476-1131664-JB	[MsgId: MMSG-17999]
2022-08-11 03:15:35.039 :   Logout completed	[MsgId: MMSG-17999]
2022-08-11 03:26:21.862 : - Iteration: 9	[MsgId: MMSG-17999]
2022-08-11 03:26:21.863 :   Account: jojo48/bean48	[MsgId: MMSG-17999]
2022-08-11 03:26:31.428 :   Login completed	[MsgId: MMSG-17999]
2022-08-11 03:27:12.492 :   Flights have been booked: outbound(flight ¹; price; date): 182;2162;08/11/2022,return(flight ¹; price; date): 812;2162;08/18/2022 for Jojo48 Bean48	[MsgId: MMSG-17999]
2022-08-11 03:27:31.889 :   Booking to delete: 1 booking 1990437857-1394178-JB	[MsgId: MMSG-17999]
2022-08-11 03:27:38.829 :   Logout completed	[MsgId: MMSG-17999]
2022-08-11 03:38:21.868 : - Iteration: 10	[MsgId: MMSG-17999]
2022-08-11 03:38:21.869 :   Account: jojo48/bean48	[MsgId: MMSG-17999]
2022-08-11 03:38:36.925 :   Login completed	[MsgId: MMSG-17999]
2022-08-11 03:39:28.306 :   Flights have been booked: outbound(flight ¹; price; date): 352;271;08/11/2022,return(flight ¹; price; date): 531;255;08/18/2022 for Jojo48 Bean48	[MsgId: MMSG-17999]
2022-08-11 03:39:45.103 :   Booking to delete: 1 booking 199050084-117809-JB	[MsgId: MMSG-17999]
2022-08-11 03:39:52.048 :   Logout completed	[MsgId: MMSG-17999]
2022-08-11 03:50:21.876 : - Iteration: 11	[MsgId: MMSG-17999]
2022-08-11 03:50:21.876 :   Account: jojo48/bean48	[MsgId: MMSG-17999]
2022-08-11 03:50:27.789 :   Login completed	[MsgId: MMSG-17999]
2022-08-11 03:51:04.920 :   Flights have been booked: outbound(flight ¹; price; date): 100;723;08/11/2022,return(flight ¹; price; date): 012;684;08/18/2022 for Jojo48 Bean48	[MsgId: MMSG-17999]
2022-08-11 03:51:20.217 :   Booking to delete: 1 booking 199040767-778569-JB	[MsgId: MMSG-17999]
2022-08-11 03:51:23.310 :   Logout completed	[MsgId: MMSG-17999]
2022-08-11 04:02:21.881 : - Iteration: 12	[MsgId: MMSG-17999]
2022-08-11 04:02:21.882 :   Account: jojo48/bean48	[MsgId: MMSG-17999]
2022-08-11 04:02:27.712 :   Login completed	[MsgId: MMSG-17999]
2022-08-11 04:03:18.403 :   Flights have been booked: outbound(flight ¹; price; date): 312;214;08/11/2022,return(flight ¹; price; date): 131;290;08/18/2022 for Jojo48 Bean48	[MsgId: MMSG-17999]
2022-08-11 04:03:44.733 :   Booking to delete: 1 booking 199048600-87038-JB	[MsgId: MMSG-17999]
2022-08-11 04:03:49.733 :   Logout completed	[MsgId: MMSG-17999]
2022-08-11 04:14:21.890 : - Iteration: 13	[MsgId: MMSG-17999]
2022-08-11 04:14:21.891 :   Account: jojo48/bean48	[MsgId: MMSG-17999]
2022-08-11 04:14:36.731 :   Login completed	[MsgId: MMSG-17999]
2022-08-11 04:15:23.606 :   Flights have been booked: outbound(flight ¹; price; date): 570;64;08/11/2022,return(flight ¹; price; date): 751;57;08/18/2022 for Jojo48 Bean48	[MsgId: MMSG-17999]
2022-08-11 04:15:44.917 :   Booking to delete: 1 booking 19905817-134701-JB	[MsgId: MMSG-17999]
2022-08-11 04:15:52.059 :   Logout completed	[MsgId: MMSG-17999]
2022-08-11 04:26:21.895 : - Iteration: 14	[MsgId: MMSG-17999]
2022-08-11 04:26:21.895 :   Account: jojo48/bean48	[MsgId: MMSG-17999]
2022-08-11 04:26:34.489 :   Login completed	[MsgId: MMSG-17999]
2022-08-11 04:27:23.157 :   Flights have been booked: outbound(flight ¹; price; date): 342;778;08/11/2022,return(flight ¹; price; date): 430;822;08/18/2022 for Jojo48 Bean48	[MsgId: MMSG-17999]
2022-08-11 04:27:46.385 :   Booking to delete: 1 booking 199049732-1100123-JB	[MsgId: MMSG-17999]
2022-08-11 04:27:54.131 :   Logout completed	[MsgId: MMSG-17999]
2022-08-11 04:38:21.905 : - Iteration: 15	[MsgId: MMSG-17999]
2022-08-11 04:38:21.905 :   Account: jojo48/bean48	[MsgId: MMSG-17999]
2022-08-11 04:38:33.323 :   Login completed	[MsgId: MMSG-17999]
2022-08-11 04:39:19.672 :   Flights have been booked: outbound(flight ¹; price; date): 911;330;08/11/2022,return(flight ¹; price; date): 190;371;08/18/2022 for Jojo48 Bean48	[MsgId: MMSG-17999]
2022-08-11 04:39:41.716 :   Booking to delete: 1 booking 199070790-91592-JB	[MsgId: MMSG-17999]
2022-08-11 04:39:45.869 :   Logout completed	[MsgId: MMSG-17999]
2022-08-11 04:50:21.909 : - Iteration: 16	[MsgId: MMSG-17999]
2022-08-11 04:50:21.909 :   Account: jojo48/bean48	[MsgId: MMSG-17999]
2022-08-11 04:50:32.542 :   Login completed	[MsgId: MMSG-17999]
2022-08-11 04:51:29.038 :   Flights have been booked: outbound(flight ¹; price; date): 810;1219;08/11/2022,return(flight ¹; price; date): 181;1086;08/18/2022 for Jojo48 Bean48	[MsgId: MMSG-17999]
2022-08-11 04:51:43.729 :   Booking to delete: 1 booking 1990670415-908638-JB	[MsgId: MMSG-17999]
2022-08-11 04:51:49.054 :   Logout completed	[MsgId: MMSG-17999]
