2022-08-11 02:56:36.345 : URL = localhost:1080	[MsgId: MMSG-17999]
2022-08-11 02:56:36.378 : - Iteration: 1	[MsgId: MMSG-17999]
2022-08-11 02:56:36.378 :   Account: jojo25/bean25	[MsgId: MMSG-17999]
2022-08-11 02:56:49.437 :   Login completed	[MsgId: MMSG-17999]
2022-08-11 02:56:56.184 :   Logout completed	[MsgId: MMSG-17999]
2022-08-11 02:58:42.387 : - Iteration: 2	[MsgId: MMSG-17999]
2022-08-11 02:58:42.387 :   Account: jojo25/bean25	[MsgId: MMSG-17999]
2022-08-11 02:58:48.538 :   Login completed	[MsgId: MMSG-17999]
2022-08-11 02:58:55.150 :   Logout completed	[MsgId: MMSG-17999]
2022-08-11 03:00:48.398 : - Iteration: 3	[MsgId: MMSG-17999]
2022-08-11 03:00:48.398 :   Account: jojo25/bean25	[MsgId: MMSG-17999]
2022-08-11 03:00:58.393 :   Login completed	[MsgId: MMSG-17999]
2022-08-11 03:01:04.571 :   Logout completed	[MsgId: MMSG-17999]
2022-08-11 03:02:54.410 : - Iteration: 4	[MsgId: MMSG-17999]
2022-08-11 03:02:54.411 :   Account: jojo25/bean25	[MsgId: MMSG-17999]
2022-08-11 03:03:01.905 :   Login completed	[MsgId: MMSG-17999]
2022-08-11 03:03:08.995 :   Logout completed	[MsgId: MMSG-17999]
2022-08-11 03:05:00.416 : - Iteration: 5	[MsgId: MMSG-17999]
2022-08-11 03:05:00.416 :   Account: jojo25/bean25	[MsgId: MMSG-17999]
2022-08-11 03:05:09.699 :   Login completed	[MsgId: MMSG-17999]
2022-08-11 03:05:12.966 :   Logout completed	[MsgId: MMSG-17999]
2022-08-11 03:07:06.430 : - Iteration: 6	[MsgId: MMSG-17999]
2022-08-11 03:07:06.430 :   Account: jojo25/bean25	[MsgId: MMSG-17999]
2022-08-11 03:07:16.274 :   Login completed	[MsgId: MMSG-17999]
2022-08-11 03:07:20.913 :   Logout completed	[MsgId: MMSG-17999]
2022-08-11 03:09:12.441 : - Iteration: 7	[MsgId: MMSG-17999]
2022-08-11 03:09:12.441 :   Account: jojo25/bean25	[MsgId: MMSG-17999]
2022-08-11 03:09:23.406 :   Login completed	[MsgId: MMSG-17999]
2022-08-11 03:09:26.979 :   Logout completed	[MsgId: MMSG-17999]
2022-08-11 03:11:18.449 : - Iteration: 8	[MsgId: MMSG-17999]
2022-08-11 03:11:18.449 :   Account: jojo25/bean25	[MsgId: MMSG-17999]
2022-08-11 03:11:29.570 :   Login completed	[MsgId: MMSG-17999]
2022-08-11 03:11:33.126 :   Logout completed	[MsgId: MMSG-17999]
2022-08-11 03:13:24.462 : - Iteration: 9	[MsgId: MMSG-17999]
2022-08-11 03:13:24.462 :   Account: jojo25/bean25	[MsgId: MMSG-17999]
2022-08-11 03:13:35.284 :   Login completed	[MsgId: MMSG-17999]
2022-08-11 03:13:38.806 :   Logout completed	[MsgId: MMSG-17999]
2022-08-11 03:15:30.464 : - Iteration: 10	[MsgId: MMSG-17999]
2022-08-11 03:15:30.464 :   Account: jojo25/bean25	[MsgId: MMSG-17999]
2022-08-11 03:15:36.833 :   Login completed	[MsgId: MMSG-17999]
2022-08-11 03:15:44.032 :   Logout completed	[MsgId: MMSG-17999]
2022-08-11 03:17:36.463 : - Iteration: 11	[MsgId: MMSG-17999]
2022-08-11 03:17:36.463 :   Account: jojo25/bean25	[MsgId: MMSG-17999]
2022-08-11 03:17:43.322 :   Login completed	[MsgId: MMSG-17999]
2022-08-11 03:17:46.245 :   Logout completed	[MsgId: MMSG-17999]
2022-08-11 03:19:42.474 : - Iteration: 12	[MsgId: MMSG-17999]
2022-08-11 03:19:42.474 :   Account: jojo25/bean25	[MsgId: MMSG-17999]
2022-08-11 03:19:56.104 :   Login completed	[MsgId: MMSG-17999]
2022-08-11 03:20:01.295 :   Logout completed	[MsgId: MMSG-17999]
2022-08-11 03:21:48.483 : - Iteration: 13	[MsgId: MMSG-17999]
2022-08-11 03:21:48.483 :   Account: jojo25/bean25	[MsgId: MMSG-17999]
2022-08-11 03:22:01.107 :   Login completed	[MsgId: MMSG-17999]
2022-08-11 03:22:04.032 :   Logout completed	[MsgId: MMSG-17999]
2022-08-11 03:23:54.484 : - Iteration: 14	[MsgId: MMSG-17999]
2022-08-11 03:23:54.484 :   Account: jojo25/bean25	[MsgId: MMSG-17999]
2022-08-11 03:24:06.611 :   Login completed	[MsgId: MMSG-17999]
2022-08-11 03:24:09.686 :   Logout completed	[MsgId: MMSG-17999]
2022-08-11 03:26:00.485 : - Iteration: 15	[MsgId: MMSG-17999]
2022-08-11 03:26:00.485 :   Account: jojo25/bean25	[MsgId: MMSG-17999]
2022-08-11 03:26:15.187 :   Login completed	[MsgId: MMSG-17999]
2022-08-11 03:26:20.512 :   Logout completed	[MsgId: MMSG-17999]
2022-08-11 03:28:06.495 : - Iteration: 16	[MsgId: MMSG-17999]
2022-08-11 03:28:06.495 :   Account: jojo25/bean25	[MsgId: MMSG-17999]
2022-08-11 03:28:15.362 :   Login completed	[MsgId: MMSG-17999]
2022-08-11 03:28:19.754 :   Logout completed	[MsgId: MMSG-17999]
2022-08-11 03:30:12.499 : - Iteration: 17	[MsgId: MMSG-17999]
2022-08-11 03:30:12.500 :   Account: jojo25/bean25	[MsgId: MMSG-17999]
2022-08-11 03:30:26.995 :   Login completed	[MsgId: MMSG-17999]
2022-08-11 03:30:32.890 :   Logout completed	[MsgId: MMSG-17999]
2022-08-11 03:32:18.507 : - Iteration: 18	[MsgId: MMSG-17999]
2022-08-11 03:32:18.507 :   Account: jojo25/bean25	[MsgId: MMSG-17999]
2022-08-11 03:32:33.793 :   Login completed	[MsgId: MMSG-17999]
2022-08-11 03:32:38.192 :   Logout completed	[MsgId: MMSG-17999]
2022-08-11 03:34:24.522 : - Iteration: 19	[MsgId: MMSG-17999]
2022-08-11 03:34:24.522 :   Account: jojo25/bean25	[MsgId: MMSG-17999]
2022-08-11 03:34:35.869 :   Login completed	[MsgId: MMSG-17999]
2022-08-11 03:34:38.860 :   Logout completed	[MsgId: MMSG-17999]
2022-08-11 03:36:30.535 : - Iteration: 20	[MsgId: MMSG-17999]
2022-08-11 03:36:30.536 :   Account: jojo25/bean25	[MsgId: MMSG-17999]
2022-08-11 03:36:38.548 :   Login completed	[MsgId: MMSG-17999]
2022-08-11 03:36:42.089 :   Logout completed	[MsgId: MMSG-17999]
2022-08-11 03:38:36.544 : - Iteration: 21	[MsgId: MMSG-17999]
2022-08-11 03:38:36.544 :   Account: jojo25/bean25	[MsgId: MMSG-17999]
2022-08-11 03:38:44.625 :   Login completed	[MsgId: MMSG-17999]
2022-08-11 03:38:47.950 :   Logout completed	[MsgId: MMSG-17999]
2022-08-11 03:40:42.558 : - Iteration: 22	[MsgId: MMSG-17999]
2022-08-11 03:40:42.558 :   Account: jojo25/bean25	[MsgId: MMSG-17999]
2022-08-11 03:40:49.434 :   Login completed	[MsgId: MMSG-17999]
2022-08-11 03:40:53.063 :   Logout completed	[MsgId: MMSG-17999]
2022-08-11 03:42:48.564 : - Iteration: 23	[MsgId: MMSG-17999]
2022-08-11 03:42:48.565 :   Account: jojo25/bean25	[MsgId: MMSG-17999]
2022-08-11 03:42:55.804 :   Login completed	[MsgId: MMSG-17999]
2022-08-11 03:43:00.955 :   Logout completed	[MsgId: MMSG-17999]
2022-08-11 03:44:54.567 : - Iteration: 24	[MsgId: MMSG-17999]
2022-08-11 03:44:54.567 :   Account: jojo25/bean25	[MsgId: MMSG-17999]
2022-08-11 03:45:00.497 :   Login completed	[MsgId: MMSG-17999]
2022-08-11 03:45:03.845 :   Logout completed	[MsgId: MMSG-17999]
2022-08-11 03:47:00.574 : - Iteration: 25	[MsgId: MMSG-17999]
2022-08-11 03:47:00.574 :   Account: jojo25/bean25	[MsgId: MMSG-17999]
2022-08-11 03:47:06.804 :   Login completed	[MsgId: MMSG-17999]
2022-08-11 03:47:11.730 :   Logout completed	[MsgId: MMSG-17999]
2022-08-11 03:49:06.580 : - Iteration: 26	[MsgId: MMSG-17999]
2022-08-11 03:49:06.580 :   Account: jojo25/bean25	[MsgId: MMSG-17999]
2022-08-11 03:49:18.557 :   Login completed	[MsgId: MMSG-17999]
2022-08-11 03:49:25.661 :   Logout completed	[MsgId: MMSG-17999]
2022-08-11 03:51:12.595 : - Iteration: 27	[MsgId: MMSG-17999]
2022-08-11 03:51:12.595 :   Account: jojo25/bean25	[MsgId: MMSG-17999]
2022-08-11 03:51:26.829 :   Login completed	[MsgId: MMSG-17999]
2022-08-11 03:51:33.567 :   Logout completed	[MsgId: MMSG-17999]
2022-08-11 03:53:18.601 : - Iteration: 28	[MsgId: MMSG-17999]
2022-08-11 03:53:18.601 :   Account: jojo25/bean25	[MsgId: MMSG-17999]
2022-08-11 03:53:27.238 :   Login completed	[MsgId: MMSG-17999]
2022-08-11 03:53:32.988 :   Logout completed	[MsgId: MMSG-17999]
2022-08-11 03:55:24.613 : - Iteration: 29	[MsgId: MMSG-17999]
2022-08-11 03:55:24.613 :   Account: jojo25/bean25	[MsgId: MMSG-17999]
2022-08-11 03:55:36.115 :   Login completed	[MsgId: MMSG-17999]
2022-08-11 03:55:39.857 :   Logout completed	[MsgId: MMSG-17999]
2022-08-11 03:57:30.614 : - Iteration: 30	[MsgId: MMSG-17999]
2022-08-11 03:57:30.615 :   Account: jojo25/bean25	[MsgId: MMSG-17999]
2022-08-11 03:57:45.057 :   Login completed	[MsgId: MMSG-17999]
2022-08-11 03:57:51.313 :   Logout completed	[MsgId: MMSG-17999]
2022-08-11 03:59:36.614 : - Iteration: 31	[MsgId: MMSG-17999]
2022-08-11 03:59:36.614 :   Account: jojo25/bean25	[MsgId: MMSG-17999]
2022-08-11 03:59:43.213 :   Login completed	[MsgId: MMSG-17999]
2022-08-11 03:59:49.931 :   Logout completed	[MsgId: MMSG-17999]
2022-08-11 04:01:42.623 : - Iteration: 32	[MsgId: MMSG-17999]
2022-08-11 04:01:42.623 :   Account: jojo25/bean25	[MsgId: MMSG-17999]
2022-08-11 04:01:49.935 :   Login completed	[MsgId: MMSG-17999]
2022-08-11 04:01:55.228 :   Logout completed	[MsgId: MMSG-17999]
2022-08-11 04:03:48.636 : - Iteration: 33	[MsgId: MMSG-17999]
2022-08-11 04:03:48.637 :   Account: jojo25/bean25	[MsgId: MMSG-17999]
2022-08-11 04:03:59.012 :   Login completed	[MsgId: MMSG-17999]
2022-08-11 04:04:05.592 :   Logout completed	[MsgId: MMSG-17999]
2022-08-11 04:05:54.650 : - Iteration: 34	[MsgId: MMSG-17999]
2022-08-11 04:05:54.650 :   Account: jojo25/bean25	[MsgId: MMSG-17999]
2022-08-11 04:06:05.369 :   Login completed	[MsgId: MMSG-17999]
2022-08-11 04:06:11.812 :   Logout completed	[MsgId: MMSG-17999]
2022-08-11 04:08:00.650 : - Iteration: 35	[MsgId: MMSG-17999]
2022-08-11 04:08:00.651 :   Account: jojo25/bean25	[MsgId: MMSG-17999]
2022-08-11 04:08:15.982 :   Login completed	[MsgId: MMSG-17999]
2022-08-11 04:08:19.160 :   Logout completed	[MsgId: MMSG-17999]
2022-08-11 04:10:06.659 : - Iteration: 36	[MsgId: MMSG-17999]
2022-08-11 04:10:06.659 :   Account: jojo25/bean25	[MsgId: MMSG-17999]
2022-08-11 04:10:16.332 :   Login completed	[MsgId: MMSG-17999]
2022-08-11 04:10:19.871 :   Logout completed	[MsgId: MMSG-17999]
2022-08-11 04:12:12.664 : - Iteration: 37	[MsgId: MMSG-17999]
2022-08-11 04:12:12.664 :   Account: jojo25/bean25	[MsgId: MMSG-17999]
2022-08-11 04:12:21.422 :   Login completed	[MsgId: MMSG-17999]
2022-08-11 04:12:24.369 :   Logout completed	[MsgId: MMSG-17999]
2022-08-11 04:14:18.675 : - Iteration: 38	[MsgId: MMSG-17999]
2022-08-11 04:14:18.675 :   Account: jojo25/bean25	[MsgId: MMSG-17999]
2022-08-11 04:14:26.232 :   Login completed	[MsgId: MMSG-17999]
2022-08-11 04:14:29.849 :   Logout completed	[MsgId: MMSG-17999]
2022-08-11 04:16:24.689 : - Iteration: 39	[MsgId: MMSG-17999]
2022-08-11 04:16:24.690 :   Account: jojo25/bean25	[MsgId: MMSG-17999]
2022-08-11 04:16:38.518 :   Login completed	[MsgId: MMSG-17999]
2022-08-11 04:16:42.555 :   Logout completed	[MsgId: MMSG-17999]
2022-08-11 04:18:30.692 : - Iteration: 40	[MsgId: MMSG-17999]
2022-08-11 04:18:30.692 :   Account: jojo25/bean25	[MsgId: MMSG-17999]
2022-08-11 04:18:45.192 :   Login completed	[MsgId: MMSG-17999]
2022-08-11 04:18:51.869 :   Logout completed	[MsgId: MMSG-17999]
2022-08-11 04:20:36.700 : - Iteration: 41	[MsgId: MMSG-17999]
2022-08-11 04:20:36.700 :   Account: jojo25/bean25	[MsgId: MMSG-17999]
2022-08-11 04:20:45.595 :   Login completed	[MsgId: MMSG-17999]
2022-08-11 04:20:52.848 :   Logout completed	[MsgId: MMSG-17999]
2022-08-11 04:22:42.704 : - Iteration: 42	[MsgId: MMSG-17999]
2022-08-11 04:22:42.705 :   Account: jojo25/bean25	[MsgId: MMSG-17999]
2022-08-11 04:22:58.181 :   Login completed	[MsgId: MMSG-17999]
2022-08-11 04:23:02.176 :   Logout completed	[MsgId: MMSG-17999]
2022-08-11 04:24:48.705 : - Iteration: 43	[MsgId: MMSG-17999]
2022-08-11 04:24:48.705 :   Account: jojo25/bean25	[MsgId: MMSG-17999]
2022-08-11 04:24:57.869 :   Login completed	[MsgId: MMSG-17999]
2022-08-11 04:25:03.873 :   Logout completed	[MsgId: MMSG-17999]
2022-08-11 04:26:54.707 : - Iteration: 44	[MsgId: MMSG-17999]
2022-08-11 04:26:54.707 :   Account: jojo25/bean25	[MsgId: MMSG-17999]
2022-08-11 04:27:03.649 :   Login completed	[MsgId: MMSG-17999]
2022-08-11 04:27:10.203 :   Logout completed	[MsgId: MMSG-17999]
2022-08-11 04:29:00.714 : - Iteration: 45	[MsgId: MMSG-17999]
2022-08-11 04:29:00.714 :   Account: jojo25/bean25	[MsgId: MMSG-17999]
2022-08-11 04:29:13.534 :   Login completed	[MsgId: MMSG-17999]
2022-08-11 04:29:16.757 :   Logout completed	[MsgId: MMSG-17999]
2022-08-11 04:31:06.715 : - Iteration: 46	[MsgId: MMSG-17999]
2022-08-11 04:31:06.716 :   Account: jojo25/bean25	[MsgId: MMSG-17999]
2022-08-11 04:31:12.609 :   Login completed	[MsgId: MMSG-17999]
2022-08-11 04:31:18.782 :   Logout completed	[MsgId: MMSG-17999]
2022-08-11 04:33:12.716 : - Iteration: 47	[MsgId: MMSG-17999]
2022-08-11 04:33:12.716 :   Account: jojo25/bean25	[MsgId: MMSG-17999]
2022-08-11 04:33:22.085 :   Login completed	[MsgId: MMSG-17999]
2022-08-11 04:33:28.691 :   Logout completed	[MsgId: MMSG-17999]
2022-08-11 04:35:18.720 : - Iteration: 48	[MsgId: MMSG-17999]
2022-08-11 04:35:18.720 :   Account: jojo25/bean25	[MsgId: MMSG-17999]
2022-08-11 04:35:32.696 :   Login completed	[MsgId: MMSG-17999]
2022-08-11 04:35:38.028 :   Logout completed	[MsgId: MMSG-17999]
2022-08-11 04:37:24.734 : - Iteration: 49	[MsgId: MMSG-17999]
2022-08-11 04:37:24.734 :   Account: jojo25/bean25	[MsgId: MMSG-17999]
2022-08-11 04:37:37.859 :   Login completed	[MsgId: MMSG-17999]
2022-08-11 04:37:42.083 :   Logout completed	[MsgId: MMSG-17999]
2022-08-11 04:39:30.738 : - Iteration: 50	[MsgId: MMSG-17999]
2022-08-11 04:39:30.738 :   Account: jojo25/bean25	[MsgId: MMSG-17999]
2022-08-11 04:39:39.824 :   Login completed	[MsgId: MMSG-17999]
2022-08-11 04:39:44.858 :   Logout completed	[MsgId: MMSG-17999]
2022-08-11 04:41:36.738 : - Iteration: 51	[MsgId: MMSG-17999]
2022-08-11 04:41:36.738 :   Account: jojo25/bean25	[MsgId: MMSG-17999]
2022-08-11 04:41:42.349 :   Login completed	[MsgId: MMSG-17999]
2022-08-11 04:41:49.224 :   Logout completed	[MsgId: MMSG-17999]
2022-08-11 04:43:42.749 : - Iteration: 52	[MsgId: MMSG-17999]
2022-08-11 04:43:42.749 :   Account: jojo25/bean25	[MsgId: MMSG-17999]
2022-08-11 04:43:53.499 :   Login completed	[MsgId: MMSG-17999]
2022-08-11 04:43:57.035 :   Logout completed	[MsgId: MMSG-17999]
2022-08-11 04:45:48.761 : - Iteration: 53	[MsgId: MMSG-17999]
2022-08-11 04:45:48.761 :   Account: jojo25/bean25	[MsgId: MMSG-17999]
2022-08-11 04:46:02.860 :   Login completed	[MsgId: MMSG-17999]
2022-08-11 04:46:09.146 :   Logout completed	[MsgId: MMSG-17999]
2022-08-11 04:47:54.764 : - Iteration: 54	[MsgId: MMSG-17999]
2022-08-11 04:47:54.764 :   Account: jojo25/bean25	[MsgId: MMSG-17999]
2022-08-11 04:48:08.232 :   Login completed	[MsgId: MMSG-17999]
2022-08-11 04:48:15.109 :   Logout completed	[MsgId: MMSG-17999]
2022-08-11 04:50:00.778 : - Iteration: 55	[MsgId: MMSG-17999]
2022-08-11 04:50:00.778 :   Account: jojo25/bean25	[MsgId: MMSG-17999]
2022-08-11 04:50:13.213 :   Login completed	[MsgId: MMSG-17999]
2022-08-11 04:50:19.482 :   Logout completed	[MsgId: MMSG-17999]
2022-08-11 04:52:06.789 : - Iteration: 56	[MsgId: MMSG-17999]
2022-08-11 04:52:06.789 :   Account: jojo25/bean25	[MsgId: MMSG-17999]
2022-08-11 04:52:18.891 :   Login completed	[MsgId: MMSG-17999]
2022-08-11 04:52:24.501 :   Logout completed	[MsgId: MMSG-17999]
2022-08-11 04:54:12.803 : - Iteration: 57	[MsgId: MMSG-17999]
2022-08-11 04:54:12.804 :   Account: jojo25/bean25	[MsgId: MMSG-17999]
2022-08-11 04:54:19.351 :   Login completed	[MsgId: MMSG-17999]
2022-08-11 04:54:26.848 :   Logout completed	[MsgId: MMSG-17999]
2022-08-11 04:56:18.808 : - Iteration: 58	[MsgId: MMSG-17999]
2022-08-11 04:56:18.808 :   Account: jojo25/bean25	[MsgId: MMSG-17999]
2022-08-11 04:56:31.791 :   Login completed	[MsgId: MMSG-17999]
2022-08-11 04:56:37.000 :   Logout completed	[MsgId: MMSG-17999]
2022-08-11 04:58:24.822 : - Iteration: 59	[MsgId: MMSG-17999]
2022-08-11 04:58:24.822 :   Account: jojo25/bean25	[MsgId: MMSG-17999]
2022-08-11 04:58:33.979 :   Login completed	[MsgId: MMSG-17999]
2022-08-11 04:58:40.508 :   Logout completed	[MsgId: MMSG-17999]
2022-08-11 05:00:30.826 : - Iteration: 60	[MsgId: MMSG-17999]
2022-08-11 05:00:30.826 :   Account: jojo25/bean25	[MsgId: MMSG-17999]
2022-08-11 05:00:41.199 :   Login completed	[MsgId: MMSG-17999]
2022-08-11 05:00:46.826 :   Logout completed	[MsgId: MMSG-17999]
2022-08-11 05:02:36.833 : - Iteration: 61	[MsgId: MMSG-17999]
2022-08-11 05:02:36.833 :   Account: jojo25/bean25	[MsgId: MMSG-17999]
2022-08-11 05:02:43.677 :   Login completed	[MsgId: MMSG-17999]
2022-08-11 05:02:48.068 :   Logout completed	[MsgId: MMSG-17999]
2022-08-11 05:04:42.845 : - Iteration: 62	[MsgId: MMSG-17999]
2022-08-11 05:04:42.845 :   Account: jojo25/bean25	[MsgId: MMSG-17999]
2022-08-11 05:04:58.328 :   Login completed	[MsgId: MMSG-17999]
2022-08-11 05:05:03.417 :   Logout completed	[MsgId: MMSG-17999]
2022-08-11 05:06:48.849 : - Iteration: 63	[MsgId: MMSG-17999]
2022-08-11 05:06:48.850 :   Account: jojo25/bean25	[MsgId: MMSG-17999]
2022-08-11 05:07:00.182 :   Login completed	[MsgId: MMSG-17999]
2022-08-11 05:07:05.140 :   Logout completed	[MsgId: MMSG-17999]
