2022-08-11 02:55:42.109 : URL = localhost:1080	[MsgId: MMSG-17999]
2022-08-11 02:55:42.143 : - Iteration: 1	[MsgId: MMSG-17999]
2022-08-11 02:55:42.143 :   Account: jojo22/bean22	[MsgId: MMSG-17999]
2022-08-11 02:55:53.969 :   Login completed	[MsgId: MMSG-17999]
2022-08-11 02:55:56.781 :   Logout completed	[MsgId: MMSG-17999]
2022-08-11 02:57:48.153 : - Iteration: 2	[MsgId: MMSG-17999]
2022-08-11 02:57:48.153 :   Account: jojo22/bean22	[MsgId: MMSG-17999]
2022-08-11 02:57:54.267 :   Login completed	[MsgId: MMSG-17999]
2022-08-11 02:57:59.523 :   Logout completed	[MsgId: MMSG-17999]
2022-08-11 02:59:54.159 : - Iteration: 3	[MsgId: MMSG-17999]
2022-08-11 02:59:54.159 :   Account: jojo22/bean22	[MsgId: MMSG-17999]
2022-08-11 03:00:08.708 :   Login completed	[MsgId: MMSG-17999]
2022-08-11 03:00:11.927 :   Logout completed	[MsgId: MMSG-17999]
2022-08-11 03:02:00.173 : - Iteration: 4	[MsgId: MMSG-17999]
2022-08-11 03:02:00.173 :   Account: jojo22/bean22	[MsgId: MMSG-17999]
2022-08-11 03:02:14.956 :   Login completed	[MsgId: MMSG-17999]
2022-08-11 03:02:18.891 :   Logout completed	[MsgId: MMSG-17999]
2022-08-11 03:04:06.190 : - Iteration: 5	[MsgId: MMSG-17999]
2022-08-11 03:04:06.191 :   Account: jojo22/bean22	[MsgId: MMSG-17999]
2022-08-11 03:04:19.864 :   Login completed	[MsgId: MMSG-17999]
2022-08-11 03:04:25.957 :   Logout completed	[MsgId: MMSG-17999]
2022-08-11 03:06:12.198 : - Iteration: 6	[MsgId: MMSG-17999]
2022-08-11 03:06:12.198 :   Account: jojo22/bean22	[MsgId: MMSG-17999]
2022-08-11 03:06:22.501 :   Login completed	[MsgId: MMSG-17999]
2022-08-11 03:06:29.395 :   Logout completed	[MsgId: MMSG-17999]
2022-08-11 03:08:18.213 : - Iteration: 7	[MsgId: MMSG-17999]
2022-08-11 03:08:18.213 :   Account: jojo22/bean22	[MsgId: MMSG-17999]
2022-08-11 03:08:31.687 :   Login completed	[MsgId: MMSG-17999]
2022-08-11 03:08:36.348 :   Logout completed	[MsgId: MMSG-17999]
2022-08-11 03:10:24.218 : - Iteration: 8	[MsgId: MMSG-17999]
2022-08-11 03:10:24.218 :   Account: jojo22/bean22	[MsgId: MMSG-17999]
2022-08-11 03:10:30.517 :   Login completed	[MsgId: MMSG-17999]
2022-08-11 03:10:34.461 :   Logout completed	[MsgId: MMSG-17999]
2022-08-11 03:12:30.219 : - Iteration: 9	[MsgId: MMSG-17999]
2022-08-11 03:12:30.220 :   Account: jojo22/bean22	[MsgId: MMSG-17999]
2022-08-11 03:12:36.462 :   Login completed	[MsgId: MMSG-17999]
2022-08-11 03:12:40.127 :   Logout completed	[MsgId: MMSG-17999]
2022-08-11 03:14:36.224 : - Iteration: 10	[MsgId: MMSG-17999]
2022-08-11 03:14:36.224 :   Account: jojo22/bean22	[MsgId: MMSG-17999]
2022-08-11 03:14:51.319 :   Login completed	[MsgId: MMSG-17999]
2022-08-11 03:14:56.207 :   Logout completed	[MsgId: MMSG-17999]
2022-08-11 03:16:42.238 : - Iteration: 11	[MsgId: MMSG-17999]
2022-08-11 03:16:42.239 :   Account: jojo22/bean22	[MsgId: MMSG-17999]
2022-08-11 03:16:55.735 :   Login completed	[MsgId: MMSG-17999]
2022-08-11 03:17:01.135 :   Logout completed	[MsgId: MMSG-17999]
2022-08-11 03:18:48.245 : - Iteration: 12	[MsgId: MMSG-17999]
2022-08-11 03:18:48.245 :   Account: jojo22/bean22	[MsgId: MMSG-17999]
2022-08-11 03:18:58.507 :   Login completed	[MsgId: MMSG-17999]
2022-08-11 03:19:02.964 :   Logout completed	[MsgId: MMSG-17999]
2022-08-11 03:20:54.256 : - Iteration: 13	[MsgId: MMSG-17999]
2022-08-11 03:20:54.256 :   Account: jojo22/bean22	[MsgId: MMSG-17999]
2022-08-11 03:21:01.982 :   Login completed	[MsgId: MMSG-17999]
2022-08-11 03:21:07.847 :   Logout completed	[MsgId: MMSG-17999]
2022-08-11 03:23:00.272 : - Iteration: 14	[MsgId: MMSG-17999]
2022-08-11 03:23:00.272 :   Account: jojo22/bean22	[MsgId: MMSG-17999]
2022-08-11 03:23:06.826 :   Login completed	[MsgId: MMSG-17999]
2022-08-11 03:23:10.059 :   Logout completed	[MsgId: MMSG-17999]
2022-08-11 03:25:06.286 : - Iteration: 15	[MsgId: MMSG-17999]
2022-08-11 03:25:06.286 :   Account: jojo22/bean22	[MsgId: MMSG-17999]
2022-08-11 03:25:15.364 :   Login completed	[MsgId: MMSG-17999]
2022-08-11 03:25:20.863 :   Logout completed	[MsgId: MMSG-17999]
2022-08-11 03:27:12.305 : - Iteration: 16	[MsgId: MMSG-17999]
2022-08-11 03:27:12.305 :   Account: jojo22/bean22	[MsgId: MMSG-17999]
2022-08-11 03:27:24.082 :   Login completed	[MsgId: MMSG-17999]
2022-08-11 03:27:31.032 :   Logout completed	[MsgId: MMSG-17999]
2022-08-11 03:29:18.315 : - Iteration: 17	[MsgId: MMSG-17999]
2022-08-11 03:29:18.315 :   Account: jojo22/bean22	[MsgId: MMSG-17999]
2022-08-11 03:29:32.995 :   Login completed	[MsgId: MMSG-17999]
2022-08-11 03:29:37.124 :   Logout completed	[MsgId: MMSG-17999]
2022-08-11 03:31:24.328 : - Iteration: 18	[MsgId: MMSG-17999]
2022-08-11 03:31:24.328 :   Account: jojo22/bean22	[MsgId: MMSG-17999]
2022-08-11 03:31:31.481 :   Login completed	[MsgId: MMSG-17999]
2022-08-11 03:31:36.862 :   Logout completed	[MsgId: MMSG-17999]
2022-08-11 03:33:30.328 : - Iteration: 19	[MsgId: MMSG-17999]
2022-08-11 03:33:30.328 :   Account: jojo22/bean22	[MsgId: MMSG-17999]
2022-08-11 03:33:43.912 :   Login completed	[MsgId: MMSG-17999]
2022-08-11 03:33:51.273 :   Logout completed	[MsgId: MMSG-17999]
2022-08-11 03:35:36.335 : - Iteration: 20	[MsgId: MMSG-17999]
2022-08-11 03:35:36.335 :   Account: jojo22/bean22	[MsgId: MMSG-17999]
2022-08-11 03:35:50.746 :   Login completed	[MsgId: MMSG-17999]
2022-08-11 03:35:56.487 :   Logout completed	[MsgId: MMSG-17999]
2022-08-11 03:37:42.335 : - Iteration: 21	[MsgId: MMSG-17999]
2022-08-11 03:37:42.335 :   Account: jojo22/bean22	[MsgId: MMSG-17999]
2022-08-11 03:37:57.491 :   Login completed	[MsgId: MMSG-17999]
2022-08-11 03:38:03.920 :   Logout completed	[MsgId: MMSG-17999]
2022-08-11 03:39:48.347 : - Iteration: 22	[MsgId: MMSG-17999]
2022-08-11 03:39:48.347 :   Account: jojo22/bean22	[MsgId: MMSG-17999]
2022-08-11 03:39:57.171 :   Login completed	[MsgId: MMSG-17999]
2022-08-11 03:40:04.078 :   Logout completed	[MsgId: MMSG-17999]
2022-08-11 03:41:54.351 : - Iteration: 23	[MsgId: MMSG-17999]
2022-08-11 03:41:54.351 :   Account: jojo22/bean22	[MsgId: MMSG-17999]
2022-08-11 03:42:01.888 :   Login completed	[MsgId: MMSG-17999]
2022-08-11 03:42:08.637 :   Logout completed	[MsgId: MMSG-17999]
2022-08-11 03:44:00.360 : - Iteration: 24	[MsgId: MMSG-17999]
2022-08-11 03:44:00.360 :   Account: jojo22/bean22	[MsgId: MMSG-17999]
2022-08-11 03:44:15.772 :   Login completed	[MsgId: MMSG-17999]
2022-08-11 03:44:19.580 :   Logout completed	[MsgId: MMSG-17999]
2022-08-11 03:46:06.370 : - Iteration: 25	[MsgId: MMSG-17999]
2022-08-11 03:46:06.370 :   Account: jojo22/bean22	[MsgId: MMSG-17999]
2022-08-11 03:46:13.840 :   Login completed	[MsgId: MMSG-17999]
2022-08-11 03:46:19.954 :   Logout completed	[MsgId: MMSG-17999]
2022-08-11 03:48:12.377 : - Iteration: 26	[MsgId: MMSG-17999]
2022-08-11 03:48:12.377 :   Account: jojo22/bean22	[MsgId: MMSG-17999]
2022-08-11 03:48:18.922 :   Login completed	[MsgId: MMSG-17999]
2022-08-11 03:48:25.614 :   Logout completed	[MsgId: MMSG-17999]
2022-08-11 03:50:18.389 : - Iteration: 27	[MsgId: MMSG-17999]
2022-08-11 03:50:18.389 :   Account: jojo22/bean22	[MsgId: MMSG-17999]
2022-08-11 03:50:33.504 :   Login completed	[MsgId: MMSG-17999]
2022-08-11 03:50:38.081 :   Logout completed	[MsgId: MMSG-17999]
2022-08-11 03:52:24.390 : - Iteration: 28	[MsgId: MMSG-17999]
2022-08-11 03:52:24.390 :   Account: jojo22/bean22	[MsgId: MMSG-17999]
2022-08-11 03:52:36.380 :   Login completed	[MsgId: MMSG-17999]
2022-08-11 03:52:43.748 :   Logout completed	[MsgId: MMSG-17999]
2022-08-11 03:54:30.402 : - Iteration: 29	[MsgId: MMSG-17999]
2022-08-11 03:54:30.402 :   Account: jojo22/bean22	[MsgId: MMSG-17999]
2022-08-11 03:54:44.538 :   Login completed	[MsgId: MMSG-17999]
2022-08-11 03:54:47.797 :   Logout completed	[MsgId: MMSG-17999]
2022-08-11 03:56:36.405 : - Iteration: 30	[MsgId: MMSG-17999]
2022-08-11 03:56:36.405 :   Account: jojo22/bean22	[MsgId: MMSG-17999]
2022-08-11 03:56:46.186 :   Login completed	[MsgId: MMSG-17999]
2022-08-11 03:56:53.776 :   Logout completed	[MsgId: MMSG-17999]
2022-08-11 03:58:42.406 : - Iteration: 31	[MsgId: MMSG-17999]
2022-08-11 03:58:42.406 :   Account: jojo22/bean22	[MsgId: MMSG-17999]
2022-08-11 03:58:57.551 :   Login completed	[MsgId: MMSG-17999]
2022-08-11 03:59:00.505 :   Logout completed	[MsgId: MMSG-17999]
2022-08-11 04:00:48.415 : - Iteration: 32	[MsgId: MMSG-17999]
2022-08-11 04:00:48.415 :   Account: jojo22/bean22	[MsgId: MMSG-17999]
2022-08-11 04:01:00.771 :   Login completed	[MsgId: MMSG-17999]
2022-08-11 04:01:04.853 :   Logout completed	[MsgId: MMSG-17999]
2022-08-11 04:02:54.423 : - Iteration: 33	[MsgId: MMSG-17999]
2022-08-11 04:02:54.424 :   Account: jojo22/bean22	[MsgId: MMSG-17999]
2022-08-11 04:03:03.796 :   Login completed	[MsgId: MMSG-17999]
2022-08-11 04:03:11.029 :   Logout completed	[MsgId: MMSG-17999]
2022-08-11 04:05:00.437 : - Iteration: 34	[MsgId: MMSG-17999]
2022-08-11 04:05:00.437 :   Account: jojo22/bean22	[MsgId: MMSG-17999]
2022-08-11 04:05:06.615 :   Login completed	[MsgId: MMSG-17999]
2022-08-11 04:05:10.996 :   Logout completed	[MsgId: MMSG-17999]
2022-08-11 04:07:06.444 : - Iteration: 35	[MsgId: MMSG-17999]
2022-08-11 04:07:06.444 :   Account: jojo22/bean22	[MsgId: MMSG-17999]
2022-08-11 04:07:12.692 :   Login completed	[MsgId: MMSG-17999]
2022-08-11 04:07:20.434 :   Logout completed	[MsgId: MMSG-17999]
2022-08-11 04:09:12.453 : - Iteration: 36	[MsgId: MMSG-17999]
2022-08-11 04:09:12.453 :   Account: jojo22/bean22	[MsgId: MMSG-17999]
2022-08-11 04:09:26.296 :   Login completed	[MsgId: MMSG-17999]
2022-08-11 04:09:33.817 :   Logout completed	[MsgId: MMSG-17999]
2022-08-11 04:11:18.466 : - Iteration: 37	[MsgId: MMSG-17999]
2022-08-11 04:11:18.466 :   Account: jojo22/bean22	[MsgId: MMSG-17999]
2022-08-11 04:11:30.832 :   Login completed	[MsgId: MMSG-17999]
2022-08-11 04:11:36.256 :   Logout completed	[MsgId: MMSG-17999]
2022-08-11 04:13:24.468 : - Iteration: 38	[MsgId: MMSG-17999]
2022-08-11 04:13:24.468 :   Account: jojo22/bean22	[MsgId: MMSG-17999]
2022-08-11 04:13:36.117 :   Login completed	[MsgId: MMSG-17999]
2022-08-11 04:13:43.773 :   Logout completed	[MsgId: MMSG-17999]
2022-08-11 04:15:30.485 : - Iteration: 39	[MsgId: MMSG-17999]
2022-08-11 04:15:30.485 :   Account: jojo22/bean22	[MsgId: MMSG-17999]
2022-08-11 04:15:44.123 :   Login completed	[MsgId: MMSG-17999]
2022-08-11 04:15:47.547 :   Logout completed	[MsgId: MMSG-17999]
2022-08-11 04:17:36.498 : - Iteration: 40	[MsgId: MMSG-17999]
2022-08-11 04:17:36.499 :   Account: jojo22/bean22	[MsgId: MMSG-17999]
2022-08-11 04:17:42.462 :   Login completed	[MsgId: MMSG-17999]
2022-08-11 04:17:49.418 :   Logout completed	[MsgId: MMSG-17999]
2022-08-11 04:19:42.511 : - Iteration: 41	[MsgId: MMSG-17999]
2022-08-11 04:19:42.511 :   Account: jojo22/bean22	[MsgId: MMSG-17999]
2022-08-11 04:19:51.604 :   Login completed	[MsgId: MMSG-17999]
2022-08-11 04:19:55.948 :   Logout completed	[MsgId: MMSG-17999]
2022-08-11 04:21:48.523 : - Iteration: 42	[MsgId: MMSG-17999]
2022-08-11 04:21:48.523 :   Account: jojo22/bean22	[MsgId: MMSG-17999]
2022-08-11 04:21:57.979 :   Login completed	[MsgId: MMSG-17999]
2022-08-11 04:22:02.961 :   Logout completed	[MsgId: MMSG-17999]
2022-08-11 04:23:54.532 : - Iteration: 43	[MsgId: MMSG-17999]
2022-08-11 04:23:54.533 :   Account: jojo22/bean22	[MsgId: MMSG-17999]
2022-08-11 04:24:03.304 :   Login completed	[MsgId: MMSG-17999]
2022-08-11 04:24:09.619 :   Logout completed	[MsgId: MMSG-17999]
2022-08-11 04:26:00.544 : - Iteration: 44	[MsgId: MMSG-17999]
2022-08-11 04:26:00.544 :   Account: jojo22/bean22	[MsgId: MMSG-17999]
2022-08-11 04:26:10.189 :   Login completed	[MsgId: MMSG-17999]
2022-08-11 04:26:13.123 :   Logout completed	[MsgId: MMSG-17999]
2022-08-11 04:28:06.553 : - Iteration: 45	[MsgId: MMSG-17999]
2022-08-11 04:28:06.553 :   Account: jojo22/bean22	[MsgId: MMSG-17999]
2022-08-11 04:28:18.251 :   Login completed	[MsgId: MMSG-17999]
2022-08-11 04:28:25.449 :   Logout completed	[MsgId: MMSG-17999]
2022-08-11 04:30:12.561 : - Iteration: 46	[MsgId: MMSG-17999]
2022-08-11 04:30:12.561 :   Account: jojo22/bean22	[MsgId: MMSG-17999]
2022-08-11 04:30:23.038 :   Login completed	[MsgId: MMSG-17999]
2022-08-11 04:30:25.920 :   Logout completed	[MsgId: MMSG-17999]
2022-08-11 04:32:18.575 : - Iteration: 47	[MsgId: MMSG-17999]
2022-08-11 04:32:18.576 :   Account: jojo22/bean22	[MsgId: MMSG-17999]
2022-08-11 04:32:32.702 :   Login completed	[MsgId: MMSG-17999]
2022-08-11 04:32:39.199 :   Logout completed	[MsgId: MMSG-17999]
2022-08-11 04:34:24.580 : - Iteration: 48	[MsgId: MMSG-17999]
2022-08-11 04:34:24.580 :   Account: jojo22/bean22	[MsgId: MMSG-17999]
2022-08-11 04:34:35.846 :   Login completed	[MsgId: MMSG-17999]
2022-08-11 04:34:41.043 :   Logout completed	[MsgId: MMSG-17999]
2022-08-11 04:36:30.583 : - Iteration: 49	[MsgId: MMSG-17999]
2022-08-11 04:36:30.583 :   Account: jojo22/bean22	[MsgId: MMSG-17999]
2022-08-11 04:36:40.660 :   Login completed	[MsgId: MMSG-17999]
2022-08-11 04:36:48.409 :   Logout completed	[MsgId: MMSG-17999]
2022-08-11 04:38:36.599 : - Iteration: 50	[MsgId: MMSG-17999]
2022-08-11 04:38:36.599 :   Account: jojo22/bean22	[MsgId: MMSG-17999]
2022-08-11 04:38:46.970 :   Login completed	[MsgId: MMSG-17999]
2022-08-11 04:38:54.706 :   Logout completed	[MsgId: MMSG-17999]
2022-08-11 04:40:42.610 : - Iteration: 51	[MsgId: MMSG-17999]
2022-08-11 04:40:42.611 :   Account: jojo22/bean22	[MsgId: MMSG-17999]
2022-08-11 04:40:57.108 :   Login completed	[MsgId: MMSG-17999]
2022-08-11 04:41:03.336 :   Logout completed	[MsgId: MMSG-17999]
2022-08-11 04:42:48.622 : - Iteration: 52	[MsgId: MMSG-17999]
2022-08-11 04:42:48.623 :   Account: jojo22/bean22	[MsgId: MMSG-17999]
2022-08-11 04:43:00.473 :   Login completed	[MsgId: MMSG-17999]
2022-08-11 04:43:03.748 :   Logout completed	[MsgId: MMSG-17999]
2022-08-11 04:44:54.627 : - Iteration: 53	[MsgId: MMSG-17999]
2022-08-11 04:44:54.627 :   Account: jojo22/bean22	[MsgId: MMSG-17999]
2022-08-11 04:45:08.174 :   Login completed	[MsgId: MMSG-17999]
2022-08-11 04:45:15.372 :   Logout completed	[MsgId: MMSG-17999]
2022-08-11 04:47:00.639 : - Iteration: 54	[MsgId: MMSG-17999]
2022-08-11 04:47:00.639 :   Account: jojo22/bean22	[MsgId: MMSG-17999]
2022-08-11 04:47:10.456 :   Login completed	[MsgId: MMSG-17999]
2022-08-11 04:47:14.718 :   Logout completed	[MsgId: MMSG-17999]
2022-08-11 04:49:06.643 : - Iteration: 55	[MsgId: MMSG-17999]
2022-08-11 04:49:06.643 :   Account: jojo22/bean22	[MsgId: MMSG-17999]
2022-08-11 04:49:18.787 :   Login completed	[MsgId: MMSG-17999]
2022-08-11 04:49:25.197 :   Logout completed	[MsgId: MMSG-17999]
2022-08-11 04:51:12.648 : - Iteration: 56	[MsgId: MMSG-17999]
2022-08-11 04:51:12.648 :   Account: jojo22/bean22	[MsgId: MMSG-17999]
2022-08-11 04:51:26.242 :   Login completed	[MsgId: MMSG-17999]
2022-08-11 04:51:29.075 :   Logout completed	[MsgId: MMSG-17999]
2022-08-11 04:53:18.660 : - Iteration: 57	[MsgId: MMSG-17999]
2022-08-11 04:53:18.660 :   Account: jojo22/bean22	[MsgId: MMSG-17999]
2022-08-11 04:53:33.364 :   Login completed	[MsgId: MMSG-17999]
2022-08-11 04:53:36.937 :   Logout completed	[MsgId: MMSG-17999]
2022-08-11 04:55:24.666 : - Iteration: 58	[MsgId: MMSG-17999]
2022-08-11 04:55:24.666 :   Account: jojo22/bean22	[MsgId: MMSG-17999]
2022-08-11 04:55:33.972 :   Login completed	[MsgId: MMSG-17999]
2022-08-11 04:55:36.836 :   Logout completed	[MsgId: MMSG-17999]
2022-08-11 04:57:30.669 : - Iteration: 59	[MsgId: MMSG-17999]
2022-08-11 04:57:30.669 :   Account: jojo22/bean22	[MsgId: MMSG-17999]
2022-08-11 04:57:44.031 :   Login completed	[MsgId: MMSG-17999]
2022-08-11 04:57:49.376 :   Logout completed	[MsgId: MMSG-17999]
2022-08-11 04:59:36.679 : - Iteration: 60	[MsgId: MMSG-17999]
2022-08-11 04:59:36.679 :   Account: jojo22/bean22	[MsgId: MMSG-17999]
2022-08-11 04:59:48.669 :   Login completed	[MsgId: MMSG-17999]
2022-08-11 04:59:51.697 :   Logout completed	[MsgId: MMSG-17999]
2022-08-11 05:01:42.684 : - Iteration: 61	[MsgId: MMSG-17999]
2022-08-11 05:01:42.685 :   Account: jojo22/bean22	[MsgId: MMSG-17999]
2022-08-11 05:01:52.694 :   Login completed	[MsgId: MMSG-17999]
2022-08-11 05:01:56.432 :   Logout completed	[MsgId: MMSG-17999]
2022-08-11 05:03:48.694 : - Iteration: 62	[MsgId: MMSG-17999]
2022-08-11 05:03:48.694 :   Account: jojo22/bean22	[MsgId: MMSG-17999]
2022-08-11 05:04:01.760 :   Login completed	[MsgId: MMSG-17999]
2022-08-11 05:04:08.215 :   Logout completed	[MsgId: MMSG-17999]
2022-08-11 05:05:54.696 : - Iteration: 63	[MsgId: MMSG-17999]
2022-08-11 05:05:54.696 :   Account: jojo22/bean22	[MsgId: MMSG-17999]
2022-08-11 05:06:08.098 :   Login completed	[MsgId: MMSG-17999]
2022-08-11 05:06:15.121 :   Logout completed	[MsgId: MMSG-17999]
