2022-08-11 03:58:24.968 : URL = localhost:1080	[MsgId: MMSG-17999]
2022-08-11 03:58:24.990 : - Iteration: 1	[MsgId: MMSG-17999]
2022-08-11 03:58:24.990 :   Account: jojo32/bean32	[MsgId: MMSG-17999]
2022-08-11 03:58:31.814 :   Login completed	[MsgId: MMSG-17999]
2022-08-11 03:58:35.080 :   Logout completed	[MsgId: MMSG-17999]
2022-08-11 04:00:30.991 : - Iteration: 2	[MsgId: MMSG-17999]
2022-08-11 04:00:30.991 :   Account: jojo32/bean32	[MsgId: MMSG-17999]
2022-08-11 04:00:41.197 :   Login completed	[MsgId: MMSG-17999]
2022-08-11 04:00:47.921 :   Logout completed	[MsgId: MMSG-17999]
2022-08-11 04:02:36.991 : - Iteration: 3	[MsgId: MMSG-17999]
2022-08-11 04:02:36.991 :   Account: jojo32/bean32	[MsgId: MMSG-17999]
2022-08-11 04:02:44.573 :   Login completed	[MsgId: MMSG-17999]
2022-08-11 04:02:48.654 :   Logout completed	[MsgId: MMSG-17999]
2022-08-11 04:04:43.001 : - Iteration: 4	[MsgId: MMSG-17999]
2022-08-11 04:04:43.001 :   Account: jojo32/bean32	[MsgId: MMSG-17999]
2022-08-11 04:04:57.033 :   Login completed	[MsgId: MMSG-17999]
2022-08-11 04:05:03.094 :   Logout completed	[MsgId: MMSG-17999]
2022-08-11 04:06:49.014 : - Iteration: 5	[MsgId: MMSG-17999]
2022-08-11 04:06:49.014 :   Account: jojo32/bean32	[MsgId: MMSG-17999]
2022-08-11 04:06:56.102 :   Login completed	[MsgId: MMSG-17999]
2022-08-11 04:06:58.918 :   Logout completed	[MsgId: MMSG-17999]
2022-08-11 04:08:55.019 : - Iteration: 6	[MsgId: MMSG-17999]
2022-08-11 04:08:55.019 :   Account: jojo32/bean32	[MsgId: MMSG-17999]
2022-08-11 04:09:00.799 :   Login completed	[MsgId: MMSG-17999]
2022-08-11 04:09:05.120 :   Logout completed	[MsgId: MMSG-17999]
2022-08-11 04:11:01.030 : - Iteration: 7	[MsgId: MMSG-17999]
2022-08-11 04:11:01.031 :   Account: jojo32/bean32	[MsgId: MMSG-17999]
2022-08-11 04:11:08.298 :   Login completed	[MsgId: MMSG-17999]
2022-08-11 04:11:14.415 :   Logout completed	[MsgId: MMSG-17999]
2022-08-11 04:13:07.032 : - Iteration: 8	[MsgId: MMSG-17999]
2022-08-11 04:13:07.033 :   Account: jojo32/bean32	[MsgId: MMSG-17999]
2022-08-11 04:13:14.855 :   Login completed	[MsgId: MMSG-17999]
2022-08-11 04:13:21.656 :   Logout completed	[MsgId: MMSG-17999]
2022-08-11 04:15:13.047 : - Iteration: 9	[MsgId: MMSG-17999]
2022-08-11 04:15:13.047 :   Account: jojo32/bean32	[MsgId: MMSG-17999]
2022-08-11 04:15:20.008 :   Login completed	[MsgId: MMSG-17999]
2022-08-11 04:15:23.181 :   Logout completed	[MsgId: MMSG-17999]
2022-08-11 04:17:19.061 : - Iteration: 10	[MsgId: MMSG-17999]
2022-08-11 04:17:19.061 :   Account: jojo32/bean32	[MsgId: MMSG-17999]
2022-08-11 04:17:25.457 :   Login completed	[MsgId: MMSG-17999]
2022-08-11 04:17:28.975 :   Logout completed	[MsgId: MMSG-17999]
2022-08-11 04:19:25.061 : - Iteration: 11	[MsgId: MMSG-17999]
2022-08-11 04:19:25.061 :   Account: jojo32/bean32	[MsgId: MMSG-17999]
2022-08-11 04:19:37.941 :   Login completed	[MsgId: MMSG-17999]
2022-08-11 04:19:44.110 :   Logout completed	[MsgId: MMSG-17999]
2022-08-11 04:21:31.061 : - Iteration: 12	[MsgId: MMSG-17999]
2022-08-11 04:21:31.061 :   Account: jojo32/bean32	[MsgId: MMSG-17999]
2022-08-11 04:21:45.806 :   Login completed	[MsgId: MMSG-17999]
2022-08-11 04:21:53.117 :   Logout completed	[MsgId: MMSG-17999]
2022-08-11 04:23:37.071 : - Iteration: 13	[MsgId: MMSG-17999]
2022-08-11 04:23:37.072 :   Account: jojo32/bean32	[MsgId: MMSG-17999]
2022-08-11 04:23:52.210 :   Login completed	[MsgId: MMSG-17999]
2022-08-11 04:23:57.559 :   Logout completed	[MsgId: MMSG-17999]
2022-08-11 04:25:43.084 : - Iteration: 14	[MsgId: MMSG-17999]
2022-08-11 04:25:43.084 :   Account: jojo32/bean32	[MsgId: MMSG-17999]
2022-08-11 04:25:50.682 :   Login completed	[MsgId: MMSG-17999]
2022-08-11 04:25:56.104 :   Logout completed	[MsgId: MMSG-17999]
2022-08-11 04:27:49.086 : - Iteration: 15	[MsgId: MMSG-17999]
2022-08-11 04:27:49.086 :   Account: jojo32/bean32	[MsgId: MMSG-17999]
2022-08-11 04:28:02.120 :   Login completed	[MsgId: MMSG-17999]
2022-08-11 04:28:06.458 :   Logout completed	[MsgId: MMSG-17999]
2022-08-11 04:29:55.092 : - Iteration: 16	[MsgId: MMSG-17999]
2022-08-11 04:29:55.092 :   Account: jojo32/bean32	[MsgId: MMSG-17999]
2022-08-11 04:30:09.182 :   Login completed	[MsgId: MMSG-17999]
2022-08-11 04:30:14.986 :   Logout completed	[MsgId: MMSG-17999]
2022-08-11 04:32:01.093 : - Iteration: 17	[MsgId: MMSG-17999]
2022-08-11 04:32:01.093 :   Account: jojo32/bean32	[MsgId: MMSG-17999]
2022-08-11 04:32:16.243 :   Login completed	[MsgId: MMSG-17999]
2022-08-11 04:32:19.522 :   Logout completed	[MsgId: MMSG-17999]
2022-08-11 04:34:07.108 : - Iteration: 18	[MsgId: MMSG-17999]
2022-08-11 04:34:07.111 :   Account: jojo32/bean32	[MsgId: MMSG-17999]
2022-08-11 04:34:21.490 :   Login completed	[MsgId: MMSG-17999]
2022-08-11 04:34:28.526 :   Logout completed	[MsgId: MMSG-17999]
2022-08-11 04:36:13.122 : - Iteration: 19	[MsgId: MMSG-17999]
2022-08-11 04:36:13.122 :   Account: jojo32/bean32	[MsgId: MMSG-17999]
2022-08-11 04:36:21.327 :   Login completed	[MsgId: MMSG-17999]
2022-08-11 04:36:28.191 :   Logout completed	[MsgId: MMSG-17999]
2022-08-11 04:38:19.137 : - Iteration: 20	[MsgId: MMSG-17999]
2022-08-11 04:38:19.137 :   Account: jojo32/bean32	[MsgId: MMSG-17999]
2022-08-11 04:38:29.788 :   Login completed	[MsgId: MMSG-17999]
2022-08-11 04:38:36.181 :   Logout completed	[MsgId: MMSG-17999]
2022-08-11 04:40:25.139 : - Iteration: 21	[MsgId: MMSG-17999]
2022-08-11 04:40:25.139 :   Account: jojo32/bean32	[MsgId: MMSG-17999]
2022-08-11 04:40:33.301 :   Login completed	[MsgId: MMSG-17999]
2022-08-11 04:40:40.480 :   Logout completed	[MsgId: MMSG-17999]
2022-08-11 04:42:31.147 : - Iteration: 22	[MsgId: MMSG-17999]
2022-08-11 04:42:31.147 :   Account: jojo32/bean32	[MsgId: MMSG-17999]
2022-08-11 04:42:39.801 :   Login completed	[MsgId: MMSG-17999]
2022-08-11 04:42:44.836 :   Logout completed	[MsgId: MMSG-17999]
2022-08-11 04:44:37.154 : - Iteration: 23	[MsgId: MMSG-17999]
2022-08-11 04:44:37.154 :   Account: jojo32/bean32	[MsgId: MMSG-17999]
2022-08-11 04:44:48.130 :   Login completed	[MsgId: MMSG-17999]
2022-08-11 04:44:55.687 :   Logout completed	[MsgId: MMSG-17999]
2022-08-11 04:46:43.163 : - Iteration: 24	[MsgId: MMSG-17999]
2022-08-11 04:46:43.163 :   Account: jojo32/bean32	[MsgId: MMSG-17999]
2022-08-11 04:46:56.120 :   Login completed	[MsgId: MMSG-17999]
2022-08-11 04:47:03.267 :   Logout completed	[MsgId: MMSG-17999]
2022-08-11 04:48:49.170 : - Iteration: 25	[MsgId: MMSG-17999]
2022-08-11 04:48:49.170 :   Account: jojo32/bean32	[MsgId: MMSG-17999]
2022-08-11 04:48:59.491 :   Login completed	[MsgId: MMSG-17999]
2022-08-11 04:49:07.223 :   Logout completed	[MsgId: MMSG-17999]
2022-08-11 04:50:55.185 : - Iteration: 26	[MsgId: MMSG-17999]
2022-08-11 04:50:55.185 :   Account: jojo32/bean32	[MsgId: MMSG-17999]
2022-08-11 04:51:05.166 :   Login completed	[MsgId: MMSG-17999]
2022-08-11 04:51:08.548 :   Logout completed	[MsgId: MMSG-17999]
2022-08-11 04:53:01.192 : - Iteration: 27	[MsgId: MMSG-17999]
2022-08-11 04:53:01.192 :   Account: jojo32/bean32	[MsgId: MMSG-17999]
2022-08-11 04:53:14.651 :   Login completed	[MsgId: MMSG-17999]
2022-08-11 04:53:19.677 :   Logout completed	[MsgId: MMSG-17999]
2022-08-11 04:55:07.191 : - Iteration: 28	[MsgId: MMSG-17999]
2022-08-11 04:55:07.191 :   Account: jojo32/bean32	[MsgId: MMSG-17999]
2022-08-11 04:55:20.178 :   Login completed	[MsgId: MMSG-17999]
2022-08-11 04:55:23.338 :   Logout completed	[MsgId: MMSG-17999]
2022-08-11 04:57:13.205 : - Iteration: 29	[MsgId: MMSG-17999]
2022-08-11 04:57:13.205 :   Account: jojo32/bean32	[MsgId: MMSG-17999]
2022-08-11 04:57:19.088 :   Login completed	[MsgId: MMSG-17999]
2022-08-11 04:57:22.597 :   Logout completed	[MsgId: MMSG-17999]
2022-08-11 04:59:19.205 : - Iteration: 30	[MsgId: MMSG-17999]
2022-08-11 04:59:19.205 :   Account: jojo32/bean32	[MsgId: MMSG-17999]
2022-08-11 04:59:31.062 :   Login completed	[MsgId: MMSG-17999]
2022-08-11 04:59:36.802 :   Logout completed	[MsgId: MMSG-17999]
2022-08-11 05:01:25.205 : - Iteration: 31	[MsgId: MMSG-17999]
2022-08-11 05:01:25.205 :   Account: jojo32/bean32	[MsgId: MMSG-17999]
2022-08-11 05:01:34.216 :   Login completed	[MsgId: MMSG-17999]
2022-08-11 05:01:38.000 :   Logout completed	[MsgId: MMSG-17999]
2022-08-11 05:03:31.210 : - Iteration: 32	[MsgId: MMSG-17999]
2022-08-11 05:03:31.210 :   Account: jojo32/bean32	[MsgId: MMSG-17999]
2022-08-11 05:03:46.164 :   Login completed	[MsgId: MMSG-17999]
2022-08-11 05:03:53.165 :   Logout completed	[MsgId: MMSG-17999]
2022-08-11 05:05:37.221 : - Iteration: 33	[MsgId: MMSG-17999]
2022-08-11 05:05:37.221 :   Account: jojo32/bean32	[MsgId: MMSG-17999]
2022-08-11 05:05:47.614 :   Login completed	[MsgId: MMSG-17999]
2022-08-11 05:05:53.025 :   Logout completed	[MsgId: MMSG-17999]
2022-08-11 05:07:43.225 : - Iteration: 34	[MsgId: MMSG-17999]
2022-08-11 05:07:43.226 :   Account: jojo32/bean32	[MsgId: MMSG-17999]
2022-08-11 05:07:54.032 :   Login completed	[MsgId: MMSG-17999]
2022-08-11 05:07:57.271 :   Logout completed	[MsgId: MMSG-17999]
2022-08-11 05:09:49.226 : - Iteration: 35	[MsgId: MMSG-17999]
2022-08-11 05:09:49.226 :   Account: jojo32/bean32	[MsgId: MMSG-17999]
2022-08-11 05:10:02.315 :   Login completed	[MsgId: MMSG-17999]
2022-08-11 05:10:06.881 :   Logout completed	[MsgId: MMSG-17999]
