2022-08-11 00:52:04.982 : URL = localhost:1080	[MsgId: MMSG-17999]
2022-08-11 00:52:05.000 : - Iteration: 1	[MsgId: MMSG-17999]
2022-08-11 00:52:05.000 :   Account: jojo8/bean8	[MsgId: MMSG-17999]
2022-08-11 00:52:18.695 :   Login completed	[MsgId: MMSG-17999]
2022-08-11 00:52:22.480 :   Logout completed	[MsgId: MMSG-17999]
2022-08-11 00:54:11.005 : - Iteration: 2	[MsgId: MMSG-17999]
2022-08-11 00:54:11.005 :   Account: jojo8/bean8	[MsgId: MMSG-17999]
2022-08-11 00:54:19.420 :   Login completed	[MsgId: MMSG-17999]
2022-08-11 00:54:23.788 :   Logout completed	[MsgId: MMSG-17999]
2022-08-11 00:56:17.007 : - Iteration: 3	[MsgId: MMSG-17999]
2022-08-11 00:56:17.007 :   Account: jojo8/bean8	[MsgId: MMSG-17999]
2022-08-11 00:56:30.861 :   Login completed	[MsgId: MMSG-17999]
2022-08-11 00:56:34.160 :   Logout completed	[MsgId: MMSG-17999]
2022-08-11 00:58:23.011 : - Iteration: 4	[MsgId: MMSG-17999]
2022-08-11 00:58:23.011 :   Account: jojo8/bean8	[MsgId: MMSG-17999]
2022-08-11 00:58:30.766 :   Login completed	[MsgId: MMSG-17999]
2022-08-11 00:58:35.241 :   Logout completed	[MsgId: MMSG-17999]
2022-08-11 01:00:29.011 : - Iteration: 5	[MsgId: MMSG-17999]
2022-08-11 01:00:29.012 :   Account: jojo8/bean8	[MsgId: MMSG-17999]
2022-08-11 01:00:39.347 :   Login completed	[MsgId: MMSG-17999]
2022-08-11 01:00:44.430 :   Logout completed	[MsgId: MMSG-17999]
2022-08-11 01:02:35.013 : - Iteration: 6	[MsgId: MMSG-17999]
2022-08-11 01:02:35.014 :   Account: jojo8/bean8	[MsgId: MMSG-17999]
2022-08-11 01:02:41.239 :   Login completed	[MsgId: MMSG-17999]
2022-08-11 01:02:48.511 :   Logout completed	[MsgId: MMSG-17999]
2022-08-11 01:04:41.030 : - Iteration: 7	[MsgId: MMSG-17999]
2022-08-11 01:04:41.031 :   Account: jojo8/bean8	[MsgId: MMSG-17999]
2022-08-11 01:04:56.517 :   Login completed	[MsgId: MMSG-17999]
2022-08-11 01:05:02.303 :   Logout completed	[MsgId: MMSG-17999]
2022-08-11 01:06:47.034 : - Iteration: 8	[MsgId: MMSG-17999]
2022-08-11 01:06:47.035 :   Account: jojo8/bean8	[MsgId: MMSG-17999]
2022-08-11 01:06:53.536 :   Login completed	[MsgId: MMSG-17999]
2022-08-11 01:07:01.065 :   Logout completed	[MsgId: MMSG-17999]
2022-08-11 01:08:53.048 : - Iteration: 9	[MsgId: MMSG-17999]
2022-08-11 01:08:53.049 :   Account: jojo8/bean8	[MsgId: MMSG-17999]
2022-08-11 01:09:07.384 :   Login completed	[MsgId: MMSG-17999]
2022-08-11 01:09:12.470 :   Logout completed	[MsgId: MMSG-17999]
2022-08-11 01:10:59.050 : - Iteration: 10	[MsgId: MMSG-17999]
2022-08-11 01:10:59.052 :   Account: jojo8/bean8	[MsgId: MMSG-17999]
2022-08-11 01:11:13.647 :   Login completed	[MsgId: MMSG-17999]
2022-08-11 01:11:20.653 :   Logout completed	[MsgId: MMSG-17999]
2022-08-11 01:13:05.054 : - Iteration: 11	[MsgId: MMSG-17999]
2022-08-11 01:13:05.054 :   Account: jojo8/bean8	[MsgId: MMSG-17999]
2022-08-11 01:13:12.573 :   Login completed	[MsgId: MMSG-17999]
2022-08-11 01:13:17.261 :   Logout completed	[MsgId: MMSG-17999]
2022-08-11 01:15:11.060 : - Iteration: 12	[MsgId: MMSG-17999]
2022-08-11 01:15:11.060 :   Account: jojo8/bean8	[MsgId: MMSG-17999]
2022-08-11 01:15:22.927 :   Login completed	[MsgId: MMSG-17999]
2022-08-11 01:15:29.291 :   Logout completed	[MsgId: MMSG-17999]
2022-08-11 01:17:17.069 : - Iteration: 13	[MsgId: MMSG-17999]
2022-08-11 01:17:17.069 :   Account: jojo8/bean8	[MsgId: MMSG-17999]
2022-08-11 01:17:27.891 :   Login completed	[MsgId: MMSG-17999]
2022-08-11 01:17:33.554 :   Logout completed	[MsgId: MMSG-17999]
2022-08-11 01:19:23.077 : - Iteration: 14	[MsgId: MMSG-17999]
2022-08-11 01:19:23.077 :   Account: jojo8/bean8	[MsgId: MMSG-17999]
2022-08-11 01:19:35.438 :   Login completed	[MsgId: MMSG-17999]
2022-08-11 01:19:40.982 :   Logout completed	[MsgId: MMSG-17999]
2022-08-11 01:21:29.090 : - Iteration: 15	[MsgId: MMSG-17999]
2022-08-11 01:21:29.091 :   Account: jojo8/bean8	[MsgId: MMSG-17999]
2022-08-11 01:21:37.583 :   Login completed	[MsgId: MMSG-17999]
2022-08-11 01:21:43.846 :   Logout completed	[MsgId: MMSG-17999]
2022-08-11 01:23:35.092 : - Iteration: 16	[MsgId: MMSG-17999]
2022-08-11 01:23:35.092 :   Account: jojo8/bean8	[MsgId: MMSG-17999]
2022-08-11 01:23:48.473 :   Login completed	[MsgId: MMSG-17999]
2022-08-11 01:23:54.514 :   Logout completed	[MsgId: MMSG-17999]
2022-08-11 01:25:41.094 : - Iteration: 17	[MsgId: MMSG-17999]
2022-08-11 01:25:41.094 :   Account: jojo8/bean8	[MsgId: MMSG-17999]
2022-08-11 01:25:55.833 :   Login completed	[MsgId: MMSG-17999]
2022-08-11 01:26:01.549 :   Logout completed	[MsgId: MMSG-17999]
2022-08-11 01:27:47.100 : - Iteration: 18	[MsgId: MMSG-17999]
2022-08-11 01:27:47.101 :   Account: jojo8/bean8	[MsgId: MMSG-17999]
2022-08-11 01:28:01.697 :   Login completed	[MsgId: MMSG-17999]
2022-08-11 01:28:09.126 :   Logout completed	[MsgId: MMSG-17999]
2022-08-11 01:29:53.111 : - Iteration: 19	[MsgId: MMSG-17999]
2022-08-11 01:29:53.112 :   Account: jojo8/bean8	[MsgId: MMSG-17999]
2022-08-11 01:30:06.123 :   Login completed	[MsgId: MMSG-17999]
2022-08-11 01:30:13.540 :   Logout completed	[MsgId: MMSG-17999]
2022-08-11 01:31:59.119 : - Iteration: 20	[MsgId: MMSG-17999]
2022-08-11 01:31:59.120 :   Account: jojo8/bean8	[MsgId: MMSG-17999]
2022-08-11 01:32:12.009 :   Login completed	[MsgId: MMSG-17999]
2022-08-11 01:32:18.998 :   Logout completed	[MsgId: MMSG-17999]
2022-08-11 01:34:05.127 : - Iteration: 21	[MsgId: MMSG-17999]
2022-08-11 01:34:05.127 :   Account: jojo8/bean8	[MsgId: MMSG-17999]
2022-08-11 01:34:14.874 :   Login completed	[MsgId: MMSG-17999]
2022-08-11 01:34:22.050 :   Logout completed	[MsgId: MMSG-17999]
2022-08-11 01:36:11.129 : - Iteration: 22	[MsgId: MMSG-17999]
2022-08-11 01:36:11.129 :   Account: jojo8/bean8	[MsgId: MMSG-17999]
2022-08-11 01:36:23.488 :   Login completed	[MsgId: MMSG-17999]
2022-08-11 01:36:26.296 :   Logout completed	[MsgId: MMSG-17999]
2022-08-11 01:38:17.135 : - Iteration: 23	[MsgId: MMSG-17999]
2022-08-11 01:38:17.136 :   Account: jojo8/bean8	[MsgId: MMSG-17999]
2022-08-11 01:38:29.017 :   Login completed	[MsgId: MMSG-17999]
2022-08-11 01:38:36.083 :   Logout completed	[MsgId: MMSG-17999]
2022-08-11 01:40:23.140 : - Iteration: 24	[MsgId: MMSG-17999]
2022-08-11 01:40:23.141 :   Account: jojo8/bean8	[MsgId: MMSG-17999]
2022-08-11 01:40:34.208 :   Login completed	[MsgId: MMSG-17999]
2022-08-11 01:40:37.911 :   Logout completed	[MsgId: MMSG-17999]
2022-08-11 01:42:29.147 : - Iteration: 25	[MsgId: MMSG-17999]
2022-08-11 01:42:29.148 :   Account: jojo8/bean8	[MsgId: MMSG-17999]
2022-08-11 01:42:38.269 :   Login completed	[MsgId: MMSG-17999]
2022-08-11 01:42:43.844 :   Logout completed	[MsgId: MMSG-17999]
2022-08-11 01:44:35.157 : - Iteration: 26	[MsgId: MMSG-17999]
2022-08-11 01:44:35.157 :   Account: jojo8/bean8	[MsgId: MMSG-17999]
2022-08-11 01:44:42.369 :   Login completed	[MsgId: MMSG-17999]
2022-08-11 01:44:45.646 :   Logout completed	[MsgId: MMSG-17999]
2022-08-11 01:46:41.161 : - Iteration: 27	[MsgId: MMSG-17999]
2022-08-11 01:46:41.161 :   Account: jojo8/bean8	[MsgId: MMSG-17999]
2022-08-11 01:46:49.315 :   Login completed	[MsgId: MMSG-17999]
2022-08-11 01:46:52.627 :   Logout completed	[MsgId: MMSG-17999]
2022-08-11 01:48:47.165 : - Iteration: 28	[MsgId: MMSG-17999]
2022-08-11 01:48:47.165 :   Account: jojo8/bean8	[MsgId: MMSG-17999]
2022-08-11 01:49:02.032 :   Login completed	[MsgId: MMSG-17999]
2022-08-11 01:49:08.923 :   Logout completed	[MsgId: MMSG-17999]
2022-08-11 01:50:53.179 : - Iteration: 29	[MsgId: MMSG-17999]
2022-08-11 01:50:53.179 :   Account: jojo8/bean8	[MsgId: MMSG-17999]
2022-08-11 01:51:03.809 :   Login completed	[MsgId: MMSG-17999]
2022-08-11 01:51:08.350 :   Logout completed	[MsgId: MMSG-17999]
2022-08-11 01:52:59.192 : - Iteration: 30	[MsgId: MMSG-17999]
2022-08-11 01:52:59.193 :   Account: jojo8/bean8	[MsgId: MMSG-17999]
2022-08-11 01:53:10.786 :   Login completed	[MsgId: MMSG-17999]
2022-08-11 01:53:16.822 :   Logout completed	[MsgId: MMSG-17999]
2022-08-11 01:55:05.203 : - Iteration: 31	[MsgId: MMSG-17999]
2022-08-11 01:55:05.204 :   Account: jojo8/bean8	[MsgId: MMSG-17999]
2022-08-11 01:55:20.287 :   Login completed	[MsgId: MMSG-17999]
2022-08-11 01:55:27.771 :   Logout completed	[MsgId: MMSG-17999]
2022-08-11 01:57:11.203 : - Iteration: 32	[MsgId: MMSG-17999]
2022-08-11 01:57:11.204 :   Account: jojo8/bean8	[MsgId: MMSG-17999]
2022-08-11 01:57:20.510 :   Login completed	[MsgId: MMSG-17999]
2022-08-11 01:57:23.424 :   Logout completed	[MsgId: MMSG-17999]
2022-08-11 01:59:17.217 : - Iteration: 33	[MsgId: MMSG-17999]
2022-08-11 01:59:17.218 :   Account: jojo8/bean8	[MsgId: MMSG-17999]
2022-08-11 01:59:27.091 :   Login completed	[MsgId: MMSG-17999]
2022-08-11 01:59:33.791 :   Logout completed	[MsgId: MMSG-17999]
2022-08-11 02:01:23.222 : - Iteration: 34	[MsgId: MMSG-17999]
2022-08-11 02:01:23.223 :   Account: jojo8/bean8	[MsgId: MMSG-17999]
2022-08-11 02:01:35.374 :   Login completed	[MsgId: MMSG-17999]
2022-08-11 02:01:39.431 :   Logout completed	[MsgId: MMSG-17999]
2022-08-11 02:03:29.224 : - Iteration: 35	[MsgId: MMSG-17999]
2022-08-11 02:03:29.224 :   Account: jojo8/bean8	[MsgId: MMSG-17999]
2022-08-11 02:03:42.255 :   Login completed	[MsgId: MMSG-17999]
2022-08-11 02:03:45.359 :   Logout completed	[MsgId: MMSG-17999]
2022-08-11 02:05:35.227 : - Iteration: 36	[MsgId: MMSG-17999]
2022-08-11 02:05:35.227 :   Account: jojo8/bean8	[MsgId: MMSG-17999]
2022-08-11 02:05:50.301 :   Login completed	[MsgId: MMSG-17999]
2022-08-11 02:05:55.396 :   Logout completed	[MsgId: MMSG-17999]
2022-08-11 02:07:41.236 : - Iteration: 37	[MsgId: MMSG-17999]
2022-08-11 02:07:41.236 :   Account: jojo8/bean8	[MsgId: MMSG-17999]
2022-08-11 02:07:56.149 :   Login completed	[MsgId: MMSG-17999]
2022-08-11 02:07:59.623 :   Logout completed	[MsgId: MMSG-17999]
2022-08-11 02:09:47.248 : - Iteration: 38	[MsgId: MMSG-17999]
2022-08-11 02:09:47.248 :   Account: jojo8/bean8	[MsgId: MMSG-17999]
2022-08-11 02:09:54.713 :   Login completed	[MsgId: MMSG-17999]
2022-08-11 02:10:00.546 :   Logout completed	[MsgId: MMSG-17999]
2022-08-11 02:11:53.259 : - Iteration: 39	[MsgId: MMSG-17999]
2022-08-11 02:11:53.260 :   Account: jojo8/bean8	[MsgId: MMSG-17999]
2022-08-11 02:12:04.198 :   Login completed	[MsgId: MMSG-17999]
2022-08-11 02:12:10.615 :   Logout completed	[MsgId: MMSG-17999]
2022-08-11 02:13:59.267 : - Iteration: 40	[MsgId: MMSG-17999]
2022-08-11 02:13:59.267 :   Account: jojo8/bean8	[MsgId: MMSG-17999]
2022-08-11 02:14:12.656 :   Login completed	[MsgId: MMSG-17999]
2022-08-11 02:14:15.689 :   Logout completed	[MsgId: MMSG-17999]
2022-08-11 02:16:05.274 : - Iteration: 41	[MsgId: MMSG-17999]
2022-08-11 02:16:05.274 :   Account: jojo8/bean8	[MsgId: MMSG-17999]
2022-08-11 02:16:11.176 :   Login completed	[MsgId: MMSG-17999]
2022-08-11 02:16:15.922 :   Logout completed	[MsgId: MMSG-17999]
2022-08-11 02:18:11.278 : - Iteration: 42	[MsgId: MMSG-17999]
2022-08-11 02:18:11.278 :   Account: jojo8/bean8	[MsgId: MMSG-17999]
2022-08-11 02:18:17.503 :   Login completed	[MsgId: MMSG-17999]
2022-08-11 02:18:22.220 :   Logout completed	[MsgId: MMSG-17999]
2022-08-11 02:20:17.280 : - Iteration: 43	[MsgId: MMSG-17999]
2022-08-11 02:20:17.280 :   Account: jojo8/bean8	[MsgId: MMSG-17999]
2022-08-11 02:20:31.394 :   Login completed	[MsgId: MMSG-17999]
2022-08-11 02:20:38.264 :   Logout completed	[MsgId: MMSG-17999]
2022-08-11 02:22:23.280 : - Iteration: 44	[MsgId: MMSG-17999]
2022-08-11 02:22:23.280 :   Account: jojo8/bean8	[MsgId: MMSG-17999]
2022-08-11 02:22:35.217 :   Login completed	[MsgId: MMSG-17999]
2022-08-11 02:22:38.896 :   Logout completed	[MsgId: MMSG-17999]
2022-08-11 02:24:29.289 : - Iteration: 45	[MsgId: MMSG-17999]
2022-08-11 02:24:29.289 :   Account: jojo8/bean8	[MsgId: MMSG-17999]
2022-08-11 02:24:37.033 :   Login completed	[MsgId: MMSG-17999]
2022-08-11 02:24:42.207 :   Logout completed	[MsgId: MMSG-17999]
2022-08-11 02:26:35.290 : - Iteration: 46	[MsgId: MMSG-17999]
2022-08-11 02:26:35.290 :   Account: jojo8/bean8	[MsgId: MMSG-17999]
Error -26612: HTTP Status-Code=500 (Internal Server Error) for "http://localhost:1080/cgi-bin/nav.pl?page=menu&in=home"  	[MsgId: MERR-26612]
