2022-08-10 22:51:28.756 : URL = localhost:1080	[MsgId: MMSG-17999]
2022-08-10 22:51:28.790 : - Iteration: 1	[MsgId: MMSG-17999]
2022-08-10 22:51:28.790 :   Account: jojo5/bean5	[MsgId: MMSG-17999]
2022-08-10 22:51:35.137 :   Login completed	[MsgId: MMSG-17999]
2022-08-10 22:51:39.766 :   Logout completed	[MsgId: MMSG-17999]
2022-08-10 22:53:34.803 : - Iteration: 2	[MsgId: MMSG-17999]
2022-08-10 22:53:34.804 :   Account: jojo5/bean5	[MsgId: MMSG-17999]
2022-08-10 22:53:40.795 :   Login completed	[MsgId: MMSG-17999]
2022-08-10 22:53:45.262 :   Logout completed	[MsgId: MMSG-17999]
2022-08-10 22:55:40.806 : - Iteration: 3	[MsgId: MMSG-17999]
2022-08-10 22:55:40.806 :   Account: jojo5/bean5	[MsgId: MMSG-17999]
2022-08-10 22:55:46.997 :   Login completed	[MsgId: MMSG-17999]
2022-08-10 22:55:54.722 :   Logout completed	[MsgId: MMSG-17999]
2022-08-10 22:57:46.815 : - Iteration: 4	[MsgId: MMSG-17999]
2022-08-10 22:57:46.815 :   Account: jojo5/bean5	[MsgId: MMSG-17999]
2022-08-10 22:57:57.241 :   Login completed	[MsgId: MMSG-17999]
2022-08-10 22:57:59.978 :   Logout completed	[MsgId: MMSG-17999]
2022-08-10 22:59:52.817 : - Iteration: 5	[MsgId: MMSG-17999]
2022-08-10 22:59:52.817 :   Account: jojo5/bean5	[MsgId: MMSG-17999]
2022-08-10 23:00:04.720 :   Login completed	[MsgId: MMSG-17999]
2022-08-10 23:00:09.595 :   Logout completed	[MsgId: MMSG-17999]
2022-08-10 23:01:58.830 : - Iteration: 6	[MsgId: MMSG-17999]
2022-08-10 23:01:58.830 :   Account: jojo5/bean5	[MsgId: MMSG-17999]
2022-08-10 23:02:10.852 :   Login completed	[MsgId: MMSG-17999]
2022-08-10 23:02:14.276 :   Logout completed	[MsgId: MMSG-17999]
2022-08-10 23:04:04.836 : - Iteration: 7	[MsgId: MMSG-17999]
2022-08-10 23:04:04.836 :   Account: jojo5/bean5	[MsgId: MMSG-17999]
2022-08-10 23:04:16.253 :   Login completed	[MsgId: MMSG-17999]
2022-08-10 23:04:20.505 :   Logout completed	[MsgId: MMSG-17999]
2022-08-10 23:06:10.845 : - Iteration: 8	[MsgId: MMSG-17999]
2022-08-10 23:06:10.846 :   Account: jojo5/bean5	[MsgId: MMSG-17999]
2022-08-10 23:06:20.317 :   Login completed	[MsgId: MMSG-17999]
2022-08-10 23:06:24.191 :   Logout completed	[MsgId: MMSG-17999]
2022-08-10 23:08:16.854 : - Iteration: 9	[MsgId: MMSG-17999]
2022-08-10 23:08:16.854 :   Account: jojo5/bean5	[MsgId: MMSG-17999]
2022-08-10 23:08:27.956 :   Login completed	[MsgId: MMSG-17999]
2022-08-10 23:08:33.678 :   Logout completed	[MsgId: MMSG-17999]
2022-08-10 23:10:22.856 : - Iteration: 10	[MsgId: MMSG-17999]
2022-08-10 23:10:22.856 :   Account: jojo5/bean5	[MsgId: MMSG-17999]
2022-08-10 23:10:37.586 :   Login completed	[MsgId: MMSG-17999]
2022-08-10 23:10:41.125 :   Logout completed	[MsgId: MMSG-17999]
2022-08-10 23:12:28.869 : - Iteration: 11	[MsgId: MMSG-17999]
2022-08-10 23:12:28.869 :   Account: jojo5/bean5	[MsgId: MMSG-17999]
2022-08-10 23:12:42.478 :   Login completed	[MsgId: MMSG-17999]
2022-08-10 23:12:47.185 :   Logout completed	[MsgId: MMSG-17999]
2022-08-10 23:14:34.880 : - Iteration: 12	[MsgId: MMSG-17999]
2022-08-10 23:14:34.881 :   Account: jojo5/bean5	[MsgId: MMSG-17999]
2022-08-10 23:14:48.432 :   Login completed	[MsgId: MMSG-17999]
2022-08-10 23:14:53.623 :   Logout completed	[MsgId: MMSG-17999]
2022-08-10 23:16:40.891 : - Iteration: 13	[MsgId: MMSG-17999]
2022-08-10 23:16:40.891 :   Account: jojo5/bean5	[MsgId: MMSG-17999]
2022-08-10 23:16:52.955 :   Login completed	[MsgId: MMSG-17999]
2022-08-10 23:16:56.951 :   Logout completed	[MsgId: MMSG-17999]
2022-08-10 23:18:46.907 : - Iteration: 14	[MsgId: MMSG-17999]
2022-08-10 23:18:46.908 :   Account: jojo5/bean5	[MsgId: MMSG-17999]
2022-08-10 23:18:56.318 :   Login completed	[MsgId: MMSG-17999]
2022-08-10 23:19:03.136 :   Logout completed	[MsgId: MMSG-17999]
2022-08-10 23:20:52.918 : - Iteration: 15	[MsgId: MMSG-17999]
2022-08-10 23:20:52.918 :   Account: jojo5/bean5	[MsgId: MMSG-17999]
2022-08-10 23:21:06.807 :   Login completed	[MsgId: MMSG-17999]
2022-08-10 23:21:13.977 :   Logout completed	[MsgId: MMSG-17999]
2022-08-10 23:22:58.929 : - Iteration: 16	[MsgId: MMSG-17999]
2022-08-10 23:22:58.929 :   Account: jojo5/bean5	[MsgId: MMSG-17999]
2022-08-10 23:23:08.656 :   Login completed	[MsgId: MMSG-17999]
2022-08-10 23:23:13.811 :   Logout completed	[MsgId: MMSG-17999]
2022-08-10 23:25:04.936 : - Iteration: 17	[MsgId: MMSG-17999]
2022-08-10 23:25:04.936 :   Account: jojo5/bean5	[MsgId: MMSG-17999]
2022-08-10 23:25:18.460 :   Login completed	[MsgId: MMSG-17999]
2022-08-10 23:25:24.464 :   Logout completed	[MsgId: MMSG-17999]
2022-08-10 23:27:10.947 : - Iteration: 18	[MsgId: MMSG-17999]
2022-08-10 23:27:10.947 :   Account: jojo5/bean5	[MsgId: MMSG-17999]
2022-08-10 23:27:17.964 :   Login completed	[MsgId: MMSG-17999]
2022-08-10 23:27:23.196 :   Logout completed	[MsgId: MMSG-17999]
2022-08-10 23:29:16.949 : - Iteration: 19	[MsgId: MMSG-17999]
2022-08-10 23:29:16.949 :   Account: jojo5/bean5	[MsgId: MMSG-17999]
2022-08-10 23:29:28.916 :   Login completed	[MsgId: MMSG-17999]
2022-08-10 23:29:35.449 :   Logout completed	[MsgId: MMSG-17999]
2022-08-10 23:31:22.955 : - Iteration: 20	[MsgId: MMSG-17999]
2022-08-10 23:31:22.955 :   Account: jojo5/bean5	[MsgId: MMSG-17999]
2022-08-10 23:31:35.814 :   Login completed	[MsgId: MMSG-17999]
2022-08-10 23:31:40.727 :   Logout completed	[MsgId: MMSG-17999]
2022-08-10 23:33:28.955 : - Iteration: 21	[MsgId: MMSG-17999]
2022-08-10 23:33:28.956 :   Account: jojo5/bean5	[MsgId: MMSG-17999]
2022-08-10 23:33:43.139 :   Login completed	[MsgId: MMSG-17999]
2022-08-10 23:33:48.404 :   Logout completed	[MsgId: MMSG-17999]
2022-08-10 23:35:34.968 : - Iteration: 22	[MsgId: MMSG-17999]
2022-08-10 23:35:34.968 :   Account: jojo5/bean5	[MsgId: MMSG-17999]
2022-08-10 23:35:45.884 :   Login completed	[MsgId: MMSG-17999]
2022-08-10 23:35:51.760 :   Logout completed	[MsgId: MMSG-17999]
2022-08-10 23:37:40.971 : - Iteration: 23	[MsgId: MMSG-17999]
2022-08-10 23:37:40.971 :   Account: jojo5/bean5	[MsgId: MMSG-17999]
2022-08-10 23:37:52.535 :   Login completed	[MsgId: MMSG-17999]
2022-08-10 23:38:00.058 :   Logout completed	[MsgId: MMSG-17999]
2022-08-10 23:39:46.976 : - Iteration: 24	[MsgId: MMSG-17999]
2022-08-10 23:39:46.976 :   Account: jojo5/bean5	[MsgId: MMSG-17999]
2022-08-10 23:39:56.889 :   Login completed	[MsgId: MMSG-17999]
2022-08-10 23:40:00.964 :   Logout completed	[MsgId: MMSG-17999]
2022-08-10 23:41:52.984 : - Iteration: 25	[MsgId: MMSG-17999]
2022-08-10 23:41:52.984 :   Account: jojo5/bean5	[MsgId: MMSG-17999]
2022-08-10 23:42:04.859 :   Login completed	[MsgId: MMSG-17999]
2022-08-10 23:42:08.903 :   Logout completed	[MsgId: MMSG-17999]
2022-08-10 23:43:58.986 : - Iteration: 26	[MsgId: MMSG-17999]
2022-08-10 23:43:58.987 :   Account: jojo5/bean5	[MsgId: MMSG-17999]
2022-08-10 23:44:10.730 :   Login completed	[MsgId: MMSG-17999]
2022-08-10 23:44:17.267 :   Logout completed	[MsgId: MMSG-17999]
2022-08-10 23:46:04.999 : - Iteration: 27	[MsgId: MMSG-17999]
2022-08-10 23:46:05.000 :   Account: jojo5/bean5	[MsgId: MMSG-17999]
2022-08-10 23:46:13.113 :   Login completed	[MsgId: MMSG-17999]
2022-08-10 23:46:19.758 :   Logout completed	[MsgId: MMSG-17999]
2022-08-10 23:48:11.012 : - Iteration: 28	[MsgId: MMSG-17999]
2022-08-10 23:48:11.013 :   Account: jojo5/bean5	[MsgId: MMSG-17999]
2022-08-10 23:48:18.406 :   Login completed	[MsgId: MMSG-17999]
2022-08-10 23:48:22.492 :   Logout completed	[MsgId: MMSG-17999]
2022-08-10 23:50:17.018 : - Iteration: 29	[MsgId: MMSG-17999]
2022-08-10 23:50:17.018 :   Account: jojo5/bean5	[MsgId: MMSG-17999]
2022-08-10 23:50:32.401 :   Login completed	[MsgId: MMSG-17999]
2022-08-10 23:50:37.189 :   Logout completed	[MsgId: MMSG-17999]
2022-08-10 23:52:23.030 : - Iteration: 30	[MsgId: MMSG-17999]
2022-08-10 23:52:23.030 :   Account: jojo5/bean5	[MsgId: MMSG-17999]
2022-08-10 23:52:32.593 :   Login completed	[MsgId: MMSG-17999]
2022-08-10 23:52:38.380 :   Logout completed	[MsgId: MMSG-17999]
2022-08-10 23:54:29.029 : - Iteration: 31	[MsgId: MMSG-17999]
2022-08-10 23:54:29.030 :   Account: jojo5/bean5	[MsgId: MMSG-17999]
2022-08-10 23:54:36.242 :   Login completed	[MsgId: MMSG-17999]
2022-08-10 23:54:43.212 :   Logout completed	[MsgId: MMSG-17999]
2022-08-10 23:56:35.043 : - Iteration: 32	[MsgId: MMSG-17999]
2022-08-10 23:56:35.043 :   Account: jojo5/bean5	[MsgId: MMSG-17999]
2022-08-10 23:56:41.392 :   Login completed	[MsgId: MMSG-17999]
2022-08-10 23:56:47.433 :   Logout completed	[MsgId: MMSG-17999]
2022-08-10 23:58:41.058 : - Iteration: 33	[MsgId: MMSG-17999]
2022-08-10 23:58:41.058 :   Account: jojo5/bean5	[MsgId: MMSG-17999]
2022-08-10 23:58:52.820 :   Login completed	[MsgId: MMSG-17999]
2022-08-10 23:58:55.855 :   Logout completed	[MsgId: MMSG-17999]
2022-08-11 00:00:47.072 : - Iteration: 34	[MsgId: MMSG-17999]
2022-08-11 00:00:47.072 :   Account: jojo5/bean5	[MsgId: MMSG-17999]
2022-08-11 00:01:02.317 :   Login completed	[MsgId: MMSG-17999]
2022-08-11 00:01:07.691 :   Logout completed	[MsgId: MMSG-17999]
2022-08-11 00:02:53.079 : - Iteration: 35	[MsgId: MMSG-17999]
2022-08-11 00:02:53.079 :   Account: jojo5/bean5	[MsgId: MMSG-17999]
2022-08-11 00:03:02.687 :   Login completed	[MsgId: MMSG-17999]
2022-08-11 00:03:10.363 :   Logout completed	[MsgId: MMSG-17999]
2022-08-11 00:04:59.087 : - Iteration: 36	[MsgId: MMSG-17999]
2022-08-11 00:04:59.087 :   Account: jojo5/bean5	[MsgId: MMSG-17999]
2022-08-11 00:05:06.211 :   Login completed	[MsgId: MMSG-17999]
2022-08-11 00:05:09.003 :   Logout completed	[MsgId: MMSG-17999]
2022-08-11 00:07:05.184 : - Iteration: 37	[MsgId: MMSG-17999]
2022-08-11 00:07:05.184 :   Account: jojo5/bean5	[MsgId: MMSG-17999]
2022-08-11 00:07:13.454 :   Login completed	[MsgId: MMSG-17999]
2022-08-11 00:07:18.868 :   Logout completed	[MsgId: MMSG-17999]
2022-08-11 00:09:11.181 : - Iteration: 38	[MsgId: MMSG-17999]
2022-08-11 00:09:11.181 :   Account: jojo5/bean5	[MsgId: MMSG-17999]
2022-08-11 00:09:19.367 :   Login completed	[MsgId: MMSG-17999]
2022-08-11 00:09:23.280 :   Logout completed	[MsgId: MMSG-17999]
2022-08-11 00:11:17.191 : - Iteration: 39	[MsgId: MMSG-17999]
2022-08-11 00:11:17.191 :   Account: jojo5/bean5	[MsgId: MMSG-17999]
2022-08-11 00:11:23.867 :   Login completed	[MsgId: MMSG-17999]
2022-08-11 00:11:30.823 :   Logout completed	[MsgId: MMSG-17999]
2022-08-11 00:13:23.193 : - Iteration: 40	[MsgId: MMSG-17999]
2022-08-11 00:13:23.194 :   Account: jojo5/bean5	[MsgId: MMSG-17999]
2022-08-11 00:13:29.091 :   Login completed	[MsgId: MMSG-17999]
2022-08-11 00:13:35.395 :   Logout completed	[MsgId: MMSG-17999]
2022-08-11 00:15:29.198 : - Iteration: 41	[MsgId: MMSG-17999]
2022-08-11 00:15:29.198 :   Account: jojo5/bean5	[MsgId: MMSG-17999]
2022-08-11 00:15:42.161 :   Login completed	[MsgId: MMSG-17999]
2022-08-11 00:15:46.635 :   Logout completed	[MsgId: MMSG-17999]
2022-08-11 00:17:35.201 : - Iteration: 42	[MsgId: MMSG-17999]
2022-08-11 00:17:35.201 :   Account: jojo5/bean5	[MsgId: MMSG-17999]
2022-08-11 00:17:41.304 :   Login completed	[MsgId: MMSG-17999]
2022-08-11 00:17:48.595 :   Logout completed	[MsgId: MMSG-17999]
2022-08-11 00:19:41.202 : - Iteration: 43	[MsgId: MMSG-17999]
2022-08-11 00:19:41.202 :   Account: jojo5/bean5	[MsgId: MMSG-17999]
2022-08-11 00:19:50.995 :   Login completed	[MsgId: MMSG-17999]
2022-08-11 00:19:56.477 :   Logout completed	[MsgId: MMSG-17999]
2022-08-11 00:21:47.212 : - Iteration: 44	[MsgId: MMSG-17999]
2022-08-11 00:21:47.213 :   Account: jojo5/bean5	[MsgId: MMSG-17999]
2022-08-11 00:21:58.418 :   Login completed	[MsgId: MMSG-17999]
2022-08-11 00:22:01.308 :   Logout completed	[MsgId: MMSG-17999]
2022-08-11 00:23:53.215 : - Iteration: 45	[MsgId: MMSG-17999]
2022-08-11 00:23:53.216 :   Account: jojo5/bean5	[MsgId: MMSG-17999]
2022-08-11 00:24:00.043 :   Login completed	[MsgId: MMSG-17999]
2022-08-11 00:24:06.110 :   Logout completed	[MsgId: MMSG-17999]
2022-08-11 00:25:59.219 : - Iteration: 46	[MsgId: MMSG-17999]
2022-08-11 00:25:59.220 :   Account: jojo5/bean5	[MsgId: MMSG-17999]
2022-08-11 00:26:10.157 :   Login completed	[MsgId: MMSG-17999]
2022-08-11 00:26:16.997 :   Logout completed	[MsgId: MMSG-17999]
2022-08-11 00:28:05.231 : - Iteration: 47	[MsgId: MMSG-17999]
2022-08-11 00:28:05.231 :   Account: jojo5/bean5	[MsgId: MMSG-17999]
2022-08-11 00:28:11.108 :   Login completed	[MsgId: MMSG-17999]
2022-08-11 00:28:18.010 :   Logout completed	[MsgId: MMSG-17999]
2022-08-11 00:30:11.241 : - Iteration: 48	[MsgId: MMSG-17999]
2022-08-11 00:30:11.241 :   Account: jojo5/bean5	[MsgId: MMSG-17999]
2022-08-11 00:30:20.326 :   Login completed	[MsgId: MMSG-17999]
2022-08-11 00:30:27.010 :   Logout completed	[MsgId: MMSG-17999]
2022-08-11 00:32:17.254 : - Iteration: 49	[MsgId: MMSG-17999]
2022-08-11 00:32:17.255 :   Account: jojo5/bean5	[MsgId: MMSG-17999]
2022-08-11 00:32:28.748 :   Login completed	[MsgId: MMSG-17999]
2022-08-11 00:32:35.134 :   Logout completed	[MsgId: MMSG-17999]
2022-08-11 00:34:23.258 : - Iteration: 50	[MsgId: MMSG-17999]
2022-08-11 00:34:23.259 :   Account: jojo5/bean5	[MsgId: MMSG-17999]
2022-08-11 00:34:31.854 :   Login completed	[MsgId: MMSG-17999]
2022-08-11 00:34:36.906 :   Logout completed	[MsgId: MMSG-17999]
2022-08-11 00:36:29.270 : - Iteration: 51	[MsgId: MMSG-17999]
2022-08-11 00:36:29.270 :   Account: jojo5/bean5	[MsgId: MMSG-17999]
2022-08-11 00:36:37.903 :   Login completed	[MsgId: MMSG-17999]
2022-08-11 00:36:43.775 :   Logout completed	[MsgId: MMSG-17999]
2022-08-11 00:38:35.287 : - Iteration: 52	[MsgId: MMSG-17999]
2022-08-11 00:38:35.287 :   Account: jojo5/bean5	[MsgId: MMSG-17999]
2022-08-11 00:38:46.076 :   Login completed	[MsgId: MMSG-17999]
2022-08-11 00:38:53.042 :   Logout completed	[MsgId: MMSG-17999]
2022-08-11 00:40:41.292 : - Iteration: 53	[MsgId: MMSG-17999]
2022-08-11 00:40:41.293 :   Account: jojo5/bean5	[MsgId: MMSG-17999]
2022-08-11 00:40:48.673 :   Login completed	[MsgId: MMSG-17999]
2022-08-11 00:40:52.818 :   Logout completed	[MsgId: MMSG-17999]
2022-08-11 00:42:47.293 : - Iteration: 54	[MsgId: MMSG-17999]
2022-08-11 00:42:47.294 :   Account: jojo5/bean5	[MsgId: MMSG-17999]
2022-08-11 00:42:53.586 :   Login completed	[MsgId: MMSG-17999]
2022-08-11 00:42:57.874 :   Logout completed	[MsgId: MMSG-17999]
2022-08-11 00:44:53.305 : - Iteration: 55	[MsgId: MMSG-17999]
2022-08-11 00:44:53.305 :   Account: jojo5/bean5	[MsgId: MMSG-17999]
2022-08-11 00:45:00.477 :   Login completed	[MsgId: MMSG-17999]
2022-08-11 00:45:05.560 :   Logout completed	[MsgId: MMSG-17999]
2022-08-11 00:46:59.306 : - Iteration: 56	[MsgId: MMSG-17999]
2022-08-11 00:46:59.306 :   Account: jojo5/bean5	[MsgId: MMSG-17999]
2022-08-11 00:47:07.955 :   Login completed	[MsgId: MMSG-17999]
2022-08-11 00:47:13.101 :   Logout completed	[MsgId: MMSG-17999]
2022-08-11 00:49:05.321 : - Iteration: 57	[MsgId: MMSG-17999]
2022-08-11 00:49:05.321 :   Account: jojo5/bean5	[MsgId: MMSG-17999]
2022-08-11 00:49:13.251 :   Login completed	[MsgId: MMSG-17999]
2022-08-11 00:49:18.659 :   Logout completed	[MsgId: MMSG-17999]
2022-08-11 00:51:11.336 : - Iteration: 58	[MsgId: MMSG-17999]
2022-08-11 00:51:11.337 :   Account: jojo5/bean5	[MsgId: MMSG-17999]
2022-08-11 00:51:23.263 :   Login completed	[MsgId: MMSG-17999]
2022-08-11 00:51:28.111 :   Logout completed	[MsgId: MMSG-17999]
2022-08-11 00:53:17.348 : - Iteration: 59	[MsgId: MMSG-17999]
2022-08-11 00:53:17.348 :   Account: jojo5/bean5	[MsgId: MMSG-17999]
2022-08-11 00:53:26.759 :   Login completed	[MsgId: MMSG-17999]
2022-08-11 00:53:31.020 :   Logout completed	[MsgId: MMSG-17999]
2022-08-11 00:55:23.353 : - Iteration: 60	[MsgId: MMSG-17999]
2022-08-11 00:55:23.353 :   Account: jojo5/bean5	[MsgId: MMSG-17999]
2022-08-11 00:55:35.439 :   Login completed	[MsgId: MMSG-17999]
2022-08-11 00:55:41.593 :   Logout completed	[MsgId: MMSG-17999]
2022-08-11 00:57:29.354 : - Iteration: 61	[MsgId: MMSG-17999]
2022-08-11 00:57:29.354 :   Account: jojo5/bean5	[MsgId: MMSG-17999]
2022-08-11 00:57:44.391 :   Login completed	[MsgId: MMSG-17999]
2022-08-11 00:57:48.908 :   Logout completed	[MsgId: MMSG-17999]
2022-08-11 00:59:35.360 : - Iteration: 62	[MsgId: MMSG-17999]
2022-08-11 00:59:35.360 :   Account: jojo5/bean5	[MsgId: MMSG-17999]
2022-08-11 00:59:45.746 :   Login completed	[MsgId: MMSG-17999]
2022-08-11 00:59:48.798 :   Logout completed	[MsgId: MMSG-17999]
2022-08-11 01:01:41.362 : - Iteration: 63	[MsgId: MMSG-17999]
2022-08-11 01:01:41.362 :   Account: jojo5/bean5	[MsgId: MMSG-17999]
2022-08-11 01:01:49.668 :   Login completed	[MsgId: MMSG-17999]
2022-08-11 01:01:57.438 :   Logout completed	[MsgId: MMSG-17999]
2022-08-11 01:03:47.375 : - Iteration: 64	[MsgId: MMSG-17999]
2022-08-11 01:03:47.375 :   Account: jojo5/bean5	[MsgId: MMSG-17999]
2022-08-11 01:03:58.563 :   Login completed	[MsgId: MMSG-17999]
2022-08-11 01:04:03.928 :   Logout completed	[MsgId: MMSG-17999]
2022-08-11 01:05:53.383 : - Iteration: 65	[MsgId: MMSG-17999]
2022-08-11 01:05:53.384 :   Account: jojo5/bean5	[MsgId: MMSG-17999]
2022-08-11 01:06:08.415 :   Login completed	[MsgId: MMSG-17999]
2022-08-11 01:06:14.515 :   Logout completed	[MsgId: MMSG-17999]
2022-08-11 01:07:59.385 : - Iteration: 66	[MsgId: MMSG-17999]
2022-08-11 01:07:59.386 :   Account: jojo5/bean5	[MsgId: MMSG-17999]
2022-08-11 01:08:10.018 :   Login completed	[MsgId: MMSG-17999]
2022-08-11 01:08:15.239 :   Logout completed	[MsgId: MMSG-17999]
2022-08-11 01:10:05.388 : - Iteration: 67	[MsgId: MMSG-17999]
2022-08-11 01:10:05.389 :   Account: jojo5/bean5	[MsgId: MMSG-17999]
2022-08-11 01:10:11.971 :   Login completed	[MsgId: MMSG-17999]
2022-08-11 01:10:14.762 :   Logout completed	[MsgId: MMSG-17999]
2022-08-11 01:12:11.392 : - Iteration: 68	[MsgId: MMSG-17999]
2022-08-11 01:12:11.392 :   Account: jojo5/bean5	[MsgId: MMSG-17999]
2022-08-11 01:12:21.297 :   Login completed	[MsgId: MMSG-17999]
2022-08-11 01:12:25.567 :   Logout completed	[MsgId: MMSG-17999]
2022-08-11 01:14:17.392 : - Iteration: 69	[MsgId: MMSG-17999]
2022-08-11 01:14:17.393 :   Account: jojo5/bean5	[MsgId: MMSG-17999]
2022-08-11 01:14:27.839 :   Login completed	[MsgId: MMSG-17999]
2022-08-11 01:14:33.858 :   Logout completed	[MsgId: MMSG-17999]
2022-08-11 01:16:23.397 : - Iteration: 70	[MsgId: MMSG-17999]
2022-08-11 01:16:23.397 :   Account: jojo5/bean5	[MsgId: MMSG-17999]
2022-08-11 01:16:33.567 :   Login completed	[MsgId: MMSG-17999]
2022-08-11 01:16:38.150 :   Logout completed	[MsgId: MMSG-17999]
2022-08-11 01:18:29.403 : - Iteration: 71	[MsgId: MMSG-17999]
2022-08-11 01:18:29.403 :   Account: jojo5/bean5	[MsgId: MMSG-17999]
2022-08-11 01:18:42.942 :   Login completed	[MsgId: MMSG-17999]
2022-08-11 01:18:45.970 :   Logout completed	[MsgId: MMSG-17999]
2022-08-11 01:20:35.407 : - Iteration: 72	[MsgId: MMSG-17999]
2022-08-11 01:20:35.408 :   Account: jojo5/bean5	[MsgId: MMSG-17999]
2022-08-11 01:20:46.059 :   Login completed	[MsgId: MMSG-17999]
2022-08-11 01:20:49.894 :   Logout completed	[MsgId: MMSG-17999]
2022-08-11 01:22:41.422 : - Iteration: 73	[MsgId: MMSG-17999]
2022-08-11 01:22:41.422 :   Account: jojo5/bean5	[MsgId: MMSG-17999]
2022-08-11 01:22:50.265 :   Login completed	[MsgId: MMSG-17999]
2022-08-11 01:22:55.758 :   Logout completed	[MsgId: MMSG-17999]
2022-08-11 01:24:47.437 : - Iteration: 74	[MsgId: MMSG-17999]
2022-08-11 01:24:47.437 :   Account: jojo5/bean5	[MsgId: MMSG-17999]
2022-08-11 01:24:56.672 :   Login completed	[MsgId: MMSG-17999]
2022-08-11 01:25:04.341 :   Logout completed	[MsgId: MMSG-17999]
2022-08-11 01:26:53.440 : - Iteration: 75	[MsgId: MMSG-17999]
2022-08-11 01:26:53.440 :   Account: jojo5/bean5	[MsgId: MMSG-17999]
2022-08-11 01:27:03.951 :   Login completed	[MsgId: MMSG-17999]
2022-08-11 01:27:09.667 :   Logout completed	[MsgId: MMSG-17999]
2022-08-11 01:28:59.441 : - Iteration: 76	[MsgId: MMSG-17999]
2022-08-11 01:28:59.441 :   Account: jojo5/bean5	[MsgId: MMSG-17999]
2022-08-11 01:29:12.414 :   Login completed	[MsgId: MMSG-17999]
2022-08-11 01:29:19.713 :   Logout completed	[MsgId: MMSG-17999]
2022-08-11 01:31:05.442 : - Iteration: 77	[MsgId: MMSG-17999]
2022-08-11 01:31:05.442 :   Account: jojo5/bean5	[MsgId: MMSG-17999]
2022-08-11 01:31:14.968 :   Login completed	[MsgId: MMSG-17999]
2022-08-11 01:31:21.423 :   Logout completed	[MsgId: MMSG-17999]
2022-08-11 01:33:11.453 : - Iteration: 78	[MsgId: MMSG-17999]
2022-08-11 01:33:11.454 :   Account: jojo5/bean5	[MsgId: MMSG-17999]
2022-08-11 01:33:20.860 :   Login completed	[MsgId: MMSG-17999]
2022-08-11 01:33:25.915 :   Logout completed	[MsgId: MMSG-17999]
2022-08-11 01:35:17.462 : - Iteration: 79	[MsgId: MMSG-17999]
2022-08-11 01:35:17.462 :   Account: jojo5/bean5	[MsgId: MMSG-17999]
2022-08-11 01:35:26.745 :   Login completed	[MsgId: MMSG-17999]
2022-08-11 01:35:32.415 :   Logout completed	[MsgId: MMSG-17999]
2022-08-11 01:37:23.465 : - Iteration: 80	[MsgId: MMSG-17999]
2022-08-11 01:37:23.465 :   Account: jojo5/bean5	[MsgId: MMSG-17999]
2022-08-11 01:37:33.830 :   Login completed	[MsgId: MMSG-17999]
2022-08-11 01:37:41.314 :   Logout completed	[MsgId: MMSG-17999]
2022-08-11 01:39:29.479 : - Iteration: 81	[MsgId: MMSG-17999]
2022-08-11 01:39:29.479 :   Account: jojo5/bean5	[MsgId: MMSG-17999]
2022-08-11 01:39:44.615 :   Login completed	[MsgId: MMSG-17999]
2022-08-11 01:39:47.449 :   Logout completed	[MsgId: MMSG-17999]
2022-08-11 01:41:35.490 : - Iteration: 82	[MsgId: MMSG-17999]
2022-08-11 01:41:35.491 :   Account: jojo5/bean5	[MsgId: MMSG-17999]
2022-08-11 01:41:45.983 :   Login completed	[MsgId: MMSG-17999]
2022-08-11 01:41:49.871 :   Logout completed	[MsgId: MMSG-17999]
2022-08-11 01:43:41.493 : - Iteration: 83	[MsgId: MMSG-17999]
2022-08-11 01:43:41.493 :   Account: jojo5/bean5	[MsgId: MMSG-17999]
2022-08-11 01:43:52.434 :   Login completed	[MsgId: MMSG-17999]
2022-08-11 01:43:59.219 :   Logout completed	[MsgId: MMSG-17999]
2022-08-11 01:45:47.501 : - Iteration: 84	[MsgId: MMSG-17999]
2022-08-11 01:45:47.501 :   Account: jojo5/bean5	[MsgId: MMSG-17999]
2022-08-11 01:45:55.651 :   Login completed	[MsgId: MMSG-17999]
2022-08-11 01:46:00.817 :   Logout completed	[MsgId: MMSG-17999]
2022-08-11 01:47:53.512 : - Iteration: 85	[MsgId: MMSG-17999]
2022-08-11 01:47:53.512 :   Account: jojo5/bean5	[MsgId: MMSG-17999]
2022-08-11 01:48:07.315 :   Login completed	[MsgId: MMSG-17999]
2022-08-11 01:48:13.478 :   Logout completed	[MsgId: MMSG-17999]
2022-08-11 01:49:59.520 : - Iteration: 86	[MsgId: MMSG-17999]
2022-08-11 01:49:59.520 :   Account: jojo5/bean5	[MsgId: MMSG-17999]
2022-08-11 01:50:15.085 :   Login completed	[MsgId: MMSG-17999]
2022-08-11 01:50:19.326 :   Logout completed	[MsgId: MMSG-17999]
2022-08-11 01:52:05.534 : - Iteration: 87	[MsgId: MMSG-17999]
2022-08-11 01:52:05.535 :   Account: jojo5/bean5	[MsgId: MMSG-17999]
2022-08-11 01:52:12.084 :   Login completed	[MsgId: MMSG-17999]
2022-08-11 01:52:15.743 :   Logout completed	[MsgId: MMSG-17999]
2022-08-11 01:54:11.539 : - Iteration: 88	[MsgId: MMSG-17999]
2022-08-11 01:54:11.540 :   Account: jojo5/bean5	[MsgId: MMSG-17999]
2022-08-11 01:54:26.484 :   Login completed	[MsgId: MMSG-17999]
2022-08-11 01:54:32.940 :   Logout completed	[MsgId: MMSG-17999]
2022-08-11 01:56:17.543 : - Iteration: 89	[MsgId: MMSG-17999]
2022-08-11 01:56:17.544 :   Account: jojo5/bean5	[MsgId: MMSG-17999]
2022-08-11 01:56:26.318 :   Login completed	[MsgId: MMSG-17999]
2022-08-11 01:56:31.759 :   Logout completed	[MsgId: MMSG-17999]
2022-08-11 01:58:23.551 : - Iteration: 90	[MsgId: MMSG-17999]
2022-08-11 01:58:23.551 :   Account: jojo5/bean5	[MsgId: MMSG-17999]
2022-08-11 01:58:30.224 :   Login completed	[MsgId: MMSG-17999]
2022-08-11 01:58:33.028 :   Logout completed	[MsgId: MMSG-17999]
2022-08-11 02:00:29.552 : - Iteration: 91	[MsgId: MMSG-17999]
2022-08-11 02:00:29.552 :   Account: jojo5/bean5	[MsgId: MMSG-17999]
2022-08-11 02:00:44.497 :   Login completed	[MsgId: MMSG-17999]
2022-08-11 02:00:50.874 :   Logout completed	[MsgId: MMSG-17999]
2022-08-11 02:02:35.552 : - Iteration: 92	[MsgId: MMSG-17999]
2022-08-11 02:02:35.553 :   Account: jojo5/bean5	[MsgId: MMSG-17999]
2022-08-11 02:02:48.862 :   Login completed	[MsgId: MMSG-17999]
2022-08-11 02:02:51.949 :   Logout completed	[MsgId: MMSG-17999]
2022-08-11 02:04:41.560 : - Iteration: 93	[MsgId: MMSG-17999]
2022-08-11 02:04:41.560 :   Account: jojo5/bean5	[MsgId: MMSG-17999]
2022-08-11 02:04:49.852 :   Login completed	[MsgId: MMSG-17999]
2022-08-11 02:04:53.273 :   Logout completed	[MsgId: MMSG-17999]
2022-08-11 02:06:47.571 : - Iteration: 94	[MsgId: MMSG-17999]
2022-08-11 02:06:47.571 :   Account: jojo5/bean5	[MsgId: MMSG-17999]
2022-08-11 02:06:54.772 :   Login completed	[MsgId: MMSG-17999]
2022-08-11 02:07:00.223 :   Logout completed	[MsgId: MMSG-17999]
2022-08-11 02:08:53.576 : - Iteration: 95	[MsgId: MMSG-17999]
2022-08-11 02:08:53.576 :   Account: jojo5/bean5	[MsgId: MMSG-17999]
2022-08-11 02:09:02.920 :   Login completed	[MsgId: MMSG-17999]
2022-08-11 02:09:09.693 :   Logout completed	[MsgId: MMSG-17999]
2022-08-11 02:10:59.591 : - Iteration: 96	[MsgId: MMSG-17999]
2022-08-11 02:10:59.591 :   Account: jojo5/bean5	[MsgId: MMSG-17999]
2022-08-11 02:11:10.638 :   Login completed	[MsgId: MMSG-17999]
2022-08-11 02:11:15.324 :   Logout completed	[MsgId: MMSG-17999]
2022-08-11 02:13:05.604 : - Iteration: 97	[MsgId: MMSG-17999]
2022-08-11 02:13:05.604 :   Account: jojo5/bean5	[MsgId: MMSG-17999]
2022-08-11 02:13:18.076 :   Login completed	[MsgId: MMSG-17999]
2022-08-11 02:13:22.386 :   Logout completed	[MsgId: MMSG-17999]
2022-08-11 02:15:11.604 : - Iteration: 98	[MsgId: MMSG-17999]
2022-08-11 02:15:11.605 :   Account: jojo5/bean5	[MsgId: MMSG-17999]
2022-08-11 02:15:24.597 :   Login completed	[MsgId: MMSG-17999]
2022-08-11 02:15:31.214 :   Logout completed	[MsgId: MMSG-17999]
2022-08-11 02:17:17.611 : - Iteration: 99	[MsgId: MMSG-17999]
2022-08-11 02:17:17.612 :   Account: jojo5/bean5	[MsgId: MMSG-17999]
2022-08-11 02:17:29.527 :   Login completed	[MsgId: MMSG-17999]
2022-08-11 02:17:36.641 :   Logout completed	[MsgId: MMSG-17999]
2022-08-11 02:19:23.619 : - Iteration: 100	[MsgId: MMSG-17999]
2022-08-11 02:19:23.619 :   Account: jojo5/bean5	[MsgId: MMSG-17999]
2022-08-11 02:19:31.216 :   Login completed	[MsgId: MMSG-17999]
2022-08-11 02:19:36.886 :   Logout completed	[MsgId: MMSG-17999]
2022-08-11 02:21:29.632 : - Iteration: 101	[MsgId: MMSG-17999]
2022-08-11 02:21:29.632 :   Account: jojo5/bean5	[MsgId: MMSG-17999]
2022-08-11 02:21:43.276 :   Login completed	[MsgId: MMSG-17999]
2022-08-11 02:21:47.080 :   Logout completed	[MsgId: MMSG-17999]
2022-08-11 02:23:35.637 : - Iteration: 102	[MsgId: MMSG-17999]
2022-08-11 02:23:35.637 :   Account: jojo5/bean5	[MsgId: MMSG-17999]
2022-08-11 02:23:46.580 :   Login completed	[MsgId: MMSG-17999]
2022-08-11 02:23:51.282 :   Logout completed	[MsgId: MMSG-17999]
2022-08-11 02:25:41.647 : - Iteration: 103	[MsgId: MMSG-17999]
2022-08-11 02:25:41.647 :   Account: jojo5/bean5	[MsgId: MMSG-17999]
2022-08-11 02:25:48.191 :   Login completed	[MsgId: MMSG-17999]
2022-08-11 02:25:55.042 :   Logout completed	[MsgId: MMSG-17999]
2022-08-11 02:27:47.650 : - Iteration: 104	[MsgId: MMSG-17999]
2022-08-11 02:27:47.650 :   Account: jojo5/bean5	[MsgId: MMSG-17999]
2022-08-11 02:27:56.507 :   Login completed	[MsgId: MMSG-17999]
2022-08-11 02:28:02.802 :   Logout completed	[MsgId: MMSG-17999]
2022-08-11 02:29:53.660 : - Iteration: 105	[MsgId: MMSG-17999]
2022-08-11 02:29:53.660 :   Account: jojo5/bean5	[MsgId: MMSG-17999]
2022-08-11 02:30:09.178 :   Login completed	[MsgId: MMSG-17999]
2022-08-11 02:30:14.168 :   Logout completed	[MsgId: MMSG-17999]
2022-08-11 02:31:59.675 : - Iteration: 106	[MsgId: MMSG-17999]
2022-08-11 02:31:59.675 :   Account: jojo5/bean5	[MsgId: MMSG-17999]
2022-08-11 02:32:13.631 :   Login completed	[MsgId: MMSG-17999]
2022-08-11 02:32:18.086 :   Logout completed	[MsgId: MMSG-17999]
2022-08-11 02:34:05.680 : - Iteration: 107	[MsgId: MMSG-17999]
2022-08-11 02:34:05.680 :   Account: jojo5/bean5	[MsgId: MMSG-17999]
2022-08-11 02:34:12.735 :   Login completed	[MsgId: MMSG-17999]
2022-08-11 02:34:17.973 :   Logout completed	[MsgId: MMSG-17999]
2022-08-11 02:36:11.692 : - Iteration: 108	[MsgId: MMSG-17999]
2022-08-11 02:36:11.692 :   Account: jojo5/bean5	[MsgId: MMSG-17999]
2022-08-11 02:36:20.147 :   Login completed	[MsgId: MMSG-17999]
2022-08-11 02:36:26.756 :   Logout completed	[MsgId: MMSG-17999]
2022-08-11 02:38:17.703 : - Iteration: 109	[MsgId: MMSG-17999]
2022-08-11 02:38:17.703 :   Account: jojo5/bean5	[MsgId: MMSG-17999]
2022-08-11 02:38:26.542 :   Login completed	[MsgId: MMSG-17999]
2022-08-11 02:38:31.916 :   Logout completed	[MsgId: MMSG-17999]
2022-08-11 02:40:23.708 : - Iteration: 110	[MsgId: MMSG-17999]
2022-08-11 02:40:23.708 :   Account: jojo5/bean5	[MsgId: MMSG-17999]
2022-08-11 02:40:31.716 :   Login completed	[MsgId: MMSG-17999]
2022-08-11 02:40:37.399 :   Logout completed	[MsgId: MMSG-17999]
2022-08-11 02:42:29.714 : - Iteration: 111	[MsgId: MMSG-17999]
2022-08-11 02:42:29.714 :   Account: jojo5/bean5	[MsgId: MMSG-17999]
2022-08-11 02:42:42.551 :   Login completed	[MsgId: MMSG-17999]
2022-08-11 02:42:46.488 :   Logout completed	[MsgId: MMSG-17999]
2022-08-11 02:44:35.729 : - Iteration: 112	[MsgId: MMSG-17999]
2022-08-11 02:44:35.729 :   Account: jojo5/bean5	[MsgId: MMSG-17999]
2022-08-11 02:44:45.742 :   Login completed	[MsgId: MMSG-17999]
2022-08-11 02:44:48.736 :   Logout completed	[MsgId: MMSG-17999]
2022-08-11 02:46:41.737 : - Iteration: 113	[MsgId: MMSG-17999]
2022-08-11 02:46:41.737 :   Account: jojo5/bean5	[MsgId: MMSG-17999]
2022-08-11 02:46:50.502 :   Login completed	[MsgId: MMSG-17999]
2022-08-11 02:46:56.114 :   Logout completed	[MsgId: MMSG-17999]
2022-08-11 02:48:47.741 : - Iteration: 114	[MsgId: MMSG-17999]
2022-08-11 02:48:47.742 :   Account: jojo5/bean5	[MsgId: MMSG-17999]
2022-08-11 02:48:55.464 :   Login completed	[MsgId: MMSG-17999]
2022-08-11 02:49:01.245 :   Logout completed	[MsgId: MMSG-17999]
2022-08-11 02:50:53.751 : - Iteration: 115	[MsgId: MMSG-17999]
2022-08-11 02:50:53.752 :   Account: jojo5/bean5	[MsgId: MMSG-17999]
2022-08-11 02:51:00.204 :   Login completed	[MsgId: MMSG-17999]
2022-08-11 02:51:04.188 :   Logout completed	[MsgId: MMSG-17999]
2022-08-11 02:52:59.756 : - Iteration: 116	[MsgId: MMSG-17999]
2022-08-11 02:52:59.756 :   Account: jojo5/bean5	[MsgId: MMSG-17999]
2022-08-11 02:53:07.645 :   Login completed	[MsgId: MMSG-17999]
2022-08-11 02:53:12.757 :   Logout completed	[MsgId: MMSG-17999]
2022-08-11 02:55:05.761 : - Iteration: 117	[MsgId: MMSG-17999]
2022-08-11 02:55:05.761 :   Account: jojo5/bean5	[MsgId: MMSG-17999]
2022-08-11 02:55:13.165 :   Login completed	[MsgId: MMSG-17999]
2022-08-11 02:55:16.381 :   Logout completed	[MsgId: MMSG-17999]
2022-08-11 02:57:11.767 : - Iteration: 118	[MsgId: MMSG-17999]
2022-08-11 02:57:11.767 :   Account: jojo5/bean5	[MsgId: MMSG-17999]
2022-08-11 02:57:23.468 :   Login completed	[MsgId: MMSG-17999]
2022-08-11 02:57:29.553 :   Logout completed	[MsgId: MMSG-17999]
2022-08-11 02:59:17.777 : - Iteration: 119	[MsgId: MMSG-17999]
2022-08-11 02:59:17.777 :   Account: jojo5/bean5	[MsgId: MMSG-17999]
2022-08-11 02:59:30.053 :   Login completed	[MsgId: MMSG-17999]
2022-08-11 02:59:32.979 :   Logout completed	[MsgId: MMSG-17999]
2022-08-11 03:01:23.781 : - Iteration: 120	[MsgId: MMSG-17999]
2022-08-11 03:01:23.781 :   Account: jojo5/bean5	[MsgId: MMSG-17999]
2022-08-11 03:01:37.148 :   Login completed	[MsgId: MMSG-17999]
2022-08-11 03:01:41.172 :   Logout completed	[MsgId: MMSG-17999]
2022-08-11 03:03:29.795 : - Iteration: 121	[MsgId: MMSG-17999]
2022-08-11 03:03:29.795 :   Account: jojo5/bean5	[MsgId: MMSG-17999]
2022-08-11 03:03:44.379 :   Login completed	[MsgId: MMSG-17999]
2022-08-11 03:03:51.193 :   Logout completed	[MsgId: MMSG-17999]
2022-08-11 03:05:35.803 : - Iteration: 122	[MsgId: MMSG-17999]
2022-08-11 03:05:35.803 :   Account: jojo5/bean5	[MsgId: MMSG-17999]
2022-08-11 03:05:43.405 :   Login completed	[MsgId: MMSG-17999]
2022-08-11 03:05:48.489 :   Logout completed	[MsgId: MMSG-17999]
2022-08-11 03:07:41.811 : - Iteration: 123	[MsgId: MMSG-17999]
2022-08-11 03:07:41.811 :   Account: jojo5/bean5	[MsgId: MMSG-17999]
2022-08-11 03:07:48.145 :   Login completed	[MsgId: MMSG-17999]
2022-08-11 03:07:52.602 :   Logout completed	[MsgId: MMSG-17999]
2022-08-11 03:09:47.816 : - Iteration: 124	[MsgId: MMSG-17999]
2022-08-11 03:09:47.816 :   Account: jojo5/bean5	[MsgId: MMSG-17999]
2022-08-11 03:10:03.091 :   Login completed	[MsgId: MMSG-17999]
2022-08-11 03:10:08.902 :   Logout completed	[MsgId: MMSG-17999]
2022-08-11 03:11:53.825 : - Iteration: 125	[MsgId: MMSG-17999]
2022-08-11 03:11:53.825 :   Account: jojo5/bean5	[MsgId: MMSG-17999]
2022-08-11 03:12:04.858 :   Login completed	[MsgId: MMSG-17999]
2022-08-11 03:12:10.547 :   Logout completed	[MsgId: MMSG-17999]
2022-08-11 03:13:59.824 : - Iteration: 126	[MsgId: MMSG-17999]
2022-08-11 03:13:59.825 :   Account: jojo5/bean5	[MsgId: MMSG-17999]
2022-08-11 03:14:07.689 :   Login completed	[MsgId: MMSG-17999]
2022-08-11 03:14:14.503 :   Logout completed	[MsgId: MMSG-17999]
2022-08-11 03:16:05.825 : - Iteration: 127	[MsgId: MMSG-17999]
2022-08-11 03:16:05.825 :   Account: jojo5/bean5	[MsgId: MMSG-17999]
2022-08-11 03:16:13.323 :   Login completed	[MsgId: MMSG-17999]
2022-08-11 03:16:16.432 :   Logout completed	[MsgId: MMSG-17999]
2022-08-11 03:18:11.838 : - Iteration: 128	[MsgId: MMSG-17999]
2022-08-11 03:18:11.838 :   Account: jojo5/bean5	[MsgId: MMSG-17999]
2022-08-11 03:18:25.523 :   Login completed	[MsgId: MMSG-17999]
2022-08-11 03:18:33.148 :   Logout completed	[MsgId: MMSG-17999]
2022-08-11 03:20:17.850 : - Iteration: 129	[MsgId: MMSG-17999]
2022-08-11 03:20:17.850 :   Account: jojo5/bean5	[MsgId: MMSG-17999]
2022-08-11 03:20:24.803 :   Login completed	[MsgId: MMSG-17999]
2022-08-11 03:20:31.079 :   Logout completed	[MsgId: MMSG-17999]
2022-08-11 03:22:23.852 : - Iteration: 130	[MsgId: MMSG-17999]
2022-08-11 03:22:23.852 :   Account: jojo5/bean5	[MsgId: MMSG-17999]
2022-08-11 03:22:35.088 :   Login completed	[MsgId: MMSG-17999]
2022-08-11 03:22:42.636 :   Logout completed	[MsgId: MMSG-17999]
2022-08-11 03:24:29.859 : - Iteration: 131	[MsgId: MMSG-17999]
2022-08-11 03:24:29.859 :   Account: jojo5/bean5	[MsgId: MMSG-17999]
2022-08-11 03:24:45.347 :   Login completed	[MsgId: MMSG-17999]
2022-08-11 03:24:50.116 :   Logout completed	[MsgId: MMSG-17999]
2022-08-11 03:26:36.083 : - Iteration: 132	[MsgId: MMSG-17999]
2022-08-11 03:26:36.084 :   Account: jojo5/bean5	[MsgId: MMSG-17999]
2022-08-11 03:26:44.189 :   Login completed	[MsgId: MMSG-17999]
2022-08-11 03:26:50.045 :   Logout completed	[MsgId: MMSG-17999]
2022-08-11 03:28:42.068 : - Iteration: 133	[MsgId: MMSG-17999]
2022-08-11 03:28:42.069 :   Account: jojo5/bean5	[MsgId: MMSG-17999]
2022-08-11 03:28:50.595 :   Login completed	[MsgId: MMSG-17999]
2022-08-11 03:28:55.671 :   Logout completed	[MsgId: MMSG-17999]
2022-08-11 03:30:48.068 : - Iteration: 134	[MsgId: MMSG-17999]
2022-08-11 03:30:48.069 :   Account: jojo5/bean5	[MsgId: MMSG-17999]
2022-08-11 03:30:57.140 :   Login completed	[MsgId: MMSG-17999]
2022-08-11 03:31:00.500 :   Logout completed	[MsgId: MMSG-17999]
2022-08-11 03:32:54.072 : - Iteration: 135	[MsgId: MMSG-17999]
2022-08-11 03:32:54.072 :   Account: jojo5/bean5	[MsgId: MMSG-17999]
2022-08-11 03:33:08.223 :   Login completed	[MsgId: MMSG-17999]
2022-08-11 03:33:13.587 :   Logout completed	[MsgId: MMSG-17999]
2022-08-11 03:35:00.076 : - Iteration: 136	[MsgId: MMSG-17999]
2022-08-11 03:35:00.076 :   Account: jojo5/bean5	[MsgId: MMSG-17999]
2022-08-11 03:35:11.223 :   Login completed	[MsgId: MMSG-17999]
2022-08-11 03:35:16.010 :   Logout completed	[MsgId: MMSG-17999]
2022-08-11 03:37:06.082 : - Iteration: 137	[MsgId: MMSG-17999]
2022-08-11 03:37:06.082 :   Account: jojo5/bean5	[MsgId: MMSG-17999]
2022-08-11 03:37:21.012 :   Login completed	[MsgId: MMSG-17999]
2022-08-11 03:37:25.744 :   Logout completed	[MsgId: MMSG-17999]
2022-08-11 03:39:12.090 : - Iteration: 138	[MsgId: MMSG-17999]
2022-08-11 03:39:12.090 :   Account: jojo5/bean5	[MsgId: MMSG-17999]
2022-08-11 03:39:24.224 :   Login completed	[MsgId: MMSG-17999]
2022-08-11 03:39:27.707 :   Logout completed	[MsgId: MMSG-17999]
2022-08-11 03:41:18.104 : - Iteration: 139	[MsgId: MMSG-17999]
2022-08-11 03:41:18.104 :   Account: jojo5/bean5	[MsgId: MMSG-17999]
2022-08-11 03:41:31.072 :   Login completed	[MsgId: MMSG-17999]
2022-08-11 03:41:35.516 :   Logout completed	[MsgId: MMSG-17999]
2022-08-11 03:43:24.111 : - Iteration: 140	[MsgId: MMSG-17999]
2022-08-11 03:43:24.111 :   Account: jojo5/bean5	[MsgId: MMSG-17999]
2022-08-11 03:43:33.832 :   Login completed	[MsgId: MMSG-17999]
2022-08-11 03:43:37.396 :   Logout completed	[MsgId: MMSG-17999]
2022-08-11 03:45:30.116 : - Iteration: 141	[MsgId: MMSG-17999]
2022-08-11 03:45:30.116 :   Account: jojo5/bean5	[MsgId: MMSG-17999]
2022-08-11 03:45:37.974 :   Login completed	[MsgId: MMSG-17999]
2022-08-11 03:45:43.056 :   Logout completed	[MsgId: MMSG-17999]
2022-08-11 03:47:36.133 : - Iteration: 142	[MsgId: MMSG-17999]
2022-08-11 03:47:36.133 :   Account: jojo5/bean5	[MsgId: MMSG-17999]
2022-08-11 03:47:44.873 :   Login completed	[MsgId: MMSG-17999]
2022-08-11 03:47:48.886 :   Logout completed	[MsgId: MMSG-17999]
2022-08-11 03:49:42.144 : - Iteration: 143	[MsgId: MMSG-17999]
2022-08-11 03:49:42.144 :   Account: jojo5/bean5	[MsgId: MMSG-17999]
2022-08-11 03:49:54.640 :   Login completed	[MsgId: MMSG-17999]
2022-08-11 03:50:01.498 :   Logout completed	[MsgId: MMSG-17999]
2022-08-11 03:51:48.150 : - Iteration: 144	[MsgId: MMSG-17999]
2022-08-11 03:51:48.151 :   Account: jojo5/bean5	[MsgId: MMSG-17999]
2022-08-11 03:51:57.932 :   Login completed	[MsgId: MMSG-17999]
2022-08-11 03:52:05.180 :   Logout completed	[MsgId: MMSG-17999]
2022-08-11 03:53:54.161 : - Iteration: 145	[MsgId: MMSG-17999]
2022-08-11 03:53:54.161 :   Account: jojo5/bean5	[MsgId: MMSG-17999]
2022-08-11 03:54:08.873 :   Login completed	[MsgId: MMSG-17999]
2022-08-11 03:54:15.155 :   Logout completed	[MsgId: MMSG-17999]
2022-08-11 03:56:00.172 : - Iteration: 146	[MsgId: MMSG-17999]
2022-08-11 03:56:00.173 :   Account: jojo5/bean5	[MsgId: MMSG-17999]
2022-08-11 03:56:06.799 :   Login completed	[MsgId: MMSG-17999]
2022-08-11 03:56:11.245 :   Logout completed	[MsgId: MMSG-17999]
2022-08-11 03:58:06.183 : - Iteration: 147	[MsgId: MMSG-17999]
2022-08-11 03:58:06.184 :   Account: jojo5/bean5	[MsgId: MMSG-17999]
2022-08-11 03:58:19.301 :   Login completed	[MsgId: MMSG-17999]
2022-08-11 03:58:25.387 :   Logout completed	[MsgId: MMSG-17999]
2022-08-11 04:00:12.197 : - Iteration: 148	[MsgId: MMSG-17999]
2022-08-11 04:00:12.198 :   Account: jojo5/bean5	[MsgId: MMSG-17999]
2022-08-11 04:00:25.384 :   Login completed	[MsgId: MMSG-17999]
2022-08-11 04:00:30.797 :   Logout completed	[MsgId: MMSG-17999]
2022-08-11 04:02:18.202 : - Iteration: 149	[MsgId: MMSG-17999]
2022-08-11 04:02:18.202 :   Account: jojo5/bean5	[MsgId: MMSG-17999]
2022-08-11 04:02:25.177 :   Login completed	[MsgId: MMSG-17999]
2022-08-11 04:02:30.534 :   Logout completed	[MsgId: MMSG-17999]
2022-08-11 04:04:24.209 : - Iteration: 150	[MsgId: MMSG-17999]
2022-08-11 04:04:24.209 :   Account: jojo5/bean5	[MsgId: MMSG-17999]
2022-08-11 04:04:33.088 :   Login completed	[MsgId: MMSG-17999]
2022-08-11 04:04:38.701 :   Logout completed	[MsgId: MMSG-17999]
2022-08-11 04:06:30.217 : - Iteration: 151	[MsgId: MMSG-17999]
2022-08-11 04:06:30.217 :   Account: jojo5/bean5	[MsgId: MMSG-17999]
2022-08-11 04:06:38.480 :   Login completed	[MsgId: MMSG-17999]
2022-08-11 04:06:45.851 :   Logout completed	[MsgId: MMSG-17999]
2022-08-11 04:08:36.231 : - Iteration: 152	[MsgId: MMSG-17999]
2022-08-11 04:08:36.231 :   Account: jojo5/bean5	[MsgId: MMSG-17999]
2022-08-11 04:08:43.588 :   Login completed	[MsgId: MMSG-17999]
2022-08-11 04:08:49.259 :   Logout completed	[MsgId: MMSG-17999]
2022-08-11 04:10:42.237 : - Iteration: 153	[MsgId: MMSG-17999]
2022-08-11 04:10:42.238 :   Account: jojo5/bean5	[MsgId: MMSG-17999]
2022-08-11 04:10:49.460 :   Login completed	[MsgId: MMSG-17999]
2022-08-11 04:10:54.116 :   Logout completed	[MsgId: MMSG-17999]
2022-08-11 04:12:48.248 : - Iteration: 154	[MsgId: MMSG-17999]
2022-08-11 04:12:48.248 :   Account: jojo5/bean5	[MsgId: MMSG-17999]
2022-08-11 04:12:59.812 :   Login completed	[MsgId: MMSG-17999]
2022-08-11 04:13:02.632 :   Logout completed	[MsgId: MMSG-17999]
2022-08-11 04:14:54.250 : - Iteration: 155	[MsgId: MMSG-17999]
2022-08-11 04:14:54.250 :   Account: jojo5/bean5	[MsgId: MMSG-17999]
2022-08-11 04:15:00.861 :   Login completed	[MsgId: MMSG-17999]
2022-08-11 04:15:05.997 :   Logout completed	[MsgId: MMSG-17999]
2022-08-11 04:17:00.255 : - Iteration: 156	[MsgId: MMSG-17999]
2022-08-11 04:17:00.255 :   Account: jojo5/bean5	[MsgId: MMSG-17999]
2022-08-11 04:17:07.589 :   Login completed	[MsgId: MMSG-17999]
2022-08-11 04:17:11.312 :   Logout completed	[MsgId: MMSG-17999]
2022-08-11 04:19:06.266 : - Iteration: 157	[MsgId: MMSG-17999]
2022-08-11 04:19:06.266 :   Account: jojo5/bean5	[MsgId: MMSG-17999]
2022-08-11 04:19:12.232 :   Login completed	[MsgId: MMSG-17999]
2022-08-11 04:19:18.505 :   Logout completed	[MsgId: MMSG-17999]
2022-08-11 04:21:12.278 : - Iteration: 158	[MsgId: MMSG-17999]
2022-08-11 04:21:12.278 :   Account: jojo5/bean5	[MsgId: MMSG-17999]
2022-08-11 04:21:25.696 :   Login completed	[MsgId: MMSG-17999]
2022-08-11 04:21:29.572 :   Logout completed	[MsgId: MMSG-17999]
2022-08-11 04:23:18.291 : - Iteration: 159	[MsgId: MMSG-17999]
2022-08-11 04:23:18.291 :   Account: jojo5/bean5	[MsgId: MMSG-17999]
2022-08-11 04:23:28.437 :   Login completed	[MsgId: MMSG-17999]
2022-08-11 04:23:32.252 :   Logout completed	[MsgId: MMSG-17999]
2022-08-11 04:25:24.302 : - Iteration: 160	[MsgId: MMSG-17999]
2022-08-11 04:25:24.303 :   Account: jojo5/bean5	[MsgId: MMSG-17999]
2022-08-11 04:25:37.558 :   Login completed	[MsgId: MMSG-17999]
2022-08-11 04:25:41.711 :   Logout completed	[MsgId: MMSG-17999]
2022-08-11 04:27:30.312 : - Iteration: 161	[MsgId: MMSG-17999]
2022-08-11 04:27:30.313 :   Account: jojo5/bean5	[MsgId: MMSG-17999]
2022-08-11 04:27:44.674 :   Login completed	[MsgId: MMSG-17999]
2022-08-11 04:27:49.855 :   Logout completed	[MsgId: MMSG-17999]
2022-08-11 04:29:36.318 : - Iteration: 162	[MsgId: MMSG-17999]
2022-08-11 04:29:36.320 :   Account: jojo5/bean5	[MsgId: MMSG-17999]
2022-08-11 04:29:45.189 :   Login completed	[MsgId: MMSG-17999]
2022-08-11 04:29:52.600 :   Logout completed	[MsgId: MMSG-17999]
2022-08-11 04:31:42.329 : - Iteration: 163	[MsgId: MMSG-17999]
2022-08-11 04:31:42.329 :   Account: jojo5/bean5	[MsgId: MMSG-17999]
2022-08-11 04:31:57.171 :   Login completed	[MsgId: MMSG-17999]
2022-08-11 04:32:00.210 :   Logout completed	[MsgId: MMSG-17999]
2022-08-11 04:33:48.340 : - Iteration: 164	[MsgId: MMSG-17999]
2022-08-11 04:33:48.340 :   Account: jojo5/bean5	[MsgId: MMSG-17999]
2022-08-11 04:34:01.937 :   Login completed	[MsgId: MMSG-17999]
2022-08-11 04:34:07.604 :   Logout completed	[MsgId: MMSG-17999]
2022-08-11 04:35:54.347 : - Iteration: 165	[MsgId: MMSG-17999]
2022-08-11 04:35:54.348 :   Account: jojo5/bean5	[MsgId: MMSG-17999]
2022-08-11 04:36:00.037 :   Login completed	[MsgId: MMSG-17999]
2022-08-11 04:36:07.435 :   Logout completed	[MsgId: MMSG-17999]
2022-08-11 04:38:00.353 : - Iteration: 166	[MsgId: MMSG-17999]
2022-08-11 04:38:00.353 :   Account: jojo5/bean5	[MsgId: MMSG-17999]
2022-08-11 04:38:06.605 :   Login completed	[MsgId: MMSG-17999]
2022-08-11 04:38:13.489 :   Logout completed	[MsgId: MMSG-17999]
2022-08-11 04:40:06.362 : - Iteration: 167	[MsgId: MMSG-17999]
2022-08-11 04:40:06.363 :   Account: jojo5/bean5	[MsgId: MMSG-17999]
2022-08-11 04:40:18.598 :   Login completed	[MsgId: MMSG-17999]
2022-08-11 04:40:24.278 :   Logout completed	[MsgId: MMSG-17999]
2022-08-11 04:42:12.372 : - Iteration: 168	[MsgId: MMSG-17999]
2022-08-11 04:42:12.373 :   Account: jojo5/bean5	[MsgId: MMSG-17999]
2022-08-11 04:42:27.727 :   Login completed	[MsgId: MMSG-17999]
2022-08-11 04:42:35.488 :   Logout completed	[MsgId: MMSG-17999]
2022-08-11 04:44:18.380 : - Iteration: 169	[MsgId: MMSG-17999]
2022-08-11 04:44:18.380 :   Account: jojo5/bean5	[MsgId: MMSG-17999]
2022-08-11 04:44:25.657 :   Login completed	[MsgId: MMSG-17999]
2022-08-11 04:44:28.583 :   Logout completed	[MsgId: MMSG-17999]
2022-08-11 04:46:24.394 : - Iteration: 170	[MsgId: MMSG-17999]
2022-08-11 04:46:24.394 :   Account: jojo5/bean5	[MsgId: MMSG-17999]
2022-08-11 04:46:35.677 :   Login completed	[MsgId: MMSG-17999]
2022-08-11 04:46:39.144 :   Logout completed	[MsgId: MMSG-17999]
2022-08-11 04:48:30.401 : - Iteration: 171	[MsgId: MMSG-17999]
2022-08-11 04:48:30.402 :   Account: jojo5/bean5	[MsgId: MMSG-17999]
2022-08-11 04:48:42.515 :   Login completed	[MsgId: MMSG-17999]
2022-08-11 04:48:47.940 :   Logout completed	[MsgId: MMSG-17999]
2022-08-11 04:50:36.410 : - Iteration: 172	[MsgId: MMSG-17999]
2022-08-11 04:50:36.410 :   Account: jojo5/bean5	[MsgId: MMSG-17999]
2022-08-11 04:50:44.160 :   Login completed	[MsgId: MMSG-17999]
2022-08-11 04:50:48.860 :   Logout completed	[MsgId: MMSG-17999]
2022-08-11 04:52:42.415 : - Iteration: 173	[MsgId: MMSG-17999]
2022-08-11 04:52:42.415 :   Account: jojo5/bean5	[MsgId: MMSG-17999]
2022-08-11 04:52:50.934 :   Login completed	[MsgId: MMSG-17999]
2022-08-11 04:52:57.366 :   Logout completed	[MsgId: MMSG-17999]
2022-08-11 04:54:48.425 : - Iteration: 174	[MsgId: MMSG-17999]
2022-08-11 04:54:48.425 :   Account: jojo5/bean5	[MsgId: MMSG-17999]
2022-08-11 04:54:57.589 :   Login completed	[MsgId: MMSG-17999]
2022-08-11 04:55:01.598 :   Logout completed	[MsgId: MMSG-17999]
2022-08-11 04:56:54.436 : - Iteration: 175	[MsgId: MMSG-17999]
2022-08-11 04:56:54.436 :   Account: jojo5/bean5	[MsgId: MMSG-17999]
2022-08-11 04:57:00.199 :   Login completed	[MsgId: MMSG-17999]
2022-08-11 04:57:04.910 :   Logout completed	[MsgId: MMSG-17999]
2022-08-11 04:59:00.448 : - Iteration: 176	[MsgId: MMSG-17999]
2022-08-11 04:59:00.449 :   Account: jojo5/bean5	[MsgId: MMSG-17999]
2022-08-11 04:59:06.992 :   Login completed	[MsgId: MMSG-17999]
2022-08-11 04:59:14.385 :   Logout completed	[MsgId: MMSG-17999]
2022-08-11 05:01:06.460 : - Iteration: 177	[MsgId: MMSG-17999]
2022-08-11 05:01:06.460 :   Account: jojo5/bean5	[MsgId: MMSG-17999]
2022-08-11 05:01:14.682 :   Login completed	[MsgId: MMSG-17999]
2022-08-11 05:01:21.814 :   Logout completed	[MsgId: MMSG-17999]
