2022-08-11 02:56:00.141 : URL = localhost:1080	[MsgId: MMSG-17999]
2022-08-11 02:56:00.175 : - Iteration: 1	[MsgId: MMSG-17999]
2022-08-11 02:56:00.175 :   Account: jojo23/bean23	[MsgId: MMSG-17999]
2022-08-11 02:56:09.600 :   Login completed	[MsgId: MMSG-17999]
2022-08-11 02:56:15.509 :   Logout completed	[MsgId: MMSG-17999]
2022-08-11 02:58:06.188 : - Iteration: 2	[MsgId: MMSG-17999]
2022-08-11 02:58:06.188 :   Account: jojo23/bean23	[MsgId: MMSG-17999]
2022-08-11 02:58:19.456 :   Login completed	[MsgId: MMSG-17999]
2022-08-11 02:58:22.322 :   Logout completed	[MsgId: MMSG-17999]
2022-08-11 03:00:12.201 : - Iteration: 3	[MsgId: MMSG-17999]
2022-08-11 03:00:12.201 :   Account: jojo23/bean23	[MsgId: MMSG-17999]
2022-08-11 03:00:25.553 :   Login completed	[MsgId: MMSG-17999]
2022-08-11 03:00:28.354 :   Logout completed	[MsgId: MMSG-17999]
2022-08-11 03:02:18.201 : - Iteration: 4	[MsgId: MMSG-17999]
2022-08-11 03:02:18.201 :   Account: jojo23/bean23	[MsgId: MMSG-17999]
2022-08-11 03:02:24.024 :   Login completed	[MsgId: MMSG-17999]
2022-08-11 03:02:30.281 :   Logout completed	[MsgId: MMSG-17999]
2022-08-11 03:04:24.204 : - Iteration: 5	[MsgId: MMSG-17999]
2022-08-11 03:04:24.204 :   Account: jojo23/bean23	[MsgId: MMSG-17999]
2022-08-11 03:04:30.392 :   Login completed	[MsgId: MMSG-17999]
2022-08-11 03:04:34.668 :   Logout completed	[MsgId: MMSG-17999]
2022-08-11 03:06:30.204 : - Iteration: 6	[MsgId: MMSG-17999]
2022-08-11 03:06:30.204 :   Account: jojo23/bean23	[MsgId: MMSG-17999]
2022-08-11 03:06:44.833 :   Login completed	[MsgId: MMSG-17999]
2022-08-11 03:06:50.776 :   Logout completed	[MsgId: MMSG-17999]
2022-08-11 03:08:36.212 : - Iteration: 7	[MsgId: MMSG-17999]
2022-08-11 03:08:36.212 :   Account: jojo23/bean23	[MsgId: MMSG-17999]
2022-08-11 03:08:42.333 :   Login completed	[MsgId: MMSG-17999]
2022-08-11 03:08:46.356 :   Logout completed	[MsgId: MMSG-17999]
2022-08-11 03:10:42.224 : - Iteration: 8	[MsgId: MMSG-17999]
2022-08-11 03:10:42.224 :   Account: jojo23/bean23	[MsgId: MMSG-17999]
2022-08-11 03:10:55.568 :   Login completed	[MsgId: MMSG-17999]
2022-08-11 03:10:59.257 :   Logout completed	[MsgId: MMSG-17999]
2022-08-11 03:12:48.230 : - Iteration: 9	[MsgId: MMSG-17999]
2022-08-11 03:12:48.230 :   Account: jojo23/bean23	[MsgId: MMSG-17999]
2022-08-11 03:13:02.451 :   Login completed	[MsgId: MMSG-17999]
2022-08-11 03:13:07.807 :   Logout completed	[MsgId: MMSG-17999]
2022-08-11 03:14:54.239 : - Iteration: 10	[MsgId: MMSG-17999]
2022-08-11 03:14:54.239 :   Account: jojo23/bean23	[MsgId: MMSG-17999]
2022-08-11 03:15:08.722 :   Login completed	[MsgId: MMSG-17999]
2022-08-11 03:15:11.633 :   Logout completed	[MsgId: MMSG-17999]
2022-08-11 03:17:00.245 : - Iteration: 11	[MsgId: MMSG-17999]
2022-08-11 03:17:00.245 :   Account: jojo23/bean23	[MsgId: MMSG-17999]
2022-08-11 03:17:15.158 :   Login completed	[MsgId: MMSG-17999]
2022-08-11 03:17:22.668 :   Logout completed	[MsgId: MMSG-17999]
2022-08-11 03:19:06.254 : - Iteration: 12	[MsgId: MMSG-17999]
2022-08-11 03:19:06.255 :   Account: jojo23/bean23	[MsgId: MMSG-17999]
2022-08-11 03:19:12.731 :   Login completed	[MsgId: MMSG-17999]
2022-08-11 03:19:18.895 :   Logout completed	[MsgId: MMSG-17999]
2022-08-11 03:21:12.262 : - Iteration: 13	[MsgId: MMSG-17999]
2022-08-11 03:21:12.262 :   Account: jojo23/bean23	[MsgId: MMSG-17999]
2022-08-11 03:21:21.201 :   Login completed	[MsgId: MMSG-17999]
2022-08-11 03:21:27.417 :   Logout completed	[MsgId: MMSG-17999]
2022-08-11 03:23:18.274 : - Iteration: 14	[MsgId: MMSG-17999]
2022-08-11 03:23:18.274 :   Account: jojo23/bean23	[MsgId: MMSG-17999]
2022-08-11 03:23:28.527 :   Login completed	[MsgId: MMSG-17999]
2022-08-11 03:23:35.873 :   Logout completed	[MsgId: MMSG-17999]
2022-08-11 03:25:24.283 : - Iteration: 15	[MsgId: MMSG-17999]
2022-08-11 03:25:24.283 :   Account: jojo23/bean23	[MsgId: MMSG-17999]
2022-08-11 03:25:36.461 :   Login completed	[MsgId: MMSG-17999]
2022-08-11 03:25:41.326 :   Logout completed	[MsgId: MMSG-17999]
2022-08-11 03:27:30.296 : - Iteration: 16	[MsgId: MMSG-17999]
2022-08-11 03:27:30.297 :   Account: jojo23/bean23	[MsgId: MMSG-17999]
2022-08-11 03:27:44.498 :   Login completed	[MsgId: MMSG-17999]
2022-08-11 03:27:49.779 :   Logout completed	[MsgId: MMSG-17999]
2022-08-11 03:29:36.304 : - Iteration: 17	[MsgId: MMSG-17999]
2022-08-11 03:29:36.305 :   Account: jojo23/bean23	[MsgId: MMSG-17999]
2022-08-11 03:29:44.213 :   Login completed	[MsgId: MMSG-17999]
2022-08-11 03:29:51.764 :   Logout completed	[MsgId: MMSG-17999]
2022-08-11 03:31:42.309 : - Iteration: 18	[MsgId: MMSG-17999]
2022-08-11 03:31:42.310 :   Account: jojo23/bean23	[MsgId: MMSG-17999]
2022-08-11 03:31:56.673 :   Login completed	[MsgId: MMSG-17999]
2022-08-11 03:32:00.575 :   Logout completed	[MsgId: MMSG-17999]
2022-08-11 03:33:48.314 : - Iteration: 19	[MsgId: MMSG-17999]
2022-08-11 03:33:48.314 :   Account: jojo23/bean23	[MsgId: MMSG-17999]
2022-08-11 03:34:01.229 :   Login completed	[MsgId: MMSG-17999]
2022-08-11 03:34:04.653 :   Logout completed	[MsgId: MMSG-17999]
2022-08-11 03:35:54.330 : - Iteration: 20	[MsgId: MMSG-17999]
2022-08-11 03:35:54.330 :   Account: jojo23/bean23	[MsgId: MMSG-17999]
2022-08-11 03:35:59.985 :   Login completed	[MsgId: MMSG-17999]
2022-08-11 03:36:02.908 :   Logout completed	[MsgId: MMSG-17999]
2022-08-11 03:38:00.330 : - Iteration: 21	[MsgId: MMSG-17999]
2022-08-11 03:38:00.330 :   Account: jojo23/bean23	[MsgId: MMSG-17999]
2022-08-11 03:38:10.989 :   Login completed	[MsgId: MMSG-17999]
2022-08-11 03:38:17.502 :   Logout completed	[MsgId: MMSG-17999]
2022-08-11 03:40:06.346 : - Iteration: 22	[MsgId: MMSG-17999]
2022-08-11 03:40:06.346 :   Account: jojo23/bean23	[MsgId: MMSG-17999]
2022-08-11 03:40:14.480 :   Login completed	[MsgId: MMSG-17999]
2022-08-11 03:40:19.435 :   Logout completed	[MsgId: MMSG-17999]
2022-08-11 03:42:12.348 : - Iteration: 23	[MsgId: MMSG-17999]
2022-08-11 03:42:12.348 :   Account: jojo23/bean23	[MsgId: MMSG-17999]
2022-08-11 03:42:22.764 :   Login completed	[MsgId: MMSG-17999]
2022-08-11 03:42:27.504 :   Logout completed	[MsgId: MMSG-17999]
2022-08-11 03:44:18.362 : - Iteration: 24	[MsgId: MMSG-17999]
2022-08-11 03:44:18.362 :   Account: jojo23/bean23	[MsgId: MMSG-17999]
2022-08-11 03:44:25.834 :   Login completed	[MsgId: MMSG-17999]
2022-08-11 03:44:30.415 :   Logout completed	[MsgId: MMSG-17999]
2022-08-11 03:46:24.372 : - Iteration: 25	[MsgId: MMSG-17999]
2022-08-11 03:46:24.373 :   Account: jojo23/bean23	[MsgId: MMSG-17999]
2022-08-11 03:46:38.448 :   Login completed	[MsgId: MMSG-17999]
2022-08-11 03:46:42.676 :   Logout completed	[MsgId: MMSG-17999]
2022-08-11 03:48:30.387 : - Iteration: 26	[MsgId: MMSG-17999]
2022-08-11 03:48:30.387 :   Account: jojo23/bean23	[MsgId: MMSG-17999]
2022-08-11 03:48:40.337 :   Login completed	[MsgId: MMSG-17999]
2022-08-11 03:48:47.482 :   Logout completed	[MsgId: MMSG-17999]
2022-08-11 03:50:36.402 : - Iteration: 27	[MsgId: MMSG-17999]
2022-08-11 03:50:36.402 :   Account: jojo23/bean23	[MsgId: MMSG-17999]
2022-08-11 03:50:45.813 :   Login completed	[MsgId: MMSG-17999]
2022-08-11 03:50:50.100 :   Logout completed	[MsgId: MMSG-17999]
2022-08-11 03:52:42.405 : - Iteration: 28	[MsgId: MMSG-17999]
2022-08-11 03:52:42.405 :   Account: jojo23/bean23	[MsgId: MMSG-17999]
2022-08-11 03:52:53.276 :   Login completed	[MsgId: MMSG-17999]
2022-08-11 03:52:59.451 :   Logout completed	[MsgId: MMSG-17999]
2022-08-11 03:54:48.414 : - Iteration: 29	[MsgId: MMSG-17999]
2022-08-11 03:54:48.414 :   Account: jojo23/bean23	[MsgId: MMSG-17999]
2022-08-11 03:54:58.846 :   Login completed	[MsgId: MMSG-17999]
2022-08-11 03:55:03.301 :   Logout completed	[MsgId: MMSG-17999]
2022-08-11 03:56:54.423 : - Iteration: 30	[MsgId: MMSG-17999]
2022-08-11 03:56:54.423 :   Account: jojo23/bean23	[MsgId: MMSG-17999]
2022-08-11 03:57:07.523 :   Login completed	[MsgId: MMSG-17999]
2022-08-11 03:57:13.164 :   Logout completed	[MsgId: MMSG-17999]
2022-08-11 03:59:00.422 : - Iteration: 31	[MsgId: MMSG-17999]
2022-08-11 03:59:00.422 :   Account: jojo23/bean23	[MsgId: MMSG-17999]
2022-08-11 03:59:07.141 :   Login completed	[MsgId: MMSG-17999]
2022-08-11 03:59:14.398 :   Logout completed	[MsgId: MMSG-17999]
2022-08-11 04:01:06.433 : - Iteration: 32	[MsgId: MMSG-17999]
2022-08-11 04:01:06.434 :   Account: jojo23/bean23	[MsgId: MMSG-17999]
2022-08-11 04:01:18.453 :   Login completed	[MsgId: MMSG-17999]
2022-08-11 04:01:22.253 :   Logout completed	[MsgId: MMSG-17999]
2022-08-11 04:03:12.446 : - Iteration: 33	[MsgId: MMSG-17999]
2022-08-11 04:03:12.446 :   Account: jojo23/bean23	[MsgId: MMSG-17999]
2022-08-11 04:03:20.045 :   Login completed	[MsgId: MMSG-17999]
2022-08-11 04:03:25.830 :   Logout completed	[MsgId: MMSG-17999]
2022-08-11 04:05:18.452 : - Iteration: 34	[MsgId: MMSG-17999]
2022-08-11 04:05:18.452 :   Account: jojo23/bean23	[MsgId: MMSG-17999]
2022-08-11 04:05:28.671 :   Login completed	[MsgId: MMSG-17999]
2022-08-11 04:05:36.108 :   Logout completed	[MsgId: MMSG-17999]
2022-08-11 04:07:24.467 : - Iteration: 35	[MsgId: MMSG-17999]
2022-08-11 04:07:24.467 :   Account: jojo23/bean23	[MsgId: MMSG-17999]
2022-08-11 04:07:32.555 :   Login completed	[MsgId: MMSG-17999]
2022-08-11 04:07:40.177 :   Logout completed	[MsgId: MMSG-17999]
2022-08-11 04:09:30.470 : - Iteration: 36	[MsgId: MMSG-17999]
2022-08-11 04:09:30.471 :   Account: jojo23/bean23	[MsgId: MMSG-17999]
2022-08-11 04:09:43.166 :   Login completed	[MsgId: MMSG-17999]
2022-08-11 04:09:46.285 :   Logout completed	[MsgId: MMSG-17999]
2022-08-11 04:11:36.477 : - Iteration: 37	[MsgId: MMSG-17999]
2022-08-11 04:11:36.477 :   Account: jojo23/bean23	[MsgId: MMSG-17999]
2022-08-11 04:11:50.506 :   Login completed	[MsgId: MMSG-17999]
2022-08-11 04:11:54.686 :   Logout completed	[MsgId: MMSG-17999]
2022-08-11 04:13:42.486 : - Iteration: 38	[MsgId: MMSG-17999]
2022-08-11 04:13:42.486 :   Account: jojo23/bean23	[MsgId: MMSG-17999]
2022-08-11 04:13:55.304 :   Login completed	[MsgId: MMSG-17999]
2022-08-11 04:13:58.439 :   Logout completed	[MsgId: MMSG-17999]
2022-08-11 04:15:48.494 : - Iteration: 39	[MsgId: MMSG-17999]
2022-08-11 04:15:48.495 :   Account: jojo23/bean23	[MsgId: MMSG-17999]
2022-08-11 04:15:55.179 :   Login completed	[MsgId: MMSG-17999]
2022-08-11 04:16:01.973 :   Logout completed	[MsgId: MMSG-17999]
2022-08-11 04:17:54.509 : - Iteration: 40	[MsgId: MMSG-17999]
2022-08-11 04:17:54.509 :   Account: jojo23/bean23	[MsgId: MMSG-17999]
2022-08-11 04:18:08.206 :   Login completed	[MsgId: MMSG-17999]
2022-08-11 04:18:13.063 :   Logout completed	[MsgId: MMSG-17999]
2022-08-11 04:20:00.510 : - Iteration: 41	[MsgId: MMSG-17999]
2022-08-11 04:20:00.510 :   Account: jojo23/bean23	[MsgId: MMSG-17999]
2022-08-11 04:20:16.015 :   Login completed	[MsgId: MMSG-17999]
2022-08-11 04:20:20.240 :   Logout completed	[MsgId: MMSG-17999]
2022-08-11 04:22:06.524 : - Iteration: 42	[MsgId: MMSG-17999]
2022-08-11 04:22:06.524 :   Account: jojo23/bean23	[MsgId: MMSG-17999]
2022-08-11 04:22:12.923 :   Login completed	[MsgId: MMSG-17999]
2022-08-11 04:22:16.819 :   Logout completed	[MsgId: MMSG-17999]
2022-08-11 04:24:12.528 : - Iteration: 43	[MsgId: MMSG-17999]
2022-08-11 04:24:12.528 :   Account: jojo23/bean23	[MsgId: MMSG-17999]
2022-08-11 04:24:22.594 :   Login completed	[MsgId: MMSG-17999]
2022-08-11 04:24:26.153 :   Logout completed	[MsgId: MMSG-17999]
2022-08-11 04:26:18.533 : - Iteration: 44	[MsgId: MMSG-17999]
2022-08-11 04:26:18.533 :   Account: jojo23/bean23	[MsgId: MMSG-17999]
2022-08-11 04:26:31.601 :   Login completed	[MsgId: MMSG-17999]
2022-08-11 04:26:34.881 :   Logout completed	[MsgId: MMSG-17999]
2022-08-11 04:28:24.537 : - Iteration: 45	[MsgId: MMSG-17999]
2022-08-11 04:28:24.537 :   Account: jojo23/bean23	[MsgId: MMSG-17999]
2022-08-11 04:28:30.411 :   Login completed	[MsgId: MMSG-17999]
2022-08-11 04:28:33.244 :   Logout completed	[MsgId: MMSG-17999]
2022-08-11 04:30:30.558 : - Iteration: 46	[MsgId: MMSG-17999]
2022-08-11 04:30:30.559 :   Account: jojo23/bean23	[MsgId: MMSG-17999]
2022-08-11 04:30:42.312 :   Login completed	[MsgId: MMSG-17999]
2022-08-11 04:30:49.717 :   Logout completed	[MsgId: MMSG-17999]
2022-08-11 04:32:36.566 : - Iteration: 47	[MsgId: MMSG-17999]
2022-08-11 04:32:36.566 :   Account: jojo23/bean23	[MsgId: MMSG-17999]
2022-08-11 04:32:48.744 :   Login completed	[MsgId: MMSG-17999]
2022-08-11 04:32:53.074 :   Logout completed	[MsgId: MMSG-17999]
2022-08-11 04:34:42.572 : - Iteration: 48	[MsgId: MMSG-17999]
2022-08-11 04:34:42.572 :   Account: jojo23/bean23	[MsgId: MMSG-17999]
2022-08-11 04:34:51.130 :   Login completed	[MsgId: MMSG-17999]
2022-08-11 04:34:58.898 :   Logout completed	[MsgId: MMSG-17999]
2022-08-11 04:36:48.584 : - Iteration: 49	[MsgId: MMSG-17999]
2022-08-11 04:36:48.584 :   Account: jojo23/bean23	[MsgId: MMSG-17999]
2022-08-11 04:36:55.535 :   Login completed	[MsgId: MMSG-17999]
2022-08-11 04:37:01.089 :   Logout completed	[MsgId: MMSG-17999]
2022-08-11 04:38:54.594 : - Iteration: 50	[MsgId: MMSG-17999]
2022-08-11 04:38:54.594 :   Account: jojo23/bean23	[MsgId: MMSG-17999]
2022-08-11 04:39:08.673 :   Login completed	[MsgId: MMSG-17999]
2022-08-11 04:39:12.391 :   Logout completed	[MsgId: MMSG-17999]
2022-08-11 04:41:00.606 : - Iteration: 51	[MsgId: MMSG-17999]
2022-08-11 04:41:00.606 :   Account: jojo23/bean23	[MsgId: MMSG-17999]
2022-08-11 04:41:08.710 :   Login completed	[MsgId: MMSG-17999]
2022-08-11 04:41:14.664 :   Logout completed	[MsgId: MMSG-17999]
2022-08-11 04:43:06.606 : - Iteration: 52	[MsgId: MMSG-17999]
2022-08-11 04:43:06.607 :   Account: jojo23/bean23	[MsgId: MMSG-17999]
2022-08-11 04:43:21.609 :   Login completed	[MsgId: MMSG-17999]
2022-08-11 04:43:26.436 :   Logout completed	[MsgId: MMSG-17999]
2022-08-11 04:45:12.613 : - Iteration: 53	[MsgId: MMSG-17999]
2022-08-11 04:45:12.613 :   Account: jojo23/bean23	[MsgId: MMSG-17999]
2022-08-11 04:45:20.616 :   Login completed	[MsgId: MMSG-17999]
2022-08-11 04:45:27.193 :   Logout completed	[MsgId: MMSG-17999]
2022-08-11 04:47:18.620 : - Iteration: 54	[MsgId: MMSG-17999]
2022-08-11 04:47:18.620 :   Account: jojo23/bean23	[MsgId: MMSG-17999]
2022-08-11 04:47:30.294 :   Login completed	[MsgId: MMSG-17999]
2022-08-11 04:47:34.241 :   Logout completed	[MsgId: MMSG-17999]
2022-08-11 04:49:24.624 : - Iteration: 55	[MsgId: MMSG-17999]
2022-08-11 04:49:24.624 :   Account: jojo23/bean23	[MsgId: MMSG-17999]
2022-08-11 04:49:39.431 :   Login completed	[MsgId: MMSG-17999]
2022-08-11 04:49:45.835 :   Logout completed	[MsgId: MMSG-17999]
2022-08-11 04:51:30.637 : - Iteration: 56	[MsgId: MMSG-17999]
2022-08-11 04:51:30.637 :   Account: jojo23/bean23	[MsgId: MMSG-17999]
2022-08-11 04:51:40.598 :   Login completed	[MsgId: MMSG-17999]
2022-08-11 04:51:46.626 :   Logout completed	[MsgId: MMSG-17999]
2022-08-11 04:53:36.645 : - Iteration: 57	[MsgId: MMSG-17999]
2022-08-11 04:53:36.646 :   Account: jojo23/bean23	[MsgId: MMSG-17999]
2022-08-11 04:53:43.229 :   Login completed	[MsgId: MMSG-17999]
2022-08-11 04:53:49.904 :   Logout completed	[MsgId: MMSG-17999]
2022-08-11 04:55:42.648 : - Iteration: 58	[MsgId: MMSG-17999]
2022-08-11 04:55:42.648 :   Account: jojo23/bean23	[MsgId: MMSG-17999]
2022-08-11 04:55:56.438 :   Login completed	[MsgId: MMSG-17999]
2022-08-11 04:56:01.060 :   Logout completed	[MsgId: MMSG-17999]
2022-08-11 04:57:48.662 : - Iteration: 59	[MsgId: MMSG-17999]
2022-08-11 04:57:48.662 :   Account: jojo23/bean23	[MsgId: MMSG-17999]
2022-08-11 04:58:03.479 :   Login completed	[MsgId: MMSG-17999]
2022-08-11 04:58:09.375 :   Logout completed	[MsgId: MMSG-17999]
2022-08-11 04:59:54.671 : - Iteration: 60	[MsgId: MMSG-17999]
2022-08-11 04:59:54.671 :   Account: jojo23/bean23	[MsgId: MMSG-17999]
2022-08-11 05:00:07.404 :   Login completed	[MsgId: MMSG-17999]
2022-08-11 05:00:10.553 :   Logout completed	[MsgId: MMSG-17999]
2022-08-11 05:02:00.674 : - Iteration: 61	[MsgId: MMSG-17999]
2022-08-11 05:02:00.674 :   Account: jojo23/bean23	[MsgId: MMSG-17999]
2022-08-11 05:02:15.918 :   Login completed	[MsgId: MMSG-17999]
2022-08-11 05:02:19.246 :   Logout completed	[MsgId: MMSG-17999]
2022-08-11 05:04:06.688 : - Iteration: 62	[MsgId: MMSG-17999]
2022-08-11 05:04:06.688 :   Account: jojo23/bean23	[MsgId: MMSG-17999]
2022-08-11 05:04:21.057 :   Login completed	[MsgId: MMSG-17999]
2022-08-11 05:04:27.398 :   Logout completed	[MsgId: MMSG-17999]
2022-08-11 05:06:12.701 : - Iteration: 63	[MsgId: MMSG-17999]
2022-08-11 05:06:12.702 :   Account: jojo23/bean23	[MsgId: MMSG-17999]
2022-08-11 05:06:21.149 :   Login completed	[MsgId: MMSG-17999]
2022-08-11 05:06:28.805 :   Logout completed	[MsgId: MMSG-17999]
