2022-08-11 03:59:01.098 : URL = localhost:1080	[MsgId: MMSG-17999]
2022-08-11 03:59:01.134 : - Iteration: 1	[MsgId: MMSG-17999]
2022-08-11 03:59:01.134 :   Account: jojo34/bean34	[MsgId: MMSG-17999]
2022-08-11 03:59:07.125 :   Login completed	[MsgId: MMSG-17999]
2022-08-11 03:59:11.129 :   Logout completed	[MsgId: MMSG-17999]
2022-08-11 04:01:07.139 : - Iteration: 2	[MsgId: MMSG-17999]
2022-08-11 04:01:07.140 :   Account: jojo34/bean34	[MsgId: MMSG-17999]
2022-08-11 04:01:16.444 :   Login completed	[MsgId: MMSG-17999]
2022-08-11 04:01:20.600 :   Logout completed	[MsgId: MMSG-17999]
2022-08-11 04:03:13.142 : - Iteration: 3	[MsgId: MMSG-17999]
2022-08-11 04:03:13.143 :   Account: jojo34/bean34	[MsgId: MMSG-17999]
2022-08-11 04:03:21.351 :   Login completed	[MsgId: MMSG-17999]
2022-08-11 04:03:26.757 :   Logout completed	[MsgId: MMSG-17999]
2022-08-11 04:05:19.144 : - Iteration: 4	[MsgId: MMSG-17999]
2022-08-11 04:05:19.144 :   Account: jojo34/bean34	[MsgId: MMSG-17999]
2022-08-11 04:05:33.652 :   Login completed	[MsgId: MMSG-17999]
2022-08-11 04:05:40.549 :   Logout completed	[MsgId: MMSG-17999]
2022-08-11 04:07:25.144 : - Iteration: 5	[MsgId: MMSG-17999]
2022-08-11 04:07:25.145 :   Account: jojo34/bean34	[MsgId: MMSG-17999]
2022-08-11 04:07:39.089 :   Login completed	[MsgId: MMSG-17999]
2022-08-11 04:07:42.919 :   Logout completed	[MsgId: MMSG-17999]
2022-08-11 04:09:31.149 : - Iteration: 6	[MsgId: MMSG-17999]
2022-08-11 04:09:31.150 :   Account: jojo34/bean34	[MsgId: MMSG-17999]
2022-08-11 04:09:41.123 :   Login completed	[MsgId: MMSG-17999]
2022-08-11 04:09:46.031 :   Logout completed	[MsgId: MMSG-17999]
2022-08-11 04:11:37.158 : - Iteration: 7	[MsgId: MMSG-17999]
2022-08-11 04:11:37.158 :   Account: jojo34/bean34	[MsgId: MMSG-17999]
2022-08-11 04:11:42.930 :   Login completed	[MsgId: MMSG-17999]
2022-08-11 04:11:45.977 :   Logout completed	[MsgId: MMSG-17999]
2022-08-11 04:13:43.158 : - Iteration: 8	[MsgId: MMSG-17999]
2022-08-11 04:13:43.158 :   Account: jojo34/bean34	[MsgId: MMSG-17999]
2022-08-11 04:13:56.981 :   Login completed	[MsgId: MMSG-17999]
2022-08-11 04:14:02.496 :   Logout completed	[MsgId: MMSG-17999]
2022-08-11 04:15:49.171 : - Iteration: 9	[MsgId: MMSG-17999]
2022-08-11 04:15:49.172 :   Account: jojo34/bean34	[MsgId: MMSG-17999]
2022-08-11 04:16:03.425 :   Login completed	[MsgId: MMSG-17999]
2022-08-11 04:16:07.207 :   Logout completed	[MsgId: MMSG-17999]
2022-08-11 04:17:55.177 : - Iteration: 10	[MsgId: MMSG-17999]
2022-08-11 04:17:55.178 :   Account: jojo34/bean34	[MsgId: MMSG-17999]
2022-08-11 04:18:10.109 :   Login completed	[MsgId: MMSG-17999]
2022-08-11 04:18:14.787 :   Logout completed	[MsgId: MMSG-17999]
2022-08-11 04:20:01.188 : - Iteration: 11	[MsgId: MMSG-17999]
2022-08-11 04:20:01.189 :   Account: jojo34/bean34	[MsgId: MMSG-17999]
2022-08-11 04:20:15.573 :   Login completed	[MsgId: MMSG-17999]
2022-08-11 04:20:23.210 :   Logout completed	[MsgId: MMSG-17999]
2022-08-11 04:22:07.202 : - Iteration: 12	[MsgId: MMSG-17999]
2022-08-11 04:22:07.204 :   Account: jojo34/bean34	[MsgId: MMSG-17999]
2022-08-11 04:22:21.564 :   Login completed	[MsgId: MMSG-17999]
2022-08-11 04:22:25.556 :   Logout completed	[MsgId: MMSG-17999]
2022-08-11 04:24:13.207 : - Iteration: 13	[MsgId: MMSG-17999]
2022-08-11 04:24:13.207 :   Account: jojo34/bean34	[MsgId: MMSG-17999]
2022-08-11 04:24:21.122 :   Login completed	[MsgId: MMSG-17999]
2022-08-11 04:24:27.174 :   Logout completed	[MsgId: MMSG-17999]
2022-08-11 04:26:19.212 : - Iteration: 14	[MsgId: MMSG-17999]
2022-08-11 04:26:19.214 :   Account: jojo34/bean34	[MsgId: MMSG-17999]
2022-08-11 04:26:29.747 :   Login completed	[MsgId: MMSG-17999]
2022-08-11 04:26:35.843 :   Logout completed	[MsgId: MMSG-17999]
2022-08-11 04:28:25.214 : - Iteration: 15	[MsgId: MMSG-17999]
2022-08-11 04:28:25.215 :   Account: jojo34/bean34	[MsgId: MMSG-17999]
2022-08-11 04:28:31.366 :   Login completed	[MsgId: MMSG-17999]
2022-08-11 04:28:39.023 :   Logout completed	[MsgId: MMSG-17999]
2022-08-11 04:30:31.214 : - Iteration: 16	[MsgId: MMSG-17999]
2022-08-11 04:30:31.214 :   Account: jojo34/bean34	[MsgId: MMSG-17999]
2022-08-11 04:30:38.150 :   Login completed	[MsgId: MMSG-17999]
2022-08-11 04:30:43.246 :   Logout completed	[MsgId: MMSG-17999]
2022-08-11 04:32:37.217 : - Iteration: 17	[MsgId: MMSG-17999]
2022-08-11 04:32:37.217 :   Account: jojo34/bean34	[MsgId: MMSG-17999]
2022-08-11 04:32:42.863 :   Login completed	[MsgId: MMSG-17999]
2022-08-11 04:32:47.283 :   Logout completed	[MsgId: MMSG-17999]
2022-08-11 04:34:43.217 : - Iteration: 18	[MsgId: MMSG-17999]
2022-08-11 04:34:43.217 :   Account: jojo34/bean34	[MsgId: MMSG-17999]
2022-08-11 04:34:48.965 :   Login completed	[MsgId: MMSG-17999]
2022-08-11 04:34:55.761 :   Logout completed	[MsgId: MMSG-17999]
2022-08-11 04:36:49.220 : - Iteration: 19	[MsgId: MMSG-17999]
2022-08-11 04:36:49.220 :   Account: jojo34/bean34	[MsgId: MMSG-17999]
2022-08-11 04:36:59.884 :   Login completed	[MsgId: MMSG-17999]
2022-08-11 04:37:06.830 :   Logout completed	[MsgId: MMSG-17999]
2022-08-11 04:38:55.227 : - Iteration: 20	[MsgId: MMSG-17999]
2022-08-11 04:38:55.227 :   Account: jojo34/bean34	[MsgId: MMSG-17999]
2022-08-11 04:39:06.408 :   Login completed	[MsgId: MMSG-17999]
2022-08-11 04:39:09.889 :   Logout completed	[MsgId: MMSG-17999]
2022-08-11 04:41:01.234 : - Iteration: 21	[MsgId: MMSG-17999]
2022-08-11 04:41:01.235 :   Account: jojo34/bean34	[MsgId: MMSG-17999]
2022-08-11 04:41:08.631 :   Login completed	[MsgId: MMSG-17999]
2022-08-11 04:41:14.333 :   Logout completed	[MsgId: MMSG-17999]
2022-08-11 04:43:07.237 : - Iteration: 22	[MsgId: MMSG-17999]
2022-08-11 04:43:07.237 :   Account: jojo34/bean34	[MsgId: MMSG-17999]
2022-08-11 04:43:22.289 :   Login completed	[MsgId: MMSG-17999]
2022-08-11 04:43:29.127 :   Logout completed	[MsgId: MMSG-17999]
2022-08-11 04:45:13.240 : - Iteration: 23	[MsgId: MMSG-17999]
2022-08-11 04:45:13.240 :   Account: jojo34/bean34	[MsgId: MMSG-17999]
2022-08-11 04:45:23.303 :   Login completed	[MsgId: MMSG-17999]
2022-08-11 04:45:26.705 :   Logout completed	[MsgId: MMSG-17999]
2022-08-11 04:47:19.244 : - Iteration: 24	[MsgId: MMSG-17999]
2022-08-11 04:47:19.244 :   Account: jojo34/bean34	[MsgId: MMSG-17999]
2022-08-11 04:47:27.455 :   Login completed	[MsgId: MMSG-17999]
2022-08-11 04:47:34.228 :   Logout completed	[MsgId: MMSG-17999]
2022-08-11 04:49:25.257 : - Iteration: 25	[MsgId: MMSG-17999]
2022-08-11 04:49:25.257 :   Account: jojo34/bean34	[MsgId: MMSG-17999]
2022-08-11 04:49:33.508 :   Login completed	[MsgId: MMSG-17999]
2022-08-11 04:49:36.373 :   Logout completed	[MsgId: MMSG-17999]
2022-08-11 04:51:31.274 : - Iteration: 26	[MsgId: MMSG-17999]
2022-08-11 04:51:31.275 :   Account: jojo34/bean34	[MsgId: MMSG-17999]
2022-08-11 04:51:41.604 :   Login completed	[MsgId: MMSG-17999]
2022-08-11 04:51:45.057 :   Logout completed	[MsgId: MMSG-17999]
2022-08-11 04:53:37.282 : - Iteration: 27	[MsgId: MMSG-17999]
2022-08-11 04:53:37.282 :   Account: jojo34/bean34	[MsgId: MMSG-17999]
2022-08-11 04:53:49.338 :   Login completed	[MsgId: MMSG-17999]
2022-08-11 04:53:54.821 :   Logout completed	[MsgId: MMSG-17999]
2022-08-11 04:55:43.294 : - Iteration: 28	[MsgId: MMSG-17999]
2022-08-11 04:55:43.295 :   Account: jojo34/bean34	[MsgId: MMSG-17999]
2022-08-11 04:55:49.543 :   Login completed	[MsgId: MMSG-17999]
2022-08-11 04:55:56.746 :   Logout completed	[MsgId: MMSG-17999]
2022-08-11 04:57:49.295 : - Iteration: 29	[MsgId: MMSG-17999]
2022-08-11 04:57:49.295 :   Account: jojo34/bean34	[MsgId: MMSG-17999]
2022-08-11 04:58:03.352 :   Login completed	[MsgId: MMSG-17999]
2022-08-11 04:58:11.100 :   Logout completed	[MsgId: MMSG-17999]
2022-08-11 04:59:55.299 : - Iteration: 30	[MsgId: MMSG-17999]
2022-08-11 04:59:55.300 :   Account: jojo34/bean34	[MsgId: MMSG-17999]
2022-08-11 05:00:07.404 :   Login completed	[MsgId: MMSG-17999]
2022-08-11 05:00:12.056 :   Logout completed	[MsgId: MMSG-17999]
2022-08-11 05:02:01.303 : - Iteration: 31	[MsgId: MMSG-17999]
2022-08-11 05:02:01.303 :   Account: jojo34/bean34	[MsgId: MMSG-17999]
2022-08-11 05:02:07.740 :   Login completed	[MsgId: MMSG-17999]
2022-08-11 05:02:13.326 :   Logout completed	[MsgId: MMSG-17999]
2022-08-11 05:04:07.305 : - Iteration: 32	[MsgId: MMSG-17999]
2022-08-11 05:04:07.306 :   Account: jojo34/bean34	[MsgId: MMSG-17999]
2022-08-11 05:04:20.155 :   Login completed	[MsgId: MMSG-17999]
2022-08-11 05:04:23.033 :   Logout completed	[MsgId: MMSG-17999]
2022-08-11 05:06:13.316 : - Iteration: 33	[MsgId: MMSG-17999]
2022-08-11 05:06:13.316 :   Account: jojo34/bean34	[MsgId: MMSG-17999]
2022-08-11 05:06:24.866 :   Login completed	[MsgId: MMSG-17999]
2022-08-11 05:06:30.008 :   Logout completed	[MsgId: MMSG-17999]
2022-08-11 05:08:19.326 : - Iteration: 34	[MsgId: MMSG-17999]
2022-08-11 05:08:19.326 :   Account: jojo34/bean34	[MsgId: MMSG-17999]
2022-08-11 05:08:33.182 :   Login completed	[MsgId: MMSG-17999]
2022-08-11 05:08:38.141 :   Logout completed	[MsgId: MMSG-17999]
2022-08-11 05:10:25.331 : - Iteration: 35	[MsgId: MMSG-17999]
2022-08-11 05:10:25.332 :   Account: jojo34/bean34	[MsgId: MMSG-17999]
2022-08-11 05:10:35.987 :   Login completed	[MsgId: MMSG-17999]
2022-08-11 05:10:42.915 :   Logout completed	[MsgId: MMSG-17999]
