2022-08-10 22:51:46.791 : URL = localhost:1080	[MsgId: MMSG-17999]
2022-08-10 22:51:46.820 : - Iteration: 1	[MsgId: MMSG-17999]
2022-08-10 22:51:46.923 :   Account: jojo6/bean6	[MsgId: MMSG-17999]
2022-08-10 22:51:58.713 :   Login completed	[MsgId: MMSG-17999]
2022-08-10 22:52:01.943 :   Logout completed	[MsgId: MMSG-17999]
2022-08-10 22:53:52.835 : - Iteration: 2	[MsgId: MMSG-17999]
2022-08-10 22:53:52.836 :   Account: jojo6/bean6	[MsgId: MMSG-17999]
2022-08-10 22:54:05.435 :   Login completed	[MsgId: MMSG-17999]
2022-08-10 22:54:13.143 :   Logout completed	[MsgId: MMSG-17999]
2022-08-10 22:55:58.843 : - Iteration: 3	[MsgId: MMSG-17999]
2022-08-10 22:55:58.843 :   Account: jojo6/bean6	[MsgId: MMSG-17999]
2022-08-10 22:56:14.015 :   Login completed	[MsgId: MMSG-17999]
2022-08-10 22:56:17.147 :   Logout completed	[MsgId: MMSG-17999]
2022-08-10 22:58:04.857 : - Iteration: 4	[MsgId: MMSG-17999]
2022-08-10 22:58:04.858 :   Account: jojo6/bean6	[MsgId: MMSG-17999]
2022-08-10 22:58:12.648 :   Login completed	[MsgId: MMSG-17999]
2022-08-10 22:58:18.085 :   Logout completed	[MsgId: MMSG-17999]
2022-08-10 23:00:10.863 : - Iteration: 5	[MsgId: MMSG-17999]
2022-08-10 23:00:10.863 :   Account: jojo6/bean6	[MsgId: MMSG-17999]
2022-08-10 23:00:24.261 :   Login completed	[MsgId: MMSG-17999]
2022-08-10 23:00:28.794 :   Logout completed	[MsgId: MMSG-17999]
2022-08-10 23:02:16.870 : - Iteration: 6	[MsgId: MMSG-17999]
2022-08-10 23:02:16.870 :   Account: jojo6/bean6	[MsgId: MMSG-17999]
2022-08-10 23:02:30.780 :   Login completed	[MsgId: MMSG-17999]
2022-08-10 23:02:38.277 :   Logout completed	[MsgId: MMSG-17999]
2022-08-10 23:04:22.872 : - Iteration: 7	[MsgId: MMSG-17999]
2022-08-10 23:04:22.873 :   Account: jojo6/bean6	[MsgId: MMSG-17999]
2022-08-10 23:04:29.354 :   Login completed	[MsgId: MMSG-17999]
2022-08-10 23:04:35.364 :   Logout completed	[MsgId: MMSG-17999]
2022-08-10 23:06:28.887 : - Iteration: 8	[MsgId: MMSG-17999]
2022-08-10 23:06:28.887 :   Account: jojo6/bean6	[MsgId: MMSG-17999]
2022-08-10 23:06:42.470 :   Login completed	[MsgId: MMSG-17999]
2022-08-10 23:06:49.303 :   Logout completed	[MsgId: MMSG-17999]
2022-08-10 23:08:34.894 : - Iteration: 9	[MsgId: MMSG-17999]
2022-08-10 23:08:34.895 :   Account: jojo6/bean6	[MsgId: MMSG-17999]
2022-08-10 23:08:41.482 :   Login completed	[MsgId: MMSG-17999]
2022-08-10 23:08:47.938 :   Logout completed	[MsgId: MMSG-17999]
2022-08-10 23:10:40.905 : - Iteration: 10	[MsgId: MMSG-17999]
2022-08-10 23:10:40.906 :   Account: jojo6/bean6	[MsgId: MMSG-17999]
2022-08-10 23:10:55.530 :   Login completed	[MsgId: MMSG-17999]
2022-08-10 23:11:01.570 :   Logout completed	[MsgId: MMSG-17999]
2022-08-10 23:12:46.914 : - Iteration: 11	[MsgId: MMSG-17999]
2022-08-10 23:12:46.915 :   Account: jojo6/bean6	[MsgId: MMSG-17999]
2022-08-10 23:12:57.397 :   Login completed	[MsgId: MMSG-17999]
2022-08-10 23:13:03.541 :   Logout completed	[MsgId: MMSG-17999]
2022-08-10 23:14:52.916 : - Iteration: 12	[MsgId: MMSG-17999]
2022-08-10 23:14:52.917 :   Account: jojo6/bean6	[MsgId: MMSG-17999]
2022-08-10 23:15:01.193 :   Login completed	[MsgId: MMSG-17999]
2022-08-10 23:15:07.351 :   Logout completed	[MsgId: MMSG-17999]
2022-08-10 23:16:58.920 : - Iteration: 13	[MsgId: MMSG-17999]
2022-08-10 23:16:58.921 :   Account: jojo6/bean6	[MsgId: MMSG-17999]
2022-08-10 23:17:12.720 :   Login completed	[MsgId: MMSG-17999]
2022-08-10 23:17:19.449 :   Logout completed	[MsgId: MMSG-17999]
2022-08-10 23:19:04.935 : - Iteration: 14	[MsgId: MMSG-17999]
2022-08-10 23:19:04.935 :   Account: jojo6/bean6	[MsgId: MMSG-17999]
2022-08-10 23:19:14.721 :   Login completed	[MsgId: MMSG-17999]
2022-08-10 23:19:20.497 :   Logout completed	[MsgId: MMSG-17999]
2022-08-10 23:21:10.944 : - Iteration: 15	[MsgId: MMSG-17999]
2022-08-10 23:21:10.944 :   Account: jojo6/bean6	[MsgId: MMSG-17999]
2022-08-10 23:21:23.471 :   Login completed	[MsgId: MMSG-17999]
2022-08-10 23:21:28.002 :   Logout completed	[MsgId: MMSG-17999]
2022-08-10 23:23:16.959 : - Iteration: 16	[MsgId: MMSG-17999]
2022-08-10 23:23:16.960 :   Account: jojo6/bean6	[MsgId: MMSG-17999]
2022-08-10 23:23:27.179 :   Login completed	[MsgId: MMSG-17999]
2022-08-10 23:23:32.662 :   Logout completed	[MsgId: MMSG-17999]
2022-08-10 23:25:22.964 : - Iteration: 17	[MsgId: MMSG-17999]
2022-08-10 23:25:22.964 :   Account: jojo6/bean6	[MsgId: MMSG-17999]
2022-08-10 23:25:36.807 :   Login completed	[MsgId: MMSG-17999]
2022-08-10 23:25:44.392 :   Logout completed	[MsgId: MMSG-17999]
2022-08-10 23:27:28.978 : - Iteration: 18	[MsgId: MMSG-17999]
2022-08-10 23:27:28.978 :   Account: jojo6/bean6	[MsgId: MMSG-17999]
2022-08-10 23:27:40.768 :   Login completed	[MsgId: MMSG-17999]
2022-08-10 23:27:47.792 :   Logout completed	[MsgId: MMSG-17999]
2022-08-10 23:29:34.992 : - Iteration: 19	[MsgId: MMSG-17999]
2022-08-10 23:29:34.992 :   Account: jojo6/bean6	[MsgId: MMSG-17999]
2022-08-10 23:29:42.191 :   Login completed	[MsgId: MMSG-17999]
2022-08-10 23:29:49.729 :   Logout completed	[MsgId: MMSG-17999]
2022-08-10 23:31:41.001 : - Iteration: 20	[MsgId: MMSG-17999]
2022-08-10 23:31:41.001 :   Account: jojo6/bean6	[MsgId: MMSG-17999]
2022-08-10 23:31:53.499 :   Login completed	[MsgId: MMSG-17999]
2022-08-10 23:31:56.671 :   Logout completed	[MsgId: MMSG-17999]
2022-08-10 23:33:47.003 : - Iteration: 21	[MsgId: MMSG-17999]
2022-08-10 23:33:47.003 :   Account: jojo6/bean6	[MsgId: MMSG-17999]
2022-08-10 23:33:57.775 :   Login completed	[MsgId: MMSG-17999]
2022-08-10 23:34:03.638 :   Logout completed	[MsgId: MMSG-17999]
2022-08-10 23:35:53.012 : - Iteration: 22	[MsgId: MMSG-17999]
2022-08-10 23:35:53.012 :   Account: jojo6/bean6	[MsgId: MMSG-17999]
2022-08-10 23:35:59.976 :   Login completed	[MsgId: MMSG-17999]
2022-08-10 23:36:05.332 :   Logout completed	[MsgId: MMSG-17999]
2022-08-10 23:37:59.020 : - Iteration: 23	[MsgId: MMSG-17999]
2022-08-10 23:37:59.020 :   Account: jojo6/bean6	[MsgId: MMSG-17999]
2022-08-10 23:38:14.117 :   Login completed	[MsgId: MMSG-17999]
2022-08-10 23:38:19.431 :   Logout completed	[MsgId: MMSG-17999]
2022-08-10 23:40:05.030 : - Iteration: 24	[MsgId: MMSG-17999]
2022-08-10 23:40:05.030 :   Account: jojo6/bean6	[MsgId: MMSG-17999]
2022-08-10 23:40:18.376 :   Login completed	[MsgId: MMSG-17999]
2022-08-10 23:40:23.004 :   Logout completed	[MsgId: MMSG-17999]
2022-08-10 23:42:11.042 : - Iteration: 25	[MsgId: MMSG-17999]
2022-08-10 23:42:11.043 :   Account: jojo6/bean6	[MsgId: MMSG-17999]
2022-08-10 23:42:23.596 :   Login completed	[MsgId: MMSG-17999]
2022-08-10 23:42:28.194 :   Logout completed	[MsgId: MMSG-17999]
2022-08-10 23:44:17.050 : - Iteration: 26	[MsgId: MMSG-17999]
2022-08-10 23:44:17.051 :   Account: jojo6/bean6	[MsgId: MMSG-17999]
2022-08-10 23:44:28.915 :   Login completed	[MsgId: MMSG-17999]
2022-08-10 23:44:36.227 :   Logout completed	[MsgId: MMSG-17999]
2022-08-10 23:46:23.051 : - Iteration: 27	[MsgId: MMSG-17999]
2022-08-10 23:46:23.051 :   Account: jojo6/bean6	[MsgId: MMSG-17999]
2022-08-10 23:46:38.275 :   Login completed	[MsgId: MMSG-17999]
2022-08-10 23:46:44.740 :   Logout completed	[MsgId: MMSG-17999]
2022-08-10 23:48:29.059 : - Iteration: 28	[MsgId: MMSG-17999]
2022-08-10 23:48:29.060 :   Account: jojo6/bean6	[MsgId: MMSG-17999]
2022-08-10 23:48:44.217 :   Login completed	[MsgId: MMSG-17999]
2022-08-10 23:48:49.679 :   Logout completed	[MsgId: MMSG-17999]
2022-08-10 23:50:35.070 : - Iteration: 29	[MsgId: MMSG-17999]
2022-08-10 23:50:35.070 :   Account: jojo6/bean6	[MsgId: MMSG-17999]
2022-08-10 23:50:40.694 :   Login completed	[MsgId: MMSG-17999]
2022-08-10 23:50:43.950 :   Logout completed	[MsgId: MMSG-17999]
2022-08-10 23:52:41.070 : - Iteration: 30	[MsgId: MMSG-17999]
2022-08-10 23:52:41.070 :   Account: jojo6/bean6	[MsgId: MMSG-17999]
2022-08-10 23:52:49.172 :   Login completed	[MsgId: MMSG-17999]
2022-08-10 23:52:55.797 :   Logout completed	[MsgId: MMSG-17999]
2022-08-10 23:54:47.076 : - Iteration: 31	[MsgId: MMSG-17999]
2022-08-10 23:54:47.077 :   Account: jojo6/bean6	[MsgId: MMSG-17999]
2022-08-10 23:54:59.719 :   Login completed	[MsgId: MMSG-17999]
2022-08-10 23:55:06.251 :   Logout completed	[MsgId: MMSG-17999]
2022-08-10 23:56:53.079 : - Iteration: 32	[MsgId: MMSG-17999]
2022-08-10 23:56:53.080 :   Account: jojo6/bean6	[MsgId: MMSG-17999]
2022-08-10 23:57:08.542 :   Login completed	[MsgId: MMSG-17999]
2022-08-10 23:57:11.490 :   Logout completed	[MsgId: MMSG-17999]
2022-08-10 23:58:59.084 : - Iteration: 33	[MsgId: MMSG-17999]
2022-08-10 23:58:59.085 :   Account: jojo6/bean6	[MsgId: MMSG-17999]
2022-08-10 23:59:05.275 :   Login completed	[MsgId: MMSG-17999]
2022-08-10 23:59:11.528 :   Logout completed	[MsgId: MMSG-17999]
2022-08-11 00:01:05.085 : - Iteration: 34	[MsgId: MMSG-17999]
2022-08-11 00:01:05.085 :   Account: jojo6/bean6	[MsgId: MMSG-17999]
2022-08-11 00:01:19.912 :   Login completed	[MsgId: MMSG-17999]
2022-08-11 00:01:23.062 :   Logout completed	[MsgId: MMSG-17999]
2022-08-11 00:03:11.087 : - Iteration: 35	[MsgId: MMSG-17999]
2022-08-11 00:03:11.087 :   Account: jojo6/bean6	[MsgId: MMSG-17999]
2022-08-11 00:03:18.850 :   Login completed	[MsgId: MMSG-17999]
2022-08-11 00:03:26.122 :   Logout completed	[MsgId: MMSG-17999]
2022-08-11 00:05:17.094 : - Iteration: 36	[MsgId: MMSG-17999]
2022-08-11 00:05:17.094 :   Account: jojo6/bean6	[MsgId: MMSG-17999]
2022-08-11 00:05:31.947 :   Login completed	[MsgId: MMSG-17999]
2022-08-11 00:05:34.695 :   Logout completed	[MsgId: MMSG-17999]
2022-08-11 00:07:23.102 : - Iteration: 37	[MsgId: MMSG-17999]
2022-08-11 00:07:23.102 :   Account: jojo6/bean6	[MsgId: MMSG-17999]
2022-08-11 00:07:29.210 :   Login completed	[MsgId: MMSG-17999]
2022-08-11 00:07:33.466 :   Logout completed	[MsgId: MMSG-17999]
2022-08-11 00:09:29.108 : - Iteration: 38	[MsgId: MMSG-17999]
2022-08-11 00:09:29.109 :   Account: jojo6/bean6	[MsgId: MMSG-17999]
2022-08-11 00:09:39.149 :   Login completed	[MsgId: MMSG-17999]
2022-08-11 00:09:44.841 :   Logout completed	[MsgId: MMSG-17999]
2022-08-11 00:11:35.108 : - Iteration: 39	[MsgId: MMSG-17999]
2022-08-11 00:11:35.110 :   Account: jojo6/bean6	[MsgId: MMSG-17999]
2022-08-11 00:11:41.641 :   Login completed	[MsgId: MMSG-17999]
2022-08-11 00:11:47.658 :   Logout completed	[MsgId: MMSG-17999]
2022-08-11 00:13:41.116 : - Iteration: 40	[MsgId: MMSG-17999]
2022-08-11 00:13:41.117 :   Account: jojo6/bean6	[MsgId: MMSG-17999]
2022-08-11 00:13:48.486 :   Login completed	[MsgId: MMSG-17999]
2022-08-11 00:13:53.383 :   Logout completed	[MsgId: MMSG-17999]
2022-08-11 00:15:47.130 : - Iteration: 41	[MsgId: MMSG-17999]
2022-08-11 00:15:47.130 :   Account: jojo6/bean6	[MsgId: MMSG-17999]
2022-08-11 00:15:54.035 :   Login completed	[MsgId: MMSG-17999]
2022-08-11 00:15:59.768 :   Logout completed	[MsgId: MMSG-17999]
2022-08-11 00:17:53.140 : - Iteration: 42	[MsgId: MMSG-17999]
2022-08-11 00:17:53.140 :   Account: jojo6/bean6	[MsgId: MMSG-17999]
2022-08-11 00:18:07.413 :   Login completed	[MsgId: MMSG-17999]
2022-08-11 00:18:14.616 :   Logout completed	[MsgId: MMSG-17999]
2022-08-11 00:19:59.148 : - Iteration: 43	[MsgId: MMSG-17999]
2022-08-11 00:19:59.149 :   Account: jojo6/bean6	[MsgId: MMSG-17999]
2022-08-11 00:20:14.352 :   Login completed	[MsgId: MMSG-17999]
2022-08-11 00:20:19.199 :   Logout completed	[MsgId: MMSG-17999]
2022-08-11 00:22:05.157 : - Iteration: 44	[MsgId: MMSG-17999]
2022-08-11 00:22:05.158 :   Account: jojo6/bean6	[MsgId: MMSG-17999]
2022-08-11 00:22:11.425 :   Login completed	[MsgId: MMSG-17999]
2022-08-11 00:22:14.807 :   Logout completed	[MsgId: MMSG-17999]
2022-08-11 00:24:11.171 : - Iteration: 45	[MsgId: MMSG-17999]
2022-08-11 00:24:11.172 :   Account: jojo6/bean6	[MsgId: MMSG-17999]
2022-08-11 00:24:18.572 :   Login completed	[MsgId: MMSG-17999]
2022-08-11 00:24:24.304 :   Logout completed	[MsgId: MMSG-17999]
2022-08-11 00:26:17.174 : - Iteration: 46	[MsgId: MMSG-17999]
2022-08-11 00:26:17.174 :   Account: jojo6/bean6	[MsgId: MMSG-17999]
2022-08-11 00:26:23.692 :   Login completed	[MsgId: MMSG-17999]
2022-08-11 00:26:31.309 :   Logout completed	[MsgId: MMSG-17999]
2022-08-11 00:28:23.176 : - Iteration: 47	[MsgId: MMSG-17999]
2022-08-11 00:28:23.177 :   Account: jojo6/bean6	[MsgId: MMSG-17999]
2022-08-11 00:28:32.176 :   Login completed	[MsgId: MMSG-17999]
2022-08-11 00:28:36.474 :   Logout completed	[MsgId: MMSG-17999]
2022-08-11 00:30:29.191 : - Iteration: 48	[MsgId: MMSG-17999]
2022-08-11 00:30:29.191 :   Account: jojo6/bean6	[MsgId: MMSG-17999]
2022-08-11 00:30:36.492 :   Login completed	[MsgId: MMSG-17999]
2022-08-11 00:30:42.532 :   Logout completed	[MsgId: MMSG-17999]
2022-08-11 00:32:35.190 : - Iteration: 49	[MsgId: MMSG-17999]
2022-08-11 00:32:35.190 :   Account: jojo6/bean6	[MsgId: MMSG-17999]
2022-08-11 00:32:46.648 :   Login completed	[MsgId: MMSG-17999]
2022-08-11 00:32:49.610 :   Logout completed	[MsgId: MMSG-17999]
2022-08-11 00:34:41.197 : - Iteration: 50	[MsgId: MMSG-17999]
2022-08-11 00:34:41.197 :   Account: jojo6/bean6	[MsgId: MMSG-17999]
2022-08-11 00:34:55.475 :   Login completed	[MsgId: MMSG-17999]
2022-08-11 00:35:01.763 :   Logout completed	[MsgId: MMSG-17999]
2022-08-11 00:36:47.198 : - Iteration: 51	[MsgId: MMSG-17999]
2022-08-11 00:36:47.198 :   Account: jojo6/bean6	[MsgId: MMSG-17999]
2022-08-11 00:36:55.089 :   Login completed	[MsgId: MMSG-17999]
2022-08-11 00:37:01.450 :   Logout completed	[MsgId: MMSG-17999]
2022-08-11 00:38:53.205 : - Iteration: 52	[MsgId: MMSG-17999]
2022-08-11 00:38:53.206 :   Account: jojo6/bean6	[MsgId: MMSG-17999]
2022-08-11 00:39:07.257 :   Login completed	[MsgId: MMSG-17999]
2022-08-11 00:39:14.357 :   Logout completed	[MsgId: MMSG-17999]
2022-08-11 00:40:59.210 : - Iteration: 53	[MsgId: MMSG-17999]
2022-08-11 00:40:59.210 :   Account: jojo6/bean6	[MsgId: MMSG-17999]
2022-08-11 00:41:04.876 :   Login completed	[MsgId: MMSG-17999]
2022-08-11 00:41:10.376 :   Logout completed	[MsgId: MMSG-17999]
2022-08-11 00:43:05.218 : - Iteration: 54	[MsgId: MMSG-17999]
2022-08-11 00:43:05.219 :   Account: jojo6/bean6	[MsgId: MMSG-17999]
2022-08-11 00:43:13.431 :   Login completed	[MsgId: MMSG-17999]
2022-08-11 00:43:19.940 :   Logout completed	[MsgId: MMSG-17999]
2022-08-11 00:45:11.227 : - Iteration: 55	[MsgId: MMSG-17999]
2022-08-11 00:45:11.227 :   Account: jojo6/bean6	[MsgId: MMSG-17999]
2022-08-11 00:45:25.349 :   Login completed	[MsgId: MMSG-17999]
2022-08-11 00:45:31.612 :   Logout completed	[MsgId: MMSG-17999]
2022-08-11 00:47:17.234 : - Iteration: 56	[MsgId: MMSG-17999]
2022-08-11 00:47:17.235 :   Account: jojo6/bean6	[MsgId: MMSG-17999]
2022-08-11 00:47:28.364 :   Login completed	[MsgId: MMSG-17999]
2022-08-11 00:47:32.279 :   Logout completed	[MsgId: MMSG-17999]
2022-08-11 00:49:23.242 : - Iteration: 57	[MsgId: MMSG-17999]
2022-08-11 00:49:23.243 :   Account: jojo6/bean6	[MsgId: MMSG-17999]
2022-08-11 00:49:33.365 :   Login completed	[MsgId: MMSG-17999]
2022-08-11 00:49:36.796 :   Logout completed	[MsgId: MMSG-17999]
2022-08-11 00:51:29.251 : - Iteration: 58	[MsgId: MMSG-17999]
2022-08-11 00:51:29.251 :   Account: jojo6/bean6	[MsgId: MMSG-17999]
2022-08-11 00:51:41.886 :   Login completed	[MsgId: MMSG-17999]
2022-08-11 00:51:45.086 :   Logout completed	[MsgId: MMSG-17999]
2022-08-11 00:53:35.265 : - Iteration: 59	[MsgId: MMSG-17999]
2022-08-11 00:53:35.265 :   Account: jojo6/bean6	[MsgId: MMSG-17999]
2022-08-11 00:53:42.001 :   Login completed	[MsgId: MMSG-17999]
2022-08-11 00:53:48.277 :   Logout completed	[MsgId: MMSG-17999]
2022-08-11 00:55:41.280 : - Iteration: 60	[MsgId: MMSG-17999]
2022-08-11 00:55:41.281 :   Account: jojo6/bean6	[MsgId: MMSG-17999]
2022-08-11 00:55:47.243 :   Login completed	[MsgId: MMSG-17999]
2022-08-11 00:55:54.605 :   Logout completed	[MsgId: MMSG-17999]
2022-08-11 00:57:47.290 : - Iteration: 61	[MsgId: MMSG-17999]
2022-08-11 00:57:47.290 :   Account: jojo6/bean6	[MsgId: MMSG-17999]
2022-08-11 00:58:01.682 :   Login completed	[MsgId: MMSG-17999]
2022-08-11 00:58:07.212 :   Logout completed	[MsgId: MMSG-17999]
2022-08-11 00:59:53.300 : - Iteration: 62	[MsgId: MMSG-17999]
2022-08-11 00:59:53.301 :   Account: jojo6/bean6	[MsgId: MMSG-17999]
2022-08-11 00:59:59.881 :   Login completed	[MsgId: MMSG-17999]
2022-08-11 01:00:06.390 :   Logout completed	[MsgId: MMSG-17999]
2022-08-11 01:01:59.313 : - Iteration: 63	[MsgId: MMSG-17999]
2022-08-11 01:01:59.314 :   Account: jojo6/bean6	[MsgId: MMSG-17999]
2022-08-11 01:02:13.007 :   Login completed	[MsgId: MMSG-17999]
2022-08-11 01:02:17.515 :   Logout completed	[MsgId: MMSG-17999]
2022-08-11 01:04:05.326 : - Iteration: 64	[MsgId: MMSG-17999]
2022-08-11 01:04:05.326 :   Account: jojo6/bean6	[MsgId: MMSG-17999]
2022-08-11 01:04:12.551 :   Login completed	[MsgId: MMSG-17999]
2022-08-11 01:04:16.916 :   Logout completed	[MsgId: MMSG-17999]
2022-08-11 01:06:11.340 : - Iteration: 65	[MsgId: MMSG-17999]
2022-08-11 01:06:11.341 :   Account: jojo6/bean6	[MsgId: MMSG-17999]
2022-08-11 01:06:20.492 :   Login completed	[MsgId: MMSG-17999]
2022-08-11 01:06:27.963 :   Logout completed	[MsgId: MMSG-17999]
2022-08-11 01:08:17.343 : - Iteration: 66	[MsgId: MMSG-17999]
2022-08-11 01:08:17.343 :   Account: jojo6/bean6	[MsgId: MMSG-17999]
2022-08-11 01:08:32.502 :   Login completed	[MsgId: MMSG-17999]
2022-08-11 01:08:36.647 :   Logout completed	[MsgId: MMSG-17999]
2022-08-11 01:10:23.359 : - Iteration: 67	[MsgId: MMSG-17999]
2022-08-11 01:10:23.359 :   Account: jojo6/bean6	[MsgId: MMSG-17999]
2022-08-11 01:10:37.915 :   Login completed	[MsgId: MMSG-17999]
2022-08-11 01:10:41.135 :   Logout completed	[MsgId: MMSG-17999]
2022-08-11 01:12:29.373 : - Iteration: 68	[MsgId: MMSG-17999]
2022-08-11 01:12:29.374 :   Account: jojo6/bean6	[MsgId: MMSG-17999]
2022-08-11 01:12:37.132 :   Login completed	[MsgId: MMSG-17999]
2022-08-11 01:12:41.184 :   Logout completed	[MsgId: MMSG-17999]
2022-08-11 01:14:35.379 : - Iteration: 69	[MsgId: MMSG-17999]
2022-08-11 01:14:35.380 :   Account: jojo6/bean6	[MsgId: MMSG-17999]
2022-08-11 01:14:45.793 :   Login completed	[MsgId: MMSG-17999]
2022-08-11 01:14:52.538 :   Logout completed	[MsgId: MMSG-17999]
2022-08-11 01:16:41.384 : - Iteration: 70	[MsgId: MMSG-17999]
2022-08-11 01:16:41.384 :   Account: jojo6/bean6	[MsgId: MMSG-17999]
2022-08-11 01:16:55.116 :   Login completed	[MsgId: MMSG-17999]
2022-08-11 01:17:02.302 :   Logout completed	[MsgId: MMSG-17999]
2022-08-11 01:18:47.399 : - Iteration: 71	[MsgId: MMSG-17999]
2022-08-11 01:18:47.400 :   Account: jojo6/bean6	[MsgId: MMSG-17999]
2022-08-11 01:18:55.142 :   Login completed	[MsgId: MMSG-17999]
2022-08-11 01:18:59.282 :   Logout completed	[MsgId: MMSG-17999]
2022-08-11 01:20:53.399 : - Iteration: 72	[MsgId: MMSG-17999]
2022-08-11 01:20:53.400 :   Account: jojo6/bean6	[MsgId: MMSG-17999]
2022-08-11 01:21:07.219 :   Login completed	[MsgId: MMSG-17999]
2022-08-11 01:21:11.122 :   Logout completed	[MsgId: MMSG-17999]
2022-08-11 01:22:59.401 : - Iteration: 73	[MsgId: MMSG-17999]
2022-08-11 01:22:59.401 :   Account: jojo6/bean6	[MsgId: MMSG-17999]
2022-08-11 01:23:07.836 :   Login completed	[MsgId: MMSG-17999]
2022-08-11 01:23:13.692 :   Logout completed	[MsgId: MMSG-17999]
2022-08-11 01:25:05.403 : - Iteration: 74	[MsgId: MMSG-17999]
2022-08-11 01:25:05.403 :   Account: jojo6/bean6	[MsgId: MMSG-17999]
2022-08-11 01:25:14.711 :   Login completed	[MsgId: MMSG-17999]
2022-08-11 01:25:18.035 :   Logout completed	[MsgId: MMSG-17999]
2022-08-11 01:27:11.406 : - Iteration: 75	[MsgId: MMSG-17999]
2022-08-11 01:27:11.407 :   Account: jojo6/bean6	[MsgId: MMSG-17999]
2022-08-11 01:27:26.447 :   Login completed	[MsgId: MMSG-17999]
2022-08-11 01:27:32.505 :   Logout completed	[MsgId: MMSG-17999]
2022-08-11 01:29:17.406 : - Iteration: 76	[MsgId: MMSG-17999]
2022-08-11 01:29:17.407 :   Account: jojo6/bean6	[MsgId: MMSG-17999]
2022-08-11 01:29:28.880 :   Login completed	[MsgId: MMSG-17999]
2022-08-11 01:29:34.719 :   Logout completed	[MsgId: MMSG-17999]
2022-08-11 01:31:23.418 : - Iteration: 77	[MsgId: MMSG-17999]
2022-08-11 01:31:23.418 :   Account: jojo6/bean6	[MsgId: MMSG-17999]
2022-08-11 01:31:35.883 :   Login completed	[MsgId: MMSG-17999]
2022-08-11 01:31:40.590 :   Logout completed	[MsgId: MMSG-17999]
2022-08-11 01:33:29.426 : - Iteration: 78	[MsgId: MMSG-17999]
2022-08-11 01:33:29.426 :   Account: jojo6/bean6	[MsgId: MMSG-17999]
2022-08-11 01:33:43.909 :   Login completed	[MsgId: MMSG-17999]
2022-08-11 01:33:47.918 :   Logout completed	[MsgId: MMSG-17999]
2022-08-11 01:35:35.438 : - Iteration: 79	[MsgId: MMSG-17999]
2022-08-11 01:35:35.438 :   Account: jojo6/bean6	[MsgId: MMSG-17999]
2022-08-11 01:35:41.810 :   Login completed	[MsgId: MMSG-17999]
2022-08-11 01:35:44.856 :   Logout completed	[MsgId: MMSG-17999]
2022-08-11 01:37:41.448 : - Iteration: 80	[MsgId: MMSG-17999]
2022-08-11 01:37:41.448 :   Account: jojo6/bean6	[MsgId: MMSG-17999]
2022-08-11 01:37:55.328 :   Login completed	[MsgId: MMSG-17999]
2022-08-11 01:37:59.186 :   Logout completed	[MsgId: MMSG-17999]
2022-08-11 01:39:47.462 : - Iteration: 81	[MsgId: MMSG-17999]
2022-08-11 01:39:47.462 :   Account: jojo6/bean6	[MsgId: MMSG-17999]
2022-08-11 01:40:00.541 :   Login completed	[MsgId: MMSG-17999]
2022-08-11 01:40:07.981 :   Logout completed	[MsgId: MMSG-17999]
2022-08-11 01:41:53.463 : - Iteration: 82	[MsgId: MMSG-17999]
2022-08-11 01:41:53.464 :   Account: jojo6/bean6	[MsgId: MMSG-17999]
2022-08-11 01:42:04.740 :   Login completed	[MsgId: MMSG-17999]
2022-08-11 01:42:12.171 :   Logout completed	[MsgId: MMSG-17999]
2022-08-11 01:43:59.470 : - Iteration: 83	[MsgId: MMSG-17999]
2022-08-11 01:43:59.471 :   Account: jojo6/bean6	[MsgId: MMSG-17999]
2022-08-11 01:44:14.898 :   Login completed	[MsgId: MMSG-17999]
2022-08-11 01:44:21.232 :   Logout completed	[MsgId: MMSG-17999]
2022-08-11 01:46:05.477 : - Iteration: 84	[MsgId: MMSG-17999]
2022-08-11 01:46:05.478 :   Account: jojo6/bean6	[MsgId: MMSG-17999]
2022-08-11 01:46:20.175 :   Login completed	[MsgId: MMSG-17999]
2022-08-11 01:46:23.309 :   Logout completed	[MsgId: MMSG-17999]
2022-08-11 01:48:11.487 : - Iteration: 85	[MsgId: MMSG-17999]
2022-08-11 01:48:11.487 :   Account: jojo6/bean6	[MsgId: MMSG-17999]
2022-08-11 01:48:23.061 :   Login completed	[MsgId: MMSG-17999]
2022-08-11 01:48:29.188 :   Logout completed	[MsgId: MMSG-17999]
2022-08-11 01:50:17.494 : - Iteration: 86	[MsgId: MMSG-17999]
2022-08-11 01:50:17.494 :   Account: jojo6/bean6	[MsgId: MMSG-17999]
2022-08-11 01:50:27.728 :   Login completed	[MsgId: MMSG-17999]
2022-08-11 01:50:32.010 :   Logout completed	[MsgId: MMSG-17999]
2022-08-11 01:52:23.495 : - Iteration: 87	[MsgId: MMSG-17999]
2022-08-11 01:52:23.495 :   Account: jojo6/bean6	[MsgId: MMSG-17999]
2022-08-11 01:52:29.258 :   Login completed	[MsgId: MMSG-17999]
2022-08-11 01:52:32.883 :   Logout completed	[MsgId: MMSG-17999]
2022-08-11 01:54:29.503 : - Iteration: 88	[MsgId: MMSG-17999]
2022-08-11 01:54:29.504 :   Account: jojo6/bean6	[MsgId: MMSG-17999]
2022-08-11 01:54:45.082 :   Login completed	[MsgId: MMSG-17999]
2022-08-11 01:54:51.055 :   Logout completed	[MsgId: MMSG-17999]
2022-08-11 01:56:35.506 : - Iteration: 89	[MsgId: MMSG-17999]
2022-08-11 01:56:35.507 :   Account: jojo6/bean6	[MsgId: MMSG-17999]
2022-08-11 01:56:44.574 :   Login completed	[MsgId: MMSG-17999]
2022-08-11 01:56:48.092 :   Logout completed	[MsgId: MMSG-17999]
2022-08-11 01:58:41.519 : - Iteration: 90	[MsgId: MMSG-17999]
2022-08-11 01:58:41.520 :   Account: jojo6/bean6	[MsgId: MMSG-17999]
2022-08-11 01:58:47.446 :   Login completed	[MsgId: MMSG-17999]
2022-08-11 01:58:51.982 :   Logout completed	[MsgId: MMSG-17999]
2022-08-11 02:00:47.520 : - Iteration: 91	[MsgId: MMSG-17999]
2022-08-11 02:00:47.520 :   Account: jojo6/bean6	[MsgId: MMSG-17999]
2022-08-11 02:00:53.905 :   Login completed	[MsgId: MMSG-17999]
2022-08-11 02:00:58.214 :   Logout completed	[MsgId: MMSG-17999]
2022-08-11 02:02:53.536 : - Iteration: 92	[MsgId: MMSG-17999]
2022-08-11 02:02:53.536 :   Account: jojo6/bean6	[MsgId: MMSG-17999]
2022-08-11 02:03:08.097 :   Login completed	[MsgId: MMSG-17999]
2022-08-11 02:03:11.092 :   Logout completed	[MsgId: MMSG-17999]
2022-08-11 02:04:59.538 : - Iteration: 93	[MsgId: MMSG-17999]
2022-08-11 02:04:59.539 :   Account: jojo6/bean6	[MsgId: MMSG-17999]
2022-08-11 02:05:14.413 :   Login completed	[MsgId: MMSG-17999]
2022-08-11 02:05:17.958 :   Logout completed	[MsgId: MMSG-17999]
2022-08-11 02:07:05.549 : - Iteration: 94	[MsgId: MMSG-17999]
2022-08-11 02:07:05.550 :   Account: jojo6/bean6	[MsgId: MMSG-17999]
2022-08-11 02:07:15.152 :   Login completed	[MsgId: MMSG-17999]
2022-08-11 02:07:19.606 :   Logout completed	[MsgId: MMSG-17999]
2022-08-11 02:09:11.550 : - Iteration: 95	[MsgId: MMSG-17999]
2022-08-11 02:09:11.550 :   Account: jojo6/bean6	[MsgId: MMSG-17999]
2022-08-11 02:09:21.110 :   Login completed	[MsgId: MMSG-17999]
2022-08-11 02:09:26.150 :   Logout completed	[MsgId: MMSG-17999]
2022-08-11 02:11:17.561 : - Iteration: 96	[MsgId: MMSG-17999]
2022-08-11 02:11:17.561 :   Account: jojo6/bean6	[MsgId: MMSG-17999]
2022-08-11 02:11:32.622 :   Login completed	[MsgId: MMSG-17999]
2022-08-11 02:11:37.008 :   Logout completed	[MsgId: MMSG-17999]
2022-08-11 02:13:23.566 : - Iteration: 97	[MsgId: MMSG-17999]
2022-08-11 02:13:23.567 :   Account: jojo6/bean6	[MsgId: MMSG-17999]
2022-08-11 02:13:35.838 :   Login completed	[MsgId: MMSG-17999]
2022-08-11 02:13:39.840 :   Logout completed	[MsgId: MMSG-17999]
2022-08-11 02:15:29.568 : - Iteration: 98	[MsgId: MMSG-17999]
2022-08-11 02:15:29.569 :   Account: jojo6/bean6	[MsgId: MMSG-17999]
2022-08-11 02:15:41.755 :   Login completed	[MsgId: MMSG-17999]
2022-08-11 02:15:44.863 :   Logout completed	[MsgId: MMSG-17999]
2022-08-11 02:17:35.576 : - Iteration: 99	[MsgId: MMSG-17999]
2022-08-11 02:17:35.577 :   Account: jojo6/bean6	[MsgId: MMSG-17999]
2022-08-11 02:17:46.539 :   Login completed	[MsgId: MMSG-17999]
2022-08-11 02:17:51.350 :   Logout completed	[MsgId: MMSG-17999]
2022-08-11 02:19:41.590 : - Iteration: 100	[MsgId: MMSG-17999]
2022-08-11 02:19:41.590 :   Account: jojo6/bean6	[MsgId: MMSG-17999]
2022-08-11 02:19:52.124 :   Login completed	[MsgId: MMSG-17999]
2022-08-11 02:19:59.081 :   Logout completed	[MsgId: MMSG-17999]
2022-08-11 02:21:47.594 : - Iteration: 101	[MsgId: MMSG-17999]
2022-08-11 02:21:47.594 :   Account: jojo6/bean6	[MsgId: MMSG-17999]
2022-08-11 02:22:00.628 :   Login completed	[MsgId: MMSG-17999]
2022-08-11 02:22:03.387 :   Logout completed	[MsgId: MMSG-17999]
2022-08-11 02:23:53.609 : - Iteration: 102	[MsgId: MMSG-17999]
2022-08-11 02:23:53.609 :   Account: jojo6/bean6	[MsgId: MMSG-17999]
2022-08-11 02:24:05.254 :   Login completed	[MsgId: MMSG-17999]
2022-08-11 02:24:08.989 :   Logout completed	[MsgId: MMSG-17999]
2022-08-11 02:25:59.611 : - Iteration: 103	[MsgId: MMSG-17999]
2022-08-11 02:25:59.612 :   Account: jojo6/bean6	[MsgId: MMSG-17999]
2022-08-11 02:26:12.997 :   Login completed	[MsgId: MMSG-17999]
2022-08-11 02:26:18.982 :   Logout completed	[MsgId: MMSG-17999]
2022-08-11 02:28:05.623 : - Iteration: 104	[MsgId: MMSG-17999]
2022-08-11 02:28:05.623 :   Account: jojo6/bean6	[MsgId: MMSG-17999]
2022-08-11 02:28:12.224 :   Login completed	[MsgId: MMSG-17999]
2022-08-11 02:28:16.190 :   Logout completed	[MsgId: MMSG-17999]
2022-08-11 02:30:11.638 : - Iteration: 105	[MsgId: MMSG-17999]
2022-08-11 02:30:11.638 :   Account: jojo6/bean6	[MsgId: MMSG-17999]
2022-08-11 02:30:26.255 :   Login completed	[MsgId: MMSG-17999]
2022-08-11 02:30:30.166 :   Logout completed	[MsgId: MMSG-17999]
2022-08-11 02:32:17.653 : - Iteration: 106	[MsgId: MMSG-17999]
2022-08-11 02:32:17.653 :   Account: jojo6/bean6	[MsgId: MMSG-17999]
2022-08-11 02:32:25.673 :   Login completed	[MsgId: MMSG-17999]
2022-08-11 02:32:29.128 :   Logout completed	[MsgId: MMSG-17999]
2022-08-11 02:34:23.661 : - Iteration: 107	[MsgId: MMSG-17999]
2022-08-11 02:34:23.661 :   Account: jojo6/bean6	[MsgId: MMSG-17999]
2022-08-11 02:34:37.040 :   Login completed	[MsgId: MMSG-17999]
2022-08-11 02:34:43.829 :   Logout completed	[MsgId: MMSG-17999]
2022-08-11 02:36:29.665 : - Iteration: 108	[MsgId: MMSG-17999]
2022-08-11 02:36:29.665 :   Account: jojo6/bean6	[MsgId: MMSG-17999]
2022-08-11 02:36:37.689 :   Login completed	[MsgId: MMSG-17999]
2022-08-11 02:36:44.074 :   Logout completed	[MsgId: MMSG-17999]
2022-08-11 02:38:35.672 : - Iteration: 109	[MsgId: MMSG-17999]
2022-08-11 02:38:35.672 :   Account: jojo6/bean6	[MsgId: MMSG-17999]
2022-08-11 02:38:50.314 :   Login completed	[MsgId: MMSG-17999]
2022-08-11 02:38:55.115 :   Logout completed	[MsgId: MMSG-17999]
2022-08-11 02:40:41.685 : - Iteration: 110	[MsgId: MMSG-17999]
2022-08-11 02:40:41.685 :   Account: jojo6/bean6	[MsgId: MMSG-17999]
2022-08-11 02:40:56.304 :   Login completed	[MsgId: MMSG-17999]
2022-08-11 02:41:02.123 :   Logout completed	[MsgId: MMSG-17999]
2022-08-11 02:42:47.694 : - Iteration: 111	[MsgId: MMSG-17999]
2022-08-11 02:42:47.695 :   Account: jojo6/bean6	[MsgId: MMSG-17999]
2022-08-11 02:42:57.490 :   Login completed	[MsgId: MMSG-17999]
2022-08-11 02:43:05.254 :   Logout completed	[MsgId: MMSG-17999]
2022-08-11 02:44:53.707 : - Iteration: 112	[MsgId: MMSG-17999]
2022-08-11 02:44:53.707 :   Account: jojo6/bean6	[MsgId: MMSG-17999]
2022-08-11 02:45:05.644 :   Login completed	[MsgId: MMSG-17999]
2022-08-11 02:45:09.690 :   Logout completed	[MsgId: MMSG-17999]
2022-08-11 02:46:59.720 : - Iteration: 113	[MsgId: MMSG-17999]
2022-08-11 02:46:59.720 :   Account: jojo6/bean6	[MsgId: MMSG-17999]
2022-08-11 02:47:14.224 :   Login completed	[MsgId: MMSG-17999]
2022-08-11 02:47:17.832 :   Logout completed	[MsgId: MMSG-17999]
2022-08-11 02:49:05.724 : - Iteration: 114	[MsgId: MMSG-17999]
2022-08-11 02:49:05.725 :   Account: jojo6/bean6	[MsgId: MMSG-17999]
2022-08-11 02:49:18.584 :   Login completed	[MsgId: MMSG-17999]
2022-08-11 02:49:25.103 :   Logout completed	[MsgId: MMSG-17999]
2022-08-11 02:51:11.732 : - Iteration: 115	[MsgId: MMSG-17999]
2022-08-11 02:51:11.732 :   Account: jojo6/bean6	[MsgId: MMSG-17999]
2022-08-11 02:51:25.609 :   Login completed	[MsgId: MMSG-17999]
2022-08-11 02:51:28.654 :   Logout completed	[MsgId: MMSG-17999]
2022-08-11 02:53:17.738 : - Iteration: 116	[MsgId: MMSG-17999]
2022-08-11 02:53:17.738 :   Account: jojo6/bean6	[MsgId: MMSG-17999]
2022-08-11 02:53:27.455 :   Login completed	[MsgId: MMSG-17999]
2022-08-11 02:53:31.988 :   Logout completed	[MsgId: MMSG-17999]
2022-08-11 02:55:23.748 : - Iteration: 117	[MsgId: MMSG-17999]
2022-08-11 02:55:23.748 :   Account: jojo6/bean6	[MsgId: MMSG-17999]
2022-08-11 02:55:36.644 :   Login completed	[MsgId: MMSG-17999]
2022-08-11 02:55:41.546 :   Logout completed	[MsgId: MMSG-17999]
2022-08-11 02:57:29.750 : - Iteration: 118	[MsgId: MMSG-17999]
2022-08-11 02:57:29.750 :   Account: jojo6/bean6	[MsgId: MMSG-17999]
2022-08-11 02:57:36.543 :   Login completed	[MsgId: MMSG-17999]
2022-08-11 02:57:39.321 :   Logout completed	[MsgId: MMSG-17999]
2022-08-11 02:59:35.752 : - Iteration: 119	[MsgId: MMSG-17999]
2022-08-11 02:59:35.752 :   Account: jojo6/bean6	[MsgId: MMSG-17999]
2022-08-11 02:59:41.906 :   Login completed	[MsgId: MMSG-17999]
2022-08-11 02:59:46.608 :   Logout completed	[MsgId: MMSG-17999]
2022-08-11 03:01:41.757 : - Iteration: 120	[MsgId: MMSG-17999]
2022-08-11 03:01:41.757 :   Account: jojo6/bean6	[MsgId: MMSG-17999]
2022-08-11 03:01:55.713 :   Login completed	[MsgId: MMSG-17999]
2022-08-11 03:02:01.846 :   Logout completed	[MsgId: MMSG-17999]
2022-08-11 03:03:47.760 : - Iteration: 121	[MsgId: MMSG-17999]
2022-08-11 03:03:47.760 :   Account: jojo6/bean6	[MsgId: MMSG-17999]
2022-08-11 03:04:03.241 :   Login completed	[MsgId: MMSG-17999]
2022-08-11 03:04:09.638 :   Logout completed	[MsgId: MMSG-17999]
2022-08-11 03:05:53.765 : - Iteration: 122	[MsgId: MMSG-17999]
2022-08-11 03:05:53.765 :   Account: jojo6/bean6	[MsgId: MMSG-17999]
2022-08-11 03:05:59.906 :   Login completed	[MsgId: MMSG-17999]
2022-08-11 03:06:05.934 :   Logout completed	[MsgId: MMSG-17999]
2022-08-11 03:07:59.774 : - Iteration: 123	[MsgId: MMSG-17999]
2022-08-11 03:07:59.774 :   Account: jojo6/bean6	[MsgId: MMSG-17999]
2022-08-11 03:08:14.860 :   Login completed	[MsgId: MMSG-17999]
2022-08-11 03:08:17.632 :   Logout completed	[MsgId: MMSG-17999]
2022-08-11 03:10:05.776 : - Iteration: 124	[MsgId: MMSG-17999]
2022-08-11 03:10:05.776 :   Account: jojo6/bean6	[MsgId: MMSG-17999]
2022-08-11 03:10:11.547 :   Login completed	[MsgId: MMSG-17999]
2022-08-11 03:10:15.639 :   Logout completed	[MsgId: MMSG-17999]
2022-08-11 03:12:11.779 : - Iteration: 125	[MsgId: MMSG-17999]
2022-08-11 03:12:11.779 :   Account: jojo6/bean6	[MsgId: MMSG-17999]
2022-08-11 03:12:26.773 :   Login completed	[MsgId: MMSG-17999]
2022-08-11 03:12:34.522 :   Logout completed	[MsgId: MMSG-17999]
2022-08-11 03:14:17.785 : - Iteration: 126	[MsgId: MMSG-17999]
2022-08-11 03:14:17.787 :   Account: jojo6/bean6	[MsgId: MMSG-17999]
2022-08-11 03:14:32.541 :   Login completed	[MsgId: MMSG-17999]
2022-08-11 03:14:40.253 :   Logout completed	[MsgId: MMSG-17999]
2022-08-11 03:16:23.787 : - Iteration: 127	[MsgId: MMSG-17999]
2022-08-11 03:16:23.787 :   Account: jojo6/bean6	[MsgId: MMSG-17999]
2022-08-11 03:16:29.588 :   Login completed	[MsgId: MMSG-17999]
2022-08-11 03:16:36.880 :   Logout completed	[MsgId: MMSG-17999]
2022-08-11 03:18:29.800 : - Iteration: 128	[MsgId: MMSG-17999]
2022-08-11 03:18:29.800 :   Account: jojo6/bean6	[MsgId: MMSG-17999]
2022-08-11 03:18:40.774 :   Login completed	[MsgId: MMSG-17999]
2022-08-11 03:18:44.704 :   Logout completed	[MsgId: MMSG-17999]
2022-08-11 03:20:35.816 : - Iteration: 129	[MsgId: MMSG-17999]
2022-08-11 03:20:35.816 :   Account: jojo6/bean6	[MsgId: MMSG-17999]
2022-08-11 03:20:42.964 :   Login completed	[MsgId: MMSG-17999]
2022-08-11 03:20:49.381 :   Logout completed	[MsgId: MMSG-17999]
2022-08-11 03:22:41.827 : - Iteration: 130	[MsgId: MMSG-17999]
2022-08-11 03:22:41.827 :   Account: jojo6/bean6	[MsgId: MMSG-17999]
2022-08-11 03:22:49.309 :   Login completed	[MsgId: MMSG-17999]
2022-08-11 03:22:56.974 :   Logout completed	[MsgId: MMSG-17999]
2022-08-11 03:24:47.840 : - Iteration: 131	[MsgId: MMSG-17999]
2022-08-11 03:24:47.841 :   Account: jojo6/bean6	[MsgId: MMSG-17999]
2022-08-11 03:24:59.850 :   Login completed	[MsgId: MMSG-17999]
2022-08-11 03:25:05.157 :   Logout completed	[MsgId: MMSG-17999]
2022-08-11 03:26:53.848 : - Iteration: 132	[MsgId: MMSG-17999]
2022-08-11 03:26:53.849 :   Account: jojo6/bean6	[MsgId: MMSG-17999]
2022-08-11 03:27:08.905 :   Login completed	[MsgId: MMSG-17999]
2022-08-11 03:27:15.893 :   Logout completed	[MsgId: MMSG-17999]
2022-08-11 03:28:59.860 : - Iteration: 133	[MsgId: MMSG-17999]
2022-08-11 03:28:59.860 :   Account: jojo6/bean6	[MsgId: MMSG-17999]
2022-08-11 03:29:13.555 :   Login completed	[MsgId: MMSG-17999]
2022-08-11 03:29:20.691 :   Logout completed	[MsgId: MMSG-17999]
2022-08-11 03:31:05.862 : - Iteration: 134	[MsgId: MMSG-17999]
2022-08-11 03:31:05.863 :   Account: jojo6/bean6	[MsgId: MMSG-17999]
2022-08-11 03:31:18.972 :   Login completed	[MsgId: MMSG-17999]
2022-08-11 03:31:22.854 :   Logout completed	[MsgId: MMSG-17999]
2022-08-11 03:33:11.874 : - Iteration: 135	[MsgId: MMSG-17999]
2022-08-11 03:33:11.874 :   Account: jojo6/bean6	[MsgId: MMSG-17999]
2022-08-11 03:33:24.639 :   Login completed	[MsgId: MMSG-17999]
2022-08-11 03:33:31.640 :   Logout completed	[MsgId: MMSG-17999]
2022-08-11 03:35:17.887 : - Iteration: 136	[MsgId: MMSG-17999]
2022-08-11 03:35:17.887 :   Account: jojo6/bean6	[MsgId: MMSG-17999]
2022-08-11 03:35:26.423 :   Login completed	[MsgId: MMSG-17999]
2022-08-11 03:35:31.111 :   Logout completed	[MsgId: MMSG-17999]
2022-08-11 03:37:23.894 : - Iteration: 137	[MsgId: MMSG-17999]
2022-08-11 03:37:23.895 :   Account: jojo6/bean6	[MsgId: MMSG-17999]
2022-08-11 03:37:39.407 :   Login completed	[MsgId: MMSG-17999]
2022-08-11 03:37:46.252 :   Logout completed	[MsgId: MMSG-17999]
2022-08-11 03:39:29.897 : - Iteration: 138	[MsgId: MMSG-17999]
2022-08-11 03:39:29.898 :   Account: jojo6/bean6	[MsgId: MMSG-17999]
2022-08-11 03:39:38.286 :   Login completed	[MsgId: MMSG-17999]
2022-08-11 03:39:44.637 :   Logout completed	[MsgId: MMSG-17999]
2022-08-11 03:41:35.897 : - Iteration: 139	[MsgId: MMSG-17999]
2022-08-11 03:41:35.898 :   Account: jojo6/bean6	[MsgId: MMSG-17999]
2022-08-11 03:41:43.866 :   Login completed	[MsgId: MMSG-17999]
2022-08-11 03:41:47.610 :   Logout completed	[MsgId: MMSG-17999]
2022-08-11 03:43:41.901 : - Iteration: 140	[MsgId: MMSG-17999]
2022-08-11 03:43:41.902 :   Account: jojo6/bean6	[MsgId: MMSG-17999]
2022-08-11 03:43:55.340 :   Login completed	[MsgId: MMSG-17999]
2022-08-11 03:44:00.000 :   Logout completed	[MsgId: MMSG-17999]
2022-08-11 03:45:47.916 : - Iteration: 141	[MsgId: MMSG-17999]
2022-08-11 03:45:47.917 :   Account: jojo6/bean6	[MsgId: MMSG-17999]
2022-08-11 03:45:57.204 :   Login completed	[MsgId: MMSG-17999]
2022-08-11 03:46:00.365 :   Logout completed	[MsgId: MMSG-17999]
2022-08-11 03:47:53.919 : - Iteration: 142	[MsgId: MMSG-17999]
2022-08-11 03:47:53.920 :   Account: jojo6/bean6	[MsgId: MMSG-17999]
2022-08-11 03:48:03.642 :   Login completed	[MsgId: MMSG-17999]
2022-08-11 03:48:08.107 :   Logout completed	[MsgId: MMSG-17999]
2022-08-11 03:49:59.922 : - Iteration: 143	[MsgId: MMSG-17999]
2022-08-11 03:49:59.922 :   Account: jojo6/bean6	[MsgId: MMSG-17999]
2022-08-11 03:50:06.182 :   Login completed	[MsgId: MMSG-17999]
2022-08-11 03:50:10.428 :   Logout completed	[MsgId: MMSG-17999]
2022-08-11 03:52:05.934 : - Iteration: 144	[MsgId: MMSG-17999]
2022-08-11 03:52:05.934 :   Account: jojo6/bean6	[MsgId: MMSG-17999]
2022-08-11 03:52:17.975 :   Login completed	[MsgId: MMSG-17999]
2022-08-11 03:52:20.880 :   Logout completed	[MsgId: MMSG-17999]
2022-08-11 03:54:11.940 : - Iteration: 145	[MsgId: MMSG-17999]
2022-08-11 03:54:11.940 :   Account: jojo6/bean6	[MsgId: MMSG-17999]
2022-08-11 03:54:23.348 :   Login completed	[MsgId: MMSG-17999]
2022-08-11 03:54:28.899 :   Logout completed	[MsgId: MMSG-17999]
2022-08-11 03:56:17.954 : - Iteration: 146	[MsgId: MMSG-17999]
2022-08-11 03:56:17.954 :   Account: jojo6/bean6	[MsgId: MMSG-17999]
2022-08-11 03:56:29.206 :   Login completed	[MsgId: MMSG-17999]
2022-08-11 03:56:33.582 :   Logout completed	[MsgId: MMSG-17999]
2022-08-11 03:58:23.968 : - Iteration: 147	[MsgId: MMSG-17999]
2022-08-11 03:58:23.968 :   Account: jojo6/bean6	[MsgId: MMSG-17999]
2022-08-11 03:58:36.153 :   Login completed	[MsgId: MMSG-17999]
2022-08-11 03:58:39.798 :   Logout completed	[MsgId: MMSG-17999]
2022-08-11 04:00:29.980 : - Iteration: 148	[MsgId: MMSG-17999]
2022-08-11 04:00:29.980 :   Account: jojo6/bean6	[MsgId: MMSG-17999]
2022-08-11 04:00:41.810 :   Login completed	[MsgId: MMSG-17999]
2022-08-11 04:00:48.025 :   Logout completed	[MsgId: MMSG-17999]
2022-08-11 04:02:35.984 : - Iteration: 149	[MsgId: MMSG-17999]
2022-08-11 04:02:35.984 :   Account: jojo6/bean6	[MsgId: MMSG-17999]
2022-08-11 04:02:44.156 :   Login completed	[MsgId: MMSG-17999]
2022-08-11 04:02:51.647 :   Logout completed	[MsgId: MMSG-17999]
2022-08-11 04:04:41.992 : - Iteration: 150	[MsgId: MMSG-17999]
2022-08-11 04:04:41.993 :   Account: jojo6/bean6	[MsgId: MMSG-17999]
2022-08-11 04:04:57.396 :   Login completed	[MsgId: MMSG-17999]
2022-08-11 04:05:03.452 :   Logout completed	[MsgId: MMSG-17999]
2022-08-11 04:06:48.002 : - Iteration: 151	[MsgId: MMSG-17999]
2022-08-11 04:06:48.003 :   Account: jojo6/bean6	[MsgId: MMSG-17999]
2022-08-11 04:06:57.759 :   Login completed	[MsgId: MMSG-17999]
2022-08-11 04:07:04.593 :   Logout completed	[MsgId: MMSG-17999]
2022-08-11 04:08:54.012 : - Iteration: 152	[MsgId: MMSG-17999]
2022-08-11 04:08:54.012 :   Account: jojo6/bean6	[MsgId: MMSG-17999]
2022-08-11 04:09:08.251 :   Login completed	[MsgId: MMSG-17999]
2022-08-11 04:09:11.412 :   Logout completed	[MsgId: MMSG-17999]
2022-08-11 04:11:00.019 : - Iteration: 153	[MsgId: MMSG-17999]
2022-08-11 04:11:00.020 :   Account: jojo6/bean6	[MsgId: MMSG-17999]
2022-08-11 04:11:11.384 :   Login completed	[MsgId: MMSG-17999]
2022-08-11 04:11:14.313 :   Logout completed	[MsgId: MMSG-17999]
2022-08-11 04:13:06.021 : - Iteration: 154	[MsgId: MMSG-17999]
2022-08-11 04:13:06.021 :   Account: jojo6/bean6	[MsgId: MMSG-17999]
2022-08-11 04:13:13.437 :   Login completed	[MsgId: MMSG-17999]
2022-08-11 04:13:18.609 :   Logout completed	[MsgId: MMSG-17999]
2022-08-11 04:15:12.022 : - Iteration: 155	[MsgId: MMSG-17999]
2022-08-11 04:15:12.023 :   Account: jojo6/bean6	[MsgId: MMSG-17999]
2022-08-11 04:15:22.111 :   Login completed	[MsgId: MMSG-17999]
2022-08-11 04:15:27.798 :   Logout completed	[MsgId: MMSG-17999]
2022-08-11 04:17:18.027 : - Iteration: 156	[MsgId: MMSG-17999]
2022-08-11 04:17:18.027 :   Account: jojo6/bean6	[MsgId: MMSG-17999]
2022-08-11 04:17:29.698 :   Login completed	[MsgId: MMSG-17999]
2022-08-11 04:17:35.415 :   Logout completed	[MsgId: MMSG-17999]
2022-08-11 04:19:24.034 : - Iteration: 157	[MsgId: MMSG-17999]
2022-08-11 04:19:24.034 :   Account: jojo6/bean6	[MsgId: MMSG-17999]
2022-08-11 04:19:36.852 :   Login completed	[MsgId: MMSG-17999]
2022-08-11 04:19:43.828 :   Logout completed	[MsgId: MMSG-17999]
2022-08-11 04:21:30.039 : - Iteration: 158	[MsgId: MMSG-17999]
2022-08-11 04:21:30.039 :   Account: jojo6/bean6	[MsgId: MMSG-17999]
2022-08-11 04:21:39.899 :   Login completed	[MsgId: MMSG-17999]
2022-08-11 04:21:44.184 :   Logout completed	[MsgId: MMSG-17999]
2022-08-11 04:23:36.045 : - Iteration: 159	[MsgId: MMSG-17999]
2022-08-11 04:23:36.045 :   Account: jojo6/bean6	[MsgId: MMSG-17999]
2022-08-11 04:23:46.696 :   Login completed	[MsgId: MMSG-17999]
2022-08-11 04:23:53.984 :   Logout completed	[MsgId: MMSG-17999]
2022-08-11 04:25:42.050 : - Iteration: 160	[MsgId: MMSG-17999]
2022-08-11 04:25:42.050 :   Account: jojo6/bean6	[MsgId: MMSG-17999]
2022-08-11 04:25:49.267 :   Login completed	[MsgId: MMSG-17999]
2022-08-11 04:25:52.432 :   Logout completed	[MsgId: MMSG-17999]
2022-08-11 04:27:48.051 : - Iteration: 161	[MsgId: MMSG-17999]
2022-08-11 04:27:48.052 :   Account: jojo6/bean6	[MsgId: MMSG-17999]
2022-08-11 04:27:54.699 :   Login completed	[MsgId: MMSG-17999]
2022-08-11 04:27:59.720 :   Logout completed	[MsgId: MMSG-17999]
2022-08-11 04:29:54.063 : - Iteration: 162	[MsgId: MMSG-17999]
2022-08-11 04:29:54.063 :   Account: jojo6/bean6	[MsgId: MMSG-17999]
2022-08-11 04:30:02.618 :   Login completed	[MsgId: MMSG-17999]
2022-08-11 04:30:10.080 :   Logout completed	[MsgId: MMSG-17999]
2022-08-11 04:32:00.064 : - Iteration: 163	[MsgId: MMSG-17999]
2022-08-11 04:32:00.064 :   Account: jojo6/bean6	[MsgId: MMSG-17999]
2022-08-11 04:32:14.785 :   Login completed	[MsgId: MMSG-17999]
2022-08-11 04:32:21.625 :   Logout completed	[MsgId: MMSG-17999]
2022-08-11 04:34:06.066 : - Iteration: 164	[MsgId: MMSG-17999]
2022-08-11 04:34:06.067 :   Account: jojo6/bean6	[MsgId: MMSG-17999]
2022-08-11 04:34:20.531 :   Login completed	[MsgId: MMSG-17999]
2022-08-11 04:34:27.284 :   Logout completed	[MsgId: MMSG-17999]
2022-08-11 04:36:12.081 : - Iteration: 165	[MsgId: MMSG-17999]
2022-08-11 04:36:12.081 :   Account: jojo6/bean6	[MsgId: MMSG-17999]
2022-08-11 04:36:19.777 :   Login completed	[MsgId: MMSG-17999]
2022-08-11 04:36:26.787 :   Logout completed	[MsgId: MMSG-17999]
2022-08-11 04:38:18.082 : - Iteration: 166	[MsgId: MMSG-17999]
2022-08-11 04:38:18.082 :   Account: jojo6/bean6	[MsgId: MMSG-17999]
2022-08-11 04:38:28.717 :   Login completed	[MsgId: MMSG-17999]
2022-08-11 04:38:34.271 :   Logout completed	[MsgId: MMSG-17999]
2022-08-11 04:40:24.089 : - Iteration: 167	[MsgId: MMSG-17999]
2022-08-11 04:40:24.089 :   Account: jojo6/bean6	[MsgId: MMSG-17999]
2022-08-11 04:40:36.840 :   Login completed	[MsgId: MMSG-17999]
2022-08-11 04:40:41.177 :   Logout completed	[MsgId: MMSG-17999]
2022-08-11 04:42:30.102 : - Iteration: 168	[MsgId: MMSG-17999]
2022-08-11 04:42:30.102 :   Account: jojo6/bean6	[MsgId: MMSG-17999]
2022-08-11 04:42:41.453 :   Login completed	[MsgId: MMSG-17999]
2022-08-11 04:42:48.401 :   Logout completed	[MsgId: MMSG-17999]
2022-08-11 04:44:36.115 : - Iteration: 169	[MsgId: MMSG-17999]
2022-08-11 04:44:36.115 :   Account: jojo6/bean6	[MsgId: MMSG-17999]
2022-08-11 04:44:42.169 :   Login completed	[MsgId: MMSG-17999]
2022-08-11 04:44:47.403 :   Logout completed	[MsgId: MMSG-17999]
2022-08-11 04:46:42.123 : - Iteration: 170	[MsgId: MMSG-17999]
2022-08-11 04:46:42.123 :   Account: jojo6/bean6	[MsgId: MMSG-17999]
2022-08-11 04:46:57.242 :   Login completed	[MsgId: MMSG-17999]
2022-08-11 04:47:04.363 :   Logout completed	[MsgId: MMSG-17999]
2022-08-11 04:48:48.123 : - Iteration: 171	[MsgId: MMSG-17999]
2022-08-11 04:48:48.123 :   Account: jojo6/bean6	[MsgId: MMSG-17999]
2022-08-11 04:48:56.644 :   Login completed	[MsgId: MMSG-17999]
2022-08-11 04:49:02.430 :   Logout completed	[MsgId: MMSG-17999]
2022-08-11 04:50:54.125 : - Iteration: 172	[MsgId: MMSG-17999]
2022-08-11 04:50:54.125 :   Account: jojo6/bean6	[MsgId: MMSG-17999]
2022-08-11 04:51:04.302 :   Login completed	[MsgId: MMSG-17999]
2022-08-11 04:51:10.040 :   Logout completed	[MsgId: MMSG-17999]
2022-08-11 04:53:00.132 : - Iteration: 173	[MsgId: MMSG-17999]
2022-08-11 04:53:00.132 :   Account: jojo6/bean6	[MsgId: MMSG-17999]
2022-08-11 04:53:07.386 :   Login completed	[MsgId: MMSG-17999]
2022-08-11 04:53:12.363 :   Logout completed	[MsgId: MMSG-17999]
2022-08-11 04:55:06.137 : - Iteration: 174	[MsgId: MMSG-17999]
2022-08-11 04:55:06.137 :   Account: jojo6/bean6	[MsgId: MMSG-17999]
2022-08-11 04:55:13.684 :   Login completed	[MsgId: MMSG-17999]
2022-08-11 04:55:17.009 :   Logout completed	[MsgId: MMSG-17999]
2022-08-11 04:57:12.151 : - Iteration: 175	[MsgId: MMSG-17999]
2022-08-11 04:57:12.152 :   Account: jojo6/bean6	[MsgId: MMSG-17999]
2022-08-11 04:57:27.743 :   Login completed	[MsgId: MMSG-17999]
2022-08-11 04:57:31.308 :   Logout completed	[MsgId: MMSG-17999]
2022-08-11 04:59:18.153 : - Iteration: 176	[MsgId: MMSG-17999]
2022-08-11 04:59:18.154 :   Account: jojo6/bean6	[MsgId: MMSG-17999]
2022-08-11 04:59:27.610 :   Login completed	[MsgId: MMSG-17999]
2022-08-11 04:59:34.394 :   Logout completed	[MsgId: MMSG-17999]
2022-08-11 05:01:24.157 : - Iteration: 177	[MsgId: MMSG-17999]
2022-08-11 05:01:24.158 :   Account: jojo6/bean6	[MsgId: MMSG-17999]
2022-08-11 05:01:38.645 :   Login completed	[MsgId: MMSG-17999]
2022-08-11 05:01:42.101 :   Logout completed	[MsgId: MMSG-17999]
