2022-08-11 01:55:41.975 : URL = localhost:1080	[MsgId: MMSG-17999]
2022-08-11 01:55:42.010 : - Iteration: 1	[MsgId: MMSG-17999]
2022-08-11 01:55:42.010 :   Account: jojo21/bean21	[MsgId: MMSG-17999]
2022-08-11 01:55:50.459 :   Login completed	[MsgId: MMSG-17999]
2022-08-11 01:55:54.065 :   Logout completed	[MsgId: MMSG-17999]
2022-08-11 01:57:48.017 : - Iteration: 2	[MsgId: MMSG-17999]
2022-08-11 01:57:48.017 :   Account: jojo21/bean21	[MsgId: MMSG-17999]
2022-08-11 01:58:01.931 :   Login completed	[MsgId: MMSG-17999]
2022-08-11 01:58:04.874 :   Logout completed	[MsgId: MMSG-17999]
2022-08-11 01:59:54.024 : - Iteration: 3	[MsgId: MMSG-17999]
2022-08-11 01:59:54.025 :   Account: jojo21/bean21	[MsgId: MMSG-17999]
2022-08-11 02:00:03.015 :   Login completed	[MsgId: MMSG-17999]
2022-08-11 02:00:06.895 :   Logout completed	[MsgId: MMSG-17999]
2022-08-11 02:02:00.033 : - Iteration: 4	[MsgId: MMSG-17999]
2022-08-11 02:02:00.034 :   Account: jojo21/bean21	[MsgId: MMSG-17999]
2022-08-11 02:02:14.152 :   Login completed	[MsgId: MMSG-17999]
2022-08-11 02:02:20.489 :   Logout completed	[MsgId: MMSG-17999]
2022-08-11 02:04:06.049 : - Iteration: 5	[MsgId: MMSG-17999]
2022-08-11 02:04:06.049 :   Account: jojo21/bean21	[MsgId: MMSG-17999]
2022-08-11 02:04:20.407 :   Login completed	[MsgId: MMSG-17999]
2022-08-11 02:04:27.920 :   Logout completed	[MsgId: MMSG-17999]
2022-08-11 02:06:12.054 : - Iteration: 6	[MsgId: MMSG-17999]
2022-08-11 02:06:12.055 :   Account: jojo21/bean21	[MsgId: MMSG-17999]
2022-08-11 02:06:25.890 :   Login completed	[MsgId: MMSG-17999]
2022-08-11 02:06:30.691 :   Logout completed	[MsgId: MMSG-17999]
2022-08-11 02:08:18.061 : - Iteration: 7	[MsgId: MMSG-17999]
2022-08-11 02:08:18.062 :   Account: jojo21/bean21	[MsgId: MMSG-17999]
2022-08-11 02:08:33.601 :   Login completed	[MsgId: MMSG-17999]
2022-08-11 02:08:38.845 :   Logout completed	[MsgId: MMSG-17999]
2022-08-11 02:10:24.069 : - Iteration: 8	[MsgId: MMSG-17999]
2022-08-11 02:10:24.069 :   Account: jojo21/bean21	[MsgId: MMSG-17999]
2022-08-11 02:10:39.034 :   Login completed	[MsgId: MMSG-17999]
2022-08-11 02:10:42.431 :   Logout completed	[MsgId: MMSG-17999]
2022-08-11 02:12:30.083 : - Iteration: 9	[MsgId: MMSG-17999]
2022-08-11 02:12:30.083 :   Account: jojo21/bean21	[MsgId: MMSG-17999]
2022-08-11 02:12:39.537 :   Login completed	[MsgId: MMSG-17999]
2022-08-11 02:12:43.833 :   Logout completed	[MsgId: MMSG-17999]
2022-08-11 02:14:36.088 : - Iteration: 10	[MsgId: MMSG-17999]
2022-08-11 02:14:36.088 :   Account: jojo21/bean21	[MsgId: MMSG-17999]
2022-08-11 02:14:43.496 :   Login completed	[MsgId: MMSG-17999]
2022-08-11 02:14:50.203 :   Logout completed	[MsgId: MMSG-17999]
2022-08-11 02:16:42.101 : - Iteration: 11	[MsgId: MMSG-17999]
2022-08-11 02:16:42.101 :   Account: jojo21/bean21	[MsgId: MMSG-17999]
2022-08-11 02:16:57.128 :   Login completed	[MsgId: MMSG-17999]
2022-08-11 02:17:02.986 :   Logout completed	[MsgId: MMSG-17999]
2022-08-11 02:18:48.105 : - Iteration: 12	[MsgId: MMSG-17999]
2022-08-11 02:18:48.106 :   Account: jojo21/bean21	[MsgId: MMSG-17999]
2022-08-11 02:18:54.489 :   Login completed	[MsgId: MMSG-17999]
2022-08-11 02:19:02.147 :   Logout completed	[MsgId: MMSG-17999]
2022-08-11 02:20:54.108 : - Iteration: 13	[MsgId: MMSG-17999]
2022-08-11 02:20:54.109 :   Account: jojo21/bean21	[MsgId: MMSG-17999]
2022-08-11 02:21:06.513 :   Login completed	[MsgId: MMSG-17999]
2022-08-11 02:21:09.801 :   Logout completed	[MsgId: MMSG-17999]
2022-08-11 02:23:00.123 : - Iteration: 14	[MsgId: MMSG-17999]
2022-08-11 02:23:00.123 :   Account: jojo21/bean21	[MsgId: MMSG-17999]
2022-08-11 02:23:13.515 :   Login completed	[MsgId: MMSG-17999]
2022-08-11 02:23:18.398 :   Logout completed	[MsgId: MMSG-17999]
2022-08-11 02:25:06.125 : - Iteration: 15	[MsgId: MMSG-17999]
2022-08-11 02:25:06.125 :   Account: jojo21/bean21	[MsgId: MMSG-17999]
2022-08-11 02:25:15.222 :   Login completed	[MsgId: MMSG-17999]
2022-08-11 02:25:19.976 :   Logout completed	[MsgId: MMSG-17999]
2022-08-11 02:27:12.128 : - Iteration: 16	[MsgId: MMSG-17999]
2022-08-11 02:27:12.128 :   Account: jojo21/bean21	[MsgId: MMSG-17999]
2022-08-11 02:27:27.497 :   Login completed	[MsgId: MMSG-17999]
2022-08-11 02:27:34.898 :   Logout completed	[MsgId: MMSG-17999]
2022-08-11 02:29:18.138 : - Iteration: 17	[MsgId: MMSG-17999]
2022-08-11 02:29:18.138 :   Account: jojo21/bean21	[MsgId: MMSG-17999]
2022-08-11 02:29:27.889 :   Login completed	[MsgId: MMSG-17999]
2022-08-11 02:29:32.778 :   Logout completed	[MsgId: MMSG-17999]
2022-08-11 02:31:24.152 : - Iteration: 18	[MsgId: MMSG-17999]
2022-08-11 02:31:24.153 :   Account: jojo21/bean21	[MsgId: MMSG-17999]
2022-08-11 02:31:29.877 :   Login completed	[MsgId: MMSG-17999]
2022-08-11 02:31:33.012 :   Logout completed	[MsgId: MMSG-17999]
2022-08-11 02:33:30.165 : - Iteration: 19	[MsgId: MMSG-17999]
2022-08-11 02:33:30.166 :   Account: jojo21/bean21	[MsgId: MMSG-17999]
2022-08-11 02:33:39.614 :   Login completed	[MsgId: MMSG-17999]
2022-08-11 02:33:46.701 :   Logout completed	[MsgId: MMSG-17999]
2022-08-11 02:35:36.174 : - Iteration: 20	[MsgId: MMSG-17999]
2022-08-11 02:35:36.174 :   Account: jojo21/bean21	[MsgId: MMSG-17999]
2022-08-11 02:35:45.594 :   Login completed	[MsgId: MMSG-17999]
2022-08-11 02:35:49.069 :   Logout completed	[MsgId: MMSG-17999]
2022-08-11 02:37:42.181 : - Iteration: 21	[MsgId: MMSG-17999]
2022-08-11 02:37:42.182 :   Account: jojo21/bean21	[MsgId: MMSG-17999]
2022-08-11 02:37:51.655 :   Login completed	[MsgId: MMSG-17999]
2022-08-11 02:37:55.050 :   Logout completed	[MsgId: MMSG-17999]
2022-08-11 02:39:48.192 : - Iteration: 22	[MsgId: MMSG-17999]
2022-08-11 02:39:48.192 :   Account: jojo21/bean21	[MsgId: MMSG-17999]
2022-08-11 02:39:59.974 :   Login completed	[MsgId: MMSG-17999]
2022-08-11 02:40:04.742 :   Logout completed	[MsgId: MMSG-17999]
2022-08-11 02:41:54.197 : - Iteration: 23	[MsgId: MMSG-17999]
2022-08-11 02:41:54.198 :   Account: jojo21/bean21	[MsgId: MMSG-17999]
2022-08-11 02:42:07.602 :   Login completed	[MsgId: MMSG-17999]
2022-08-11 02:42:12.627 :   Logout completed	[MsgId: MMSG-17999]
2022-08-11 02:44:00.208 : - Iteration: 24	[MsgId: MMSG-17999]
2022-08-11 02:44:00.208 :   Account: jojo21/bean21	[MsgId: MMSG-17999]
2022-08-11 02:44:13.321 :   Login completed	[MsgId: MMSG-17999]
2022-08-11 02:44:17.828 :   Logout completed	[MsgId: MMSG-17999]
2022-08-11 02:46:06.214 : - Iteration: 25	[MsgId: MMSG-17999]
2022-08-11 02:46:06.214 :   Account: jojo21/bean21	[MsgId: MMSG-17999]
2022-08-11 02:46:11.889 :   Login completed	[MsgId: MMSG-17999]
2022-08-11 02:46:15.278 :   Logout completed	[MsgId: MMSG-17999]
2022-08-11 02:48:12.217 : - Iteration: 26	[MsgId: MMSG-17999]
2022-08-11 02:48:12.217 :   Account: jojo21/bean21	[MsgId: MMSG-17999]
2022-08-11 02:48:26.441 :   Login completed	[MsgId: MMSG-17999]
2022-08-11 02:48:32.256 :   Logout completed	[MsgId: MMSG-17999]
2022-08-11 02:50:18.232 : - Iteration: 27	[MsgId: MMSG-17999]
2022-08-11 02:50:18.232 :   Account: jojo21/bean21	[MsgId: MMSG-17999]
2022-08-11 02:50:26.820 :   Login completed	[MsgId: MMSG-17999]
2022-08-11 02:50:33.061 :   Logout completed	[MsgId: MMSG-17999]
2022-08-11 02:52:24.239 : - Iteration: 28	[MsgId: MMSG-17999]
2022-08-11 02:52:24.240 :   Account: jojo21/bean21	[MsgId: MMSG-17999]
2022-08-11 02:52:36.821 :   Login completed	[MsgId: MMSG-17999]
2022-08-11 02:52:40.663 :   Logout completed	[MsgId: MMSG-17999]
2022-08-11 02:54:30.250 : - Iteration: 29	[MsgId: MMSG-17999]
2022-08-11 02:54:30.250 :   Account: jojo21/bean21	[MsgId: MMSG-17999]
2022-08-11 02:54:43.194 :   Login completed	[MsgId: MMSG-17999]
2022-08-11 02:54:50.265 :   Logout completed	[MsgId: MMSG-17999]
2022-08-11 02:56:36.254 : - Iteration: 30	[MsgId: MMSG-17999]
2022-08-11 02:56:36.255 :   Account: jojo21/bean21	[MsgId: MMSG-17999]
2022-08-11 02:56:49.547 :   Login completed	[MsgId: MMSG-17999]
2022-08-11 02:56:54.566 :   Logout completed	[MsgId: MMSG-17999]
2022-08-11 02:58:42.261 : - Iteration: 31	[MsgId: MMSG-17999]
2022-08-11 02:58:42.262 :   Account: jojo21/bean21	[MsgId: MMSG-17999]
2022-08-11 02:58:55.061 :   Login completed	[MsgId: MMSG-17999]
2022-08-11 02:58:59.867 :   Logout completed	[MsgId: MMSG-17999]
2022-08-11 03:00:48.273 : - Iteration: 32	[MsgId: MMSG-17999]
2022-08-11 03:00:48.274 :   Account: jojo21/bean21	[MsgId: MMSG-17999]
2022-08-11 03:01:01.712 :   Login completed	[MsgId: MMSG-17999]
2022-08-11 03:01:06.258 :   Logout completed	[MsgId: MMSG-17999]
2022-08-11 03:02:54.282 : - Iteration: 33	[MsgId: MMSG-17999]
2022-08-11 03:02:54.282 :   Account: jojo21/bean21	[MsgId: MMSG-17999]
2022-08-11 03:03:02.725 :   Login completed	[MsgId: MMSG-17999]
2022-08-11 03:03:05.885 :   Logout completed	[MsgId: MMSG-17999]
2022-08-11 03:05:00.291 : - Iteration: 34	[MsgId: MMSG-17999]
2022-08-11 03:05:00.291 :   Account: jojo21/bean21	[MsgId: MMSG-17999]
2022-08-11 03:05:07.512 :   Login completed	[MsgId: MMSG-17999]
2022-08-11 03:05:12.024 :   Logout completed	[MsgId: MMSG-17999]
2022-08-11 03:07:06.300 : - Iteration: 35	[MsgId: MMSG-17999]
2022-08-11 03:07:06.301 :   Account: jojo21/bean21	[MsgId: MMSG-17999]
2022-08-11 03:07:14.479 :   Login completed	[MsgId: MMSG-17999]
2022-08-11 03:07:17.730 :   Logout completed	[MsgId: MMSG-17999]
2022-08-11 03:09:12.315 : - Iteration: 36	[MsgId: MMSG-17999]
2022-08-11 03:09:12.316 :   Account: jojo21/bean21	[MsgId: MMSG-17999]
2022-08-11 03:09:18.013 :   Login completed	[MsgId: MMSG-17999]
2022-08-11 03:09:22.334 :   Logout completed	[MsgId: MMSG-17999]
2022-08-11 03:11:18.322 : - Iteration: 37	[MsgId: MMSG-17999]
2022-08-11 03:11:18.322 :   Account: jojo21/bean21	[MsgId: MMSG-17999]
2022-08-11 03:11:24.268 :   Login completed	[MsgId: MMSG-17999]
2022-08-11 03:11:28.941 :   Logout completed	[MsgId: MMSG-17999]
2022-08-11 03:13:24.334 : - Iteration: 38	[MsgId: MMSG-17999]
2022-08-11 03:13:24.335 :   Account: jojo21/bean21	[MsgId: MMSG-17999]
2022-08-11 03:13:39.698 :   Login completed	[MsgId: MMSG-17999]
2022-08-11 03:13:43.277 :   Logout completed	[MsgId: MMSG-17999]
2022-08-11 03:15:30.340 : - Iteration: 39	[MsgId: MMSG-17999]
2022-08-11 03:15:30.340 :   Account: jojo21/bean21	[MsgId: MMSG-17999]
2022-08-11 03:15:36.281 :   Login completed	[MsgId: MMSG-17999]
2022-08-11 03:15:43.474 :   Logout completed	[MsgId: MMSG-17999]
2022-08-11 03:17:36.354 : - Iteration: 40	[MsgId: MMSG-17999]
2022-08-11 03:17:36.355 :   Account: jojo21/bean21	[MsgId: MMSG-17999]
2022-08-11 03:17:48.853 :   Login completed	[MsgId: MMSG-17999]
2022-08-11 03:17:52.875 :   Logout completed	[MsgId: MMSG-17999]
2022-08-11 03:19:42.364 : - Iteration: 41	[MsgId: MMSG-17999]
2022-08-11 03:19:42.364 :   Account: jojo21/bean21	[MsgId: MMSG-17999]
2022-08-11 03:19:57.436 :   Login completed	[MsgId: MMSG-17999]
2022-08-11 03:20:03.045 :   Logout completed	[MsgId: MMSG-17999]
2022-08-11 03:21:48.373 : - Iteration: 42	[MsgId: MMSG-17999]
2022-08-11 03:21:48.373 :   Account: jojo21/bean21	[MsgId: MMSG-17999]
2022-08-11 03:22:00.228 :   Login completed	[MsgId: MMSG-17999]
2022-08-11 03:22:04.919 :   Logout completed	[MsgId: MMSG-17999]
2022-08-11 03:23:54.373 : - Iteration: 43	[MsgId: MMSG-17999]
2022-08-11 03:23:54.374 :   Account: jojo21/bean21	[MsgId: MMSG-17999]
2022-08-11 03:24:03.298 :   Login completed	[MsgId: MMSG-17999]
2022-08-11 03:24:06.406 :   Logout completed	[MsgId: MMSG-17999]
2022-08-11 03:26:00.376 : - Iteration: 44	[MsgId: MMSG-17999]
2022-08-11 03:26:00.377 :   Account: jojo21/bean21	[MsgId: MMSG-17999]
2022-08-11 03:26:10.146 :   Login completed	[MsgId: MMSG-17999]
2022-08-11 03:26:16.023 :   Logout completed	[MsgId: MMSG-17999]
2022-08-11 03:28:06.386 : - Iteration: 45	[MsgId: MMSG-17999]
2022-08-11 03:28:06.386 :   Account: jojo21/bean21	[MsgId: MMSG-17999]
2022-08-11 03:28:14.223 :   Login completed	[MsgId: MMSG-17999]
2022-08-11 03:28:19.538 :   Logout completed	[MsgId: MMSG-17999]
2022-08-11 03:30:12.389 : - Iteration: 46	[MsgId: MMSG-17999]
2022-08-11 03:30:12.389 :   Account: jojo21/bean21	[MsgId: MMSG-17999]
2022-08-11 03:30:24.505 :   Login completed	[MsgId: MMSG-17999]
2022-08-11 03:30:29.112 :   Logout completed	[MsgId: MMSG-17999]
2022-08-11 03:32:18.398 : - Iteration: 47	[MsgId: MMSG-17999]
2022-08-11 03:32:18.399 :   Account: jojo21/bean21	[MsgId: MMSG-17999]
2022-08-11 03:32:29.851 :   Login completed	[MsgId: MMSG-17999]
2022-08-11 03:32:33.501 :   Logout completed	[MsgId: MMSG-17999]
2022-08-11 03:34:24.411 : - Iteration: 48	[MsgId: MMSG-17999]
2022-08-11 03:34:24.411 :   Account: jojo21/bean21	[MsgId: MMSG-17999]
2022-08-11 03:34:34.659 :   Login completed	[MsgId: MMSG-17999]
2022-08-11 03:34:41.290 :   Logout completed	[MsgId: MMSG-17999]
2022-08-11 03:36:30.424 : - Iteration: 49	[MsgId: MMSG-17999]
2022-08-11 03:36:30.424 :   Account: jojo21/bean21	[MsgId: MMSG-17999]
2022-08-11 03:36:41.441 :   Login completed	[MsgId: MMSG-17999]
2022-08-11 03:36:46.969 :   Logout completed	[MsgId: MMSG-17999]
2022-08-11 03:38:36.433 : - Iteration: 50	[MsgId: MMSG-17999]
2022-08-11 03:38:36.433 :   Account: jojo21/bean21	[MsgId: MMSG-17999]
2022-08-11 03:38:43.144 :   Login completed	[MsgId: MMSG-17999]
2022-08-11 03:38:47.114 :   Logout completed	[MsgId: MMSG-17999]
2022-08-11 03:40:42.449 : - Iteration: 51	[MsgId: MMSG-17999]
2022-08-11 03:40:42.450 :   Account: jojo21/bean21	[MsgId: MMSG-17999]
2022-08-11 03:40:48.136 :   Login completed	[MsgId: MMSG-17999]
2022-08-11 03:40:55.090 :   Logout completed	[MsgId: MMSG-17999]
2022-08-11 03:42:48.455 : - Iteration: 52	[MsgId: MMSG-17999]
2022-08-11 03:42:48.455 :   Account: jojo21/bean21	[MsgId: MMSG-17999]
2022-08-11 03:42:54.401 :   Login completed	[MsgId: MMSG-17999]
2022-08-11 03:42:59.243 :   Logout completed	[MsgId: MMSG-17999]
2022-08-11 03:44:54.457 : - Iteration: 53	[MsgId: MMSG-17999]
2022-08-11 03:44:54.457 :   Account: jojo21/bean21	[MsgId: MMSG-17999]
2022-08-11 03:45:00.289 :   Login completed	[MsgId: MMSG-17999]
2022-08-11 03:45:03.973 :   Logout completed	[MsgId: MMSG-17999]
2022-08-11 03:47:00.465 : - Iteration: 54	[MsgId: MMSG-17999]
2022-08-11 03:47:00.466 :   Account: jojo21/bean21	[MsgId: MMSG-17999]
2022-08-11 03:47:12.349 :   Login completed	[MsgId: MMSG-17999]
2022-08-11 03:47:19.827 :   Logout completed	[MsgId: MMSG-17999]
2022-08-11 03:49:06.471 : - Iteration: 55	[MsgId: MMSG-17999]
2022-08-11 03:49:06.471 :   Account: jojo21/bean21	[MsgId: MMSG-17999]
2022-08-11 03:49:13.886 :   Login completed	[MsgId: MMSG-17999]
2022-08-11 03:49:20.151 :   Logout completed	[MsgId: MMSG-17999]
2022-08-11 03:51:12.484 : - Iteration: 56	[MsgId: MMSG-17999]
2022-08-11 03:51:12.484 :   Account: jojo21/bean21	[MsgId: MMSG-17999]
2022-08-11 03:51:22.479 :   Login completed	[MsgId: MMSG-17999]
2022-08-11 03:51:27.568 :   Logout completed	[MsgId: MMSG-17999]
2022-08-11 03:53:18.493 : - Iteration: 57	[MsgId: MMSG-17999]
2022-08-11 03:53:18.493 :   Account: jojo21/bean21	[MsgId: MMSG-17999]
2022-08-11 03:53:29.368 :   Login completed	[MsgId: MMSG-17999]
2022-08-11 03:53:36.375 :   Logout completed	[MsgId: MMSG-17999]
2022-08-11 03:55:24.503 : - Iteration: 58	[MsgId: MMSG-17999]
2022-08-11 03:55:24.504 :   Account: jojo21/bean21	[MsgId: MMSG-17999]
2022-08-11 03:55:38.144 :   Login completed	[MsgId: MMSG-17999]
2022-08-11 03:55:43.207 :   Logout completed	[MsgId: MMSG-17999]
2022-08-11 03:57:30.503 : - Iteration: 59	[MsgId: MMSG-17999]
2022-08-11 03:57:30.503 :   Account: jojo21/bean21	[MsgId: MMSG-17999]
2022-08-11 03:57:42.742 :   Login completed	[MsgId: MMSG-17999]
2022-08-11 03:57:45.666 :   Logout completed	[MsgId: MMSG-17999]
2022-08-11 03:59:36.507 : - Iteration: 60	[MsgId: MMSG-17999]
2022-08-11 03:59:36.507 :   Account: jojo21/bean21	[MsgId: MMSG-17999]
2022-08-11 03:59:47.664 :   Login completed	[MsgId: MMSG-17999]
2022-08-11 03:59:50.496 :   Logout completed	[MsgId: MMSG-17999]
2022-08-11 04:01:42.512 : - Iteration: 61	[MsgId: MMSG-17999]
2022-08-11 04:01:42.512 :   Account: jojo21/bean21	[MsgId: MMSG-17999]
2022-08-11 04:01:54.486 :   Login completed	[MsgId: MMSG-17999]
2022-08-11 04:02:01.653 :   Logout completed	[MsgId: MMSG-17999]
2022-08-11 04:03:48.527 : - Iteration: 62	[MsgId: MMSG-17999]
2022-08-11 04:03:48.527 :   Account: jojo21/bean21	[MsgId: MMSG-17999]
2022-08-11 04:04:02.154 :   Login completed	[MsgId: MMSG-17999]
2022-08-11 04:04:07.083 :   Logout completed	[MsgId: MMSG-17999]
2022-08-11 04:05:54.541 : - Iteration: 63	[MsgId: MMSG-17999]
2022-08-11 04:05:54.542 :   Account: jojo21/bean21	[MsgId: MMSG-17999]
2022-08-11 04:06:07.728 :   Login completed	[MsgId: MMSG-17999]
2022-08-11 04:06:12.781 :   Logout completed	[MsgId: MMSG-17999]
2022-08-11 04:08:00.540 : - Iteration: 64	[MsgId: MMSG-17999]
2022-08-11 04:08:00.541 :   Account: jojo21/bean21	[MsgId: MMSG-17999]
2022-08-11 04:08:15.191 :   Login completed	[MsgId: MMSG-17999]
2022-08-11 04:08:19.636 :   Logout completed	[MsgId: MMSG-17999]
2022-08-11 04:10:06.550 : - Iteration: 65	[MsgId: MMSG-17999]
2022-08-11 04:10:06.551 :   Account: jojo21/bean21	[MsgId: MMSG-17999]
2022-08-11 04:10:17.795 :   Login completed	[MsgId: MMSG-17999]
2022-08-11 04:10:24.331 :   Logout completed	[MsgId: MMSG-17999]
2022-08-11 04:12:12.551 : - Iteration: 66	[MsgId: MMSG-17999]
2022-08-11 04:12:12.551 :   Account: jojo21/bean21	[MsgId: MMSG-17999]
2022-08-11 04:12:18.461 :   Login completed	[MsgId: MMSG-17999]
2022-08-11 04:12:23.251 :   Logout completed	[MsgId: MMSG-17999]
2022-08-11 04:14:18.565 : - Iteration: 67	[MsgId: MMSG-17999]
2022-08-11 04:14:18.566 :   Account: jojo21/bean21	[MsgId: MMSG-17999]
2022-08-11 04:14:24.429 :   Login completed	[MsgId: MMSG-17999]
2022-08-11 04:14:27.830 :   Logout completed	[MsgId: MMSG-17999]
2022-08-11 04:16:24.579 : - Iteration: 68	[MsgId: MMSG-17999]
2022-08-11 04:16:24.580 :   Account: jojo21/bean21	[MsgId: MMSG-17999]
2022-08-11 04:16:31.835 :   Login completed	[MsgId: MMSG-17999]
2022-08-11 04:16:37.054 :   Logout completed	[MsgId: MMSG-17999]
2022-08-11 04:18:30.581 : - Iteration: 69	[MsgId: MMSG-17999]
2022-08-11 04:18:30.581 :   Account: jojo21/bean21	[MsgId: MMSG-17999]
2022-08-11 04:18:44.980 :   Login completed	[MsgId: MMSG-17999]
2022-08-11 04:18:48.790 :   Logout completed	[MsgId: MMSG-17999]
2022-08-11 04:20:36.593 : - Iteration: 70	[MsgId: MMSG-17999]
2022-08-11 04:20:36.593 :   Account: jojo21/bean21	[MsgId: MMSG-17999]
2022-08-11 04:20:50.252 :   Login completed	[MsgId: MMSG-17999]
2022-08-11 04:20:56.134 :   Logout completed	[MsgId: MMSG-17999]
2022-08-11 04:22:42.593 : - Iteration: 71	[MsgId: MMSG-17999]
2022-08-11 04:22:42.593 :   Account: jojo21/bean21	[MsgId: MMSG-17999]
2022-08-11 04:22:56.821 :   Login completed	[MsgId: MMSG-17999]
2022-08-11 04:23:03.223 :   Logout completed	[MsgId: MMSG-17999]
2022-08-11 04:24:48.596 : - Iteration: 72	[MsgId: MMSG-17999]
2022-08-11 04:24:48.596 :   Account: jojo21/bean21	[MsgId: MMSG-17999]
2022-08-11 04:25:02.513 :   Login completed	[MsgId: MMSG-17999]
2022-08-11 04:25:09.528 :   Logout completed	[MsgId: MMSG-17999]
2022-08-11 04:26:54.599 : - Iteration: 73	[MsgId: MMSG-17999]
2022-08-11 04:26:54.600 :   Account: jojo21/bean21	[MsgId: MMSG-17999]
2022-08-11 04:27:07.058 :   Login completed	[MsgId: MMSG-17999]
2022-08-11 04:27:13.451 :   Logout completed	[MsgId: MMSG-17999]
2022-08-11 04:29:00.604 : - Iteration: 74	[MsgId: MMSG-17999]
2022-08-11 04:29:00.604 :   Account: jojo21/bean21	[MsgId: MMSG-17999]
2022-08-11 04:29:06.516 :   Login completed	[MsgId: MMSG-17999]
2022-08-11 04:29:10.473 :   Logout completed	[MsgId: MMSG-17999]
2022-08-11 04:31:06.607 : - Iteration: 75	[MsgId: MMSG-17999]
2022-08-11 04:31:06.608 :   Account: jojo21/bean21	[MsgId: MMSG-17999]
2022-08-11 04:31:18.174 :   Login completed	[MsgId: MMSG-17999]
2022-08-11 04:31:24.638 :   Logout completed	[MsgId: MMSG-17999]
2022-08-11 04:33:12.621 : - Iteration: 76	[MsgId: MMSG-17999]
2022-08-11 04:33:12.622 :   Account: jojo21/bean21	[MsgId: MMSG-17999]
2022-08-11 04:33:27.935 :   Login completed	[MsgId: MMSG-17999]
2022-08-11 04:33:30.818 :   Logout completed	[MsgId: MMSG-17999]
2022-08-11 04:35:18.628 : - Iteration: 77	[MsgId: MMSG-17999]
2022-08-11 04:35:18.629 :   Account: jojo21/bean21	[MsgId: MMSG-17999]
2022-08-11 04:35:32.808 :   Login completed	[MsgId: MMSG-17999]
2022-08-11 04:35:38.665 :   Logout completed	[MsgId: MMSG-17999]
2022-08-11 04:37:24.639 : - Iteration: 78	[MsgId: MMSG-17999]
2022-08-11 04:37:24.640 :   Account: jojo21/bean21	[MsgId: MMSG-17999]
2022-08-11 04:37:31.731 :   Login completed	[MsgId: MMSG-17999]
2022-08-11 04:37:37.803 :   Logout completed	[MsgId: MMSG-17999]
2022-08-11 04:39:30.648 : - Iteration: 79	[MsgId: MMSG-17999]
2022-08-11 04:39:30.649 :   Account: jojo21/bean21	[MsgId: MMSG-17999]
2022-08-11 04:39:43.501 :   Login completed	[MsgId: MMSG-17999]
2022-08-11 04:39:47.354 :   Logout completed	[MsgId: MMSG-17999]
2022-08-11 04:41:36.660 : - Iteration: 80	[MsgId: MMSG-17999]
2022-08-11 04:41:36.660 :   Account: jojo21/bean21	[MsgId: MMSG-17999]
2022-08-11 04:41:52.101 :   Login completed	[MsgId: MMSG-17999]
2022-08-11 04:41:55.848 :   Logout completed	[MsgId: MMSG-17999]
2022-08-11 04:43:42.672 : - Iteration: 81	[MsgId: MMSG-17999]
2022-08-11 04:43:42.673 :   Account: jojo21/bean21	[MsgId: MMSG-17999]
2022-08-11 04:43:48.574 :   Login completed	[MsgId: MMSG-17999]
2022-08-11 04:43:53.452 :   Logout completed	[MsgId: MMSG-17999]
2022-08-11 04:45:48.684 : - Iteration: 82	[MsgId: MMSG-17999]
2022-08-11 04:45:48.684 :   Account: jojo21/bean21	[MsgId: MMSG-17999]
2022-08-11 04:46:02.575 :   Login completed	[MsgId: MMSG-17999]
2022-08-11 04:46:10.252 :   Logout completed	[MsgId: MMSG-17999]
2022-08-11 04:47:54.686 : - Iteration: 83	[MsgId: MMSG-17999]
2022-08-11 04:47:54.687 :   Account: jojo21/bean21	[MsgId: MMSG-17999]
2022-08-11 04:48:00.707 :   Login completed	[MsgId: MMSG-17999]
2022-08-11 04:48:08.254 :   Logout completed	[MsgId: MMSG-17999]
2022-08-11 04:50:00.698 : - Iteration: 84	[MsgId: MMSG-17999]
2022-08-11 04:50:00.698 :   Account: jojo21/bean21	[MsgId: MMSG-17999]
2022-08-11 04:50:12.162 :   Login completed	[MsgId: MMSG-17999]
2022-08-11 04:50:19.467 :   Logout completed	[MsgId: MMSG-17999]
2022-08-11 04:52:06.707 : - Iteration: 85	[MsgId: MMSG-17999]
2022-08-11 04:52:06.708 :   Account: jojo21/bean21	[MsgId: MMSG-17999]
2022-08-11 04:52:14.351 :   Login completed	[MsgId: MMSG-17999]
2022-08-11 04:52:18.122 :   Logout completed	[MsgId: MMSG-17999]
2022-08-11 04:54:12.709 : - Iteration: 86	[MsgId: MMSG-17999]
2022-08-11 04:54:12.710 :   Account: jojo21/bean21	[MsgId: MMSG-17999]
2022-08-11 04:54:22.364 :   Login completed	[MsgId: MMSG-17999]
2022-08-11 04:54:29.828 :   Logout completed	[MsgId: MMSG-17999]
2022-08-11 04:56:18.715 : - Iteration: 87	[MsgId: MMSG-17999]
2022-08-11 04:56:18.716 :   Account: jojo21/bean21	[MsgId: MMSG-17999]
2022-08-11 04:56:31.696 :   Login completed	[MsgId: MMSG-17999]
2022-08-11 04:56:38.180 :   Logout completed	[MsgId: MMSG-17999]
2022-08-11 04:58:24.725 : - Iteration: 88	[MsgId: MMSG-17999]
2022-08-11 04:58:24.726 :   Account: jojo21/bean21	[MsgId: MMSG-17999]
2022-08-11 04:58:39.148 :   Login completed	[MsgId: MMSG-17999]
2022-08-11 04:58:43.694 :   Logout completed	[MsgId: MMSG-17999]
2022-08-11 05:00:30.733 : - Iteration: 89	[MsgId: MMSG-17999]
2022-08-11 05:00:30.734 :   Account: jojo21/bean21	[MsgId: MMSG-17999]
2022-08-11 05:00:41.452 :   Login completed	[MsgId: MMSG-17999]
2022-08-11 05:00:48.699 :   Logout completed	[MsgId: MMSG-17999]
2022-08-11 05:02:36.740 : - Iteration: 90	[MsgId: MMSG-17999]
2022-08-11 05:02:36.741 :   Account: jojo21/bean21	[MsgId: MMSG-17999]
2022-08-11 05:02:46.642 :   Login completed	[MsgId: MMSG-17999]
2022-08-11 05:02:52.078 :   Logout completed	[MsgId: MMSG-17999]
2022-08-11 05:04:42.750 : - Iteration: 91	[MsgId: MMSG-17999]
2022-08-11 05:04:42.751 :   Account: jojo21/bean21	[MsgId: MMSG-17999]
2022-08-11 05:04:48.958 :   Login completed	[MsgId: MMSG-17999]
2022-08-11 05:04:55.292 :   Logout completed	[MsgId: MMSG-17999]
2022-08-11 05:06:48.756 : - Iteration: 92	[MsgId: MMSG-17999]
2022-08-11 05:06:48.756 :   Account: jojo21/bean21	[MsgId: MMSG-17999]
2022-08-11 05:06:59.066 :   Login completed	[MsgId: MMSG-17999]
2022-08-11 05:07:02.190 :   Logout completed	[MsgId: MMSG-17999]
