2022-08-11 00:53:53.337 : URL = localhost:1080	[MsgId: MMSG-17999]
2022-08-11 00:53:53.356 : - Iteration: 1	[MsgId: MMSG-17999]
2022-08-11 00:53:53.356 :   Account: jojo14/bean14	[MsgId: MMSG-17999]
2022-08-11 00:54:04.890 :   Login completed	[MsgId: MMSG-17999]
2022-08-11 00:54:08.263 :   Logout completed	[MsgId: MMSG-17999]
2022-08-11 00:55:59.372 : - Iteration: 2	[MsgId: MMSG-17999]
2022-08-11 00:55:59.373 :   Account: jojo14/bean14	[MsgId: MMSG-17999]
2022-08-11 00:56:11.137 :   Login completed	[MsgId: MMSG-17999]
2022-08-11 00:56:16.031 :   Logout completed	[MsgId: MMSG-17999]
2022-08-11 00:58:05.373 : - Iteration: 3	[MsgId: MMSG-17999]
2022-08-11 00:58:05.374 :   Account: jojo14/bean14	[MsgId: MMSG-17999]
2022-08-11 00:58:15.648 :   Login completed	[MsgId: MMSG-17999]
2022-08-11 00:58:21.075 :   Logout completed	[MsgId: MMSG-17999]
2022-08-11 01:00:11.382 : - Iteration: 4	[MsgId: MMSG-17999]
2022-08-11 01:00:11.382 :   Account: jojo14/bean14	[MsgId: MMSG-17999]
2022-08-11 01:00:25.040 :   Login completed	[MsgId: MMSG-17999]
2022-08-11 01:00:31.669 :   Logout completed	[MsgId: MMSG-17999]
2022-08-11 01:02:17.397 : - Iteration: 5	[MsgId: MMSG-17999]
2022-08-11 01:02:17.397 :   Account: jojo14/bean14	[MsgId: MMSG-17999]
2022-08-11 01:02:28.980 :   Login completed	[MsgId: MMSG-17999]
2022-08-11 01:02:32.583 :   Logout completed	[MsgId: MMSG-17999]
2022-08-11 01:04:23.406 : - Iteration: 6	[MsgId: MMSG-17999]
2022-08-11 01:04:23.407 :   Account: jojo14/bean14	[MsgId: MMSG-17999]
2022-08-11 01:04:34.737 :   Login completed	[MsgId: MMSG-17999]
2022-08-11 01:04:37.953 :   Logout completed	[MsgId: MMSG-17999]
2022-08-11 01:06:29.412 : - Iteration: 7	[MsgId: MMSG-17999]
2022-08-11 01:06:29.413 :   Account: jojo14/bean14	[MsgId: MMSG-17999]
2022-08-11 01:06:38.164 :   Login completed	[MsgId: MMSG-17999]
2022-08-11 01:06:43.387 :   Logout completed	[MsgId: MMSG-17999]
2022-08-11 01:08:35.414 : - Iteration: 8	[MsgId: MMSG-17999]
2022-08-11 01:08:35.414 :   Account: jojo14/bean14	[MsgId: MMSG-17999]
2022-08-11 01:08:48.346 :   Login completed	[MsgId: MMSG-17999]
2022-08-11 01:08:52.823 :   Logout completed	[MsgId: MMSG-17999]
2022-08-11 01:10:41.425 : - Iteration: 9	[MsgId: MMSG-17999]
2022-08-11 01:10:41.425 :   Account: jojo14/bean14	[MsgId: MMSG-17999]
2022-08-11 01:10:49.173 :   Login completed	[MsgId: MMSG-17999]
2022-08-11 01:10:55.660 :   Logout completed	[MsgId: MMSG-17999]
2022-08-11 01:12:47.436 : - Iteration: 10	[MsgId: MMSG-17999]
2022-08-11 01:12:47.436 :   Account: jojo14/bean14	[MsgId: MMSG-17999]
2022-08-11 01:12:59.278 :   Login completed	[MsgId: MMSG-17999]
2022-08-11 01:13:04.481 :   Logout completed	[MsgId: MMSG-17999]
2022-08-11 01:14:53.450 : - Iteration: 11	[MsgId: MMSG-17999]
2022-08-11 01:14:53.450 :   Account: jojo14/bean14	[MsgId: MMSG-17999]
2022-08-11 01:14:59.657 :   Login completed	[MsgId: MMSG-17999]
2022-08-11 01:15:06.803 :   Logout completed	[MsgId: MMSG-17999]
2022-08-11 01:16:59.461 : - Iteration: 12	[MsgId: MMSG-17999]
2022-08-11 01:16:59.462 :   Account: jojo14/bean14	[MsgId: MMSG-17999]
2022-08-11 01:17:13.547 :   Login completed	[MsgId: MMSG-17999]
2022-08-11 01:17:17.029 :   Logout completed	[MsgId: MMSG-17999]
2022-08-11 01:19:05.460 : - Iteration: 13	[MsgId: MMSG-17999]
2022-08-11 01:19:05.460 :   Account: jojo14/bean14	[MsgId: MMSG-17999]
2022-08-11 01:19:16.719 :   Login completed	[MsgId: MMSG-17999]
2022-08-11 01:19:22.461 :   Logout completed	[MsgId: MMSG-17999]
2022-08-11 01:21:11.474 : - Iteration: 14	[MsgId: MMSG-17999]
2022-08-11 01:21:11.474 :   Account: jojo14/bean14	[MsgId: MMSG-17999]
2022-08-11 01:21:19.382 :   Login completed	[MsgId: MMSG-17999]
2022-08-11 01:21:24.175 :   Logout completed	[MsgId: MMSG-17999]
2022-08-11 01:23:17.488 : - Iteration: 15	[MsgId: MMSG-17999]
2022-08-11 01:23:17.489 :   Account: jojo14/bean14	[MsgId: MMSG-17999]
2022-08-11 01:23:27.308 :   Login completed	[MsgId: MMSG-17999]
2022-08-11 01:23:34.969 :   Logout completed	[MsgId: MMSG-17999]
2022-08-11 01:25:23.497 : - Iteration: 16	[MsgId: MMSG-17999]
2022-08-11 01:25:23.498 :   Account: jojo14/bean14	[MsgId: MMSG-17999]
2022-08-11 01:25:34.364 :   Login completed	[MsgId: MMSG-17999]
2022-08-11 01:25:38.982 :   Logout completed	[MsgId: MMSG-17999]
2022-08-11 01:27:29.501 : - Iteration: 17	[MsgId: MMSG-17999]
2022-08-11 01:27:29.502 :   Account: jojo14/bean14	[MsgId: MMSG-17999]
2022-08-11 01:27:39.026 :   Login completed	[MsgId: MMSG-17999]
2022-08-11 01:27:42.429 :   Logout completed	[MsgId: MMSG-17999]
2022-08-11 01:29:35.515 : - Iteration: 18	[MsgId: MMSG-17999]
2022-08-11 01:29:35.515 :   Account: jojo14/bean14	[MsgId: MMSG-17999]
2022-08-11 01:29:47.740 :   Login completed	[MsgId: MMSG-17999]
2022-08-11 01:29:54.891 :   Logout completed	[MsgId: MMSG-17999]
2022-08-11 01:31:41.523 : - Iteration: 19	[MsgId: MMSG-17999]
2022-08-11 01:31:41.524 :   Account: jojo14/bean14	[MsgId: MMSG-17999]
2022-08-11 01:31:55.851 :   Login completed	[MsgId: MMSG-17999]
2022-08-11 01:32:02.640 :   Logout completed	[MsgId: MMSG-17999]
2022-08-11 01:33:47.532 : - Iteration: 20	[MsgId: MMSG-17999]
2022-08-11 01:33:47.532 :   Account: jojo14/bean14	[MsgId: MMSG-17999]
2022-08-11 01:33:58.452 :   Login completed	[MsgId: MMSG-17999]
2022-08-11 01:34:05.190 :   Logout completed	[MsgId: MMSG-17999]
2022-08-11 01:35:53.543 : - Iteration: 21	[MsgId: MMSG-17999]
2022-08-11 01:35:53.543 :   Account: jojo14/bean14	[MsgId: MMSG-17999]
2022-08-11 01:36:03.319 :   Login completed	[MsgId: MMSG-17999]
2022-08-11 01:36:08.018 :   Logout completed	[MsgId: MMSG-17999]
2022-08-11 01:37:59.546 : - Iteration: 22	[MsgId: MMSG-17999]
2022-08-11 01:37:59.547 :   Account: jojo14/bean14	[MsgId: MMSG-17999]
2022-08-11 01:38:09.753 :   Login completed	[MsgId: MMSG-17999]
2022-08-11 01:38:17.331 :   Logout completed	[MsgId: MMSG-17999]
2022-08-11 01:40:05.557 : - Iteration: 23	[MsgId: MMSG-17999]
2022-08-11 01:40:05.558 :   Account: jojo14/bean14	[MsgId: MMSG-17999]
2022-08-11 01:40:14.415 :   Login completed	[MsgId: MMSG-17999]
2022-08-11 01:40:22.007 :   Logout completed	[MsgId: MMSG-17999]
2022-08-11 01:42:11.570 : - Iteration: 24	[MsgId: MMSG-17999]
2022-08-11 01:42:11.571 :   Account: jojo14/bean14	[MsgId: MMSG-17999]
2022-08-11 01:42:21.756 :   Login completed	[MsgId: MMSG-17999]
2022-08-11 01:42:25.662 :   Logout completed	[MsgId: MMSG-17999]
2022-08-11 01:44:17.573 : - Iteration: 25	[MsgId: MMSG-17999]
2022-08-11 01:44:17.574 :   Account: jojo14/bean14	[MsgId: MMSG-17999]
2022-08-11 01:44:27.290 :   Login completed	[MsgId: MMSG-17999]
2022-08-11 01:44:32.883 :   Logout completed	[MsgId: MMSG-17999]
2022-08-11 01:46:23.587 : - Iteration: 26	[MsgId: MMSG-17999]
2022-08-11 01:46:23.588 :   Account: jojo14/bean14	[MsgId: MMSG-17999]
2022-08-11 01:46:38.973 :   Login completed	[MsgId: MMSG-17999]
2022-08-11 01:46:42.050 :   Logout completed	[MsgId: MMSG-17999]
2022-08-11 01:48:29.594 : - Iteration: 27	[MsgId: MMSG-17999]
2022-08-11 01:48:29.594 :   Account: jojo14/bean14	[MsgId: MMSG-17999]
2022-08-11 01:48:37.443 :   Login completed	[MsgId: MMSG-17999]
2022-08-11 01:48:41.808 :   Logout completed	[MsgId: MMSG-17999]
2022-08-11 01:50:35.601 : - Iteration: 28	[MsgId: MMSG-17999]
2022-08-11 01:50:35.602 :   Account: jojo14/bean14	[MsgId: MMSG-17999]
2022-08-11 01:50:45.746 :   Login completed	[MsgId: MMSG-17999]
2022-08-11 01:50:52.375 :   Logout completed	[MsgId: MMSG-17999]
2022-08-11 01:52:41.612 : - Iteration: 29	[MsgId: MMSG-17999]
2022-08-11 01:52:41.612 :   Account: jojo14/bean14	[MsgId: MMSG-17999]
2022-08-11 01:52:52.726 :   Login completed	[MsgId: MMSG-17999]
2022-08-11 01:52:57.708 :   Logout completed	[MsgId: MMSG-17999]
2022-08-11 01:54:47.620 : - Iteration: 30	[MsgId: MMSG-17999]
2022-08-11 01:54:47.620 :   Account: jojo14/bean14	[MsgId: MMSG-17999]
2022-08-11 01:54:58.597 :   Login completed	[MsgId: MMSG-17999]
2022-08-11 01:55:05.985 :   Logout completed	[MsgId: MMSG-17999]
2022-08-11 01:56:53.621 : - Iteration: 31	[MsgId: MMSG-17999]
2022-08-11 01:56:53.622 :   Account: jojo14/bean14	[MsgId: MMSG-17999]
2022-08-11 01:57:02.253 :   Login completed	[MsgId: MMSG-17999]
2022-08-11 01:57:06.132 :   Logout completed	[MsgId: MMSG-17999]
2022-08-11 01:58:59.633 : - Iteration: 32	[MsgId: MMSG-17999]
2022-08-11 01:58:59.633 :   Account: jojo14/bean14	[MsgId: MMSG-17999]
2022-08-11 01:59:11.494 :   Login completed	[MsgId: MMSG-17999]
2022-08-11 01:59:16.061 :   Logout completed	[MsgId: MMSG-17999]
2022-08-11 02:01:05.636 : - Iteration: 33	[MsgId: MMSG-17999]
2022-08-11 02:01:05.636 :   Account: jojo14/bean14	[MsgId: MMSG-17999]
2022-08-11 02:01:20.923 :   Login completed	[MsgId: MMSG-17999]
2022-08-11 02:01:24.908 :   Logout completed	[MsgId: MMSG-17999]
2022-08-11 02:03:11.644 : - Iteration: 34	[MsgId: MMSG-17999]
2022-08-11 02:03:11.644 :   Account: jojo14/bean14	[MsgId: MMSG-17999]
2022-08-11 02:03:22.851 :   Login completed	[MsgId: MMSG-17999]
2022-08-11 02:03:26.270 :   Logout completed	[MsgId: MMSG-17999]
2022-08-11 02:05:17.648 : - Iteration: 35	[MsgId: MMSG-17999]
2022-08-11 02:05:17.649 :   Account: jojo14/bean14	[MsgId: MMSG-17999]
2022-08-11 02:05:24.077 :   Login completed	[MsgId: MMSG-17999]
2022-08-11 02:05:30.599 :   Logout completed	[MsgId: MMSG-17999]
2022-08-11 02:07:23.653 : - Iteration: 36	[MsgId: MMSG-17999]
2022-08-11 02:07:23.654 :   Account: jojo14/bean14	[MsgId: MMSG-17999]
2022-08-11 02:07:37.066 :   Login completed	[MsgId: MMSG-17999]
2022-08-11 02:07:44.321 :   Logout completed	[MsgId: MMSG-17999]
2022-08-11 02:09:29.667 : - Iteration: 37	[MsgId: MMSG-17999]
2022-08-11 02:09:29.667 :   Account: jojo14/bean14	[MsgId: MMSG-17999]
2022-08-11 02:09:39.801 :   Login completed	[MsgId: MMSG-17999]
2022-08-11 02:09:44.301 :   Logout completed	[MsgId: MMSG-17999]
2022-08-11 02:11:35.672 : - Iteration: 38	[MsgId: MMSG-17999]
2022-08-11 02:11:35.672 :   Account: jojo14/bean14	[MsgId: MMSG-17999]
2022-08-11 02:11:49.577 :   Login completed	[MsgId: MMSG-17999]
2022-08-11 02:11:53.534 :   Logout completed	[MsgId: MMSG-17999]
2022-08-11 02:13:41.681 : - Iteration: 39	[MsgId: MMSG-17999]
2022-08-11 02:13:41.681 :   Account: jojo14/bean14	[MsgId: MMSG-17999]
2022-08-11 02:13:54.127 :   Login completed	[MsgId: MMSG-17999]
2022-08-11 02:13:59.794 :   Logout completed	[MsgId: MMSG-17999]
2022-08-11 02:15:47.689 : - Iteration: 40	[MsgId: MMSG-17999]
2022-08-11 02:15:47.689 :   Account: jojo14/bean14	[MsgId: MMSG-17999]
2022-08-11 02:16:01.746 :   Login completed	[MsgId: MMSG-17999]
2022-08-11 02:16:07.700 :   Logout completed	[MsgId: MMSG-17999]
2022-08-11 02:17:53.695 : - Iteration: 41	[MsgId: MMSG-17999]
2022-08-11 02:17:53.696 :   Account: jojo14/bean14	[MsgId: MMSG-17999]
2022-08-11 02:18:01.084 :   Login completed	[MsgId: MMSG-17999]
2022-08-11 02:18:07.415 :   Logout completed	[MsgId: MMSG-17999]
2022-08-11 02:19:59.696 : - Iteration: 42	[MsgId: MMSG-17999]
2022-08-11 02:19:59.696 :   Account: jojo14/bean14	[MsgId: MMSG-17999]
2022-08-11 02:20:10.289 :   Login completed	[MsgId: MMSG-17999]
2022-08-11 02:20:18.031 :   Logout completed	[MsgId: MMSG-17999]
2022-08-11 02:22:05.700 : - Iteration: 43	[MsgId: MMSG-17999]
2022-08-11 02:22:05.701 :   Account: jojo14/bean14	[MsgId: MMSG-17999]
2022-08-11 02:22:12.812 :   Login completed	[MsgId: MMSG-17999]
2022-08-11 02:22:20.178 :   Logout completed	[MsgId: MMSG-17999]
2022-08-11 02:24:11.713 : - Iteration: 44	[MsgId: MMSG-17999]
2022-08-11 02:24:11.714 :   Account: jojo14/bean14	[MsgId: MMSG-17999]
2022-08-11 02:24:23.822 :   Login completed	[MsgId: MMSG-17999]
2022-08-11 02:24:29.770 :   Logout completed	[MsgId: MMSG-17999]
2022-08-11 02:26:17.726 : - Iteration: 45	[MsgId: MMSG-17999]
2022-08-11 02:26:17.727 :   Account: jojo14/bean14	[MsgId: MMSG-17999]
2022-08-11 02:26:32.509 :   Login completed	[MsgId: MMSG-17999]
2022-08-11 02:26:38.835 :   Logout completed	[MsgId: MMSG-17999]
2022-08-11 02:28:23.730 : - Iteration: 46	[MsgId: MMSG-17999]
2022-08-11 02:28:23.731 :   Account: jojo14/bean14	[MsgId: MMSG-17999]
2022-08-11 02:28:32.712 :   Login completed	[MsgId: MMSG-17999]
2022-08-11 02:28:37.264 :   Logout completed	[MsgId: MMSG-17999]
2022-08-11 02:30:29.739 : - Iteration: 47	[MsgId: MMSG-17999]
2022-08-11 02:30:29.739 :   Account: jojo14/bean14	[MsgId: MMSG-17999]
2022-08-11 02:30:38.185 :   Login completed	[MsgId: MMSG-17999]
2022-08-11 02:30:45.583 :   Logout completed	[MsgId: MMSG-17999]
2022-08-11 02:32:35.750 : - Iteration: 48	[MsgId: MMSG-17999]
2022-08-11 02:32:35.750 :   Account: jojo14/bean14	[MsgId: MMSG-17999]
2022-08-11 02:32:43.369 :   Login completed	[MsgId: MMSG-17999]
2022-08-11 02:32:47.271 :   Logout completed	[MsgId: MMSG-17999]
2022-08-11 02:34:41.763 : - Iteration: 49	[MsgId: MMSG-17999]
2022-08-11 02:34:41.764 :   Account: jojo14/bean14	[MsgId: MMSG-17999]
2022-08-11 02:34:49.407 :   Login completed	[MsgId: MMSG-17999]
2022-08-11 02:34:53.181 :   Logout completed	[MsgId: MMSG-17999]
2022-08-11 02:36:47.774 : - Iteration: 50	[MsgId: MMSG-17999]
2022-08-11 02:36:47.774 :   Account: jojo14/bean14	[MsgId: MMSG-17999]
2022-08-11 02:36:54.776 :   Login completed	[MsgId: MMSG-17999]
2022-08-11 02:36:59.793 :   Logout completed	[MsgId: MMSG-17999]
2022-08-11 02:38:53.789 : - Iteration: 51	[MsgId: MMSG-17999]
2022-08-11 02:38:53.789 :   Account: jojo14/bean14	[MsgId: MMSG-17999]
2022-08-11 02:39:07.394 :   Login completed	[MsgId: MMSG-17999]
2022-08-11 02:39:11.453 :   Logout completed	[MsgId: MMSG-17999]
2022-08-11 02:40:59.794 : - Iteration: 52	[MsgId: MMSG-17999]
2022-08-11 02:40:59.794 :   Account: jojo14/bean14	[MsgId: MMSG-17999]
2022-08-11 02:41:11.396 :   Login completed	[MsgId: MMSG-17999]
2022-08-11 02:41:18.992 :   Logout completed	[MsgId: MMSG-17999]
2022-08-11 02:43:05.798 : - Iteration: 53	[MsgId: MMSG-17999]
2022-08-11 02:43:05.798 :   Account: jojo14/bean14	[MsgId: MMSG-17999]
2022-08-11 02:43:17.442 :   Login completed	[MsgId: MMSG-17999]
2022-08-11 02:43:22.109 :   Logout completed	[MsgId: MMSG-17999]
2022-08-11 02:45:11.812 : - Iteration: 54	[MsgId: MMSG-17999]
2022-08-11 02:45:11.812 :   Account: jojo14/bean14	[MsgId: MMSG-17999]
2022-08-11 02:45:25.985 :   Login completed	[MsgId: MMSG-17999]
2022-08-11 02:45:33.479 :   Logout completed	[MsgId: MMSG-17999]
2022-08-11 02:47:17.819 : - Iteration: 55	[MsgId: MMSG-17999]
2022-08-11 02:47:17.819 :   Account: jojo14/bean14	[MsgId: MMSG-17999]
2022-08-11 02:47:31.347 :   Login completed	[MsgId: MMSG-17999]
2022-08-11 02:47:37.053 :   Logout completed	[MsgId: MMSG-17999]
2022-08-11 02:49:23.834 : - Iteration: 56	[MsgId: MMSG-17999]
2022-08-11 02:49:23.835 :   Account: jojo14/bean14	[MsgId: MMSG-17999]
2022-08-11 02:49:30.576 :   Login completed	[MsgId: MMSG-17999]
2022-08-11 02:49:37.907 :   Logout completed	[MsgId: MMSG-17999]
2022-08-11 02:51:29.846 : - Iteration: 57	[MsgId: MMSG-17999]
2022-08-11 02:51:29.847 :   Account: jojo14/bean14	[MsgId: MMSG-17999]
2022-08-11 02:51:42.383 :   Login completed	[MsgId: MMSG-17999]
2022-08-11 02:51:49.850 :   Logout completed	[MsgId: MMSG-17999]
2022-08-11 02:53:35.847 : - Iteration: 58	[MsgId: MMSG-17999]
2022-08-11 02:53:35.847 :   Account: jojo14/bean14	[MsgId: MMSG-17999]
2022-08-11 02:53:43.345 :   Login completed	[MsgId: MMSG-17999]
2022-08-11 02:53:50.277 :   Logout completed	[MsgId: MMSG-17999]
2022-08-11 02:55:41.855 : - Iteration: 59	[MsgId: MMSG-17999]
2022-08-11 02:55:41.855 :   Account: jojo14/bean14	[MsgId: MMSG-17999]
2022-08-11 02:55:53.827 :   Login completed	[MsgId: MMSG-17999]
2022-08-11 02:56:00.379 :   Logout completed	[MsgId: MMSG-17999]
2022-08-11 02:57:47.864 : - Iteration: 60	[MsgId: MMSG-17999]
2022-08-11 02:57:47.864 :   Account: jojo14/bean14	[MsgId: MMSG-17999]
2022-08-11 02:57:55.455 :   Login completed	[MsgId: MMSG-17999]
2022-08-11 02:58:00.010 :   Logout completed	[MsgId: MMSG-17999]
2022-08-11 02:59:53.872 : - Iteration: 61	[MsgId: MMSG-17999]
2022-08-11 02:59:53.872 :   Account: jojo14/bean14	[MsgId: MMSG-17999]
2022-08-11 03:00:00.898 :   Login completed	[MsgId: MMSG-17999]
2022-08-11 03:00:03.740 :   Logout completed	[MsgId: MMSG-17999]
2022-08-11 03:01:59.886 : - Iteration: 62	[MsgId: MMSG-17999]
2022-08-11 03:01:59.887 :   Account: jojo14/bean14	[MsgId: MMSG-17999]
2022-08-11 03:02:12.127 :   Login completed	[MsgId: MMSG-17999]
2022-08-11 03:02:16.501 :   Logout completed	[MsgId: MMSG-17999]
2022-08-11 03:04:05.898 : - Iteration: 63	[MsgId: MMSG-17999]
2022-08-11 03:04:05.898 :   Account: jojo14/bean14	[MsgId: MMSG-17999]
2022-08-11 03:04:18.594 :   Login completed	[MsgId: MMSG-17999]
2022-08-11 03:04:26.092 :   Logout completed	[MsgId: MMSG-17999]
2022-08-11 03:06:11.900 : - Iteration: 64	[MsgId: MMSG-17999]
2022-08-11 03:06:11.900 :   Account: jojo14/bean14	[MsgId: MMSG-17999]
2022-08-11 03:06:17.888 :   Login completed	[MsgId: MMSG-17999]
2022-08-11 03:06:23.813 :   Logout completed	[MsgId: MMSG-17999]
2022-08-11 03:08:17.911 : - Iteration: 65	[MsgId: MMSG-17999]
2022-08-11 03:08:17.911 :   Account: jojo14/bean14	[MsgId: MMSG-17999]
2022-08-11 03:08:31.278 :   Login completed	[MsgId: MMSG-17999]
2022-08-11 03:08:36.551 :   Logout completed	[MsgId: MMSG-17999]
2022-08-11 03:10:23.914 : - Iteration: 66	[MsgId: MMSG-17999]
2022-08-11 03:10:23.915 :   Account: jojo14/bean14	[MsgId: MMSG-17999]
2022-08-11 03:10:36.224 :   Login completed	[MsgId: MMSG-17999]
2022-08-11 03:10:40.896 :   Logout completed	[MsgId: MMSG-17999]
2022-08-11 03:12:29.917 : - Iteration: 67	[MsgId: MMSG-17999]
2022-08-11 03:12:29.917 :   Account: jojo14/bean14	[MsgId: MMSG-17999]
2022-08-11 03:12:42.558 :   Login completed	[MsgId: MMSG-17999]
2022-08-11 03:12:49.396 :   Logout completed	[MsgId: MMSG-17999]
2022-08-11 03:14:35.925 : - Iteration: 68	[MsgId: MMSG-17999]
2022-08-11 03:14:35.925 :   Account: jojo14/bean14	[MsgId: MMSG-17999]
2022-08-11 03:14:46.512 :   Login completed	[MsgId: MMSG-17999]
2022-08-11 03:14:52.223 :   Logout completed	[MsgId: MMSG-17999]
2022-08-11 03:16:41.940 : - Iteration: 69	[MsgId: MMSG-17999]
2022-08-11 03:16:41.941 :   Account: jojo14/bean14	[MsgId: MMSG-17999]
2022-08-11 03:16:52.111 :   Login completed	[MsgId: MMSG-17999]
2022-08-11 03:16:58.137 :   Logout completed	[MsgId: MMSG-17999]
2022-08-11 03:18:47.944 : - Iteration: 70	[MsgId: MMSG-17999]
2022-08-11 03:18:47.944 :   Account: jojo14/bean14	[MsgId: MMSG-17999]
2022-08-11 03:18:59.728 :   Login completed	[MsgId: MMSG-17999]
2022-08-11 03:19:06.376 :   Logout completed	[MsgId: MMSG-17999]
2022-08-11 03:20:53.955 : - Iteration: 71	[MsgId: MMSG-17999]
2022-08-11 03:20:53.956 :   Account: jojo14/bean14	[MsgId: MMSG-17999]
2022-08-11 03:21:02.407 :   Login completed	[MsgId: MMSG-17999]
2022-08-11 03:21:06.576 :   Logout completed	[MsgId: MMSG-17999]
2022-08-11 03:22:59.970 : - Iteration: 72	[MsgId: MMSG-17999]
2022-08-11 03:22:59.970 :   Account: jojo14/bean14	[MsgId: MMSG-17999]
2022-08-11 03:23:09.487 :   Login completed	[MsgId: MMSG-17999]
2022-08-11 03:23:17.056 :   Logout completed	[MsgId: MMSG-17999]
2022-08-11 03:25:05.969 : - Iteration: 73	[MsgId: MMSG-17999]
2022-08-11 03:25:05.969 :   Account: jojo14/bean14	[MsgId: MMSG-17999]
2022-08-11 03:25:21.430 :   Login completed	[MsgId: MMSG-17999]
2022-08-11 03:25:24.402 :   Logout completed	[MsgId: MMSG-17999]
2022-08-11 03:27:11.985 : - Iteration: 74	[MsgId: MMSG-17999]
2022-08-11 03:27:11.986 :   Account: jojo14/bean14	[MsgId: MMSG-17999]
2022-08-11 03:27:19.311 :   Login completed	[MsgId: MMSG-17999]
2022-08-11 03:27:23.498 :   Logout completed	[MsgId: MMSG-17999]
2022-08-11 03:29:17.997 : - Iteration: 75	[MsgId: MMSG-17999]
2022-08-11 03:29:17.997 :   Account: jojo14/bean14	[MsgId: MMSG-17999]
2022-08-11 03:29:25.497 :   Login completed	[MsgId: MMSG-17999]
2022-08-11 03:29:29.032 :   Logout completed	[MsgId: MMSG-17999]
2022-08-11 03:31:24.010 : - Iteration: 76	[MsgId: MMSG-17999]
2022-08-11 03:31:24.010 :   Account: jojo14/bean14	[MsgId: MMSG-17999]
2022-08-11 03:31:32.217 :   Login completed	[MsgId: MMSG-17999]
2022-08-11 03:31:36.246 :   Logout completed	[MsgId: MMSG-17999]
2022-08-11 03:33:30.012 : - Iteration: 77	[MsgId: MMSG-17999]
2022-08-11 03:33:30.012 :   Account: jojo14/bean14	[MsgId: MMSG-17999]
2022-08-11 03:33:45.087 :   Login completed	[MsgId: MMSG-17999]
2022-08-11 03:33:48.876 :   Logout completed	[MsgId: MMSG-17999]
2022-08-11 03:35:36.017 : - Iteration: 78	[MsgId: MMSG-17999]
2022-08-11 03:35:36.017 :   Account: jojo14/bean14	[MsgId: MMSG-17999]
2022-08-11 03:35:43.664 :   Login completed	[MsgId: MMSG-17999]
2022-08-11 03:35:47.472 :   Logout completed	[MsgId: MMSG-17999]
2022-08-11 03:37:42.021 : - Iteration: 79	[MsgId: MMSG-17999]
2022-08-11 03:37:42.021 :   Account: jojo14/bean14	[MsgId: MMSG-17999]
2022-08-11 03:37:53.675 :   Login completed	[MsgId: MMSG-17999]
2022-08-11 03:37:58.533 :   Logout completed	[MsgId: MMSG-17999]
2022-08-11 03:39:48.029 : - Iteration: 80	[MsgId: MMSG-17999]
2022-08-11 03:39:48.029 :   Account: jojo14/bean14	[MsgId: MMSG-17999]
2022-08-11 03:40:01.029 :   Login completed	[MsgId: MMSG-17999]
2022-08-11 03:40:05.832 :   Logout completed	[MsgId: MMSG-17999]
2022-08-11 03:41:54.034 : - Iteration: 81	[MsgId: MMSG-17999]
2022-08-11 03:41:54.035 :   Account: jojo14/bean14	[MsgId: MMSG-17999]
2022-08-11 03:42:03.164 :   Login completed	[MsgId: MMSG-17999]
2022-08-11 03:42:07.029 :   Logout completed	[MsgId: MMSG-17999]
2022-08-11 03:44:00.042 : - Iteration: 82	[MsgId: MMSG-17999]
2022-08-11 03:44:00.042 :   Account: jojo14/bean14	[MsgId: MMSG-17999]
2022-08-11 03:44:06.109 :   Login completed	[MsgId: MMSG-17999]
2022-08-11 03:44:11.159 :   Logout completed	[MsgId: MMSG-17999]
2022-08-11 03:46:06.052 : - Iteration: 83	[MsgId: MMSG-17999]
2022-08-11 03:46:06.052 :   Account: jojo14/bean14	[MsgId: MMSG-17999]
2022-08-11 03:46:20.641 :   Login completed	[MsgId: MMSG-17999]
2022-08-11 03:46:26.234 :   Logout completed	[MsgId: MMSG-17999]
2022-08-11 03:48:12.058 : - Iteration: 84	[MsgId: MMSG-17999]
2022-08-11 03:48:12.058 :   Account: jojo14/bean14	[MsgId: MMSG-17999]
2022-08-11 03:48:23.447 :   Login completed	[MsgId: MMSG-17999]
2022-08-11 03:48:29.082 :   Logout completed	[MsgId: MMSG-17999]
2022-08-11 03:50:18.068 : - Iteration: 85	[MsgId: MMSG-17999]
2022-08-11 03:50:18.069 :   Account: jojo14/bean14	[MsgId: MMSG-17999]
2022-08-11 03:50:31.633 :   Login completed	[MsgId: MMSG-17999]
2022-08-11 03:50:35.644 :   Logout completed	[MsgId: MMSG-17999]
2022-08-11 03:52:24.074 : - Iteration: 86	[MsgId: MMSG-17999]
2022-08-11 03:52:24.074 :   Account: jojo14/bean14	[MsgId: MMSG-17999]
2022-08-11 03:52:34.969 :   Login completed	[MsgId: MMSG-17999]
2022-08-11 03:52:41.692 :   Logout completed	[MsgId: MMSG-17999]
2022-08-11 03:54:30.085 : - Iteration: 87	[MsgId: MMSG-17999]
2022-08-11 03:54:30.085 :   Account: jojo14/bean14	[MsgId: MMSG-17999]
2022-08-11 03:54:40.254 :   Login completed	[MsgId: MMSG-17999]
2022-08-11 03:54:45.041 :   Logout completed	[MsgId: MMSG-17999]
2022-08-11 03:56:36.089 : - Iteration: 88	[MsgId: MMSG-17999]
2022-08-11 03:56:36.089 :   Account: jojo14/bean14	[MsgId: MMSG-17999]
2022-08-11 03:56:51.196 :   Login completed	[MsgId: MMSG-17999]
2022-08-11 03:56:55.593 :   Logout completed	[MsgId: MMSG-17999]
2022-08-11 03:58:42.090 : - Iteration: 89	[MsgId: MMSG-17999]
2022-08-11 03:58:42.091 :   Account: jojo14/bean14	[MsgId: MMSG-17999]
2022-08-11 03:58:47.869 :   Login completed	[MsgId: MMSG-17999]
2022-08-11 03:58:52.278 :   Logout completed	[MsgId: MMSG-17999]
2022-08-11 04:00:48.100 : - Iteration: 90	[MsgId: MMSG-17999]
2022-08-11 04:00:48.100 :   Account: jojo14/bean14	[MsgId: MMSG-17999]
2022-08-11 04:00:57.737 :   Login completed	[MsgId: MMSG-17999]
2022-08-11 04:01:03.417 :   Logout completed	[MsgId: MMSG-17999]
2022-08-11 04:02:54.101 : - Iteration: 91	[MsgId: MMSG-17999]
2022-08-11 04:02:54.101 :   Account: jojo14/bean14	[MsgId: MMSG-17999]
2022-08-11 04:03:03.605 :   Login completed	[MsgId: MMSG-17999]
2022-08-11 04:03:11.001 :   Logout completed	[MsgId: MMSG-17999]
2022-08-11 04:05:00.104 : - Iteration: 92	[MsgId: MMSG-17999]
2022-08-11 04:05:00.104 :   Account: jojo14/bean14	[MsgId: MMSG-17999]
2022-08-11 04:05:10.582 :   Login completed	[MsgId: MMSG-17999]
2022-08-11 04:05:15.294 :   Logout completed	[MsgId: MMSG-17999]
2022-08-11 04:07:06.111 : - Iteration: 93	[MsgId: MMSG-17999]
2022-08-11 04:07:06.111 :   Account: jojo14/bean14	[MsgId: MMSG-17999]
2022-08-11 04:07:14.795 :   Login completed	[MsgId: MMSG-17999]
2022-08-11 04:07:18.604 :   Logout completed	[MsgId: MMSG-17999]
2022-08-11 04:09:12.119 : - Iteration: 94	[MsgId: MMSG-17999]
2022-08-11 04:09:12.119 :   Account: jojo14/bean14	[MsgId: MMSG-17999]
2022-08-11 04:09:21.576 :   Login completed	[MsgId: MMSG-17999]
2022-08-11 04:09:26.084 :   Logout completed	[MsgId: MMSG-17999]
2022-08-11 04:11:18.120 : - Iteration: 95	[MsgId: MMSG-17999]
2022-08-11 04:11:18.120 :   Account: jojo14/bean14	[MsgId: MMSG-17999]
2022-08-11 04:11:26.319 :   Login completed	[MsgId: MMSG-17999]
2022-08-11 04:11:34.043 :   Logout completed	[MsgId: MMSG-17999]
2022-08-11 04:13:24.122 : - Iteration: 96	[MsgId: MMSG-17999]
2022-08-11 04:13:24.122 :   Account: jojo14/bean14	[MsgId: MMSG-17999]
2022-08-11 04:13:35.099 :   Login completed	[MsgId: MMSG-17999]
2022-08-11 04:13:41.051 :   Logout completed	[MsgId: MMSG-17999]
2022-08-11 04:15:30.132 : - Iteration: 97	[MsgId: MMSG-17999]
2022-08-11 04:15:30.132 :   Account: jojo14/bean14	[MsgId: MMSG-17999]
2022-08-11 04:15:36.432 :   Login completed	[MsgId: MMSG-17999]
2022-08-11 04:15:42.308 :   Logout completed	[MsgId: MMSG-17999]
2022-08-11 04:17:36.134 : - Iteration: 98	[MsgId: MMSG-17999]
2022-08-11 04:17:36.134 :   Account: jojo14/bean14	[MsgId: MMSG-17999]
2022-08-11 04:17:45.129 :   Login completed	[MsgId: MMSG-17999]
2022-08-11 04:17:47.999 :   Logout completed	[MsgId: MMSG-17999]
2022-08-11 04:19:42.144 : - Iteration: 99	[MsgId: MMSG-17999]
2022-08-11 04:19:42.145 :   Account: jojo14/bean14	[MsgId: MMSG-17999]
2022-08-11 04:19:49.753 :   Login completed	[MsgId: MMSG-17999]
2022-08-11 04:19:56.192 :   Logout completed	[MsgId: MMSG-17999]
2022-08-11 04:21:48.160 : - Iteration: 100	[MsgId: MMSG-17999]
2022-08-11 04:21:48.161 :   Account: jojo14/bean14	[MsgId: MMSG-17999]
2022-08-11 04:22:00.846 :   Login completed	[MsgId: MMSG-17999]
2022-08-11 04:22:06.862 :   Logout completed	[MsgId: MMSG-17999]
2022-08-11 04:23:54.167 : - Iteration: 101	[MsgId: MMSG-17999]
2022-08-11 04:23:54.167 :   Account: jojo14/bean14	[MsgId: MMSG-17999]
2022-08-11 04:24:02.870 :   Login completed	[MsgId: MMSG-17999]
2022-08-11 04:24:05.951 :   Logout completed	[MsgId: MMSG-17999]
2022-08-11 04:26:00.178 : - Iteration: 102	[MsgId: MMSG-17999]
2022-08-11 04:26:00.179 :   Account: jojo14/bean14	[MsgId: MMSG-17999]
2022-08-11 04:26:09.336 :   Login completed	[MsgId: MMSG-17999]
2022-08-11 04:26:16.811 :   Logout completed	[MsgId: MMSG-17999]
2022-08-11 04:28:06.185 : - Iteration: 103	[MsgId: MMSG-17999]
2022-08-11 04:28:06.185 :   Account: jojo14/bean14	[MsgId: MMSG-17999]
2022-08-11 04:28:21.224 :   Login completed	[MsgId: MMSG-17999]
2022-08-11 04:28:26.176 :   Logout completed	[MsgId: MMSG-17999]
2022-08-11 04:30:12.197 : - Iteration: 104	[MsgId: MMSG-17999]
2022-08-11 04:30:12.198 :   Account: jojo14/bean14	[MsgId: MMSG-17999]
2022-08-11 04:30:26.120 :   Login completed	[MsgId: MMSG-17999]
2022-08-11 04:30:29.727 :   Logout completed	[MsgId: MMSG-17999]
2022-08-11 04:32:18.210 : - Iteration: 105	[MsgId: MMSG-17999]
2022-08-11 04:32:18.210 :   Account: jojo14/bean14	[MsgId: MMSG-17999]
2022-08-11 04:32:32.131 :   Login completed	[MsgId: MMSG-17999]
2022-08-11 04:32:39.062 :   Logout completed	[MsgId: MMSG-17999]
2022-08-11 04:34:24.214 : - Iteration: 106	[MsgId: MMSG-17999]
2022-08-11 04:34:24.214 :   Account: jojo14/bean14	[MsgId: MMSG-17999]
2022-08-11 04:34:32.296 :   Login completed	[MsgId: MMSG-17999]
2022-08-11 04:34:36.278 :   Logout completed	[MsgId: MMSG-17999]
2022-08-11 04:36:30.222 : - Iteration: 107	[MsgId: MMSG-17999]
2022-08-11 04:36:30.223 :   Account: jojo14/bean14	[MsgId: MMSG-17999]
2022-08-11 04:36:36.457 :   Login completed	[MsgId: MMSG-17999]
2022-08-11 04:36:41.949 :   Logout completed	[MsgId: MMSG-17999]
2022-08-11 04:38:36.233 : - Iteration: 108	[MsgId: MMSG-17999]
2022-08-11 04:38:36.233 :   Account: jojo14/bean14	[MsgId: MMSG-17999]
2022-08-11 04:38:45.106 :   Login completed	[MsgId: MMSG-17999]
2022-08-11 04:38:50.984 :   Logout completed	[MsgId: MMSG-17999]
2022-08-11 04:40:42.247 : - Iteration: 109	[MsgId: MMSG-17999]
2022-08-11 04:40:42.248 :   Account: jojo14/bean14	[MsgId: MMSG-17999]
2022-08-11 04:40:57.428 :   Login completed	[MsgId: MMSG-17999]
2022-08-11 04:41:00.270 :   Logout completed	[MsgId: MMSG-17999]
2022-08-11 04:42:48.256 : - Iteration: 110	[MsgId: MMSG-17999]
2022-08-11 04:42:48.256 :   Account: jojo14/bean14	[MsgId: MMSG-17999]
2022-08-11 04:42:57.526 :   Login completed	[MsgId: MMSG-17999]
2022-08-11 04:43:04.219 :   Logout completed	[MsgId: MMSG-17999]
2022-08-11 04:44:54.263 : - Iteration: 111	[MsgId: MMSG-17999]
2022-08-11 04:44:54.264 :   Account: jojo14/bean14	[MsgId: MMSG-17999]
2022-08-11 04:45:00.725 :   Login completed	[MsgId: MMSG-17999]
2022-08-11 04:45:05.886 :   Logout completed	[MsgId: MMSG-17999]
2022-08-11 04:47:00.274 : - Iteration: 112	[MsgId: MMSG-17999]
2022-08-11 04:47:00.274 :   Account: jojo14/bean14	[MsgId: MMSG-17999]
2022-08-11 04:47:10.631 :   Login completed	[MsgId: MMSG-17999]
2022-08-11 04:47:15.162 :   Logout completed	[MsgId: MMSG-17999]
2022-08-11 04:49:06.280 : - Iteration: 113	[MsgId: MMSG-17999]
2022-08-11 04:49:06.280 :   Account: jojo14/bean14	[MsgId: MMSG-17999]
2022-08-11 04:49:19.212 :   Login completed	[MsgId: MMSG-17999]
2022-08-11 04:49:23.811 :   Logout completed	[MsgId: MMSG-17999]
2022-08-11 04:51:12.286 : - Iteration: 114	[MsgId: MMSG-17999]
2022-08-11 04:51:12.287 :   Account: jojo14/bean14	[MsgId: MMSG-17999]
2022-08-11 04:51:20.805 :   Login completed	[MsgId: MMSG-17999]
2022-08-11 04:51:26.978 :   Logout completed	[MsgId: MMSG-17999]
2022-08-11 04:53:18.293 : - Iteration: 115	[MsgId: MMSG-17999]
2022-08-11 04:53:18.293 :   Account: jojo14/bean14	[MsgId: MMSG-17999]
2022-08-11 04:53:32.784 :   Login completed	[MsgId: MMSG-17999]
2022-08-11 04:53:37.667 :   Logout completed	[MsgId: MMSG-17999]
2022-08-11 04:55:24.301 : - Iteration: 116	[MsgId: MMSG-17999]
2022-08-11 04:55:24.301 :   Account: jojo14/bean14	[MsgId: MMSG-17999]
2022-08-11 04:55:35.557 :   Login completed	[MsgId: MMSG-17999]
2022-08-11 04:55:41.380 :   Logout completed	[MsgId: MMSG-17999]
2022-08-11 04:57:30.306 : - Iteration: 117	[MsgId: MMSG-17999]
2022-08-11 04:57:30.306 :   Account: jojo14/bean14	[MsgId: MMSG-17999]
2022-08-11 04:57:39.928 :   Login completed	[MsgId: MMSG-17999]
2022-08-11 04:57:43.355 :   Logout completed	[MsgId: MMSG-17999]
2022-08-11 04:59:36.315 : - Iteration: 118	[MsgId: MMSG-17999]
2022-08-11 04:59:36.316 :   Account: jojo14/bean14	[MsgId: MMSG-17999]
2022-08-11 04:59:46.504 :   Login completed	[MsgId: MMSG-17999]
2022-08-11 04:59:50.870 :   Logout completed	[MsgId: MMSG-17999]
2022-08-11 05:01:42.318 : - Iteration: 119	[MsgId: MMSG-17999]
2022-08-11 05:01:42.318 :   Account: jojo14/bean14	[MsgId: MMSG-17999]
2022-08-11 05:01:57.485 :   Login completed	[MsgId: MMSG-17999]
2022-08-11 05:02:04.522 :   Logout completed	[MsgId: MMSG-17999]
2022-08-11 05:03:48.329 : - Iteration: 120	[MsgId: MMSG-17999]
2022-08-11 05:03:48.329 :   Account: jojo14/bean14	[MsgId: MMSG-17999]
2022-08-11 05:04:02.980 :   Login completed	[MsgId: MMSG-17999]
2022-08-11 05:04:07.144 :   Logout completed	[MsgId: MMSG-17999]
