2022-08-10 22:50:23.704 : URL = localhost:1080	[MsgId: MMSG-17999]
2022-08-10 22:50:23.714 : - Iteration: 1	[MsgId: MMSG-17999]
2022-08-10 22:50:23.714 :   Account: jojo46/bean46	[MsgId: MMSG-17999]
Warning! Web support not loaded: check Java-Interpreter -> UtilityExt property in mdrv.dat file	[MsgId: MMSG-17999]
2022-08-10 22:50:31.753 :   Login completed	[MsgId: MMSG-17999]
2022-08-10 22:51:24.413 :   Flights have been booked: outbound(flight ¹; price; date): 511;534;08/10/2022,return(flight ¹; price; date): 151;534;08/17/2022 for Jojo46 Bean46	[MsgId: MMSG-17999]
2022-08-10 22:51:44.661 :   Booking to delete: 1 booking 361193732-1017800-JB	[MsgId: MMSG-17999]
2022-08-10 22:51:47.719 :   Logout completed	[MsgId: MMSG-17999]
2022-08-10 23:02:23.715 : - Iteration: 2	[MsgId: MMSG-17999]
2022-08-10 23:02:23.715 :   Account: jojo46/bean46	[MsgId: MMSG-17999]
2022-08-10 23:02:34.320 :   Login completed	[MsgId: MMSG-17999]
2022-08-10 23:03:16.496 :   Flights have been booked: outbound(flight ¹; price; date): 052;487;08/10/2022,return(flight ¹; price; date): 500;515;08/17/2022 for Jojo46 Bean46	[MsgId: MMSG-17999]
2022-08-10 23:03:39.880 :   Booking to delete: 4 booking 361187129-3461615-JB	[MsgId: MMSG-17999]
2022-08-10 23:03:43.222 :   Logout completed	[MsgId: MMSG-17999]
2022-08-10 23:14:23.724 : - Iteration: 3	[MsgId: MMSG-17999]
2022-08-10 23:14:23.725 :   Account: jojo46/bean46	[MsgId: MMSG-17999]
2022-08-10 23:14:34.611 :   Login completed	[MsgId: MMSG-17999]
2022-08-10 23:15:20.278 :   Flights have been booked: outbound(flight ¹; price; date): 790;649;08/10/2022,return(flight ¹; price; date): 972;613;08/17/2022 for Jojo46 Bean46	[MsgId: MMSG-17999]
2022-08-10 23:15:38.468 :   Booking to delete: 4 booking 361214468-3824712-JB	[MsgId: MMSG-17999]
2022-08-10 23:15:43.381 :   Logout completed	[MsgId: MMSG-17999]
2022-08-10 23:26:23.738 : - Iteration: 4	[MsgId: MMSG-17999]
2022-08-10 23:26:23.739 :   Account: jojo46/bean46	[MsgId: MMSG-17999]
2022-08-10 23:26:34.207 :   Login completed	[MsgId: MMSG-17999]
2022-08-10 23:27:19.973 :   Flights have been booked: outbound(flight ¹; price; date): 831;596;08/10/2022,return(flight ¹; price; date): 383;548;08/17/2022 for Jojo46 Bean46	[MsgId: MMSG-17999]
2022-08-10 23:27:47.682 :   Booking to delete: 3 booking 361204130-2423928-JB	[MsgId: MMSG-17999]
2022-08-10 23:27:55.078 :   Logout completed	[MsgId: MMSG-17999]
2022-08-10 23:38:23.747 : - Iteration: 5	[MsgId: MMSG-17999]
2022-08-10 23:38:23.747 :   Account: jojo46/bean46	[MsgId: MMSG-17999]
2022-08-10 23:38:39.167 :   Login completed	[MsgId: MMSG-17999]
2022-08-10 23:39:32.840 :   Flights have been booked: outbound(flight ¹; price; date): 701;377;08/10/2022,return(flight ¹; price; date): 071;377;08/17/2022 for Jojo46 Bean46	[MsgId: MMSG-17999]
2022-08-10 23:39:49.082 :   Booking to delete: 4 booking 361211162-313211-JB	[MsgId: MMSG-17999]
2022-08-10 23:39:55.156 :   Logout completed	[MsgId: MMSG-17999]
2022-08-10 23:50:23.758 : - Iteration: 6	[MsgId: MMSG-17999]
2022-08-10 23:50:23.759 :   Account: jojo46/bean46	[MsgId: MMSG-17999]
2022-08-10 23:50:32.971 :   Login completed	[MsgId: MMSG-17999]
2022-08-10 23:51:26.175 :   Flights have been booked: outbound(flight ¹; price; date): 910;198;08/10/2022,return(flight ¹; price; date): 190;198;08/17/2022 for Jojo46 Bean46	[MsgId: MMSG-17999]
2022-08-10 23:51:41.059 :   Booking to delete: 3 booking 361215985-2602395-JB	[MsgId: MMSG-17999]
2022-08-10 23:51:45.894 :   Logout completed	[MsgId: MMSG-17999]
2022-08-11 00:02:23.767 : - Iteration: 7	[MsgId: MMSG-17999]
2022-08-11 00:02:23.768 :   Account: jojo46/bean46	[MsgId: MMSG-17999]
2022-08-11 00:02:31.520 :   Login completed	[MsgId: MMSG-17999]
2022-08-11 00:03:21.328 :   Flights have been booked: outbound(flight ¹; price; date): 210;499;08/11/2022,return(flight ¹; price; date): 122;471;08/18/2022 for Jojo46 Bean46	[MsgId: MMSG-17999]
2022-08-11 00:03:44.740 :   Booking to delete: 4 booking 361192981-317151-JB	[MsgId: MMSG-17999]
2022-08-11 00:03:52.424 :   Logout completed	[MsgId: MMSG-17999]
2022-08-11 00:14:23.783 : - Iteration: 8	[MsgId: MMSG-17999]
2022-08-11 00:14:23.784 :   Account: jojo46/bean46	[MsgId: MMSG-17999]
2022-08-11 00:14:38.043 :   Login completed	[MsgId: MMSG-17999]
2022-08-11 00:15:12.334 :   Flights have been booked: outbound(flight ¹; price; date): 201;437;08/11/2022,return(flight ¹; price; date): 020;491;08/18/2022 for Jojo46 Bean46	[MsgId: MMSG-17999]
2022-08-11 00:15:32.815 :   Booking to delete: 2 booking 3612214854-2225534-JB	[MsgId: MMSG-17999]
2022-08-11 00:15:37.956 :   Logout completed	[MsgId: MMSG-17999]
2022-08-11 00:26:23.787 : - Iteration: 9	[MsgId: MMSG-17999]
2022-08-11 00:26:23.788 :   Account: jojo46/bean46	[MsgId: MMSG-17999]
2022-08-11 00:26:35.281 :   Login completed	[MsgId: MMSG-17999]
2022-08-11 00:27:24.511 :   Flights have been booked: outbound(flight ¹; price; date): 531;255;08/11/2022,return(flight ¹; price; date): 351;255;08/18/2022 for Jojo46 Bean46	[MsgId: MMSG-17999]
2022-08-11 00:27:40.901 :   Booking to delete: 4 booking 361204861-334731-JB	[MsgId: MMSG-17999]
2022-08-11 00:27:45.779 :   Logout completed	[MsgId: MMSG-17999]
2022-08-11 00:38:23.800 : - Iteration: 10	[MsgId: MMSG-17999]
2022-08-11 00:38:23.801 :   Account: jojo46/bean46	[MsgId: MMSG-17999]
2022-08-11 00:38:36.546 :   Login completed	[MsgId: MMSG-17999]
2022-08-11 00:39:19.976 :   Flights have been booked: outbound(flight ¹; price; date): 482;1958;08/11/2022,return(flight ¹; price; date): 841;1845;08/18/2022 for Jojo46 Bean46	[MsgId: MMSG-17999]
2022-08-11 00:39:36.247 :   Booking to delete: 4 booking 3612030442-3724138-JB	[MsgId: MMSG-17999]
2022-08-11 00:39:43.083 :   Logout completed	[MsgId: MMSG-17999]
2022-08-11 00:50:23.807 : - Iteration: 11	[MsgId: MMSG-17999]
2022-08-11 00:50:23.808 :   Account: jojo46/bean46	[MsgId: MMSG-17999]
2022-08-11 00:50:31.494 :   Login completed	[MsgId: MMSG-17999]
2022-08-11 00:51:04.757 :   Flights have been booked: outbound(flight ¹; price; date): 250;555;08/11/2022,return(flight ¹; price; date): 523;454;08/18/2022 for Jojo46 Bean46	[MsgId: MMSG-17999]
2022-08-11 00:51:23.243 :   Booking to delete: 2 booking 361218896-168492-JB	[MsgId: MMSG-17999]
2022-08-11 00:51:30.860 :   Logout completed	[MsgId: MMSG-17999]
2022-08-11 01:02:23.808 : - Iteration: 12	[MsgId: MMSG-17999]
2022-08-11 01:02:23.809 :   Account: jojo46/bean46	[MsgId: MMSG-17999]
2022-08-11 01:02:30.344 :   Login completed	[MsgId: MMSG-17999]
2022-08-11 01:03:18.386 :   Flights have been booked: outbound(flight ¹; price; date): 690;545;08/11/2022,return(flight ¹; price; date): 960;545;08/18/2022 for Jojo46 Bean46	[MsgId: MMSG-17999]
2022-08-11 01:03:43.995 :   Booking to delete: 2 booking 361192645-155456-JB	[MsgId: MMSG-17999]
2022-08-11 01:03:49.608 :   Logout completed	[MsgId: MMSG-17999]
2022-08-11 01:14:23.835 : - Iteration: 13	[MsgId: MMSG-17999]
2022-08-11 01:14:23.835 :   Account: jojo46/bean46	[MsgId: MMSG-17999]
2022-08-11 01:14:30.519 :   Login completed	[MsgId: MMSG-17999]
2022-08-11 01:15:25.137 :   Flights have been booked: outbound(flight ¹; price; date): 182;1672;08/11/2022,return(flight ¹; price; date): 812;1672;08/18/2022 for Jojo46 Bean46	[MsgId: MMSG-17999]
2022-08-11 01:15:46.806 :   Booking to delete: 2 booking 361194465-1940846-JB	[MsgId: MMSG-17999]
2022-08-11 01:15:51.270 :   Logout completed	[MsgId: MMSG-17999]
2022-08-11 01:26:23.834 : - Iteration: 14	[MsgId: MMSG-17999]
2022-08-11 01:26:23.834 :   Account: jojo46/bean46	[MsgId: MMSG-17999]
2022-08-11 01:26:33.801 :   Login completed	[MsgId: MMSG-17999]
2022-08-11 01:27:11.060 :   Flights have been booked: outbound(flight ¹; price; date): 942;253;08/11/2022,return(flight ¹; price; date): 491;238;08/18/2022 for Jojo46 Bean46	[MsgId: MMSG-17999]
2022-08-11 01:27:29.866 :   Booking to delete: 1 booking 361187056-115687-JB	[MsgId: MMSG-17999]
2022-08-11 01:27:36.583 :   Logout completed	[MsgId: MMSG-17999]
2022-08-11 01:38:23.839 : - Iteration: 15	[MsgId: MMSG-17999]
2022-08-11 01:38:23.840 :   Account: jojo46/bean46	[MsgId: MMSG-17999]
2022-08-11 01:38:30.151 :   Login completed	[MsgId: MMSG-17999]
2022-08-11 01:39:03.542 :   Flights have been booked: outbound(flight ¹; price; date): 710;740;08/11/2022,return(flight ¹; price; date): 170;740;08/18/2022 for Jojo46 Bean46	[MsgId: MMSG-17999]
2022-08-11 01:39:25.555 :   Booking to delete: 1 booking 361210760-1507776-JB	[MsgId: MMSG-17999]
2022-08-11 01:39:31.781 :   Logout completed	[MsgId: MMSG-17999]
2022-08-11 01:50:23.842 : - Iteration: 16	[MsgId: MMSG-17999]
2022-08-11 01:50:23.842 :   Account: jojo46/bean46	[MsgId: MMSG-17999]
2022-08-11 01:50:34.613 :   Login completed	[MsgId: MMSG-17999]
2022-08-11 01:51:09.608 :   Flights have been booked: outbound(flight ¹; price; date): 652;134;08/11/2022,return(flight ¹; price; date): 561;126;08/18/2022 for Jojo46 Bean46	[MsgId: MMSG-17999]
2022-08-11 01:51:31.448 :   Booking to delete: 4 booking 361209338-350866-JB	[MsgId: MMSG-17999]
2022-08-11 01:51:34.389 :   Logout completed	[MsgId: MMSG-17999]
2022-08-11 02:02:23.855 : - Iteration: 17	[MsgId: MMSG-17999]
2022-08-11 02:02:23.857 :   Account: jojo46/bean46	[MsgId: MMSG-17999]
2022-08-11 02:02:33.919 :   Login completed	[MsgId: MMSG-17999]
2022-08-11 02:03:17.456 :   Flights have been booked: outbound(flight ¹; price; date): 270;1060;08/11/2022,return(flight ¹; price; date): 722;1002;08/18/2022 for Jojo46 Bean46	[MsgId: MMSG-17999]
2022-08-11 02:03:37.960 :   Booking to delete: 4 booking 3611951891-3632466-JB	[MsgId: MMSG-17999]
2022-08-11 02:03:41.450 :   Logout completed	[MsgId: MMSG-17999]
2022-08-11 02:14:23.857 : - Iteration: 18	[MsgId: MMSG-17999]
2022-08-11 02:14:23.857 :   Account: jojo46/bean46	[MsgId: MMSG-17999]
2022-08-11 02:14:33.184 :   Login completed	[MsgId: MMSG-17999]
2022-08-11 02:15:20.088 :   Flights have been booked: outbound(flight ¹; price; date): 592;633;08/11/2022,return(flight ¹; price; date): 950;669;08/18/2022 for Jojo46 Bean46	[MsgId: MMSG-17999]
2022-08-11 02:15:35.906 :   Booking to delete: 2 booking 361220083-191653-JB	[MsgId: MMSG-17999]
2022-08-11 02:15:40.308 :   Logout completed	[MsgId: MMSG-17999]
2022-08-11 02:26:23.861 : - Iteration: 19	[MsgId: MMSG-17999]
2022-08-11 02:26:23.861 :   Account: jojo46/bean46	[MsgId: MMSG-17999]
2022-08-11 02:26:32.009 :   Login completed	[MsgId: MMSG-17999]
2022-08-11 02:27:22.819 :   Flights have been booked: outbound(flight ¹; price; date): 540;621;08/11/2022,return(flight ¹; price; date): 450;621;08/18/2022 for Jojo46 Bean46	[MsgId: MMSG-17999]
2022-08-11 02:27:49.120 :   Booking to delete: 3 booking 361207134-3038561-JB	[MsgId: MMSG-17999]
2022-08-11 02:27:54.264 :   Logout completed	[MsgId: MMSG-17999]
2022-08-11 02:38:23.868 : - Iteration: 20	[MsgId: MMSG-17999]
2022-08-11 02:38:23.869 :   Account: jojo46/bean46	[MsgId: MMSG-17999]
2022-08-11 02:38:31.910 :   Login completed	[MsgId: MMSG-17999]
2022-08-11 02:39:19.977 :   Flights have been booked: outbound(flight ¹; price; date): 612;764;08/11/2022,return(flight ¹; price; date): 163;661;08/18/2022 for Jojo46 Bean46	[MsgId: MMSG-17999]
2022-08-11 02:39:39.696 :   Booking to delete: 3 booking 361205208-2653941-JB	[MsgId: MMSG-17999]
2022-08-11 02:39:47.340 :   Logout completed	[MsgId: MMSG-17999]
2022-08-11 02:50:23.876 : - Iteration: 21	[MsgId: MMSG-17999]
2022-08-11 02:50:23.877 :   Account: jojo46/bean46	[MsgId: MMSG-17999]
2022-08-11 02:50:37.300 :   Login completed	[MsgId: MMSG-17999]
2022-08-11 02:51:33.017 :   Flights have been booked: outbound(flight ¹; price; date): 750;94;08/11/2022,return(flight ¹; price; date): 572;88;08/18/2022 for Jojo46 Bean46	[MsgId: MMSG-17999]
2022-08-11 02:51:48.838 :   Booking to delete: 4 booking 36121299-351706-JB	[MsgId: MMSG-17999]
2022-08-11 02:51:54.316 :   Logout completed	[MsgId: MMSG-17999]
2022-08-11 03:02:23.877 : - Iteration: 22	[MsgId: MMSG-17999]
2022-08-11 03:02:23.878 :   Account: jojo46/bean46	[MsgId: MMSG-17999]
2022-08-11 03:02:32.297 :   Login completed	[MsgId: MMSG-17999]
2022-08-11 03:03:33.368 :   Flights have been booked: outbound(flight ¹; price; date): 942;196;08/11/2022,return(flight ¹; price; date): 492;196;08/18/2022 for Jojo46 Bean46	[MsgId: MMSG-17999]
2022-08-11 03:03:56.602 :   Booking to delete: 2 booking 361211508-1669344-JB	[MsgId: MMSG-17999]
2022-08-11 03:04:02.166 :   Logout completed	[MsgId: MMSG-17999]
2022-08-11 03:14:23.880 : - Iteration: 23	[MsgId: MMSG-17999]
2022-08-11 03:14:23.880 :   Account: jojo46/bean46	[MsgId: MMSG-17999]
2022-08-11 03:14:36.161 :   Login completed	[MsgId: MMSG-17999]
2022-08-11 03:15:28.986 :   Flights have been booked: outbound(flight ¹; price; date): 322;731;08/11/2022,return(flight ¹; price; date): 233;632;08/18/2022 for Jojo46 Bean46	[MsgId: MMSG-17999]
2022-08-11 03:15:51.630 :   Booking to delete: 4 booking 361197138-3256258-JB	[MsgId: MMSG-17999]
2022-08-11 03:15:57.386 :   Logout completed	[MsgId: MMSG-17999]
2022-08-11 03:26:23.889 : - Iteration: 24	[MsgId: MMSG-17999]
2022-08-11 03:26:23.890 :   Account: jojo46/bean46	[MsgId: MMSG-17999]
2022-08-11 03:26:36.119 :   Login completed	[MsgId: MMSG-17999]
2022-08-11 03:27:13.822 :   Flights have been booked: outbound(flight ¹; price; date): 342;414;08/11/2022,return(flight ¹; price; date): 431;391;08/18/2022 for Jojo46 Bean46	[MsgId: MMSG-17999]
2022-08-11 03:27:36.709 :   Booking to delete: 2 booking 361207880-1663955-JB	[MsgId: MMSG-17999]
2022-08-11 03:27:43.338 :   Logout completed	[MsgId: MMSG-17999]
2022-08-11 03:38:23.895 : - Iteration: 25	[MsgId: MMSG-17999]
2022-08-11 03:38:23.895 :   Account: jojo46/bean46	[MsgId: MMSG-17999]
2022-08-11 03:38:33.712 :   Login completed	[MsgId: MMSG-17999]
2022-08-11 03:39:07.439 :   Flights have been booked: outbound(flight ¹; price; date): 560;110;08/11/2022,return(flight ¹; price; date): 652;104;08/18/2022 for Jojo46 Bean46	[MsgId: MMSG-17999]
2022-08-11 03:39:27.973 :   Booking to delete: 4 booking 361205930-357862-JB	[MsgId: MMSG-17999]
2022-08-11 03:39:34.321 :   Logout completed	[MsgId: MMSG-17999]
2022-08-11 03:50:23.906 : - Iteration: 26	[MsgId: MMSG-17999]
2022-08-11 03:50:23.906 :   Account: jojo46/bean46	[MsgId: MMSG-17999]
2022-08-11 03:50:33.851 :   Login completed	[MsgId: MMSG-17999]
2022-08-11 03:51:22.876 :   Flights have been booked: outbound(flight ¹; price; date): 482;1958;08/11/2022,return(flight ¹; price; date): 841;1845;08/18/2022 for Jojo46 Bean46	[MsgId: MMSG-17999]
2022-08-11 03:51:40.072 :   Booking to delete: 4 booking 3612030442-3724138-JB	[MsgId: MMSG-17999]
2022-08-11 03:51:47.180 :   Logout completed	[MsgId: MMSG-17999]
2022-08-11 04:02:23.915 : - Iteration: 27	[MsgId: MMSG-17999]
2022-08-11 04:02:23.915 :   Account: jojo46/bean46	[MsgId: MMSG-17999]
2022-08-11 04:02:35.780 :   Login completed	[MsgId: MMSG-17999]
2022-08-11 04:03:24.149 :   Flights have been booked: outbound(flight ¹; price; date): 431;733;08/11/2022,return(flight ¹; price; date): 343;673;08/18/2022 for Jojo46 Bean46	[MsgId: MMSG-17999]
2022-08-11 04:03:44.685 :   Booking to delete: 4 booking 361201175-3340877-JB	[MsgId: MMSG-17999]
2022-08-11 04:03:49.721 :   Logout completed	[MsgId: MMSG-17999]
2022-08-11 04:14:23.922 : - Iteration: 28	[MsgId: MMSG-17999]
2022-08-11 04:14:23.922 :   Account: jojo46/bean46	[MsgId: MMSG-17999]
2022-08-11 04:14:32.587 :   Login completed	[MsgId: MMSG-17999]
2022-08-11 04:15:17.490 :   Flights have been booked: outbound(flight ¹; price; date): 400;350;08/11/2022,return(flight ¹; price; date): 040;350;08/18/2022 for Jojo46 Bean46	[MsgId: MMSG-17999]
2022-08-11 04:15:42.924 :   Booking to delete: 4 booking 361200012-310823-JB	[MsgId: MMSG-17999]
2022-08-11 04:15:47.803 :   Logout completed	[MsgId: MMSG-17999]
2022-08-11 04:26:23.936 : - Iteration: 29	[MsgId: MMSG-17999]
2022-08-11 04:26:23.937 :   Account: jojo46/bean46	[MsgId: MMSG-17999]
2022-08-11 04:26:34.157 :   Login completed	[MsgId: MMSG-17999]
2022-08-11 04:27:18.780 :   Flights have been booked: outbound(flight ¹; price; date): 581;717;08/11/2022,return(flight ¹; price; date): 852;761;08/18/2022 for Jojo46 Bean46	[MsgId: MMSG-17999]
2022-08-11 04:27:39.236 :   Booking to delete: 2 booking 361220081-191722-JB	[MsgId: MMSG-17999]
2022-08-11 04:27:47.061 :   Logout completed	[MsgId: MMSG-17999]
2022-08-11 04:38:23.938 : - Iteration: 30	[MsgId: MMSG-17999]
2022-08-11 04:38:23.938 :   Account: jojo46/bean46	[MsgId: MMSG-17999]
2022-08-11 04:38:35.053 :   Login completed	[MsgId: MMSG-17999]
2022-08-11 04:39:24.967 :   Flights have been booked: outbound(flight ¹; price; date): 870;1503;08/11/2022,return(flight ¹; price; date): 781;1339;08/18/2022 for Jojo46 Bean46	[MsgId: MMSG-17999]
2022-08-11 04:39:46.376 :   Booking to delete: 4 booking 3612174129-3677910-JB	[MsgId: MMSG-17999]
2022-08-11 04:39:53.269 :   Logout completed	[MsgId: MMSG-17999]
2022-08-11 04:50:23.953 : - Iteration: 31	[MsgId: MMSG-17999]
2022-08-11 04:50:23.954 :   Account: jojo46/bean46	[MsgId: MMSG-17999]
2022-08-11 04:50:34.061 :   Login completed	[MsgId: MMSG-17999]
2022-08-11 04:51:26.623 :   Flights have been booked: outbound(flight ¹; price; date): 792;613;08/11/2022,return(flight ¹; price; date): 973;531;08/18/2022 for Jojo46 Bean46	[MsgId: MMSG-17999]
2022-08-11 04:51:50.817 :   Booking to delete: 1 booking 3611919321-1394103-JB	[MsgId: MMSG-17999]
2022-08-11 04:51:56.402 :   Logout completed	[MsgId: MMSG-17999]
