2022-08-11 02:57:30.629 : URL = localhost:1080	[MsgId: MMSG-17999]
2022-08-11 02:57:30.663 : - Iteration: 1	[MsgId: MMSG-17999]
2022-08-11 02:57:30.663 :   Account: jojo28/bean28	[MsgId: MMSG-17999]
2022-08-11 02:57:41.248 :   Login completed	[MsgId: MMSG-17999]
2022-08-11 02:57:47.452 :   Logout completed	[MsgId: MMSG-17999]
2022-08-11 02:59:36.665 : - Iteration: 2	[MsgId: MMSG-17999]
2022-08-11 02:59:36.665 :   Account: jojo28/bean28	[MsgId: MMSG-17999]
2022-08-11 02:59:45.207 :   Login completed	[MsgId: MMSG-17999]
2022-08-11 02:59:49.084 :   Logout completed	[MsgId: MMSG-17999]
2022-08-11 03:01:42.667 : - Iteration: 3	[MsgId: MMSG-17999]
2022-08-11 03:01:42.667 :   Account: jojo28/bean28	[MsgId: MMSG-17999]
2022-08-11 03:01:53.779 :   Login completed	[MsgId: MMSG-17999]
2022-08-11 03:01:57.369 :   Logout completed	[MsgId: MMSG-17999]
2022-08-11 03:03:48.671 : - Iteration: 4	[MsgId: MMSG-17999]
2022-08-11 03:03:48.672 :   Account: jojo28/bean28	[MsgId: MMSG-17999]
2022-08-11 03:04:00.380 :   Login completed	[MsgId: MMSG-17999]
2022-08-11 03:04:04.139 :   Logout completed	[MsgId: MMSG-17999]
2022-08-11 03:05:54.677 : - Iteration: 5	[MsgId: MMSG-17999]
2022-08-11 03:05:54.677 :   Account: jojo28/bean28	[MsgId: MMSG-17999]
2022-08-11 03:06:01.905 :   Login completed	[MsgId: MMSG-17999]
2022-08-11 03:06:05.814 :   Logout completed	[MsgId: MMSG-17999]
2022-08-11 03:08:00.689 : - Iteration: 6	[MsgId: MMSG-17999]
2022-08-11 03:08:00.690 :   Account: jojo28/bean28	[MsgId: MMSG-17999]
2022-08-11 03:08:06.373 :   Login completed	[MsgId: MMSG-17999]
2022-08-11 03:08:12.006 :   Logout completed	[MsgId: MMSG-17999]
2022-08-11 03:10:06.701 : - Iteration: 7	[MsgId: MMSG-17999]
2022-08-11 03:10:06.702 :   Account: jojo28/bean28	[MsgId: MMSG-17999]
2022-08-11 03:10:14.332 :   Login completed	[MsgId: MMSG-17999]
2022-08-11 03:10:20.972 :   Logout completed	[MsgId: MMSG-17999]
2022-08-11 03:12:12.710 : - Iteration: 8	[MsgId: MMSG-17999]
2022-08-11 03:12:12.711 :   Account: jojo28/bean28	[MsgId: MMSG-17999]
2022-08-11 03:12:26.086 :   Login completed	[MsgId: MMSG-17999]
2022-08-11 03:12:31.849 :   Logout completed	[MsgId: MMSG-17999]
2022-08-11 03:14:18.710 : - Iteration: 9	[MsgId: MMSG-17999]
2022-08-11 03:14:18.710 :   Account: jojo28/bean28	[MsgId: MMSG-17999]
2022-08-11 03:14:29.914 :   Login completed	[MsgId: MMSG-17999]
2022-08-11 03:14:36.269 :   Logout completed	[MsgId: MMSG-17999]
2022-08-11 03:16:24.714 : - Iteration: 10	[MsgId: MMSG-17999]
2022-08-11 03:16:24.714 :   Account: jojo28/bean28	[MsgId: MMSG-17999]
2022-08-11 03:16:32.651 :   Login completed	[MsgId: MMSG-17999]
2022-08-11 03:16:40.075 :   Logout completed	[MsgId: MMSG-17999]
2022-08-11 03:18:30.724 : - Iteration: 11	[MsgId: MMSG-17999]
2022-08-11 03:18:30.725 :   Account: jojo28/bean28	[MsgId: MMSG-17999]
2022-08-11 03:18:45.689 :   Login completed	[MsgId: MMSG-17999]
2022-08-11 03:18:51.672 :   Logout completed	[MsgId: MMSG-17999]
2022-08-11 03:20:36.728 : - Iteration: 12	[MsgId: MMSG-17999]
2022-08-11 03:20:36.728 :   Account: jojo28/bean28	[MsgId: MMSG-17999]
2022-08-11 03:20:45.336 :   Login completed	[MsgId: MMSG-17999]
2022-08-11 03:20:52.459 :   Logout completed	[MsgId: MMSG-17999]
2022-08-11 03:22:42.742 : - Iteration: 13	[MsgId: MMSG-17999]
2022-08-11 03:22:42.742 :   Account: jojo28/bean28	[MsgId: MMSG-17999]
2022-08-11 03:22:51.445 :   Login completed	[MsgId: MMSG-17999]
2022-08-11 03:22:55.054 :   Logout completed	[MsgId: MMSG-17999]
2022-08-11 03:24:48.750 : - Iteration: 14	[MsgId: MMSG-17999]
2022-08-11 03:24:48.750 :   Account: jojo28/bean28	[MsgId: MMSG-17999]
2022-08-11 03:24:57.328 :   Login completed	[MsgId: MMSG-17999]
2022-08-11 03:25:00.530 :   Logout completed	[MsgId: MMSG-17999]
2022-08-11 03:26:54.764 : - Iteration: 15	[MsgId: MMSG-17999]
2022-08-11 03:26:54.765 :   Account: jojo28/bean28	[MsgId: MMSG-17999]
2022-08-11 03:27:04.875 :   Login completed	[MsgId: MMSG-17999]
2022-08-11 03:27:09.345 :   Logout completed	[MsgId: MMSG-17999]
2022-08-11 03:29:00.770 : - Iteration: 16	[MsgId: MMSG-17999]
2022-08-11 03:29:00.771 :   Account: jojo28/bean28	[MsgId: MMSG-17999]
2022-08-11 03:29:09.202 :   Login completed	[MsgId: MMSG-17999]
2022-08-11 03:29:13.084 :   Logout completed	[MsgId: MMSG-17999]
2022-08-11 03:31:06.777 : - Iteration: 17	[MsgId: MMSG-17999]
2022-08-11 03:31:06.778 :   Account: jojo28/bean28	[MsgId: MMSG-17999]
2022-08-11 03:31:21.762 :   Login completed	[MsgId: MMSG-17999]
2022-08-11 03:31:25.949 :   Logout completed	[MsgId: MMSG-17999]
2022-08-11 03:33:12.788 : - Iteration: 18	[MsgId: MMSG-17999]
2022-08-11 03:33:12.789 :   Account: jojo28/bean28	[MsgId: MMSG-17999]
2022-08-11 03:33:28.122 :   Login completed	[MsgId: MMSG-17999]
2022-08-11 03:33:35.109 :   Logout completed	[MsgId: MMSG-17999]
2022-08-11 03:35:18.802 : - Iteration: 19	[MsgId: MMSG-17999]
2022-08-11 03:35:18.803 :   Account: jojo28/bean28	[MsgId: MMSG-17999]
2022-08-11 03:35:29.916 :   Login completed	[MsgId: MMSG-17999]
2022-08-11 03:35:36.598 :   Logout completed	[MsgId: MMSG-17999]
2022-08-11 03:37:24.805 : - Iteration: 20	[MsgId: MMSG-17999]
2022-08-11 03:37:24.805 :   Account: jojo28/bean28	[MsgId: MMSG-17999]
2022-08-11 03:37:38.762 :   Login completed	[MsgId: MMSG-17999]
2022-08-11 03:37:46.244 :   Logout completed	[MsgId: MMSG-17999]
2022-08-11 03:39:30.807 : - Iteration: 21	[MsgId: MMSG-17999]
2022-08-11 03:39:30.807 :   Account: jojo28/bean28	[MsgId: MMSG-17999]
2022-08-11 03:39:40.142 :   Login completed	[MsgId: MMSG-17999]
2022-08-11 03:39:44.490 :   Logout completed	[MsgId: MMSG-17999]
2022-08-11 03:41:36.814 : - Iteration: 22	[MsgId: MMSG-17999]
2022-08-11 03:41:36.814 :   Account: jojo28/bean28	[MsgId: MMSG-17999]
2022-08-11 03:41:45.938 :   Login completed	[MsgId: MMSG-17999]
2022-08-11 03:41:50.986 :   Logout completed	[MsgId: MMSG-17999]
2022-08-11 03:43:42.819 : - Iteration: 23	[MsgId: MMSG-17999]
2022-08-11 03:43:42.820 :   Account: jojo28/bean28	[MsgId: MMSG-17999]
2022-08-11 03:43:50.507 :   Login completed	[MsgId: MMSG-17999]
2022-08-11 03:43:54.665 :   Logout completed	[MsgId: MMSG-17999]
2022-08-11 03:45:48.832 : - Iteration: 24	[MsgId: MMSG-17999]
2022-08-11 03:45:48.832 :   Account: jojo28/bean28	[MsgId: MMSG-17999]
2022-08-11 03:45:55.524 :   Login completed	[MsgId: MMSG-17999]
2022-08-11 03:45:58.554 :   Logout completed	[MsgId: MMSG-17999]
2022-08-11 03:47:54.831 : - Iteration: 25	[MsgId: MMSG-17999]
2022-08-11 03:47:54.832 :   Account: jojo28/bean28	[MsgId: MMSG-17999]
2022-08-11 03:48:05.555 :   Login completed	[MsgId: MMSG-17999]
2022-08-11 03:48:12.921 :   Logout completed	[MsgId: MMSG-17999]
2022-08-11 03:50:00.842 : - Iteration: 26	[MsgId: MMSG-17999]
2022-08-11 03:50:00.843 :   Account: jojo28/bean28	[MsgId: MMSG-17999]
2022-08-11 03:50:12.880 :   Login completed	[MsgId: MMSG-17999]
2022-08-11 03:50:18.347 :   Logout completed	[MsgId: MMSG-17999]
2022-08-11 03:52:06.851 : - Iteration: 27	[MsgId: MMSG-17999]
2022-08-11 03:52:06.852 :   Account: jojo28/bean28	[MsgId: MMSG-17999]
2022-08-11 03:52:18.215 :   Login completed	[MsgId: MMSG-17999]
2022-08-11 03:52:21.121 :   Logout completed	[MsgId: MMSG-17999]
2022-08-11 03:54:12.859 : - Iteration: 28	[MsgId: MMSG-17999]
2022-08-11 03:54:12.860 :   Account: jojo28/bean28	[MsgId: MMSG-17999]
2022-08-11 03:54:28.275 :   Login completed	[MsgId: MMSG-17999]
2022-08-11 03:54:35.421 :   Logout completed	[MsgId: MMSG-17999]
2022-08-11 03:56:18.865 : - Iteration: 29	[MsgId: MMSG-17999]
2022-08-11 03:56:18.866 :   Account: jojo28/bean28	[MsgId: MMSG-17999]
2022-08-11 03:56:26.607 :   Login completed	[MsgId: MMSG-17999]
2022-08-11 03:56:30.286 :   Logout completed	[MsgId: MMSG-17999]
2022-08-11 03:58:24.866 : - Iteration: 30	[MsgId: MMSG-17999]
2022-08-11 03:58:24.867 :   Account: jojo28/bean28	[MsgId: MMSG-17999]
2022-08-11 03:58:35.758 :   Login completed	[MsgId: MMSG-17999]
2022-08-11 03:58:40.708 :   Logout completed	[MsgId: MMSG-17999]
2022-08-11 04:00:30.879 : - Iteration: 31	[MsgId: MMSG-17999]
2022-08-11 04:00:30.879 :   Account: jojo28/bean28	[MsgId: MMSG-17999]
2022-08-11 04:00:39.837 :   Login completed	[MsgId: MMSG-17999]
2022-08-11 04:00:44.210 :   Logout completed	[MsgId: MMSG-17999]
2022-08-11 04:02:36.881 : - Iteration: 32	[MsgId: MMSG-17999]
2022-08-11 04:02:36.882 :   Account: jojo28/bean28	[MsgId: MMSG-17999]
2022-08-11 04:02:48.607 :   Login completed	[MsgId: MMSG-17999]
2022-08-11 04:02:54.026 :   Logout completed	[MsgId: MMSG-17999]
2022-08-11 04:04:42.892 : - Iteration: 33	[MsgId: MMSG-17999]
2022-08-11 04:04:42.893 :   Account: jojo28/bean28	[MsgId: MMSG-17999]
2022-08-11 04:04:57.839 :   Login completed	[MsgId: MMSG-17999]
2022-08-11 04:05:05.018 :   Logout completed	[MsgId: MMSG-17999]
2022-08-11 04:06:48.902 : - Iteration: 34	[MsgId: MMSG-17999]
2022-08-11 04:06:48.902 :   Account: jojo28/bean28	[MsgId: MMSG-17999]
2022-08-11 04:06:59.946 :   Login completed	[MsgId: MMSG-17999]
2022-08-11 04:07:04.184 :   Logout completed	[MsgId: MMSG-17999]
2022-08-11 04:08:54.908 : - Iteration: 35	[MsgId: MMSG-17999]
2022-08-11 04:08:54.909 :   Account: jojo28/bean28	[MsgId: MMSG-17999]
2022-08-11 04:09:06.501 :   Login completed	[MsgId: MMSG-17999]
2022-08-11 04:09:10.449 :   Logout completed	[MsgId: MMSG-17999]
2022-08-11 04:11:00.922 : - Iteration: 36	[MsgId: MMSG-17999]
2022-08-11 04:11:00.922 :   Account: jojo28/bean28	[MsgId: MMSG-17999]
2022-08-11 04:11:07.371 :   Login completed	[MsgId: MMSG-17999]
2022-08-11 04:11:13.196 :   Logout completed	[MsgId: MMSG-17999]
2022-08-11 04:13:06.921 : - Iteration: 37	[MsgId: MMSG-17999]
2022-08-11 04:13:06.922 :   Account: jojo28/bean28	[MsgId: MMSG-17999]
2022-08-11 04:13:19.232 :   Login completed	[MsgId: MMSG-17999]
2022-08-11 04:13:25.849 :   Logout completed	[MsgId: MMSG-17999]
2022-08-11 04:15:12.922 : - Iteration: 38	[MsgId: MMSG-17999]
2022-08-11 04:15:12.922 :   Account: jojo28/bean28	[MsgId: MMSG-17999]
2022-08-11 04:15:24.316 :   Login completed	[MsgId: MMSG-17999]
2022-08-11 04:15:29.137 :   Logout completed	[MsgId: MMSG-17999]
2022-08-11 04:17:18.937 : - Iteration: 39	[MsgId: MMSG-17999]
2022-08-11 04:17:18.937 :   Account: jojo28/bean28	[MsgId: MMSG-17999]
2022-08-11 04:17:28.770 :   Login completed	[MsgId: MMSG-17999]
2022-08-11 04:17:32.764 :   Logout completed	[MsgId: MMSG-17999]
2022-08-11 04:19:24.950 : - Iteration: 40	[MsgId: MMSG-17999]
2022-08-11 04:19:24.951 :   Account: jojo28/bean28	[MsgId: MMSG-17999]
2022-08-11 04:19:36.852 :   Login completed	[MsgId: MMSG-17999]
2022-08-11 04:19:41.600 :   Logout completed	[MsgId: MMSG-17999]
2022-08-11 04:21:30.955 : - Iteration: 41	[MsgId: MMSG-17999]
2022-08-11 04:21:30.956 :   Account: jojo28/bean28	[MsgId: MMSG-17999]
2022-08-11 04:21:39.279 :   Login completed	[MsgId: MMSG-17999]
2022-08-11 04:21:45.292 :   Logout completed	[MsgId: MMSG-17999]
2022-08-11 04:23:36.961 : - Iteration: 42	[MsgId: MMSG-17999]
2022-08-11 04:23:36.962 :   Account: jojo28/bean28	[MsgId: MMSG-17999]
2022-08-11 04:23:50.153 :   Login completed	[MsgId: MMSG-17999]
2022-08-11 04:23:54.927 :   Logout completed	[MsgId: MMSG-17999]
2022-08-11 04:25:42.975 : - Iteration: 43	[MsgId: MMSG-17999]
2022-08-11 04:25:42.976 :   Account: jojo28/bean28	[MsgId: MMSG-17999]
2022-08-11 04:25:54.618 :   Login completed	[MsgId: MMSG-17999]
2022-08-11 04:26:00.993 :   Logout completed	[MsgId: MMSG-17999]
2022-08-11 04:27:48.978 : - Iteration: 44	[MsgId: MMSG-17999]
2022-08-11 04:27:48.979 :   Account: jojo28/bean28	[MsgId: MMSG-17999]
2022-08-11 04:28:00.250 :   Login completed	[MsgId: MMSG-17999]
2022-08-11 04:28:04.430 :   Logout completed	[MsgId: MMSG-17999]
2022-08-11 04:29:54.982 : - Iteration: 45	[MsgId: MMSG-17999]
2022-08-11 04:29:54.983 :   Account: jojo28/bean28	[MsgId: MMSG-17999]
2022-08-11 04:30:04.609 :   Login completed	[MsgId: MMSG-17999]
2022-08-11 04:30:11.633 :   Logout completed	[MsgId: MMSG-17999]
2022-08-11 04:32:00.982 : - Iteration: 46	[MsgId: MMSG-17999]
2022-08-11 04:32:00.982 :   Account: jojo28/bean28	[MsgId: MMSG-17999]
2022-08-11 04:32:06.854 :   Login completed	[MsgId: MMSG-17999]
2022-08-11 04:32:12.277 :   Logout completed	[MsgId: MMSG-17999]
2022-08-11 04:34:06.997 : - Iteration: 47	[MsgId: MMSG-17999]
2022-08-11 04:34:06.998 :   Account: jojo28/bean28	[MsgId: MMSG-17999]
2022-08-11 04:34:21.330 :   Login completed	[MsgId: MMSG-17999]
2022-08-11 04:34:26.430 :   Logout completed	[MsgId: MMSG-17999]
2022-08-11 04:36:13.011 : - Iteration: 48	[MsgId: MMSG-17999]
2022-08-11 04:36:13.012 :   Account: jojo28/bean28	[MsgId: MMSG-17999]
2022-08-11 04:36:20.864 :   Login completed	[MsgId: MMSG-17999]
2022-08-11 04:36:27.423 :   Logout completed	[MsgId: MMSG-17999]
2022-08-11 04:38:19.012 : - Iteration: 49	[MsgId: MMSG-17999]
2022-08-11 04:38:19.013 :   Account: jojo28/bean28	[MsgId: MMSG-17999]
2022-08-11 04:38:34.290 :   Login completed	[MsgId: MMSG-17999]
2022-08-11 04:38:41.769 :   Logout completed	[MsgId: MMSG-17999]
2022-08-11 04:40:25.014 : - Iteration: 50	[MsgId: MMSG-17999]
2022-08-11 04:40:25.014 :   Account: jojo28/bean28	[MsgId: MMSG-17999]
2022-08-11 04:40:38.484 :   Login completed	[MsgId: MMSG-17999]
2022-08-11 04:40:46.177 :   Logout completed	[MsgId: MMSG-17999]
2022-08-11 04:42:31.021 : - Iteration: 51	[MsgId: MMSG-17999]
2022-08-11 04:42:31.022 :   Account: jojo28/bean28	[MsgId: MMSG-17999]
2022-08-11 04:42:43.473 :   Login completed	[MsgId: MMSG-17999]
2022-08-11 04:42:46.623 :   Logout completed	[MsgId: MMSG-17999]
2022-08-11 04:44:37.028 : - Iteration: 52	[MsgId: MMSG-17999]
2022-08-11 04:44:37.028 :   Account: jojo28/bean28	[MsgId: MMSG-17999]
2022-08-11 04:44:44.314 :   Login completed	[MsgId: MMSG-17999]
2022-08-11 04:44:51.264 :   Logout completed	[MsgId: MMSG-17999]
2022-08-11 04:46:43.037 : - Iteration: 53	[MsgId: MMSG-17999]
2022-08-11 04:46:43.037 :   Account: jojo28/bean28	[MsgId: MMSG-17999]
2022-08-11 04:46:57.795 :   Login completed	[MsgId: MMSG-17999]
2022-08-11 04:47:05.327 :   Logout completed	[MsgId: MMSG-17999]
2022-08-11 04:48:49.043 : - Iteration: 54	[MsgId: MMSG-17999]
2022-08-11 04:48:49.044 :   Account: jojo28/bean28	[MsgId: MMSG-17999]
2022-08-11 04:48:55.392 :   Login completed	[MsgId: MMSG-17999]
2022-08-11 04:49:02.193 :   Logout completed	[MsgId: MMSG-17999]
2022-08-11 04:50:55.058 : - Iteration: 55	[MsgId: MMSG-17999]
2022-08-11 04:50:55.059 :   Account: jojo28/bean28	[MsgId: MMSG-17999]
2022-08-11 04:51:02.929 :   Login completed	[MsgId: MMSG-17999]
2022-08-11 04:51:06.685 :   Logout completed	[MsgId: MMSG-17999]
2022-08-11 04:53:01.067 : - Iteration: 56	[MsgId: MMSG-17999]
2022-08-11 04:53:01.067 :   Account: jojo28/bean28	[MsgId: MMSG-17999]
2022-08-11 04:53:07.642 :   Login completed	[MsgId: MMSG-17999]
2022-08-11 04:53:13.891 :   Logout completed	[MsgId: MMSG-17999]
2022-08-11 04:55:07.068 : - Iteration: 57	[MsgId: MMSG-17999]
2022-08-11 04:55:07.068 :   Account: jojo28/bean28	[MsgId: MMSG-17999]
2022-08-11 04:55:21.545 :   Login completed	[MsgId: MMSG-17999]
2022-08-11 04:55:27.910 :   Logout completed	[MsgId: MMSG-17999]
2022-08-11 04:57:13.077 : - Iteration: 58	[MsgId: MMSG-17999]
2022-08-11 04:57:13.077 :   Account: jojo28/bean28	[MsgId: MMSG-17999]
2022-08-11 04:57:19.232 :   Login completed	[MsgId: MMSG-17999]
2022-08-11 04:57:25.300 :   Logout completed	[MsgId: MMSG-17999]
2022-08-11 04:59:19.078 : - Iteration: 59	[MsgId: MMSG-17999]
2022-08-11 04:59:19.078 :   Account: jojo28/bean28	[MsgId: MMSG-17999]
2022-08-11 04:59:31.143 :   Login completed	[MsgId: MMSG-17999]
2022-08-11 04:59:37.732 :   Logout completed	[MsgId: MMSG-17999]
2022-08-11 05:01:25.082 : - Iteration: 60	[MsgId: MMSG-17999]
2022-08-11 05:01:25.082 :   Account: jojo28/bean28	[MsgId: MMSG-17999]
2022-08-11 05:01:32.748 :   Login completed	[MsgId: MMSG-17999]
2022-08-11 05:01:38.439 :   Logout completed	[MsgId: MMSG-17999]
2022-08-11 05:03:31.090 : - Iteration: 61	[MsgId: MMSG-17999]
2022-08-11 05:03:31.091 :   Account: jojo28/bean28	[MsgId: MMSG-17999]
2022-08-11 05:03:45.673 :   Login completed	[MsgId: MMSG-17999]
2022-08-11 05:03:49.478 :   Logout completed	[MsgId: MMSG-17999]
2022-08-11 05:05:37.095 : - Iteration: 62	[MsgId: MMSG-17999]
2022-08-11 05:05:37.096 :   Account: jojo28/bean28	[MsgId: MMSG-17999]
2022-08-11 05:05:45.025 :   Login completed	[MsgId: MMSG-17999]
2022-08-11 05:05:49.292 :   Logout completed	[MsgId: MMSG-17999]
2022-08-11 05:07:43.099 : - Iteration: 63	[MsgId: MMSG-17999]
2022-08-11 05:07:43.099 :   Account: jojo28/bean28	[MsgId: MMSG-17999]
2022-08-11 05:07:52.049 :   Login completed	[MsgId: MMSG-17999]
2022-08-11 05:07:55.191 :   Logout completed	[MsgId: MMSG-17999]
2022-08-11 05:09:49.101 : - Iteration: 64	[MsgId: MMSG-17999]
2022-08-11 05:09:49.101 :   Account: jojo28/bean28	[MsgId: MMSG-17999]
2022-08-11 05:10:03.022 :   Login completed	[MsgId: MMSG-17999]
2022-08-11 05:10:10.456 :   Logout completed	[MsgId: MMSG-17999]
