2022-08-10 22:50:20.216 : URL = localhost:1080	[MsgId: MMSG-17999]
2022-08-10 22:50:20.241 : - Iteration: 1	[MsgId: MMSG-17999]
2022-08-10 22:50:20.242 :   Account: jojo1/bean1	[MsgId: MMSG-17999]
Warning! Web support not loaded: check Java-Interpreter -> UtilityExt property in mdrv.dat file	[MsgId: MMSG-17999]
2022-08-10 22:50:30.385 :   Login completed	[MsgId: MMSG-17999]
2022-08-10 22:50:38.089 :   Logout completed	[MsgId: MMSG-17999]
2022-08-10 22:52:26.257 : - Iteration: 2	[MsgId: MMSG-17999]
2022-08-10 22:52:26.258 :   Account: jojo1/bean1	[MsgId: MMSG-17999]
2022-08-10 22:52:39.641 :   Login completed	[MsgId: MMSG-17999]
2022-08-10 22:52:42.556 :   Logout completed	[MsgId: MMSG-17999]
2022-08-10 22:54:32.260 : - Iteration: 3	[MsgId: MMSG-17999]
2022-08-10 22:54:32.260 :   Account: jojo1/bean1	[MsgId: MMSG-17999]
2022-08-10 22:54:43.721 :   Login completed	[MsgId: MMSG-17999]
2022-08-10 22:54:47.272 :   Logout completed	[MsgId: MMSG-17999]
2022-08-10 22:56:38.272 : - Iteration: 4	[MsgId: MMSG-17999]
2022-08-10 22:56:38.273 :   Account: jojo1/bean1	[MsgId: MMSG-17999]
2022-08-10 22:56:49.924 :   Login completed	[MsgId: MMSG-17999]
2022-08-10 22:56:56.701 :   Logout completed	[MsgId: MMSG-17999]
2022-08-10 22:58:44.276 : - Iteration: 5	[MsgId: MMSG-17999]
2022-08-10 22:58:44.276 :   Account: jojo1/bean1	[MsgId: MMSG-17999]
2022-08-10 22:58:54.556 :   Login completed	[MsgId: MMSG-17999]
2022-08-10 22:58:58.291 :   Logout completed	[MsgId: MMSG-17999]
2022-08-10 23:00:50.280 : - Iteration: 6	[MsgId: MMSG-17999]
2022-08-10 23:00:50.280 :   Account: jojo1/bean1	[MsgId: MMSG-17999]
2022-08-10 23:00:57.922 :   Login completed	[MsgId: MMSG-17999]
2022-08-10 23:01:01.875 :   Logout completed	[MsgId: MMSG-17999]
2022-08-10 23:02:56.289 : - Iteration: 7	[MsgId: MMSG-17999]
2022-08-10 23:02:56.289 :   Account: jojo1/bean1	[MsgId: MMSG-17999]
2022-08-10 23:03:04.556 :   Login completed	[MsgId: MMSG-17999]
2022-08-10 23:03:10.209 :   Logout completed	[MsgId: MMSG-17999]
2022-08-10 23:05:02.292 : - Iteration: 8	[MsgId: MMSG-17999]
2022-08-10 23:05:02.292 :   Account: jojo1/bean1	[MsgId: MMSG-17999]
2022-08-10 23:05:08.017 :   Login completed	[MsgId: MMSG-17999]
2022-08-10 23:05:13.425 :   Logout completed	[MsgId: MMSG-17999]
2022-08-10 23:07:08.292 : - Iteration: 9	[MsgId: MMSG-17999]
2022-08-10 23:07:08.293 :   Account: jojo1/bean1	[MsgId: MMSG-17999]
2022-08-10 23:07:19.669 :   Login completed	[MsgId: MMSG-17999]
2022-08-10 23:07:23.755 :   Logout completed	[MsgId: MMSG-17999]
2022-08-10 23:09:14.306 : - Iteration: 10	[MsgId: MMSG-17999]
2022-08-10 23:09:14.306 :   Account: jojo1/bean1	[MsgId: MMSG-17999]
2022-08-10 23:09:27.351 :   Login completed	[MsgId: MMSG-17999]
2022-08-10 23:09:31.230 :   Logout completed	[MsgId: MMSG-17999]
2022-08-10 23:11:20.319 : - Iteration: 11	[MsgId: MMSG-17999]
2022-08-10 23:11:20.319 :   Account: jojo1/bean1	[MsgId: MMSG-17999]
2022-08-10 23:11:30.513 :   Login completed	[MsgId: MMSG-17999]
2022-08-10 23:11:35.406 :   Logout completed	[MsgId: MMSG-17999]
2022-08-10 23:13:26.330 : - Iteration: 12	[MsgId: MMSG-17999]
2022-08-10 23:13:26.330 :   Account: jojo1/bean1	[MsgId: MMSG-17999]
2022-08-10 23:13:35.680 :   Login completed	[MsgId: MMSG-17999]
2022-08-10 23:13:41.520 :   Logout completed	[MsgId: MMSG-17999]
2022-08-10 23:15:32.334 : - Iteration: 13	[MsgId: MMSG-17999]
2022-08-10 23:15:32.334 :   Account: jojo1/bean1	[MsgId: MMSG-17999]
2022-08-10 23:15:46.702 :   Login completed	[MsgId: MMSG-17999]
2022-08-10 23:15:49.754 :   Logout completed	[MsgId: MMSG-17999]
2022-08-10 23:17:38.520 : - Iteration: 14	[MsgId: MMSG-17999]
2022-08-10 23:17:38.520 :   Account: jojo1/bean1	[MsgId: MMSG-17999]
2022-08-10 23:17:53.543 :   Login completed	[MsgId: MMSG-17999]
2022-08-10 23:17:59.304 :   Logout completed	[MsgId: MMSG-17999]
2022-08-10 23:19:44.526 : - Iteration: 15	[MsgId: MMSG-17999]
2022-08-10 23:19:44.526 :   Account: jojo1/bean1	[MsgId: MMSG-17999]
2022-08-10 23:19:59.316 :   Login completed	[MsgId: MMSG-17999]
2022-08-10 23:20:03.109 :   Logout completed	[MsgId: MMSG-17999]
2022-08-10 23:21:50.541 : - Iteration: 16	[MsgId: MMSG-17999]
2022-08-10 23:21:50.541 :   Account: jojo1/bean1	[MsgId: MMSG-17999]
2022-08-10 23:22:05.022 :   Login completed	[MsgId: MMSG-17999]
2022-08-10 23:22:11.823 :   Logout completed	[MsgId: MMSG-17999]
2022-08-10 23:23:56.541 : - Iteration: 17	[MsgId: MMSG-17999]
2022-08-10 23:23:56.542 :   Account: jojo1/bean1	[MsgId: MMSG-17999]
2022-08-10 23:24:07.509 :   Login completed	[MsgId: MMSG-17999]
2022-08-10 23:24:10.859 :   Logout completed	[MsgId: MMSG-17999]
2022-08-10 23:26:02.548 : - Iteration: 18	[MsgId: MMSG-17999]
2022-08-10 23:26:02.548 :   Account: jojo1/bean1	[MsgId: MMSG-17999]
2022-08-10 23:26:12.384 :   Login completed	[MsgId: MMSG-17999]
2022-08-10 23:26:15.896 :   Logout completed	[MsgId: MMSG-17999]
2022-08-10 23:28:08.548 : - Iteration: 19	[MsgId: MMSG-17999]
2022-08-10 23:28:08.548 :   Account: jojo1/bean1	[MsgId: MMSG-17999]
2022-08-10 23:28:23.357 :   Login completed	[MsgId: MMSG-17999]
2022-08-10 23:28:30.237 :   Logout completed	[MsgId: MMSG-17999]
2022-08-10 23:30:14.556 : - Iteration: 20	[MsgId: MMSG-17999]
2022-08-10 23:30:14.556 :   Account: jojo1/bean1	[MsgId: MMSG-17999]
2022-08-10 23:30:28.547 :   Login completed	[MsgId: MMSG-17999]
2022-08-10 23:30:31.682 :   Logout completed	[MsgId: MMSG-17999]
2022-08-10 23:32:20.561 : - Iteration: 21	[MsgId: MMSG-17999]
2022-08-10 23:32:20.561 :   Account: jojo1/bean1	[MsgId: MMSG-17999]
2022-08-10 23:32:33.223 :   Login completed	[MsgId: MMSG-17999]
2022-08-10 23:32:36.115 :   Logout completed	[MsgId: MMSG-17999]
2022-08-10 23:34:26.564 : - Iteration: 22	[MsgId: MMSG-17999]
2022-08-10 23:34:26.564 :   Account: jojo1/bean1	[MsgId: MMSG-17999]
2022-08-10 23:34:39.583 :   Login completed	[MsgId: MMSG-17999]
2022-08-10 23:34:45.452 :   Logout completed	[MsgId: MMSG-17999]
2022-08-10 23:36:32.569 : - Iteration: 23	[MsgId: MMSG-17999]
2022-08-10 23:36:32.569 :   Account: jojo1/bean1	[MsgId: MMSG-17999]
2022-08-10 23:36:40.080 :   Login completed	[MsgId: MMSG-17999]
2022-08-10 23:36:43.859 :   Logout completed	[MsgId: MMSG-17999]
2022-08-10 23:38:38.577 : - Iteration: 24	[MsgId: MMSG-17999]
2022-08-10 23:38:38.577 :   Account: jojo1/bean1	[MsgId: MMSG-17999]
2022-08-10 23:38:54.023 :   Login completed	[MsgId: MMSG-17999]
2022-08-10 23:38:59.550 :   Logout completed	[MsgId: MMSG-17999]
2022-08-10 23:40:44.587 : - Iteration: 25	[MsgId: MMSG-17999]
2022-08-10 23:40:44.587 :   Account: jojo1/bean1	[MsgId: MMSG-17999]
2022-08-10 23:40:50.432 :   Login completed	[MsgId: MMSG-17999]
2022-08-10 23:40:56.503 :   Logout completed	[MsgId: MMSG-17999]
2022-08-10 23:42:50.596 : - Iteration: 26	[MsgId: MMSG-17999]
2022-08-10 23:42:50.596 :   Account: jojo1/bean1	[MsgId: MMSG-17999]
2022-08-10 23:42:56.367 :   Login completed	[MsgId: MMSG-17999]
2022-08-10 23:43:00.624 :   Logout completed	[MsgId: MMSG-17999]
2022-08-10 23:44:56.606 : - Iteration: 27	[MsgId: MMSG-17999]
2022-08-10 23:44:56.606 :   Account: jojo1/bean1	[MsgId: MMSG-17999]
2022-08-10 23:45:02.385 :   Login completed	[MsgId: MMSG-17999]
2022-08-10 23:45:08.489 :   Logout completed	[MsgId: MMSG-17999]
2022-08-10 23:47:02.615 : - Iteration: 28	[MsgId: MMSG-17999]
2022-08-10 23:47:02.615 :   Account: jojo1/bean1	[MsgId: MMSG-17999]
2022-08-10 23:47:13.146 :   Login completed	[MsgId: MMSG-17999]
2022-08-10 23:47:17.751 :   Logout completed	[MsgId: MMSG-17999]
2022-08-10 23:49:08.623 : - Iteration: 29	[MsgId: MMSG-17999]
2022-08-10 23:49:08.623 :   Account: jojo1/bean1	[MsgId: MMSG-17999]
2022-08-10 23:49:17.775 :   Login completed	[MsgId: MMSG-17999]
2022-08-10 23:49:22.344 :   Logout completed	[MsgId: MMSG-17999]
2022-08-10 23:51:14.625 : - Iteration: 30	[MsgId: MMSG-17999]
2022-08-10 23:51:14.625 :   Account: jojo1/bean1	[MsgId: MMSG-17999]
2022-08-10 23:51:24.594 :   Login completed	[MsgId: MMSG-17999]
2022-08-10 23:51:29.298 :   Logout completed	[MsgId: MMSG-17999]
2022-08-10 23:53:20.629 : - Iteration: 31	[MsgId: MMSG-17999]
2022-08-10 23:53:20.629 :   Account: jojo1/bean1	[MsgId: MMSG-17999]
2022-08-10 23:53:35.301 :   Login completed	[MsgId: MMSG-17999]
2022-08-10 23:53:40.142 :   Logout completed	[MsgId: MMSG-17999]
2022-08-10 23:55:26.631 : - Iteration: 32	[MsgId: MMSG-17999]
2022-08-10 23:55:26.632 :   Account: jojo1/bean1	[MsgId: MMSG-17999]
2022-08-10 23:55:33.428 :   Login completed	[MsgId: MMSG-17999]
2022-08-10 23:55:39.275 :   Logout completed	[MsgId: MMSG-17999]
2022-08-10 23:57:32.643 : - Iteration: 33	[MsgId: MMSG-17999]
2022-08-10 23:57:32.643 :   Account: jojo1/bean1	[MsgId: MMSG-17999]
2022-08-10 23:57:44.568 :   Login completed	[MsgId: MMSG-17999]
2022-08-10 23:57:49.452 :   Logout completed	[MsgId: MMSG-17999]
2022-08-10 23:59:38.647 : - Iteration: 34	[MsgId: MMSG-17999]
2022-08-10 23:59:38.648 :   Account: jojo1/bean1	[MsgId: MMSG-17999]
2022-08-10 23:59:47.093 :   Login completed	[MsgId: MMSG-17999]
2022-08-10 23:59:54.300 :   Logout completed	[MsgId: MMSG-17999]
2022-08-11 00:01:44.653 : - Iteration: 35	[MsgId: MMSG-17999]
2022-08-11 00:01:44.654 :   Account: jojo1/bean1	[MsgId: MMSG-17999]
2022-08-11 00:01:50.672 :   Login completed	[MsgId: MMSG-17999]
2022-08-11 00:01:53.552 :   Logout completed	[MsgId: MMSG-17999]
2022-08-11 00:03:50.669 : - Iteration: 36	[MsgId: MMSG-17999]
2022-08-11 00:03:50.669 :   Account: jojo1/bean1	[MsgId: MMSG-17999]
2022-08-11 00:04:05.320 :   Login completed	[MsgId: MMSG-17999]
2022-08-11 00:04:10.675 :   Logout completed	[MsgId: MMSG-17999]
2022-08-11 00:05:56.675 : - Iteration: 37	[MsgId: MMSG-17999]
2022-08-11 00:05:56.676 :   Account: jojo1/bean1	[MsgId: MMSG-17999]
2022-08-11 00:06:02.952 :   Login completed	[MsgId: MMSG-17999]
2022-08-11 00:06:08.363 :   Logout completed	[MsgId: MMSG-17999]
2022-08-11 00:08:02.685 : - Iteration: 38	[MsgId: MMSG-17999]
2022-08-11 00:08:02.686 :   Account: jojo1/bean1	[MsgId: MMSG-17999]
2022-08-11 00:08:17.075 :   Login completed	[MsgId: MMSG-17999]
2022-08-11 00:08:24.415 :   Logout completed	[MsgId: MMSG-17999]
2022-08-11 00:10:08.687 : - Iteration: 39	[MsgId: MMSG-17999]
2022-08-11 00:10:08.687 :   Account: jojo1/bean1	[MsgId: MMSG-17999]
2022-08-11 00:10:21.070 :   Login completed	[MsgId: MMSG-17999]
2022-08-11 00:10:27.416 :   Logout completed	[MsgId: MMSG-17999]
2022-08-11 00:12:14.700 : - Iteration: 40	[MsgId: MMSG-17999]
2022-08-11 00:12:14.701 :   Account: jojo1/bean1	[MsgId: MMSG-17999]
2022-08-11 00:12:28.996 :   Login completed	[MsgId: MMSG-17999]
2022-08-11 00:12:32.907 :   Logout completed	[MsgId: MMSG-17999]
2022-08-11 00:14:20.705 : - Iteration: 41	[MsgId: MMSG-17999]
2022-08-11 00:14:20.705 :   Account: jojo1/bean1	[MsgId: MMSG-17999]
2022-08-11 00:14:29.356 :   Login completed	[MsgId: MMSG-17999]
2022-08-11 00:14:35.083 :   Logout completed	[MsgId: MMSG-17999]
2022-08-11 00:16:26.714 : - Iteration: 42	[MsgId: MMSG-17999]
2022-08-11 00:16:26.715 :   Account: jojo1/bean1	[MsgId: MMSG-17999]
2022-08-11 00:16:36.428 :   Login completed	[MsgId: MMSG-17999]
2022-08-11 00:16:43.272 :   Logout completed	[MsgId: MMSG-17999]
2022-08-11 00:18:32.718 : - Iteration: 43	[MsgId: MMSG-17999]
2022-08-11 00:18:32.719 :   Account: jojo1/bean1	[MsgId: MMSG-17999]
2022-08-11 00:18:38.662 :   Login completed	[MsgId: MMSG-17999]
2022-08-11 00:18:41.789 :   Logout completed	[MsgId: MMSG-17999]
2022-08-11 00:20:38.728 : - Iteration: 44	[MsgId: MMSG-17999]
2022-08-11 00:20:38.728 :   Account: jojo1/bean1	[MsgId: MMSG-17999]
2022-08-11 00:20:49.291 :   Login completed	[MsgId: MMSG-17999]
2022-08-11 00:20:53.269 :   Logout completed	[MsgId: MMSG-17999]
2022-08-11 00:22:44.740 : - Iteration: 45	[MsgId: MMSG-17999]
2022-08-11 00:22:44.740 :   Account: jojo1/bean1	[MsgId: MMSG-17999]
2022-08-11 00:22:56.781 :   Login completed	[MsgId: MMSG-17999]
2022-08-11 00:23:01.144 :   Logout completed	[MsgId: MMSG-17999]
2022-08-11 00:24:50.753 : - Iteration: 46	[MsgId: MMSG-17999]
2022-08-11 00:24:50.753 :   Account: jojo1/bean1	[MsgId: MMSG-17999]
2022-08-11 00:25:01.736 :   Login completed	[MsgId: MMSG-17999]
2022-08-11 00:25:06.233 :   Logout completed	[MsgId: MMSG-17999]
2022-08-11 00:26:56.760 : - Iteration: 47	[MsgId: MMSG-17999]
2022-08-11 00:26:56.760 :   Account: jojo1/bean1	[MsgId: MMSG-17999]
2022-08-11 00:27:04.278 :   Login completed	[MsgId: MMSG-17999]
2022-08-11 00:27:10.550 :   Logout completed	[MsgId: MMSG-17999]
2022-08-11 00:29:02.765 : - Iteration: 48	[MsgId: MMSG-17999]
2022-08-11 00:29:02.765 :   Account: jojo1/bean1	[MsgId: MMSG-17999]
2022-08-11 00:29:15.863 :   Login completed	[MsgId: MMSG-17999]
2022-08-11 00:29:21.608 :   Logout completed	[MsgId: MMSG-17999]
2022-08-11 00:31:08.768 : - Iteration: 49	[MsgId: MMSG-17999]
2022-08-11 00:31:08.768 :   Account: jojo1/bean1	[MsgId: MMSG-17999]
2022-08-11 00:31:20.335 :   Login completed	[MsgId: MMSG-17999]
2022-08-11 00:31:26.277 :   Logout completed	[MsgId: MMSG-17999]
2022-08-11 00:33:14.773 : - Iteration: 50	[MsgId: MMSG-17999]
2022-08-11 00:33:14.773 :   Account: jojo1/bean1	[MsgId: MMSG-17999]
2022-08-11 00:33:28.735 :   Login completed	[MsgId: MMSG-17999]
2022-08-11 00:33:35.192 :   Logout completed	[MsgId: MMSG-17999]
2022-08-11 00:35:20.779 : - Iteration: 51	[MsgId: MMSG-17999]
2022-08-11 00:35:20.780 :   Account: jojo1/bean1	[MsgId: MMSG-17999]
2022-08-11 00:35:31.098 :   Login completed	[MsgId: MMSG-17999]
2022-08-11 00:35:35.793 :   Logout completed	[MsgId: MMSG-17999]
2022-08-11 00:37:26.792 : - Iteration: 52	[MsgId: MMSG-17999]
2022-08-11 00:37:26.792 :   Account: jojo1/bean1	[MsgId: MMSG-17999]
2022-08-11 00:37:34.053 :   Login completed	[MsgId: MMSG-17999]
2022-08-11 00:37:40.775 :   Logout completed	[MsgId: MMSG-17999]
2022-08-11 00:39:32.798 : - Iteration: 53	[MsgId: MMSG-17999]
2022-08-11 00:39:32.799 :   Account: jojo1/bean1	[MsgId: MMSG-17999]
2022-08-11 00:39:39.484 :   Login completed	[MsgId: MMSG-17999]
2022-08-11 00:39:42.624 :   Logout completed	[MsgId: MMSG-17999]
2022-08-11 00:41:38.803 : - Iteration: 54	[MsgId: MMSG-17999]
2022-08-11 00:41:38.804 :   Account: jojo1/bean1	[MsgId: MMSG-17999]
2022-08-11 00:41:53.024 :   Login completed	[MsgId: MMSG-17999]
2022-08-11 00:42:00.209 :   Logout completed	[MsgId: MMSG-17999]
2022-08-11 00:43:44.811 : - Iteration: 55	[MsgId: MMSG-17999]
2022-08-11 00:43:44.812 :   Account: jojo1/bean1	[MsgId: MMSG-17999]
2022-08-11 00:43:53.618 :   Login completed	[MsgId: MMSG-17999]
2022-08-11 00:44:00.392 :   Logout completed	[MsgId: MMSG-17999]
2022-08-11 00:45:50.819 : - Iteration: 56	[MsgId: MMSG-17999]
2022-08-11 00:45:50.819 :   Account: jojo1/bean1	[MsgId: MMSG-17999]
2022-08-11 00:46:05.003 :   Login completed	[MsgId: MMSG-17999]
2022-08-11 00:46:09.554 :   Logout completed	[MsgId: MMSG-17999]
2022-08-11 00:47:56.828 : - Iteration: 57	[MsgId: MMSG-17999]
2022-08-11 00:47:56.828 :   Account: jojo1/bean1	[MsgId: MMSG-17999]
2022-08-11 00:48:09.045 :   Login completed	[MsgId: MMSG-17999]
2022-08-11 00:48:15.675 :   Logout completed	[MsgId: MMSG-17999]
2022-08-11 00:50:02.840 : - Iteration: 58	[MsgId: MMSG-17999]
2022-08-11 00:50:02.841 :   Account: jojo1/bean1	[MsgId: MMSG-17999]
2022-08-11 00:50:17.657 :   Login completed	[MsgId: MMSG-17999]
2022-08-11 00:50:24.082 :   Logout completed	[MsgId: MMSG-17999]
2022-08-11 00:52:08.849 : - Iteration: 59	[MsgId: MMSG-17999]
2022-08-11 00:52:08.849 :   Account: jojo1/bean1	[MsgId: MMSG-17999]
2022-08-11 00:52:16.563 :   Login completed	[MsgId: MMSG-17999]
2022-08-11 00:52:21.297 :   Logout completed	[MsgId: MMSG-17999]
2022-08-11 00:54:14.858 : - Iteration: 60	[MsgId: MMSG-17999]
2022-08-11 00:54:14.858 :   Account: jojo1/bean1	[MsgId: MMSG-17999]
2022-08-11 00:54:26.461 :   Login completed	[MsgId: MMSG-17999]
2022-08-11 00:54:29.512 :   Logout completed	[MsgId: MMSG-17999]
2022-08-11 00:56:20.866 : - Iteration: 61	[MsgId: MMSG-17999]
2022-08-11 00:56:20.866 :   Account: jojo1/bean1	[MsgId: MMSG-17999]
2022-08-11 00:56:34.314 :   Login completed	[MsgId: MMSG-17999]
2022-08-11 00:56:40.212 :   Logout completed	[MsgId: MMSG-17999]
2022-08-11 00:58:26.877 : - Iteration: 62	[MsgId: MMSG-17999]
2022-08-11 00:58:26.878 :   Account: jojo1/bean1	[MsgId: MMSG-17999]
2022-08-11 00:58:41.409 :   Login completed	[MsgId: MMSG-17999]
2022-08-11 00:58:46.933 :   Logout completed	[MsgId: MMSG-17999]
2022-08-11 01:00:32.888 : - Iteration: 63	[MsgId: MMSG-17999]
2022-08-11 01:00:32.889 :   Account: jojo1/bean1	[MsgId: MMSG-17999]
2022-08-11 01:00:41.160 :   Login completed	[MsgId: MMSG-17999]
2022-08-11 01:00:47.226 :   Logout completed	[MsgId: MMSG-17999]
2022-08-11 01:02:38.897 : - Iteration: 64	[MsgId: MMSG-17999]
2022-08-11 01:02:38.898 :   Account: jojo1/bean1	[MsgId: MMSG-17999]
2022-08-11 01:02:49.172 :   Login completed	[MsgId: MMSG-17999]
2022-08-11 01:02:55.618 :   Logout completed	[MsgId: MMSG-17999]
2022-08-11 01:04:44.904 : - Iteration: 65	[MsgId: MMSG-17999]
2022-08-11 01:04:44.904 :   Account: jojo1/bean1	[MsgId: MMSG-17999]
2022-08-11 01:04:54.677 :   Login completed	[MsgId: MMSG-17999]
2022-08-11 01:04:58.520 :   Logout completed	[MsgId: MMSG-17999]
2022-08-11 01:06:50.914 : - Iteration: 66	[MsgId: MMSG-17999]
2022-08-11 01:06:50.915 :   Account: jojo1/bean1	[MsgId: MMSG-17999]
2022-08-11 01:07:04.097 :   Login completed	[MsgId: MMSG-17999]
2022-08-11 01:07:11.453 :   Logout completed	[MsgId: MMSG-17999]
2022-08-11 01:08:56.928 : - Iteration: 67	[MsgId: MMSG-17999]
2022-08-11 01:08:56.929 :   Account: jojo1/bean1	[MsgId: MMSG-17999]
2022-08-11 01:09:11.623 :   Login completed	[MsgId: MMSG-17999]
2022-08-11 01:09:17.276 :   Logout completed	[MsgId: MMSG-17999]
2022-08-11 01:11:02.940 : - Iteration: 68	[MsgId: MMSG-17999]
2022-08-11 01:11:02.940 :   Account: jojo1/bean1	[MsgId: MMSG-17999]
2022-08-11 01:11:14.351 :   Login completed	[MsgId: MMSG-17999]
2022-08-11 01:11:21.414 :   Logout completed	[MsgId: MMSG-17999]
2022-08-11 01:13:08.955 : - Iteration: 69	[MsgId: MMSG-17999]
2022-08-11 01:13:08.955 :   Account: jojo1/bean1	[MsgId: MMSG-17999]
2022-08-11 01:13:24.340 :   Login completed	[MsgId: MMSG-17999]
2022-08-11 01:13:30.910 :   Logout completed	[MsgId: MMSG-17999]
2022-08-11 01:15:14.967 : - Iteration: 70	[MsgId: MMSG-17999]
2022-08-11 01:15:14.967 :   Account: jojo1/bean1	[MsgId: MMSG-17999]
2022-08-11 01:15:24.836 :   Login completed	[MsgId: MMSG-17999]
2022-08-11 01:15:28.746 :   Logout completed	[MsgId: MMSG-17999]
2022-08-11 01:17:20.972 : - Iteration: 71	[MsgId: MMSG-17999]
2022-08-11 01:17:20.972 :   Account: jojo1/bean1	[MsgId: MMSG-17999]
2022-08-11 01:17:33.939 :   Login completed	[MsgId: MMSG-17999]
2022-08-11 01:17:41.559 :   Logout completed	[MsgId: MMSG-17999]
2022-08-11 01:19:26.982 : - Iteration: 72	[MsgId: MMSG-17999]
2022-08-11 01:19:26.983 :   Account: jojo1/bean1	[MsgId: MMSG-17999]
2022-08-11 01:19:38.065 :   Login completed	[MsgId: MMSG-17999]
2022-08-11 01:19:43.679 :   Logout completed	[MsgId: MMSG-17999]
2022-08-11 01:21:32.995 : - Iteration: 73	[MsgId: MMSG-17999]
2022-08-11 01:21:32.996 :   Account: jojo1/bean1	[MsgId: MMSG-17999]
2022-08-11 01:21:47.360 :   Login completed	[MsgId: MMSG-17999]
2022-08-11 01:21:54.350 :   Logout completed	[MsgId: MMSG-17999]
2022-08-11 01:23:38.997 : - Iteration: 74	[MsgId: MMSG-17999]
2022-08-11 01:23:38.998 :   Account: jojo1/bean1	[MsgId: MMSG-17999]
2022-08-11 01:23:50.295 :   Login completed	[MsgId: MMSG-17999]
2022-08-11 01:23:56.565 :   Logout completed	[MsgId: MMSG-17999]
2022-08-11 01:25:44.998 : - Iteration: 75	[MsgId: MMSG-17999]
2022-08-11 01:25:44.998 :   Account: jojo1/bean1	[MsgId: MMSG-17999]
2022-08-11 01:25:59.452 :   Login completed	[MsgId: MMSG-17999]
2022-08-11 01:26:05.370 :   Logout completed	[MsgId: MMSG-17999]
2022-08-11 01:27:50.998 : - Iteration: 76	[MsgId: MMSG-17999]
2022-08-11 01:27:50.998 :   Account: jojo1/bean1	[MsgId: MMSG-17999]
2022-08-11 01:28:03.112 :   Login completed	[MsgId: MMSG-17999]
2022-08-11 01:28:09.699 :   Logout completed	[MsgId: MMSG-17999]
2022-08-11 01:29:57.013 : - Iteration: 77	[MsgId: MMSG-17999]
2022-08-11 01:29:57.014 :   Account: jojo1/bean1	[MsgId: MMSG-17999]
2022-08-11 01:30:11.470 :   Login completed	[MsgId: MMSG-17999]
2022-08-11 01:30:18.122 :   Logout completed	[MsgId: MMSG-17999]
2022-08-11 01:32:03.025 : - Iteration: 78	[MsgId: MMSG-17999]
2022-08-11 01:32:03.025 :   Account: jojo1/bean1	[MsgId: MMSG-17999]
2022-08-11 01:32:18.376 :   Login completed	[MsgId: MMSG-17999]
2022-08-11 01:32:22.201 :   Logout completed	[MsgId: MMSG-17999]
2022-08-11 01:34:09.041 : - Iteration: 79	[MsgId: MMSG-17999]
2022-08-11 01:34:09.042 :   Account: jojo1/bean1	[MsgId: MMSG-17999]
2022-08-11 01:34:21.331 :   Login completed	[MsgId: MMSG-17999]
2022-08-11 01:34:27.137 :   Logout completed	[MsgId: MMSG-17999]
2022-08-11 01:36:15.046 : - Iteration: 80	[MsgId: MMSG-17999]
2022-08-11 01:36:15.047 :   Account: jojo1/bean1	[MsgId: MMSG-17999]
2022-08-11 01:36:24.617 :   Login completed	[MsgId: MMSG-17999]
2022-08-11 01:36:28.166 :   Logout completed	[MsgId: MMSG-17999]
2022-08-11 01:38:21.057 : - Iteration: 81	[MsgId: MMSG-17999]
2022-08-11 01:38:21.057 :   Account: jojo1/bean1	[MsgId: MMSG-17999]
2022-08-11 01:38:29.709 :   Login completed	[MsgId: MMSG-17999]
2022-08-11 01:38:36.931 :   Logout completed	[MsgId: MMSG-17999]
2022-08-11 01:40:27.060 : - Iteration: 82	[MsgId: MMSG-17999]
2022-08-11 01:40:27.061 :   Account: jojo1/bean1	[MsgId: MMSG-17999]
2022-08-11 01:40:33.586 :   Login completed	[MsgId: MMSG-17999]
2022-08-11 01:40:38.001 :   Logout completed	[MsgId: MMSG-17999]
2022-08-11 01:42:33.065 : - Iteration: 83	[MsgId: MMSG-17999]
2022-08-11 01:42:33.066 :   Account: jojo1/bean1	[MsgId: MMSG-17999]
2022-08-11 01:42:45.425 :   Login completed	[MsgId: MMSG-17999]
2022-08-11 01:42:52.873 :   Logout completed	[MsgId: MMSG-17999]
2022-08-11 01:44:39.080 : - Iteration: 84	[MsgId: MMSG-17999]
2022-08-11 01:44:39.080 :   Account: jojo1/bean1	[MsgId: MMSG-17999]
2022-08-11 01:44:45.266 :   Login completed	[MsgId: MMSG-17999]
2022-08-11 01:44:52.612 :   Logout completed	[MsgId: MMSG-17999]
2022-08-11 01:46:45.088 : - Iteration: 85	[MsgId: MMSG-17999]
2022-08-11 01:46:45.089 :   Account: jojo1/bean1	[MsgId: MMSG-17999]
2022-08-11 01:46:58.840 :   Login completed	[MsgId: MMSG-17999]
2022-08-11 01:47:04.958 :   Logout completed	[MsgId: MMSG-17999]
2022-08-11 01:48:51.091 : - Iteration: 86	[MsgId: MMSG-17999]
2022-08-11 01:48:51.091 :   Account: jojo1/bean1	[MsgId: MMSG-17999]
2022-08-11 01:49:05.683 :   Login completed	[MsgId: MMSG-17999]
2022-08-11 01:49:09.018 :   Logout completed	[MsgId: MMSG-17999]
2022-08-11 01:50:57.097 : - Iteration: 87	[MsgId: MMSG-17999]
2022-08-11 01:50:57.098 :   Account: jojo1/bean1	[MsgId: MMSG-17999]
2022-08-11 01:51:03.370 :   Login completed	[MsgId: MMSG-17999]
2022-08-11 01:51:09.126 :   Logout completed	[MsgId: MMSG-17999]
2022-08-11 01:53:03.104 : - Iteration: 88	[MsgId: MMSG-17999]
2022-08-11 01:53:03.104 :   Account: jojo1/bean1	[MsgId: MMSG-17999]
2022-08-11 01:53:09.474 :   Login completed	[MsgId: MMSG-17999]
2022-08-11 01:53:15.129 :   Logout completed	[MsgId: MMSG-17999]
2022-08-11 01:55:09.113 : - Iteration: 89	[MsgId: MMSG-17999]
2022-08-11 01:55:09.113 :   Account: jojo1/bean1	[MsgId: MMSG-17999]
2022-08-11 01:55:15.985 :   Login completed	[MsgId: MMSG-17999]
2022-08-11 01:55:20.240 :   Logout completed	[MsgId: MMSG-17999]
2022-08-11 01:57:15.114 : - Iteration: 90	[MsgId: MMSG-17999]
2022-08-11 01:57:15.114 :   Account: jojo1/bean1	[MsgId: MMSG-17999]
2022-08-11 01:57:23.271 :   Login completed	[MsgId: MMSG-17999]
2022-08-11 01:57:27.007 :   Logout completed	[MsgId: MMSG-17999]
2022-08-11 01:59:21.119 : - Iteration: 91	[MsgId: MMSG-17999]
2022-08-11 01:59:21.120 :   Account: jojo1/bean1	[MsgId: MMSG-17999]
2022-08-11 01:59:27.474 :   Login completed	[MsgId: MMSG-17999]
2022-08-11 01:59:32.454 :   Logout completed	[MsgId: MMSG-17999]
2022-08-11 02:01:27.122 : - Iteration: 92	[MsgId: MMSG-17999]
2022-08-11 02:01:27.123 :   Account: jojo1/bean1	[MsgId: MMSG-17999]
2022-08-11 02:01:38.322 :   Login completed	[MsgId: MMSG-17999]
2022-08-11 02:01:43.500 :   Logout completed	[MsgId: MMSG-17999]
2022-08-11 02:03:33.134 : - Iteration: 93	[MsgId: MMSG-17999]
2022-08-11 02:03:33.134 :   Account: jojo1/bean1	[MsgId: MMSG-17999]
2022-08-11 02:03:47.044 :   Login completed	[MsgId: MMSG-17999]
2022-08-11 02:03:52.815 :   Logout completed	[MsgId: MMSG-17999]
2022-08-11 02:05:39.145 : - Iteration: 94	[MsgId: MMSG-17999]
2022-08-11 02:05:39.145 :   Account: jojo1/bean1	[MsgId: MMSG-17999]
2022-08-11 02:05:51.494 :   Login completed	[MsgId: MMSG-17999]
2022-08-11 02:05:54.414 :   Logout completed	[MsgId: MMSG-17999]
2022-08-11 02:07:45.154 : - Iteration: 95	[MsgId: MMSG-17999]
2022-08-11 02:07:45.154 :   Account: jojo1/bean1	[MsgId: MMSG-17999]
2022-08-11 02:07:57.496 :   Login completed	[MsgId: MMSG-17999]
2022-08-11 02:08:04.044 :   Logout completed	[MsgId: MMSG-17999]
2022-08-11 02:09:51.168 : - Iteration: 96	[MsgId: MMSG-17999]
2022-08-11 02:09:51.169 :   Account: jojo1/bean1	[MsgId: MMSG-17999]
2022-08-11 02:09:59.036 :   Login completed	[MsgId: MMSG-17999]
2022-08-11 02:10:04.410 :   Logout completed	[MsgId: MMSG-17999]
2022-08-11 02:11:57.181 : - Iteration: 97	[MsgId: MMSG-17999]
2022-08-11 02:11:57.181 :   Account: jojo1/bean1	[MsgId: MMSG-17999]
2022-08-11 02:12:12.323 :   Login completed	[MsgId: MMSG-17999]
2022-08-11 02:12:18.239 :   Logout completed	[MsgId: MMSG-17999]
2022-08-11 02:14:03.185 : - Iteration: 98	[MsgId: MMSG-17999]
2022-08-11 02:14:03.185 :   Account: jojo1/bean1	[MsgId: MMSG-17999]
2022-08-11 02:14:11.949 :   Login completed	[MsgId: MMSG-17999]
2022-08-11 02:14:18.734 :   Logout completed	[MsgId: MMSG-17999]
2022-08-11 02:16:09.189 : - Iteration: 99	[MsgId: MMSG-17999]
2022-08-11 02:16:09.189 :   Account: jojo1/bean1	[MsgId: MMSG-17999]
2022-08-11 02:16:18.329 :   Login completed	[MsgId: MMSG-17999]
2022-08-11 02:16:23.625 :   Logout completed	[MsgId: MMSG-17999]
2022-08-11 02:18:15.203 : - Iteration: 100	[MsgId: MMSG-17999]
2022-08-11 02:18:15.203 :   Account: jojo1/bean1	[MsgId: MMSG-17999]
2022-08-11 02:18:22.644 :   Login completed	[MsgId: MMSG-17999]
2022-08-11 02:18:30.004 :   Logout completed	[MsgId: MMSG-17999]
2022-08-11 02:20:21.208 : - Iteration: 101	[MsgId: MMSG-17999]
2022-08-11 02:20:21.209 :   Account: jojo1/bean1	[MsgId: MMSG-17999]
2022-08-11 02:20:35.633 :   Login completed	[MsgId: MMSG-17999]
2022-08-11 02:20:38.382 :   Logout completed	[MsgId: MMSG-17999]
2022-08-11 02:22:27.210 : - Iteration: 102	[MsgId: MMSG-17999]
2022-08-11 02:22:27.210 :   Account: jojo1/bean1	[MsgId: MMSG-17999]
2022-08-11 02:22:34.835 :   Login completed	[MsgId: MMSG-17999]
2022-08-11 02:22:38.695 :   Logout completed	[MsgId: MMSG-17999]
2022-08-11 02:24:33.225 : - Iteration: 103	[MsgId: MMSG-17999]
2022-08-11 02:24:33.225 :   Account: jojo1/bean1	[MsgId: MMSG-17999]
2022-08-11 02:24:40.095 :   Login completed	[MsgId: MMSG-17999]
2022-08-11 02:24:44.989 :   Logout completed	[MsgId: MMSG-17999]
2022-08-11 02:26:39.227 : - Iteration: 104	[MsgId: MMSG-17999]
2022-08-11 02:26:39.228 :   Account: jojo1/bean1	[MsgId: MMSG-17999]
2022-08-11 02:26:48.788 :   Login completed	[MsgId: MMSG-17999]
2022-08-11 02:26:54.838 :   Logout completed	[MsgId: MMSG-17999]
2022-08-11 02:28:45.228 : - Iteration: 105	[MsgId: MMSG-17999]
2022-08-11 02:28:45.229 :   Account: jojo1/bean1	[MsgId: MMSG-17999]
2022-08-11 02:28:58.351 :   Login completed	[MsgId: MMSG-17999]
2022-08-11 02:29:02.860 :   Logout completed	[MsgId: MMSG-17999]
2022-08-11 02:30:51.234 : - Iteration: 106	[MsgId: MMSG-17999]
2022-08-11 02:30:51.234 :   Account: jojo1/bean1	[MsgId: MMSG-17999]
2022-08-11 02:30:59.237 :   Login completed	[MsgId: MMSG-17999]
2022-08-11 02:31:03.717 :   Logout completed	[MsgId: MMSG-17999]
2022-08-11 02:32:57.239 : - Iteration: 107	[MsgId: MMSG-17999]
2022-08-11 02:32:57.239 :   Account: jojo1/bean1	[MsgId: MMSG-17999]
2022-08-11 02:33:04.108 :   Login completed	[MsgId: MMSG-17999]
2022-08-11 02:33:09.688 :   Logout completed	[MsgId: MMSG-17999]
2022-08-11 02:35:03.238 : - Iteration: 108	[MsgId: MMSG-17999]
2022-08-11 02:35:03.238 :   Account: jojo1/bean1	[MsgId: MMSG-17999]
2022-08-11 02:35:13.346 :   Login completed	[MsgId: MMSG-17999]
2022-08-11 02:35:19.501 :   Logout completed	[MsgId: MMSG-17999]
2022-08-11 02:37:09.246 : - Iteration: 109	[MsgId: MMSG-17999]
2022-08-11 02:37:09.247 :   Account: jojo1/bean1	[MsgId: MMSG-17999]
2022-08-11 02:37:15.798 :   Login completed	[MsgId: MMSG-17999]
2022-08-11 02:37:21.186 :   Logout completed	[MsgId: MMSG-17999]
2022-08-11 02:39:15.247 : - Iteration: 110	[MsgId: MMSG-17999]
2022-08-11 02:39:15.247 :   Account: jojo1/bean1	[MsgId: MMSG-17999]
2022-08-11 02:39:23.131 :   Login completed	[MsgId: MMSG-17999]
2022-08-11 02:39:29.187 :   Logout completed	[MsgId: MMSG-17999]
2022-08-11 02:41:21.261 : - Iteration: 111	[MsgId: MMSG-17999]
2022-08-11 02:41:21.262 :   Account: jojo1/bean1	[MsgId: MMSG-17999]
2022-08-11 02:41:30.961 :   Login completed	[MsgId: MMSG-17999]
2022-08-11 02:41:35.476 :   Logout completed	[MsgId: MMSG-17999]
2022-08-11 02:43:27.276 : - Iteration: 112	[MsgId: MMSG-17999]
2022-08-11 02:43:27.276 :   Account: jojo1/bean1	[MsgId: MMSG-17999]
2022-08-11 02:43:32.929 :   Login completed	[MsgId: MMSG-17999]
2022-08-11 02:43:39.889 :   Logout completed	[MsgId: MMSG-17999]
2022-08-11 02:45:33.286 : - Iteration: 113	[MsgId: MMSG-17999]
2022-08-11 02:45:33.286 :   Account: jojo1/bean1	[MsgId: MMSG-17999]
2022-08-11 02:45:45.955 :   Login completed	[MsgId: MMSG-17999]
2022-08-11 02:45:49.409 :   Logout completed	[MsgId: MMSG-17999]
2022-08-11 02:47:39.300 : - Iteration: 114	[MsgId: MMSG-17999]
2022-08-11 02:47:39.301 :   Account: jojo1/bean1	[MsgId: MMSG-17999]
2022-08-11 02:47:47.734 :   Login completed	[MsgId: MMSG-17999]
2022-08-11 02:47:51.616 :   Logout completed	[MsgId: MMSG-17999]
2022-08-11 02:49:45.306 : - Iteration: 115	[MsgId: MMSG-17999]
2022-08-11 02:49:45.307 :   Account: jojo1/bean1	[MsgId: MMSG-17999]
2022-08-11 02:50:00.286 :   Login completed	[MsgId: MMSG-17999]
2022-08-11 02:50:06.653 :   Logout completed	[MsgId: MMSG-17999]
2022-08-11 02:51:51.316 : - Iteration: 116	[MsgId: MMSG-17999]
2022-08-11 02:51:51.316 :   Account: jojo1/bean1	[MsgId: MMSG-17999]
2022-08-11 02:51:57.720 :   Login completed	[MsgId: MMSG-17999]
2022-08-11 02:52:04.062 :   Logout completed	[MsgId: MMSG-17999]
2022-08-11 02:53:57.318 : - Iteration: 117	[MsgId: MMSG-17999]
2022-08-11 02:53:57.319 :   Account: jojo1/bean1	[MsgId: MMSG-17999]
2022-08-11 02:54:08.402 :   Login completed	[MsgId: MMSG-17999]
2022-08-11 02:54:16.126 :   Logout completed	[MsgId: MMSG-17999]
2022-08-11 02:56:03.325 : - Iteration: 118	[MsgId: MMSG-17999]
2022-08-11 02:56:03.326 :   Account: jojo1/bean1	[MsgId: MMSG-17999]
2022-08-11 02:56:15.130 :   Login completed	[MsgId: MMSG-17999]
2022-08-11 02:56:19.825 :   Logout completed	[MsgId: MMSG-17999]
2022-08-11 02:58:09.333 : - Iteration: 119	[MsgId: MMSG-17999]
2022-08-11 02:58:09.334 :   Account: jojo1/bean1	[MsgId: MMSG-17999]
2022-08-11 02:58:20.865 :   Login completed	[MsgId: MMSG-17999]
2022-08-11 02:58:26.833 :   Logout completed	[MsgId: MMSG-17999]
2022-08-11 03:00:15.347 : - Iteration: 120	[MsgId: MMSG-17999]
2022-08-11 03:00:15.348 :   Account: jojo1/bean1	[MsgId: MMSG-17999]
2022-08-11 03:00:27.703 :   Login completed	[MsgId: MMSG-17999]
2022-08-11 03:00:32.623 :   Logout completed	[MsgId: MMSG-17999]
2022-08-11 03:02:21.358 : - Iteration: 121	[MsgId: MMSG-17999]
2022-08-11 03:02:21.359 :   Account: jojo1/bean1	[MsgId: MMSG-17999]
2022-08-11 03:02:34.245 :   Login completed	[MsgId: MMSG-17999]
2022-08-11 03:02:41.208 :   Logout completed	[MsgId: MMSG-17999]
2022-08-11 03:04:27.367 : - Iteration: 122	[MsgId: MMSG-17999]
2022-08-11 03:04:27.368 :   Account: jojo1/bean1	[MsgId: MMSG-17999]
2022-08-11 03:04:40.958 :   Login completed	[MsgId: MMSG-17999]
2022-08-11 03:04:48.037 :   Logout completed	[MsgId: MMSG-17999]
2022-08-11 03:06:33.367 : - Iteration: 123	[MsgId: MMSG-17999]
2022-08-11 03:06:33.368 :   Account: jojo1/bean1	[MsgId: MMSG-17999]
2022-08-11 03:06:45.214 :   Login completed	[MsgId: MMSG-17999]
2022-08-11 03:06:51.017 :   Logout completed	[MsgId: MMSG-17999]
2022-08-11 03:08:39.376 : - Iteration: 124	[MsgId: MMSG-17999]
2022-08-11 03:08:39.376 :   Account: jojo1/bean1	[MsgId: MMSG-17999]
2022-08-11 03:08:50.894 :   Login completed	[MsgId: MMSG-17999]
2022-08-11 03:08:57.498 :   Logout completed	[MsgId: MMSG-17999]
2022-08-11 03:10:45.381 : - Iteration: 125	[MsgId: MMSG-17999]
2022-08-11 03:10:45.382 :   Account: jojo1/bean1	[MsgId: MMSG-17999]
2022-08-11 03:10:51.593 :   Login completed	[MsgId: MMSG-17999]
2022-08-11 03:10:56.834 :   Logout completed	[MsgId: MMSG-17999]
2022-08-11 03:12:51.390 : - Iteration: 126	[MsgId: MMSG-17999]
2022-08-11 03:12:51.390 :   Account: jojo1/bean1	[MsgId: MMSG-17999]
2022-08-11 03:13:02.844 :   Login completed	[MsgId: MMSG-17999]
2022-08-11 03:13:07.951 :   Logout completed	[MsgId: MMSG-17999]
2022-08-11 03:14:57.400 : - Iteration: 127	[MsgId: MMSG-17999]
2022-08-11 03:14:57.400 :   Account: jojo1/bean1	[MsgId: MMSG-17999]
2022-08-11 03:15:05.569 :   Login completed	[MsgId: MMSG-17999]
2022-08-11 03:15:09.780 :   Logout completed	[MsgId: MMSG-17999]
2022-08-11 03:17:03.409 : - Iteration: 128	[MsgId: MMSG-17999]
2022-08-11 03:17:03.409 :   Account: jojo1/bean1	[MsgId: MMSG-17999]
2022-08-11 03:17:16.026 :   Login completed	[MsgId: MMSG-17999]
2022-08-11 03:17:19.971 :   Logout completed	[MsgId: MMSG-17999]
2022-08-11 03:19:09.411 : - Iteration: 129	[MsgId: MMSG-17999]
2022-08-11 03:19:09.411 :   Account: jojo1/bean1	[MsgId: MMSG-17999]
2022-08-11 03:19:17.891 :   Login completed	[MsgId: MMSG-17999]
2022-08-11 03:19:25.547 :   Logout completed	[MsgId: MMSG-17999]
2022-08-11 03:21:15.424 : - Iteration: 130	[MsgId: MMSG-17999]
2022-08-11 03:21:15.424 :   Account: jojo1/bean1	[MsgId: MMSG-17999]
2022-08-11 03:21:22.017 :   Login completed	[MsgId: MMSG-17999]
2022-08-11 03:21:26.985 :   Logout completed	[MsgId: MMSG-17999]
2022-08-11 03:23:21.428 : - Iteration: 131	[MsgId: MMSG-17999]
2022-08-11 03:23:21.428 :   Account: jojo1/bean1	[MsgId: MMSG-17999]
2022-08-11 03:23:29.157 :   Login completed	[MsgId: MMSG-17999]
2022-08-11 03:23:34.002 :   Logout completed	[MsgId: MMSG-17999]
2022-08-11 03:25:27.579 : - Iteration: 132	[MsgId: MMSG-17999]
2022-08-11 03:25:27.580 :   Account: jojo1/bean1	[MsgId: MMSG-17999]
2022-08-11 03:25:36.238 :   Login completed	[MsgId: MMSG-17999]
2022-08-11 03:25:39.151 :   Logout completed	[MsgId: MMSG-17999]
2022-08-11 03:27:33.594 : - Iteration: 133	[MsgId: MMSG-17999]
2022-08-11 03:27:33.595 :   Account: jojo1/bean1	[MsgId: MMSG-17999]
2022-08-11 03:27:44.642 :   Login completed	[MsgId: MMSG-17999]
2022-08-11 03:27:50.544 :   Logout completed	[MsgId: MMSG-17999]
2022-08-11 03:29:39.594 : - Iteration: 134	[MsgId: MMSG-17999]
2022-08-11 03:29:39.594 :   Account: jojo1/bean1	[MsgId: MMSG-17999]
2022-08-11 03:29:46.863 :   Login completed	[MsgId: MMSG-17999]
2022-08-11 03:29:53.176 :   Logout completed	[MsgId: MMSG-17999]
2022-08-11 03:31:45.594 : - Iteration: 135	[MsgId: MMSG-17999]
2022-08-11 03:31:45.594 :   Account: jojo1/bean1	[MsgId: MMSG-17999]
2022-08-11 03:31:54.249 :   Login completed	[MsgId: MMSG-17999]
2022-08-11 03:31:58.721 :   Logout completed	[MsgId: MMSG-17999]
2022-08-11 03:33:51.597 : - Iteration: 136	[MsgId: MMSG-17999]
2022-08-11 03:33:51.597 :   Account: jojo1/bean1	[MsgId: MMSG-17999]
2022-08-11 03:34:02.346 :   Login completed	[MsgId: MMSG-17999]
2022-08-11 03:34:09.248 :   Logout completed	[MsgId: MMSG-17999]
2022-08-11 03:35:57.609 : - Iteration: 137	[MsgId: MMSG-17999]
2022-08-11 03:35:57.609 :   Account: jojo1/bean1	[MsgId: MMSG-17999]
2022-08-11 03:36:11.557 :   Login completed	[MsgId: MMSG-17999]
2022-08-11 03:36:14.702 :   Logout completed	[MsgId: MMSG-17999]
2022-08-11 03:38:03.623 : - Iteration: 138	[MsgId: MMSG-17999]
2022-08-11 03:38:03.624 :   Account: jojo1/bean1	[MsgId: MMSG-17999]
2022-08-11 03:38:17.508 :   Login completed	[MsgId: MMSG-17999]
2022-08-11 03:38:23.666 :   Logout completed	[MsgId: MMSG-17999]
2022-08-11 03:40:09.637 : - Iteration: 139	[MsgId: MMSG-17999]
2022-08-11 03:40:09.637 :   Account: jojo1/bean1	[MsgId: MMSG-17999]
2022-08-11 03:40:20.992 :   Login completed	[MsgId: MMSG-17999]
2022-08-11 03:40:24.964 :   Logout completed	[MsgId: MMSG-17999]
2022-08-11 03:42:15.652 : - Iteration: 140	[MsgId: MMSG-17999]
2022-08-11 03:42:15.653 :   Account: jojo1/bean1	[MsgId: MMSG-17999]
2022-08-11 03:42:28.738 :   Login completed	[MsgId: MMSG-17999]
2022-08-11 03:42:36.285 :   Logout completed	[MsgId: MMSG-17999]
2022-08-11 03:44:21.657 : - Iteration: 141	[MsgId: MMSG-17999]
2022-08-11 03:44:21.658 :   Account: jojo1/bean1	[MsgId: MMSG-17999]
2022-08-11 03:44:31.105 :   Login completed	[MsgId: MMSG-17999]
2022-08-11 03:44:34.144 :   Logout completed	[MsgId: MMSG-17999]
2022-08-11 03:46:27.665 : - Iteration: 142	[MsgId: MMSG-17999]
2022-08-11 03:46:27.666 :   Account: jojo1/bean1	[MsgId: MMSG-17999]
2022-08-11 03:46:43.102 :   Login completed	[MsgId: MMSG-17999]
2022-08-11 03:46:47.733 :   Logout completed	[MsgId: MMSG-17999]
2022-08-11 03:48:33.670 : - Iteration: 143	[MsgId: MMSG-17999]
2022-08-11 03:48:33.670 :   Account: jojo1/bean1	[MsgId: MMSG-17999]
2022-08-11 03:48:48.204 :   Login completed	[MsgId: MMSG-17999]
2022-08-11 03:48:55.658 :   Logout completed	[MsgId: MMSG-17999]
2022-08-11 03:50:39.674 : - Iteration: 144	[MsgId: MMSG-17999]
2022-08-11 03:50:39.674 :   Account: jojo1/bean1	[MsgId: MMSG-17999]
2022-08-11 03:50:52.747 :   Login completed	[MsgId: MMSG-17999]
2022-08-11 03:50:55.811 :   Logout completed	[MsgId: MMSG-17999]
2022-08-11 03:52:45.687 : - Iteration: 145	[MsgId: MMSG-17999]
2022-08-11 03:52:45.687 :   Account: jojo1/bean1	[MsgId: MMSG-17999]
2022-08-11 03:53:00.819 :   Login completed	[MsgId: MMSG-17999]
2022-08-11 03:53:05.255 :   Logout completed	[MsgId: MMSG-17999]
2022-08-11 03:54:51.699 : - Iteration: 146	[MsgId: MMSG-17999]
2022-08-11 03:54:51.699 :   Account: jojo1/bean1	[MsgId: MMSG-17999]
2022-08-11 03:55:01.698 :   Login completed	[MsgId: MMSG-17999]
2022-08-11 03:55:06.450 :   Logout completed	[MsgId: MMSG-17999]
2022-08-11 03:56:57.700 : - Iteration: 147	[MsgId: MMSG-17999]
2022-08-11 03:56:57.701 :   Account: jojo1/bean1	[MsgId: MMSG-17999]
2022-08-11 03:57:08.430 :   Login completed	[MsgId: MMSG-17999]
2022-08-11 03:57:13.831 :   Logout completed	[MsgId: MMSG-17999]
2022-08-11 03:59:03.705 : - Iteration: 148	[MsgId: MMSG-17999]
2022-08-11 03:59:03.705 :   Account: jojo1/bean1	[MsgId: MMSG-17999]
2022-08-11 03:59:12.359 :   Login completed	[MsgId: MMSG-17999]
2022-08-11 03:59:15.765 :   Logout completed	[MsgId: MMSG-17999]
2022-08-11 04:01:09.717 : - Iteration: 149	[MsgId: MMSG-17999]
2022-08-11 04:01:09.718 :   Account: jojo1/bean1	[MsgId: MMSG-17999]
2022-08-11 04:01:17.039 :   Login completed	[MsgId: MMSG-17999]
2022-08-11 04:01:20.983 :   Logout completed	[MsgId: MMSG-17999]
2022-08-11 04:03:15.726 : - Iteration: 150	[MsgId: MMSG-17999]
2022-08-11 04:03:15.727 :   Account: jojo1/bean1	[MsgId: MMSG-17999]
2022-08-11 04:03:29.449 :   Login completed	[MsgId: MMSG-17999]
2022-08-11 04:03:33.860 :   Logout completed	[MsgId: MMSG-17999]
2022-08-11 04:05:21.731 : - Iteration: 151	[MsgId: MMSG-17999]
2022-08-11 04:05:21.732 :   Account: jojo1/bean1	[MsgId: MMSG-17999]
2022-08-11 04:05:29.789 :   Login completed	[MsgId: MMSG-17999]
2022-08-11 04:05:37.395 :   Logout completed	[MsgId: MMSG-17999]
2022-08-11 04:07:27.733 : - Iteration: 152	[MsgId: MMSG-17999]
2022-08-11 04:07:27.734 :   Account: jojo1/bean1	[MsgId: MMSG-17999]
2022-08-11 04:07:42.409 :   Login completed	[MsgId: MMSG-17999]
2022-08-11 04:07:45.893 :   Logout completed	[MsgId: MMSG-17999]
2022-08-11 04:09:33.738 : - Iteration: 153	[MsgId: MMSG-17999]
2022-08-11 04:09:33.738 :   Account: jojo1/bean1	[MsgId: MMSG-17999]
2022-08-11 04:09:41.140 :   Login completed	[MsgId: MMSG-17999]
2022-08-11 04:09:45.746 :   Logout completed	[MsgId: MMSG-17999]
2022-08-11 04:11:39.751 : - Iteration: 154	[MsgId: MMSG-17999]
2022-08-11 04:11:39.752 :   Account: jojo1/bean1	[MsgId: MMSG-17999]
2022-08-11 04:11:49.180 :   Login completed	[MsgId: MMSG-17999]
2022-08-11 04:11:53.627 :   Logout completed	[MsgId: MMSG-17999]
2022-08-11 04:13:45.751 : - Iteration: 155	[MsgId: MMSG-17999]
2022-08-11 04:13:45.752 :   Account: jojo1/bean1	[MsgId: MMSG-17999]
2022-08-11 04:13:59.387 :   Login completed	[MsgId: MMSG-17999]
2022-08-11 04:14:05.360 :   Logout completed	[MsgId: MMSG-17999]
2022-08-11 04:15:51.753 : - Iteration: 156	[MsgId: MMSG-17999]
2022-08-11 04:15:51.753 :   Account: jojo1/bean1	[MsgId: MMSG-17999]
2022-08-11 04:15:57.957 :   Login completed	[MsgId: MMSG-17999]
2022-08-11 04:16:04.088 :   Logout completed	[MsgId: MMSG-17999]
2022-08-11 04:17:57.767 : - Iteration: 157	[MsgId: MMSG-17999]
2022-08-11 04:17:57.768 :   Account: jojo1/bean1	[MsgId: MMSG-17999]
2022-08-11 04:18:10.345 :   Login completed	[MsgId: MMSG-17999]
2022-08-11 04:18:18.049 :   Logout completed	[MsgId: MMSG-17999]
2022-08-11 04:20:03.779 : - Iteration: 158	[MsgId: MMSG-17999]
2022-08-11 04:20:03.779 :   Account: jojo1/bean1	[MsgId: MMSG-17999]
2022-08-11 04:20:15.588 :   Login completed	[MsgId: MMSG-17999]
2022-08-11 04:20:22.194 :   Logout completed	[MsgId: MMSG-17999]
2022-08-11 04:22:09.789 : - Iteration: 159	[MsgId: MMSG-17999]
2022-08-11 04:22:09.790 :   Account: jojo1/bean1	[MsgId: MMSG-17999]
2022-08-11 04:22:16.304 :   Login completed	[MsgId: MMSG-17999]
2022-08-11 04:22:22.945 :   Logout completed	[MsgId: MMSG-17999]
2022-08-11 04:24:15.791 : - Iteration: 160	[MsgId: MMSG-17999]
2022-08-11 04:24:15.792 :   Account: jojo1/bean1	[MsgId: MMSG-17999]
2022-08-11 04:24:22.973 :   Login completed	[MsgId: MMSG-17999]
2022-08-11 04:24:26.470 :   Logout completed	[MsgId: MMSG-17999]
2022-08-11 04:26:21.802 : - Iteration: 161	[MsgId: MMSG-17999]
2022-08-11 04:26:21.803 :   Account: jojo1/bean1	[MsgId: MMSG-17999]
2022-08-11 04:26:29.557 :   Login completed	[MsgId: MMSG-17999]
2022-08-11 04:26:33.321 :   Logout completed	[MsgId: MMSG-17999]
2022-08-11 04:28:27.804 : - Iteration: 162	[MsgId: MMSG-17999]
2022-08-11 04:28:27.805 :   Account: jojo1/bean1	[MsgId: MMSG-17999]
2022-08-11 04:28:33.856 :   Login completed	[MsgId: MMSG-17999]
2022-08-11 04:28:36.969 :   Logout completed	[MsgId: MMSG-17999]
2022-08-11 04:30:33.814 : - Iteration: 163	[MsgId: MMSG-17999]
2022-08-11 04:30:33.814 :   Account: jojo1/bean1	[MsgId: MMSG-17999]
2022-08-11 04:30:47.765 :   Login completed	[MsgId: MMSG-17999]
2022-08-11 04:30:55.248 :   Logout completed	[MsgId: MMSG-17999]
2022-08-11 04:32:39.819 : - Iteration: 164	[MsgId: MMSG-17999]
2022-08-11 04:32:39.819 :   Account: jojo1/bean1	[MsgId: MMSG-17999]
2022-08-11 04:32:52.895 :   Login completed	[MsgId: MMSG-17999]
2022-08-11 04:32:57.589 :   Logout completed	[MsgId: MMSG-17999]
2022-08-11 04:34:45.820 : - Iteration: 165	[MsgId: MMSG-17999]
2022-08-11 04:34:45.821 :   Account: jojo1/bean1	[MsgId: MMSG-17999]
2022-08-11 04:35:01.000 :   Login completed	[MsgId: MMSG-17999]
2022-08-11 04:35:07.068 :   Logout completed	[MsgId: MMSG-17999]
2022-08-11 04:36:51.830 : - Iteration: 166	[MsgId: MMSG-17999]
2022-08-11 04:36:51.831 :   Account: jojo1/bean1	[MsgId: MMSG-17999]
2022-08-11 04:37:05.172 :   Login completed	[MsgId: MMSG-17999]
2022-08-11 04:37:11.003 :   Logout completed	[MsgId: MMSG-17999]
2022-08-11 04:38:57.830 : - Iteration: 167	[MsgId: MMSG-17999]
2022-08-11 04:38:57.830 :   Account: jojo1/bean1	[MsgId: MMSG-17999]
2022-08-11 04:39:13.227 :   Login completed	[MsgId: MMSG-17999]
2022-08-11 04:39:17.340 :   Logout completed	[MsgId: MMSG-17999]
2022-08-11 04:41:03.834 : - Iteration: 168	[MsgId: MMSG-17999]
2022-08-11 04:41:03.834 :   Account: jojo1/bean1	[MsgId: MMSG-17999]
2022-08-11 04:41:13.551 :   Login completed	[MsgId: MMSG-17999]
2022-08-11 04:41:21.206 :   Logout completed	[MsgId: MMSG-17999]
2022-08-11 04:43:09.849 : - Iteration: 169	[MsgId: MMSG-17999]
2022-08-11 04:43:09.850 :   Account: jojo1/bean1	[MsgId: MMSG-17999]
2022-08-11 04:43:23.576 :   Login completed	[MsgId: MMSG-17999]
2022-08-11 04:43:29.820 :   Logout completed	[MsgId: MMSG-17999]
2022-08-11 04:45:15.856 : - Iteration: 170	[MsgId: MMSG-17999]
2022-08-11 04:45:15.856 :   Account: jojo1/bean1	[MsgId: MMSG-17999]
2022-08-11 04:45:21.563 :   Login completed	[MsgId: MMSG-17999]
2022-08-11 04:45:25.465 :   Logout completed	[MsgId: MMSG-17999]
2022-08-11 04:47:21.867 : - Iteration: 171	[MsgId: MMSG-17999]
2022-08-11 04:47:21.867 :   Account: jojo1/bean1	[MsgId: MMSG-17999]
2022-08-11 04:47:31.083 :   Login completed	[MsgId: MMSG-17999]
2022-08-11 04:47:38.061 :   Logout completed	[MsgId: MMSG-17999]
2022-08-11 04:49:27.875 : - Iteration: 172	[MsgId: MMSG-17999]
2022-08-11 04:49:27.875 :   Account: jojo1/bean1	[MsgId: MMSG-17999]
2022-08-11 04:49:39.271 :   Login completed	[MsgId: MMSG-17999]
2022-08-11 04:49:45.049 :   Logout completed	[MsgId: MMSG-17999]
2022-08-11 04:51:33.881 : - Iteration: 173	[MsgId: MMSG-17999]
2022-08-11 04:51:33.881 :   Account: jojo1/bean1	[MsgId: MMSG-17999]
2022-08-11 04:51:40.821 :   Login completed	[MsgId: MMSG-17999]
2022-08-11 04:51:47.287 :   Logout completed	[MsgId: MMSG-17999]
2022-08-11 04:53:39.884 : - Iteration: 174	[MsgId: MMSG-17999]
2022-08-11 04:53:39.885 :   Account: jojo1/bean1	[MsgId: MMSG-17999]
2022-08-11 04:53:55.034 :   Login completed	[MsgId: MMSG-17999]
2022-08-11 04:54:01.618 :   Logout completed	[MsgId: MMSG-17999]
2022-08-11 04:55:45.897 : - Iteration: 175	[MsgId: MMSG-17999]
2022-08-11 04:55:45.897 :   Account: jojo1/bean1	[MsgId: MMSG-17999]
2022-08-11 04:55:56.819 :   Login completed	[MsgId: MMSG-17999]
2022-08-11 04:55:59.751 :   Logout completed	[MsgId: MMSG-17999]
2022-08-11 04:57:51.899 : - Iteration: 176	[MsgId: MMSG-17999]
2022-08-11 04:57:51.900 :   Account: jojo1/bean1	[MsgId: MMSG-17999]
2022-08-11 04:58:01.754 :   Login completed	[MsgId: MMSG-17999]
2022-08-11 04:58:05.136 :   Logout completed	[MsgId: MMSG-17999]
2022-08-11 04:59:57.902 : - Iteration: 177	[MsgId: MMSG-17999]
2022-08-11 04:59:57.903 :   Account: jojo1/bean1	[MsgId: MMSG-17999]
2022-08-11 05:00:04.015 :   Login completed	[MsgId: MMSG-17999]
2022-08-11 05:00:08.014 :   Logout completed	[MsgId: MMSG-17999]
