2022-08-11 02:50:21.849 : URL = localhost:1080	[MsgId: MMSG-17999]
2022-08-11 02:50:21.888 : - Iteration: 1	[MsgId: MMSG-17999]
2022-08-11 02:50:21.889 :   Account: jojo49/bean49	[MsgId: MMSG-17999]
2022-08-11 02:50:36.788 :   Login completed	[MsgId: MMSG-17999]
2022-08-11 02:51:23.933 :   Flights have been booked: outbound(flight ¹; price; date): 450;1165;08/11/2022,return(flight ¹; price; date): 543;953;08/18/2022 for Jojo49 Bean49	[MsgId: MMSG-17999]
2022-08-11 02:51:48.177 :   Booking to delete: 1 booking 212336768-1463953-JB	[MsgId: MMSG-17999]
2022-08-11 02:51:53.957 :   Logout completed	[MsgId: MMSG-17999]
2022-08-11 03:02:21.895 : - Iteration: 2	[MsgId: MMSG-17999]
2022-08-11 03:02:21.895 :   Account: jojo49/bean49	[MsgId: MMSG-17999]
2022-08-11 03:02:37.189 :   Login completed	[MsgId: MMSG-17999]
2022-08-11 03:03:27.123 :   Flights have been booked: outbound(flight ¹; price; date): 212;471;08/11/2022,return(flight ¹; price; date): 121;444;08/18/2022 for Jojo49 Bean49	[MsgId: MMSG-17999]
2022-08-11 03:03:47.603 :   Booking to delete: 2 booking 212341202-163224-JB	[MsgId: MMSG-17999]
2022-08-11 03:03:54.715 :   Logout completed	[MsgId: MMSG-17999]
2022-08-11 03:14:21.900 : - Iteration: 3	[MsgId: MMSG-17999]
2022-08-11 03:14:21.900 :   Account: jojo49/bean49	[MsgId: MMSG-17999]
2022-08-11 03:14:29.352 :   Login completed	[MsgId: MMSG-17999]
2022-08-11 03:15:18.903 :   Flights have been booked: outbound(flight ¹; price; date): 121;343;08/11/2022,return(flight ¹; price; date): 212;364;08/18/2022 for Jojo49 Bean49	[MsgId: MMSG-17999]
2022-08-11 03:15:42.428 :   Booking to delete: 2 booking 212337827-170208-JB	[MsgId: MMSG-17999]
2022-08-11 03:15:46.449 :   Logout completed	[MsgId: MMSG-17999]
2022-08-11 03:26:21.909 : - Iteration: 4	[MsgId: MMSG-17999]
2022-08-11 03:26:21.909 :   Account: jojo49/bean49	[MsgId: MMSG-17999]
2022-08-11 03:26:29.119 :   Login completed	[MsgId: MMSG-17999]
2022-08-11 03:27:02.884 :   Flights have been booked: outbound(flight ¹; price; date): 632;107;08/11/2022,return(flight ¹; price; date): 362;107;08/18/2022 for Jojo49 Bean49	[MsgId: MMSG-17999]
2022-08-11 03:27:27.122 :   Booking to delete: 2 booking 212356744-181708-JB	[MsgId: MMSG-17999]
2022-08-11 03:27:30.426 :   Logout completed	[MsgId: MMSG-17999]
2022-08-11 03:38:21.915 : - Iteration: 5	[MsgId: MMSG-17999]
2022-08-11 03:38:21.915 :   Account: jojo49/bean49	[MsgId: MMSG-17999]
2022-08-11 03:38:30.577 :   Login completed	[MsgId: MMSG-17999]
2022-08-11 03:39:14.609 :   Flights have been booked: outbound(flight ¹; price; date): 300;365;08/11/2022,return(flight ¹; price; date): 033;298;08/18/2022 for Jojo49 Bean49	[MsgId: MMSG-17999]
2022-08-11 03:39:36.821 :   Booking to delete: 2 booking 212344457-156435-JB	[MsgId: MMSG-17999]
2022-08-11 03:39:40.022 :   Logout completed	[MsgId: MMSG-17999]
2022-08-11 03:50:21.926 : - Iteration: 6	[MsgId: MMSG-17999]
2022-08-11 03:50:21.926 :   Account: jojo49/bean49	[MsgId: MMSG-17999]
2022-08-11 03:50:33.220 :   Login completed	[MsgId: MMSG-17999]
2022-08-11 03:51:23.476 :   Flights have been booked: outbound(flight ¹; price; date): 931;578;08/11/2022,return(flight ¹; price; date): 392;711;08/18/2022 for Jojo49 Bean49	[MsgId: MMSG-17999]
2022-08-11 03:51:48.436 :   Booking to delete: 2 booking 212367836-1840099-JB	[MsgId: MMSG-17999]
2022-08-11 03:51:52.248 :   Logout completed	[MsgId: MMSG-17999]
2022-08-11 04:02:21.927 : - Iteration: 7	[MsgId: MMSG-17999]
2022-08-11 04:02:21.927 :   Account: jojo49/bean49	[MsgId: MMSG-17999]
2022-08-11 04:02:35.859 :   Login completed	[MsgId: MMSG-17999]
2022-08-11 04:03:17.331 :   Flights have been booked: outbound(flight ¹; price; date): 711;659;08/11/2022,return(flight ¹; price; date): 172;699;08/18/2022 for Jojo49 Bean49	[MsgId: MMSG-17999]
2022-08-11 04:03:40.958 :   Booking to delete: 1 booking 2123500043-1187086-JB	[MsgId: MMSG-17999]
2022-08-11 04:03:47.083 :   Logout completed	[MsgId: MMSG-17999]
2022-08-11 04:14:21.936 : - Iteration: 8	[MsgId: MMSG-17999]
2022-08-11 04:14:21.936 :   Account: jojo49/bean49	[MsgId: MMSG-17999]
2022-08-11 04:14:29.402 :   Login completed	[MsgId: MMSG-17999]
2022-08-11 04:15:25.168 :   Flights have been booked: outbound(flight ¹; price; date): 301;325;08/11/2022,return(flight ¹; price; date): 031;325;08/18/2022 for Jojo49 Bean49	[MsgId: MMSG-17999]
2022-08-11 04:15:44.917 :   Booking to delete: 2 booking 212344493-156280-JB	[MsgId: MMSG-17999]
2022-08-11 04:15:48.667 :   Logout completed	[MsgId: MMSG-17999]
2022-08-11 04:26:21.942 : - Iteration: 9	[MsgId: MMSG-17999]
2022-08-11 04:26:21.943 :   Account: jojo49/bean49	[MsgId: MMSG-17999]
2022-08-11 04:26:35.119 :   Login completed	[MsgId: MMSG-17999]
2022-08-11 04:27:24.502 :   Flights have been booked: outbound(flight ¹; price; date): 430;438;08/11/2022,return(flight ¹; price; date): 340;438;08/18/2022 for Jojo49 Bean49	[MsgId: MMSG-17999]
2022-08-11 04:27:50.353 :   Booking to delete: 2 booking 212349275-180067-JB	[MsgId: MMSG-17999]
2022-08-11 04:27:53.900 :   Logout completed	[MsgId: MMSG-17999]
2022-08-11 04:38:21.951 : - Iteration: 10	[MsgId: MMSG-17999]
2022-08-11 04:38:21.951 :   Account: jojo49/bean49	[MsgId: MMSG-17999]
2022-08-11 04:38:28.623 :   Login completed	[MsgId: MMSG-17999]
2022-08-11 04:39:01.290 :   Flights have been booked: outbound(flight ¹; price; date): 261;757;08/11/2022,return(flight ¹; price; date): 620;850;08/18/2022 for Jojo49 Bean49	[MsgId: MMSG-17999]
2022-08-11 04:39:20.343 :   Booking to delete: 1 booking 212359691-901642-JB	[MsgId: MMSG-17999]
2022-08-11 04:39:24.117 :   Logout completed	[MsgId: MMSG-17999]
2022-08-11 04:50:21.956 : - Iteration: 11	[MsgId: MMSG-17999]
2022-08-11 04:50:21.956 :   Account: jojo49/bean49	[MsgId: MMSG-17999]
2022-08-11 04:50:31.566 :   Login completed	[MsgId: MMSG-17999]
2022-08-11 04:51:31.244 :   Flights have been booked: outbound(flight ¹; price; date): 561;126;08/11/2022,return(flight ¹; price; date): 653;116;08/18/2022 for Jojo49 Bean49	[MsgId: MMSG-17999]
2022-08-11 04:51:53.262 :   Booking to delete: 2 booking 212354115-204095-JB	[MsgId: MMSG-17999]
2022-08-11 04:51:57.618 :   Logout completed	[MsgId: MMSG-17999]
