2022-08-10 22:50:52.652 : URL = localhost:1080	[MsgId: MMSG-17999]
2022-08-10 22:50:52.680 : - Iteration: 1	[MsgId: MMSG-17999]
2022-08-10 22:50:52.681 :   Account: jojo3/bean3	[MsgId: MMSG-17999]
2022-08-10 22:51:03.452 :   Login completed	[MsgId: MMSG-17999]
2022-08-10 22:51:09.410 :   Logout completed	[MsgId: MMSG-17999]
2022-08-10 22:52:58.689 : - Iteration: 2	[MsgId: MMSG-17999]
2022-08-10 22:52:58.690 :   Account: jojo3/bean3	[MsgId: MMSG-17999]
2022-08-10 22:53:12.039 :   Login completed	[MsgId: MMSG-17999]
2022-08-10 22:53:15.639 :   Logout completed	[MsgId: MMSG-17999]
2022-08-10 22:55:04.696 : - Iteration: 3	[MsgId: MMSG-17999]
2022-08-10 22:55:04.697 :   Account: jojo3/bean3	[MsgId: MMSG-17999]
2022-08-10 22:55:18.113 :   Login completed	[MsgId: MMSG-17999]
2022-08-10 22:55:23.259 :   Logout completed	[MsgId: MMSG-17999]
2022-08-10 22:57:10.709 : - Iteration: 4	[MsgId: MMSG-17999]
2022-08-10 22:57:10.709 :   Account: jojo3/bean3	[MsgId: MMSG-17999]
2022-08-10 22:57:25.961 :   Login completed	[MsgId: MMSG-17999]
2022-08-10 22:57:31.217 :   Logout completed	[MsgId: MMSG-17999]
2022-08-10 22:59:16.716 : - Iteration: 5	[MsgId: MMSG-17999]
2022-08-10 22:59:16.716 :   Account: jojo3/bean3	[MsgId: MMSG-17999]
2022-08-10 22:59:31.444 :   Login completed	[MsgId: MMSG-17999]
2022-08-10 22:59:37.523 :   Logout completed	[MsgId: MMSG-17999]
2022-08-10 23:01:22.730 : - Iteration: 6	[MsgId: MMSG-17999]
2022-08-10 23:01:22.730 :   Account: jojo3/bean3	[MsgId: MMSG-17999]
2022-08-10 23:01:37.976 :   Login completed	[MsgId: MMSG-17999]
2022-08-10 23:01:40.813 :   Logout completed	[MsgId: MMSG-17999]
2022-08-10 23:03:28.745 : - Iteration: 7	[MsgId: MMSG-17999]
2022-08-10 23:03:28.745 :   Account: jojo3/bean3	[MsgId: MMSG-17999]
2022-08-10 23:03:37.073 :   Login completed	[MsgId: MMSG-17999]
2022-08-10 23:03:41.448 :   Logout completed	[MsgId: MMSG-17999]
2022-08-10 23:05:34.747 : - Iteration: 8	[MsgId: MMSG-17999]
2022-08-10 23:05:34.747 :   Account: jojo3/bean3	[MsgId: MMSG-17999]
2022-08-10 23:05:41.664 :   Login completed	[MsgId: MMSG-17999]
2022-08-10 23:05:48.629 :   Logout completed	[MsgId: MMSG-17999]
2022-08-10 23:07:40.751 : - Iteration: 9	[MsgId: MMSG-17999]
2022-08-10 23:07:40.751 :   Account: jojo3/bean3	[MsgId: MMSG-17999]
2022-08-10 23:07:51.943 :   Login completed	[MsgId: MMSG-17999]
2022-08-10 23:07:55.579 :   Logout completed	[MsgId: MMSG-17999]
2022-08-10 23:09:46.759 : - Iteration: 10	[MsgId: MMSG-17999]
2022-08-10 23:09:46.759 :   Account: jojo3/bean3	[MsgId: MMSG-17999]
2022-08-10 23:09:59.325 :   Login completed	[MsgId: MMSG-17999]
2022-08-10 23:10:05.617 :   Logout completed	[MsgId: MMSG-17999]
2022-08-10 23:11:52.769 : - Iteration: 11	[MsgId: MMSG-17999]
2022-08-10 23:11:52.770 :   Account: jojo3/bean3	[MsgId: MMSG-17999]
2022-08-10 23:11:58.436 :   Login completed	[MsgId: MMSG-17999]
2022-08-10 23:12:04.151 :   Logout completed	[MsgId: MMSG-17999]
2022-08-10 23:13:58.778 : - Iteration: 12	[MsgId: MMSG-17999]
2022-08-10 23:13:58.778 :   Account: jojo3/bean3	[MsgId: MMSG-17999]
2022-08-10 23:14:13.094 :   Login completed	[MsgId: MMSG-17999]
2022-08-10 23:14:16.413 :   Logout completed	[MsgId: MMSG-17999]
2022-08-10 23:16:04.790 : - Iteration: 13	[MsgId: MMSG-17999]
2022-08-10 23:16:04.791 :   Account: jojo3/bean3	[MsgId: MMSG-17999]
2022-08-10 23:16:19.616 :   Login completed	[MsgId: MMSG-17999]
2022-08-10 23:16:23.567 :   Logout completed	[MsgId: MMSG-17999]
2022-08-10 23:18:10.805 : - Iteration: 14	[MsgId: MMSG-17999]
2022-08-10 23:18:10.805 :   Account: jojo3/bean3	[MsgId: MMSG-17999]
2022-08-10 23:18:21.983 :   Login completed	[MsgId: MMSG-17999]
2022-08-10 23:18:28.944 :   Logout completed	[MsgId: MMSG-17999]
2022-08-10 23:20:16.814 : - Iteration: 15	[MsgId: MMSG-17999]
2022-08-10 23:20:16.814 :   Account: jojo3/bean3	[MsgId: MMSG-17999]
2022-08-10 23:20:26.094 :   Login completed	[MsgId: MMSG-17999]
2022-08-10 23:20:33.028 :   Logout completed	[MsgId: MMSG-17999]
2022-08-10 23:22:22.827 : - Iteration: 16	[MsgId: MMSG-17999]
2022-08-10 23:22:22.827 :   Account: jojo3/bean3	[MsgId: MMSG-17999]
2022-08-10 23:22:32.642 :   Login completed	[MsgId: MMSG-17999]
2022-08-10 23:22:35.708 :   Logout completed	[MsgId: MMSG-17999]
2022-08-10 23:24:28.834 : - Iteration: 17	[MsgId: MMSG-17999]
2022-08-10 23:24:28.834 :   Account: jojo3/bean3	[MsgId: MMSG-17999]
2022-08-10 23:24:39.557 :   Login completed	[MsgId: MMSG-17999]
2022-08-10 23:24:43.543 :   Logout completed	[MsgId: MMSG-17999]
2022-08-10 23:26:34.844 : - Iteration: 18	[MsgId: MMSG-17999]
2022-08-10 23:26:34.844 :   Account: jojo3/bean3	[MsgId: MMSG-17999]
2022-08-10 23:26:50.400 :   Login completed	[MsgId: MMSG-17999]
2022-08-10 23:26:55.135 :   Logout completed	[MsgId: MMSG-17999]
2022-08-10 23:28:40.862 : - Iteration: 19	[MsgId: MMSG-17999]
2022-08-10 23:28:40.862 :   Account: jojo3/bean3	[MsgId: MMSG-17999]
2022-08-10 23:28:54.788 :   Login completed	[MsgId: MMSG-17999]
2022-08-10 23:28:57.757 :   Logout completed	[MsgId: MMSG-17999]
2022-08-10 23:30:46.874 : - Iteration: 20	[MsgId: MMSG-17999]
2022-08-10 23:30:46.874 :   Account: jojo3/bean3	[MsgId: MMSG-17999]
2022-08-10 23:30:53.051 :   Login completed	[MsgId: MMSG-17999]
2022-08-10 23:30:58.781 :   Logout completed	[MsgId: MMSG-17999]
2022-08-10 23:32:52.879 : - Iteration: 21	[MsgId: MMSG-17999]
2022-08-10 23:32:52.879 :   Account: jojo3/bean3	[MsgId: MMSG-17999]
2022-08-10 23:33:03.421 :   Login completed	[MsgId: MMSG-17999]
2022-08-10 23:33:07.224 :   Logout completed	[MsgId: MMSG-17999]
2022-08-10 23:34:58.893 : - Iteration: 22	[MsgId: MMSG-17999]
2022-08-10 23:34:58.893 :   Account: jojo3/bean3	[MsgId: MMSG-17999]
2022-08-10 23:35:09.408 :   Login completed	[MsgId: MMSG-17999]
2022-08-10 23:35:14.274 :   Logout completed	[MsgId: MMSG-17999]
2022-08-10 23:37:04.907 : - Iteration: 23	[MsgId: MMSG-17999]
2022-08-10 23:37:04.907 :   Account: jojo3/bean3	[MsgId: MMSG-17999]
2022-08-10 23:37:19.239 :   Login completed	[MsgId: MMSG-17999]
2022-08-10 23:37:24.997 :   Logout completed	[MsgId: MMSG-17999]
2022-08-10 23:39:10.916 : - Iteration: 24	[MsgId: MMSG-17999]
2022-08-10 23:39:10.916 :   Account: jojo3/bean3	[MsgId: MMSG-17999]
2022-08-10 23:39:22.084 :   Login completed	[MsgId: MMSG-17999]
2022-08-10 23:39:27.427 :   Logout completed	[MsgId: MMSG-17999]
2022-08-10 23:41:16.920 : - Iteration: 25	[MsgId: MMSG-17999]
2022-08-10 23:41:16.920 :   Account: jojo3/bean3	[MsgId: MMSG-17999]
2022-08-10 23:41:31.603 :   Login completed	[MsgId: MMSG-17999]
2022-08-10 23:41:36.859 :   Logout completed	[MsgId: MMSG-17999]
2022-08-10 23:43:22.931 : - Iteration: 26	[MsgId: MMSG-17999]
2022-08-10 23:43:22.931 :   Account: jojo3/bean3	[MsgId: MMSG-17999]
2022-08-10 23:43:33.601 :   Login completed	[MsgId: MMSG-17999]
2022-08-10 23:43:39.065 :   Logout completed	[MsgId: MMSG-17999]
2022-08-10 23:45:28.941 : - Iteration: 27	[MsgId: MMSG-17999]
2022-08-10 23:45:28.941 :   Account: jojo3/bean3	[MsgId: MMSG-17999]
2022-08-10 23:45:40.161 :   Login completed	[MsgId: MMSG-17999]
2022-08-10 23:45:44.224 :   Logout completed	[MsgId: MMSG-17999]
2022-08-10 23:47:34.945 : - Iteration: 28	[MsgId: MMSG-17999]
2022-08-10 23:47:34.945 :   Account: jojo3/bean3	[MsgId: MMSG-17999]
2022-08-10 23:47:49.257 :   Login completed	[MsgId: MMSG-17999]
2022-08-10 23:47:55.958 :   Logout completed	[MsgId: MMSG-17999]
2022-08-10 23:49:40.945 : - Iteration: 29	[MsgId: MMSG-17999]
2022-08-10 23:49:40.945 :   Account: jojo3/bean3	[MsgId: MMSG-17999]
2022-08-10 23:49:47.077 :   Login completed	[MsgId: MMSG-17999]
2022-08-10 23:49:52.534 :   Logout completed	[MsgId: MMSG-17999]
2022-08-10 23:51:46.957 : - Iteration: 30	[MsgId: MMSG-17999]
2022-08-10 23:51:46.957 :   Account: jojo3/bean3	[MsgId: MMSG-17999]
2022-08-10 23:52:02.359 :   Login completed	[MsgId: MMSG-17999]
2022-08-10 23:52:08.440 :   Logout completed	[MsgId: MMSG-17999]
2022-08-10 23:53:52.961 : - Iteration: 31	[MsgId: MMSG-17999]
2022-08-10 23:53:52.962 :   Account: jojo3/bean3	[MsgId: MMSG-17999]
2022-08-10 23:54:02.278 :   Login completed	[MsgId: MMSG-17999]
2022-08-10 23:54:06.180 :   Logout completed	[MsgId: MMSG-17999]
2022-08-10 23:55:58.963 : - Iteration: 32	[MsgId: MMSG-17999]
2022-08-10 23:55:58.963 :   Account: jojo3/bean3	[MsgId: MMSG-17999]
2022-08-10 23:56:08.650 :   Login completed	[MsgId: MMSG-17999]
2022-08-10 23:56:14.694 :   Logout completed	[MsgId: MMSG-17999]
2022-08-10 23:58:04.966 : - Iteration: 33	[MsgId: MMSG-17999]
2022-08-10 23:58:04.967 :   Account: jojo3/bean3	[MsgId: MMSG-17999]
2022-08-10 23:58:15.075 :   Login completed	[MsgId: MMSG-17999]
2022-08-10 23:58:18.801 :   Logout completed	[MsgId: MMSG-17999]
2022-08-11 00:00:10.977 : - Iteration: 34	[MsgId: MMSG-17999]
2022-08-11 00:00:10.978 :   Account: jojo3/bean3	[MsgId: MMSG-17999]
2022-08-11 00:00:20.331 :   Login completed	[MsgId: MMSG-17999]
2022-08-11 00:00:27.657 :   Logout completed	[MsgId: MMSG-17999]
2022-08-11 00:02:16.978 : - Iteration: 35	[MsgId: MMSG-17999]
2022-08-11 00:02:16.978 :   Account: jojo3/bean3	[MsgId: MMSG-17999]
2022-08-11 00:02:31.315 :   Login completed	[MsgId: MMSG-17999]
2022-08-11 00:02:34.291 :   Logout completed	[MsgId: MMSG-17999]
2022-08-11 00:04:22.979 : - Iteration: 36	[MsgId: MMSG-17999]
2022-08-11 00:04:22.979 :   Account: jojo3/bean3	[MsgId: MMSG-17999]
2022-08-11 00:04:34.251 :   Login completed	[MsgId: MMSG-17999]
2022-08-11 00:04:40.026 :   Logout completed	[MsgId: MMSG-17999]
2022-08-11 00:06:28.992 : - Iteration: 37	[MsgId: MMSG-17999]
2022-08-11 00:06:28.993 :   Account: jojo3/bean3	[MsgId: MMSG-17999]
2022-08-11 00:06:40.559 :   Login completed	[MsgId: MMSG-17999]
2022-08-11 00:06:43.962 :   Logout completed	[MsgId: MMSG-17999]
2022-08-11 00:08:35.001 : - Iteration: 38	[MsgId: MMSG-17999]
2022-08-11 00:08:35.001 :   Account: jojo3/bean3	[MsgId: MMSG-17999]
2022-08-11 00:08:42.608 :   Login completed	[MsgId: MMSG-17999]
2022-08-11 00:08:47.551 :   Logout completed	[MsgId: MMSG-17999]
2022-08-11 00:10:41.004 : - Iteration: 39	[MsgId: MMSG-17999]
2022-08-11 00:10:41.005 :   Account: jojo3/bean3	[MsgId: MMSG-17999]
2022-08-11 00:10:50.241 :   Login completed	[MsgId: MMSG-17999]
2022-08-11 00:10:54.749 :   Logout completed	[MsgId: MMSG-17999]
2022-08-11 00:12:47.011 : - Iteration: 40	[MsgId: MMSG-17999]
2022-08-11 00:12:47.012 :   Account: jojo3/bean3	[MsgId: MMSG-17999]
2022-08-11 00:12:56.857 :   Login completed	[MsgId: MMSG-17999]
2022-08-11 00:13:02.548 :   Logout completed	[MsgId: MMSG-17999]
2022-08-11 00:14:53.025 : - Iteration: 41	[MsgId: MMSG-17999]
2022-08-11 00:14:53.026 :   Account: jojo3/bean3	[MsgId: MMSG-17999]
2022-08-11 00:14:58.713 :   Login completed	[MsgId: MMSG-17999]
2022-08-11 00:15:05.780 :   Logout completed	[MsgId: MMSG-17999]
2022-08-11 00:16:59.032 : - Iteration: 42	[MsgId: MMSG-17999]
2022-08-11 00:16:59.032 :   Account: jojo3/bean3	[MsgId: MMSG-17999]
2022-08-11 00:17:08.712 :   Login completed	[MsgId: MMSG-17999]
2022-08-11 00:17:13.547 :   Logout completed	[MsgId: MMSG-17999]
2022-08-11 00:19:05.041 : - Iteration: 43	[MsgId: MMSG-17999]
2022-08-11 00:19:05.042 :   Account: jojo3/bean3	[MsgId: MMSG-17999]
2022-08-11 00:19:15.978 :   Login completed	[MsgId: MMSG-17999]
2022-08-11 00:19:21.592 :   Logout completed	[MsgId: MMSG-17999]
2022-08-11 00:21:11.043 : - Iteration: 44	[MsgId: MMSG-17999]
2022-08-11 00:21:11.044 :   Account: jojo3/bean3	[MsgId: MMSG-17999]
2022-08-11 00:21:18.585 :   Login completed	[MsgId: MMSG-17999]
2022-08-11 00:21:25.619 :   Logout completed	[MsgId: MMSG-17999]
2022-08-11 00:23:17.051 : - Iteration: 45	[MsgId: MMSG-17999]
2022-08-11 00:23:17.052 :   Account: jojo3/bean3	[MsgId: MMSG-17999]
2022-08-11 00:23:25.963 :   Login completed	[MsgId: MMSG-17999]
2022-08-11 00:23:30.626 :   Logout completed	[MsgId: MMSG-17999]
2022-08-11 00:25:23.061 : - Iteration: 46	[MsgId: MMSG-17999]
2022-08-11 00:25:23.062 :   Account: jojo3/bean3	[MsgId: MMSG-17999]
2022-08-11 00:25:31.222 :   Login completed	[MsgId: MMSG-17999]
2022-08-11 00:25:38.574 :   Logout completed	[MsgId: MMSG-17999]
2022-08-11 00:27:29.065 : - Iteration: 47	[MsgId: MMSG-17999]
2022-08-11 00:27:29.066 :   Account: jojo3/bean3	[MsgId: MMSG-17999]
2022-08-11 00:27:35.635 :   Login completed	[MsgId: MMSG-17999]
2022-08-11 00:27:38.564 :   Logout completed	[MsgId: MMSG-17999]
2022-08-11 00:29:35.071 : - Iteration: 48	[MsgId: MMSG-17999]
2022-08-11 00:29:35.071 :   Account: jojo3/bean3	[MsgId: MMSG-17999]
2022-08-11 00:29:41.053 :   Login completed	[MsgId: MMSG-17999]
2022-08-11 00:29:45.650 :   Logout completed	[MsgId: MMSG-17999]
2022-08-11 00:31:41.077 : - Iteration: 49	[MsgId: MMSG-17999]
2022-08-11 00:31:41.078 :   Account: jojo3/bean3	[MsgId: MMSG-17999]
2022-08-11 00:31:47.785 :   Login completed	[MsgId: MMSG-17999]
2022-08-11 00:31:51.124 :   Logout completed	[MsgId: MMSG-17999]
2022-08-11 00:33:47.078 : - Iteration: 50	[MsgId: MMSG-17999]
2022-08-11 00:33:47.079 :   Account: jojo3/bean3	[MsgId: MMSG-17999]
2022-08-11 00:33:56.894 :   Login completed	[MsgId: MMSG-17999]
2022-08-11 00:34:04.606 :   Logout completed	[MsgId: MMSG-17999]
2022-08-11 00:35:53.089 : - Iteration: 51	[MsgId: MMSG-17999]
2022-08-11 00:35:53.089 :   Account: jojo3/bean3	[MsgId: MMSG-17999]
2022-08-11 00:36:05.406 :   Login completed	[MsgId: MMSG-17999]
2022-08-11 00:36:10.369 :   Logout completed	[MsgId: MMSG-17999]
2022-08-11 00:37:59.099 : - Iteration: 52	[MsgId: MMSG-17999]
2022-08-11 00:37:59.099 :   Account: jojo3/bean3	[MsgId: MMSG-17999]
2022-08-11 00:38:14.011 :   Login completed	[MsgId: MMSG-17999]
2022-08-11 00:38:21.197 :   Logout completed	[MsgId: MMSG-17999]
2022-08-11 00:40:05.113 : - Iteration: 53	[MsgId: MMSG-17999]
2022-08-11 00:40:05.114 :   Account: jojo3/bean3	[MsgId: MMSG-17999]
2022-08-11 00:40:11.404 :   Login completed	[MsgId: MMSG-17999]
2022-08-11 00:40:17.993 :   Logout completed	[MsgId: MMSG-17999]
2022-08-11 00:42:11.114 : - Iteration: 54	[MsgId: MMSG-17999]
2022-08-11 00:42:11.115 :   Account: jojo3/bean3	[MsgId: MMSG-17999]
2022-08-11 00:42:24.505 :   Login completed	[MsgId: MMSG-17999]
2022-08-11 00:42:31.865 :   Logout completed	[MsgId: MMSG-17999]
2022-08-11 00:44:17.115 : - Iteration: 55	[MsgId: MMSG-17999]
2022-08-11 00:44:17.116 :   Account: jojo3/bean3	[MsgId: MMSG-17999]
2022-08-11 00:44:27.627 :   Login completed	[MsgId: MMSG-17999]
2022-08-11 00:44:34.028 :   Logout completed	[MsgId: MMSG-17999]
2022-08-11 00:46:23.118 : - Iteration: 56	[MsgId: MMSG-17999]
2022-08-11 00:46:23.119 :   Account: jojo3/bean3	[MsgId: MMSG-17999]
2022-08-11 00:46:36.891 :   Login completed	[MsgId: MMSG-17999]
2022-08-11 00:46:43.197 :   Logout completed	[MsgId: MMSG-17999]
2022-08-11 00:48:29.130 : - Iteration: 57	[MsgId: MMSG-17999]
2022-08-11 00:48:29.130 :   Account: jojo3/bean3	[MsgId: MMSG-17999]
2022-08-11 00:48:42.349 :   Login completed	[MsgId: MMSG-17999]
2022-08-11 00:48:47.221 :   Logout completed	[MsgId: MMSG-17999]
2022-08-11 00:50:35.130 : - Iteration: 58	[MsgId: MMSG-17999]
2022-08-11 00:50:35.131 :   Account: jojo3/bean3	[MsgId: MMSG-17999]
2022-08-11 00:50:40.859 :   Login completed	[MsgId: MMSG-17999]
2022-08-11 00:50:46.304 :   Logout completed	[MsgId: MMSG-17999]
2022-08-11 00:52:41.144 : - Iteration: 59	[MsgId: MMSG-17999]
2022-08-11 00:52:41.144 :   Account: jojo3/bean3	[MsgId: MMSG-17999]
2022-08-11 00:52:47.488 :   Login completed	[MsgId: MMSG-17999]
2022-08-11 00:52:54.735 :   Logout completed	[MsgId: MMSG-17999]
2022-08-11 00:54:47.145 : - Iteration: 60	[MsgId: MMSG-17999]
2022-08-11 00:54:47.146 :   Account: jojo3/bean3	[MsgId: MMSG-17999]
2022-08-11 00:54:54.383 :   Login completed	[MsgId: MMSG-17999]
2022-08-11 00:54:58.303 :   Logout completed	[MsgId: MMSG-17999]
2022-08-11 00:56:53.152 : - Iteration: 61	[MsgId: MMSG-17999]
2022-08-11 00:56:53.153 :   Account: jojo3/bean3	[MsgId: MMSG-17999]
2022-08-11 00:57:01.158 :   Login completed	[MsgId: MMSG-17999]
2022-08-11 00:57:07.977 :   Logout completed	[MsgId: MMSG-17999]
2022-08-11 00:58:59.163 : - Iteration: 62	[MsgId: MMSG-17999]
2022-08-11 00:58:59.163 :   Account: jojo3/bean3	[MsgId: MMSG-17999]
2022-08-11 00:59:06.272 :   Login completed	[MsgId: MMSG-17999]
2022-08-11 00:59:11.465 :   Logout completed	[MsgId: MMSG-17999]
2022-08-11 01:01:05.172 : - Iteration: 63	[MsgId: MMSG-17999]
2022-08-11 01:01:05.172 :   Account: jojo3/bean3	[MsgId: MMSG-17999]
2022-08-11 01:01:18.089 :   Login completed	[MsgId: MMSG-17999]
2022-08-11 01:01:25.647 :   Logout completed	[MsgId: MMSG-17999]
2022-08-11 01:03:11.181 : - Iteration: 64	[MsgId: MMSG-17999]
2022-08-11 01:03:11.182 :   Account: jojo3/bean3	[MsgId: MMSG-17999]
2022-08-11 01:03:17.521 :   Login completed	[MsgId: MMSG-17999]
2022-08-11 01:03:24.702 :   Logout completed	[MsgId: MMSG-17999]
2022-08-11 01:05:17.184 : - Iteration: 65	[MsgId: MMSG-17999]
2022-08-11 01:05:17.185 :   Account: jojo3/bean3	[MsgId: MMSG-17999]
2022-08-11 01:05:26.328 :   Login completed	[MsgId: MMSG-17999]
2022-08-11 01:05:33.249 :   Logout completed	[MsgId: MMSG-17999]
2022-08-11 01:07:23.187 : - Iteration: 66	[MsgId: MMSG-17999]
2022-08-11 01:07:23.187 :   Account: jojo3/bean3	[MsgId: MMSG-17999]
2022-08-11 01:07:32.676 :   Login completed	[MsgId: MMSG-17999]
2022-08-11 01:07:36.460 :   Logout completed	[MsgId: MMSG-17999]
2022-08-11 01:09:29.191 : - Iteration: 67	[MsgId: MMSG-17999]
2022-08-11 01:09:29.191 :   Account: jojo3/bean3	[MsgId: MMSG-17999]
2022-08-11 01:09:37.800 :   Login completed	[MsgId: MMSG-17999]
2022-08-11 01:09:43.489 :   Logout completed	[MsgId: MMSG-17999]
2022-08-11 01:11:35.201 : - Iteration: 68	[MsgId: MMSG-17999]
2022-08-11 01:11:35.202 :   Account: jojo3/bean3	[MsgId: MMSG-17999]
2022-08-11 01:11:44.676 :   Login completed	[MsgId: MMSG-17999]
2022-08-11 01:11:48.182 :   Logout completed	[MsgId: MMSG-17999]
2022-08-11 01:13:41.215 : - Iteration: 69	[MsgId: MMSG-17999]
2022-08-11 01:13:41.215 :   Account: jojo3/bean3	[MsgId: MMSG-17999]
2022-08-11 01:13:49.482 :   Login completed	[MsgId: MMSG-17999]
2022-08-11 01:13:53.908 :   Logout completed	[MsgId: MMSG-17999]
2022-08-11 01:15:47.219 : - Iteration: 70	[MsgId: MMSG-17999]
2022-08-11 01:15:47.219 :   Account: jojo3/bean3	[MsgId: MMSG-17999]
2022-08-11 01:16:00.731 :   Login completed	[MsgId: MMSG-17999]
2022-08-11 01:16:03.646 :   Logout completed	[MsgId: MMSG-17999]
2022-08-11 01:17:53.229 : - Iteration: 71	[MsgId: MMSG-17999]
2022-08-11 01:17:53.230 :   Account: jojo3/bean3	[MsgId: MMSG-17999]
2022-08-11 01:18:05.447 :   Login completed	[MsgId: MMSG-17999]
2022-08-11 01:18:09.872 :   Logout completed	[MsgId: MMSG-17999]
2022-08-11 01:19:59.230 : - Iteration: 72	[MsgId: MMSG-17999]
2022-08-11 01:19:59.230 :   Account: jojo3/bean3	[MsgId: MMSG-17999]
2022-08-11 01:20:06.864 :   Login completed	[MsgId: MMSG-17999]
2022-08-11 01:20:10.501 :   Logout completed	[MsgId: MMSG-17999]
2022-08-11 01:22:05.233 : - Iteration: 73	[MsgId: MMSG-17999]
2022-08-11 01:22:05.233 :   Account: jojo3/bean3	[MsgId: MMSG-17999]
2022-08-11 01:22:16.013 :   Login completed	[MsgId: MMSG-17999]
2022-08-11 01:22:21.966 :   Logout completed	[MsgId: MMSG-17999]
2022-08-11 01:24:11.248 : - Iteration: 74	[MsgId: MMSG-17999]
2022-08-11 01:24:11.250 :   Account: jojo3/bean3	[MsgId: MMSG-17999]
2022-08-11 01:24:17.133 :   Login completed	[MsgId: MMSG-17999]
2022-08-11 01:24:20.328 :   Logout completed	[MsgId: MMSG-17999]
2022-08-11 01:26:17.258 : - Iteration: 75	[MsgId: MMSG-17999]
2022-08-11 01:26:17.258 :   Account: jojo3/bean3	[MsgId: MMSG-17999]
2022-08-11 01:26:31.838 :   Login completed	[MsgId: MMSG-17999]
2022-08-11 01:26:38.891 :   Logout completed	[MsgId: MMSG-17999]
2022-08-11 01:28:23.267 : - Iteration: 76	[MsgId: MMSG-17999]
2022-08-11 01:28:23.268 :   Account: jojo3/bean3	[MsgId: MMSG-17999]
2022-08-11 01:28:29.151 :   Login completed	[MsgId: MMSG-17999]
2022-08-11 01:28:32.201 :   Logout completed	[MsgId: MMSG-17999]
2022-08-11 01:30:29.267 : - Iteration: 77	[MsgId: MMSG-17999]
2022-08-11 01:30:29.268 :   Account: jojo3/bean3	[MsgId: MMSG-17999]
2022-08-11 01:30:38.395 :   Login completed	[MsgId: MMSG-17999]
2022-08-11 01:30:41.647 :   Logout completed	[MsgId: MMSG-17999]
2022-08-11 01:32:35.272 : - Iteration: 78	[MsgId: MMSG-17999]
2022-08-11 01:32:35.273 :   Account: jojo3/bean3	[MsgId: MMSG-17999]
2022-08-11 01:32:42.317 :   Login completed	[MsgId: MMSG-17999]
2022-08-11 01:32:46.171 :   Logout completed	[MsgId: MMSG-17999]
2022-08-11 01:34:41.286 : - Iteration: 79	[MsgId: MMSG-17999]
2022-08-11 01:34:41.286 :   Account: jojo3/bean3	[MsgId: MMSG-17999]
2022-08-11 01:34:49.911 :   Login completed	[MsgId: MMSG-17999]
2022-08-11 01:34:57.515 :   Logout completed	[MsgId: MMSG-17999]
2022-08-11 01:36:47.291 : - Iteration: 80	[MsgId: MMSG-17999]
2022-08-11 01:36:47.291 :   Account: jojo3/bean3	[MsgId: MMSG-17999]
2022-08-11 01:37:01.714 :   Login completed	[MsgId: MMSG-17999]
2022-08-11 01:37:05.945 :   Logout completed	[MsgId: MMSG-17999]
2022-08-11 01:38:53.302 : - Iteration: 81	[MsgId: MMSG-17999]
2022-08-11 01:38:53.303 :   Account: jojo3/bean3	[MsgId: MMSG-17999]
2022-08-11 01:39:02.651 :   Login completed	[MsgId: MMSG-17999]
2022-08-11 01:39:07.383 :   Logout completed	[MsgId: MMSG-17999]
2022-08-11 01:40:59.312 : - Iteration: 82	[MsgId: MMSG-17999]
2022-08-11 01:40:59.312 :   Account: jojo3/bean3	[MsgId: MMSG-17999]
2022-08-11 01:41:14.303 :   Login completed	[MsgId: MMSG-17999]
2022-08-11 01:41:17.556 :   Logout completed	[MsgId: MMSG-17999]
2022-08-11 01:43:05.314 : - Iteration: 83	[MsgId: MMSG-17999]
2022-08-11 01:43:05.314 :   Account: jojo3/bean3	[MsgId: MMSG-17999]
2022-08-11 01:43:13.448 :   Login completed	[MsgId: MMSG-17999]
2022-08-11 01:43:19.208 :   Logout completed	[MsgId: MMSG-17999]
2022-08-11 01:45:11.321 : - Iteration: 84	[MsgId: MMSG-17999]
2022-08-11 01:45:11.322 :   Account: jojo3/bean3	[MsgId: MMSG-17999]
2022-08-11 01:45:25.360 :   Login completed	[MsgId: MMSG-17999]
2022-08-11 01:45:28.905 :   Logout completed	[MsgId: MMSG-17999]
2022-08-11 01:47:17.331 : - Iteration: 85	[MsgId: MMSG-17999]
2022-08-11 01:47:17.331 :   Account: jojo3/bean3	[MsgId: MMSG-17999]
2022-08-11 01:47:24.984 :   Login completed	[MsgId: MMSG-17999]
2022-08-11 01:47:29.053 :   Logout completed	[MsgId: MMSG-17999]
2022-08-11 01:49:23.332 : - Iteration: 86	[MsgId: MMSG-17999]
2022-08-11 01:49:23.332 :   Account: jojo3/bean3	[MsgId: MMSG-17999]
2022-08-11 01:49:32.257 :   Login completed	[MsgId: MMSG-17999]
2022-08-11 01:49:39.455 :   Logout completed	[MsgId: MMSG-17999]
2022-08-11 01:51:29.335 : - Iteration: 87	[MsgId: MMSG-17999]
2022-08-11 01:51:29.335 :   Account: jojo3/bean3	[MsgId: MMSG-17999]
2022-08-11 01:51:39.915 :   Login completed	[MsgId: MMSG-17999]
2022-08-11 01:51:44.053 :   Logout completed	[MsgId: MMSG-17999]
2022-08-11 01:53:35.334 : - Iteration: 88	[MsgId: MMSG-17999]
2022-08-11 01:53:35.335 :   Account: jojo3/bean3	[MsgId: MMSG-17999]
2022-08-11 01:53:48.775 :   Login completed	[MsgId: MMSG-17999]
2022-08-11 01:53:53.766 :   Logout completed	[MsgId: MMSG-17999]
2022-08-11 01:55:41.343 : - Iteration: 89	[MsgId: MMSG-17999]
2022-08-11 01:55:41.344 :   Account: jojo3/bean3	[MsgId: MMSG-17999]
2022-08-11 01:55:50.932 :   Login completed	[MsgId: MMSG-17999]
2022-08-11 01:55:54.339 :   Logout completed	[MsgId: MMSG-17999]
2022-08-11 01:57:47.359 : - Iteration: 90	[MsgId: MMSG-17999]
2022-08-11 01:57:47.359 :   Account: jojo3/bean3	[MsgId: MMSG-17999]
2022-08-11 01:57:54.463 :   Login completed	[MsgId: MMSG-17999]
2022-08-11 01:58:01.322 :   Logout completed	[MsgId: MMSG-17999]
2022-08-11 01:59:53.363 : - Iteration: 91	[MsgId: MMSG-17999]
2022-08-11 01:59:53.363 :   Account: jojo3/bean3	[MsgId: MMSG-17999]
2022-08-11 02:00:08.144 :   Login completed	[MsgId: MMSG-17999]
2022-08-11 02:00:14.529 :   Logout completed	[MsgId: MMSG-17999]
2022-08-11 02:01:59.373 : - Iteration: 92	[MsgId: MMSG-17999]
2022-08-11 02:01:59.373 :   Account: jojo3/bean3	[MsgId: MMSG-17999]
2022-08-11 02:02:09.027 :   Login completed	[MsgId: MMSG-17999]
2022-08-11 02:02:15.411 :   Logout completed	[MsgId: MMSG-17999]
2022-08-11 02:04:05.386 : - Iteration: 93	[MsgId: MMSG-17999]
2022-08-11 02:04:05.386 :   Account: jojo3/bean3	[MsgId: MMSG-17999]
2022-08-11 02:04:14.830 :   Login completed	[MsgId: MMSG-17999]
2022-08-11 02:04:20.567 :   Logout completed	[MsgId: MMSG-17999]
2022-08-11 02:06:11.399 : - Iteration: 94	[MsgId: MMSG-17999]
2022-08-11 02:06:11.399 :   Account: jojo3/bean3	[MsgId: MMSG-17999]
2022-08-11 02:06:23.153 :   Login completed	[MsgId: MMSG-17999]
2022-08-11 02:06:27.134 :   Logout completed	[MsgId: MMSG-17999]
2022-08-11 02:08:17.413 : - Iteration: 95	[MsgId: MMSG-17999]
2022-08-11 02:08:17.413 :   Account: jojo3/bean3	[MsgId: MMSG-17999]
2022-08-11 02:08:32.469 :   Login completed	[MsgId: MMSG-17999]
2022-08-11 02:08:38.152 :   Logout completed	[MsgId: MMSG-17999]
2022-08-11 02:10:23.426 : - Iteration: 96	[MsgId: MMSG-17999]
2022-08-11 02:10:23.427 :   Account: jojo3/bean3	[MsgId: MMSG-17999]
2022-08-11 02:10:37.537 :   Login completed	[MsgId: MMSG-17999]
2022-08-11 02:10:40.863 :   Logout completed	[MsgId: MMSG-17999]
2022-08-11 02:12:29.440 : - Iteration: 97	[MsgId: MMSG-17999]
2022-08-11 02:12:29.441 :   Account: jojo3/bean3	[MsgId: MMSG-17999]
2022-08-11 02:12:41.289 :   Login completed	[MsgId: MMSG-17999]
2022-08-11 02:12:44.389 :   Logout completed	[MsgId: MMSG-17999]
2022-08-11 02:14:35.439 : - Iteration: 98	[MsgId: MMSG-17999]
2022-08-11 02:14:35.440 :   Account: jojo3/bean3	[MsgId: MMSG-17999]
2022-08-11 02:14:47.314 :   Login completed	[MsgId: MMSG-17999]
2022-08-11 02:14:52.943 :   Logout completed	[MsgId: MMSG-17999]
2022-08-11 02:16:41.454 : - Iteration: 99	[MsgId: MMSG-17999]
2022-08-11 02:16:41.454 :   Account: jojo3/bean3	[MsgId: MMSG-17999]
2022-08-11 02:16:54.675 :   Login completed	[MsgId: MMSG-17999]
2022-08-11 02:16:59.842 :   Logout completed	[MsgId: MMSG-17999]
2022-08-11 02:18:47.457 : - Iteration: 100	[MsgId: MMSG-17999]
2022-08-11 02:18:47.457 :   Account: jojo3/bean3	[MsgId: MMSG-17999]
2022-08-11 02:18:55.576 :   Login completed	[MsgId: MMSG-17999]
2022-08-11 02:19:03.141 :   Logout completed	[MsgId: MMSG-17999]
2022-08-11 02:20:53.462 : - Iteration: 101	[MsgId: MMSG-17999]
2022-08-11 02:20:53.462 :   Account: jojo3/bean3	[MsgId: MMSG-17999]
2022-08-11 02:21:07.565 :   Login completed	[MsgId: MMSG-17999]
2022-08-11 02:21:12.206 :   Logout completed	[MsgId: MMSG-17999]
2022-08-11 02:22:59.477 : - Iteration: 102	[MsgId: MMSG-17999]
2022-08-11 02:22:59.477 :   Account: jojo3/bean3	[MsgId: MMSG-17999]
2022-08-11 02:23:08.418 :   Login completed	[MsgId: MMSG-17999]
2022-08-11 02:23:15.529 :   Logout completed	[MsgId: MMSG-17999]
2022-08-11 02:25:05.479 : - Iteration: 103	[MsgId: MMSG-17999]
2022-08-11 02:25:05.479 :   Account: jojo3/bean3	[MsgId: MMSG-17999]
2022-08-11 02:25:15.793 :   Login completed	[MsgId: MMSG-17999]
2022-08-11 02:25:20.170 :   Logout completed	[MsgId: MMSG-17999]
2022-08-11 02:27:11.484 : - Iteration: 104	[MsgId: MMSG-17999]
2022-08-11 02:27:11.484 :   Account: jojo3/bean3	[MsgId: MMSG-17999]
2022-08-11 02:27:19.285 :   Login completed	[MsgId: MMSG-17999]
2022-08-11 02:27:22.815 :   Logout completed	[MsgId: MMSG-17999]
2022-08-11 02:29:17.496 : - Iteration: 105	[MsgId: MMSG-17999]
2022-08-11 02:29:17.496 :   Account: jojo3/bean3	[MsgId: MMSG-17999]
2022-08-11 02:29:33.067 :   Login completed	[MsgId: MMSG-17999]
2022-08-11 02:29:39.941 :   Logout completed	[MsgId: MMSG-17999]
2022-08-11 02:31:23.505 : - Iteration: 106	[MsgId: MMSG-17999]
2022-08-11 02:31:23.505 :   Account: jojo3/bean3	[MsgId: MMSG-17999]
2022-08-11 02:31:36.052 :   Login completed	[MsgId: MMSG-17999]
2022-08-11 02:31:42.927 :   Logout completed	[MsgId: MMSG-17999]
2022-08-11 02:33:29.514 : - Iteration: 107	[MsgId: MMSG-17999]
2022-08-11 02:33:29.515 :   Account: jojo3/bean3	[MsgId: MMSG-17999]
2022-08-11 02:33:39.486 :   Login completed	[MsgId: MMSG-17999]
2022-08-11 02:33:45.351 :   Logout completed	[MsgId: MMSG-17999]
2022-08-11 02:35:35.514 : - Iteration: 108	[MsgId: MMSG-17999]
2022-08-11 02:35:35.514 :   Account: jojo3/bean3	[MsgId: MMSG-17999]
2022-08-11 02:35:50.126 :   Login completed	[MsgId: MMSG-17999]
2022-08-11 02:35:57.340 :   Logout completed	[MsgId: MMSG-17999]
2022-08-11 02:37:41.519 : - Iteration: 109	[MsgId: MMSG-17999]
2022-08-11 02:37:41.519 :   Account: jojo3/bean3	[MsgId: MMSG-17999]
2022-08-11 02:37:53.399 :   Login completed	[MsgId: MMSG-17999]
2022-08-11 02:37:56.358 :   Logout completed	[MsgId: MMSG-17999]
2022-08-11 02:39:47.533 : - Iteration: 110	[MsgId: MMSG-17999]
2022-08-11 02:39:47.533 :   Account: jojo3/bean3	[MsgId: MMSG-17999]
2022-08-11 02:39:53.448 :   Login completed	[MsgId: MMSG-17999]
2022-08-11 02:39:56.491 :   Logout completed	[MsgId: MMSG-17999]
2022-08-11 02:41:53.539 : - Iteration: 111	[MsgId: MMSG-17999]
2022-08-11 02:41:53.540 :   Account: jojo3/bean3	[MsgId: MMSG-17999]
2022-08-11 02:42:00.230 :   Login completed	[MsgId: MMSG-17999]
2022-08-11 02:42:06.932 :   Logout completed	[MsgId: MMSG-17999]
2022-08-11 02:43:59.545 : - Iteration: 112	[MsgId: MMSG-17999]
2022-08-11 02:43:59.545 :   Account: jojo3/bean3	[MsgId: MMSG-17999]
2022-08-11 02:44:11.925 :   Login completed	[MsgId: MMSG-17999]
2022-08-11 02:44:18.142 :   Logout completed	[MsgId: MMSG-17999]
2022-08-11 02:46:05.551 : - Iteration: 113	[MsgId: MMSG-17999]
2022-08-11 02:46:05.552 :   Account: jojo3/bean3	[MsgId: MMSG-17999]
2022-08-11 02:46:14.003 :   Login completed	[MsgId: MMSG-17999]
2022-08-11 02:46:20.863 :   Logout completed	[MsgId: MMSG-17999]
2022-08-11 02:48:11.567 : - Iteration: 114	[MsgId: MMSG-17999]
2022-08-11 02:48:11.567 :   Account: jojo3/bean3	[MsgId: MMSG-17999]
2022-08-11 02:48:18.835 :   Login completed	[MsgId: MMSG-17999]
2022-08-11 02:48:24.004 :   Logout completed	[MsgId: MMSG-17999]
2022-08-11 02:50:17.568 : - Iteration: 115	[MsgId: MMSG-17999]
2022-08-11 02:50:17.569 :   Account: jojo3/bean3	[MsgId: MMSG-17999]
2022-08-11 02:50:27.761 :   Login completed	[MsgId: MMSG-17999]
2022-08-11 02:50:33.593 :   Logout completed	[MsgId: MMSG-17999]
2022-08-11 02:52:23.578 : - Iteration: 116	[MsgId: MMSG-17999]
2022-08-11 02:52:23.578 :   Account: jojo3/bean3	[MsgId: MMSG-17999]
2022-08-11 02:52:38.557 :   Login completed	[MsgId: MMSG-17999]
2022-08-11 02:52:42.010 :   Logout completed	[MsgId: MMSG-17999]
2022-08-11 02:54:29.591 : - Iteration: 117	[MsgId: MMSG-17999]
2022-08-11 02:54:29.591 :   Account: jojo3/bean3	[MsgId: MMSG-17999]
2022-08-11 02:54:42.698 :   Login completed	[MsgId: MMSG-17999]
2022-08-11 02:54:48.015 :   Logout completed	[MsgId: MMSG-17999]
2022-08-11 02:56:35.606 : - Iteration: 118	[MsgId: MMSG-17999]
2022-08-11 02:56:35.607 :   Account: jojo3/bean3	[MsgId: MMSG-17999]
2022-08-11 02:56:50.370 :   Login completed	[MsgId: MMSG-17999]
2022-08-11 02:56:56.534 :   Logout completed	[MsgId: MMSG-17999]
2022-08-11 02:58:41.611 : - Iteration: 119	[MsgId: MMSG-17999]
2022-08-11 02:58:41.612 :   Account: jojo3/bean3	[MsgId: MMSG-17999]
2022-08-11 02:58:48.554 :   Login completed	[MsgId: MMSG-17999]
2022-08-11 02:58:52.153 :   Logout completed	[MsgId: MMSG-17999]
2022-08-11 03:00:47.612 : - Iteration: 120	[MsgId: MMSG-17999]
2022-08-11 03:00:47.613 :   Account: jojo3/bean3	[MsgId: MMSG-17999]
2022-08-11 03:00:57.579 :   Login completed	[MsgId: MMSG-17999]
2022-08-11 03:01:01.726 :   Logout completed	[MsgId: MMSG-17999]
2022-08-11 03:02:53.619 : - Iteration: 121	[MsgId: MMSG-17999]
2022-08-11 03:02:53.619 :   Account: jojo3/bean3	[MsgId: MMSG-17999]
2022-08-11 03:03:03.990 :   Login completed	[MsgId: MMSG-17999]
2022-08-11 03:03:11.165 :   Logout completed	[MsgId: MMSG-17999]
2022-08-11 03:04:59.629 : - Iteration: 122	[MsgId: MMSG-17999]
2022-08-11 03:04:59.629 :   Account: jojo3/bean3	[MsgId: MMSG-17999]
2022-08-11 03:05:09.339 :   Login completed	[MsgId: MMSG-17999]
2022-08-11 03:05:15.036 :   Logout completed	[MsgId: MMSG-17999]
2022-08-11 03:07:05.636 : - Iteration: 123	[MsgId: MMSG-17999]
2022-08-11 03:07:05.636 :   Account: jojo3/bean3	[MsgId: MMSG-17999]
2022-08-11 03:07:16.666 :   Login completed	[MsgId: MMSG-17999]
2022-08-11 03:07:23.003 :   Logout completed	[MsgId: MMSG-17999]
2022-08-11 03:09:11.643 : - Iteration: 124	[MsgId: MMSG-17999]
2022-08-11 03:09:11.643 :   Account: jojo3/bean3	[MsgId: MMSG-17999]
2022-08-11 03:09:18.660 :   Login completed	[MsgId: MMSG-17999]
2022-08-11 03:09:22.155 :   Logout completed	[MsgId: MMSG-17999]
2022-08-11 03:11:17.645 : - Iteration: 125	[MsgId: MMSG-17999]
2022-08-11 03:11:17.645 :   Account: jojo3/bean3	[MsgId: MMSG-17999]
2022-08-11 03:11:23.480 :   Login completed	[MsgId: MMSG-17999]
2022-08-11 03:11:28.192 :   Logout completed	[MsgId: MMSG-17999]
2022-08-11 03:13:23.654 : - Iteration: 126	[MsgId: MMSG-17999]
2022-08-11 03:13:23.655 :   Account: jojo3/bean3	[MsgId: MMSG-17999]
2022-08-11 03:13:35.332 :   Login completed	[MsgId: MMSG-17999]
2022-08-11 03:13:41.045 :   Logout completed	[MsgId: MMSG-17999]
2022-08-11 03:15:29.658 : - Iteration: 127	[MsgId: MMSG-17999]
2022-08-11 03:15:29.659 :   Account: jojo3/bean3	[MsgId: MMSG-17999]
2022-08-11 03:15:45.197 :   Login completed	[MsgId: MMSG-17999]
2022-08-11 03:15:51.363 :   Logout completed	[MsgId: MMSG-17999]
2022-08-11 03:17:35.671 : - Iteration: 128	[MsgId: MMSG-17999]
2022-08-11 03:17:35.671 :   Account: jojo3/bean3	[MsgId: MMSG-17999]
2022-08-11 03:17:45.000 :   Login completed	[MsgId: MMSG-17999]
2022-08-11 03:17:51.976 :   Logout completed	[MsgId: MMSG-17999]
2022-08-11 03:19:41.673 : - Iteration: 129	[MsgId: MMSG-17999]
2022-08-11 03:19:41.674 :   Account: jojo3/bean3	[MsgId: MMSG-17999]
2022-08-11 03:19:48.182 :   Login completed	[MsgId: MMSG-17999]
2022-08-11 03:19:51.082 :   Logout completed	[MsgId: MMSG-17999]
2022-08-11 03:21:47.683 : - Iteration: 130	[MsgId: MMSG-17999]
2022-08-11 03:21:47.683 :   Account: jojo3/bean3	[MsgId: MMSG-17999]
2022-08-11 03:22:01.138 :   Login completed	[MsgId: MMSG-17999]
2022-08-11 03:22:07.664 :   Logout completed	[MsgId: MMSG-17999]
2022-08-11 03:23:53.686 : - Iteration: 131	[MsgId: MMSG-17999]
2022-08-11 03:23:53.686 :   Account: jojo3/bean3	[MsgId: MMSG-17999]
2022-08-11 03:23:59.340 :   Login completed	[MsgId: MMSG-17999]
2022-08-11 03:24:04.871 :   Logout completed	[MsgId: MMSG-17999]
2022-08-11 03:25:59.697 : - Iteration: 132	[MsgId: MMSG-17999]
2022-08-11 03:25:59.698 :   Account: jojo3/bean3	[MsgId: MMSG-17999]
2022-08-11 03:26:07.646 :   Login completed	[MsgId: MMSG-17999]
2022-08-11 03:26:13.109 :   Logout completed	[MsgId: MMSG-17999]
2022-08-11 03:28:05.710 : - Iteration: 133	[MsgId: MMSG-17999]
2022-08-11 03:28:05.711 :   Account: jojo3/bean3	[MsgId: MMSG-17999]
2022-08-11 03:28:13.112 :   Login completed	[MsgId: MMSG-17999]
2022-08-11 03:28:17.247 :   Logout completed	[MsgId: MMSG-17999]
2022-08-11 03:30:11.724 : - Iteration: 134	[MsgId: MMSG-17999]
2022-08-11 03:30:11.725 :   Account: jojo3/bean3	[MsgId: MMSG-17999]
2022-08-11 03:30:26.397 :   Login completed	[MsgId: MMSG-17999]
2022-08-11 03:30:32.353 :   Logout completed	[MsgId: MMSG-17999]
2022-08-11 03:32:17.738 : - Iteration: 135	[MsgId: MMSG-17999]
2022-08-11 03:32:17.738 :   Account: jojo3/bean3	[MsgId: MMSG-17999]
2022-08-11 03:32:27.937 :   Login completed	[MsgId: MMSG-17999]
2022-08-11 03:32:32.240 :   Logout completed	[MsgId: MMSG-17999]
2022-08-11 03:34:23.745 : - Iteration: 136	[MsgId: MMSG-17999]
2022-08-11 03:34:23.745 :   Account: jojo3/bean3	[MsgId: MMSG-17999]
2022-08-11 03:34:36.811 :   Login completed	[MsgId: MMSG-17999]
2022-08-11 03:34:42.835 :   Logout completed	[MsgId: MMSG-17999]
2022-08-11 03:36:29.759 : - Iteration: 137	[MsgId: MMSG-17999]
2022-08-11 03:36:29.760 :   Account: jojo3/bean3	[MsgId: MMSG-17999]
2022-08-11 03:36:38.972 :   Login completed	[MsgId: MMSG-17999]
2022-08-11 03:36:46.681 :   Logout completed	[MsgId: MMSG-17999]
2022-08-11 03:38:35.769 : - Iteration: 138	[MsgId: MMSG-17999]
2022-08-11 03:38:35.769 :   Account: jojo3/bean3	[MsgId: MMSG-17999]
2022-08-11 03:38:43.321 :   Login completed	[MsgId: MMSG-17999]
2022-08-11 03:38:49.369 :   Logout completed	[MsgId: MMSG-17999]
2022-08-11 03:40:41.770 : - Iteration: 139	[MsgId: MMSG-17999]
2022-08-11 03:40:41.771 :   Account: jojo3/bean3	[MsgId: MMSG-17999]
2022-08-11 03:40:50.001 :   Login completed	[MsgId: MMSG-17999]
2022-08-11 03:40:57.204 :   Logout completed	[MsgId: MMSG-17999]
2022-08-11 03:42:47.774 : - Iteration: 140	[MsgId: MMSG-17999]
2022-08-11 03:42:47.774 :   Account: jojo3/bean3	[MsgId: MMSG-17999]
2022-08-11 03:42:57.288 :   Login completed	[MsgId: MMSG-17999]
2022-08-11 03:43:00.432 :   Logout completed	[MsgId: MMSG-17999]
2022-08-11 03:44:53.776 : - Iteration: 141	[MsgId: MMSG-17999]
2022-08-11 03:44:53.777 :   Account: jojo3/bean3	[MsgId: MMSG-17999]
2022-08-11 03:44:59.877 :   Login completed	[MsgId: MMSG-17999]
2022-08-11 03:45:03.988 :   Logout completed	[MsgId: MMSG-17999]
2022-08-11 03:46:59.787 : - Iteration: 142	[MsgId: MMSG-17999]
2022-08-11 03:46:59.787 :   Account: jojo3/bean3	[MsgId: MMSG-17999]
2022-08-11 03:47:08.267 :   Login completed	[MsgId: MMSG-17999]
2022-08-11 03:47:15.900 :   Logout completed	[MsgId: MMSG-17999]
2022-08-11 03:49:05.788 : - Iteration: 143	[MsgId: MMSG-17999]
2022-08-11 03:49:05.788 :   Account: jojo3/bean3	[MsgId: MMSG-17999]
2022-08-11 03:49:19.545 :   Login completed	[MsgId: MMSG-17999]
2022-08-11 03:49:24.534 :   Logout completed	[MsgId: MMSG-17999]
2022-08-11 03:51:11.792 : - Iteration: 144	[MsgId: MMSG-17999]
2022-08-11 03:51:11.792 :   Account: jojo3/bean3	[MsgId: MMSG-17999]
2022-08-11 03:51:23.285 :   Login completed	[MsgId: MMSG-17999]
2022-08-11 03:51:27.131 :   Logout completed	[MsgId: MMSG-17999]
2022-08-11 03:53:17.796 : - Iteration: 145	[MsgId: MMSG-17999]
2022-08-11 03:53:17.796 :   Account: jojo3/bean3	[MsgId: MMSG-17999]
2022-08-11 03:53:31.871 :   Login completed	[MsgId: MMSG-17999]
2022-08-11 03:53:39.215 :   Logout completed	[MsgId: MMSG-17999]
2022-08-11 03:55:23.797 : - Iteration: 146	[MsgId: MMSG-17999]
2022-08-11 03:55:23.798 :   Account: jojo3/bean3	[MsgId: MMSG-17999]
2022-08-11 03:55:31.808 :   Login completed	[MsgId: MMSG-17999]
2022-08-11 03:55:36.169 :   Logout completed	[MsgId: MMSG-17999]
2022-08-11 03:57:29.808 : - Iteration: 147	[MsgId: MMSG-17999]
2022-08-11 03:57:29.808 :   Account: jojo3/bean3	[MsgId: MMSG-17999]
2022-08-11 03:57:40.342 :   Login completed	[MsgId: MMSG-17999]
2022-08-11 03:57:47.310 :   Logout completed	[MsgId: MMSG-17999]
2022-08-11 03:59:35.810 : - Iteration: 148	[MsgId: MMSG-17999]
2022-08-11 03:59:35.810 :   Account: jojo3/bean3	[MsgId: MMSG-17999]
2022-08-11 03:59:50.889 :   Login completed	[MsgId: MMSG-17999]
2022-08-11 03:59:54.904 :   Logout completed	[MsgId: MMSG-17999]
2022-08-11 04:01:41.820 : - Iteration: 149	[MsgId: MMSG-17999]
2022-08-11 04:01:41.821 :   Account: jojo3/bean3	[MsgId: MMSG-17999]
2022-08-11 04:01:50.158 :   Login completed	[MsgId: MMSG-17999]
2022-08-11 04:01:56.165 :   Logout completed	[MsgId: MMSG-17999]
2022-08-11 04:03:47.836 : - Iteration: 150	[MsgId: MMSG-17999]
2022-08-11 04:03:47.837 :   Account: jojo3/bean3	[MsgId: MMSG-17999]
2022-08-11 04:04:02.486 :   Login completed	[MsgId: MMSG-17999]
2022-08-11 04:04:07.308 :   Logout completed	[MsgId: MMSG-17999]
2022-08-11 04:05:53.844 : - Iteration: 151	[MsgId: MMSG-17999]
2022-08-11 04:05:53.845 :   Account: jojo3/bean3	[MsgId: MMSG-17999]
2022-08-11 04:06:04.664 :   Login completed	[MsgId: MMSG-17999]
2022-08-11 04:06:11.116 :   Logout completed	[MsgId: MMSG-17999]
2022-08-11 04:07:59.846 : - Iteration: 152	[MsgId: MMSG-17999]
2022-08-11 04:07:59.846 :   Account: jojo3/bean3	[MsgId: MMSG-17999]
2022-08-11 04:08:10.393 :   Login completed	[MsgId: MMSG-17999]
2022-08-11 04:08:14.791 :   Logout completed	[MsgId: MMSG-17999]
2022-08-11 04:10:05.849 : - Iteration: 153	[MsgId: MMSG-17999]
2022-08-11 04:10:05.850 :   Account: jojo3/bean3	[MsgId: MMSG-17999]
2022-08-11 04:10:13.155 :   Login completed	[MsgId: MMSG-17999]
2022-08-11 04:10:19.156 :   Logout completed	[MsgId: MMSG-17999]
2022-08-11 04:12:11.860 : - Iteration: 154	[MsgId: MMSG-17999]
2022-08-11 04:12:11.861 :   Account: jojo3/bean3	[MsgId: MMSG-17999]
2022-08-11 04:12:23.213 :   Login completed	[MsgId: MMSG-17999]
2022-08-11 04:12:27.082 :   Logout completed	[MsgId: MMSG-17999]
2022-08-11 04:14:17.872 : - Iteration: 155	[MsgId: MMSG-17999]
2022-08-11 04:14:17.873 :   Account: jojo3/bean3	[MsgId: MMSG-17999]
2022-08-11 04:14:29.339 :   Login completed	[MsgId: MMSG-17999]
2022-08-11 04:14:36.079 :   Logout completed	[MsgId: MMSG-17999]
2022-08-11 04:16:23.884 : - Iteration: 156	[MsgId: MMSG-17999]
2022-08-11 04:16:23.886 :   Account: jojo3/bean3	[MsgId: MMSG-17999]
2022-08-11 04:16:37.906 :   Login completed	[MsgId: MMSG-17999]
2022-08-11 04:16:45.122 :   Logout completed	[MsgId: MMSG-17999]
2022-08-11 04:18:29.888 : - Iteration: 157	[MsgId: MMSG-17999]
2022-08-11 04:18:29.888 :   Account: jojo3/bean3	[MsgId: MMSG-17999]
2022-08-11 04:18:44.788 :   Login completed	[MsgId: MMSG-17999]
2022-08-11 04:18:51.308 :   Logout completed	[MsgId: MMSG-17999]
2022-08-11 04:20:35.888 : - Iteration: 158	[MsgId: MMSG-17999]
2022-08-11 04:20:35.889 :   Account: jojo3/bean3	[MsgId: MMSG-17999]
2022-08-11 04:20:41.861 :   Login completed	[MsgId: MMSG-17999]
2022-08-11 04:20:45.634 :   Logout completed	[MsgId: MMSG-17999]
2022-08-11 04:22:41.903 : - Iteration: 159	[MsgId: MMSG-17999]
2022-08-11 04:22:41.904 :   Account: jojo3/bean3	[MsgId: MMSG-17999]
2022-08-11 04:22:51.100 :   Login completed	[MsgId: MMSG-17999]
2022-08-11 04:22:54.560 :   Logout completed	[MsgId: MMSG-17999]
2022-08-11 04:24:47.916 : - Iteration: 160	[MsgId: MMSG-17999]
2022-08-11 04:24:47.917 :   Account: jojo3/bean3	[MsgId: MMSG-17999]
2022-08-11 04:24:56.104 :   Login completed	[MsgId: MMSG-17999]
2022-08-11 04:25:01.160 :   Logout completed	[MsgId: MMSG-17999]
2022-08-11 04:26:53.922 : - Iteration: 161	[MsgId: MMSG-17999]
2022-08-11 04:26:53.922 :   Account: jojo3/bean3	[MsgId: MMSG-17999]
2022-08-11 04:27:04.125 :   Login completed	[MsgId: MMSG-17999]
2022-08-11 04:27:09.392 :   Logout completed	[MsgId: MMSG-17999]
2022-08-11 04:28:59.922 : - Iteration: 162	[MsgId: MMSG-17999]
2022-08-11 04:28:59.922 :   Account: jojo3/bean3	[MsgId: MMSG-17999]
2022-08-11 04:29:15.333 :   Login completed	[MsgId: MMSG-17999]
2022-08-11 04:29:19.034 :   Logout completed	[MsgId: MMSG-17999]
2022-08-11 04:31:05.931 : - Iteration: 163	[MsgId: MMSG-17999]
2022-08-11 04:31:05.932 :   Account: jojo3/bean3	[MsgId: MMSG-17999]
2022-08-11 04:31:18.995 :   Login completed	[MsgId: MMSG-17999]
2022-08-11 04:31:24.870 :   Logout completed	[MsgId: MMSG-17999]
2022-08-11 04:33:11.945 : - Iteration: 164	[MsgId: MMSG-17999]
2022-08-11 04:33:11.945 :   Account: jojo3/bean3	[MsgId: MMSG-17999]
2022-08-11 04:33:22.164 :   Login completed	[MsgId: MMSG-17999]
2022-08-11 04:33:24.975 :   Logout completed	[MsgId: MMSG-17999]
2022-08-11 04:35:17.952 : - Iteration: 165	[MsgId: MMSG-17999]
2022-08-11 04:35:17.952 :   Account: jojo3/bean3	[MsgId: MMSG-17999]
2022-08-11 04:35:29.039 :   Login completed	[MsgId: MMSG-17999]
2022-08-11 04:35:35.446 :   Logout completed	[MsgId: MMSG-17999]
2022-08-11 04:37:23.963 : - Iteration: 166	[MsgId: MMSG-17999]
2022-08-11 04:37:23.963 :   Account: jojo3/bean3	[MsgId: MMSG-17999]
2022-08-11 04:37:37.415 :   Login completed	[MsgId: MMSG-17999]
2022-08-11 04:37:40.242 :   Logout completed	[MsgId: MMSG-17999]
2022-08-11 04:39:29.979 : - Iteration: 167	[MsgId: MMSG-17999]
2022-08-11 04:39:29.979 :   Account: jojo3/bean3	[MsgId: MMSG-17999]
2022-08-11 04:39:44.276 :   Login completed	[MsgId: MMSG-17999]
2022-08-11 04:39:49.490 :   Logout completed	[MsgId: MMSG-17999]
2022-08-11 04:41:35.987 : - Iteration: 168	[MsgId: MMSG-17999]
2022-08-11 04:41:35.988 :   Account: jojo3/bean3	[MsgId: MMSG-17999]
2022-08-11 04:41:44.229 :   Login completed	[MsgId: MMSG-17999]
2022-08-11 04:41:49.513 :   Logout completed	[MsgId: MMSG-17999]
2022-08-11 04:43:41.996 : - Iteration: 169	[MsgId: MMSG-17999]
2022-08-11 04:43:41.996 :   Account: jojo3/bean3	[MsgId: MMSG-17999]
2022-08-11 04:43:55.244 :   Login completed	[MsgId: MMSG-17999]
2022-08-11 04:43:59.191 :   Logout completed	[MsgId: MMSG-17999]
2022-08-11 04:45:48.007 : - Iteration: 170	[MsgId: MMSG-17999]
2022-08-11 04:45:48.007 :   Account: jojo3/bean3	[MsgId: MMSG-17999]
2022-08-11 04:45:59.591 :   Login completed	[MsgId: MMSG-17999]
2022-08-11 04:46:02.472 :   Logout completed	[MsgId: MMSG-17999]
2022-08-11 04:47:54.008 : - Iteration: 171	[MsgId: MMSG-17999]
2022-08-11 04:47:54.008 :   Account: jojo3/bean3	[MsgId: MMSG-17999]
2022-08-11 04:48:03.650 :   Login completed	[MsgId: MMSG-17999]
2022-08-11 04:48:07.877 :   Logout completed	[MsgId: MMSG-17999]
2022-08-11 04:50:00.011 : - Iteration: 172	[MsgId: MMSG-17999]
2022-08-11 04:50:00.012 :   Account: jojo3/bean3	[MsgId: MMSG-17999]
2022-08-11 04:50:13.213 :   Login completed	[MsgId: MMSG-17999]
2022-08-11 04:50:16.592 :   Logout completed	[MsgId: MMSG-17999]
2022-08-11 04:52:06.013 : - Iteration: 173	[MsgId: MMSG-17999]
2022-08-11 04:52:06.014 :   Account: jojo3/bean3	[MsgId: MMSG-17999]
2022-08-11 04:52:17.943 :   Login completed	[MsgId: MMSG-17999]
2022-08-11 04:52:22.885 :   Logout completed	[MsgId: MMSG-17999]
2022-08-11 04:54:12.017 : - Iteration: 174	[MsgId: MMSG-17999]
2022-08-11 04:54:12.018 :   Account: jojo3/bean3	[MsgId: MMSG-17999]
2022-08-11 04:54:27.518 :   Login completed	[MsgId: MMSG-17999]
2022-08-11 04:54:32.472 :   Logout completed	[MsgId: MMSG-17999]
2022-08-11 04:56:18.022 : - Iteration: 175	[MsgId: MMSG-17999]
2022-08-11 04:56:18.022 :   Account: jojo3/bean3	[MsgId: MMSG-17999]
2022-08-11 04:56:25.490 :   Login completed	[MsgId: MMSG-17999]
2022-08-11 04:56:29.629 :   Logout completed	[MsgId: MMSG-17999]
2022-08-11 04:58:24.029 : - Iteration: 176	[MsgId: MMSG-17999]
2022-08-11 04:58:24.029 :   Account: jojo3/bean3	[MsgId: MMSG-17999]
2022-08-11 04:58:36.111 :   Login completed	[MsgId: MMSG-17999]
2022-08-11 04:58:43.796 :   Logout completed	[MsgId: MMSG-17999]
2022-08-11 05:00:30.037 : - Iteration: 177	[MsgId: MMSG-17999]
2022-08-11 05:00:30.038 :   Account: jojo3/bean3	[MsgId: MMSG-17999]
2022-08-11 05:00:40.990 :   Login completed	[MsgId: MMSG-17999]
2022-08-11 05:00:47.298 :   Logout completed	[MsgId: MMSG-17999]
