2022-08-11 02:56:17.169 : URL = localhost:1080	[MsgId: MMSG-17999]
2022-08-11 02:56:17.183 : - Iteration: 1	[MsgId: MMSG-17999]
2022-08-11 02:56:17.183 :   Account: jojo43/bean43	[MsgId: MMSG-17999]
2022-08-11 02:56:29.698 :   Login completed	[MsgId: MMSG-17999]
2022-08-11 02:56:56.735 :   Logout completed	[MsgId: MMSG-17999]
2022-08-11 02:58:57.187 : - Iteration: 2	[MsgId: MMSG-17999]
2022-08-11 02:58:57.188 :   Account: jojo43/bean43	[MsgId: MMSG-17999]
2022-08-11 02:59:04.096 :   Login completed	[MsgId: MMSG-17999]
2022-08-11 02:59:32.289 :   Logout completed	[MsgId: MMSG-17999]
2022-08-11 03:01:37.194 : - Iteration: 3	[MsgId: MMSG-17999]
2022-08-11 03:01:37.194 :   Account: jojo43/bean43	[MsgId: MMSG-17999]
2022-08-11 03:01:49.768 :   Login completed	[MsgId: MMSG-17999]
2022-08-11 03:02:13.200 :   Logout completed	[MsgId: MMSG-17999]
2022-08-11 03:04:17.205 : - Iteration: 4	[MsgId: MMSG-17999]
2022-08-11 03:04:17.205 :   Account: jojo43/bean43	[MsgId: MMSG-17999]
2022-08-11 03:04:23.403 :   Login completed	[MsgId: MMSG-17999]
2022-08-11 03:04:49.444 :   Logout completed	[MsgId: MMSG-17999]
2022-08-11 03:06:57.219 : - Iteration: 5	[MsgId: MMSG-17999]
2022-08-11 03:06:57.219 :   Account: jojo43/bean43	[MsgId: MMSG-17999]
2022-08-11 03:07:07.518 :   Login completed	[MsgId: MMSG-17999]
2022-08-11 03:07:33.524 :   Logout completed	[MsgId: MMSG-17999]
2022-08-11 03:09:37.226 : - Iteration: 6	[MsgId: MMSG-17999]
2022-08-11 03:09:37.227 :   Account: jojo43/bean43	[MsgId: MMSG-17999]
2022-08-11 03:09:51.704 :   Login completed	[MsgId: MMSG-17999]
2022-08-11 03:10:31.661 :   Logout completed	[MsgId: MMSG-17999]
2022-08-11 03:12:17.234 : - Iteration: 7	[MsgId: MMSG-17999]
2022-08-11 03:12:17.234 :   Account: jojo43/bean43	[MsgId: MMSG-17999]
2022-08-11 03:12:31.964 :   Login completed	[MsgId: MMSG-17999]
2022-08-11 03:13:00.988 :   Logout completed	[MsgId: MMSG-17999]
2022-08-11 03:14:57.242 : - Iteration: 8	[MsgId: MMSG-17999]
2022-08-11 03:14:57.242 :   Account: jojo43/bean43	[MsgId: MMSG-17999]
2022-08-11 03:15:10.435 :   Login completed	[MsgId: MMSG-17999]
2022-08-11 03:15:45.663 :   Logout completed	[MsgId: MMSG-17999]
2022-08-11 03:17:37.250 : - Iteration: 9	[MsgId: MMSG-17999]
2022-08-11 03:17:37.250 :   Account: jojo43/bean43	[MsgId: MMSG-17999]
2022-08-11 03:17:51.923 :   Login completed	[MsgId: MMSG-17999]
2022-08-11 03:18:22.470 :   Logout completed	[MsgId: MMSG-17999]
2022-08-11 03:20:17.254 : - Iteration: 10	[MsgId: MMSG-17999]
2022-08-11 03:20:17.255 :   Account: jojo43/bean43	[MsgId: MMSG-17999]
2022-08-11 03:20:29.263 :   Login completed	[MsgId: MMSG-17999]
2022-08-11 03:20:50.556 :   Logout completed	[MsgId: MMSG-17999]
2022-08-11 03:22:57.268 : - Iteration: 11	[MsgId: MMSG-17999]
2022-08-11 03:22:57.268 :   Account: jojo43/bean43	[MsgId: MMSG-17999]
2022-08-11 03:23:11.314 :   Login completed	[MsgId: MMSG-17999]
2022-08-11 03:23:37.569 :   Logout completed	[MsgId: MMSG-17999]
2022-08-11 03:25:37.269 : - Iteration: 12	[MsgId: MMSG-17999]
2022-08-11 03:25:37.270 :   Account: jojo43/bean43	[MsgId: MMSG-17999]
2022-08-11 03:25:49.277 :   Login completed	[MsgId: MMSG-17999]
2022-08-11 03:26:25.933 :   Logout completed	[MsgId: MMSG-17999]
2022-08-11 03:28:17.270 : - Iteration: 13	[MsgId: MMSG-17999]
2022-08-11 03:28:17.270 :   Account: jojo43/bean43	[MsgId: MMSG-17999]
2022-08-11 03:28:27.600 :   Login completed	[MsgId: MMSG-17999]
2022-08-11 03:29:01.719 :   Logout completed	[MsgId: MMSG-17999]
2022-08-11 03:30:57.279 : - Iteration: 14	[MsgId: MMSG-17999]
2022-08-11 03:30:57.279 :   Account: jojo43/bean43	[MsgId: MMSG-17999]
2022-08-11 03:31:07.268 :   Login completed	[MsgId: MMSG-17999]
2022-08-11 03:31:33.760 :   Logout completed	[MsgId: MMSG-17999]
2022-08-11 03:33:37.289 : - Iteration: 15	[MsgId: MMSG-17999]
2022-08-11 03:33:37.290 :   Account: jojo43/bean43	[MsgId: MMSG-17999]
2022-08-11 03:33:44.974 :   Login completed	[MsgId: MMSG-17999]
2022-08-11 03:34:17.081 :   Logout completed	[MsgId: MMSG-17999]
2022-08-11 03:36:17.290 : - Iteration: 16	[MsgId: MMSG-17999]
2022-08-11 03:36:17.291 :   Account: jojo43/bean43	[MsgId: MMSG-17999]
2022-08-11 03:36:23.135 :   Login completed	[MsgId: MMSG-17999]
2022-08-11 03:37:03.886 :   Logout completed	[MsgId: MMSG-17999]
2022-08-11 03:38:57.292 : - Iteration: 17	[MsgId: MMSG-17999]
2022-08-11 03:38:57.292 :   Account: jojo43/bean43	[MsgId: MMSG-17999]
2022-08-11 03:39:12.424 :   Login completed	[MsgId: MMSG-17999]
2022-08-11 03:39:49.474 :   Logout completed	[MsgId: MMSG-17999]
2022-08-11 03:41:37.302 : - Iteration: 18	[MsgId: MMSG-17999]
2022-08-11 03:41:37.302 :   Account: jojo43/bean43	[MsgId: MMSG-17999]
2022-08-11 03:41:44.836 :   Login completed	[MsgId: MMSG-17999]
2022-08-11 03:42:15.267 :   Logout completed	[MsgId: MMSG-17999]
2022-08-11 03:44:17.307 : - Iteration: 19	[MsgId: MMSG-17999]
2022-08-11 03:44:17.307 :   Account: jojo43/bean43	[MsgId: MMSG-17999]
2022-08-11 03:44:24.500 :   Login completed	[MsgId: MMSG-17999]
2022-08-11 03:44:52.854 :   Logout completed	[MsgId: MMSG-17999]
2022-08-11 03:46:57.313 : - Iteration: 20	[MsgId: MMSG-17999]
2022-08-11 03:46:57.313 :   Account: jojo43/bean43	[MsgId: MMSG-17999]
2022-08-11 03:47:03.447 :   Login completed	[MsgId: MMSG-17999]
2022-08-11 03:47:38.350 :   Logout completed	[MsgId: MMSG-17999]
2022-08-11 03:49:37.324 : - Iteration: 21	[MsgId: MMSG-17999]
2022-08-11 03:49:37.325 :   Account: jojo43/bean43	[MsgId: MMSG-17999]
2022-08-11 03:49:52.762 :   Login completed	[MsgId: MMSG-17999]
2022-08-11 03:50:22.826 :   Logout completed	[MsgId: MMSG-17999]
2022-08-11 03:52:17.327 : - Iteration: 22	[MsgId: MMSG-17999]
2022-08-11 03:52:17.327 :   Account: jojo43/bean43	[MsgId: MMSG-17999]
2022-08-11 03:52:31.438 :   Login completed	[MsgId: MMSG-17999]
2022-08-11 03:52:59.651 :   Logout completed	[MsgId: MMSG-17999]
2022-08-11 03:54:57.333 : - Iteration: 23	[MsgId: MMSG-17999]
2022-08-11 03:54:57.334 :   Account: jojo43/bean43	[MsgId: MMSG-17999]
2022-08-11 03:55:11.467 :   Login completed	[MsgId: MMSG-17999]
2022-08-11 03:55:49.779 :   Logout completed	[MsgId: MMSG-17999]
2022-08-11 03:57:37.339 : - Iteration: 24	[MsgId: MMSG-17999]
2022-08-11 03:57:37.340 :   Account: jojo43/bean43	[MsgId: MMSG-17999]
2022-08-11 03:57:52.638 :   Login completed	[MsgId: MMSG-17999]
2022-08-11 03:58:13.234 :   Logout completed	[MsgId: MMSG-17999]
2022-08-11 04:00:17.350 : - Iteration: 25	[MsgId: MMSG-17999]
2022-08-11 04:00:17.351 :   Account: jojo43/bean43	[MsgId: MMSG-17999]
2022-08-11 04:00:31.923 :   Login completed	[MsgId: MMSG-17999]
2022-08-11 04:00:56.721 :   Logout completed	[MsgId: MMSG-17999]
2022-08-11 04:02:57.362 : - Iteration: 26	[MsgId: MMSG-17999]
2022-08-11 04:02:57.362 :   Account: jojo43/bean43	[MsgId: MMSG-17999]
2022-08-11 04:03:03.780 :   Login completed	[MsgId: MMSG-17999]
2022-08-11 04:03:33.540 :   Logout completed	[MsgId: MMSG-17999]
2022-08-11 04:05:37.373 : - Iteration: 27	[MsgId: MMSG-17999]
2022-08-11 04:05:37.373 :   Account: jojo43/bean43	[MsgId: MMSG-17999]
2022-08-11 04:05:47.880 :   Login completed	[MsgId: MMSG-17999]
2022-08-11 04:06:17.603 :   Logout completed	[MsgId: MMSG-17999]
2022-08-11 04:08:17.385 : - Iteration: 28	[MsgId: MMSG-17999]
2022-08-11 04:08:17.386 :   Account: jojo43/bean43	[MsgId: MMSG-17999]
2022-08-11 04:08:29.090 :   Login completed	[MsgId: MMSG-17999]
2022-08-11 04:09:08.868 :   Logout completed	[MsgId: MMSG-17999]
2022-08-11 04:10:57.390 : - Iteration: 29	[MsgId: MMSG-17999]
2022-08-11 04:10:57.391 :   Account: jojo43/bean43	[MsgId: MMSG-17999]
2022-08-11 04:11:09.490 :   Login completed	[MsgId: MMSG-17999]
2022-08-11 04:11:42.687 :   Logout completed	[MsgId: MMSG-17999]
2022-08-11 04:13:37.393 : - Iteration: 30	[MsgId: MMSG-17999]
2022-08-11 04:13:37.393 :   Account: jojo43/bean43	[MsgId: MMSG-17999]
2022-08-11 04:13:44.862 :   Login completed	[MsgId: MMSG-17999]
2022-08-11 04:14:09.909 :   Logout completed	[MsgId: MMSG-17999]
2022-08-11 04:16:17.406 : - Iteration: 31	[MsgId: MMSG-17999]
2022-08-11 04:16:17.407 :   Account: jojo43/bean43	[MsgId: MMSG-17999]
2022-08-11 04:16:31.233 :   Login completed	[MsgId: MMSG-17999]
2022-08-11 04:17:06.179 :   Logout completed	[MsgId: MMSG-17999]
2022-08-11 04:18:57.408 : - Iteration: 32	[MsgId: MMSG-17999]
2022-08-11 04:18:57.408 :   Account: jojo43/bean43	[MsgId: MMSG-17999]
2022-08-11 04:19:09.680 :   Login completed	[MsgId: MMSG-17999]
2022-08-11 04:19:35.742 :   Logout completed	[MsgId: MMSG-17999]
2022-08-11 04:21:37.419 : - Iteration: 33	[MsgId: MMSG-17999]
2022-08-11 04:21:37.420 :   Account: jojo43/bean43	[MsgId: MMSG-17999]
2022-08-11 04:21:46.185 :   Login completed	[MsgId: MMSG-17999]
2022-08-11 04:22:18.428 :   Logout completed	[MsgId: MMSG-17999]
2022-08-11 04:24:17.424 : - Iteration: 34	[MsgId: MMSG-17999]
2022-08-11 04:24:17.425 :   Account: jojo43/bean43	[MsgId: MMSG-17999]
2022-08-11 04:24:30.979 :   Login completed	[MsgId: MMSG-17999]
2022-08-11 04:24:58.818 :   Logout completed	[MsgId: MMSG-17999]
2022-08-11 04:26:57.428 : - Iteration: 35	[MsgId: MMSG-17999]
2022-08-11 04:26:57.428 :   Account: jojo43/bean43	[MsgId: MMSG-17999]
2022-08-11 04:27:11.698 :   Login completed	[MsgId: MMSG-17999]
2022-08-11 04:27:46.536 :   Logout completed	[MsgId: MMSG-17999]
2022-08-11 04:29:37.438 : - Iteration: 36	[MsgId: MMSG-17999]
2022-08-11 04:29:37.439 :   Account: jojo43/bean43	[MsgId: MMSG-17999]
2022-08-11 04:29:43.973 :   Login completed	[MsgId: MMSG-17999]
2022-08-11 04:30:16.003 :   Logout completed	[MsgId: MMSG-17999]
2022-08-11 04:32:17.440 : - Iteration: 37	[MsgId: MMSG-17999]
2022-08-11 04:32:17.440 :   Account: jojo43/bean43	[MsgId: MMSG-17999]
2022-08-11 04:32:29.134 :   Login completed	[MsgId: MMSG-17999]
2022-08-11 04:33:07.995 :   Logout completed	[MsgId: MMSG-17999]
2022-08-11 04:34:57.450 : - Iteration: 38	[MsgId: MMSG-17999]
2022-08-11 04:34:57.451 :   Account: jojo43/bean43	[MsgId: MMSG-17999]
2022-08-11 04:35:11.953 :   Login completed	[MsgId: MMSG-17999]
2022-08-11 04:35:45.936 :   Logout completed	[MsgId: MMSG-17999]
2022-08-11 04:37:37.462 : - Iteration: 39	[MsgId: MMSG-17999]
2022-08-11 04:37:37.462 :   Account: jojo43/bean43	[MsgId: MMSG-17999]
2022-08-11 04:37:47.070 :   Login completed	[MsgId: MMSG-17999]
2022-08-11 04:38:13.206 :   Logout completed	[MsgId: MMSG-17999]
2022-08-11 04:40:17.475 : - Iteration: 40	[MsgId: MMSG-17999]
2022-08-11 04:40:17.475 :   Account: jojo43/bean43	[MsgId: MMSG-17999]
2022-08-11 04:40:31.184 :   Login completed	[MsgId: MMSG-17999]
2022-08-11 04:41:06.472 :   Logout completed	[MsgId: MMSG-17999]
2022-08-11 04:42:57.479 : - Iteration: 41	[MsgId: MMSG-17999]
2022-08-11 04:42:57.479 :   Account: jojo43/bean43	[MsgId: MMSG-17999]
2022-08-11 04:43:05.587 :   Login completed	[MsgId: MMSG-17999]
2022-08-11 04:43:30.581 :   Logout completed	[MsgId: MMSG-17999]
2022-08-11 04:45:37.491 : - Iteration: 42	[MsgId: MMSG-17999]
2022-08-11 04:45:37.491 :   Account: jojo43/bean43	[MsgId: MMSG-17999]
2022-08-11 04:45:50.889 :   Login completed	[MsgId: MMSG-17999]
2022-08-11 04:46:19.486 :   Logout completed	[MsgId: MMSG-17999]
2022-08-11 04:48:17.493 : - Iteration: 43	[MsgId: MMSG-17999]
2022-08-11 04:48:17.494 :   Account: jojo43/bean43	[MsgId: MMSG-17999]
2022-08-11 04:48:31.462 :   Login completed	[MsgId: MMSG-17999]
2022-08-11 04:49:10.609 :   Logout completed	[MsgId: MMSG-17999]
2022-08-11 04:50:57.500 : - Iteration: 44	[MsgId: MMSG-17999]
2022-08-11 04:50:57.501 :   Account: jojo43/bean43	[MsgId: MMSG-17999]
2022-08-11 04:51:07.361 :   Login completed	[MsgId: MMSG-17999]
2022-08-11 04:51:38.264 :   Logout completed	[MsgId: MMSG-17999]
2022-08-11 04:53:37.505 : - Iteration: 45	[MsgId: MMSG-17999]
2022-08-11 04:53:37.505 :   Account: jojo43/bean43	[MsgId: MMSG-17999]
2022-08-11 04:53:45.912 :   Login completed	[MsgId: MMSG-17999]
2022-08-11 04:54:15.026 :   Logout completed	[MsgId: MMSG-17999]
2022-08-11 04:56:17.519 : - Iteration: 46	[MsgId: MMSG-17999]
2022-08-11 04:56:17.519 :   Account: jojo43/bean43	[MsgId: MMSG-17999]
2022-08-11 04:56:26.325 :   Login completed	[MsgId: MMSG-17999]
2022-08-11 04:57:01.424 :   Logout completed	[MsgId: MMSG-17999]
2022-08-11 04:58:57.528 : - Iteration: 47	[MsgId: MMSG-17999]
2022-08-11 04:58:57.528 :   Account: jojo43/bean43	[MsgId: MMSG-17999]
2022-08-11 04:59:06.426 :   Login completed	[MsgId: MMSG-17999]
2022-08-11 04:59:42.522 :   Logout completed	[MsgId: MMSG-17999]
2022-08-11 05:01:37.536 : - Iteration: 48	[MsgId: MMSG-17999]
2022-08-11 05:01:37.536 :   Account: jojo43/bean43	[MsgId: MMSG-17999]
2022-08-11 05:01:47.221 :   Login completed	[MsgId: MMSG-17999]
2022-08-11 05:02:18.273 :   Logout completed	[MsgId: MMSG-17999]
