2022-08-10 22:51:46.631 : URL = localhost:1080	[MsgId: MMSG-17999]
2022-08-10 22:51:46.664 : - Iteration: 1	[MsgId: MMSG-17999]
2022-08-10 22:51:46.664 :   Account: jojo37/bean37	[MsgId: MMSG-17999]
2022-08-10 22:51:54.313 :   Login completed	[MsgId: MMSG-17999]
2022-08-10 22:52:26.136 :   Logout completed	[MsgId: MMSG-17999]
2022-08-10 22:54:26.672 : - Iteration: 2	[MsgId: MMSG-17999]
2022-08-10 22:54:26.672 :   Account: jojo37/bean37	[MsgId: MMSG-17999]
2022-08-10 22:54:42.198 :   Login completed	[MsgId: MMSG-17999]
2022-08-10 22:55:10.997 :   Logout completed	[MsgId: MMSG-17999]
2022-08-10 22:57:06.674 : - Iteration: 3	[MsgId: MMSG-17999]
2022-08-10 22:57:06.675 :   Account: jojo37/bean37	[MsgId: MMSG-17999]
2022-08-10 22:57:19.657 :   Login completed	[MsgId: MMSG-17999]
2022-08-10 22:57:51.393 :   Logout completed	[MsgId: MMSG-17999]
2022-08-10 22:59:46.688 : - Iteration: 4	[MsgId: MMSG-17999]
2022-08-10 22:59:46.689 :   Account: jojo37/bean37	[MsgId: MMSG-17999]
2022-08-10 22:59:56.890 :   Login completed	[MsgId: MMSG-17999]
2022-08-10 23:00:23.685 :   Logout completed	[MsgId: MMSG-17999]
2022-08-10 23:02:26.700 : - Iteration: 5	[MsgId: MMSG-17999]
2022-08-10 23:02:26.700 :   Account: jojo37/bean37	[MsgId: MMSG-17999]
2022-08-10 23:02:41.548 :   Login completed	[MsgId: MMSG-17999]
2022-08-10 23:03:14.406 :   Logout completed	[MsgId: MMSG-17999]
2022-08-10 23:05:06.709 : - Iteration: 6	[MsgId: MMSG-17999]
2022-08-10 23:05:06.709 :   Account: jojo37/bean37	[MsgId: MMSG-17999]
2022-08-10 23:05:19.080 :   Login completed	[MsgId: MMSG-17999]
2022-08-10 23:05:38.197 :   Logout completed	[MsgId: MMSG-17999]
2022-08-10 23:07:46.724 : - Iteration: 7	[MsgId: MMSG-17999]
2022-08-10 23:07:46.724 :   Account: jojo37/bean37	[MsgId: MMSG-17999]
2022-08-10 23:08:00.587 :   Login completed	[MsgId: MMSG-17999]
2022-08-10 23:08:34.973 :   Logout completed	[MsgId: MMSG-17999]
2022-08-10 23:10:26.736 : - Iteration: 8	[MsgId: MMSG-17999]
2022-08-10 23:10:26.736 :   Account: jojo37/bean37	[MsgId: MMSG-17999]
2022-08-10 23:10:34.842 :   Login completed	[MsgId: MMSG-17999]
2022-08-10 23:10:59.356 :   Logout completed	[MsgId: MMSG-17999]
2022-08-10 23:13:06.746 : - Iteration: 9	[MsgId: MMSG-17999]
2022-08-10 23:13:06.746 :   Account: jojo37/bean37	[MsgId: MMSG-17999]
2022-08-10 23:13:17.547 :   Login completed	[MsgId: MMSG-17999]
2022-08-10 23:13:55.730 :   Logout completed	[MsgId: MMSG-17999]
2022-08-10 23:15:46.750 : - Iteration: 10	[MsgId: MMSG-17999]
2022-08-10 23:15:46.750 :   Account: jojo37/bean37	[MsgId: MMSG-17999]
2022-08-10 23:15:57.816 :   Login completed	[MsgId: MMSG-17999]
2022-08-10 23:16:28.465 :   Logout completed	[MsgId: MMSG-17999]
2022-08-10 23:18:26.757 : - Iteration: 11	[MsgId: MMSG-17999]
2022-08-10 23:18:26.758 :   Account: jojo37/bean37	[MsgId: MMSG-17999]
2022-08-10 23:18:39.244 :   Login completed	[MsgId: MMSG-17999]
2022-08-10 23:19:17.066 :   Logout completed	[MsgId: MMSG-17999]
2022-08-10 23:21:06.758 : - Iteration: 12	[MsgId: MMSG-17999]
2022-08-10 23:21:06.758 :   Account: jojo37/bean37	[MsgId: MMSG-17999]
2022-08-10 23:21:17.349 :   Login completed	[MsgId: MMSG-17999]
2022-08-10 23:21:49.421 :   Logout completed	[MsgId: MMSG-17999]
2022-08-10 23:23:46.772 : - Iteration: 13	[MsgId: MMSG-17999]
2022-08-10 23:23:46.772 :   Account: jojo37/bean37	[MsgId: MMSG-17999]
2022-08-10 23:23:53.830 :   Login completed	[MsgId: MMSG-17999]
2022-08-10 23:24:23.802 :   Logout completed	[MsgId: MMSG-17999]
2022-08-10 23:26:26.775 : - Iteration: 14	[MsgId: MMSG-17999]
2022-08-10 23:26:26.775 :   Account: jojo37/bean37	[MsgId: MMSG-17999]
2022-08-10 23:26:41.395 :   Login completed	[MsgId: MMSG-17999]
2022-08-10 23:27:06.703 :   Logout completed	[MsgId: MMSG-17999]
2022-08-10 23:29:06.785 : - Iteration: 15	[MsgId: MMSG-17999]
2022-08-10 23:29:06.786 :   Account: jojo37/bean37	[MsgId: MMSG-17999]
2022-08-10 23:29:19.472 :   Login completed	[MsgId: MMSG-17999]
2022-08-10 23:29:46.744 :   Logout completed	[MsgId: MMSG-17999]
2022-08-10 23:31:46.788 : - Iteration: 16	[MsgId: MMSG-17999]
2022-08-10 23:31:46.789 :   Account: jojo37/bean37	[MsgId: MMSG-17999]
2022-08-10 23:32:01.904 :   Login completed	[MsgId: MMSG-17999]
2022-08-10 23:32:38.080 :   Logout completed	[MsgId: MMSG-17999]
2022-08-10 23:34:26.788 : - Iteration: 17	[MsgId: MMSG-17999]
2022-08-10 23:34:26.788 :   Account: jojo37/bean37	[MsgId: MMSG-17999]
2022-08-10 23:34:41.070 :   Login completed	[MsgId: MMSG-17999]
2022-08-10 23:35:03.810 :   Logout completed	[MsgId: MMSG-17999]
2022-08-10 23:37:06.790 : - Iteration: 18	[MsgId: MMSG-17999]
2022-08-10 23:37:06.790 :   Account: jojo37/bean37	[MsgId: MMSG-17999]
2022-08-10 23:37:18.968 :   Login completed	[MsgId: MMSG-17999]
2022-08-10 23:37:51.320 :   Logout completed	[MsgId: MMSG-17999]
2022-08-10 23:39:46.802 : - Iteration: 19	[MsgId: MMSG-17999]
2022-08-10 23:39:46.803 :   Account: jojo37/bean37	[MsgId: MMSG-17999]
2022-08-10 23:39:58.504 :   Login completed	[MsgId: MMSG-17999]
2022-08-10 23:40:29.828 :   Logout completed	[MsgId: MMSG-17999]
2022-08-10 23:42:26.811 : - Iteration: 20	[MsgId: MMSG-17999]
2022-08-10 23:42:26.811 :   Account: jojo37/bean37	[MsgId: MMSG-17999]
2022-08-10 23:42:35.431 :   Login completed	[MsgId: MMSG-17999]
2022-08-10 23:43:00.658 :   Logout completed	[MsgId: MMSG-17999]
2022-08-10 23:45:06.821 : - Iteration: 21	[MsgId: MMSG-17999]
2022-08-10 23:45:06.822 :   Account: jojo37/bean37	[MsgId: MMSG-17999]
2022-08-10 23:45:21.495 :   Login completed	[MsgId: MMSG-17999]
2022-08-10 23:45:57.424 :   Logout completed	[MsgId: MMSG-17999]
2022-08-10 23:47:46.827 : - Iteration: 22	[MsgId: MMSG-17999]
2022-08-10 23:47:46.828 :   Account: jojo37/bean37	[MsgId: MMSG-17999]
2022-08-10 23:47:54.254 :   Login completed	[MsgId: MMSG-17999]
2022-08-10 23:48:20.655 :   Logout completed	[MsgId: MMSG-17999]
2022-08-10 23:50:26.829 : - Iteration: 23	[MsgId: MMSG-17999]
2022-08-10 23:50:26.830 :   Account: jojo37/bean37	[MsgId: MMSG-17999]
2022-08-10 23:50:32.891 :   Login completed	[MsgId: MMSG-17999]
2022-08-10 23:51:03.726 :   Logout completed	[MsgId: MMSG-17999]
2022-08-10 23:53:06.842 : - Iteration: 24	[MsgId: MMSG-17999]
2022-08-10 23:53:06.843 :   Account: jojo37/bean37	[MsgId: MMSG-17999]
2022-08-10 23:53:21.734 :   Login completed	[MsgId: MMSG-17999]
2022-08-10 23:53:52.846 :   Logout completed	[MsgId: MMSG-17999]
2022-08-10 23:55:46.848 : - Iteration: 25	[MsgId: MMSG-17999]
2022-08-10 23:55:46.848 :   Account: jojo37/bean37	[MsgId: MMSG-17999]
2022-08-10 23:55:53.760 :   Login completed	[MsgId: MMSG-17999]
2022-08-10 23:56:26.481 :   Logout completed	[MsgId: MMSG-17999]
2022-08-10 23:58:26.848 : - Iteration: 26	[MsgId: MMSG-17999]
2022-08-10 23:58:26.848 :   Account: jojo37/bean37	[MsgId: MMSG-17999]
2022-08-10 23:58:40.300 :   Login completed	[MsgId: MMSG-17999]
2022-08-10 23:59:09.053 :   Logout completed	[MsgId: MMSG-17999]
2022-08-11 00:01:06.853 : - Iteration: 27	[MsgId: MMSG-17999]
2022-08-11 00:01:06.854 :   Account: jojo37/bean37	[MsgId: MMSG-17999]
2022-08-11 00:01:14.581 :   Login completed	[MsgId: MMSG-17999]
2022-08-11 00:01:45.533 :   Logout completed	[MsgId: MMSG-17999]
2022-08-11 00:03:46.859 : - Iteration: 28	[MsgId: MMSG-17999]
2022-08-11 00:03:46.859 :   Account: jojo37/bean37	[MsgId: MMSG-17999]
2022-08-11 00:04:00.307 :   Login completed	[MsgId: MMSG-17999]
2022-08-11 00:04:28.228 :   Logout completed	[MsgId: MMSG-17999]
2022-08-11 00:06:26.866 : - Iteration: 29	[MsgId: MMSG-17999]
2022-08-11 00:06:26.867 :   Account: jojo37/bean37	[MsgId: MMSG-17999]
2022-08-11 00:06:34.296 :   Login completed	[MsgId: MMSG-17999]
2022-08-11 00:07:04.667 :   Logout completed	[MsgId: MMSG-17999]
2022-08-11 00:09:06.875 : - Iteration: 30	[MsgId: MMSG-17999]
2022-08-11 00:09:06.876 :   Account: jojo37/bean37	[MsgId: MMSG-17999]
2022-08-11 00:09:15.557 :   Login completed	[MsgId: MMSG-17999]
2022-08-11 00:09:46.886 :   Logout completed	[MsgId: MMSG-17999]
2022-08-11 00:11:46.882 : - Iteration: 31	[MsgId: MMSG-17999]
2022-08-11 00:11:46.882 :   Account: jojo37/bean37	[MsgId: MMSG-17999]
2022-08-11 00:11:55.740 :   Login completed	[MsgId: MMSG-17999]
2022-08-11 00:12:18.666 :   Logout completed	[MsgId: MMSG-17999]
2022-08-11 00:14:26.897 : - Iteration: 32	[MsgId: MMSG-17999]
2022-08-11 00:14:26.898 :   Account: jojo37/bean37	[MsgId: MMSG-17999]
2022-08-11 00:14:39.151 :   Login completed	[MsgId: MMSG-17999]
2022-08-11 00:15:05.617 :   Logout completed	[MsgId: MMSG-17999]
2022-08-11 00:17:06.903 : - Iteration: 33	[MsgId: MMSG-17999]
2022-08-11 00:17:06.903 :   Account: jojo37/bean37	[MsgId: MMSG-17999]
2022-08-11 00:17:13.414 :   Login completed	[MsgId: MMSG-17999]
2022-08-11 00:17:41.630 :   Logout completed	[MsgId: MMSG-17999]
2022-08-11 00:19:46.906 : - Iteration: 34	[MsgId: MMSG-17999]
2022-08-11 00:19:46.906 :   Account: jojo37/bean37	[MsgId: MMSG-17999]
2022-08-11 00:19:59.466 :   Login completed	[MsgId: MMSG-17999]
2022-08-11 00:20:27.457 :   Logout completed	[MsgId: MMSG-17999]
2022-08-11 00:22:26.918 : - Iteration: 35	[MsgId: MMSG-17999]
2022-08-11 00:22:26.919 :   Account: jojo37/bean37	[MsgId: MMSG-17999]
2022-08-11 00:22:35.690 :   Login completed	[MsgId: MMSG-17999]
2022-08-11 00:23:08.674 :   Logout completed	[MsgId: MMSG-17999]
2022-08-11 00:25:06.922 : - Iteration: 36	[MsgId: MMSG-17999]
2022-08-11 00:25:06.923 :   Account: jojo37/bean37	[MsgId: MMSG-17999]
2022-08-11 00:25:16.973 :   Login completed	[MsgId: MMSG-17999]
2022-08-11 00:25:50.579 :   Logout completed	[MsgId: MMSG-17999]
2022-08-11 00:27:46.931 : - Iteration: 37	[MsgId: MMSG-17999]
2022-08-11 00:27:46.931 :   Account: jojo37/bean37	[MsgId: MMSG-17999]
2022-08-11 00:27:53.154 :   Login completed	[MsgId: MMSG-17999]
2022-08-11 00:28:33.408 :   Logout completed	[MsgId: MMSG-17999]
2022-08-11 00:30:26.934 : - Iteration: 38	[MsgId: MMSG-17999]
2022-08-11 00:30:26.935 :   Account: jojo37/bean37	[MsgId: MMSG-17999]
2022-08-11 00:30:32.557 :   Login completed	[MsgId: MMSG-17999]
2022-08-11 00:31:01.880 :   Logout completed	[MsgId: MMSG-17999]
2022-08-11 00:33:06.938 : - Iteration: 39	[MsgId: MMSG-17999]
2022-08-11 00:33:06.938 :   Account: jojo37/bean37	[MsgId: MMSG-17999]
2022-08-11 00:33:14.383 :   Login completed	[MsgId: MMSG-17999]
2022-08-11 00:33:54.301 :   Logout completed	[MsgId: MMSG-17999]
2022-08-11 00:35:46.948 : - Iteration: 40	[MsgId: MMSG-17999]
2022-08-11 00:35:46.948 :   Account: jojo37/bean37	[MsgId: MMSG-17999]
2022-08-11 00:35:56.478 :   Login completed	[MsgId: MMSG-17999]
2022-08-11 00:36:26.273 :   Logout completed	[MsgId: MMSG-17999]
2022-08-11 00:38:26.953 : - Iteration: 41	[MsgId: MMSG-17999]
2022-08-11 00:38:26.953 :   Account: jojo37/bean37	[MsgId: MMSG-17999]
2022-08-11 00:38:40.801 :   Login completed	[MsgId: MMSG-17999]
2022-08-11 00:39:07.341 :   Logout completed	[MsgId: MMSG-17999]
2022-08-11 00:41:06.965 : - Iteration: 42	[MsgId: MMSG-17999]
2022-08-11 00:41:06.965 :   Account: jojo37/bean37	[MsgId: MMSG-17999]
2022-08-11 00:41:19.538 :   Login completed	[MsgId: MMSG-17999]
2022-08-11 00:41:50.669 :   Logout completed	[MsgId: MMSG-17999]
2022-08-11 00:43:46.974 : - Iteration: 43	[MsgId: MMSG-17999]
2022-08-11 00:43:46.975 :   Account: jojo37/bean37	[MsgId: MMSG-17999]
2022-08-11 00:43:58.464 :   Login completed	[MsgId: MMSG-17999]
2022-08-11 00:44:27.577 :   Logout completed	[MsgId: MMSG-17999]
2022-08-11 00:46:26.979 : - Iteration: 44	[MsgId: MMSG-17999]
2022-08-11 00:46:26.979 :   Account: jojo37/bean37	[MsgId: MMSG-17999]
2022-08-11 00:46:37.317 :   Login completed	[MsgId: MMSG-17999]
2022-08-11 00:47:02.165 :   Logout completed	[MsgId: MMSG-17999]
2022-08-11 00:49:06.994 : - Iteration: 45	[MsgId: MMSG-17999]
2022-08-11 00:49:06.994 :   Account: jojo37/bean37	[MsgId: MMSG-17999]
2022-08-11 00:49:14.305 :   Login completed	[MsgId: MMSG-17999]
2022-08-11 00:49:47.368 :   Logout completed	[MsgId: MMSG-17999]
2022-08-11 00:51:47.001 : - Iteration: 46	[MsgId: MMSG-17999]
2022-08-11 00:51:47.001 :   Account: jojo37/bean37	[MsgId: MMSG-17999]
2022-08-11 00:51:53.720 :   Login completed	[MsgId: MMSG-17999]
2022-08-11 00:52:19.322 :   Logout completed	[MsgId: MMSG-17999]
2022-08-11 00:54:27.011 : - Iteration: 47	[MsgId: MMSG-17999]
2022-08-11 00:54:27.011 :   Account: jojo37/bean37	[MsgId: MMSG-17999]
2022-08-11 00:54:32.953 :   Login completed	[MsgId: MMSG-17999]
2022-08-11 00:55:04.643 :   Logout completed	[MsgId: MMSG-17999]
2022-08-11 00:57:07.017 : - Iteration: 48	[MsgId: MMSG-17999]
2022-08-11 00:57:07.017 :   Account: jojo37/bean37	[MsgId: MMSG-17999]
2022-08-11 00:57:15.882 :   Login completed	[MsgId: MMSG-17999]
2022-08-11 00:57:43.152 :   Logout completed	[MsgId: MMSG-17999]
2022-08-11 00:59:47.017 : - Iteration: 49	[MsgId: MMSG-17999]
2022-08-11 00:59:47.017 :   Account: jojo37/bean37	[MsgId: MMSG-17999]
2022-08-11 00:59:59.900 :   Login completed	[MsgId: MMSG-17999]
2022-08-11 01:00:23.674 :   Logout completed	[MsgId: MMSG-17999]
2022-08-11 01:02:27.030 : - Iteration: 50	[MsgId: MMSG-17999]
2022-08-11 01:02:27.030 :   Account: jojo37/bean37	[MsgId: MMSG-17999]
2022-08-11 01:02:35.762 :   Login completed	[MsgId: MMSG-17999]
2022-08-11 01:03:18.829 :   Logout completed	[MsgId: MMSG-17999]
2022-08-11 01:05:07.038 : - Iteration: 51	[MsgId: MMSG-17999]
2022-08-11 01:05:07.038 :   Account: jojo37/bean37	[MsgId: MMSG-17999]
2022-08-11 01:05:21.970 :   Login completed	[MsgId: MMSG-17999]
2022-08-11 01:05:49.987 :   Logout completed	[MsgId: MMSG-17999]
2022-08-11 01:07:47.045 : - Iteration: 52	[MsgId: MMSG-17999]
2022-08-11 01:07:47.045 :   Account: jojo37/bean37	[MsgId: MMSG-17999]
2022-08-11 01:07:54.908 :   Login completed	[MsgId: MMSG-17999]
2022-08-11 01:08:18.900 :   Logout completed	[MsgId: MMSG-17999]
2022-08-11 01:10:27.052 : - Iteration: 53	[MsgId: MMSG-17999]
2022-08-11 01:10:27.052 :   Account: jojo37/bean37	[MsgId: MMSG-17999]
2022-08-11 01:10:33.683 :   Login completed	[MsgId: MMSG-17999]
2022-08-11 01:11:04.276 :   Logout completed	[MsgId: MMSG-17999]
2022-08-11 01:13:07.062 : - Iteration: 54	[MsgId: MMSG-17999]
2022-08-11 01:13:07.062 :   Account: jojo37/bean37	[MsgId: MMSG-17999]
2022-08-11 01:13:18.568 :   Login completed	[MsgId: MMSG-17999]
2022-08-11 01:13:53.677 :   Logout completed	[MsgId: MMSG-17999]
2022-08-11 01:15:47.077 : - Iteration: 55	[MsgId: MMSG-17999]
2022-08-11 01:15:47.077 :   Account: jojo37/bean37	[MsgId: MMSG-17999]
2022-08-11 01:15:56.281 :   Login completed	[MsgId: MMSG-17999]
2022-08-11 01:16:27.301 :   Logout completed	[MsgId: MMSG-17999]
2022-08-11 01:18:27.092 : - Iteration: 56	[MsgId: MMSG-17999]
2022-08-11 01:18:27.093 :   Account: jojo37/bean37	[MsgId: MMSG-17999]
2022-08-11 01:18:33.013 :   Login completed	[MsgId: MMSG-17999]
2022-08-11 01:19:05.865 :   Logout completed	[MsgId: MMSG-17999]
2022-08-11 01:21:07.095 : - Iteration: 57	[MsgId: MMSG-17999]
2022-08-11 01:21:07.095 :   Account: jojo37/bean37	[MsgId: MMSG-17999]
2022-08-11 01:21:20.574 :   Login completed	[MsgId: MMSG-17999]
2022-08-11 01:21:59.267 :   Logout completed	[MsgId: MMSG-17999]
2022-08-11 01:23:47.095 : - Iteration: 58	[MsgId: MMSG-17999]
2022-08-11 01:23:47.095 :   Account: jojo37/bean37	[MsgId: MMSG-17999]
2022-08-11 01:23:53.652 :   Login completed	[MsgId: MMSG-17999]
2022-08-11 01:24:23.171 :   Logout completed	[MsgId: MMSG-17999]
2022-08-11 01:26:27.102 : - Iteration: 59	[MsgId: MMSG-17999]
2022-08-11 01:26:27.102 :   Account: jojo37/bean37	[MsgId: MMSG-17999]
2022-08-11 01:26:36.333 :   Login completed	[MsgId: MMSG-17999]
2022-08-11 01:27:12.599 :   Logout completed	[MsgId: MMSG-17999]
2022-08-11 01:29:07.111 : - Iteration: 60	[MsgId: MMSG-17999]
2022-08-11 01:29:07.111 :   Account: jojo37/bean37	[MsgId: MMSG-17999]
2022-08-11 01:29:17.298 :   Login completed	[MsgId: MMSG-17999]
2022-08-11 01:29:47.297 :   Logout completed	[MsgId: MMSG-17999]
2022-08-11 01:31:47.114 : - Iteration: 61	[MsgId: MMSG-17999]
2022-08-11 01:31:47.115 :   Account: jojo37/bean37	[MsgId: MMSG-17999]
2022-08-11 01:31:59.152 :   Login completed	[MsgId: MMSG-17999]
2022-08-11 01:32:25.026 :   Logout completed	[MsgId: MMSG-17999]
2022-08-11 01:34:27.118 : - Iteration: 62	[MsgId: MMSG-17999]
2022-08-11 01:34:27.118 :   Account: jojo37/bean37	[MsgId: MMSG-17999]
2022-08-11 01:34:38.138 :   Login completed	[MsgId: MMSG-17999]
2022-08-11 01:35:06.452 :   Logout completed	[MsgId: MMSG-17999]
2022-08-11 01:37:07.132 : - Iteration: 63	[MsgId: MMSG-17999]
2022-08-11 01:37:07.133 :   Account: jojo37/bean37	[MsgId: MMSG-17999]
2022-08-11 01:37:20.368 :   Login completed	[MsgId: MMSG-17999]
2022-08-11 01:37:52.108 :   Logout completed	[MsgId: MMSG-17999]
2022-08-11 01:39:47.145 : - Iteration: 64	[MsgId: MMSG-17999]
2022-08-11 01:39:47.145 :   Account: jojo37/bean37	[MsgId: MMSG-17999]
2022-08-11 01:39:54.402 :   Login completed	[MsgId: MMSG-17999]
2022-08-11 01:40:24.509 :   Logout completed	[MsgId: MMSG-17999]
2022-08-11 01:42:27.151 : - Iteration: 65	[MsgId: MMSG-17999]
2022-08-11 01:42:27.151 :   Account: jojo37/bean37	[MsgId: MMSG-17999]
2022-08-11 01:42:40.064 :   Login completed	[MsgId: MMSG-17999]
2022-08-11 01:43:10.515 :   Logout completed	[MsgId: MMSG-17999]
2022-08-11 01:45:07.165 : - Iteration: 66	[MsgId: MMSG-17999]
2022-08-11 01:45:07.165 :   Account: jojo37/bean37	[MsgId: MMSG-17999]
2022-08-11 01:45:17.105 :   Login completed	[MsgId: MMSG-17999]
2022-08-11 01:45:54.885 :   Logout completed	[MsgId: MMSG-17999]
2022-08-11 01:47:47.176 : - Iteration: 67	[MsgId: MMSG-17999]
2022-08-11 01:47:47.176 :   Account: jojo37/bean37	[MsgId: MMSG-17999]
2022-08-11 01:47:59.404 :   Login completed	[MsgId: MMSG-17999]
2022-08-11 01:48:18.404 :   Logout completed	[MsgId: MMSG-17999]
2022-08-11 01:50:27.189 : - Iteration: 68	[MsgId: MMSG-17999]
2022-08-11 01:50:27.189 :   Account: jojo37/bean37	[MsgId: MMSG-17999]
2022-08-11 01:50:42.213 :   Login completed	[MsgId: MMSG-17999]
2022-08-11 01:51:09.989 :   Logout completed	[MsgId: MMSG-17999]
2022-08-11 01:53:07.198 : - Iteration: 69	[MsgId: MMSG-17999]
2022-08-11 01:53:07.199 :   Account: jojo37/bean37	[MsgId: MMSG-17999]
2022-08-11 01:53:20.049 :   Login completed	[MsgId: MMSG-17999]
2022-08-11 01:53:55.797 :   Logout completed	[MsgId: MMSG-17999]
2022-08-11 01:55:47.203 : - Iteration: 70	[MsgId: MMSG-17999]
2022-08-11 01:55:47.203 :   Account: jojo37/bean37	[MsgId: MMSG-17999]
2022-08-11 01:56:01.325 :   Login completed	[MsgId: MMSG-17999]
2022-08-11 01:56:37.036 :   Logout completed	[MsgId: MMSG-17999]
2022-08-11 01:58:27.219 : - Iteration: 71	[MsgId: MMSG-17999]
2022-08-11 01:58:27.219 :   Account: jojo37/bean37	[MsgId: MMSG-17999]
2022-08-11 01:58:40.724 :   Login completed	[MsgId: MMSG-17999]
2022-08-11 01:59:13.604 :   Logout completed	[MsgId: MMSG-17999]
2022-08-11 02:01:07.219 : - Iteration: 72	[MsgId: MMSG-17999]
2022-08-11 02:01:07.219 :   Account: jojo37/bean37	[MsgId: MMSG-17999]
2022-08-11 02:01:19.674 :   Login completed	[MsgId: MMSG-17999]
2022-08-11 02:01:51.390 :   Logout completed	[MsgId: MMSG-17999]
2022-08-11 02:03:47.232 : - Iteration: 73	[MsgId: MMSG-17999]
2022-08-11 02:03:47.232 :   Account: jojo37/bean37	[MsgId: MMSG-17999]
2022-08-11 02:03:55.868 :   Login completed	[MsgId: MMSG-17999]
2022-08-11 02:04:22.192 :   Logout completed	[MsgId: MMSG-17999]
2022-08-11 02:06:27.232 : - Iteration: 74	[MsgId: MMSG-17999]
2022-08-11 02:06:27.232 :   Account: jojo37/bean37	[MsgId: MMSG-17999]
2022-08-11 02:06:42.081 :   Login completed	[MsgId: MMSG-17999]
2022-08-11 02:07:15.198 :   Logout completed	[MsgId: MMSG-17999]
2022-08-11 02:09:07.239 : - Iteration: 75	[MsgId: MMSG-17999]
2022-08-11 02:09:07.239 :   Account: jojo37/bean37	[MsgId: MMSG-17999]
2022-08-11 02:09:19.522 :   Login completed	[MsgId: MMSG-17999]
2022-08-11 02:09:48.868 :   Logout completed	[MsgId: MMSG-17999]
2022-08-11 02:11:47.248 : - Iteration: 76	[MsgId: MMSG-17999]
2022-08-11 02:11:47.248 :   Account: jojo37/bean37	[MsgId: MMSG-17999]
2022-08-11 02:11:53.954 :   Login completed	[MsgId: MMSG-17999]
2022-08-11 02:12:22.355 :   Logout completed	[MsgId: MMSG-17999]
2022-08-11 02:14:27.255 : - Iteration: 77	[MsgId: MMSG-17999]
2022-08-11 02:14:27.255 :   Account: jojo37/bean37	[MsgId: MMSG-17999]
2022-08-11 02:14:40.013 :   Login completed	[MsgId: MMSG-17999]
2022-08-11 02:15:07.167 :   Logout completed	[MsgId: MMSG-17999]
2022-08-11 02:17:07.261 : - Iteration: 78	[MsgId: MMSG-17999]
2022-08-11 02:17:07.261 :   Account: jojo37/bean37	[MsgId: MMSG-17999]
2022-08-11 02:17:19.706 :   Login completed	[MsgId: MMSG-17999]
2022-08-11 02:17:43.085 :   Logout completed	[MsgId: MMSG-17999]
2022-08-11 02:19:47.270 : - Iteration: 79	[MsgId: MMSG-17999]
2022-08-11 02:19:47.270 :   Account: jojo37/bean37	[MsgId: MMSG-17999]
2022-08-11 02:20:02.830 :   Login completed	[MsgId: MMSG-17999]
2022-08-11 02:20:36.023 :   Logout completed	[MsgId: MMSG-17999]
2022-08-11 02:22:27.275 : - Iteration: 80	[MsgId: MMSG-17999]
2022-08-11 02:22:27.275 :   Account: jojo37/bean37	[MsgId: MMSG-17999]
2022-08-11 02:22:42.197 :   Login completed	[MsgId: MMSG-17999]
2022-08-11 02:23:19.382 :   Logout completed	[MsgId: MMSG-17999]
2022-08-11 02:25:07.284 : - Iteration: 81	[MsgId: MMSG-17999]
2022-08-11 02:25:07.284 :   Account: jojo37/bean37	[MsgId: MMSG-17999]
2022-08-11 02:25:14.461 :   Login completed	[MsgId: MMSG-17999]
2022-08-11 02:25:43.408 :   Logout completed	[MsgId: MMSG-17999]
2022-08-11 02:27:47.285 : - Iteration: 82	[MsgId: MMSG-17999]
2022-08-11 02:27:47.286 :   Account: jojo37/bean37	[MsgId: MMSG-17999]
2022-08-11 02:27:58.206 :   Login completed	[MsgId: MMSG-17999]
2022-08-11 02:28:31.717 :   Logout completed	[MsgId: MMSG-17999]
2022-08-11 02:30:27.292 : - Iteration: 83	[MsgId: MMSG-17999]
2022-08-11 02:30:27.292 :   Account: jojo37/bean37	[MsgId: MMSG-17999]
2022-08-11 02:30:36.729 :   Login completed	[MsgId: MMSG-17999]
2022-08-11 02:30:58.860 :   Logout completed	[MsgId: MMSG-17999]
2022-08-11 02:33:07.297 : - Iteration: 84	[MsgId: MMSG-17999]
2022-08-11 02:33:07.297 :   Account: jojo37/bean37	[MsgId: MMSG-17999]
2022-08-11 02:33:19.827 :   Login completed	[MsgId: MMSG-17999]
2022-08-11 02:33:48.855 :   Logout completed	[MsgId: MMSG-17999]
2022-08-11 02:35:47.305 : - Iteration: 85	[MsgId: MMSG-17999]
2022-08-11 02:35:47.305 :   Account: jojo37/bean37	[MsgId: MMSG-17999]
2022-08-11 02:35:55.069 :   Login completed	[MsgId: MMSG-17999]
2022-08-11 02:36:26.769 :   Logout completed	[MsgId: MMSG-17999]
2022-08-11 02:38:27.309 : - Iteration: 86	[MsgId: MMSG-17999]
2022-08-11 02:38:27.309 :   Account: jojo37/bean37	[MsgId: MMSG-17999]
2022-08-11 02:38:41.362 :   Login completed	[MsgId: MMSG-17999]
2022-08-11 02:39:08.730 :   Logout completed	[MsgId: MMSG-17999]
2022-08-11 02:41:07.315 : - Iteration: 87	[MsgId: MMSG-17999]
2022-08-11 02:41:07.316 :   Account: jojo37/bean37	[MsgId: MMSG-17999]
2022-08-11 02:41:13.860 :   Login completed	[MsgId: MMSG-17999]
2022-08-11 02:41:46.444 :   Logout completed	[MsgId: MMSG-17999]
2022-08-11 02:43:47.322 : - Iteration: 88	[MsgId: MMSG-17999]
2022-08-11 02:43:47.323 :   Account: jojo37/bean37	[MsgId: MMSG-17999]
2022-08-11 02:44:02.638 :   Login completed	[MsgId: MMSG-17999]
2022-08-11 02:44:35.695 :   Logout completed	[MsgId: MMSG-17999]
2022-08-11 02:46:27.335 : - Iteration: 89	[MsgId: MMSG-17999]
2022-08-11 02:46:27.335 :   Account: jojo37/bean37	[MsgId: MMSG-17999]
2022-08-11 02:46:39.519 :   Login completed	[MsgId: MMSG-17999]
2022-08-11 02:47:15.107 :   Logout completed	[MsgId: MMSG-17999]
2022-08-11 02:49:07.341 : - Iteration: 90	[MsgId: MMSG-17999]
2022-08-11 02:49:07.342 :   Account: jojo37/bean37	[MsgId: MMSG-17999]
2022-08-11 02:49:13.473 :   Login completed	[MsgId: MMSG-17999]
2022-08-11 02:49:48.737 :   Logout completed	[MsgId: MMSG-17999]
2022-08-11 02:51:47.342 : - Iteration: 91	[MsgId: MMSG-17999]
2022-08-11 02:51:47.343 :   Account: jojo37/bean37	[MsgId: MMSG-17999]
2022-08-11 02:52:00.366 :   Login completed	[MsgId: MMSG-17999]
2022-08-11 02:52:35.285 :   Logout completed	[MsgId: MMSG-17999]
2022-08-11 02:54:27.353 : - Iteration: 92	[MsgId: MMSG-17999]
2022-08-11 02:54:27.353 :   Account: jojo37/bean37	[MsgId: MMSG-17999]
2022-08-11 02:54:41.536 :   Login completed	[MsgId: MMSG-17999]
2022-08-11 02:55:08.854 :   Logout completed	[MsgId: MMSG-17999]
2022-08-11 02:57:07.666 : - Iteration: 93	[MsgId: MMSG-17999]
2022-08-11 02:57:07.677 :   Account: jojo37/bean37	[MsgId: MMSG-17999]
2022-08-11 02:57:19.701 :   Login completed	[MsgId: MMSG-17999]
2022-08-11 02:57:49.949 :   Logout completed	[MsgId: MMSG-17999]
2022-08-11 02:59:47.665 : - Iteration: 94	[MsgId: MMSG-17999]
2022-08-11 02:59:47.665 :   Account: jojo37/bean37	[MsgId: MMSG-17999]
2022-08-11 02:59:55.544 :   Login completed	[MsgId: MMSG-17999]
2022-08-11 03:00:33.000 :   Logout completed	[MsgId: MMSG-17999]
2022-08-11 03:02:27.668 : - Iteration: 95	[MsgId: MMSG-17999]
2022-08-11 03:02:27.668 :   Account: jojo37/bean37	[MsgId: MMSG-17999]
2022-08-11 03:02:39.631 :   Login completed	[MsgId: MMSG-17999]
2022-08-11 03:03:09.942 :   Logout completed	[MsgId: MMSG-17999]
2022-08-11 03:05:07.668 : - Iteration: 96	[MsgId: MMSG-17999]
2022-08-11 03:05:07.668 :   Account: jojo37/bean37	[MsgId: MMSG-17999]
2022-08-11 03:05:15.301 :   Login completed	[MsgId: MMSG-17999]
2022-08-11 03:05:47.893 :   Logout completed	[MsgId: MMSG-17999]
2022-08-11 03:07:47.682 : - Iteration: 97	[MsgId: MMSG-17999]
2022-08-11 03:07:47.682 :   Account: jojo37/bean37	[MsgId: MMSG-17999]
2022-08-11 03:07:56.494 :   Login completed	[MsgId: MMSG-17999]
2022-08-11 03:08:31.042 :   Logout completed	[MsgId: MMSG-17999]
2022-08-11 03:10:27.694 : - Iteration: 98	[MsgId: MMSG-17999]
2022-08-11 03:10:27.694 :   Account: jojo37/bean37	[MsgId: MMSG-17999]
2022-08-11 03:10:42.816 :   Login completed	[MsgId: MMSG-17999]
2022-08-11 03:11:13.629 :   Logout completed	[MsgId: MMSG-17999]
2022-08-11 03:13:07.700 : - Iteration: 99	[MsgId: MMSG-17999]
2022-08-11 03:13:07.700 :   Account: jojo37/bean37	[MsgId: MMSG-17999]
2022-08-11 03:13:19.845 :   Login completed	[MsgId: MMSG-17999]
2022-08-11 03:13:48.073 :   Logout completed	[MsgId: MMSG-17999]
2022-08-11 03:15:47.714 : - Iteration: 100	[MsgId: MMSG-17999]
2022-08-11 03:15:47.715 :   Account: jojo37/bean37	[MsgId: MMSG-17999]
2022-08-11 03:15:54.765 :   Login completed	[MsgId: MMSG-17999]
2022-08-11 03:16:31.748 :   Logout completed	[MsgId: MMSG-17999]
2022-08-11 03:18:27.730 : - Iteration: 101	[MsgId: MMSG-17999]
2022-08-11 03:18:27.731 :   Account: jojo37/bean37	[MsgId: MMSG-17999]
2022-08-11 03:18:43.046 :   Login completed	[MsgId: MMSG-17999]
2022-08-11 03:19:09.675 :   Logout completed	[MsgId: MMSG-17999]
2022-08-11 03:21:07.733 : - Iteration: 102	[MsgId: MMSG-17999]
2022-08-11 03:21:07.733 :   Account: jojo37/bean37	[MsgId: MMSG-17999]
2022-08-11 03:21:17.294 :   Login completed	[MsgId: MMSG-17999]
2022-08-11 03:21:42.060 :   Logout completed	[MsgId: MMSG-17999]
2022-08-11 03:23:47.743 : - Iteration: 103	[MsgId: MMSG-17999]
2022-08-11 03:23:47.743 :   Account: jojo37/bean37	[MsgId: MMSG-17999]
2022-08-11 03:23:55.259 :   Login completed	[MsgId: MMSG-17999]
2022-08-11 03:24:25.903 :   Logout completed	[MsgId: MMSG-17999]
2022-08-11 03:26:27.750 : - Iteration: 104	[MsgId: MMSG-17999]
2022-08-11 03:26:27.750 :   Account: jojo37/bean37	[MsgId: MMSG-17999]
2022-08-11 03:26:40.078 :   Login completed	[MsgId: MMSG-17999]
2022-08-11 03:27:08.300 :   Logout completed	[MsgId: MMSG-17999]
2022-08-11 03:29:07.759 : - Iteration: 105	[MsgId: MMSG-17999]
2022-08-11 03:29:07.759 :   Account: jojo37/bean37	[MsgId: MMSG-17999]
2022-08-11 03:29:14.673 :   Login completed	[MsgId: MMSG-17999]
2022-08-11 03:29:45.076 :   Logout completed	[MsgId: MMSG-17999]
2022-08-11 03:31:47.772 : - Iteration: 106	[MsgId: MMSG-17999]
2022-08-11 03:31:47.773 :   Account: jojo37/bean37	[MsgId: MMSG-17999]
2022-08-11 03:31:57.739 :   Login completed	[MsgId: MMSG-17999]
2022-08-11 03:32:35.728 :   Logout completed	[MsgId: MMSG-17999]
2022-08-11 03:34:27.773 : - Iteration: 107	[MsgId: MMSG-17999]
2022-08-11 03:34:27.773 :   Account: jojo37/bean37	[MsgId: MMSG-17999]
2022-08-11 03:34:37.337 :   Login completed	[MsgId: MMSG-17999]
2022-08-11 03:35:10.221 :   Logout completed	[MsgId: MMSG-17999]
2022-08-11 03:37:07.787 : - Iteration: 108	[MsgId: MMSG-17999]
2022-08-11 03:37:07.788 :   Account: jojo37/bean37	[MsgId: MMSG-17999]
2022-08-11 03:37:16.546 :   Login completed	[MsgId: MMSG-17999]
2022-08-11 03:37:42.274 :   Logout completed	[MsgId: MMSG-17999]
2022-08-11 03:39:47.792 : - Iteration: 109	[MsgId: MMSG-17999]
2022-08-11 03:39:47.793 :   Account: jojo37/bean37	[MsgId: MMSG-17999]
2022-08-11 03:39:54.776 :   Login completed	[MsgId: MMSG-17999]
2022-08-11 03:40:24.358 :   Logout completed	[MsgId: MMSG-17999]
2022-08-11 03:42:27.793 : - Iteration: 110	[MsgId: MMSG-17999]
2022-08-11 03:42:27.794 :   Account: jojo37/bean37	[MsgId: MMSG-17999]
2022-08-11 03:42:34.903 :   Login completed	[MsgId: MMSG-17999]
2022-08-11 03:42:57.099 :   Logout completed	[MsgId: MMSG-17999]
2022-08-11 03:45:07.802 : - Iteration: 111	[MsgId: MMSG-17999]
2022-08-11 03:45:07.802 :   Account: jojo37/bean37	[MsgId: MMSG-17999]
2022-08-11 03:45:21.458 :   Login completed	[MsgId: MMSG-17999]
2022-08-11 03:45:59.039 :   Logout completed	[MsgId: MMSG-17999]
2022-08-11 03:47:47.812 : - Iteration: 112	[MsgId: MMSG-17999]
2022-08-11 03:47:47.812 :   Account: jojo37/bean37	[MsgId: MMSG-17999]
2022-08-11 03:48:03.370 :   Login completed	[MsgId: MMSG-17999]
2022-08-11 03:48:36.987 :   Logout completed	[MsgId: MMSG-17999]
2022-08-11 03:50:27.817 : - Iteration: 113	[MsgId: MMSG-17999]
2022-08-11 03:50:27.817 :   Account: jojo37/bean37	[MsgId: MMSG-17999]
2022-08-11 03:50:36.899 :   Login completed	[MsgId: MMSG-17999]
2022-08-11 03:51:04.959 :   Logout completed	[MsgId: MMSG-17999]
2022-08-11 03:53:07.830 : - Iteration: 114	[MsgId: MMSG-17999]
2022-08-11 03:53:07.830 :   Account: jojo37/bean37	[MsgId: MMSG-17999]
2022-08-11 03:53:17.893 :   Login completed	[MsgId: MMSG-17999]
2022-08-11 03:53:47.876 :   Logout completed	[MsgId: MMSG-17999]
2022-08-11 03:55:47.843 : - Iteration: 115	[MsgId: MMSG-17999]
2022-08-11 03:55:47.843 :   Account: jojo37/bean37	[MsgId: MMSG-17999]
2022-08-11 03:56:00.948 :   Login completed	[MsgId: MMSG-17999]
2022-08-11 03:56:30.010 :   Logout completed	[MsgId: MMSG-17999]
2022-08-11 03:58:27.843 : - Iteration: 116	[MsgId: MMSG-17999]
2022-08-11 03:58:27.843 :   Account: jojo37/bean37	[MsgId: MMSG-17999]
2022-08-11 03:58:43.192 :   Login completed	[MsgId: MMSG-17999]
2022-08-11 03:59:10.359 :   Logout completed	[MsgId: MMSG-17999]
2022-08-11 04:01:07.854 : - Iteration: 117	[MsgId: MMSG-17999]
2022-08-11 04:01:07.854 :   Account: jojo37/bean37	[MsgId: MMSG-17999]
2022-08-11 04:01:22.756 :   Login completed	[MsgId: MMSG-17999]
2022-08-11 04:01:51.642 :   Logout completed	[MsgId: MMSG-17999]
2022-08-11 04:03:47.867 : - Iteration: 118	[MsgId: MMSG-17999]
2022-08-11 04:03:47.867 :   Account: jojo37/bean37	[MsgId: MMSG-17999]
2022-08-11 04:03:59.012 :   Login completed	[MsgId: MMSG-17999]
2022-08-11 04:04:27.740 :   Logout completed	[MsgId: MMSG-17999]
2022-08-11 04:06:27.876 : - Iteration: 119	[MsgId: MMSG-17999]
2022-08-11 04:06:27.876 :   Account: jojo37/bean37	[MsgId: MMSG-17999]
2022-08-11 04:06:37.085 :   Login completed	[MsgId: MMSG-17999]
2022-08-11 04:07:12.793 :   Logout completed	[MsgId: MMSG-17999]
2022-08-11 04:09:07.884 : - Iteration: 120	[MsgId: MMSG-17999]
2022-08-11 04:09:07.884 :   Account: jojo37/bean37	[MsgId: MMSG-17999]
2022-08-11 04:09:19.247 :   Login completed	[MsgId: MMSG-17999]
2022-08-11 04:09:52.866 :   Logout completed	[MsgId: MMSG-17999]
2022-08-11 04:11:47.899 : - Iteration: 121	[MsgId: MMSG-17999]
2022-08-11 04:11:47.899 :   Account: jojo37/bean37	[MsgId: MMSG-17999]
2022-08-11 04:11:56.801 :   Login completed	[MsgId: MMSG-17999]
2022-08-11 04:12:21.996 :   Logout completed	[MsgId: MMSG-17999]
2022-08-11 04:14:27.903 : - Iteration: 122	[MsgId: MMSG-17999]
2022-08-11 04:14:27.903 :   Account: jojo37/bean37	[MsgId: MMSG-17999]
2022-08-11 04:14:40.812 :   Login completed	[MsgId: MMSG-17999]
2022-08-11 04:15:09.815 :   Logout completed	[MsgId: MMSG-17999]
2022-08-11 04:17:07.904 : - Iteration: 123	[MsgId: MMSG-17999]
2022-08-11 04:17:07.904 :   Account: jojo37/bean37	[MsgId: MMSG-17999]
2022-08-11 04:17:15.721 :   Login completed	[MsgId: MMSG-17999]
2022-08-11 04:17:49.283 :   Logout completed	[MsgId: MMSG-17999]
2022-08-11 04:19:47.915 : - Iteration: 124	[MsgId: MMSG-17999]
2022-08-11 04:19:47.915 :   Account: jojo37/bean37	[MsgId: MMSG-17999]
2022-08-11 04:20:02.212 :   Login completed	[MsgId: MMSG-17999]
2022-08-11 04:20:37.241 :   Logout completed	[MsgId: MMSG-17999]
2022-08-11 04:22:27.927 : - Iteration: 125	[MsgId: MMSG-17999]
2022-08-11 04:22:27.928 :   Account: jojo37/bean37	[MsgId: MMSG-17999]
2022-08-11 04:22:34.230 :   Login completed	[MsgId: MMSG-17999]
2022-08-11 04:23:06.452 :   Logout completed	[MsgId: MMSG-17999]
2022-08-11 04:25:07.928 : - Iteration: 126	[MsgId: MMSG-17999]
2022-08-11 04:25:07.929 :   Account: jojo37/bean37	[MsgId: MMSG-17999]
2022-08-11 04:25:17.934 :   Login completed	[MsgId: MMSG-17999]
2022-08-11 04:25:49.745 :   Logout completed	[MsgId: MMSG-17999]
2022-08-11 04:27:47.943 : - Iteration: 127	[MsgId: MMSG-17999]
2022-08-11 04:27:47.944 :   Account: jojo37/bean37	[MsgId: MMSG-17999]
2022-08-11 04:27:53.828 :   Login completed	[MsgId: MMSG-17999]
2022-08-11 04:28:27.921 :   Logout completed	[MsgId: MMSG-17999]
2022-08-11 04:30:27.950 : - Iteration: 128	[MsgId: MMSG-17999]
2022-08-11 04:30:27.951 :   Account: jojo37/bean37	[MsgId: MMSG-17999]
2022-08-11 04:30:37.172 :   Login completed	[MsgId: MMSG-17999]
2022-08-11 04:31:05.530 :   Logout completed	[MsgId: MMSG-17999]
2022-08-11 04:33:07.959 : - Iteration: 129	[MsgId: MMSG-17999]
2022-08-11 04:33:07.959 :   Account: jojo37/bean37	[MsgId: MMSG-17999]
2022-08-11 04:33:21.266 :   Login completed	[MsgId: MMSG-17999]
2022-08-11 04:33:48.062 :   Logout completed	[MsgId: MMSG-17999]
2022-08-11 04:35:47.966 : - Iteration: 130	[MsgId: MMSG-17999]
2022-08-11 04:35:47.966 :   Account: jojo37/bean37	[MsgId: MMSG-17999]
2022-08-11 04:36:00.429 :   Login completed	[MsgId: MMSG-17999]
2022-08-11 04:36:37.326 :   Logout completed	[MsgId: MMSG-17999]
2022-08-11 04:38:27.970 : - Iteration: 131	[MsgId: MMSG-17999]
2022-08-11 04:38:27.971 :   Account: jojo37/bean37	[MsgId: MMSG-17999]
2022-08-11 04:38:34.844 :   Login completed	[MsgId: MMSG-17999]
2022-08-11 04:39:01.312 :   Logout completed	[MsgId: MMSG-17999]
2022-08-11 04:41:07.981 : - Iteration: 132	[MsgId: MMSG-17999]
2022-08-11 04:41:07.981 :   Account: jojo37/bean37	[MsgId: MMSG-17999]
2022-08-11 04:41:16.409 :   Login completed	[MsgId: MMSG-17999]
2022-08-11 04:41:48.417 :   Logout completed	[MsgId: MMSG-17999]
2022-08-11 04:43:47.988 : - Iteration: 133	[MsgId: MMSG-17999]
2022-08-11 04:43:47.988 :   Account: jojo37/bean37	[MsgId: MMSG-17999]
2022-08-11 04:43:57.102 :   Login completed	[MsgId: MMSG-17999]
2022-08-11 04:44:33.470 :   Logout completed	[MsgId: MMSG-17999]
2022-08-11 04:46:28.004 : - Iteration: 134	[MsgId: MMSG-17999]
2022-08-11 04:46:28.004 :   Account: jojo37/bean37	[MsgId: MMSG-17999]
2022-08-11 04:46:36.509 :   Login completed	[MsgId: MMSG-17999]
2022-08-11 04:47:06.844 :   Logout completed	[MsgId: MMSG-17999]
2022-08-11 04:49:08.005 : - Iteration: 135	[MsgId: MMSG-17999]
2022-08-11 04:49:08.005 :   Account: jojo37/bean37	[MsgId: MMSG-17999]
2022-08-11 04:49:18.039 :   Login completed	[MsgId: MMSG-17999]
2022-08-11 04:49:52.202 :   Logout completed	[MsgId: MMSG-17999]
2022-08-11 04:51:48.016 : - Iteration: 136	[MsgId: MMSG-17999]
2022-08-11 04:51:48.016 :   Account: jojo37/bean37	[MsgId: MMSG-17999]
2022-08-11 04:51:54.540 :   Login completed	[MsgId: MMSG-17999]
2022-08-11 04:52:18.834 :   Logout completed	[MsgId: MMSG-17999]
2022-08-11 04:54:28.022 : - Iteration: 137	[MsgId: MMSG-17999]
2022-08-11 04:54:28.022 :   Account: jojo37/bean37	[MsgId: MMSG-17999]
2022-08-11 04:54:38.491 :   Login completed	[MsgId: MMSG-17999]
2022-08-11 04:55:08.710 :   Logout completed	[MsgId: MMSG-17999]
2022-08-11 04:57:08.022 : - Iteration: 138	[MsgId: MMSG-17999]
2022-08-11 04:57:08.022 :   Account: jojo37/bean37	[MsgId: MMSG-17999]
2022-08-11 04:57:15.014 :   Login completed	[MsgId: MMSG-17999]
2022-08-11 04:57:46.787 :   Logout completed	[MsgId: MMSG-17999]
2022-08-11 04:59:48.032 : - Iteration: 139	[MsgId: MMSG-17999]
2022-08-11 04:59:48.032 :   Account: jojo37/bean37	[MsgId: MMSG-17999]
2022-08-11 04:59:53.859 :   Login completed	[MsgId: MMSG-17999]
2022-08-11 05:00:29.439 :   Logout completed	[MsgId: MMSG-17999]
