2022-08-11 03:50:21.995 : URL = localhost:1080	[MsgId: MMSG-17999]
2022-08-11 03:50:22.017 : - Iteration: 1	[MsgId: MMSG-17999]
2022-08-11 03:50:22.017 :   Account: jojo50/bean50	[MsgId: MMSG-17999]
2022-08-11 03:50:31.491 :   Login completed	[MsgId: MMSG-17999]
2022-08-11 03:51:10.401 :   Flights have been booked: outbound(flight ¹; price; date): 730;174;08/11/2022,return(flight ¹; price; date): 371;155;08/18/2022 for Jojo50 Bean50	[MsgId: MMSG-17999]
2022-08-11 03:51:27.283 :   Booking to delete: 1 booking 277323339-105486-JB	[MsgId: MMSG-17999]
2022-08-11 03:51:34.066 :   Logout completed	[MsgId: MMSG-17999]
2022-08-11 04:02:22.020 : - Iteration: 2	[MsgId: MMSG-17999]
2022-08-11 04:02:22.020 :   Account: jojo50/bean50	[MsgId: MMSG-17999]
2022-08-11 04:02:28.731 :   Login completed	[MsgId: MMSG-17999]
2022-08-11 04:03:17.724 :   Flights have been booked: outbound(flight ¹; price; date): 050;515;08/11/2022,return(flight ¹; price; date): 503;421;08/18/2022 for Jojo50 Bean50	[MsgId: MMSG-17999]
2022-08-11 04:03:37.326 :   Booking to delete: 1 booking 277298167-115687-JB	[MsgId: MMSG-17999]
2022-08-11 04:03:42.278 :   Logout completed	[MsgId: MMSG-17999]
2022-08-11 04:14:22.031 : - Iteration: 3	[MsgId: MMSG-17999]
2022-08-11 04:14:22.032 :   Account: jojo50/bean50	[MsgId: MMSG-17999]
2022-08-11 04:14:35.871 :   Login completed	[MsgId: MMSG-17999]
2022-08-11 04:15:27.885 :   Flights have been booked: outbound(flight ¹; price; date): 732;239;08/11/2022,return(flight ¹; price; date): 371;225;08/18/2022 for Jojo50 Bean50	[MsgId: MMSG-17999]
2022-08-11 04:15:49.619 :   Booking to delete: 1 booking 277323416-105497-JB	[MsgId: MMSG-17999]
2022-08-11 04:15:53.303 :   Logout completed	[MsgId: MMSG-17999]
2022-08-11 04:26:22.037 : - Iteration: 4	[MsgId: MMSG-17999]
2022-08-11 04:26:22.039 :   Account: jojo50/bean50	[MsgId: MMSG-17999]
2022-08-11 04:26:29.477 :   Login completed	[MsgId: MMSG-17999]
2022-08-11 04:27:16.279 :   Flights have been booked: outbound(flight ¹; price; date): 150;320;08/11/2022,return(flight ¹; price; date): 512;302;08/18/2022 for Jojo50 Bean50	[MsgId: MMSG-17999]
2022-08-11 04:27:30.232 :   Booking to delete: 1 booking 277301863-116355-JB	[MsgId: MMSG-17999]
2022-08-11 04:27:36.443 :   Logout completed	[MsgId: MMSG-17999]
2022-08-11 04:38:22.047 : - Iteration: 5	[MsgId: MMSG-17999]
2022-08-11 04:38:22.047 :   Account: jojo50/bean50	[MsgId: MMSG-17999]
2022-08-11 04:38:33.084 :   Login completed	[MsgId: MMSG-17999]
2022-08-11 04:39:16.070 :   Flights have been booked: outbound(flight ¹; price; date): 742;1060;08/11/2022,return(flight ¹; price; date): 470;1122;08/18/2022 for Jojo50 Bean50	[MsgId: MMSG-17999]
2022-08-11 04:39:40.094 :   Booking to delete: 1 booking 2773237817-1130937-JB	[MsgId: MMSG-17999]
2022-08-11 04:39:44.070 :   Logout completed	[MsgId: MMSG-17999]
2022-08-11 04:50:22.052 : - Iteration: 6	[MsgId: MMSG-17999]
2022-08-11 04:50:22.052 :   Account: jojo50/bean50	[MsgId: MMSG-17999]
2022-08-11 04:50:35.858 :   Login completed	[MsgId: MMSG-17999]
2022-08-11 04:51:30.638 :   Flights have been booked: outbound(flight ¹; price; date): 251;717;08/11/2022,return(flight ¹; price; date): 523;659;08/18/2022 for Jojo50 Bean50	[MsgId: MMSG-17999]
2022-08-11 04:51:49.467 :   Booking to delete: 1 booking 277305619-1171644-JB	[MsgId: MMSG-17999]
2022-08-11 04:51:56.066 :   Logout completed	[MsgId: MMSG-17999]
2022-08-11 05:02:22.062 : - Iteration: 7	[MsgId: MMSG-17999]
2022-08-11 05:02:22.063 :   Account: jojo50/bean50	[MsgId: MMSG-17999]
2022-08-11 05:02:33.250 :   Login completed	[MsgId: MMSG-17999]
2022-08-11 05:03:16.816 :   Flights have been booked: outbound(flight ¹; price; date): 891;956;08/11/2022,return(flight ¹; price; date): 982;1015;08/18/2022 for Jojo50 Bean50	[MsgId: MMSG-17999]
2022-08-11 05:03:40.702 :   Booking to delete: 1 booking 277329331-1524767-JB	[MsgId: MMSG-17999]
2022-08-11 05:03:43.574 :   Logout completed	[MsgId: MMSG-17999]
