2022-08-10 22:50:34.524 : URL = localhost:1080	[MsgId: MMSG-17999]
2022-08-10 22:50:34.542 : - Iteration: 1	[MsgId: MMSG-17999]
2022-08-10 22:50:34.542 :   Account: jojo2/bean2	[MsgId: MMSG-17999]
2022-08-10 22:50:46.994 :   Login completed	[MsgId: MMSG-17999]
2022-08-10 22:50:50.057 :   Logout completed	[MsgId: MMSG-17999]
2022-08-10 22:52:40.549 : - Iteration: 2	[MsgId: MMSG-17999]
2022-08-10 22:52:40.550 :   Account: jojo2/bean2	[MsgId: MMSG-17999]
2022-08-10 22:52:56.049 :   Login completed	[MsgId: MMSG-17999]
2022-08-10 22:53:00.423 :   Logout completed	[MsgId: MMSG-17999]
2022-08-10 22:54:46.583 : - Iteration: 3	[MsgId: MMSG-17999]
2022-08-10 22:54:46.584 :   Account: jojo2/bean2	[MsgId: MMSG-17999]
2022-08-10 22:54:52.409 :   Login completed	[MsgId: MMSG-17999]
2022-08-10 22:54:56.306 :   Logout completed	[MsgId: MMSG-17999]
2022-08-10 22:56:52.560 : - Iteration: 4	[MsgId: MMSG-17999]
2022-08-10 22:56:52.560 :   Account: jojo2/bean2	[MsgId: MMSG-17999]
2022-08-10 22:57:06.993 :   Login completed	[MsgId: MMSG-17999]
2022-08-10 22:57:13.161 :   Logout completed	[MsgId: MMSG-17999]
2022-08-10 22:58:58.563 : - Iteration: 5	[MsgId: MMSG-17999]
2022-08-10 22:58:58.563 :   Account: jojo2/bean2	[MsgId: MMSG-17999]
2022-08-10 22:59:06.320 :   Login completed	[MsgId: MMSG-17999]
2022-08-10 22:59:12.705 :   Logout completed	[MsgId: MMSG-17999]
2022-08-10 23:01:04.575 : - Iteration: 6	[MsgId: MMSG-17999]
2022-08-10 23:01:04.575 :   Account: jojo2/bean2	[MsgId: MMSG-17999]
2022-08-10 23:01:19.622 :   Login completed	[MsgId: MMSG-17999]
2022-08-10 23:01:25.008 :   Logout completed	[MsgId: MMSG-17999]
2022-08-10 23:03:10.589 : - Iteration: 7	[MsgId: MMSG-17999]
2022-08-10 23:03:10.589 :   Account: jojo2/bean2	[MsgId: MMSG-17999]
2022-08-10 23:03:23.172 :   Login completed	[MsgId: MMSG-17999]
2022-08-10 23:03:30.661 :   Logout completed	[MsgId: MMSG-17999]
2022-08-10 23:05:16.592 : - Iteration: 8	[MsgId: MMSG-17999]
2022-08-10 23:05:16.592 :   Account: jojo2/bean2	[MsgId: MMSG-17999]
2022-08-10 23:05:27.960 :   Login completed	[MsgId: MMSG-17999]
2022-08-10 23:05:31.897 :   Logout completed	[MsgId: MMSG-17999]
2022-08-10 23:07:22.607 : - Iteration: 9	[MsgId: MMSG-17999]
2022-08-10 23:07:22.608 :   Account: jojo2/bean2	[MsgId: MMSG-17999]
2022-08-10 23:07:29.846 :   Login completed	[MsgId: MMSG-17999]
2022-08-10 23:07:34.297 :   Logout completed	[MsgId: MMSG-17999]
2022-08-10 23:09:28.609 : - Iteration: 10	[MsgId: MMSG-17999]
2022-08-10 23:09:28.609 :   Account: jojo2/bean2	[MsgId: MMSG-17999]
2022-08-10 23:09:39.693 :   Login completed	[MsgId: MMSG-17999]
2022-08-10 23:09:43.180 :   Logout completed	[MsgId: MMSG-17999]
2022-08-10 23:11:34.611 : - Iteration: 11	[MsgId: MMSG-17999]
2022-08-10 23:11:34.612 :   Account: jojo2/bean2	[MsgId: MMSG-17999]
2022-08-10 23:11:47.820 :   Login completed	[MsgId: MMSG-17999]
2022-08-10 23:11:51.332 :   Logout completed	[MsgId: MMSG-17999]
2022-08-10 23:13:40.612 : - Iteration: 12	[MsgId: MMSG-17999]
2022-08-10 23:13:40.613 :   Account: jojo2/bean2	[MsgId: MMSG-17999]
2022-08-10 23:13:47.960 :   Login completed	[MsgId: MMSG-17999]
2022-08-10 23:13:55.223 :   Logout completed	[MsgId: MMSG-17999]
2022-08-10 23:15:46.622 : - Iteration: 13	[MsgId: MMSG-17999]
2022-08-10 23:15:46.622 :   Account: jojo2/bean2	[MsgId: MMSG-17999]
2022-08-10 23:15:59.475 :   Login completed	[MsgId: MMSG-17999]
2022-08-10 23:16:06.182 :   Logout completed	[MsgId: MMSG-17999]
2022-08-10 23:17:52.633 : - Iteration: 14	[MsgId: MMSG-17999]
2022-08-10 23:17:52.633 :   Account: jojo2/bean2	[MsgId: MMSG-17999]
2022-08-10 23:18:01.155 :   Login completed	[MsgId: MMSG-17999]
2022-08-10 23:18:04.482 :   Logout completed	[MsgId: MMSG-17999]
2022-08-10 23:19:58.646 : - Iteration: 15	[MsgId: MMSG-17999]
2022-08-10 23:19:58.646 :   Account: jojo2/bean2	[MsgId: MMSG-17999]
2022-08-10 23:20:07.602 :   Login completed	[MsgId: MMSG-17999]
2022-08-10 23:20:10.436 :   Logout completed	[MsgId: MMSG-17999]
2022-08-10 23:22:04.654 : - Iteration: 16	[MsgId: MMSG-17999]
2022-08-10 23:22:04.654 :   Account: jojo2/bean2	[MsgId: MMSG-17999]
2022-08-10 23:22:12.414 :   Login completed	[MsgId: MMSG-17999]
2022-08-10 23:22:17.789 :   Logout completed	[MsgId: MMSG-17999]
2022-08-10 23:24:10.670 : - Iteration: 17	[MsgId: MMSG-17999]
2022-08-10 23:24:10.670 :   Account: jojo2/bean2	[MsgId: MMSG-17999]
2022-08-10 23:24:22.411 :   Login completed	[MsgId: MMSG-17999]
2022-08-10 23:24:26.164 :   Logout completed	[MsgId: MMSG-17999]
2022-08-10 23:26:16.683 : - Iteration: 18	[MsgId: MMSG-17999]
2022-08-10 23:26:16.683 :   Account: jojo2/bean2	[MsgId: MMSG-17999]
2022-08-10 23:26:25.114 :   Login completed	[MsgId: MMSG-17999]
2022-08-10 23:26:29.466 :   Logout completed	[MsgId: MMSG-17999]
2022-08-10 23:28:22.689 : - Iteration: 19	[MsgId: MMSG-17999]
2022-08-10 23:28:22.689 :   Account: jojo2/bean2	[MsgId: MMSG-17999]
2022-08-10 23:28:33.245 :   Login completed	[MsgId: MMSG-17999]
2022-08-10 23:28:39.131 :   Logout completed	[MsgId: MMSG-17999]
2022-08-10 23:30:28.690 : - Iteration: 20	[MsgId: MMSG-17999]
2022-08-10 23:30:28.690 :   Account: jojo2/bean2	[MsgId: MMSG-17999]
2022-08-10 23:30:40.623 :   Login completed	[MsgId: MMSG-17999]
2022-08-10 23:30:44.255 :   Logout completed	[MsgId: MMSG-17999]
2022-08-10 23:32:34.692 : - Iteration: 21	[MsgId: MMSG-17999]
2022-08-10 23:32:34.692 :   Account: jojo2/bean2	[MsgId: MMSG-17999]
2022-08-10 23:32:40.945 :   Login completed	[MsgId: MMSG-17999]
2022-08-10 23:32:45.986 :   Logout completed	[MsgId: MMSG-17999]
2022-08-10 23:34:40.702 : - Iteration: 22	[MsgId: MMSG-17999]
2022-08-10 23:34:40.702 :   Account: jojo2/bean2	[MsgId: MMSG-17999]
2022-08-10 23:34:49.218 :   Login completed	[MsgId: MMSG-17999]
2022-08-10 23:34:56.008 :   Logout completed	[MsgId: MMSG-17999]
2022-08-10 23:36:46.710 : - Iteration: 23	[MsgId: MMSG-17999]
2022-08-10 23:36:46.710 :   Account: jojo2/bean2	[MsgId: MMSG-17999]
2022-08-10 23:37:00.038 :   Login completed	[MsgId: MMSG-17999]
2022-08-10 23:37:03.099 :   Logout completed	[MsgId: MMSG-17999]
2022-08-10 23:38:52.713 : - Iteration: 24	[MsgId: MMSG-17999]
2022-08-10 23:38:52.713 :   Account: jojo2/bean2	[MsgId: MMSG-17999]
2022-08-10 23:38:59.622 :   Login completed	[MsgId: MMSG-17999]
2022-08-10 23:39:04.598 :   Logout completed	[MsgId: MMSG-17999]
2022-08-10 23:40:58.724 : - Iteration: 25	[MsgId: MMSG-17999]
2022-08-10 23:40:58.725 :   Account: jojo2/bean2	[MsgId: MMSG-17999]
2022-08-10 23:41:06.320 :   Login completed	[MsgId: MMSG-17999]
2022-08-10 23:41:09.391 :   Logout completed	[MsgId: MMSG-17999]
2022-08-10 23:43:04.725 : - Iteration: 26	[MsgId: MMSG-17999]
2022-08-10 23:43:04.725 :   Account: jojo2/bean2	[MsgId: MMSG-17999]
2022-08-10 23:43:18.678 :   Login completed	[MsgId: MMSG-17999]
2022-08-10 23:43:22.002 :   Logout completed	[MsgId: MMSG-17999]
2022-08-10 23:45:10.731 : - Iteration: 27	[MsgId: MMSG-17999]
2022-08-10 23:45:10.732 :   Account: jojo2/bean2	[MsgId: MMSG-17999]
2022-08-10 23:45:21.906 :   Login completed	[MsgId: MMSG-17999]
2022-08-10 23:45:24.819 :   Logout completed	[MsgId: MMSG-17999]
2022-08-10 23:47:16.735 : - Iteration: 28	[MsgId: MMSG-17999]
2022-08-10 23:47:16.735 :   Account: jojo2/bean2	[MsgId: MMSG-17999]
2022-08-10 23:47:22.971 :   Login completed	[MsgId: MMSG-17999]
2022-08-10 23:47:28.084 :   Logout completed	[MsgId: MMSG-17999]
2022-08-10 23:49:22.744 : - Iteration: 29	[MsgId: MMSG-17999]
2022-08-10 23:49:22.744 :   Account: jojo2/bean2	[MsgId: MMSG-17999]
2022-08-10 23:49:33.293 :   Login completed	[MsgId: MMSG-17999]
2022-08-10 23:49:36.161 :   Logout completed	[MsgId: MMSG-17999]
2022-08-10 23:51:28.750 : - Iteration: 30	[MsgId: MMSG-17999]
2022-08-10 23:51:28.750 :   Account: jojo2/bean2	[MsgId: MMSG-17999]
2022-08-10 23:51:40.529 :   Login completed	[MsgId: MMSG-17999]
2022-08-10 23:51:46.772 :   Logout completed	[MsgId: MMSG-17999]
2022-08-10 23:53:34.762 : - Iteration: 31	[MsgId: MMSG-17999]
2022-08-10 23:53:34.762 :   Account: jojo2/bean2	[MsgId: MMSG-17999]
2022-08-10 23:53:41.094 :   Login completed	[MsgId: MMSG-17999]
2022-08-10 23:53:46.536 :   Logout completed	[MsgId: MMSG-17999]
2022-08-10 23:55:40.762 : - Iteration: 32	[MsgId: MMSG-17999]
2022-08-10 23:55:40.762 :   Account: jojo2/bean2	[MsgId: MMSG-17999]
2022-08-10 23:55:55.483 :   Login completed	[MsgId: MMSG-17999]
2022-08-10 23:56:01.704 :   Logout completed	[MsgId: MMSG-17999]
2022-08-10 23:57:46.771 : - Iteration: 33	[MsgId: MMSG-17999]
2022-08-10 23:57:46.772 :   Account: jojo2/bean2	[MsgId: MMSG-17999]
2022-08-10 23:57:59.089 :   Login completed	[MsgId: MMSG-17999]
2022-08-10 23:58:04.268 :   Logout completed	[MsgId: MMSG-17999]
2022-08-10 23:59:52.781 : - Iteration: 34	[MsgId: MMSG-17999]
2022-08-10 23:59:52.781 :   Account: jojo2/bean2	[MsgId: MMSG-17999]
2022-08-10 23:59:59.119 :   Login completed	[MsgId: MMSG-17999]
2022-08-11 00:00:06.162 :   Logout completed	[MsgId: MMSG-17999]
2022-08-11 00:01:58.785 : - Iteration: 35	[MsgId: MMSG-17999]
2022-08-11 00:01:58.785 :   Account: jojo2/bean2	[MsgId: MMSG-17999]
2022-08-11 00:02:10.377 :   Login completed	[MsgId: MMSG-17999]
2022-08-11 00:02:15.585 :   Logout completed	[MsgId: MMSG-17999]
2022-08-11 00:04:04.794 : - Iteration: 36	[MsgId: MMSG-17999]
2022-08-11 00:04:04.795 :   Account: jojo2/bean2	[MsgId: MMSG-17999]
2022-08-11 00:04:10.527 :   Login completed	[MsgId: MMSG-17999]
2022-08-11 00:04:14.431 :   Logout completed	[MsgId: MMSG-17999]
2022-08-11 00:06:10.796 : - Iteration: 37	[MsgId: MMSG-17999]
2022-08-11 00:06:10.796 :   Account: jojo2/bean2	[MsgId: MMSG-17999]
2022-08-11 00:06:24.591 :   Login completed	[MsgId: MMSG-17999]
2022-08-11 00:06:30.222 :   Logout completed	[MsgId: MMSG-17999]
2022-08-11 00:08:16.805 : - Iteration: 38	[MsgId: MMSG-17999]
2022-08-11 00:08:16.805 :   Account: jojo2/bean2	[MsgId: MMSG-17999]
2022-08-11 00:08:30.496 :   Login completed	[MsgId: MMSG-17999]
2022-08-11 00:08:36.456 :   Logout completed	[MsgId: MMSG-17999]
2022-08-11 00:10:22.817 : - Iteration: 39	[MsgId: MMSG-17999]
2022-08-11 00:10:22.817 :   Account: jojo2/bean2	[MsgId: MMSG-17999]
2022-08-11 00:10:29.329 :   Login completed	[MsgId: MMSG-17999]
2022-08-11 00:10:35.087 :   Logout completed	[MsgId: MMSG-17999]
2022-08-11 00:12:28.821 : - Iteration: 40	[MsgId: MMSG-17999]
2022-08-11 00:12:28.821 :   Account: jojo2/bean2	[MsgId: MMSG-17999]
2022-08-11 00:12:37.550 :   Login completed	[MsgId: MMSG-17999]
2022-08-11 00:12:41.114 :   Logout completed	[MsgId: MMSG-17999]
2022-08-11 00:14:34.837 : - Iteration: 41	[MsgId: MMSG-17999]
2022-08-11 00:14:34.838 :   Account: jojo2/bean2	[MsgId: MMSG-17999]
2022-08-11 00:14:48.921 :   Login completed	[MsgId: MMSG-17999]
2022-08-11 00:14:54.710 :   Logout completed	[MsgId: MMSG-17999]
2022-08-11 00:16:40.840 : - Iteration: 42	[MsgId: MMSG-17999]
2022-08-11 00:16:40.840 :   Account: jojo2/bean2	[MsgId: MMSG-17999]
2022-08-11 00:16:51.827 :   Login completed	[MsgId: MMSG-17999]
2022-08-11 00:16:57.734 :   Logout completed	[MsgId: MMSG-17999]
2022-08-11 00:18:46.848 : - Iteration: 43	[MsgId: MMSG-17999]
2022-08-11 00:18:46.849 :   Account: jojo2/bean2	[MsgId: MMSG-17999]
2022-08-11 00:19:02.013 :   Login completed	[MsgId: MMSG-17999]
2022-08-11 00:19:08.642 :   Logout completed	[MsgId: MMSG-17999]
2022-08-11 00:20:52.851 : - Iteration: 44	[MsgId: MMSG-17999]
2022-08-11 00:20:52.851 :   Account: jojo2/bean2	[MsgId: MMSG-17999]
2022-08-11 00:21:02.791 :   Login completed	[MsgId: MMSG-17999]
2022-08-11 00:21:08.861 :   Logout completed	[MsgId: MMSG-17999]
2022-08-11 00:22:58.855 : - Iteration: 45	[MsgId: MMSG-17999]
2022-08-11 00:22:58.855 :   Account: jojo2/bean2	[MsgId: MMSG-17999]
2022-08-11 00:23:14.306 :   Login completed	[MsgId: MMSG-17999]
2022-08-11 00:23:20.583 :   Logout completed	[MsgId: MMSG-17999]
2022-08-11 00:25:04.864 : - Iteration: 46	[MsgId: MMSG-17999]
2022-08-11 00:25:04.865 :   Account: jojo2/bean2	[MsgId: MMSG-17999]
2022-08-11 00:25:17.324 :   Login completed	[MsgId: MMSG-17999]
2022-08-11 00:25:22.207 :   Logout completed	[MsgId: MMSG-17999]
2022-08-11 00:27:10.870 : - Iteration: 47	[MsgId: MMSG-17999]
2022-08-11 00:27:10.871 :   Account: jojo2/bean2	[MsgId: MMSG-17999]
2022-08-11 00:27:25.394 :   Login completed	[MsgId: MMSG-17999]
2022-08-11 00:27:31.995 :   Logout completed	[MsgId: MMSG-17999]
2022-08-11 00:29:16.880 : - Iteration: 48	[MsgId: MMSG-17999]
2022-08-11 00:29:16.880 :   Account: jojo2/bean2	[MsgId: MMSG-17999]
2022-08-11 00:29:29.035 :   Login completed	[MsgId: MMSG-17999]
2022-08-11 00:29:33.531 :   Logout completed	[MsgId: MMSG-17999]
2022-08-11 00:31:22.893 : - Iteration: 49	[MsgId: MMSG-17999]
2022-08-11 00:31:22.893 :   Account: jojo2/bean2	[MsgId: MMSG-17999]
2022-08-11 00:31:29.941 :   Login completed	[MsgId: MMSG-17999]
2022-08-11 00:31:33.418 :   Logout completed	[MsgId: MMSG-17999]
2022-08-11 00:33:28.907 : - Iteration: 50	[MsgId: MMSG-17999]
2022-08-11 00:33:28.908 :   Account: jojo2/bean2	[MsgId: MMSG-17999]
2022-08-11 00:33:38.881 :   Login completed	[MsgId: MMSG-17999]
2022-08-11 00:33:44.575 :   Logout completed	[MsgId: MMSG-17999]
2022-08-11 00:35:34.912 : - Iteration: 51	[MsgId: MMSG-17999]
2022-08-11 00:35:34.913 :   Account: jojo2/bean2	[MsgId: MMSG-17999]
2022-08-11 00:35:45.700 :   Login completed	[MsgId: MMSG-17999]
2022-08-11 00:35:48.520 :   Logout completed	[MsgId: MMSG-17999]
2022-08-11 00:37:40.920 : - Iteration: 52	[MsgId: MMSG-17999]
2022-08-11 00:37:40.921 :   Account: jojo2/bean2	[MsgId: MMSG-17999]
2022-08-11 00:37:49.886 :   Login completed	[MsgId: MMSG-17999]
2022-08-11 00:37:56.880 :   Logout completed	[MsgId: MMSG-17999]
2022-08-11 00:39:46.922 : - Iteration: 53	[MsgId: MMSG-17999]
2022-08-11 00:39:46.922 :   Account: jojo2/bean2	[MsgId: MMSG-17999]
2022-08-11 00:39:57.783 :   Login completed	[MsgId: MMSG-17999]
2022-08-11 00:40:04.978 :   Logout completed	[MsgId: MMSG-17999]
2022-08-11 00:41:52.927 : - Iteration: 54	[MsgId: MMSG-17999]
2022-08-11 00:41:52.927 :   Account: jojo2/bean2	[MsgId: MMSG-17999]
2022-08-11 00:41:59.838 :   Login completed	[MsgId: MMSG-17999]
2022-08-11 00:42:04.437 :   Logout completed	[MsgId: MMSG-17999]
2022-08-11 00:43:58.929 : - Iteration: 55	[MsgId: MMSG-17999]
2022-08-11 00:43:58.929 :   Account: jojo2/bean2	[MsgId: MMSG-17999]
2022-08-11 00:44:11.631 :   Login completed	[MsgId: MMSG-17999]
2022-08-11 00:44:16.703 :   Logout completed	[MsgId: MMSG-17999]
2022-08-11 00:46:04.938 : - Iteration: 56	[MsgId: MMSG-17999]
2022-08-11 00:46:04.938 :   Account: jojo2/bean2	[MsgId: MMSG-17999]
2022-08-11 00:46:14.677 :   Login completed	[MsgId: MMSG-17999]
2022-08-11 00:46:18.124 :   Logout completed	[MsgId: MMSG-17999]
2022-08-11 00:48:10.954 : - Iteration: 57	[MsgId: MMSG-17999]
2022-08-11 00:48:10.954 :   Account: jojo2/bean2	[MsgId: MMSG-17999]
2022-08-11 00:48:19.916 :   Login completed	[MsgId: MMSG-17999]
2022-08-11 00:48:22.977 :   Logout completed	[MsgId: MMSG-17999]
2022-08-11 00:50:16.960 : - Iteration: 58	[MsgId: MMSG-17999]
2022-08-11 00:50:16.961 :   Account: jojo2/bean2	[MsgId: MMSG-17999]
2022-08-11 00:50:32.315 :   Login completed	[MsgId: MMSG-17999]
2022-08-11 00:50:38.166 :   Logout completed	[MsgId: MMSG-17999]
2022-08-11 00:52:22.965 : - Iteration: 59	[MsgId: MMSG-17999]
2022-08-11 00:52:22.966 :   Account: jojo2/bean2	[MsgId: MMSG-17999]
2022-08-11 00:52:38.195 :   Login completed	[MsgId: MMSG-17999]
2022-08-11 00:52:43.830 :   Logout completed	[MsgId: MMSG-17999]
2022-08-11 00:54:28.980 : - Iteration: 60	[MsgId: MMSG-17999]
2022-08-11 00:54:28.981 :   Account: jojo2/bean2	[MsgId: MMSG-17999]
2022-08-11 00:54:40.615 :   Login completed	[MsgId: MMSG-17999]
2022-08-11 00:54:46.446 :   Logout completed	[MsgId: MMSG-17999]
2022-08-11 00:56:34.982 : - Iteration: 61	[MsgId: MMSG-17999]
2022-08-11 00:56:34.982 :   Account: jojo2/bean2	[MsgId: MMSG-17999]
2022-08-11 00:56:48.398 :   Login completed	[MsgId: MMSG-17999]
2022-08-11 00:56:53.667 :   Logout completed	[MsgId: MMSG-17999]
2022-08-11 00:58:40.995 : - Iteration: 62	[MsgId: MMSG-17999]
2022-08-11 00:58:40.995 :   Account: jojo2/bean2	[MsgId: MMSG-17999]
2022-08-11 00:58:49.102 :   Login completed	[MsgId: MMSG-17999]
2022-08-11 00:58:53.859 :   Logout completed	[MsgId: MMSG-17999]
2022-08-11 01:00:46.998 : - Iteration: 63	[MsgId: MMSG-17999]
2022-08-11 01:00:46.998 :   Account: jojo2/bean2	[MsgId: MMSG-17999]
2022-08-11 01:00:59.695 :   Login completed	[MsgId: MMSG-17999]
2022-08-11 01:01:05.495 :   Logout completed	[MsgId: MMSG-17999]
2022-08-11 01:02:53.001 : - Iteration: 64	[MsgId: MMSG-17999]
2022-08-11 01:02:53.001 :   Account: jojo2/bean2	[MsgId: MMSG-17999]
2022-08-11 01:03:04.472 :   Login completed	[MsgId: MMSG-17999]
2022-08-11 01:03:09.818 :   Logout completed	[MsgId: MMSG-17999]
2022-08-11 01:04:59.014 : - Iteration: 65	[MsgId: MMSG-17999]
2022-08-11 01:04:59.014 :   Account: jojo2/bean2	[MsgId: MMSG-17999]
2022-08-11 01:05:12.321 :   Login completed	[MsgId: MMSG-17999]
2022-08-11 01:05:17.585 :   Logout completed	[MsgId: MMSG-17999]
2022-08-11 01:07:05.021 : - Iteration: 66	[MsgId: MMSG-17999]
2022-08-11 01:07:05.021 :   Account: jojo2/bean2	[MsgId: MMSG-17999]
2022-08-11 01:07:11.677 :   Login completed	[MsgId: MMSG-17999]
2022-08-11 01:07:17.031 :   Logout completed	[MsgId: MMSG-17999]
2022-08-11 01:09:11.034 : - Iteration: 67	[MsgId: MMSG-17999]
2022-08-11 01:09:11.035 :   Account: jojo2/bean2	[MsgId: MMSG-17999]
2022-08-11 01:09:16.906 :   Login completed	[MsgId: MMSG-17999]
2022-08-11 01:09:24.470 :   Logout completed	[MsgId: MMSG-17999]
2022-08-11 01:11:17.035 : - Iteration: 68	[MsgId: MMSG-17999]
2022-08-11 01:11:17.035 :   Account: jojo2/bean2	[MsgId: MMSG-17999]
2022-08-11 01:11:26.019 :   Login completed	[MsgId: MMSG-17999]
2022-08-11 01:11:31.983 :   Logout completed	[MsgId: MMSG-17999]
2022-08-11 01:13:23.041 : - Iteration: 69	[MsgId: MMSG-17999]
2022-08-11 01:13:23.042 :   Account: jojo2/bean2	[MsgId: MMSG-17999]
2022-08-11 01:13:37.811 :   Login completed	[MsgId: MMSG-17999]
2022-08-11 01:13:43.214 :   Logout completed	[MsgId: MMSG-17999]
2022-08-11 01:15:29.047 : - Iteration: 70	[MsgId: MMSG-17999]
2022-08-11 01:15:29.048 :   Account: jojo2/bean2	[MsgId: MMSG-17999]
2022-08-11 01:15:35.710 :   Login completed	[MsgId: MMSG-17999]
2022-08-11 01:15:40.018 :   Logout completed	[MsgId: MMSG-17999]
2022-08-11 01:17:35.062 : - Iteration: 71	[MsgId: MMSG-17999]
2022-08-11 01:17:35.062 :   Account: jojo2/bean2	[MsgId: MMSG-17999]
2022-08-11 01:17:41.613 :   Login completed	[MsgId: MMSG-17999]
2022-08-11 01:17:45.305 :   Logout completed	[MsgId: MMSG-17999]
2022-08-11 01:19:41.067 : - Iteration: 72	[MsgId: MMSG-17999]
2022-08-11 01:19:41.068 :   Account: jojo2/bean2	[MsgId: MMSG-17999]
2022-08-11 01:19:52.831 :   Login completed	[MsgId: MMSG-17999]
2022-08-11 01:20:00.439 :   Logout completed	[MsgId: MMSG-17999]
2022-08-11 01:21:47.074 : - Iteration: 73	[MsgId: MMSG-17999]
2022-08-11 01:21:47.074 :   Account: jojo2/bean2	[MsgId: MMSG-17999]
2022-08-11 01:22:01.488 :   Login completed	[MsgId: MMSG-17999]
2022-08-11 01:22:06.905 :   Logout completed	[MsgId: MMSG-17999]
2022-08-11 01:23:53.078 : - Iteration: 74	[MsgId: MMSG-17999]
2022-08-11 01:23:53.078 :   Account: jojo2/bean2	[MsgId: MMSG-17999]
2022-08-11 01:24:07.676 :   Login completed	[MsgId: MMSG-17999]
2022-08-11 01:24:14.006 :   Logout completed	[MsgId: MMSG-17999]
2022-08-11 01:25:59.088 : - Iteration: 75	[MsgId: MMSG-17999]
2022-08-11 01:25:59.089 :   Account: jojo2/bean2	[MsgId: MMSG-17999]
2022-08-11 01:26:08.319 :   Login completed	[MsgId: MMSG-17999]
2022-08-11 01:26:14.182 :   Logout completed	[MsgId: MMSG-17999]
2022-08-11 01:28:05.092 : - Iteration: 76	[MsgId: MMSG-17999]
2022-08-11 01:28:05.093 :   Account: jojo2/bean2	[MsgId: MMSG-17999]
2022-08-11 01:28:19.337 :   Login completed	[MsgId: MMSG-17999]
2022-08-11 01:28:25.517 :   Logout completed	[MsgId: MMSG-17999]
2022-08-11 01:30:11.103 : - Iteration: 77	[MsgId: MMSG-17999]
2022-08-11 01:30:11.104 :   Account: jojo2/bean2	[MsgId: MMSG-17999]
2022-08-11 01:30:20.778 :   Login completed	[MsgId: MMSG-17999]
2022-08-11 01:30:28.417 :   Logout completed	[MsgId: MMSG-17999]
2022-08-11 01:32:17.103 : - Iteration: 78	[MsgId: MMSG-17999]
2022-08-11 01:32:17.103 :   Account: jojo2/bean2	[MsgId: MMSG-17999]
2022-08-11 01:32:27.258 :   Login completed	[MsgId: MMSG-17999]
2022-08-11 01:32:31.501 :   Logout completed	[MsgId: MMSG-17999]
2022-08-11 01:34:23.116 : - Iteration: 79	[MsgId: MMSG-17999]
2022-08-11 01:34:23.116 :   Account: jojo2/bean2	[MsgId: MMSG-17999]
2022-08-11 01:34:38.662 :   Login completed	[MsgId: MMSG-17999]
2022-08-11 01:34:46.180 :   Logout completed	[MsgId: MMSG-17999]
2022-08-11 01:36:29.116 : - Iteration: 80	[MsgId: MMSG-17999]
2022-08-11 01:36:29.116 :   Account: jojo2/bean2	[MsgId: MMSG-17999]
2022-08-11 01:36:37.396 :   Login completed	[MsgId: MMSG-17999]
2022-08-11 01:36:40.992 :   Logout completed	[MsgId: MMSG-17999]
2022-08-11 01:38:35.124 : - Iteration: 81	[MsgId: MMSG-17999]
2022-08-11 01:38:35.124 :   Account: jojo2/bean2	[MsgId: MMSG-17999]
2022-08-11 01:38:44.293 :   Login completed	[MsgId: MMSG-17999]
2022-08-11 01:38:50.032 :   Logout completed	[MsgId: MMSG-17999]
2022-08-11 01:40:41.134 : - Iteration: 82	[MsgId: MMSG-17999]
2022-08-11 01:40:41.134 :   Account: jojo2/bean2	[MsgId: MMSG-17999]
2022-08-11 01:40:55.581 :   Login completed	[MsgId: MMSG-17999]
2022-08-11 01:40:59.529 :   Logout completed	[MsgId: MMSG-17999]
2022-08-11 01:42:47.142 : - Iteration: 83	[MsgId: MMSG-17999]
2022-08-11 01:42:47.142 :   Account: jojo2/bean2	[MsgId: MMSG-17999]
2022-08-11 01:42:54.265 :   Login completed	[MsgId: MMSG-17999]
2022-08-11 01:43:01.841 :   Logout completed	[MsgId: MMSG-17999]
2022-08-11 01:44:53.152 : - Iteration: 84	[MsgId: MMSG-17999]
2022-08-11 01:44:53.153 :   Account: jojo2/bean2	[MsgId: MMSG-17999]
2022-08-11 01:45:05.256 :   Login completed	[MsgId: MMSG-17999]
2022-08-11 01:45:12.785 :   Logout completed	[MsgId: MMSG-17999]
2022-08-11 01:46:59.153 : - Iteration: 85	[MsgId: MMSG-17999]
2022-08-11 01:46:59.154 :   Account: jojo2/bean2	[MsgId: MMSG-17999]
2022-08-11 01:47:09.498 :   Login completed	[MsgId: MMSG-17999]
2022-08-11 01:47:15.104 :   Logout completed	[MsgId: MMSG-17999]
2022-08-11 01:49:05.157 : - Iteration: 86	[MsgId: MMSG-17999]
2022-08-11 01:49:05.157 :   Account: jojo2/bean2	[MsgId: MMSG-17999]
2022-08-11 01:49:18.734 :   Login completed	[MsgId: MMSG-17999]
2022-08-11 01:49:23.180 :   Logout completed	[MsgId: MMSG-17999]
2022-08-11 01:51:11.170 : - Iteration: 87	[MsgId: MMSG-17999]
2022-08-11 01:51:11.170 :   Account: jojo2/bean2	[MsgId: MMSG-17999]
2022-08-11 01:51:21.293 :   Login completed	[MsgId: MMSG-17999]
2022-08-11 01:51:24.836 :   Logout completed	[MsgId: MMSG-17999]
2022-08-11 01:53:17.184 : - Iteration: 88	[MsgId: MMSG-17999]
2022-08-11 01:53:17.184 :   Account: jojo2/bean2	[MsgId: MMSG-17999]
2022-08-11 01:53:22.915 :   Login completed	[MsgId: MMSG-17999]
2022-08-11 01:53:25.893 :   Logout completed	[MsgId: MMSG-17999]
2022-08-11 01:55:23.187 : - Iteration: 89	[MsgId: MMSG-17999]
2022-08-11 01:55:23.187 :   Account: jojo2/bean2	[MsgId: MMSG-17999]
2022-08-11 01:55:35.309 :   Login completed	[MsgId: MMSG-17999]
2022-08-11 01:55:39.841 :   Logout completed	[MsgId: MMSG-17999]
2022-08-11 01:57:29.198 : - Iteration: 90	[MsgId: MMSG-17999]
2022-08-11 01:57:29.199 :   Account: jojo2/bean2	[MsgId: MMSG-17999]
2022-08-11 01:57:42.556 :   Login completed	[MsgId: MMSG-17999]
2022-08-11 01:57:45.429 :   Logout completed	[MsgId: MMSG-17999]
2022-08-11 01:59:35.203 : - Iteration: 91	[MsgId: MMSG-17999]
2022-08-11 01:59:35.204 :   Account: jojo2/bean2	[MsgId: MMSG-17999]
2022-08-11 01:59:43.966 :   Login completed	[MsgId: MMSG-17999]
2022-08-11 01:59:49.420 :   Logout completed	[MsgId: MMSG-17999]
2022-08-11 02:01:41.204 : - Iteration: 92	[MsgId: MMSG-17999]
2022-08-11 02:01:41.204 :   Account: jojo2/bean2	[MsgId: MMSG-17999]
2022-08-11 02:01:49.706 :   Login completed	[MsgId: MMSG-17999]
2022-08-11 02:01:53.806 :   Logout completed	[MsgId: MMSG-17999]
2022-08-11 02:03:47.215 : - Iteration: 93	[MsgId: MMSG-17999]
2022-08-11 02:03:47.216 :   Account: jojo2/bean2	[MsgId: MMSG-17999]
2022-08-11 02:03:55.205 :   Login completed	[MsgId: MMSG-17999]
2022-08-11 02:04:00.465 :   Logout completed	[MsgId: MMSG-17999]
2022-08-11 02:05:53.230 : - Iteration: 94	[MsgId: MMSG-17999]
2022-08-11 02:05:53.230 :   Account: jojo2/bean2	[MsgId: MMSG-17999]
2022-08-11 02:06:05.419 :   Login completed	[MsgId: MMSG-17999]
2022-08-11 02:06:11.006 :   Logout completed	[MsgId: MMSG-17999]
2022-08-11 02:07:59.241 : - Iteration: 95	[MsgId: MMSG-17999]
2022-08-11 02:07:59.241 :   Account: jojo2/bean2	[MsgId: MMSG-17999]
2022-08-11 02:08:09.229 :   Login completed	[MsgId: MMSG-17999]
2022-08-11 02:08:15.032 :   Logout completed	[MsgId: MMSG-17999]
2022-08-11 02:10:05.245 : - Iteration: 96	[MsgId: MMSG-17999]
2022-08-11 02:10:05.246 :   Account: jojo2/bean2	[MsgId: MMSG-17999]
2022-08-11 02:10:11.231 :   Login completed	[MsgId: MMSG-17999]
2022-08-11 02:10:18.729 :   Logout completed	[MsgId: MMSG-17999]
2022-08-11 02:12:11.247 : - Iteration: 97	[MsgId: MMSG-17999]
2022-08-11 02:12:11.248 :   Account: jojo2/bean2	[MsgId: MMSG-17999]
2022-08-11 02:12:22.003 :   Login completed	[MsgId: MMSG-17999]
2022-08-11 02:12:26.530 :   Logout completed	[MsgId: MMSG-17999]
2022-08-11 02:14:17.248 : - Iteration: 98	[MsgId: MMSG-17999]
2022-08-11 02:14:17.248 :   Account: jojo2/bean2	[MsgId: MMSG-17999]
2022-08-11 02:14:29.313 :   Login completed	[MsgId: MMSG-17999]
2022-08-11 02:14:34.153 :   Logout completed	[MsgId: MMSG-17999]
2022-08-11 02:16:23.256 : - Iteration: 99	[MsgId: MMSG-17999]
2022-08-11 02:16:23.256 :   Account: jojo2/bean2	[MsgId: MMSG-17999]
2022-08-11 02:16:33.331 :   Login completed	[MsgId: MMSG-17999]
2022-08-11 02:16:36.801 :   Logout completed	[MsgId: MMSG-17999]
2022-08-11 02:18:29.263 : - Iteration: 100	[MsgId: MMSG-17999]
2022-08-11 02:18:29.263 :   Account: jojo2/bean2	[MsgId: MMSG-17999]
2022-08-11 02:18:41.350 :   Login completed	[MsgId: MMSG-17999]
2022-08-11 02:18:48.164 :   Logout completed	[MsgId: MMSG-17999]
2022-08-11 02:20:35.269 : - Iteration: 101	[MsgId: MMSG-17999]
2022-08-11 02:20:35.270 :   Account: jojo2/bean2	[MsgId: MMSG-17999]
2022-08-11 02:20:45.391 :   Login completed	[MsgId: MMSG-17999]
2022-08-11 02:20:49.870 :   Logout completed	[MsgId: MMSG-17999]
2022-08-11 02:22:41.279 : - Iteration: 102	[MsgId: MMSG-17999]
2022-08-11 02:22:41.279 :   Account: jojo2/bean2	[MsgId: MMSG-17999]
2022-08-11 02:22:56.091 :   Login completed	[MsgId: MMSG-17999]
2022-08-11 02:23:00.373 :   Logout completed	[MsgId: MMSG-17999]
2022-08-11 02:24:47.284 : - Iteration: 103	[MsgId: MMSG-17999]
2022-08-11 02:24:47.284 :   Account: jojo2/bean2	[MsgId: MMSG-17999]
2022-08-11 02:24:57.834 :   Login completed	[MsgId: MMSG-17999]
2022-08-11 02:25:03.025 :   Logout completed	[MsgId: MMSG-17999]
2022-08-11 02:26:53.284 : - Iteration: 104	[MsgId: MMSG-17999]
2022-08-11 02:26:53.284 :   Account: jojo2/bean2	[MsgId: MMSG-17999]
2022-08-11 02:27:01.146 :   Login completed	[MsgId: MMSG-17999]
2022-08-11 02:27:08.791 :   Logout completed	[MsgId: MMSG-17999]
2022-08-11 02:28:59.291 : - Iteration: 105	[MsgId: MMSG-17999]
2022-08-11 02:28:59.291 :   Account: jojo2/bean2	[MsgId: MMSG-17999]
2022-08-11 02:29:11.330 :   Login completed	[MsgId: MMSG-17999]
2022-08-11 02:29:14.775 :   Logout completed	[MsgId: MMSG-17999]
2022-08-11 02:31:05.306 : - Iteration: 106	[MsgId: MMSG-17999]
2022-08-11 02:31:05.307 :   Account: jojo2/bean2	[MsgId: MMSG-17999]
2022-08-11 02:31:14.235 :   Login completed	[MsgId: MMSG-17999]
2022-08-11 02:31:20.289 :   Logout completed	[MsgId: MMSG-17999]
2022-08-11 02:33:11.317 : - Iteration: 107	[MsgId: MMSG-17999]
2022-08-11 02:33:11.317 :   Account: jojo2/bean2	[MsgId: MMSG-17999]
2022-08-11 02:33:22.517 :   Login completed	[MsgId: MMSG-17999]
2022-08-11 02:33:30.015 :   Logout completed	[MsgId: MMSG-17999]
2022-08-11 02:35:17.328 : - Iteration: 108	[MsgId: MMSG-17999]
2022-08-11 02:35:17.329 :   Account: jojo2/bean2	[MsgId: MMSG-17999]
2022-08-11 02:35:28.412 :   Login completed	[MsgId: MMSG-17999]
2022-08-11 02:35:31.460 :   Logout completed	[MsgId: MMSG-17999]
2022-08-11 02:37:23.338 : - Iteration: 109	[MsgId: MMSG-17999]
2022-08-11 02:37:23.339 :   Account: jojo2/bean2	[MsgId: MMSG-17999]
2022-08-11 02:37:37.766 :   Login completed	[MsgId: MMSG-17999]
2022-08-11 02:37:42.745 :   Logout completed	[MsgId: MMSG-17999]
2022-08-11 02:39:29.349 : - Iteration: 110	[MsgId: MMSG-17999]
2022-08-11 02:39:29.349 :   Account: jojo2/bean2	[MsgId: MMSG-17999]
2022-08-11 02:39:43.568 :   Login completed	[MsgId: MMSG-17999]
2022-08-11 02:39:50.570 :   Logout completed	[MsgId: MMSG-17999]
2022-08-11 02:41:35.356 : - Iteration: 111	[MsgId: MMSG-17999]
2022-08-11 02:41:35.357 :   Account: jojo2/bean2	[MsgId: MMSG-17999]
2022-08-11 02:41:44.482 :   Login completed	[MsgId: MMSG-17999]
2022-08-11 02:41:49.294 :   Logout completed	[MsgId: MMSG-17999]
2022-08-11 02:43:41.362 : - Iteration: 112	[MsgId: MMSG-17999]
2022-08-11 02:43:41.362 :   Account: jojo2/bean2	[MsgId: MMSG-17999]
2022-08-11 02:43:51.205 :   Login completed	[MsgId: MMSG-17999]
2022-08-11 02:43:55.925 :   Logout completed	[MsgId: MMSG-17999]
2022-08-11 02:45:47.371 : - Iteration: 113	[MsgId: MMSG-17999]
2022-08-11 02:45:47.371 :   Account: jojo2/bean2	[MsgId: MMSG-17999]
2022-08-11 02:45:58.958 :   Login completed	[MsgId: MMSG-17999]
2022-08-11 02:46:04.173 :   Logout completed	[MsgId: MMSG-17999]
2022-08-11 02:47:53.385 : - Iteration: 114	[MsgId: MMSG-17999]
2022-08-11 02:47:53.385 :   Account: jojo2/bean2	[MsgId: MMSG-17999]
2022-08-11 02:48:02.508 :   Login completed	[MsgId: MMSG-17999]
2022-08-11 02:48:09.441 :   Logout completed	[MsgId: MMSG-17999]
2022-08-11 02:49:59.385 : - Iteration: 115	[MsgId: MMSG-17999]
2022-08-11 02:49:59.386 :   Account: jojo2/bean2	[MsgId: MMSG-17999]
2022-08-11 02:50:05.196 :   Login completed	[MsgId: MMSG-17999]
2022-08-11 02:50:09.552 :   Logout completed	[MsgId: MMSG-17999]
2022-08-11 02:52:05.386 : - Iteration: 116	[MsgId: MMSG-17999]
2022-08-11 02:52:05.386 :   Account: jojo2/bean2	[MsgId: MMSG-17999]
2022-08-11 02:52:12.476 :   Login completed	[MsgId: MMSG-17999]
2022-08-11 02:52:19.179 :   Logout completed	[MsgId: MMSG-17999]
2022-08-11 02:54:11.389 : - Iteration: 117	[MsgId: MMSG-17999]
2022-08-11 02:54:11.389 :   Account: jojo2/bean2	[MsgId: MMSG-17999]
2022-08-11 02:54:20.211 :   Login completed	[MsgId: MMSG-17999]
2022-08-11 02:54:24.721 :   Logout completed	[MsgId: MMSG-17999]
2022-08-11 02:56:17.402 : - Iteration: 118	[MsgId: MMSG-17999]
2022-08-11 02:56:17.403 :   Account: jojo2/bean2	[MsgId: MMSG-17999]
2022-08-11 02:56:26.811 :   Login completed	[MsgId: MMSG-17999]
2022-08-11 02:56:31.469 :   Logout completed	[MsgId: MMSG-17999]
2022-08-11 02:58:23.417 : - Iteration: 119	[MsgId: MMSG-17999]
2022-08-11 02:58:23.417 :   Account: jojo2/bean2	[MsgId: MMSG-17999]
2022-08-11 02:58:36.900 :   Login completed	[MsgId: MMSG-17999]
2022-08-11 02:58:44.526 :   Logout completed	[MsgId: MMSG-17999]
2022-08-11 03:00:29.433 : - Iteration: 120	[MsgId: MMSG-17999]
2022-08-11 03:00:29.434 :   Account: jojo2/bean2	[MsgId: MMSG-17999]
2022-08-11 03:00:44.417 :   Login completed	[MsgId: MMSG-17999]
2022-08-11 03:00:48.987 :   Logout completed	[MsgId: MMSG-17999]
2022-08-11 03:02:35.437 : - Iteration: 121	[MsgId: MMSG-17999]
2022-08-11 03:02:35.438 :   Account: jojo2/bean2	[MsgId: MMSG-17999]
2022-08-11 03:02:46.415 :   Login completed	[MsgId: MMSG-17999]
2022-08-11 03:02:54.116 :   Logout completed	[MsgId: MMSG-17999]
2022-08-11 03:04:41.443 : - Iteration: 122	[MsgId: MMSG-17999]
2022-08-11 03:04:41.443 :   Account: jojo2/bean2	[MsgId: MMSG-17999]
2022-08-11 03:04:49.973 :   Login completed	[MsgId: MMSG-17999]
2022-08-11 03:04:54.346 :   Logout completed	[MsgId: MMSG-17999]
2022-08-11 03:06:47.450 : - Iteration: 123	[MsgId: MMSG-17999]
2022-08-11 03:06:47.450 :   Account: jojo2/bean2	[MsgId: MMSG-17999]
2022-08-11 03:06:54.631 :   Login completed	[MsgId: MMSG-17999]
2022-08-11 03:07:01.547 :   Logout completed	[MsgId: MMSG-17999]
2022-08-11 03:08:53.457 : - Iteration: 124	[MsgId: MMSG-17999]
2022-08-11 03:08:53.458 :   Account: jojo2/bean2	[MsgId: MMSG-17999]
2022-08-11 03:09:02.829 :   Login completed	[MsgId: MMSG-17999]
2022-08-11 03:09:10.551 :   Logout completed	[MsgId: MMSG-17999]
2022-08-11 03:10:59.471 : - Iteration: 125	[MsgId: MMSG-17999]
2022-08-11 03:10:59.471 :   Account: jojo2/bean2	[MsgId: MMSG-17999]
2022-08-11 03:11:08.288 :   Login completed	[MsgId: MMSG-17999]
2022-08-11 03:11:13.614 :   Logout completed	[MsgId: MMSG-17999]
2022-08-11 03:13:05.477 : - Iteration: 126	[MsgId: MMSG-17999]
2022-08-11 03:13:05.478 :   Account: jojo2/bean2	[MsgId: MMSG-17999]
2022-08-11 03:13:15.855 :   Login completed	[MsgId: MMSG-17999]
2022-08-11 03:13:19.109 :   Logout completed	[MsgId: MMSG-17999]
2022-08-11 03:15:11.478 : - Iteration: 127	[MsgId: MMSG-17999]
2022-08-11 03:15:11.478 :   Account: jojo2/bean2	[MsgId: MMSG-17999]
2022-08-11 03:15:18.529 :   Login completed	[MsgId: MMSG-17999]
2022-08-11 03:15:23.408 :   Logout completed	[MsgId: MMSG-17999]
2022-08-11 03:17:17.483 : - Iteration: 128	[MsgId: MMSG-17999]
2022-08-11 03:17:17.483 :   Account: jojo2/bean2	[MsgId: MMSG-17999]
2022-08-11 03:17:29.245 :   Login completed	[MsgId: MMSG-17999]
2022-08-11 03:17:34.436 :   Logout completed	[MsgId: MMSG-17999]
2022-08-11 03:19:23.493 : - Iteration: 129	[MsgId: MMSG-17999]
2022-08-11 03:19:23.494 :   Account: jojo2/bean2	[MsgId: MMSG-17999]
2022-08-11 03:19:29.916 :   Login completed	[MsgId: MMSG-17999]
2022-08-11 03:19:34.479 :   Logout completed	[MsgId: MMSG-17999]
2022-08-11 03:21:29.502 : - Iteration: 130	[MsgId: MMSG-17999]
2022-08-11 03:21:29.503 :   Account: jojo2/bean2	[MsgId: MMSG-17999]
2022-08-11 03:21:40.025 :   Login completed	[MsgId: MMSG-17999]
2022-08-11 03:21:45.019 :   Logout completed	[MsgId: MMSG-17999]
2022-08-11 03:23:35.512 : - Iteration: 131	[MsgId: MMSG-17999]
2022-08-11 03:23:35.513 :   Account: jojo2/bean2	[MsgId: MMSG-17999]
2022-08-11 03:23:49.311 :   Login completed	[MsgId: MMSG-17999]
2022-08-11 03:23:56.017 :   Logout completed	[MsgId: MMSG-17999]
2022-08-11 03:25:41.516 : - Iteration: 132	[MsgId: MMSG-17999]
2022-08-11 03:25:41.516 :   Account: jojo2/bean2	[MsgId: MMSG-17999]
2022-08-11 03:25:52.069 :   Login completed	[MsgId: MMSG-17999]
2022-08-11 03:25:58.638 :   Logout completed	[MsgId: MMSG-17999]
2022-08-11 03:27:47.526 : - Iteration: 133	[MsgId: MMSG-17999]
2022-08-11 03:27:47.526 :   Account: jojo2/bean2	[MsgId: MMSG-17999]
2022-08-11 03:27:56.783 :   Login completed	[MsgId: MMSG-17999]
2022-08-11 03:28:02.140 :   Logout completed	[MsgId: MMSG-17999]
2022-08-11 03:29:53.534 : - Iteration: 134	[MsgId: MMSG-17999]
2022-08-11 03:29:53.535 :   Account: jojo2/bean2	[MsgId: MMSG-17999]
2022-08-11 03:30:02.334 :   Login completed	[MsgId: MMSG-17999]
2022-08-11 03:30:06.761 :   Logout completed	[MsgId: MMSG-17999]
2022-08-11 03:31:59.535 : - Iteration: 135	[MsgId: MMSG-17999]
2022-08-11 03:31:59.535 :   Account: jojo2/bean2	[MsgId: MMSG-17999]
2022-08-11 03:32:05.415 :   Login completed	[MsgId: MMSG-17999]
2022-08-11 03:32:12.486 :   Logout completed	[MsgId: MMSG-17999]
2022-08-11 03:34:05.540 : - Iteration: 136	[MsgId: MMSG-17999]
2022-08-11 03:34:05.541 :   Account: jojo2/bean2	[MsgId: MMSG-17999]
2022-08-11 03:34:15.439 :   Login completed	[MsgId: MMSG-17999]
2022-08-11 03:34:21.575 :   Logout completed	[MsgId: MMSG-17999]
2022-08-11 03:36:11.540 : - Iteration: 137	[MsgId: MMSG-17999]
2022-08-11 03:36:11.541 :   Account: jojo2/bean2	[MsgId: MMSG-17999]
2022-08-11 03:36:22.018 :   Login completed	[MsgId: MMSG-17999]
2022-08-11 03:36:28.559 :   Logout completed	[MsgId: MMSG-17999]
2022-08-11 03:38:17.556 : - Iteration: 138	[MsgId: MMSG-17999]
2022-08-11 03:38:17.556 :   Account: jojo2/bean2	[MsgId: MMSG-17999]
2022-08-11 03:38:23.199 :   Login completed	[MsgId: MMSG-17999]
2022-08-11 03:38:29.890 :   Logout completed	[MsgId: MMSG-17999]
2022-08-11 03:40:23.574 : - Iteration: 139	[MsgId: MMSG-17999]
2022-08-11 03:40:23.574 :   Account: jojo2/bean2	[MsgId: MMSG-17999]
2022-08-11 03:40:35.271 :   Login completed	[MsgId: MMSG-17999]
2022-08-11 03:40:41.205 :   Logout completed	[MsgId: MMSG-17999]
2022-08-11 03:42:29.587 : - Iteration: 140	[MsgId: MMSG-17999]
2022-08-11 03:42:29.587 :   Account: jojo2/bean2	[MsgId: MMSG-17999]
2022-08-11 03:42:38.065 :   Login completed	[MsgId: MMSG-17999]
2022-08-11 03:42:41.700 :   Logout completed	[MsgId: MMSG-17999]
2022-08-11 03:44:35.592 : - Iteration: 141	[MsgId: MMSG-17999]
2022-08-11 03:44:35.592 :   Account: jojo2/bean2	[MsgId: MMSG-17999]
2022-08-11 03:44:41.576 :   Login completed	[MsgId: MMSG-17999]
2022-08-11 03:44:47.554 :   Logout completed	[MsgId: MMSG-17999]
2022-08-11 03:46:41.598 : - Iteration: 142	[MsgId: MMSG-17999]
2022-08-11 03:46:41.598 :   Account: jojo2/bean2	[MsgId: MMSG-17999]
2022-08-11 03:46:54.885 :   Login completed	[MsgId: MMSG-17999]
2022-08-11 03:47:02.311 :   Logout completed	[MsgId: MMSG-17999]
2022-08-11 03:48:47.612 : - Iteration: 143	[MsgId: MMSG-17999]
2022-08-11 03:48:47.613 :   Account: jojo2/bean2	[MsgId: MMSG-17999]
2022-08-11 03:48:54.980 :   Login completed	[MsgId: MMSG-17999]
2022-08-11 03:49:02.447 :   Logout completed	[MsgId: MMSG-17999]
2022-08-11 03:50:53.622 : - Iteration: 144	[MsgId: MMSG-17999]
2022-08-11 03:50:53.623 :   Account: jojo2/bean2	[MsgId: MMSG-17999]
2022-08-11 03:51:01.153 :   Login completed	[MsgId: MMSG-17999]
2022-08-11 03:51:08.319 :   Logout completed	[MsgId: MMSG-17999]
2022-08-11 03:52:59.631 : - Iteration: 145	[MsgId: MMSG-17999]
2022-08-11 03:52:59.631 :   Account: jojo2/bean2	[MsgId: MMSG-17999]
2022-08-11 03:53:14.456 :   Login completed	[MsgId: MMSG-17999]
2022-08-11 03:53:18.484 :   Logout completed	[MsgId: MMSG-17999]
2022-08-11 03:55:05.645 : - Iteration: 146	[MsgId: MMSG-17999]
2022-08-11 03:55:05.646 :   Account: jojo2/bean2	[MsgId: MMSG-17999]
2022-08-11 03:55:15.719 :   Login completed	[MsgId: MMSG-17999]
2022-08-11 03:55:19.735 :   Logout completed	[MsgId: MMSG-17999]
2022-08-11 03:57:11.654 : - Iteration: 147	[MsgId: MMSG-17999]
2022-08-11 03:57:11.655 :   Account: jojo2/bean2	[MsgId: MMSG-17999]
2022-08-11 03:57:18.913 :   Login completed	[MsgId: MMSG-17999]
2022-08-11 03:57:25.355 :   Logout completed	[MsgId: MMSG-17999]
2022-08-11 03:59:17.656 : - Iteration: 148	[MsgId: MMSG-17999]
2022-08-11 03:59:17.657 :   Account: jojo2/bean2	[MsgId: MMSG-17999]
2022-08-11 03:59:23.661 :   Login completed	[MsgId: MMSG-17999]
2022-08-11 03:59:26.406 :   Logout completed	[MsgId: MMSG-17999]
2022-08-11 04:01:23.660 : - Iteration: 149	[MsgId: MMSG-17999]
2022-08-11 04:01:23.660 :   Account: jojo2/bean2	[MsgId: MMSG-17999]
2022-08-11 04:01:38.655 :   Login completed	[MsgId: MMSG-17999]
2022-08-11 04:01:41.541 :   Logout completed	[MsgId: MMSG-17999]
2022-08-11 04:03:29.670 : - Iteration: 150	[MsgId: MMSG-17999]
2022-08-11 04:03:29.670 :   Account: jojo2/bean2	[MsgId: MMSG-17999]
2022-08-11 04:03:42.792 :   Login completed	[MsgId: MMSG-17999]
2022-08-11 04:03:46.171 :   Logout completed	[MsgId: MMSG-17999]
2022-08-11 04:05:35.681 : - Iteration: 151	[MsgId: MMSG-17999]
2022-08-11 04:05:35.681 :   Account: jojo2/bean2	[MsgId: MMSG-17999]
2022-08-11 04:05:45.841 :   Login completed	[MsgId: MMSG-17999]
2022-08-11 04:05:51.902 :   Logout completed	[MsgId: MMSG-17999]
2022-08-11 04:07:41.692 : - Iteration: 152	[MsgId: MMSG-17999]
2022-08-11 04:07:41.693 :   Account: jojo2/bean2	[MsgId: MMSG-17999]
2022-08-11 04:07:47.477 :   Login completed	[MsgId: MMSG-17999]
2022-08-11 04:07:54.162 :   Logout completed	[MsgId: MMSG-17999]
2022-08-11 04:09:47.704 : - Iteration: 153	[MsgId: MMSG-17999]
2022-08-11 04:09:47.704 :   Account: jojo2/bean2	[MsgId: MMSG-17999]
2022-08-11 04:09:57.570 :   Login completed	[MsgId: MMSG-17999]
2022-08-11 04:10:02.556 :   Logout completed	[MsgId: MMSG-17999]
2022-08-11 04:11:53.712 : - Iteration: 154	[MsgId: MMSG-17999]
2022-08-11 04:11:53.713 :   Account: jojo2/bean2	[MsgId: MMSG-17999]
2022-08-11 04:12:01.658 :   Login completed	[MsgId: MMSG-17999]
2022-08-11 04:12:04.873 :   Logout completed	[MsgId: MMSG-17999]
2022-08-11 04:13:59.714 : - Iteration: 155	[MsgId: MMSG-17999]
2022-08-11 04:13:59.714 :   Account: jojo2/bean2	[MsgId: MMSG-17999]
2022-08-11 04:14:12.052 :   Login completed	[MsgId: MMSG-17999]
2022-08-11 04:14:17.648 :   Logout completed	[MsgId: MMSG-17999]
2022-08-11 04:16:05.729 : - Iteration: 156	[MsgId: MMSG-17999]
2022-08-11 04:16:05.730 :   Account: jojo2/bean2	[MsgId: MMSG-17999]
2022-08-11 04:16:12.588 :   Login completed	[MsgId: MMSG-17999]
2022-08-11 04:16:16.291 :   Logout completed	[MsgId: MMSG-17999]
2022-08-11 04:18:11.741 : - Iteration: 157	[MsgId: MMSG-17999]
2022-08-11 04:18:11.741 :   Account: jojo2/bean2	[MsgId: MMSG-17999]
2022-08-11 04:18:19.751 :   Login completed	[MsgId: MMSG-17999]
2022-08-11 04:18:25.857 :   Logout completed	[MsgId: MMSG-17999]
2022-08-11 04:20:17.755 : - Iteration: 158	[MsgId: MMSG-17999]
2022-08-11 04:20:17.755 :   Account: jojo2/bean2	[MsgId: MMSG-17999]
2022-08-11 04:20:23.487 :   Login completed	[MsgId: MMSG-17999]
2022-08-11 04:20:28.785 :   Logout completed	[MsgId: MMSG-17999]
2022-08-11 04:22:23.760 : - Iteration: 159	[MsgId: MMSG-17999]
2022-08-11 04:22:23.761 :   Account: jojo2/bean2	[MsgId: MMSG-17999]
2022-08-11 04:22:37.632 :   Login completed	[MsgId: MMSG-17999]
2022-08-11 04:22:41.673 :   Logout completed	[MsgId: MMSG-17999]
2022-08-11 04:24:29.766 : - Iteration: 160	[MsgId: MMSG-17999]
2022-08-11 04:24:29.767 :   Account: jojo2/bean2	[MsgId: MMSG-17999]
2022-08-11 04:24:39.169 :   Login completed	[MsgId: MMSG-17999]
2022-08-11 04:24:45.350 :   Logout completed	[MsgId: MMSG-17999]
2022-08-11 04:26:35.776 : - Iteration: 161	[MsgId: MMSG-17999]
2022-08-11 04:26:35.776 :   Account: jojo2/bean2	[MsgId: MMSG-17999]
2022-08-11 04:26:44.399 :   Login completed	[MsgId: MMSG-17999]
2022-08-11 04:26:49.589 :   Logout completed	[MsgId: MMSG-17999]
2022-08-11 04:28:41.778 : - Iteration: 162	[MsgId: MMSG-17999]
2022-08-11 04:28:41.778 :   Account: jojo2/bean2	[MsgId: MMSG-17999]
2022-08-11 04:28:53.979 :   Login completed	[MsgId: MMSG-17999]
2022-08-11 04:28:56.914 :   Logout completed	[MsgId: MMSG-17999]
2022-08-11 04:30:47.782 : - Iteration: 163	[MsgId: MMSG-17999]
2022-08-11 04:30:47.782 :   Account: jojo2/bean2	[MsgId: MMSG-17999]
2022-08-11 04:30:55.779 :   Login completed	[MsgId: MMSG-17999]
2022-08-11 04:31:02.869 :   Logout completed	[MsgId: MMSG-17999]
2022-08-11 04:32:53.783 : - Iteration: 164	[MsgId: MMSG-17999]
2022-08-11 04:32:53.784 :   Account: jojo2/bean2	[MsgId: MMSG-17999]
2022-08-11 04:33:02.340 :   Login completed	[MsgId: MMSG-17999]
2022-08-11 04:33:06.155 :   Logout completed	[MsgId: MMSG-17999]
2022-08-11 04:34:59.785 : - Iteration: 165	[MsgId: MMSG-17999]
2022-08-11 04:34:59.785 :   Account: jojo2/bean2	[MsgId: MMSG-17999]
2022-08-11 04:35:15.203 :   Login completed	[MsgId: MMSG-17999]
2022-08-11 04:35:17.933 :   Logout completed	[MsgId: MMSG-17999]
2022-08-11 04:37:05.793 : - Iteration: 166	[MsgId: MMSG-17999]
2022-08-11 04:37:05.794 :   Account: jojo2/bean2	[MsgId: MMSG-17999]
2022-08-11 04:37:19.388 :   Login completed	[MsgId: MMSG-17999]
2022-08-11 04:37:23.771 :   Logout completed	[MsgId: MMSG-17999]
2022-08-11 04:39:11.803 : - Iteration: 167	[MsgId: MMSG-17999]
2022-08-11 04:39:11.804 :   Account: jojo2/bean2	[MsgId: MMSG-17999]
2022-08-11 04:39:25.900 :   Login completed	[MsgId: MMSG-17999]
2022-08-11 04:39:29.443 :   Logout completed	[MsgId: MMSG-17999]
2022-08-11 04:41:17.805 : - Iteration: 168	[MsgId: MMSG-17999]
2022-08-11 04:41:17.806 :   Account: jojo2/bean2	[MsgId: MMSG-17999]
2022-08-11 04:41:24.372 :   Login completed	[MsgId: MMSG-17999]
2022-08-11 04:41:31.744 :   Logout completed	[MsgId: MMSG-17999]
2022-08-11 04:43:23.814 : - Iteration: 169	[MsgId: MMSG-17999]
2022-08-11 04:43:23.814 :   Account: jojo2/bean2	[MsgId: MMSG-17999]
2022-08-11 04:43:30.037 :   Login completed	[MsgId: MMSG-17999]
2022-08-11 04:43:33.774 :   Logout completed	[MsgId: MMSG-17999]
2022-08-11 04:45:29.828 : - Iteration: 170	[MsgId: MMSG-17999]
2022-08-11 04:45:29.828 :   Account: jojo2/bean2	[MsgId: MMSG-17999]
2022-08-11 04:45:44.070 :   Login completed	[MsgId: MMSG-17999]
2022-08-11 04:45:49.682 :   Logout completed	[MsgId: MMSG-17999]
2022-08-11 04:47:35.840 : - Iteration: 171	[MsgId: MMSG-17999]
2022-08-11 04:47:35.841 :   Account: jojo2/bean2	[MsgId: MMSG-17999]
2022-08-11 04:47:49.005 :   Login completed	[MsgId: MMSG-17999]
2022-08-11 04:47:53.989 :   Logout completed	[MsgId: MMSG-17999]
2022-08-11 04:49:41.855 : - Iteration: 172	[MsgId: MMSG-17999]
2022-08-11 04:49:41.856 :   Account: jojo2/bean2	[MsgId: MMSG-17999]
2022-08-11 04:49:53.150 :   Login completed	[MsgId: MMSG-17999]
2022-08-11 04:49:58.298 :   Logout completed	[MsgId: MMSG-17999]
2022-08-11 04:51:47.857 : - Iteration: 173	[MsgId: MMSG-17999]
2022-08-11 04:51:47.858 :   Account: jojo2/bean2	[MsgId: MMSG-17999]
2022-08-11 04:52:00.001 :   Login completed	[MsgId: MMSG-17999]
2022-08-11 04:52:07.434 :   Logout completed	[MsgId: MMSG-17999]
2022-08-11 04:53:53.861 : - Iteration: 174	[MsgId: MMSG-17999]
2022-08-11 04:53:53.862 :   Account: jojo2/bean2	[MsgId: MMSG-17999]
2022-08-11 04:54:06.455 :   Login completed	[MsgId: MMSG-17999]
2022-08-11 04:54:12.320 :   Logout completed	[MsgId: MMSG-17999]
2022-08-11 04:55:59.866 : - Iteration: 175	[MsgId: MMSG-17999]
2022-08-11 04:55:59.867 :   Account: jojo2/bean2	[MsgId: MMSG-17999]
2022-08-11 04:56:06.928 :   Login completed	[MsgId: MMSG-17999]
2022-08-11 04:56:10.926 :   Logout completed	[MsgId: MMSG-17999]
2022-08-11 04:58:05.874 : - Iteration: 176	[MsgId: MMSG-17999]
2022-08-11 04:58:05.875 :   Account: jojo2/bean2	[MsgId: MMSG-17999]
2022-08-11 04:58:19.934 :   Login completed	[MsgId: MMSG-17999]
2022-08-11 04:58:24.838 :   Logout completed	[MsgId: MMSG-17999]
2022-08-11 05:00:11.888 : - Iteration: 177	[MsgId: MMSG-17999]
2022-08-11 05:00:11.888 :   Account: jojo2/bean2	[MsgId: MMSG-17999]
2022-08-11 05:00:26.639 :   Login completed	[MsgId: MMSG-17999]
2022-08-11 05:00:32.675 :   Logout completed	[MsgId: MMSG-17999]
