2022-08-11 01:55:23.905 : URL = localhost:1080	[MsgId: MMSG-17999]
2022-08-11 01:55:23.923 : - Iteration: 1	[MsgId: MMSG-17999]
2022-08-11 01:55:23.923 :   Account: jojo20/bean20	[MsgId: MMSG-17999]
2022-08-11 01:55:31.467 :   Login completed	[MsgId: MMSG-17999]
2022-08-11 01:55:34.745 :   Logout completed	[MsgId: MMSG-17999]
2022-08-11 01:57:29.926 : - Iteration: 2	[MsgId: MMSG-17999]
2022-08-11 01:57:29.927 :   Account: jojo20/bean20	[MsgId: MMSG-17999]
2022-08-11 01:57:37.620 :   Login completed	[MsgId: MMSG-17999]
2022-08-11 01:57:40.626 :   Logout completed	[MsgId: MMSG-17999]
2022-08-11 01:59:35.940 : - Iteration: 3	[MsgId: MMSG-17999]
2022-08-11 01:59:35.941 :   Account: jojo20/bean20	[MsgId: MMSG-17999]
2022-08-11 01:59:43.111 :   Login completed	[MsgId: MMSG-17999]
2022-08-11 01:59:50.504 :   Logout completed	[MsgId: MMSG-17999]
2022-08-11 02:01:41.942 : - Iteration: 4	[MsgId: MMSG-17999]
2022-08-11 02:01:41.943 :   Account: jojo20/bean20	[MsgId: MMSG-17999]
2022-08-11 02:01:55.295 :   Login completed	[MsgId: MMSG-17999]
2022-08-11 02:02:00.786 :   Logout completed	[MsgId: MMSG-17999]
2022-08-11 02:03:47.942 : - Iteration: 5	[MsgId: MMSG-17999]
2022-08-11 02:03:47.943 :   Account: jojo20/bean20	[MsgId: MMSG-17999]
2022-08-11 02:03:55.851 :   Login completed	[MsgId: MMSG-17999]
2022-08-11 02:04:02.511 :   Logout completed	[MsgId: MMSG-17999]
2022-08-11 02:05:53.956 : - Iteration: 6	[MsgId: MMSG-17999]
2022-08-11 02:05:53.956 :   Account: jojo20/bean20	[MsgId: MMSG-17999]
2022-08-11 02:06:02.299 :   Login completed	[MsgId: MMSG-17999]
2022-08-11 02:06:10.099 :   Logout completed	[MsgId: MMSG-17999]
2022-08-11 02:07:59.956 : - Iteration: 7	[MsgId: MMSG-17999]
2022-08-11 02:07:59.956 :   Account: jojo20/bean20	[MsgId: MMSG-17999]
2022-08-11 02:08:15.386 :   Login completed	[MsgId: MMSG-17999]
2022-08-11 02:08:18.312 :   Logout completed	[MsgId: MMSG-17999]
2022-08-11 02:10:05.971 : - Iteration: 8	[MsgId: MMSG-17999]
2022-08-11 02:10:05.972 :   Account: jojo20/bean20	[MsgId: MMSG-17999]
2022-08-11 02:10:19.654 :   Login completed	[MsgId: MMSG-17999]
2022-08-11 02:10:26.065 :   Logout completed	[MsgId: MMSG-17999]
2022-08-11 02:12:11.972 : - Iteration: 9	[MsgId: MMSG-17999]
2022-08-11 02:12:11.972 :   Account: jojo20/bean20	[MsgId: MMSG-17999]
2022-08-11 02:12:21.404 :   Login completed	[MsgId: MMSG-17999]
2022-08-11 02:12:27.391 :   Logout completed	[MsgId: MMSG-17999]
2022-08-11 02:14:17.988 : - Iteration: 10	[MsgId: MMSG-17999]
2022-08-11 02:14:17.988 :   Account: jojo20/bean20	[MsgId: MMSG-17999]
2022-08-11 02:14:25.995 :   Login completed	[MsgId: MMSG-17999]
2022-08-11 02:14:32.444 :   Logout completed	[MsgId: MMSG-17999]
2022-08-11 02:16:24.001 : - Iteration: 11	[MsgId: MMSG-17999]
2022-08-11 02:16:24.001 :   Account: jojo20/bean20	[MsgId: MMSG-17999]
2022-08-11 02:16:38.389 :   Login completed	[MsgId: MMSG-17999]
2022-08-11 02:16:41.595 :   Logout completed	[MsgId: MMSG-17999]
2022-08-11 02:18:30.005 : - Iteration: 12	[MsgId: MMSG-17999]
2022-08-11 02:18:30.005 :   Account: jojo20/bean20	[MsgId: MMSG-17999]
2022-08-11 02:18:39.035 :   Login completed	[MsgId: MMSG-17999]
2022-08-11 02:18:44.108 :   Logout completed	[MsgId: MMSG-17999]
2022-08-11 02:20:36.011 : - Iteration: 13	[MsgId: MMSG-17999]
2022-08-11 02:20:36.011 :   Account: jojo20/bean20	[MsgId: MMSG-17999]
2022-08-11 02:20:48.916 :   Login completed	[MsgId: MMSG-17999]
2022-08-11 02:20:56.106 :   Logout completed	[MsgId: MMSG-17999]
2022-08-11 02:22:42.021 : - Iteration: 14	[MsgId: MMSG-17999]
2022-08-11 02:22:42.021 :   Account: jojo20/bean20	[MsgId: MMSG-17999]
2022-08-11 02:22:48.577 :   Login completed	[MsgId: MMSG-17999]
2022-08-11 02:22:51.775 :   Logout completed	[MsgId: MMSG-17999]
2022-08-11 02:24:48.035 : - Iteration: 15	[MsgId: MMSG-17999]
2022-08-11 02:24:48.035 :   Account: jojo20/bean20	[MsgId: MMSG-17999]
2022-08-11 02:25:03.655 :   Login completed	[MsgId: MMSG-17999]
2022-08-11 02:25:09.574 :   Logout completed	[MsgId: MMSG-17999]
2022-08-11 02:26:54.042 : - Iteration: 16	[MsgId: MMSG-17999]
2022-08-11 02:26:54.043 :   Account: jojo20/bean20	[MsgId: MMSG-17999]
2022-08-11 02:27:06.780 :   Login completed	[MsgId: MMSG-17999]
2022-08-11 02:27:09.650 :   Logout completed	[MsgId: MMSG-17999]
2022-08-11 02:29:00.050 : - Iteration: 17	[MsgId: MMSG-17999]
2022-08-11 02:29:00.051 :   Account: jojo20/bean20	[MsgId: MMSG-17999]
2022-08-11 02:29:15.470 :   Login completed	[MsgId: MMSG-17999]
2022-08-11 02:29:19.005 :   Logout completed	[MsgId: MMSG-17999]
2022-08-11 02:31:06.061 : - Iteration: 18	[MsgId: MMSG-17999]
2022-08-11 02:31:06.061 :   Account: jojo20/bean20	[MsgId: MMSG-17999]
2022-08-11 02:31:12.328 :   Login completed	[MsgId: MMSG-17999]
2022-08-11 02:31:18.294 :   Logout completed	[MsgId: MMSG-17999]
2022-08-11 02:33:12.069 : - Iteration: 19	[MsgId: MMSG-17999]
2022-08-11 02:33:12.069 :   Account: jojo20/bean20	[MsgId: MMSG-17999]
2022-08-11 02:33:19.874 :   Login completed	[MsgId: MMSG-17999]
2022-08-11 02:33:23.619 :   Logout completed	[MsgId: MMSG-17999]
2022-08-11 02:35:18.082 : - Iteration: 20	[MsgId: MMSG-17999]
2022-08-11 02:35:18.082 :   Account: jojo20/bean20	[MsgId: MMSG-17999]
2022-08-11 02:35:27.575 :   Login completed	[MsgId: MMSG-17999]
2022-08-11 02:35:31.449 :   Logout completed	[MsgId: MMSG-17999]
2022-08-11 02:37:24.092 : - Iteration: 21	[MsgId: MMSG-17999]
2022-08-11 02:37:24.093 :   Account: jojo20/bean20	[MsgId: MMSG-17999]
2022-08-11 02:37:37.446 :   Login completed	[MsgId: MMSG-17999]
2022-08-11 02:37:41.599 :   Logout completed	[MsgId: MMSG-17999]
2022-08-11 02:39:30.093 : - Iteration: 22	[MsgId: MMSG-17999]
2022-08-11 02:39:30.094 :   Account: jojo20/bean20	[MsgId: MMSG-17999]
2022-08-11 02:39:45.474 :   Login completed	[MsgId: MMSG-17999]
2022-08-11 02:39:48.861 :   Logout completed	[MsgId: MMSG-17999]
2022-08-11 02:41:36.099 : - Iteration: 23	[MsgId: MMSG-17999]
2022-08-11 02:41:36.099 :   Account: jojo20/bean20	[MsgId: MMSG-17999]
2022-08-11 02:41:46.496 :   Login completed	[MsgId: MMSG-17999]
2022-08-11 02:41:52.277 :   Logout completed	[MsgId: MMSG-17999]
2022-08-11 02:43:42.100 : - Iteration: 24	[MsgId: MMSG-17999]
2022-08-11 02:43:42.101 :   Account: jojo20/bean20	[MsgId: MMSG-17999]
2022-08-11 02:43:49.883 :   Login completed	[MsgId: MMSG-17999]
2022-08-11 02:43:57.387 :   Logout completed	[MsgId: MMSG-17999]
2022-08-11 02:45:48.110 : - Iteration: 25	[MsgId: MMSG-17999]
2022-08-11 02:45:48.110 :   Account: jojo20/bean20	[MsgId: MMSG-17999]
2022-08-11 02:46:03.472 :   Login completed	[MsgId: MMSG-17999]
2022-08-11 02:46:09.852 :   Logout completed	[MsgId: MMSG-17999]
2022-08-11 02:47:54.112 : - Iteration: 26	[MsgId: MMSG-17999]
2022-08-11 02:47:54.112 :   Account: jojo20/bean20	[MsgId: MMSG-17999]
2022-08-11 02:48:09.503 :   Login completed	[MsgId: MMSG-17999]
2022-08-11 02:48:16.735 :   Logout completed	[MsgId: MMSG-17999]
2022-08-11 02:50:00.122 : - Iteration: 27	[MsgId: MMSG-17999]
2022-08-11 02:50:00.122 :   Account: jojo20/bean20	[MsgId: MMSG-17999]
2022-08-11 02:50:15.700 :   Login completed	[MsgId: MMSG-17999]
2022-08-11 02:50:21.487 :   Logout completed	[MsgId: MMSG-17999]
2022-08-11 02:52:06.125 : - Iteration: 28	[MsgId: MMSG-17999]
2022-08-11 02:52:06.125 :   Account: jojo20/bean20	[MsgId: MMSG-17999]
2022-08-11 02:52:12.490 :   Login completed	[MsgId: MMSG-17999]
2022-08-11 02:52:16.782 :   Logout completed	[MsgId: MMSG-17999]
2022-08-11 02:54:12.127 : - Iteration: 29	[MsgId: MMSG-17999]
2022-08-11 02:54:12.127 :   Account: jojo20/bean20	[MsgId: MMSG-17999]
2022-08-11 02:54:17.987 :   Login completed	[MsgId: MMSG-17999]
2022-08-11 02:54:21.410 :   Logout completed	[MsgId: MMSG-17999]
2022-08-11 02:56:18.129 : - Iteration: 30	[MsgId: MMSG-17999]
2022-08-11 02:56:18.130 :   Account: jojo20/bean20	[MsgId: MMSG-17999]
2022-08-11 02:56:26.795 :   Login completed	[MsgId: MMSG-17999]
2022-08-11 02:56:30.779 :   Logout completed	[MsgId: MMSG-17999]
2022-08-11 02:58:24.144 : - Iteration: 31	[MsgId: MMSG-17999]
2022-08-11 02:58:24.144 :   Account: jojo20/bean20	[MsgId: MMSG-17999]
2022-08-11 02:58:34.577 :   Login completed	[MsgId: MMSG-17999]
2022-08-11 02:58:40.407 :   Logout completed	[MsgId: MMSG-17999]
2022-08-11 03:00:30.157 : - Iteration: 32	[MsgId: MMSG-17999]
2022-08-11 03:00:30.157 :   Account: jojo20/bean20	[MsgId: MMSG-17999]
2022-08-11 03:00:42.857 :   Login completed	[MsgId: MMSG-17999]
2022-08-11 03:00:46.281 :   Logout completed	[MsgId: MMSG-17999]
2022-08-11 03:02:36.163 : - Iteration: 33	[MsgId: MMSG-17999]
2022-08-11 03:02:36.164 :   Account: jojo20/bean20	[MsgId: MMSG-17999]
2022-08-11 03:02:51.474 :   Login completed	[MsgId: MMSG-17999]
2022-08-11 03:02:57.915 :   Logout completed	[MsgId: MMSG-17999]
2022-08-11 03:04:42.170 : - Iteration: 34	[MsgId: MMSG-17999]
2022-08-11 03:04:42.171 :   Account: jojo20/bean20	[MsgId: MMSG-17999]
2022-08-11 03:04:52.206 :   Login completed	[MsgId: MMSG-17999]
2022-08-11 03:04:56.558 :   Logout completed	[MsgId: MMSG-17999]
2022-08-11 03:06:48.179 : - Iteration: 35	[MsgId: MMSG-17999]
2022-08-11 03:06:48.179 :   Account: jojo20/bean20	[MsgId: MMSG-17999]
2022-08-11 03:06:55.731 :   Login completed	[MsgId: MMSG-17999]
2022-08-11 03:06:59.770 :   Logout completed	[MsgId: MMSG-17999]
2022-08-11 03:08:54.190 : - Iteration: 36	[MsgId: MMSG-17999]
2022-08-11 03:08:54.190 :   Account: jojo20/bean20	[MsgId: MMSG-17999]
2022-08-11 03:09:01.993 :   Login completed	[MsgId: MMSG-17999]
2022-08-11 03:09:06.201 :   Logout completed	[MsgId: MMSG-17999]
2022-08-11 03:11:00.198 : - Iteration: 37	[MsgId: MMSG-17999]
2022-08-11 03:11:00.198 :   Account: jojo20/bean20	[MsgId: MMSG-17999]
2022-08-11 03:11:13.887 :   Login completed	[MsgId: MMSG-17999]
2022-08-11 03:11:19.404 :   Logout completed	[MsgId: MMSG-17999]
2022-08-11 03:13:06.200 : - Iteration: 38	[MsgId: MMSG-17999]
2022-08-11 03:13:06.201 :   Account: jojo20/bean20	[MsgId: MMSG-17999]
2022-08-11 03:13:20.946 :   Login completed	[MsgId: MMSG-17999]
2022-08-11 03:13:24.401 :   Logout completed	[MsgId: MMSG-17999]
2022-08-11 03:15:12.208 : - Iteration: 39	[MsgId: MMSG-17999]
2022-08-11 03:15:12.209 :   Account: jojo20/bean20	[MsgId: MMSG-17999]
2022-08-11 03:15:24.635 :   Login completed	[MsgId: MMSG-17999]
2022-08-11 03:15:31.187 :   Logout completed	[MsgId: MMSG-17999]
2022-08-11 03:17:18.209 : - Iteration: 40	[MsgId: MMSG-17999]
2022-08-11 03:17:18.209 :   Account: jojo20/bean20	[MsgId: MMSG-17999]
2022-08-11 03:17:28.785 :   Login completed	[MsgId: MMSG-17999]
2022-08-11 03:17:33.843 :   Logout completed	[MsgId: MMSG-17999]
2022-08-11 03:19:24.216 : - Iteration: 41	[MsgId: MMSG-17999]
2022-08-11 03:19:24.216 :   Account: jojo20/bean20	[MsgId: MMSG-17999]
2022-08-11 03:19:38.062 :   Login completed	[MsgId: MMSG-17999]
2022-08-11 03:19:44.782 :   Logout completed	[MsgId: MMSG-17999]
2022-08-11 03:21:30.228 : - Iteration: 42	[MsgId: MMSG-17999]
2022-08-11 03:21:30.229 :   Account: jojo20/bean20	[MsgId: MMSG-17999]
2022-08-11 03:21:37.023 :   Login completed	[MsgId: MMSG-17999]
2022-08-11 03:21:41.969 :   Logout completed	[MsgId: MMSG-17999]
2022-08-11 03:23:36.239 : - Iteration: 43	[MsgId: MMSG-17999]
2022-08-11 03:23:36.239 :   Account: jojo20/bean20	[MsgId: MMSG-17999]
2022-08-11 03:23:49.167 :   Login completed	[MsgId: MMSG-17999]
2022-08-11 03:23:54.722 :   Logout completed	[MsgId: MMSG-17999]
2022-08-11 03:25:42.255 : - Iteration: 44	[MsgId: MMSG-17999]
2022-08-11 03:25:42.256 :   Account: jojo20/bean20	[MsgId: MMSG-17999]
2022-08-11 03:25:53.228 :   Login completed	[MsgId: MMSG-17999]
2022-08-11 03:25:56.565 :   Logout completed	[MsgId: MMSG-17999]
2022-08-11 03:27:48.269 : - Iteration: 45	[MsgId: MMSG-17999]
2022-08-11 03:27:48.269 :   Account: jojo20/bean20	[MsgId: MMSG-17999]
2022-08-11 03:28:01.195 :   Login completed	[MsgId: MMSG-17999]
2022-08-11 03:28:04.848 :   Logout completed	[MsgId: MMSG-17999]
2022-08-11 03:29:54.283 : - Iteration: 46	[MsgId: MMSG-17999]
2022-08-11 03:29:54.283 :   Account: jojo20/bean20	[MsgId: MMSG-17999]
2022-08-11 03:30:02.236 :   Login completed	[MsgId: MMSG-17999]
2022-08-11 03:30:09.196 :   Logout completed	[MsgId: MMSG-17999]
2022-08-11 03:32:00.292 : - Iteration: 47	[MsgId: MMSG-17999]
2022-08-11 03:32:00.292 :   Account: jojo20/bean20	[MsgId: MMSG-17999]
2022-08-11 03:32:08.769 :   Login completed	[MsgId: MMSG-17999]
2022-08-11 03:32:12.820 :   Logout completed	[MsgId: MMSG-17999]
2022-08-11 03:34:06.296 : - Iteration: 48	[MsgId: MMSG-17999]
2022-08-11 03:34:06.296 :   Account: jojo20/bean20	[MsgId: MMSG-17999]
2022-08-11 03:34:15.248 :   Login completed	[MsgId: MMSG-17999]
2022-08-11 03:34:20.684 :   Logout completed	[MsgId: MMSG-17999]
2022-08-11 03:36:12.304 : - Iteration: 49	[MsgId: MMSG-17999]
2022-08-11 03:36:12.305 :   Account: jojo20/bean20	[MsgId: MMSG-17999]
2022-08-11 03:36:25.647 :   Login completed	[MsgId: MMSG-17999]
2022-08-11 03:36:28.772 :   Logout completed	[MsgId: MMSG-17999]
2022-08-11 03:38:18.315 : - Iteration: 50	[MsgId: MMSG-17999]
2022-08-11 03:38:18.316 :   Account: jojo20/bean20	[MsgId: MMSG-17999]
2022-08-11 03:38:25.952 :   Login completed	[MsgId: MMSG-17999]
2022-08-11 03:38:30.990 :   Logout completed	[MsgId: MMSG-17999]
2022-08-11 03:40:24.323 : - Iteration: 51	[MsgId: MMSG-17999]
2022-08-11 03:40:24.323 :   Account: jojo20/bean20	[MsgId: MMSG-17999]
2022-08-11 03:40:38.031 :   Login completed	[MsgId: MMSG-17999]
2022-08-11 03:40:44.960 :   Logout completed	[MsgId: MMSG-17999]
2022-08-11 03:42:30.332 : - Iteration: 52	[MsgId: MMSG-17999]
2022-08-11 03:42:30.333 :   Account: jojo20/bean20	[MsgId: MMSG-17999]
2022-08-11 03:42:43.095 :   Login completed	[MsgId: MMSG-17999]
2022-08-11 03:42:50.119 :   Logout completed	[MsgId: MMSG-17999]
2022-08-11 03:44:36.335 : - Iteration: 53	[MsgId: MMSG-17999]
2022-08-11 03:44:36.335 :   Account: jojo20/bean20	[MsgId: MMSG-17999]
2022-08-11 03:44:50.906 :   Login completed	[MsgId: MMSG-17999]
2022-08-11 03:44:56.776 :   Logout completed	[MsgId: MMSG-17999]
2022-08-11 03:46:42.338 : - Iteration: 54	[MsgId: MMSG-17999]
2022-08-11 03:46:42.338 :   Account: jojo20/bean20	[MsgId: MMSG-17999]
2022-08-11 03:46:53.386 :   Login completed	[MsgId: MMSG-17999]
2022-08-11 03:46:58.485 :   Logout completed	[MsgId: MMSG-17999]
2022-08-11 03:48:48.346 : - Iteration: 55	[MsgId: MMSG-17999]
2022-08-11 03:48:48.346 :   Account: jojo20/bean20	[MsgId: MMSG-17999]
2022-08-11 03:48:58.466 :   Login completed	[MsgId: MMSG-17999]
2022-08-11 03:49:02.108 :   Logout completed	[MsgId: MMSG-17999]
2022-08-11 03:50:54.350 : - Iteration: 56	[MsgId: MMSG-17999]
2022-08-11 03:50:54.350 :   Account: jojo20/bean20	[MsgId: MMSG-17999]
2022-08-11 03:51:03.790 :   Login completed	[MsgId: MMSG-17999]
2022-08-11 03:51:10.487 :   Logout completed	[MsgId: MMSG-17999]
2022-08-11 03:53:00.358 : - Iteration: 57	[MsgId: MMSG-17999]
2022-08-11 03:53:00.359 :   Account: jojo20/bean20	[MsgId: MMSG-17999]
2022-08-11 03:53:10.342 :   Login completed	[MsgId: MMSG-17999]
2022-08-11 03:53:15.612 :   Logout completed	[MsgId: MMSG-17999]
2022-08-11 03:55:06.358 : - Iteration: 58	[MsgId: MMSG-17999]
2022-08-11 03:55:06.358 :   Account: jojo20/bean20	[MsgId: MMSG-17999]
2022-08-11 03:55:20.225 :   Login completed	[MsgId: MMSG-17999]
2022-08-11 03:55:25.148 :   Logout completed	[MsgId: MMSG-17999]
2022-08-11 03:57:12.365 : - Iteration: 59	[MsgId: MMSG-17999]
2022-08-11 03:57:12.366 :   Account: jojo20/bean20	[MsgId: MMSG-17999]
2022-08-11 03:57:23.324 :   Login completed	[MsgId: MMSG-17999]
2022-08-11 03:57:27.784 :   Logout completed	[MsgId: MMSG-17999]
2022-08-11 03:59:18.365 : - Iteration: 60	[MsgId: MMSG-17999]
2022-08-11 03:59:18.366 :   Account: jojo20/bean20	[MsgId: MMSG-17999]
2022-08-11 03:59:29.308 :   Login completed	[MsgId: MMSG-17999]
2022-08-11 03:59:32.284 :   Logout completed	[MsgId: MMSG-17999]
2022-08-11 04:01:24.370 : - Iteration: 61	[MsgId: MMSG-17999]
2022-08-11 04:01:24.370 :   Account: jojo20/bean20	[MsgId: MMSG-17999]
2022-08-11 04:01:35.652 :   Login completed	[MsgId: MMSG-17999]
2022-08-11 04:01:38.509 :   Logout completed	[MsgId: MMSG-17999]
2022-08-11 04:03:30.381 : - Iteration: 62	[MsgId: MMSG-17999]
2022-08-11 04:03:30.382 :   Account: jojo20/bean20	[MsgId: MMSG-17999]
2022-08-11 04:03:43.564 :   Login completed	[MsgId: MMSG-17999]
2022-08-11 04:03:47.097 :   Logout completed	[MsgId: MMSG-17999]
2022-08-11 04:05:36.395 : - Iteration: 63	[MsgId: MMSG-17999]
2022-08-11 04:05:36.395 :   Account: jojo20/bean20	[MsgId: MMSG-17999]
2022-08-11 04:05:46.703 :   Login completed	[MsgId: MMSG-17999]
2022-08-11 04:05:49.827 :   Logout completed	[MsgId: MMSG-17999]
2022-08-11 04:07:42.407 : - Iteration: 64	[MsgId: MMSG-17999]
2022-08-11 04:07:42.407 :   Account: jojo20/bean20	[MsgId: MMSG-17999]
2022-08-11 04:07:53.825 :   Login completed	[MsgId: MMSG-17999]
2022-08-11 04:07:59.508 :   Logout completed	[MsgId: MMSG-17999]
2022-08-11 04:09:48.415 : - Iteration: 65	[MsgId: MMSG-17999]
2022-08-11 04:09:48.415 :   Account: jojo20/bean20	[MsgId: MMSG-17999]
2022-08-11 04:09:55.061 :   Login completed	[MsgId: MMSG-17999]
2022-08-11 04:09:58.159 :   Logout completed	[MsgId: MMSG-17999]
2022-08-11 04:11:54.424 : - Iteration: 66	[MsgId: MMSG-17999]
2022-08-11 04:11:54.424 :   Account: jojo20/bean20	[MsgId: MMSG-17999]
2022-08-11 04:12:04.382 :   Login completed	[MsgId: MMSG-17999]
2022-08-11 04:12:07.460 :   Logout completed	[MsgId: MMSG-17999]
2022-08-11 04:14:00.426 : - Iteration: 67	[MsgId: MMSG-17999]
2022-08-11 04:14:00.426 :   Account: jojo20/bean20	[MsgId: MMSG-17999]
2022-08-11 04:14:13.038 :   Login completed	[MsgId: MMSG-17999]
2022-08-11 04:14:16.419 :   Logout completed	[MsgId: MMSG-17999]
2022-08-11 04:16:06.436 : - Iteration: 68	[MsgId: MMSG-17999]
2022-08-11 04:16:06.436 :   Account: jojo20/bean20	[MsgId: MMSG-17999]
2022-08-11 04:16:21.950 :   Login completed	[MsgId: MMSG-17999]
2022-08-11 04:16:25.205 :   Logout completed	[MsgId: MMSG-17999]
2022-08-11 04:18:12.451 : - Iteration: 69	[MsgId: MMSG-17999]
2022-08-11 04:18:12.452 :   Account: jojo20/bean20	[MsgId: MMSG-17999]
2022-08-11 04:18:24.866 :   Login completed	[MsgId: MMSG-17999]
2022-08-11 04:18:29.763 :   Logout completed	[MsgId: MMSG-17999]
2022-08-11 04:20:18.466 : - Iteration: 70	[MsgId: MMSG-17999]
2022-08-11 04:20:18.467 :   Account: jojo20/bean20	[MsgId: MMSG-17999]
2022-08-11 04:20:25.778 :   Login completed	[MsgId: MMSG-17999]
2022-08-11 04:20:32.753 :   Logout completed	[MsgId: MMSG-17999]
2022-08-11 04:22:24.475 : - Iteration: 71	[MsgId: MMSG-17999]
2022-08-11 04:22:24.476 :   Account: jojo20/bean20	[MsgId: MMSG-17999]
2022-08-11 04:22:34.858 :   Login completed	[MsgId: MMSG-17999]
2022-08-11 04:22:41.453 :   Logout completed	[MsgId: MMSG-17999]
2022-08-11 04:24:30.488 : - Iteration: 72	[MsgId: MMSG-17999]
2022-08-11 04:24:30.488 :   Account: jojo20/bean20	[MsgId: MMSG-17999]
2022-08-11 04:24:39.500 :   Login completed	[MsgId: MMSG-17999]
2022-08-11 04:24:47.212 :   Logout completed	[MsgId: MMSG-17999]
2022-08-11 04:26:36.489 : - Iteration: 73	[MsgId: MMSG-17999]
2022-08-11 04:26:36.490 :   Account: jojo20/bean20	[MsgId: MMSG-17999]
2022-08-11 04:26:43.057 :   Login completed	[MsgId: MMSG-17999]
2022-08-11 04:26:46.176 :   Logout completed	[MsgId: MMSG-17999]
2022-08-11 04:28:42.504 : - Iteration: 74	[MsgId: MMSG-17999]
2022-08-11 04:28:42.504 :   Account: jojo20/bean20	[MsgId: MMSG-17999]
2022-08-11 04:28:49.814 :   Login completed	[MsgId: MMSG-17999]
2022-08-11 04:28:55.593 :   Logout completed	[MsgId: MMSG-17999]
2022-08-11 04:30:48.507 : - Iteration: 75	[MsgId: MMSG-17999]
2022-08-11 04:30:48.507 :   Account: jojo20/bean20	[MsgId: MMSG-17999]
2022-08-11 04:31:02.494 :   Login completed	[MsgId: MMSG-17999]
2022-08-11 04:31:06.314 :   Logout completed	[MsgId: MMSG-17999]
2022-08-11 04:32:54.521 : - Iteration: 76	[MsgId: MMSG-17999]
2022-08-11 04:32:54.521 :   Account: jojo20/bean20	[MsgId: MMSG-17999]
2022-08-11 04:33:04.242 :   Login completed	[MsgId: MMSG-17999]
2022-08-11 04:33:10.587 :   Logout completed	[MsgId: MMSG-17999]
2022-08-11 04:35:00.523 : - Iteration: 77	[MsgId: MMSG-17999]
2022-08-11 04:35:00.523 :   Account: jojo20/bean20	[MsgId: MMSG-17999]
2022-08-11 04:35:12.970 :   Login completed	[MsgId: MMSG-17999]
2022-08-11 04:35:17.253 :   Logout completed	[MsgId: MMSG-17999]
2022-08-11 04:37:06.532 : - Iteration: 78	[MsgId: MMSG-17999]
2022-08-11 04:37:06.533 :   Account: jojo20/bean20	[MsgId: MMSG-17999]
2022-08-11 04:37:12.671 :   Login completed	[MsgId: MMSG-17999]
2022-08-11 04:37:19.786 :   Logout completed	[MsgId: MMSG-17999]
2022-08-11 04:39:12.533 : - Iteration: 79	[MsgId: MMSG-17999]
2022-08-11 04:39:12.533 :   Account: jojo20/bean20	[MsgId: MMSG-17999]
2022-08-11 04:39:19.088 :   Login completed	[MsgId: MMSG-17999]
2022-08-11 04:39:24.160 :   Logout completed	[MsgId: MMSG-17999]
2022-08-11 04:41:18.534 : - Iteration: 80	[MsgId: MMSG-17999]
2022-08-11 04:41:18.535 :   Account: jojo20/bean20	[MsgId: MMSG-17999]
2022-08-11 04:41:27.635 :   Login completed	[MsgId: MMSG-17999]
2022-08-11 04:41:32.469 :   Logout completed	[MsgId: MMSG-17999]
2022-08-11 04:43:24.543 : - Iteration: 81	[MsgId: MMSG-17999]
2022-08-11 04:43:24.543 :   Account: jojo20/bean20	[MsgId: MMSG-17999]
2022-08-11 04:43:34.620 :   Login completed	[MsgId: MMSG-17999]
2022-08-11 04:43:38.189 :   Logout completed	[MsgId: MMSG-17999]
2022-08-11 04:45:30.556 : - Iteration: 82	[MsgId: MMSG-17999]
2022-08-11 04:45:30.556 :   Account: jojo20/bean20	[MsgId: MMSG-17999]
2022-08-11 04:45:45.096 :   Login completed	[MsgId: MMSG-17999]
2022-08-11 04:45:50.989 :   Logout completed	[MsgId: MMSG-17999]
2022-08-11 04:47:36.569 : - Iteration: 83	[MsgId: MMSG-17999]
2022-08-11 04:47:36.569 :   Account: jojo20/bean20	[MsgId: MMSG-17999]
2022-08-11 04:47:50.365 :   Login completed	[MsgId: MMSG-17999]
2022-08-11 04:47:54.101 :   Logout completed	[MsgId: MMSG-17999]
2022-08-11 04:49:42.570 : - Iteration: 84	[MsgId: MMSG-17999]
2022-08-11 04:49:42.571 :   Account: jojo20/bean20	[MsgId: MMSG-17999]
2022-08-11 04:49:49.459 :   Login completed	[MsgId: MMSG-17999]
2022-08-11 04:49:54.763 :   Logout completed	[MsgId: MMSG-17999]
2022-08-11 04:51:48.570 : - Iteration: 85	[MsgId: MMSG-17999]
2022-08-11 04:51:48.571 :   Account: jojo20/bean20	[MsgId: MMSG-17999]
2022-08-11 04:52:00.696 :   Login completed	[MsgId: MMSG-17999]
2022-08-11 04:52:05.006 :   Logout completed	[MsgId: MMSG-17999]
2022-08-11 04:53:54.573 : - Iteration: 86	[MsgId: MMSG-17999]
2022-08-11 04:53:54.574 :   Account: jojo20/bean20	[MsgId: MMSG-17999]
2022-08-11 04:54:03.001 :   Login completed	[MsgId: MMSG-17999]
2022-08-11 04:54:08.347 :   Logout completed	[MsgId: MMSG-17999]
2022-08-11 04:56:00.576 : - Iteration: 87	[MsgId: MMSG-17999]
2022-08-11 04:56:00.577 :   Account: jojo20/bean20	[MsgId: MMSG-17999]
2022-08-11 04:56:08.000 :   Login completed	[MsgId: MMSG-17999]
2022-08-11 04:56:11.957 :   Logout completed	[MsgId: MMSG-17999]
2022-08-11 04:58:06.586 : - Iteration: 88	[MsgId: MMSG-17999]
2022-08-11 04:58:06.586 :   Account: jojo20/bean20	[MsgId: MMSG-17999]
2022-08-11 04:58:15.914 :   Login completed	[MsgId: MMSG-17999]
2022-08-11 04:58:22.858 :   Logout completed	[MsgId: MMSG-17999]
2022-08-11 05:00:12.586 : - Iteration: 89	[MsgId: MMSG-17999]
2022-08-11 05:00:12.586 :   Account: jojo20/bean20	[MsgId: MMSG-17999]
2022-08-11 05:00:25.743 :   Login completed	[MsgId: MMSG-17999]
2022-08-11 05:00:30.554 :   Logout completed	[MsgId: MMSG-17999]
2022-08-11 05:02:18.591 : - Iteration: 90	[MsgId: MMSG-17999]
2022-08-11 05:02:18.591 :   Account: jojo20/bean20	[MsgId: MMSG-17999]
2022-08-11 05:02:30.041 :   Login completed	[MsgId: MMSG-17999]
2022-08-11 05:02:37.456 :   Logout completed	[MsgId: MMSG-17999]
2022-08-11 05:04:24.597 : - Iteration: 91	[MsgId: MMSG-17999]
2022-08-11 05:04:24.598 :   Account: jojo20/bean20	[MsgId: MMSG-17999]
2022-08-11 05:04:36.938 :   Login completed	[MsgId: MMSG-17999]
2022-08-11 05:04:43.623 :   Logout completed	[MsgId: MMSG-17999]
2022-08-11 05:06:30.604 : - Iteration: 92	[MsgId: MMSG-17999]
2022-08-11 05:06:30.604 :   Account: jojo20/bean20	[MsgId: MMSG-17999]
2022-08-11 05:06:37.146 :   Login completed	[MsgId: MMSG-17999]
2022-08-11 05:06:44.862 :   Logout completed	[MsgId: MMSG-17999]
