2022-08-11 03:57:47.392 : URL = localhost:1080	[MsgId: MMSG-17999]
2022-08-11 03:57:47.416 : - Iteration: 1	[MsgId: MMSG-17999]
2022-08-11 03:57:47.416 :   Account: jojo45/bean45	[MsgId: MMSG-17999]
2022-08-11 03:58:00.530 :   Login completed	[MsgId: MMSG-17999]
2022-08-11 03:58:34.376 :   Logout completed	[MsgId: MMSG-17999]
2022-08-11 04:00:27.422 : - Iteration: 2	[MsgId: MMSG-17999]
2022-08-11 04:00:27.423 :   Account: jojo45/bean45	[MsgId: MMSG-17999]
2022-08-11 04:00:34.985 :   Login completed	[MsgId: MMSG-17999]
2022-08-11 04:01:05.697 :   Logout completed	[MsgId: MMSG-17999]
2022-08-11 04:03:07.434 : - Iteration: 3	[MsgId: MMSG-17999]
2022-08-11 04:03:07.435 :   Account: jojo45/bean45	[MsgId: MMSG-17999]
2022-08-11 04:03:21.808 :   Login completed	[MsgId: MMSG-17999]
2022-08-11 04:03:54.908 :   Logout completed	[MsgId: MMSG-17999]
2022-08-11 04:05:47.436 : - Iteration: 4	[MsgId: MMSG-17999]
2022-08-11 04:05:47.436 :   Account: jojo45/bean45	[MsgId: MMSG-17999]
2022-08-11 04:05:56.273 :   Login completed	[MsgId: MMSG-17999]
2022-08-11 04:06:21.812 :   Logout completed	[MsgId: MMSG-17999]
2022-08-11 04:08:27.443 : - Iteration: 5	[MsgId: MMSG-17999]
2022-08-11 04:08:27.444 :   Account: jojo45/bean45	[MsgId: MMSG-17999]
2022-08-11 04:08:42.458 :   Login completed	[MsgId: MMSG-17999]
2022-08-11 04:09:09.660 :   Logout completed	[MsgId: MMSG-17999]
2022-08-11 04:11:07.449 : - Iteration: 6	[MsgId: MMSG-17999]
2022-08-11 04:11:07.450 :   Account: jojo45/bean45	[MsgId: MMSG-17999]
2022-08-11 04:11:15.996 :   Login completed	[MsgId: MMSG-17999]
2022-08-11 04:11:49.120 :   Logout completed	[MsgId: MMSG-17999]
2022-08-11 04:13:47.457 : - Iteration: 7	[MsgId: MMSG-17999]
2022-08-11 04:13:47.458 :   Account: jojo45/bean45	[MsgId: MMSG-17999]
2022-08-11 04:13:58.377 :   Login completed	[MsgId: MMSG-17999]
2022-08-11 04:14:36.662 :   Logout completed	[MsgId: MMSG-17999]
2022-08-11 04:16:27.470 : - Iteration: 8	[MsgId: MMSG-17999]
2022-08-11 04:16:27.471 :   Account: jojo45/bean45	[MsgId: MMSG-17999]
2022-08-11 04:16:39.541 :   Login completed	[MsgId: MMSG-17999]
2022-08-11 04:17:06.520 :   Logout completed	[MsgId: MMSG-17999]
2022-08-11 04:19:07.482 : - Iteration: 9	[MsgId: MMSG-17999]
2022-08-11 04:19:07.483 :   Account: jojo45/bean45	[MsgId: MMSG-17999]
2022-08-11 04:19:16.333 :   Login completed	[MsgId: MMSG-17999]
2022-08-11 04:19:51.555 :   Logout completed	[MsgId: MMSG-17999]
2022-08-11 04:21:47.496 : - Iteration: 10	[MsgId: MMSG-17999]
2022-08-11 04:21:47.497 :   Account: jojo45/bean45	[MsgId: MMSG-17999]
2022-08-11 04:21:56.936 :   Login completed	[MsgId: MMSG-17999]
2022-08-11 04:22:24.463 :   Logout completed	[MsgId: MMSG-17999]
2022-08-11 04:24:27.511 : - Iteration: 11	[MsgId: MMSG-17999]
2022-08-11 04:24:27.511 :   Account: jojo45/bean45	[MsgId: MMSG-17999]
2022-08-11 04:24:38.303 :   Login completed	[MsgId: MMSG-17999]
2022-08-11 04:25:13.008 :   Logout completed	[MsgId: MMSG-17999]
2022-08-11 04:27:07.524 : - Iteration: 12	[MsgId: MMSG-17999]
2022-08-11 04:27:07.525 :   Account: jojo45/bean45	[MsgId: MMSG-17999]
2022-08-11 04:27:13.871 :   Login completed	[MsgId: MMSG-17999]
2022-08-11 04:27:45.934 :   Logout completed	[MsgId: MMSG-17999]
2022-08-11 04:29:47.528 : - Iteration: 13	[MsgId: MMSG-17999]
2022-08-11 04:29:47.529 :   Account: jojo45/bean45	[MsgId: MMSG-17999]
2022-08-11 04:30:00.218 :   Login completed	[MsgId: MMSG-17999]
2022-08-11 04:30:29.804 :   Logout completed	[MsgId: MMSG-17999]
2022-08-11 04:32:27.533 : - Iteration: 14	[MsgId: MMSG-17999]
2022-08-11 04:32:27.533 :   Account: jojo45/bean45	[MsgId: MMSG-17999]
2022-08-11 04:32:33.328 :   Login completed	[MsgId: MMSG-17999]
2022-08-11 04:33:07.904 :   Logout completed	[MsgId: MMSG-17999]
2022-08-11 04:35:07.533 : - Iteration: 15	[MsgId: MMSG-17999]
2022-08-11 04:35:07.533 :   Account: jojo45/bean45	[MsgId: MMSG-17999]
2022-08-11 04:35:19.719 :   Login completed	[MsgId: MMSG-17999]
2022-08-11 04:35:43.162 :   Logout completed	[MsgId: MMSG-17999]
2022-08-11 04:37:47.539 : - Iteration: 16	[MsgId: MMSG-17999]
2022-08-11 04:37:47.540 :   Account: jojo45/bean45	[MsgId: MMSG-17999]
2022-08-11 04:38:03.003 :   Login completed	[MsgId: MMSG-17999]
2022-08-11 04:38:29.914 :   Logout completed	[MsgId: MMSG-17999]
2022-08-11 04:40:27.555 : - Iteration: 17	[MsgId: MMSG-17999]
2022-08-11 04:40:27.555 :   Account: jojo45/bean45	[MsgId: MMSG-17999]
2022-08-11 04:40:41.623 :   Login completed	[MsgId: MMSG-17999]
2022-08-11 04:41:08.612 :   Logout completed	[MsgId: MMSG-17999]
2022-08-11 04:43:07.555 : - Iteration: 18	[MsgId: MMSG-17999]
2022-08-11 04:43:07.555 :   Account: jojo45/bean45	[MsgId: MMSG-17999]
2022-08-11 04:43:21.689 :   Login completed	[MsgId: MMSG-17999]
2022-08-11 04:44:00.971 :   Logout completed	[MsgId: MMSG-17999]
2022-08-11 04:45:47.566 : - Iteration: 19	[MsgId: MMSG-17999]
2022-08-11 04:45:47.567 :   Account: jojo45/bean45	[MsgId: MMSG-17999]
2022-08-11 04:45:57.083 :   Login completed	[MsgId: MMSG-17999]
2022-08-11 04:46:24.971 :   Logout completed	[MsgId: MMSG-17999]
2022-08-11 04:48:27.579 : - Iteration: 20	[MsgId: MMSG-17999]
2022-08-11 04:48:27.580 :   Account: jojo45/bean45	[MsgId: MMSG-17999]
2022-08-11 04:48:41.330 :   Login completed	[MsgId: MMSG-17999]
2022-08-11 04:49:18.721 :   Logout completed	[MsgId: MMSG-17999]
2022-08-11 04:51:07.592 : - Iteration: 21	[MsgId: MMSG-17999]
2022-08-11 04:51:07.593 :   Account: jojo45/bean45	[MsgId: MMSG-17999]
2022-08-11 04:51:21.625 :   Login completed	[MsgId: MMSG-17999]
2022-08-11 04:51:55.897 :   Logout completed	[MsgId: MMSG-17999]
2022-08-11 04:53:47.600 : - Iteration: 22	[MsgId: MMSG-17999]
2022-08-11 04:53:47.601 :   Account: jojo45/bean45	[MsgId: MMSG-17999]
2022-08-11 04:53:54.162 :   Login completed	[MsgId: MMSG-17999]
2022-08-11 04:54:17.438 :   Logout completed	[MsgId: MMSG-17999]
2022-08-11 04:56:27.609 : - Iteration: 23	[MsgId: MMSG-17999]
2022-08-11 04:56:27.610 :   Account: jojo45/bean45	[MsgId: MMSG-17999]
2022-08-11 04:56:42.558 :   Login completed	[MsgId: MMSG-17999]
2022-08-11 04:57:08.997 :   Logout completed	[MsgId: MMSG-17999]
2022-08-11 04:59:07.617 : - Iteration: 24	[MsgId: MMSG-17999]
2022-08-11 04:59:07.617 :   Account: jojo45/bean45	[MsgId: MMSG-17999]
2022-08-11 04:59:18.643 :   Login completed	[MsgId: MMSG-17999]
2022-08-11 04:59:50.642 :   Logout completed	[MsgId: MMSG-17999]
2022-08-11 05:01:47.626 : - Iteration: 25	[MsgId: MMSG-17999]
2022-08-11 05:01:47.626 :   Account: jojo45/bean45	[MsgId: MMSG-17999]
2022-08-11 05:01:56.349 :   Login completed	[MsgId: MMSG-17999]
2022-08-11 05:02:27.315 :   Logout completed	[MsgId: MMSG-17999]
