2022-08-11 00:53:35.298 : URL = localhost:1080	[MsgId: MMSG-17999]
2022-08-11 00:53:35.326 : - Iteration: 1	[MsgId: MMSG-17999]
2022-08-11 00:53:35.326 :   Account: jojo13/bean13	[MsgId: MMSG-17999]
2022-08-11 00:53:42.033 :   Login completed	[MsgId: MMSG-17999]
2022-08-11 00:53:45.892 :   Logout completed	[MsgId: MMSG-17999]
2022-08-11 00:55:41.329 : - Iteration: 2	[MsgId: MMSG-17999]
2022-08-11 00:55:41.329 :   Account: jojo13/bean13	[MsgId: MMSG-17999]
2022-08-11 00:55:55.802 :   Login completed	[MsgId: MMSG-17999]
2022-08-11 00:55:59.839 :   Logout completed	[MsgId: MMSG-17999]
2022-08-11 00:57:47.338 : - Iteration: 3	[MsgId: MMSG-17999]
2022-08-11 00:57:47.338 :   Account: jojo13/bean13	[MsgId: MMSG-17999]
2022-08-11 00:57:56.898 :   Login completed	[MsgId: MMSG-17999]
2022-08-11 00:58:03.422 :   Logout completed	[MsgId: MMSG-17999]
2022-08-11 00:59:53.348 : - Iteration: 4	[MsgId: MMSG-17999]
2022-08-11 00:59:53.349 :   Account: jojo13/bean13	[MsgId: MMSG-17999]
2022-08-11 01:00:06.262 :   Login completed	[MsgId: MMSG-17999]
2022-08-11 01:00:13.417 :   Logout completed	[MsgId: MMSG-17999]
2022-08-11 01:01:59.360 : - Iteration: 5	[MsgId: MMSG-17999]
2022-08-11 01:01:59.360 :   Account: jojo13/bean13	[MsgId: MMSG-17999]
2022-08-11 01:02:11.410 :   Login completed	[MsgId: MMSG-17999]
2022-08-11 01:02:16.989 :   Logout completed	[MsgId: MMSG-17999]
2022-08-11 01:04:05.373 : - Iteration: 6	[MsgId: MMSG-17999]
2022-08-11 01:04:05.374 :   Account: jojo13/bean13	[MsgId: MMSG-17999]
2022-08-11 01:04:19.934 :   Login completed	[MsgId: MMSG-17999]
2022-08-11 01:04:23.255 :   Logout completed	[MsgId: MMSG-17999]
2022-08-11 01:06:11.388 : - Iteration: 7	[MsgId: MMSG-17999]
2022-08-11 01:06:11.388 :   Account: jojo13/bean13	[MsgId: MMSG-17999]
2022-08-11 01:06:26.066 :   Login completed	[MsgId: MMSG-17999]
2022-08-11 01:06:33.381 :   Logout completed	[MsgId: MMSG-17999]
2022-08-11 01:08:17.390 : - Iteration: 8	[MsgId: MMSG-17999]
2022-08-11 01:08:17.391 :   Account: jojo13/bean13	[MsgId: MMSG-17999]
2022-08-11 01:08:32.724 :   Login completed	[MsgId: MMSG-17999]
2022-08-11 01:08:38.327 :   Logout completed	[MsgId: MMSG-17999]
2022-08-11 01:10:23.406 : - Iteration: 9	[MsgId: MMSG-17999]
2022-08-11 01:10:23.407 :   Account: jojo13/bean13	[MsgId: MMSG-17999]
2022-08-11 01:10:34.708 :   Login completed	[MsgId: MMSG-17999]
2022-08-11 01:10:39.358 :   Logout completed	[MsgId: MMSG-17999]
2022-08-11 01:12:29.420 : - Iteration: 10	[MsgId: MMSG-17999]
2022-08-11 01:12:29.421 :   Account: jojo13/bean13	[MsgId: MMSG-17999]
2022-08-11 01:12:36.556 :   Login completed	[MsgId: MMSG-17999]
2022-08-11 01:12:42.899 :   Logout completed	[MsgId: MMSG-17999]
2022-08-11 01:14:35.425 : - Iteration: 11	[MsgId: MMSG-17999]
2022-08-11 01:14:35.426 :   Account: jojo13/bean13	[MsgId: MMSG-17999]
2022-08-11 01:14:49.722 :   Login completed	[MsgId: MMSG-17999]
2022-08-11 01:14:53.115 :   Logout completed	[MsgId: MMSG-17999]
2022-08-11 01:16:41.431 : - Iteration: 12	[MsgId: MMSG-17999]
2022-08-11 01:16:41.431 :   Account: jojo13/bean13	[MsgId: MMSG-17999]
2022-08-11 01:16:51.128 :   Login completed	[MsgId: MMSG-17999]
2022-08-11 01:16:56.152 :   Logout completed	[MsgId: MMSG-17999]
2022-08-11 01:18:47.432 : - Iteration: 13	[MsgId: MMSG-17999]
2022-08-11 01:18:47.433 :   Account: jojo13/bean13	[MsgId: MMSG-17999]
2022-08-11 01:19:02.877 :   Login completed	[MsgId: MMSG-17999]
2022-08-11 01:19:08.522 :   Logout completed	[MsgId: MMSG-17999]
2022-08-11 01:20:53.431 : - Iteration: 14	[MsgId: MMSG-17999]
2022-08-11 01:20:53.431 :   Account: jojo13/bean13	[MsgId: MMSG-17999]
2022-08-11 01:21:01.084 :   Login completed	[MsgId: MMSG-17999]
2022-08-11 01:21:05.888 :   Logout completed	[MsgId: MMSG-17999]
2022-08-11 01:22:59.447 : - Iteration: 15	[MsgId: MMSG-17999]
2022-08-11 01:22:59.447 :   Account: jojo13/bean13	[MsgId: MMSG-17999]
2022-08-11 01:23:11.697 :   Login completed	[MsgId: MMSG-17999]
2022-08-11 01:23:18.299 :   Logout completed	[MsgId: MMSG-17999]
2022-08-11 01:25:05.451 : - Iteration: 16	[MsgId: MMSG-17999]
2022-08-11 01:25:05.451 :   Account: jojo13/bean13	[MsgId: MMSG-17999]
2022-08-11 01:25:15.016 :   Login completed	[MsgId: MMSG-17999]
2022-08-11 01:25:22.018 :   Logout completed	[MsgId: MMSG-17999]
2022-08-11 01:27:11.453 : - Iteration: 17	[MsgId: MMSG-17999]
2022-08-11 01:27:11.454 :   Account: jojo13/bean13	[MsgId: MMSG-17999]
2022-08-11 01:27:21.085 :   Login completed	[MsgId: MMSG-17999]
2022-08-11 01:27:27.570 :   Logout completed	[MsgId: MMSG-17999]
2022-08-11 01:29:17.454 : - Iteration: 18	[MsgId: MMSG-17999]
2022-08-11 01:29:17.454 :   Account: jojo13/bean13	[MsgId: MMSG-17999]
2022-08-11 01:29:24.350 :   Login completed	[MsgId: MMSG-17999]
2022-08-11 01:29:30.664 :   Logout completed	[MsgId: MMSG-17999]
2022-08-11 01:31:23.465 : - Iteration: 19	[MsgId: MMSG-17999]
2022-08-11 01:31:23.465 :   Account: jojo13/bean13	[MsgId: MMSG-17999]
2022-08-11 01:31:33.185 :   Login completed	[MsgId: MMSG-17999]
2022-08-11 01:31:36.710 :   Logout completed	[MsgId: MMSG-17999]
2022-08-11 01:33:29.473 : - Iteration: 20	[MsgId: MMSG-17999]
2022-08-11 01:33:29.473 :   Account: jojo13/bean13	[MsgId: MMSG-17999]
2022-08-11 01:33:38.572 :   Login completed	[MsgId: MMSG-17999]
2022-08-11 01:33:45.384 :   Logout completed	[MsgId: MMSG-17999]
2022-08-11 01:35:35.485 : - Iteration: 21	[MsgId: MMSG-17999]
2022-08-11 01:35:35.485 :   Account: jojo13/bean13	[MsgId: MMSG-17999]
2022-08-11 01:35:48.347 :   Login completed	[MsgId: MMSG-17999]
2022-08-11 01:35:52.569 :   Logout completed	[MsgId: MMSG-17999]
2022-08-11 01:37:41.496 : - Iteration: 22	[MsgId: MMSG-17999]
2022-08-11 01:37:41.496 :   Account: jojo13/bean13	[MsgId: MMSG-17999]
2022-08-11 01:37:47.816 :   Login completed	[MsgId: MMSG-17999]
2022-08-11 01:37:55.360 :   Logout completed	[MsgId: MMSG-17999]
2022-08-11 01:39:47.509 : - Iteration: 23	[MsgId: MMSG-17999]
2022-08-11 01:39:47.509 :   Account: jojo13/bean13	[MsgId: MMSG-17999]
2022-08-11 01:39:57.549 :   Login completed	[MsgId: MMSG-17999]
2022-08-11 01:40:04.670 :   Logout completed	[MsgId: MMSG-17999]
2022-08-11 01:41:53.509 : - Iteration: 24	[MsgId: MMSG-17999]
2022-08-11 01:41:53.510 :   Account: jojo13/bean13	[MsgId: MMSG-17999]
2022-08-11 01:42:00.168 :   Login completed	[MsgId: MMSG-17999]
2022-08-11 01:42:05.998 :   Logout completed	[MsgId: MMSG-17999]
2022-08-11 01:43:59.517 : - Iteration: 25	[MsgId: MMSG-17999]
2022-08-11 01:43:59.517 :   Account: jojo13/bean13	[MsgId: MMSG-17999]
2022-08-11 01:44:10.269 :   Login completed	[MsgId: MMSG-17999]
2022-08-11 01:44:14.523 :   Logout completed	[MsgId: MMSG-17999]
2022-08-11 01:46:05.528 : - Iteration: 26	[MsgId: MMSG-17999]
2022-08-11 01:46:05.528 :   Account: jojo13/bean13	[MsgId: MMSG-17999]
2022-08-11 01:46:12.783 :   Login completed	[MsgId: MMSG-17999]
2022-08-11 01:46:20.109 :   Logout completed	[MsgId: MMSG-17999]
2022-08-11 01:48:11.535 : - Iteration: 27	[MsgId: MMSG-17999]
2022-08-11 01:48:11.535 :   Account: jojo13/bean13	[MsgId: MMSG-17999]
2022-08-11 01:48:24.126 :   Login completed	[MsgId: MMSG-17999]
2022-08-11 01:48:30.977 :   Logout completed	[MsgId: MMSG-17999]
2022-08-11 01:50:17.540 : - Iteration: 28	[MsgId: MMSG-17999]
2022-08-11 01:50:17.540 :   Account: jojo13/bean13	[MsgId: MMSG-17999]
2022-08-11 01:50:23.359 :   Login completed	[MsgId: MMSG-17999]
2022-08-11 01:50:26.215 :   Logout completed	[MsgId: MMSG-17999]
2022-08-11 01:52:23.541 : - Iteration: 29	[MsgId: MMSG-17999]
2022-08-11 01:52:23.541 :   Account: jojo13/bean13	[MsgId: MMSG-17999]
2022-08-11 01:52:33.070 :   Login completed	[MsgId: MMSG-17999]
2022-08-11 01:52:38.332 :   Logout completed	[MsgId: MMSG-17999]
2022-08-11 01:54:29.550 : - Iteration: 30	[MsgId: MMSG-17999]
2022-08-11 01:54:29.550 :   Account: jojo13/bean13	[MsgId: MMSG-17999]
2022-08-11 01:54:37.356 :   Login completed	[MsgId: MMSG-17999]
2022-08-11 01:54:41.618 :   Logout completed	[MsgId: MMSG-17999]
2022-08-11 01:56:35.554 : - Iteration: 31	[MsgId: MMSG-17999]
2022-08-11 01:56:35.554 :   Account: jojo13/bean13	[MsgId: MMSG-17999]
2022-08-11 01:56:42.821 :   Login completed	[MsgId: MMSG-17999]
2022-08-11 01:56:48.307 :   Logout completed	[MsgId: MMSG-17999]
2022-08-11 01:58:41.566 : - Iteration: 32	[MsgId: MMSG-17999]
2022-08-11 01:58:41.566 :   Account: jojo13/bean13	[MsgId: MMSG-17999]
2022-08-11 01:58:55.421 :   Login completed	[MsgId: MMSG-17999]
2022-08-11 01:59:02.101 :   Logout completed	[MsgId: MMSG-17999]
2022-08-11 02:00:47.567 : - Iteration: 33	[MsgId: MMSG-17999]
2022-08-11 02:00:47.567 :   Account: jojo13/bean13	[MsgId: MMSG-17999]
2022-08-11 02:00:58.279 :   Login completed	[MsgId: MMSG-17999]
2022-08-11 02:01:02.735 :   Logout completed	[MsgId: MMSG-17999]
2022-08-11 02:02:53.582 : - Iteration: 34	[MsgId: MMSG-17999]
2022-08-11 02:02:53.583 :   Account: jojo13/bean13	[MsgId: MMSG-17999]
2022-08-11 02:03:00.273 :   Login completed	[MsgId: MMSG-17999]
2022-08-11 02:03:07.836 :   Logout completed	[MsgId: MMSG-17999]
2022-08-11 02:04:59.585 : - Iteration: 35	[MsgId: MMSG-17999]
2022-08-11 02:04:59.586 :   Account: jojo13/bean13	[MsgId: MMSG-17999]
2022-08-11 02:05:11.630 :   Login completed	[MsgId: MMSG-17999]
2022-08-11 02:05:16.555 :   Logout completed	[MsgId: MMSG-17999]
2022-08-11 02:07:05.597 : - Iteration: 36	[MsgId: MMSG-17999]
2022-08-11 02:07:05.597 :   Account: jojo13/bean13	[MsgId: MMSG-17999]
2022-08-11 02:07:19.259 :   Login completed	[MsgId: MMSG-17999]
2022-08-11 02:07:25.060 :   Logout completed	[MsgId: MMSG-17999]
2022-08-11 02:09:11.598 : - Iteration: 37	[MsgId: MMSG-17999]
2022-08-11 02:09:11.598 :   Account: jojo13/bean13	[MsgId: MMSG-17999]
2022-08-11 02:09:20.118 :   Login completed	[MsgId: MMSG-17999]
2022-08-11 02:09:27.357 :   Logout completed	[MsgId: MMSG-17999]
2022-08-11 02:11:17.605 : - Iteration: 38	[MsgId: MMSG-17999]
2022-08-11 02:11:17.606 :   Account: jojo13/bean13	[MsgId: MMSG-17999]
2022-08-11 02:11:26.967 :   Login completed	[MsgId: MMSG-17999]
2022-08-11 02:11:29.953 :   Logout completed	[MsgId: MMSG-17999]
2022-08-11 02:13:23.613 : - Iteration: 39	[MsgId: MMSG-17999]
2022-08-11 02:13:23.614 :   Account: jojo13/bean13	[MsgId: MMSG-17999]
2022-08-11 02:13:32.894 :   Login completed	[MsgId: MMSG-17999]
2022-08-11 02:13:40.357 :   Logout completed	[MsgId: MMSG-17999]
2022-08-11 02:15:29.615 : - Iteration: 40	[MsgId: MMSG-17999]
2022-08-11 02:15:29.616 :   Account: jojo13/bean13	[MsgId: MMSG-17999]
2022-08-11 02:15:43.227 :   Login completed	[MsgId: MMSG-17999]
2022-08-11 02:15:47.563 :   Logout completed	[MsgId: MMSG-17999]
2022-08-11 02:17:35.624 : - Iteration: 41	[MsgId: MMSG-17999]
2022-08-11 02:17:35.624 :   Account: jojo13/bean13	[MsgId: MMSG-17999]
2022-08-11 02:17:42.999 :   Login completed	[MsgId: MMSG-17999]
2022-08-11 02:17:49.312 :   Logout completed	[MsgId: MMSG-17999]
2022-08-11 02:19:41.634 : - Iteration: 42	[MsgId: MMSG-17999]
2022-08-11 02:19:41.634 :   Account: jojo13/bean13	[MsgId: MMSG-17999]
2022-08-11 02:19:55.164 :   Login completed	[MsgId: MMSG-17999]
2022-08-11 02:19:58.096 :   Logout completed	[MsgId: MMSG-17999]
2022-08-11 02:21:47.642 : - Iteration: 43	[MsgId: MMSG-17999]
2022-08-11 02:21:47.642 :   Account: jojo13/bean13	[MsgId: MMSG-17999]
2022-08-11 02:21:58.884 :   Login completed	[MsgId: MMSG-17999]
2022-08-11 02:22:04.761 :   Logout completed	[MsgId: MMSG-17999]
2022-08-11 02:23:53.655 : - Iteration: 44	[MsgId: MMSG-17999]
2022-08-11 02:23:53.656 :   Account: jojo13/bean13	[MsgId: MMSG-17999]
2022-08-11 02:24:04.327 :   Login completed	[MsgId: MMSG-17999]
2022-08-11 02:24:11.178 :   Logout completed	[MsgId: MMSG-17999]
2022-08-11 02:25:59.656 : - Iteration: 45	[MsgId: MMSG-17999]
2022-08-11 02:25:59.657 :   Account: jojo13/bean13	[MsgId: MMSG-17999]
2022-08-11 02:26:05.383 :   Login completed	[MsgId: MMSG-17999]
2022-08-11 02:26:11.193 :   Logout completed	[MsgId: MMSG-17999]
2022-08-11 02:28:05.655 : - Iteration: 46	[MsgId: MMSG-17999]
2022-08-11 02:28:05.655 :   Account: jojo13/bean13	[MsgId: MMSG-17999]
2022-08-11 02:28:14.498 :   Login completed	[MsgId: MMSG-17999]
2022-08-11 02:28:18.787 :   Logout completed	[MsgId: MMSG-17999]
2022-08-11 02:30:11.668 : - Iteration: 47	[MsgId: MMSG-17999]
2022-08-11 02:30:11.669 :   Account: jojo13/bean13	[MsgId: MMSG-17999]
2022-08-11 02:30:26.712 :   Login completed	[MsgId: MMSG-17999]
2022-08-11 02:30:33.993 :   Logout completed	[MsgId: MMSG-17999]
2022-08-11 02:32:17.684 : - Iteration: 48	[MsgId: MMSG-17999]
2022-08-11 02:32:17.684 :   Account: jojo13/bean13	[MsgId: MMSG-17999]
2022-08-11 02:32:27.001 :   Login completed	[MsgId: MMSG-17999]
2022-08-11 02:32:33.036 :   Logout completed	[MsgId: MMSG-17999]
2022-08-11 02:34:23.692 : - Iteration: 49	[MsgId: MMSG-17999]
2022-08-11 02:34:23.693 :   Account: jojo13/bean13	[MsgId: MMSG-17999]
2022-08-11 02:34:31.260 :   Login completed	[MsgId: MMSG-17999]
2022-08-11 02:34:34.888 :   Logout completed	[MsgId: MMSG-17999]
2022-08-11 02:36:29.697 : - Iteration: 50	[MsgId: MMSG-17999]
2022-08-11 02:36:29.697 :   Account: jojo13/bean13	[MsgId: MMSG-17999]
2022-08-11 02:36:41.236 :   Login completed	[MsgId: MMSG-17999]
2022-08-11 02:36:48.796 :   Logout completed	[MsgId: MMSG-17999]
2022-08-11 02:38:35.703 : - Iteration: 51	[MsgId: MMSG-17999]
2022-08-11 02:38:35.703 :   Account: jojo13/bean13	[MsgId: MMSG-17999]
2022-08-11 02:38:51.096 :   Login completed	[MsgId: MMSG-17999]
2022-08-11 02:38:54.095 :   Logout completed	[MsgId: MMSG-17999]
2022-08-11 02:40:41.717 : - Iteration: 52	[MsgId: MMSG-17999]
2022-08-11 02:40:41.718 :   Account: jojo13/bean13	[MsgId: MMSG-17999]
2022-08-11 02:40:53.173 :   Login completed	[MsgId: MMSG-17999]
2022-08-11 02:40:56.073 :   Logout completed	[MsgId: MMSG-17999]
2022-08-11 02:42:47.727 : - Iteration: 53	[MsgId: MMSG-17999]
2022-08-11 02:42:47.727 :   Account: jojo13/bean13	[MsgId: MMSG-17999]
2022-08-11 02:43:00.845 :   Login completed	[MsgId: MMSG-17999]
2022-08-11 02:43:06.175 :   Logout completed	[MsgId: MMSG-17999]
2022-08-11 02:44:53.741 : - Iteration: 54	[MsgId: MMSG-17999]
2022-08-11 02:44:53.741 :   Account: jojo13/bean13	[MsgId: MMSG-17999]
2022-08-11 02:45:00.137 :   Login completed	[MsgId: MMSG-17999]
2022-08-11 02:45:04.257 :   Logout completed	[MsgId: MMSG-17999]
2022-08-11 02:46:59.750 : - Iteration: 55	[MsgId: MMSG-17999]
2022-08-11 02:46:59.751 :   Account: jojo13/bean13	[MsgId: MMSG-17999]
2022-08-11 02:47:06.298 :   Login completed	[MsgId: MMSG-17999]
2022-08-11 02:47:12.120 :   Logout completed	[MsgId: MMSG-17999]
2022-08-11 02:49:05.756 : - Iteration: 56	[MsgId: MMSG-17999]
2022-08-11 02:49:05.757 :   Account: jojo13/bean13	[MsgId: MMSG-17999]
2022-08-11 02:49:13.233 :   Login completed	[MsgId: MMSG-17999]
2022-08-11 02:49:18.163 :   Logout completed	[MsgId: MMSG-17999]
2022-08-11 02:51:11.763 : - Iteration: 57	[MsgId: MMSG-17999]
2022-08-11 02:51:11.763 :   Account: jojo13/bean13	[MsgId: MMSG-17999]
2022-08-11 02:51:22.376 :   Login completed	[MsgId: MMSG-17999]
2022-08-11 02:51:29.043 :   Logout completed	[MsgId: MMSG-17999]
2022-08-11 02:53:17.768 : - Iteration: 58	[MsgId: MMSG-17999]
2022-08-11 02:53:17.768 :   Account: jojo13/bean13	[MsgId: MMSG-17999]
2022-08-11 02:53:24.160 :   Login completed	[MsgId: MMSG-17999]
2022-08-11 02:53:28.138 :   Logout completed	[MsgId: MMSG-17999]
2022-08-11 02:55:23.779 : - Iteration: 59	[MsgId: MMSG-17999]
2022-08-11 02:55:23.780 :   Account: jojo13/bean13	[MsgId: MMSG-17999]
2022-08-11 02:55:36.691 :   Login completed	[MsgId: MMSG-17999]
2022-08-11 02:55:43.533 :   Logout completed	[MsgId: MMSG-17999]
2022-08-11 02:57:29.794 : - Iteration: 60	[MsgId: MMSG-17999]
2022-08-11 02:57:29.795 :   Account: jojo13/bean13	[MsgId: MMSG-17999]
2022-08-11 02:57:41.547 :   Login completed	[MsgId: MMSG-17999]
2022-08-11 02:57:47.979 :   Logout completed	[MsgId: MMSG-17999]
2022-08-11 02:59:35.798 : - Iteration: 61	[MsgId: MMSG-17999]
2022-08-11 02:59:35.799 :   Account: jojo13/bean13	[MsgId: MMSG-17999]
2022-08-11 02:59:51.263 :   Login completed	[MsgId: MMSG-17999]
2022-08-11 02:59:55.544 :   Logout completed	[MsgId: MMSG-17999]
2022-08-11 03:01:41.803 : - Iteration: 62	[MsgId: MMSG-17999]
2022-08-11 03:01:41.803 :   Account: jojo13/bean13	[MsgId: MMSG-17999]
2022-08-11 03:01:53.554 :   Login completed	[MsgId: MMSG-17999]
2022-08-11 03:01:56.350 :   Logout completed	[MsgId: MMSG-17999]
2022-08-11 03:03:47.816 : - Iteration: 63	[MsgId: MMSG-17999]
2022-08-11 03:03:47.818 :   Account: jojo13/bean13	[MsgId: MMSG-17999]
2022-08-11 03:03:54.214 :   Login completed	[MsgId: MMSG-17999]
2022-08-11 03:04:00.730 :   Logout completed	[MsgId: MMSG-17999]
2022-08-11 03:05:53.812 : - Iteration: 64	[MsgId: MMSG-17999]
2022-08-11 03:05:53.813 :   Account: jojo13/bean13	[MsgId: MMSG-17999]
2022-08-11 03:05:59.683 :   Login completed	[MsgId: MMSG-17999]
2022-08-11 03:06:05.807 :   Logout completed	[MsgId: MMSG-17999]
2022-08-11 03:07:59.821 : - Iteration: 65	[MsgId: MMSG-17999]
2022-08-11 03:07:59.822 :   Account: jojo13/bean13	[MsgId: MMSG-17999]
2022-08-11 03:08:07.204 :   Login completed	[MsgId: MMSG-17999]
2022-08-11 03:08:11.175 :   Logout completed	[MsgId: MMSG-17999]
2022-08-11 03:10:05.823 : - Iteration: 66	[MsgId: MMSG-17999]
2022-08-11 03:10:05.823 :   Account: jojo13/bean13	[MsgId: MMSG-17999]
2022-08-11 03:10:15.027 :   Login completed	[MsgId: MMSG-17999]
2022-08-11 03:10:20.272 :   Logout completed	[MsgId: MMSG-17999]
2022-08-11 03:12:11.824 : - Iteration: 67	[MsgId: MMSG-17999]
2022-08-11 03:12:11.825 :   Account: jojo13/bean13	[MsgId: MMSG-17999]
2022-08-11 03:12:22.558 :   Login completed	[MsgId: MMSG-17999]
2022-08-11 03:12:25.650 :   Logout completed	[MsgId: MMSG-17999]
2022-08-11 03:14:17.828 : - Iteration: 68	[MsgId: MMSG-17999]
2022-08-11 03:14:17.828 :   Account: jojo13/bean13	[MsgId: MMSG-17999]
2022-08-11 03:14:26.941 :   Login completed	[MsgId: MMSG-17999]
2022-08-11 03:14:32.717 :   Logout completed	[MsgId: MMSG-17999]
2022-08-11 03:16:23.834 : - Iteration: 69	[MsgId: MMSG-17999]
2022-08-11 03:16:23.834 :   Account: jojo13/bean13	[MsgId: MMSG-17999]
2022-08-11 03:16:30.410 :   Login completed	[MsgId: MMSG-17999]
2022-08-11 03:16:37.725 :   Logout completed	[MsgId: MMSG-17999]
2022-08-11 03:18:29.846 : - Iteration: 70	[MsgId: MMSG-17999]
2022-08-11 03:18:29.846 :   Account: jojo13/bean13	[MsgId: MMSG-17999]
2022-08-11 03:18:42.070 :   Login completed	[MsgId: MMSG-17999]
2022-08-11 03:18:48.570 :   Logout completed	[MsgId: MMSG-17999]
2022-08-11 03:20:35.862 : - Iteration: 71	[MsgId: MMSG-17999]
2022-08-11 03:20:35.862 :   Account: jojo13/bean13	[MsgId: MMSG-17999]
2022-08-11 03:20:41.883 :   Login completed	[MsgId: MMSG-17999]
2022-08-11 03:20:46.363 :   Logout completed	[MsgId: MMSG-17999]
2022-08-11 03:22:41.874 : - Iteration: 72	[MsgId: MMSG-17999]
2022-08-11 03:22:41.874 :   Account: jojo13/bean13	[MsgId: MMSG-17999]
2022-08-11 03:22:56.051 :   Login completed	[MsgId: MMSG-17999]
2022-08-11 03:23:01.988 :   Logout completed	[MsgId: MMSG-17999]
2022-08-11 03:24:47.887 : - Iteration: 73	[MsgId: MMSG-17999]
2022-08-11 03:24:47.887 :   Account: jojo13/bean13	[MsgId: MMSG-17999]
2022-08-11 03:25:02.762 :   Login completed	[MsgId: MMSG-17999]
2022-08-11 03:25:09.235 :   Logout completed	[MsgId: MMSG-17999]
2022-08-11 03:26:53.895 : - Iteration: 74	[MsgId: MMSG-17999]
2022-08-11 03:26:53.895 :   Account: jojo13/bean13	[MsgId: MMSG-17999]
2022-08-11 03:27:05.055 :   Login completed	[MsgId: MMSG-17999]
2022-08-11 03:27:08.708 :   Logout completed	[MsgId: MMSG-17999]
2022-08-11 03:28:59.905 : - Iteration: 75	[MsgId: MMSG-17999]
2022-08-11 03:28:59.906 :   Account: jojo13/bean13	[MsgId: MMSG-17999]
2022-08-11 03:29:10.987 :   Login completed	[MsgId: MMSG-17999]
2022-08-11 03:29:14.639 :   Logout completed	[MsgId: MMSG-17999]
2022-08-11 03:31:05.909 : - Iteration: 76	[MsgId: MMSG-17999]
2022-08-11 03:31:05.909 :   Account: jojo13/bean13	[MsgId: MMSG-17999]
2022-08-11 03:31:16.080 :   Login completed	[MsgId: MMSG-17999]
2022-08-11 03:31:20.231 :   Logout completed	[MsgId: MMSG-17999]
2022-08-11 03:33:11.922 : - Iteration: 77	[MsgId: MMSG-17999]
2022-08-11 03:33:11.922 :   Account: jojo13/bean13	[MsgId: MMSG-17999]
2022-08-11 03:33:22.723 :   Login completed	[MsgId: MMSG-17999]
2022-08-11 03:33:26.945 :   Logout completed	[MsgId: MMSG-17999]
2022-08-11 03:35:17.934 : - Iteration: 78	[MsgId: MMSG-17999]
2022-08-11 03:35:17.934 :   Account: jojo13/bean13	[MsgId: MMSG-17999]
2022-08-11 03:35:27.468 :   Login completed	[MsgId: MMSG-17999]
2022-08-11 03:35:33.388 :   Logout completed	[MsgId: MMSG-17999]
2022-08-11 03:37:23.939 : - Iteration: 79	[MsgId: MMSG-17999]
2022-08-11 03:37:23.939 :   Account: jojo13/bean13	[MsgId: MMSG-17999]
2022-08-11 03:37:37.711 :   Login completed	[MsgId: MMSG-17999]
2022-08-11 03:37:44.573 :   Logout completed	[MsgId: MMSG-17999]
2022-08-11 03:39:29.942 : - Iteration: 80	[MsgId: MMSG-17999]
2022-08-11 03:39:29.943 :   Account: jojo13/bean13	[MsgId: MMSG-17999]
2022-08-11 03:39:42.123 :   Login completed	[MsgId: MMSG-17999]
2022-08-11 03:39:47.557 :   Logout completed	[MsgId: MMSG-17999]
2022-08-11 03:41:35.944 : - Iteration: 81	[MsgId: MMSG-17999]
2022-08-11 03:41:35.945 :   Account: jojo13/bean13	[MsgId: MMSG-17999]
2022-08-11 03:41:46.128 :   Login completed	[MsgId: MMSG-17999]
2022-08-11 03:41:50.293 :   Logout completed	[MsgId: MMSG-17999]
2022-08-11 03:43:41.950 : - Iteration: 82	[MsgId: MMSG-17999]
2022-08-11 03:43:41.950 :   Account: jojo13/bean13	[MsgId: MMSG-17999]
2022-08-11 03:43:47.834 :   Login completed	[MsgId: MMSG-17999]
2022-08-11 03:43:51.626 :   Logout completed	[MsgId: MMSG-17999]
2022-08-11 03:45:47.964 : - Iteration: 83	[MsgId: MMSG-17999]
2022-08-11 03:45:47.964 :   Account: jojo13/bean13	[MsgId: MMSG-17999]
2022-08-11 03:45:57.220 :   Login completed	[MsgId: MMSG-17999]
2022-08-11 03:46:03.211 :   Logout completed	[MsgId: MMSG-17999]
2022-08-11 03:47:53.967 : - Iteration: 84	[MsgId: MMSG-17999]
2022-08-11 03:47:53.967 :   Account: jojo13/bean13	[MsgId: MMSG-17999]
2022-08-11 03:48:03.418 :   Login completed	[MsgId: MMSG-17999]
2022-08-11 03:48:06.256 :   Logout completed	[MsgId: MMSG-17999]
2022-08-11 03:49:59.970 : - Iteration: 85	[MsgId: MMSG-17999]
2022-08-11 03:49:59.970 :   Account: jojo13/bean13	[MsgId: MMSG-17999]
2022-08-11 03:50:12.671 :   Login completed	[MsgId: MMSG-17999]
2022-08-11 03:50:18.942 :   Logout completed	[MsgId: MMSG-17999]
2022-08-11 03:52:05.981 : - Iteration: 86	[MsgId: MMSG-17999]
2022-08-11 03:52:05.981 :   Account: jojo13/bean13	[MsgId: MMSG-17999]
2022-08-11 03:52:14.831 :   Login completed	[MsgId: MMSG-17999]
2022-08-11 03:52:18.885 :   Logout completed	[MsgId: MMSG-17999]
2022-08-11 03:54:11.988 : - Iteration: 87	[MsgId: MMSG-17999]
2022-08-11 03:54:11.988 :   Account: jojo13/bean13	[MsgId: MMSG-17999]
2022-08-11 03:54:21.035 :   Login completed	[MsgId: MMSG-17999]
2022-08-11 03:54:25.906 :   Logout completed	[MsgId: MMSG-17999]
2022-08-11 03:56:18.000 : - Iteration: 88	[MsgId: MMSG-17999]
2022-08-11 03:56:18.000 :   Account: jojo13/bean13	[MsgId: MMSG-17999]
2022-08-11 03:56:30.383 :   Login completed	[MsgId: MMSG-17999]
2022-08-11 03:56:34.345 :   Logout completed	[MsgId: MMSG-17999]
2022-08-11 03:58:24.015 : - Iteration: 89	[MsgId: MMSG-17999]
2022-08-11 03:58:24.015 :   Account: jojo13/bean13	[MsgId: MMSG-17999]
2022-08-11 03:58:30.305 :   Login completed	[MsgId: MMSG-17999]
2022-08-11 03:58:35.668 :   Logout completed	[MsgId: MMSG-17999]
2022-08-11 04:00:30.027 : - Iteration: 90	[MsgId: MMSG-17999]
2022-08-11 04:00:30.027 :   Account: jojo13/bean13	[MsgId: MMSG-17999]
2022-08-11 04:00:44.959 :   Login completed	[MsgId: MMSG-17999]
2022-08-11 04:00:51.883 :   Logout completed	[MsgId: MMSG-17999]
2022-08-11 04:02:36.030 : - Iteration: 91	[MsgId: MMSG-17999]
2022-08-11 04:02:36.030 :   Account: jojo13/bean13	[MsgId: MMSG-17999]
2022-08-11 04:02:45.695 :   Login completed	[MsgId: MMSG-17999]
2022-08-11 04:02:48.826 :   Logout completed	[MsgId: MMSG-17999]
2022-08-11 04:04:42.040 : - Iteration: 92	[MsgId: MMSG-17999]
2022-08-11 04:04:42.040 :   Account: jojo13/bean13	[MsgId: MMSG-17999]
2022-08-11 04:04:49.176 :   Login completed	[MsgId: MMSG-17999]
2022-08-11 04:04:56.314 :   Logout completed	[MsgId: MMSG-17999]
2022-08-11 04:06:48.049 : - Iteration: 93	[MsgId: MMSG-17999]
2022-08-11 04:06:48.049 :   Account: jojo13/bean13	[MsgId: MMSG-17999]
2022-08-11 04:06:54.662 :   Login completed	[MsgId: MMSG-17999]
2022-08-11 04:06:58.145 :   Logout completed	[MsgId: MMSG-17999]
2022-08-11 04:08:54.060 : - Iteration: 94	[MsgId: MMSG-17999]
2022-08-11 04:08:54.060 :   Account: jojo13/bean13	[MsgId: MMSG-17999]
2022-08-11 04:09:07.949 :   Login completed	[MsgId: MMSG-17999]
2022-08-11 04:09:15.285 :   Logout completed	[MsgId: MMSG-17999]
2022-08-11 04:11:00.064 : - Iteration: 95	[MsgId: MMSG-17999]
2022-08-11 04:11:00.064 :   Account: jojo13/bean13	[MsgId: MMSG-17999]
2022-08-11 04:11:07.812 :   Login completed	[MsgId: MMSG-17999]
2022-08-11 04:11:13.395 :   Logout completed	[MsgId: MMSG-17999]
2022-08-11 04:13:06.068 : - Iteration: 96	[MsgId: MMSG-17999]
2022-08-11 04:13:06.068 :   Account: jojo13/bean13	[MsgId: MMSG-17999]
2022-08-11 04:13:20.596 :   Login completed	[MsgId: MMSG-17999]
2022-08-11 04:13:24.803 :   Logout completed	[MsgId: MMSG-17999]
2022-08-11 04:15:12.070 : - Iteration: 97	[MsgId: MMSG-17999]
2022-08-11 04:15:12.071 :   Account: jojo13/bean13	[MsgId: MMSG-17999]
2022-08-11 04:15:25.039 :   Login completed	[MsgId: MMSG-17999]
2022-08-11 04:15:29.360 :   Logout completed	[MsgId: MMSG-17999]
2022-08-11 04:17:18.073 : - Iteration: 98	[MsgId: MMSG-17999]
2022-08-11 04:17:18.073 :   Account: jojo13/bean13	[MsgId: MMSG-17999]
2022-08-11 04:17:31.166 :   Login completed	[MsgId: MMSG-17999]
2022-08-11 04:17:34.945 :   Logout completed	[MsgId: MMSG-17999]
2022-08-11 04:19:24.081 : - Iteration: 99	[MsgId: MMSG-17999]
2022-08-11 04:19:24.081 :   Account: jojo13/bean13	[MsgId: MMSG-17999]
2022-08-11 04:19:32.284 :   Login completed	[MsgId: MMSG-17999]
2022-08-11 04:19:36.920 :   Logout completed	[MsgId: MMSG-17999]
2022-08-11 04:21:30.087 : - Iteration: 100	[MsgId: MMSG-17999]
2022-08-11 04:21:30.087 :   Account: jojo13/bean13	[MsgId: MMSG-17999]
2022-08-11 04:21:42.650 :   Login completed	[MsgId: MMSG-17999]
2022-08-11 04:21:50.257 :   Logout completed	[MsgId: MMSG-17999]
2022-08-11 04:23:36.091 : - Iteration: 101	[MsgId: MMSG-17999]
2022-08-11 04:23:36.091 :   Account: jojo13/bean13	[MsgId: MMSG-17999]
2022-08-11 04:23:43.199 :   Login completed	[MsgId: MMSG-17999]
2022-08-11 04:23:46.625 :   Logout completed	[MsgId: MMSG-17999]
2022-08-11 04:25:42.097 : - Iteration: 102	[MsgId: MMSG-17999]
2022-08-11 04:25:42.097 :   Account: jojo13/bean13	[MsgId: MMSG-17999]
2022-08-11 04:25:56.388 :   Login completed	[MsgId: MMSG-17999]
2022-08-11 04:26:03.640 :   Logout completed	[MsgId: MMSG-17999]
2022-08-11 04:27:48.099 : - Iteration: 103	[MsgId: MMSG-17999]
2022-08-11 04:27:48.099 :   Account: jojo13/bean13	[MsgId: MMSG-17999]
2022-08-11 04:28:03.028 :   Login completed	[MsgId: MMSG-17999]
2022-08-11 04:28:07.795 :   Logout completed	[MsgId: MMSG-17999]
2022-08-11 04:29:54.110 : - Iteration: 104	[MsgId: MMSG-17999]
2022-08-11 04:29:54.110 :   Account: jojo13/bean13	[MsgId: MMSG-17999]
2022-08-11 04:30:04.464 :   Login completed	[MsgId: MMSG-17999]
2022-08-11 04:30:07.424 :   Logout completed	[MsgId: MMSG-17999]
2022-08-11 04:32:00.112 : - Iteration: 105	[MsgId: MMSG-17999]
2022-08-11 04:32:00.113 :   Account: jojo13/bean13	[MsgId: MMSG-17999]
2022-08-11 04:32:06.082 :   Login completed	[MsgId: MMSG-17999]
2022-08-11 04:32:10.163 :   Logout completed	[MsgId: MMSG-17999]
2022-08-11 04:34:06.128 : - Iteration: 106	[MsgId: MMSG-17999]
2022-08-11 04:34:06.128 :   Account: jojo13/bean13	[MsgId: MMSG-17999]
2022-08-11 04:34:12.491 :   Login completed	[MsgId: MMSG-17999]
2022-08-11 04:34:15.878 :   Logout completed	[MsgId: MMSG-17999]
2022-08-11 04:36:12.129 : - Iteration: 107	[MsgId: MMSG-17999]
2022-08-11 04:36:12.129 :   Account: jojo13/bean13	[MsgId: MMSG-17999]
2022-08-11 04:36:26.701 :   Login completed	[MsgId: MMSG-17999]
2022-08-11 04:36:32.850 :   Logout completed	[MsgId: MMSG-17999]
2022-08-11 04:38:18.129 : - Iteration: 108	[MsgId: MMSG-17999]
2022-08-11 04:38:18.129 :   Account: jojo13/bean13	[MsgId: MMSG-17999]
2022-08-11 04:38:25.207 :   Login completed	[MsgId: MMSG-17999]
2022-08-11 04:38:30.201 :   Logout completed	[MsgId: MMSG-17999]
2022-08-11 04:40:24.136 : - Iteration: 109	[MsgId: MMSG-17999]
2022-08-11 04:40:24.136 :   Account: jojo13/bean13	[MsgId: MMSG-17999]
2022-08-11 04:40:37.777 :   Login completed	[MsgId: MMSG-17999]
2022-08-11 04:40:41.540 :   Logout completed	[MsgId: MMSG-17999]
2022-08-11 04:42:30.149 : - Iteration: 110	[MsgId: MMSG-17999]
2022-08-11 04:42:30.150 :   Account: jojo13/bean13	[MsgId: MMSG-17999]
2022-08-11 04:42:40.948 :   Login completed	[MsgId: MMSG-17999]
2022-08-11 04:42:48.533 :   Logout completed	[MsgId: MMSG-17999]
2022-08-11 04:44:36.162 : - Iteration: 111	[MsgId: MMSG-17999]
2022-08-11 04:44:36.162 :   Account: jojo13/bean13	[MsgId: MMSG-17999]
2022-08-11 04:44:42.298 :   Login completed	[MsgId: MMSG-17999]
2022-08-11 04:44:48.282 :   Logout completed	[MsgId: MMSG-17999]
2022-08-11 04:46:42.170 : - Iteration: 112	[MsgId: MMSG-17999]
2022-08-11 04:46:42.170 :   Account: jojo13/bean13	[MsgId: MMSG-17999]
2022-08-11 04:46:57.226 :   Login completed	[MsgId: MMSG-17999]
2022-08-11 04:47:03.125 :   Logout completed	[MsgId: MMSG-17999]
2022-08-11 04:48:48.170 : - Iteration: 113	[MsgId: MMSG-17999]
2022-08-11 04:48:48.170 :   Account: jojo13/bean13	[MsgId: MMSG-17999]
2022-08-11 04:48:59.021 :   Login completed	[MsgId: MMSG-17999]
2022-08-11 04:49:04.807 :   Logout completed	[MsgId: MMSG-17999]
2022-08-11 04:50:54.172 : - Iteration: 114	[MsgId: MMSG-17999]
2022-08-11 04:50:54.172 :   Account: jojo13/bean13	[MsgId: MMSG-17999]
2022-08-11 04:51:08.066 :   Login completed	[MsgId: MMSG-17999]
2022-08-11 04:51:13.006 :   Logout completed	[MsgId: MMSG-17999]
2022-08-11 04:53:00.179 : - Iteration: 115	[MsgId: MMSG-17999]
2022-08-11 04:53:00.179 :   Account: jojo13/bean13	[MsgId: MMSG-17999]
2022-08-11 04:53:13.519 :   Login completed	[MsgId: MMSG-17999]
2022-08-11 04:53:16.718 :   Logout completed	[MsgId: MMSG-17999]
2022-08-11 04:55:06.185 : - Iteration: 116	[MsgId: MMSG-17999]
2022-08-11 04:55:06.185 :   Account: jojo13/bean13	[MsgId: MMSG-17999]
2022-08-11 04:55:20.902 :   Login completed	[MsgId: MMSG-17999]
2022-08-11 04:55:24.545 :   Logout completed	[MsgId: MMSG-17999]
2022-08-11 04:57:12.199 : - Iteration: 117	[MsgId: MMSG-17999]
2022-08-11 04:57:12.199 :   Account: jojo13/bean13	[MsgId: MMSG-17999]
2022-08-11 04:57:24.773 :   Login completed	[MsgId: MMSG-17999]
2022-08-11 04:57:31.310 :   Logout completed	[MsgId: MMSG-17999]
2022-08-11 04:59:18.214 : - Iteration: 118	[MsgId: MMSG-17999]
2022-08-11 04:59:18.214 :   Account: jojo13/bean13	[MsgId: MMSG-17999]
2022-08-11 04:59:28.790 :   Login completed	[MsgId: MMSG-17999]
2022-08-11 04:59:33.411 :   Logout completed	[MsgId: MMSG-17999]
2022-08-11 05:01:24.219 : - Iteration: 119	[MsgId: MMSG-17999]
2022-08-11 05:01:24.220 :   Account: jojo13/bean13	[MsgId: MMSG-17999]
2022-08-11 05:01:35.735 :   Login completed	[MsgId: MMSG-17999]
2022-08-11 05:01:38.762 :   Logout completed	[MsgId: MMSG-17999]
2022-08-11 05:03:30.235 : - Iteration: 120	[MsgId: MMSG-17999]
2022-08-11 05:03:30.235 :   Account: jojo13/bean13	[MsgId: MMSG-17999]
2022-08-11 05:03:44.617 :   Login completed	[MsgId: MMSG-17999]
2022-08-11 05:03:51.015 :   Logout completed	[MsgId: MMSG-17999]
