2022-08-11 00:52:23.046 : URL = localhost:1080	[MsgId: MMSG-17999]
2022-08-11 00:52:23.078 : - Iteration: 1	[MsgId: MMSG-17999]
2022-08-11 00:52:23.079 :   Account: jojo9/bean9	[MsgId: MMSG-17999]
2022-08-11 00:52:31.810 :   Login completed	[MsgId: MMSG-17999]
2022-08-11 00:52:34.554 :   Logout completed	[MsgId: MMSG-17999]
2022-08-11 00:54:29.091 : - Iteration: 2	[MsgId: MMSG-17999]
2022-08-11 00:54:29.091 :   Account: jojo9/bean9	[MsgId: MMSG-17999]
2022-08-11 00:54:38.673 :   Login completed	[MsgId: MMSG-17999]
2022-08-11 00:54:44.117 :   Logout completed	[MsgId: MMSG-17999]
2022-08-11 00:56:35.093 : - Iteration: 3	[MsgId: MMSG-17999]
2022-08-11 00:56:35.093 :   Account: jojo9/bean9	[MsgId: MMSG-17999]
2022-08-11 00:56:46.605 :   Login completed	[MsgId: MMSG-17999]
2022-08-11 00:56:50.066 :   Logout completed	[MsgId: MMSG-17999]
2022-08-11 00:58:41.104 : - Iteration: 4	[MsgId: MMSG-17999]
2022-08-11 00:58:41.104 :   Account: jojo9/bean9	[MsgId: MMSG-17999]
2022-08-11 00:58:51.821 :   Login completed	[MsgId: MMSG-17999]
2022-08-11 00:58:54.901 :   Logout completed	[MsgId: MMSG-17999]
2022-08-11 01:00:47.108 : - Iteration: 5	[MsgId: MMSG-17999]
2022-08-11 01:00:47.108 :   Account: jojo9/bean9	[MsgId: MMSG-17999]
2022-08-11 01:01:01.630 :   Login completed	[MsgId: MMSG-17999]
2022-08-11 01:01:07.456 :   Logout completed	[MsgId: MMSG-17999]
2022-08-11 01:02:53.111 : - Iteration: 6	[MsgId: MMSG-17999]
2022-08-11 01:02:53.112 :   Account: jojo9/bean9	[MsgId: MMSG-17999]
2022-08-11 01:03:03.782 :   Login completed	[MsgId: MMSG-17999]
2022-08-11 01:03:10.613 :   Logout completed	[MsgId: MMSG-17999]
2022-08-11 01:04:59.125 : - Iteration: 7	[MsgId: MMSG-17999]
2022-08-11 01:04:59.125 :   Account: jojo9/bean9	[MsgId: MMSG-17999]
2022-08-11 01:05:09.376 :   Login completed	[MsgId: MMSG-17999]
2022-08-11 01:05:15.410 :   Logout completed	[MsgId: MMSG-17999]
2022-08-11 01:07:05.132 : - Iteration: 8	[MsgId: MMSG-17999]
2022-08-11 01:07:05.132 :   Account: jojo9/bean9	[MsgId: MMSG-17999]
2022-08-11 01:07:18.366 :   Login completed	[MsgId: MMSG-17999]
2022-08-11 01:07:23.315 :   Logout completed	[MsgId: MMSG-17999]
2022-08-11 01:09:11.146 : - Iteration: 9	[MsgId: MMSG-17999]
2022-08-11 01:09:11.146 :   Account: jojo9/bean9	[MsgId: MMSG-17999]
2022-08-11 01:09:17.348 :   Login completed	[MsgId: MMSG-17999]
2022-08-11 01:09:21.626 :   Logout completed	[MsgId: MMSG-17999]
2022-08-11 01:11:17.146 : - Iteration: 10	[MsgId: MMSG-17999]
2022-08-11 01:11:17.146 :   Account: jojo9/bean9	[MsgId: MMSG-17999]
2022-08-11 01:11:27.879 :   Login completed	[MsgId: MMSG-17999]
2022-08-11 01:11:34.541 :   Logout completed	[MsgId: MMSG-17999]
2022-08-11 01:13:23.153 : - Iteration: 11	[MsgId: MMSG-17999]
2022-08-11 01:13:23.153 :   Account: jojo9/bean9	[MsgId: MMSG-17999]
2022-08-11 01:13:31.757 :   Login completed	[MsgId: MMSG-17999]
2022-08-11 01:13:35.104 :   Logout completed	[MsgId: MMSG-17999]
2022-08-11 01:15:29.155 : - Iteration: 12	[MsgId: MMSG-17999]
2022-08-11 01:15:29.155 :   Account: jojo9/bean9	[MsgId: MMSG-17999]
2022-08-11 01:15:37.555 :   Login completed	[MsgId: MMSG-17999]
2022-08-11 01:15:42.503 :   Logout completed	[MsgId: MMSG-17999]
2022-08-11 01:17:35.156 : - Iteration: 13	[MsgId: MMSG-17999]
2022-08-11 01:17:35.157 :   Account: jojo9/bean9	[MsgId: MMSG-17999]
2022-08-11 01:17:43.695 :   Login completed	[MsgId: MMSG-17999]
2022-08-11 01:17:50.509 :   Logout completed	[MsgId: MMSG-17999]
2022-08-11 01:19:41.160 : - Iteration: 14	[MsgId: MMSG-17999]
2022-08-11 01:19:41.160 :   Account: jojo9/bean9	[MsgId: MMSG-17999]
2022-08-11 01:19:46.778 :   Login completed	[MsgId: MMSG-17999]
2022-08-11 01:19:50.219 :   Logout completed	[MsgId: MMSG-17999]
2022-08-11 01:21:47.169 : - Iteration: 15	[MsgId: MMSG-17999]
2022-08-11 01:21:47.170 :   Account: jojo9/bean9	[MsgId: MMSG-17999]
2022-08-11 01:21:53.289 :   Login completed	[MsgId: MMSG-17999]
2022-08-11 01:22:00.010 :   Logout completed	[MsgId: MMSG-17999]
2022-08-11 01:23:53.171 : - Iteration: 16	[MsgId: MMSG-17999]
2022-08-11 01:23:53.171 :   Account: jojo9/bean9	[MsgId: MMSG-17999]
2022-08-11 01:24:07.453 :   Login completed	[MsgId: MMSG-17999]
2022-08-11 01:24:14.968 :   Logout completed	[MsgId: MMSG-17999]
2022-08-11 01:25:59.181 : - Iteration: 17	[MsgId: MMSG-17999]
2022-08-11 01:25:59.181 :   Account: jojo9/bean9	[MsgId: MMSG-17999]
2022-08-11 01:26:08.173 :   Login completed	[MsgId: MMSG-17999]
2022-08-11 01:26:12.727 :   Logout completed	[MsgId: MMSG-17999]
2022-08-11 01:28:05.187 : - Iteration: 18	[MsgId: MMSG-17999]
2022-08-11 01:28:05.187 :   Account: jojo9/bean9	[MsgId: MMSG-17999]
2022-08-11 01:28:17.687 :   Login completed	[MsgId: MMSG-17999]
2022-08-11 01:28:21.370 :   Logout completed	[MsgId: MMSG-17999]
2022-08-11 01:30:11.201 : - Iteration: 19	[MsgId: MMSG-17999]
2022-08-11 01:30:11.201 :   Account: jojo9/bean9	[MsgId: MMSG-17999]
2022-08-11 01:30:24.446 :   Login completed	[MsgId: MMSG-17999]
2022-08-11 01:30:30.009 :   Logout completed	[MsgId: MMSG-17999]
2022-08-11 01:32:17.211 : - Iteration: 20	[MsgId: MMSG-17999]
2022-08-11 01:32:17.211 :   Account: jojo9/bean9	[MsgId: MMSG-17999]
2022-08-11 01:32:27.759 :   Login completed	[MsgId: MMSG-17999]
2022-08-11 01:32:32.664 :   Logout completed	[MsgId: MMSG-17999]
2022-08-11 01:34:23.223 : - Iteration: 21	[MsgId: MMSG-17999]
2022-08-11 01:34:23.223 :   Account: jojo9/bean9	[MsgId: MMSG-17999]
2022-08-11 01:34:37.717 :   Login completed	[MsgId: MMSG-17999]
2022-08-11 01:34:45.476 :   Logout completed	[MsgId: MMSG-17999]
2022-08-11 01:36:29.226 : - Iteration: 22	[MsgId: MMSG-17999]
2022-08-11 01:36:29.227 :   Account: jojo9/bean9	[MsgId: MMSG-17999]
2022-08-11 01:36:38.774 :   Login completed	[MsgId: MMSG-17999]
2022-08-11 01:36:42.001 :   Logout completed	[MsgId: MMSG-17999]
2022-08-11 01:38:35.234 : - Iteration: 23	[MsgId: MMSG-17999]
2022-08-11 01:38:35.234 :   Account: jojo9/bean9	[MsgId: MMSG-17999]
2022-08-11 01:38:47.968 :   Login completed	[MsgId: MMSG-17999]
2022-08-11 01:38:54.077 :   Logout completed	[MsgId: MMSG-17999]
2022-08-11 01:40:41.242 : - Iteration: 24	[MsgId: MMSG-17999]
2022-08-11 01:40:41.242 :   Account: jojo9/bean9	[MsgId: MMSG-17999]
2022-08-11 01:40:51.069 :   Login completed	[MsgId: MMSG-17999]
2022-08-11 01:40:57.644 :   Logout completed	[MsgId: MMSG-17999]
2022-08-11 01:42:47.251 : - Iteration: 25	[MsgId: MMSG-17999]
2022-08-11 01:42:47.252 :   Account: jojo9/bean9	[MsgId: MMSG-17999]
2022-08-11 01:42:53.592 :   Login completed	[MsgId: MMSG-17999]
2022-08-11 01:42:59.481 :   Logout completed	[MsgId: MMSG-17999]
2022-08-11 01:44:53.261 : - Iteration: 26	[MsgId: MMSG-17999]
2022-08-11 01:44:53.262 :   Account: jojo9/bean9	[MsgId: MMSG-17999]
2022-08-11 01:44:59.385 :   Login completed	[MsgId: MMSG-17999]
2022-08-11 01:45:06.509 :   Logout completed	[MsgId: MMSG-17999]
2022-08-11 01:46:59.264 : - Iteration: 27	[MsgId: MMSG-17999]
2022-08-11 01:46:59.264 :   Account: jojo9/bean9	[MsgId: MMSG-17999]
2022-08-11 01:47:05.577 :   Login completed	[MsgId: MMSG-17999]
2022-08-11 01:47:10.566 :   Logout completed	[MsgId: MMSG-17999]
2022-08-11 01:49:05.268 : - Iteration: 28	[MsgId: MMSG-17999]
2022-08-11 01:49:05.268 :   Account: jojo9/bean9	[MsgId: MMSG-17999]
2022-08-11 01:49:18.091 :   Login completed	[MsgId: MMSG-17999]
2022-08-11 01:49:21.197 :   Logout completed	[MsgId: MMSG-17999]
2022-08-11 01:51:11.280 : - Iteration: 29	[MsgId: MMSG-17999]
2022-08-11 01:51:11.280 :   Account: jojo9/bean9	[MsgId: MMSG-17999]
2022-08-11 01:51:20.522 :   Login completed	[MsgId: MMSG-17999]
2022-08-11 01:51:26.802 :   Logout completed	[MsgId: MMSG-17999]
2022-08-11 01:53:17.294 : - Iteration: 30	[MsgId: MMSG-17999]
2022-08-11 01:53:17.294 :   Account: jojo9/bean9	[MsgId: MMSG-17999]
2022-08-11 01:53:28.991 :   Login completed	[MsgId: MMSG-17999]
2022-08-11 01:53:33.851 :   Logout completed	[MsgId: MMSG-17999]
2022-08-11 01:55:23.296 : - Iteration: 31	[MsgId: MMSG-17999]
2022-08-11 01:55:23.296 :   Account: jojo9/bean9	[MsgId: MMSG-17999]
2022-08-11 01:55:30.492 :   Login completed	[MsgId: MMSG-17999]
2022-08-11 01:55:37.359 :   Logout completed	[MsgId: MMSG-17999]
2022-08-11 01:57:29.308 : - Iteration: 32	[MsgId: MMSG-17999]
2022-08-11 01:57:29.309 :   Account: jojo9/bean9	[MsgId: MMSG-17999]
2022-08-11 01:57:36.193 :   Login completed	[MsgId: MMSG-17999]
2022-08-11 01:57:40.793 :   Logout completed	[MsgId: MMSG-17999]
2022-08-11 01:59:35.314 : - Iteration: 33	[MsgId: MMSG-17999]
2022-08-11 01:59:35.314 :   Account: jojo9/bean9	[MsgId: MMSG-17999]
2022-08-11 01:59:43.334 :   Login completed	[MsgId: MMSG-17999]
2022-08-11 01:59:47.160 :   Logout completed	[MsgId: MMSG-17999]
2022-08-11 02:01:41.315 : - Iteration: 34	[MsgId: MMSG-17999]
2022-08-11 02:01:41.315 :   Account: jojo9/bean9	[MsgId: MMSG-17999]
2022-08-11 02:01:53.379 :   Login completed	[MsgId: MMSG-17999]
2022-08-11 02:01:59.022 :   Logout completed	[MsgId: MMSG-17999]
2022-08-11 02:03:47.327 : - Iteration: 35	[MsgId: MMSG-17999]
2022-08-11 02:03:47.327 :   Account: jojo9/bean9	[MsgId: MMSG-17999]
2022-08-11 02:03:56.482 :   Login completed	[MsgId: MMSG-17999]
2022-08-11 02:04:03.693 :   Logout completed	[MsgId: MMSG-17999]
2022-08-11 02:05:53.341 : - Iteration: 36	[MsgId: MMSG-17999]
2022-08-11 02:05:53.341 :   Account: jojo9/bean9	[MsgId: MMSG-17999]
2022-08-11 02:06:02.446 :   Login completed	[MsgId: MMSG-17999]
2022-08-11 02:06:05.341 :   Logout completed	[MsgId: MMSG-17999]
2022-08-11 02:07:59.353 : - Iteration: 37	[MsgId: MMSG-17999]
2022-08-11 02:07:59.353 :   Account: jojo9/bean9	[MsgId: MMSG-17999]
2022-08-11 02:08:14.154 :   Login completed	[MsgId: MMSG-17999]
2022-08-11 02:08:21.424 :   Logout completed	[MsgId: MMSG-17999]
2022-08-11 02:10:05.353 : - Iteration: 38	[MsgId: MMSG-17999]
2022-08-11 02:10:05.353 :   Account: jojo9/bean9	[MsgId: MMSG-17999]
2022-08-11 02:10:11.753 :   Login completed	[MsgId: MMSG-17999]
2022-08-11 02:10:15.668 :   Logout completed	[MsgId: MMSG-17999]
2022-08-11 02:12:11.357 : - Iteration: 39	[MsgId: MMSG-17999]
2022-08-11 02:12:11.358 :   Account: jojo9/bean9	[MsgId: MMSG-17999]
2022-08-11 02:12:22.417 :   Login completed	[MsgId: MMSG-17999]
2022-08-11 02:12:28.019 :   Logout completed	[MsgId: MMSG-17999]
2022-08-11 02:14:17.372 : - Iteration: 40	[MsgId: MMSG-17999]
2022-08-11 02:14:17.372 :   Account: jojo9/bean9	[MsgId: MMSG-17999]
2022-08-11 02:14:24.856 :   Login completed	[MsgId: MMSG-17999]
2022-08-11 02:14:32.056 :   Logout completed	[MsgId: MMSG-17999]
2022-08-11 02:16:23.382 : - Iteration: 41	[MsgId: MMSG-17999]
2022-08-11 02:16:23.383 :   Account: jojo9/bean9	[MsgId: MMSG-17999]
2022-08-11 02:16:32.503 :   Login completed	[MsgId: MMSG-17999]
2022-08-11 02:16:40.059 :   Logout completed	[MsgId: MMSG-17999]
2022-08-11 02:18:29.388 : - Iteration: 42	[MsgId: MMSG-17999]
2022-08-11 02:18:29.388 :   Account: jojo9/bean9	[MsgId: MMSG-17999]
2022-08-11 02:18:42.503 :   Login completed	[MsgId: MMSG-17999]
2022-08-11 02:18:46.034 :   Logout completed	[MsgId: MMSG-17999]
2022-08-11 02:20:35.394 : - Iteration: 43	[MsgId: MMSG-17999]
2022-08-11 02:20:35.394 :   Account: jojo9/bean9	[MsgId: MMSG-17999]
2022-08-11 02:20:47.677 :   Login completed	[MsgId: MMSG-17999]
2022-08-11 02:20:53.759 :   Logout completed	[MsgId: MMSG-17999]
2022-08-11 02:22:41.405 : - Iteration: 44	[MsgId: MMSG-17999]
2022-08-11 02:22:41.405 :   Account: jojo9/bean9	[MsgId: MMSG-17999]
2022-08-11 02:22:55.616 :   Login completed	[MsgId: MMSG-17999]
2022-08-11 02:23:02.001 :   Logout completed	[MsgId: MMSG-17999]
2022-08-11 02:24:47.409 : - Iteration: 45	[MsgId: MMSG-17999]
2022-08-11 02:24:47.409 :   Account: jojo9/bean9	[MsgId: MMSG-17999]
2022-08-11 02:25:02.659 :   Login completed	[MsgId: MMSG-17999]
2022-08-11 02:25:06.489 :   Logout completed	[MsgId: MMSG-17999]
2022-08-11 02:26:53.411 : - Iteration: 46	[MsgId: MMSG-17999]
2022-08-11 02:26:53.411 :   Account: jojo9/bean9	[MsgId: MMSG-17999]
2022-08-11 02:27:04.037 :   Login completed	[MsgId: MMSG-17999]
2022-08-11 02:27:08.519 :   Logout completed	[MsgId: MMSG-17999]
2022-08-11 02:28:59.418 : - Iteration: 47	[MsgId: MMSG-17999]
2022-08-11 02:28:59.418 :   Account: jojo9/bean9	[MsgId: MMSG-17999]
2022-08-11 02:29:08.829 :   Login completed	[MsgId: MMSG-17999]
2022-08-11 02:29:13.526 :   Logout completed	[MsgId: MMSG-17999]
2022-08-11 02:31:05.431 : - Iteration: 48	[MsgId: MMSG-17999]
2022-08-11 02:31:05.432 :   Account: jojo9/bean9	[MsgId: MMSG-17999]
2022-08-11 02:31:14.235 :   Login completed	[MsgId: MMSG-17999]
2022-08-11 02:31:17.165 :   Logout completed	[MsgId: MMSG-17999]
2022-08-11 02:33:11.442 : - Iteration: 49	[MsgId: MMSG-17999]
2022-08-11 02:33:11.442 :   Account: jojo9/bean9	[MsgId: MMSG-17999]
2022-08-11 02:33:26.809 :   Login completed	[MsgId: MMSG-17999]
2022-08-11 02:33:33.393 :   Logout completed	[MsgId: MMSG-17999]
2022-08-11 02:35:17.453 : - Iteration: 50	[MsgId: MMSG-17999]
2022-08-11 02:35:17.454 :   Account: jojo9/bean9	[MsgId: MMSG-17999]
2022-08-11 02:35:32.781 :   Login completed	[MsgId: MMSG-17999]
2022-08-11 02:35:36.272 :   Logout completed	[MsgId: MMSG-17999]
2022-08-11 02:37:23.465 : - Iteration: 51	[MsgId: MMSG-17999]
2022-08-11 02:37:23.465 :   Account: jojo9/bean9	[MsgId: MMSG-17999]
2022-08-11 02:37:36.507 :   Login completed	[MsgId: MMSG-17999]
2022-08-11 02:37:43.483 :   Logout completed	[MsgId: MMSG-17999]
2022-08-11 02:39:29.477 : - Iteration: 52	[MsgId: MMSG-17999]
2022-08-11 02:39:29.478 :   Account: jojo9/bean9	[MsgId: MMSG-17999]
2022-08-11 02:39:36.475 :   Login completed	[MsgId: MMSG-17999]
2022-08-11 02:39:44.077 :   Logout completed	[MsgId: MMSG-17999]
2022-08-11 02:41:35.481 : - Iteration: 53	[MsgId: MMSG-17999]
2022-08-11 02:41:35.481 :   Account: jojo9/bean9	[MsgId: MMSG-17999]
2022-08-11 02:41:42.632 :   Login completed	[MsgId: MMSG-17999]
2022-08-11 02:41:48.932 :   Logout completed	[MsgId: MMSG-17999]
2022-08-11 02:43:41.488 : - Iteration: 54	[MsgId: MMSG-17999]
2022-08-11 02:43:41.488 :   Account: jojo9/bean9	[MsgId: MMSG-17999]
2022-08-11 02:43:53.209 :   Login completed	[MsgId: MMSG-17999]
2022-08-11 02:43:58.583 :   Logout completed	[MsgId: MMSG-17999]
2022-08-11 02:45:47.498 : - Iteration: 55	[MsgId: MMSG-17999]
2022-08-11 02:45:47.498 :   Account: jojo9/bean9	[MsgId: MMSG-17999]
2022-08-11 02:45:56.723 :   Login completed	[MsgId: MMSG-17999]
2022-08-11 02:46:01.029 :   Logout completed	[MsgId: MMSG-17999]
2022-08-11 02:47:53.510 : - Iteration: 56	[MsgId: MMSG-17999]
2022-08-11 02:47:53.510 :   Account: jojo9/bean9	[MsgId: MMSG-17999]
2022-08-11 02:48:03.821 :   Login completed	[MsgId: MMSG-17999]
2022-08-11 02:48:09.937 :   Logout completed	[MsgId: MMSG-17999]
2022-08-11 02:49:59.512 : - Iteration: 57	[MsgId: MMSG-17999]
2022-08-11 02:49:59.512 :   Account: jojo9/bean9	[MsgId: MMSG-17999]
2022-08-11 02:50:07.830 :   Login completed	[MsgId: MMSG-17999]
2022-08-11 02:50:13.609 :   Logout completed	[MsgId: MMSG-17999]
2022-08-11 02:52:05.512 : - Iteration: 58	[MsgId: MMSG-17999]
2022-08-11 02:52:05.512 :   Account: jojo9/bean9	[MsgId: MMSG-17999]
2022-08-11 02:52:11.894 :   Login completed	[MsgId: MMSG-17999]
2022-08-11 02:52:15.194 :   Logout completed	[MsgId: MMSG-17999]
2022-08-11 02:54:11.710 : - Iteration: 59	[MsgId: MMSG-17999]
2022-08-11 02:54:11.720 :   Account: jojo9/bean9	[MsgId: MMSG-17999]
2022-08-11 02:54:17.641 :   Login completed	[MsgId: MMSG-17999]
2022-08-11 02:54:21.409 :   Logout completed	[MsgId: MMSG-17999]
2022-08-11 02:56:17.689 : - Iteration: 60	[MsgId: MMSG-17999]
2022-08-11 02:56:17.689 :   Account: jojo9/bean9	[MsgId: MMSG-17999]
2022-08-11 02:56:26.354 :   Login completed	[MsgId: MMSG-17999]
2022-08-11 02:56:29.500 :   Logout completed	[MsgId: MMSG-17999]
2022-08-11 02:58:23.700 : - Iteration: 61	[MsgId: MMSG-17999]
2022-08-11 02:58:23.700 :   Account: jojo9/bean9	[MsgId: MMSG-17999]
2022-08-11 02:58:37.756 :   Login completed	[MsgId: MMSG-17999]
2022-08-11 02:58:43.158 :   Logout completed	[MsgId: MMSG-17999]
2022-08-11 03:00:29.701 : - Iteration: 62	[MsgId: MMSG-17999]
2022-08-11 03:00:29.702 :   Account: jojo9/bean9	[MsgId: MMSG-17999]
2022-08-11 03:00:39.673 :   Login completed	[MsgId: MMSG-17999]
2022-08-11 03:00:45.403 :   Logout completed	[MsgId: MMSG-17999]
2022-08-11 03:02:35.710 : - Iteration: 63	[MsgId: MMSG-17999]
2022-08-11 03:02:35.710 :   Account: jojo9/bean9	[MsgId: MMSG-17999]
2022-08-11 03:02:48.695 :   Login completed	[MsgId: MMSG-17999]
2022-08-11 03:02:54.111 :   Logout completed	[MsgId: MMSG-17999]
2022-08-11 03:04:41.713 : - Iteration: 64	[MsgId: MMSG-17999]
2022-08-11 03:04:41.714 :   Account: jojo9/bean9	[MsgId: MMSG-17999]
2022-08-11 03:04:49.816 :   Login completed	[MsgId: MMSG-17999]
2022-08-11 03:04:57.528 :   Logout completed	[MsgId: MMSG-17999]
2022-08-11 03:06:47.718 : - Iteration: 65	[MsgId: MMSG-17999]
2022-08-11 03:06:47.718 :   Account: jojo9/bean9	[MsgId: MMSG-17999]
2022-08-11 03:06:59.913 :   Login completed	[MsgId: MMSG-17999]
2022-08-11 03:07:06.543 :   Logout completed	[MsgId: MMSG-17999]
2022-08-11 03:08:53.728 : - Iteration: 66	[MsgId: MMSG-17999]
2022-08-11 03:08:53.728 :   Account: jojo9/bean9	[MsgId: MMSG-17999]
2022-08-11 03:09:06.280 :   Login completed	[MsgId: MMSG-17999]
2022-08-11 03:09:12.708 :   Logout completed	[MsgId: MMSG-17999]
2022-08-11 03:10:59.741 : - Iteration: 67	[MsgId: MMSG-17999]
2022-08-11 03:10:59.741 :   Account: jojo9/bean9	[MsgId: MMSG-17999]
2022-08-11 03:11:06.952 :   Login completed	[MsgId: MMSG-17999]
2022-08-11 03:11:14.230 :   Logout completed	[MsgId: MMSG-17999]
2022-08-11 03:13:05.743 : - Iteration: 68	[MsgId: MMSG-17999]
2022-08-11 03:13:05.743 :   Account: jojo9/bean9	[MsgId: MMSG-17999]
2022-08-11 03:13:15.189 :   Login completed	[MsgId: MMSG-17999]
2022-08-11 03:13:20.418 :   Logout completed	[MsgId: MMSG-17999]
2022-08-11 03:15:11.748 : - Iteration: 69	[MsgId: MMSG-17999]
2022-08-11 03:15:11.749 :   Account: jojo9/bean9	[MsgId: MMSG-17999]
2022-08-11 03:15:20.220 :   Login completed	[MsgId: MMSG-17999]
2022-08-11 03:15:24.937 :   Logout completed	[MsgId: MMSG-17999]
2022-08-11 03:17:17.750 : - Iteration: 70	[MsgId: MMSG-17999]
2022-08-11 03:17:17.750 :   Account: jojo9/bean9	[MsgId: MMSG-17999]
2022-08-11 03:17:32.303 :   Login completed	[MsgId: MMSG-17999]
2022-08-11 03:17:37.797 :   Logout completed	[MsgId: MMSG-17999]
2022-08-11 03:19:23.760 : - Iteration: 71	[MsgId: MMSG-17999]
2022-08-11 03:19:23.760 :   Account: jojo9/bean9	[MsgId: MMSG-17999]
2022-08-11 03:19:30.137 :   Login completed	[MsgId: MMSG-17999]
2022-08-11 03:19:33.644 :   Logout completed	[MsgId: MMSG-17999]
2022-08-11 03:21:29.771 : - Iteration: 72	[MsgId: MMSG-17999]
2022-08-11 03:21:29.771 :   Account: jojo9/bean9	[MsgId: MMSG-17999]
2022-08-11 03:21:38.762 :   Login completed	[MsgId: MMSG-17999]
2022-08-11 03:21:46.390 :   Logout completed	[MsgId: MMSG-17999]
2022-08-11 03:23:35.783 : - Iteration: 73	[MsgId: MMSG-17999]
2022-08-11 03:23:35.784 :   Account: jojo9/bean9	[MsgId: MMSG-17999]
2022-08-11 03:23:42.903 :   Login completed	[MsgId: MMSG-17999]
2022-08-11 03:23:45.911 :   Logout completed	[MsgId: MMSG-17999]
2022-08-11 03:25:41.798 : - Iteration: 74	[MsgId: MMSG-17999]
2022-08-11 03:25:41.799 :   Account: jojo9/bean9	[MsgId: MMSG-17999]
2022-08-11 03:25:53.704 :   Login completed	[MsgId: MMSG-17999]
2022-08-11 03:25:57.734 :   Logout completed	[MsgId: MMSG-17999]
2022-08-11 03:27:47.811 : - Iteration: 75	[MsgId: MMSG-17999]
2022-08-11 03:27:47.812 :   Account: jojo9/bean9	[MsgId: MMSG-17999]
2022-08-11 03:27:54.069 :   Login completed	[MsgId: MMSG-17999]
2022-08-11 03:28:01.722 :   Logout completed	[MsgId: MMSG-17999]
2022-08-11 03:29:53.819 : - Iteration: 76	[MsgId: MMSG-17999]
2022-08-11 03:29:53.819 :   Account: jojo9/bean9	[MsgId: MMSG-17999]
2022-08-11 03:30:08.365 :   Login completed	[MsgId: MMSG-17999]
2022-08-11 03:30:13.563 :   Logout completed	[MsgId: MMSG-17999]
2022-08-11 03:31:59.836 : - Iteration: 77	[MsgId: MMSG-17999]
2022-08-11 03:31:59.836 :   Account: jojo9/bean9	[MsgId: MMSG-17999]
2022-08-11 03:32:13.433 :   Login completed	[MsgId: MMSG-17999]
2022-08-11 03:32:17.847 :   Logout completed	[MsgId: MMSG-17999]
2022-08-11 03:34:05.841 : - Iteration: 78	[MsgId: MMSG-17999]
2022-08-11 03:34:05.842 :   Account: jojo9/bean9	[MsgId: MMSG-17999]
2022-08-11 03:34:19.694 :   Login completed	[MsgId: MMSG-17999]
2022-08-11 03:34:24.315 :   Logout completed	[MsgId: MMSG-17999]
2022-08-11 03:36:11.844 : - Iteration: 79	[MsgId: MMSG-17999]
2022-08-11 03:36:11.845 :   Account: jojo9/bean9	[MsgId: MMSG-17999]
2022-08-11 03:36:25.710 :   Login completed	[MsgId: MMSG-17999]
2022-08-11 03:36:31.637 :   Logout completed	[MsgId: MMSG-17999]
2022-08-11 03:38:17.856 : - Iteration: 80	[MsgId: MMSG-17999]
2022-08-11 03:38:17.857 :   Account: jojo9/bean9	[MsgId: MMSG-17999]
2022-08-11 03:38:23.501 :   Login completed	[MsgId: MMSG-17999]
2022-08-11 03:38:29.718 :   Logout completed	[MsgId: MMSG-17999]
2022-08-11 03:40:23.865 : - Iteration: 81	[MsgId: MMSG-17999]
2022-08-11 03:40:23.865 :   Account: jojo9/bean9	[MsgId: MMSG-17999]
2022-08-11 03:40:34.482 :   Login completed	[MsgId: MMSG-17999]
2022-08-11 03:40:40.192 :   Logout completed	[MsgId: MMSG-17999]
2022-08-11 03:42:29.871 : - Iteration: 82	[MsgId: MMSG-17999]
2022-08-11 03:42:29.871 :   Account: jojo9/bean9	[MsgId: MMSG-17999]
2022-08-11 03:42:36.347 :   Login completed	[MsgId: MMSG-17999]
2022-08-11 03:42:43.687 :   Logout completed	[MsgId: MMSG-17999]
2022-08-11 03:44:35.877 : - Iteration: 83	[MsgId: MMSG-17999]
2022-08-11 03:44:35.877 :   Account: jojo9/bean9	[MsgId: MMSG-17999]
2022-08-11 03:44:49.600 :   Login completed	[MsgId: MMSG-17999]
2022-08-11 03:44:57.296 :   Logout completed	[MsgId: MMSG-17999]
2022-08-11 03:46:41.879 : - Iteration: 84	[MsgId: MMSG-17999]
2022-08-11 03:46:41.879 :   Account: jojo9/bean9	[MsgId: MMSG-17999]
2022-08-11 03:46:56.966 :   Login completed	[MsgId: MMSG-17999]
2022-08-11 03:47:03.125 :   Logout completed	[MsgId: MMSG-17999]
2022-08-11 03:48:47.882 : - Iteration: 85	[MsgId: MMSG-17999]
2022-08-11 03:48:47.882 :   Account: jojo9/bean9	[MsgId: MMSG-17999]
2022-08-11 03:49:01.248 :   Login completed	[MsgId: MMSG-17999]
2022-08-11 03:49:05.954 :   Logout completed	[MsgId: MMSG-17999]
2022-08-11 03:50:53.892 : - Iteration: 86	[MsgId: MMSG-17999]
2022-08-11 03:50:53.893 :   Account: jojo9/bean9	[MsgId: MMSG-17999]
2022-08-11 03:51:02.537 :   Login completed	[MsgId: MMSG-17999]
2022-08-11 03:51:08.615 :   Logout completed	[MsgId: MMSG-17999]
2022-08-11 03:52:59.902 : - Iteration: 87	[MsgId: MMSG-17999]
2022-08-11 03:52:59.902 :   Account: jojo9/bean9	[MsgId: MMSG-17999]
2022-08-11 03:53:07.231 :   Login completed	[MsgId: MMSG-17999]
2022-08-11 03:53:12.005 :   Logout completed	[MsgId: MMSG-17999]
2022-08-11 03:55:05.914 : - Iteration: 88	[MsgId: MMSG-17999]
2022-08-11 03:55:05.914 :   Account: jojo9/bean9	[MsgId: MMSG-17999]
2022-08-11 03:55:19.382 :   Login completed	[MsgId: MMSG-17999]
2022-08-11 03:55:23.070 :   Logout completed	[MsgId: MMSG-17999]
2022-08-11 03:57:11.921 : - Iteration: 89	[MsgId: MMSG-17999]
2022-08-11 03:57:11.921 :   Account: jojo9/bean9	[MsgId: MMSG-17999]
2022-08-11 03:57:24.408 :   Login completed	[MsgId: MMSG-17999]
2022-08-11 03:57:28.547 :   Logout completed	[MsgId: MMSG-17999]
2022-08-11 03:59:17.924 : - Iteration: 90	[MsgId: MMSG-17999]
2022-08-11 03:59:17.924 :   Account: jojo9/bean9	[MsgId: MMSG-17999]
2022-08-11 03:59:25.726 :   Login completed	[MsgId: MMSG-17999]
2022-08-11 03:59:29.085 :   Logout completed	[MsgId: MMSG-17999]
2022-08-11 04:01:23.928 : - Iteration: 91	[MsgId: MMSG-17999]
2022-08-11 04:01:23.928 :   Account: jojo9/bean9	[MsgId: MMSG-17999]
2022-08-11 04:01:39.318 :   Login completed	[MsgId: MMSG-17999]
2022-08-11 04:01:43.252 :   Logout completed	[MsgId: MMSG-17999]
2022-08-11 04:03:29.938 : - Iteration: 92	[MsgId: MMSG-17999]
2022-08-11 04:03:29.938 :   Account: jojo9/bean9	[MsgId: MMSG-17999]
2022-08-11 04:03:42.633 :   Login completed	[MsgId: MMSG-17999]
2022-08-11 04:03:48.285 :   Logout completed	[MsgId: MMSG-17999]
2022-08-11 04:05:35.952 : - Iteration: 93	[MsgId: MMSG-17999]
2022-08-11 04:05:35.952 :   Account: jojo9/bean9	[MsgId: MMSG-17999]
2022-08-11 04:05:42.207 :   Login completed	[MsgId: MMSG-17999]
2022-08-11 04:05:49.167 :   Logout completed	[MsgId: MMSG-17999]
2022-08-11 04:07:41.959 : - Iteration: 94	[MsgId: MMSG-17999]
2022-08-11 04:07:41.959 :   Account: jojo9/bean9	[MsgId: MMSG-17999]
2022-08-11 04:07:56.145 :   Login completed	[MsgId: MMSG-17999]
2022-08-11 04:08:02.223 :   Logout completed	[MsgId: MMSG-17999]
2022-08-11 04:09:47.970 : - Iteration: 95	[MsgId: MMSG-17999]
2022-08-11 04:09:47.970 :   Account: jojo9/bean9	[MsgId: MMSG-17999]
2022-08-11 04:09:59.238 :   Login completed	[MsgId: MMSG-17999]
2022-08-11 04:10:04.835 :   Logout completed	[MsgId: MMSG-17999]
2022-08-11 04:11:53.982 : - Iteration: 96	[MsgId: MMSG-17999]
2022-08-11 04:11:53.982 :   Account: jojo9/bean9	[MsgId: MMSG-17999]
2022-08-11 04:12:09.459 :   Login completed	[MsgId: MMSG-17999]
2022-08-11 04:12:12.964 :   Logout completed	[MsgId: MMSG-17999]
2022-08-11 04:13:59.982 : - Iteration: 97	[MsgId: MMSG-17999]
2022-08-11 04:13:59.983 :   Account: jojo9/bean9	[MsgId: MMSG-17999]
2022-08-11 04:14:12.083 :   Login completed	[MsgId: MMSG-17999]
2022-08-11 04:14:18.826 :   Logout completed	[MsgId: MMSG-17999]
2022-08-11 04:16:05.995 : - Iteration: 98	[MsgId: MMSG-17999]
2022-08-11 04:16:05.995 :   Account: jojo9/bean9	[MsgId: MMSG-17999]
2022-08-11 04:16:18.990 :   Login completed	[MsgId: MMSG-17999]
2022-08-11 04:16:24.302 :   Logout completed	[MsgId: MMSG-17999]
2022-08-11 04:18:12.010 : - Iteration: 99	[MsgId: MMSG-17999]
2022-08-11 04:18:12.011 :   Account: jojo9/bean9	[MsgId: MMSG-17999]
2022-08-11 04:18:21.973 :   Login completed	[MsgId: MMSG-17999]
2022-08-11 04:18:28.287 :   Logout completed	[MsgId: MMSG-17999]
2022-08-11 04:20:18.024 : - Iteration: 100	[MsgId: MMSG-17999]
2022-08-11 04:20:18.024 :   Account: jojo9/bean9	[MsgId: MMSG-17999]
2022-08-11 04:20:33.020 :   Login completed	[MsgId: MMSG-17999]
2022-08-11 04:20:36.976 :   Logout completed	[MsgId: MMSG-17999]
2022-08-11 04:22:24.031 : - Iteration: 101	[MsgId: MMSG-17999]
2022-08-11 04:22:24.031 :   Account: jojo9/bean9	[MsgId: MMSG-17999]
2022-08-11 04:22:34.245 :   Login completed	[MsgId: MMSG-17999]
2022-08-11 04:22:39.599 :   Logout completed	[MsgId: MMSG-17999]
2022-08-11 04:24:30.034 : - Iteration: 102	[MsgId: MMSG-17999]
2022-08-11 04:24:30.034 :   Account: jojo9/bean9	[MsgId: MMSG-17999]
2022-08-11 04:24:41.661 :   Login completed	[MsgId: MMSG-17999]
2022-08-11 04:24:45.337 :   Logout completed	[MsgId: MMSG-17999]
2022-08-11 04:26:36.048 : - Iteration: 103	[MsgId: MMSG-17999]
2022-08-11 04:26:36.049 :   Account: jojo9/bean9	[MsgId: MMSG-17999]
2022-08-11 04:26:46.946 :   Login completed	[MsgId: MMSG-17999]
2022-08-11 04:26:50.390 :   Logout completed	[MsgId: MMSG-17999]
2022-08-11 04:28:42.060 : - Iteration: 104	[MsgId: MMSG-17999]
2022-08-11 04:28:42.060 :   Account: jojo9/bean9	[MsgId: MMSG-17999]
2022-08-11 04:28:53.819 :   Login completed	[MsgId: MMSG-17999]
2022-08-11 04:28:58.074 :   Logout completed	[MsgId: MMSG-17999]
2022-08-11 04:30:48.068 : - Iteration: 105	[MsgId: MMSG-17999]
2022-08-11 04:30:48.068 :   Account: jojo9/bean9	[MsgId: MMSG-17999]
2022-08-11 04:31:00.997 :   Login completed	[MsgId: MMSG-17999]
2022-08-11 04:31:04.536 :   Logout completed	[MsgId: MMSG-17999]
2022-08-11 04:32:54.082 : - Iteration: 106	[MsgId: MMSG-17999]
2022-08-11 04:32:54.082 :   Account: jojo9/bean9	[MsgId: MMSG-17999]
2022-08-11 04:33:02.610 :   Login completed	[MsgId: MMSG-17999]
2022-08-11 04:33:08.924 :   Logout completed	[MsgId: MMSG-17999]
2022-08-11 04:35:00.086 : - Iteration: 107	[MsgId: MMSG-17999]
2022-08-11 04:35:00.087 :   Account: jojo9/bean9	[MsgId: MMSG-17999]
2022-08-11 04:35:08.957 :   Login completed	[MsgId: MMSG-17999]
2022-08-11 04:35:15.022 :   Logout completed	[MsgId: MMSG-17999]
2022-08-11 04:37:06.093 : - Iteration: 108	[MsgId: MMSG-17999]
2022-08-11 04:37:06.093 :   Account: jojo9/bean9	[MsgId: MMSG-17999]
2022-08-11 04:37:11.868 :   Login completed	[MsgId: MMSG-17999]
2022-08-11 04:37:19.137 :   Logout completed	[MsgId: MMSG-17999]
2022-08-11 04:39:12.104 : - Iteration: 109	[MsgId: MMSG-17999]
2022-08-11 04:39:12.104 :   Account: jojo9/bean9	[MsgId: MMSG-17999]
2022-08-11 04:39:23.379 :   Login completed	[MsgId: MMSG-17999]
2022-08-11 04:39:28.217 :   Logout completed	[MsgId: MMSG-17999]
2022-08-11 04:41:18.106 : - Iteration: 110	[MsgId: MMSG-17999]
2022-08-11 04:41:18.107 :   Account: jojo9/bean9	[MsgId: MMSG-17999]
2022-08-11 04:41:29.075 :   Login completed	[MsgId: MMSG-17999]
2022-08-11 04:41:33.344 :   Logout completed	[MsgId: MMSG-17999]
2022-08-11 04:43:24.117 : - Iteration: 111	[MsgId: MMSG-17999]
2022-08-11 04:43:24.117 :   Account: jojo9/bean9	[MsgId: MMSG-17999]
2022-08-11 04:43:34.286 :   Login completed	[MsgId: MMSG-17999]
2022-08-11 04:43:41.420 :   Logout completed	[MsgId: MMSG-17999]
2022-08-11 04:45:30.130 : - Iteration: 112	[MsgId: MMSG-17999]
2022-08-11 04:45:30.130 :   Account: jojo9/bean9	[MsgId: MMSG-17999]
2022-08-11 04:45:40.614 :   Login completed	[MsgId: MMSG-17999]
2022-08-11 04:45:44.174 :   Logout completed	[MsgId: MMSG-17999]
2022-08-11 04:47:36.138 : - Iteration: 113	[MsgId: MMSG-17999]
2022-08-11 04:47:36.138 :   Account: jojo9/bean9	[MsgId: MMSG-17999]
2022-08-11 04:47:46.286 :   Login completed	[MsgId: MMSG-17999]
2022-08-11 04:47:53.218 :   Logout completed	[MsgId: MMSG-17999]
2022-08-11 04:49:42.141 : - Iteration: 114	[MsgId: MMSG-17999]
2022-08-11 04:49:42.141 :   Account: jojo9/bean9	[MsgId: MMSG-17999]
2022-08-11 04:49:53.798 :   Login completed	[MsgId: MMSG-17999]
2022-08-11 04:49:58.601 :   Logout completed	[MsgId: MMSG-17999]
2022-08-11 04:51:48.143 : - Iteration: 115	[MsgId: MMSG-17999]
2022-08-11 04:51:48.144 :   Account: jojo9/bean9	[MsgId: MMSG-17999]
2022-08-11 04:52:01.906 :   Login completed	[MsgId: MMSG-17999]
2022-08-11 04:52:06.484 :   Logout completed	[MsgId: MMSG-17999]
2022-08-11 04:53:54.145 : - Iteration: 116	[MsgId: MMSG-17999]
2022-08-11 04:53:54.145 :   Account: jojo9/bean9	[MsgId: MMSG-17999]
2022-08-11 04:54:02.860 :   Login completed	[MsgId: MMSG-17999]
2022-08-11 04:54:08.948 :   Logout completed	[MsgId: MMSG-17999]
2022-08-11 04:56:00.150 : - Iteration: 117	[MsgId: MMSG-17999]
2022-08-11 04:56:00.151 :   Account: jojo9/bean9	[MsgId: MMSG-17999]
2022-08-11 04:56:14.022 :   Login completed	[MsgId: MMSG-17999]
2022-08-11 04:56:16.928 :   Logout completed	[MsgId: MMSG-17999]
2022-08-11 04:58:06.159 : - Iteration: 118	[MsgId: MMSG-17999]
2022-08-11 04:58:06.160 :   Account: jojo9/bean9	[MsgId: MMSG-17999]
2022-08-11 04:58:21.021 :   Login completed	[MsgId: MMSG-17999]
2022-08-11 04:58:24.006 :   Logout completed	[MsgId: MMSG-17999]
2022-08-11 05:00:12.160 : - Iteration: 119	[MsgId: MMSG-17999]
2022-08-11 05:00:12.160 :   Account: jojo9/bean9	[MsgId: MMSG-17999]
2022-08-11 05:00:22.246 :   Login completed	[MsgId: MMSG-17999]
2022-08-11 05:00:26.692 :   Logout completed	[MsgId: MMSG-17999]
2022-08-11 05:02:18.167 : - Iteration: 120	[MsgId: MMSG-17999]
2022-08-11 05:02:18.167 :   Account: jojo9/bean9	[MsgId: MMSG-17999]
2022-08-11 05:02:30.838 :   Login completed	[MsgId: MMSG-17999]
2022-08-11 05:02:35.336 :   Logout completed	[MsgId: MMSG-17999]
