Notify: search current JDK in Windows registry at(SOFTWARE\JavaSoft\Java Development Kit)	[MsgId: MMSG-22198]	[MsgId: MMSG-22986]
Notify: JDK found at C:/Program Files (x86)/Java/jdk1.8.0_211	[MsgId: MMSG-22194]	[MsgId: MMSG-22986]
2022-08-10 22:50:23.704 : URL = localhost:1080	[MsgId: MMSG-17999]
2022-08-10 22:50:23.714 : - Iteration: 1	[MsgId: MMSG-17999]
2022-08-10 22:50:23.714 :   Account: jojo46/bean46	[MsgId: MMSG-17999]
Warning! Web support not loaded: check Java-Interpreter -> UtilityExt property in mdrv.dat file	[MsgId: MMSG-17999]
2022-08-10 22:50:31.753 :   Login completed	[MsgId: MMSG-17999]
2022-08-10 22:51:24.413 :   Flights have been booked: outbound(flight ¹; price; date): 511;534;08/10/2022,return(flight ¹; price; date): 151;534;08/17/2022 for Jojo46 Bean46	[MsgId: MMSG-17999]
2022-08-10 22:51:44.661 :   Booking to delete: 1 booking 361193732-1017800-JB	[MsgId: MMSG-17999]
2022-08-10 22:51:47.719 :   Logout completed	[MsgId: MMSG-17999]
2022-08-10 23:02:23.715 : - Iteration: 2	[MsgId: MMSG-17999]
2022-08-10 23:02:23.715 :   Account: jojo46/bean46	[MsgId: MMSG-17999]
2022-08-10 23:02:34.320 :   Login completed	[MsgId: MMSG-17999]
2022-08-10 23:03:16.496 :   Flights have been booked: outbound(flight ¹; price; date): 052;487;08/10/2022,return(flight ¹; price; date): 500;515;08/17/2022 for Jojo46 Bean46	[MsgId: MMSG-17999]
2022-08-10 23:03:39.880 :   Booking to delete: 4 booking 361187129-3461615-JB	[MsgId: MMSG-17999]
2022-08-10 23:03:43.222 :   Logout completed	[MsgId: MMSG-17999]
2022-08-10 23:14:23.724 : - Iteration: 3	[MsgId: MMSG-17999]
2022-08-10 23:14:23.725 :   Account: jojo46/bean46	[MsgId: MMSG-17999]
2022-08-10 23:14:34.611 :   Login completed	[MsgId: MMSG-17999]
2022-08-10 23:15:20.278 :   Flights have been booked: outbound(flight ¹; price; date): 790;649;08/10/2022,return(flight ¹; price; date): 972;613;08/17/2022 for Jojo46 Bean46	[MsgId: MMSG-17999]
2022-08-10 23:15:38.468 :   Booking to delete: 4 booking 361214468-3824712-JB	[MsgId: MMSG-17999]
2022-08-10 23:15:43.381 :   Logout completed	[MsgId: MMSG-17999]
2022-08-10 23:26:23.738 : - Iteration: 4	[MsgId: MMSG-17999]
2022-08-10 23:26:23.739 :   Account: jojo46/bean46	[MsgId: MMSG-17999]
2022-08-10 23:26:34.207 :   Login completed	[MsgId: MMSG-17999]
2022-08-10 23:27:19.973 :   Flights have been booked: outbound(flight ¹; price; date): 831;596;08/10/2022,return(flight ¹; price; date): 383;548;08/17/2022 for Jojo46 Bean46	[MsgId: MMSG-17999]
2022-08-10 23:27:47.682 :   Booking to delete: 3 booking 361204130-2423928-JB	[MsgId: MMSG-17999]
2022-08-10 23:27:55.078 :   Logout completed	[MsgId: MMSG-17999]
2022-08-10 23:38:23.747 : - Iteration: 5	[MsgId: MMSG-17999]
2022-08-10 23:38:23.747 :   Account: jojo46/bean46	[MsgId: MMSG-17999]
2022-08-10 23:38:39.167 :   Login completed	[MsgId: MMSG-17999]
2022-08-10 23:39:32.840 :   Flights have been booked: outbound(flight ¹; price; date): 701;377;08/10/2022,return(flight ¹; price; date): 071;377;08/17/2022 for Jojo46 Bean46	[MsgId: MMSG-17999]
2022-08-10 23:39:49.082 :   Booking to delete: 4 booking 361211162-313211-JB	[MsgId: MMSG-17999]
2022-08-10 23:39:55.156 :   Logout completed	[MsgId: MMSG-17999]
2022-08-10 23:50:23.758 : - Iteration: 6	[MsgId: MMSG-17999]
2022-08-10 23:50:23.759 :   Account: jojo46/bean46	[MsgId: MMSG-17999]
2022-08-10 23:50:32.971 :   Login completed	[MsgId: MMSG-17999]
2022-08-10 23:51:26.175 :   Flights have been booked: outbound(flight ¹; price; date): 910;198;08/10/2022,return(flight ¹; price; date): 190;198;08/17/2022 for Jojo46 Bean46	[MsgId: MMSG-17999]
2022-08-10 23:51:41.059 :   Booking to delete: 3 booking 361215985-2602395-JB	[MsgId: MMSG-17999]
2022-08-10 23:51:45.894 :   Logout completed	[MsgId: MMSG-17999]
2022-08-11 00:02:23.767 : - Iteration: 7	[MsgId: MMSG-17999]
2022-08-11 00:02:23.768 :   Account: jojo46/bean46	[MsgId: MMSG-17999]
2022-08-11 00:02:31.520 :   Login completed	[MsgId: MMSG-17999]
2022-08-11 00:03:21.328 :   Flights have been booked: outbound(flight ¹; price; date): 210;499;08/11/2022,return(flight ¹; price; date): 122;471;08/18/2022 for Jojo46 Bean46	[MsgId: MMSG-17999]
2022-08-11 00:03:44.740 :   Booking to delete: 4 booking 361192981-317151-JB	[MsgId: MMSG-17999]
2022-08-11 00:03:52.424 :   Logout completed	[MsgId: MMSG-17999]
2022-08-11 00:14:23.783 : - Iteration: 8	[MsgId: MMSG-17999]
2022-08-11 00:14:23.784 :   Account: jojo46/bean46	[MsgId: MMSG-17999]
2022-08-11 00:14:38.043 :   Login completed	[MsgId: MMSG-17999]
2022-08-11 00:15:12.334 :   Flights have been booked: outbound(flight ¹; price; date): 201;437;08/11/2022,return(flight ¹; price; date): 020;491;08/18/2022 for Jojo46 Bean46	[MsgId: MMSG-17999]
2022-08-11 00:15:32.815 :   Booking to delete: 2 booking 3612214854-2225534-JB	[MsgId: MMSG-17999]
2022-08-11 00:15:37.956 :   Logout completed	[MsgId: MMSG-17999]
2022-08-11 00:26:23.787 : - Iteration: 9	[MsgId: MMSG-17999]
2022-08-11 00:26:23.788 :   Account: jojo46/bean46	[MsgId: MMSG-17999]
2022-08-11 00:26:35.281 :   Login completed	[MsgId: MMSG-17999]
2022-08-11 00:27:24.511 :   Flights have been booked: outbound(flight ¹; price; date): 531;255;08/11/2022,return(flight ¹; price; date): 351;255;08/18/2022 for Jojo46 Bean46	[MsgId: MMSG-17999]
2022-08-11 00:27:40.901 :   Booking to delete: 4 booking 361204861-334731-JB	[MsgId: MMSG-17999]
2022-08-11 00:27:45.779 :   Logout completed	[MsgId: MMSG-17999]
2022-08-11 00:38:23.800 : - Iteration: 10	[MsgId: MMSG-17999]
2022-08-11 00:38:23.801 :   Account: jojo46/bean46	[MsgId: MMSG-17999]
2022-08-11 00:38:36.546 :   Login completed	[MsgId: MMSG-17999]
2022-08-11 00:39:19.976 :   Flights have been booked: outbound(flight ¹; price; date): 482;1958;08/11/2022,return(flight ¹; price; date): 841;1845;08/18/2022 for Jojo46 Bean46	[MsgId: MMSG-17999]
2022-08-11 00:39:36.247 :   Booking to delete: 4 booking 3612030442-3724138-JB	[MsgId: MMSG-17999]
2022-08-11 00:39:43.083 :   Logout completed	[MsgId: MMSG-17999]
2022-08-11 00:50:21.694 : URL = localhost:1080	[MsgId: MMSG-17999]
2022-08-11 00:50:21.725 : - Iteration: 1	[MsgId: MMSG-17999]
2022-08-11 00:50:21.726 :   Account: jojo47/bean47	[MsgId: MMSG-17999]
2022-08-11 00:50:23.807 : - Iteration: 11	[MsgId: MMSG-17999]
2022-08-11 00:50:23.808 :   Account: jojo46/bean46	[MsgId: MMSG-17999]
2022-08-11 00:50:31.494 :   Login completed	[MsgId: MMSG-17999]
2022-08-11 00:50:31.905 :   Login completed	[MsgId: MMSG-17999]
2022-08-11 00:51:04.757 :   Flights have been booked: outbound(flight ¹; price; date): 250;555;08/11/2022,return(flight ¹; price; date): 523;454;08/18/2022 for Jojo46 Bean46	[MsgId: MMSG-17999]
2022-08-11 00:51:13.053 :   Flights have been booked: outbound(flight ¹; price; date): 492;196;08/11/2022,return(flight ¹; price; date): 940;207;08/18/2022 for Jojo47 Bean47	[MsgId: MMSG-17999]
2022-08-11 00:51:23.243 :   Booking to delete: 2 booking 361218896-168492-JB	[MsgId: MMSG-17999]
2022-08-11 00:51:29.549 :   Booking to delete: 1 booking 69981192-149261-JB	[MsgId: MMSG-17999]
2022-08-11 00:51:30.860 :   Logout completed	[MsgId: MMSG-17999]
2022-08-11 00:51:35.270 :   Logout completed	[MsgId: MMSG-17999]
2022-08-11 01:02:21.737 : - Iteration: 2	[MsgId: MMSG-17999]
2022-08-11 01:02:21.737 :   Account: jojo47/bean47	[MsgId: MMSG-17999]
2022-08-11 01:02:23.808 : - Iteration: 12	[MsgId: MMSG-17999]
2022-08-11 01:02:23.809 :   Account: jojo46/bean46	[MsgId: MMSG-17999]
2022-08-11 01:02:30.344 :   Login completed	[MsgId: MMSG-17999]
2022-08-11 01:02:35.063 :   Login completed	[MsgId: MMSG-17999]
2022-08-11 01:03:18.209 :   Flights have been booked: outbound(flight ¹; price; date): 020;491;08/11/2022,return(flight ¹; price; date): 203;401;08/18/2022 for Jojo47 Bean47	[MsgId: MMSG-17999]
2022-08-11 01:03:18.386 :   Flights have been booked: outbound(flight ¹; price; date): 690;545;08/11/2022,return(flight ¹; price; date): 960;545;08/18/2022 for Jojo46 Bean46	[MsgId: MMSG-17999]
2022-08-11 01:03:42.866 :   Booking to delete: 1 booking 69963721-92607-JB	[MsgId: MMSG-17999]
2022-08-11 01:03:43.995 :   Booking to delete: 2 booking 361192645-155456-JB	[MsgId: MMSG-17999]
2022-08-11 01:03:49.604 :   Logout completed	[MsgId: MMSG-17999]
2022-08-11 01:03:49.608 :   Logout completed	[MsgId: MMSG-17999]
2022-08-11 01:14:21.747 : - Iteration: 3	[MsgId: MMSG-17999]
2022-08-11 01:14:21.748 :   Account: jojo47/bean47	[MsgId: MMSG-17999]
2022-08-11 01:14:23.835 : - Iteration: 13	[MsgId: MMSG-17999]
2022-08-11 01:14:23.835 :   Account: jojo46/bean46	[MsgId: MMSG-17999]
2022-08-11 01:14:30.519 :   Login completed	[MsgId: MMSG-17999]
2022-08-11 01:14:31.112 :   Login completed	[MsgId: MMSG-17999]
2022-08-11 01:15:20.683 :   Flights have been booked: outbound(flight ¹; price; date): 710;740;08/11/2022,return(flight ¹; price; date): 170;740;08/18/2022 for Jojo47 Bean47	[MsgId: MMSG-17999]
2022-08-11 01:15:25.137 :   Flights have been booked: outbound(flight ¹; price; date): 182;1672;08/11/2022,return(flight ¹; price; date): 812;1672;08/18/2022 for Jojo46 Bean46	[MsgId: MMSG-17999]
2022-08-11 01:15:45.366 :   Booking to delete: 1 booking 69989286-900113-JB	[MsgId: MMSG-17999]
2022-08-11 01:15:46.806 :   Booking to delete: 2 booking 361194465-1940846-JB	[MsgId: MMSG-17999]
2022-08-11 01:15:50.001 :   Logout completed	[MsgId: MMSG-17999]
2022-08-11 01:15:51.270 :   Logout completed	[MsgId: MMSG-17999]
2022-08-11 01:26:21.751 : - Iteration: 4	[MsgId: MMSG-17999]
2022-08-11 01:26:21.752 :   Account: jojo47/bean47	[MsgId: MMSG-17999]
2022-08-11 01:26:23.834 : - Iteration: 14	[MsgId: MMSG-17999]
2022-08-11 01:26:23.834 :   Account: jojo46/bean46	[MsgId: MMSG-17999]
2022-08-11 01:26:28.250 :   Login completed	[MsgId: MMSG-17999]
2022-08-11 01:26:33.801 :   Login completed	[MsgId: MMSG-17999]
2022-08-11 01:27:11.060 :   Flights have been booked: outbound(flight ¹; price; date): 942;253;08/11/2022,return(flight ¹; price; date): 491;238;08/18/2022 for Jojo46 Bean46	[MsgId: MMSG-17999]
2022-08-11 01:27:17.289 :   Flights have been booked: outbound(flight ¹; price; date): 961;335;08/11/2022,return(flight ¹; price; date): 691;335;08/18/2022 for Jojo47 Bean47	[MsgId: MMSG-17999]
2022-08-11 01:27:29.866 :   Booking to delete: 1 booking 361187056-115687-JB	[MsgId: MMSG-17999]
2022-08-11 01:27:36.583 :   Logout completed	[MsgId: MMSG-17999]
2022-08-11 01:27:43.003 :   Booking to delete: 1 booking 69998567-130128-JB	[MsgId: MMSG-17999]
2022-08-11 01:27:50.429 :   Logout completed	[MsgId: MMSG-17999]
2022-08-11 01:38:21.753 : - Iteration: 5	[MsgId: MMSG-17999]
2022-08-11 01:38:21.753 :   Account: jojo47/bean47	[MsgId: MMSG-17999]
2022-08-11 01:38:23.839 : - Iteration: 15	[MsgId: MMSG-17999]
2022-08-11 01:38:23.840 :   Account: jojo46/bean46	[MsgId: MMSG-17999]
2022-08-11 01:38:30.151 :   Login completed	[MsgId: MMSG-17999]
2022-08-11 01:38:33.246 :   Login completed	[MsgId: MMSG-17999]
2022-08-11 01:39:03.542 :   Flights have been booked: outbound(flight ¹; price; date): 710;740;08/11/2022,return(flight ¹; price; date): 170;740;08/18/2022 for Jojo46 Bean46	[MsgId: MMSG-17999]
2022-08-11 01:39:25.555 :   Booking to delete: 1 booking 361210760-1507776-JB	[MsgId: MMSG-17999]
2022-08-11 01:39:30.888 :   Flights have been booked: outbound(flight ¹; price; date): 480;2679;08/11/2022,return(flight ¹; price; date): 841;2386;08/18/2022 for Jojo47 Bean47	[MsgId: MMSG-17999]
2022-08-11 01:39:31.781 :   Logout completed	[MsgId: MMSG-17999]
2022-08-11 01:39:53.476 :   Booking to delete: 1 booking 699807506-1416543-JB	[MsgId: MMSG-17999]
2022-08-11 01:39:57.730 :   Logout completed	[MsgId: MMSG-17999]
2022-08-11 01:50:21.766 : URL = localhost:1080	[MsgId: MMSG-17999]
2022-08-11 01:50:21.767 : - Iteration: 6	[MsgId: MMSG-17999]
2022-08-11 01:50:21.767 :   Account: jojo47/bean47	[MsgId: MMSG-17999]
2022-08-11 01:50:21.783 : - Iteration: 1	[MsgId: MMSG-17999]
2022-08-11 01:50:21.783 :   Account: jojo48/bean48	[MsgId: MMSG-17999]
2022-08-11 01:50:23.842 : - Iteration: 16	[MsgId: MMSG-17999]
2022-08-11 01:50:23.842 :   Account: jojo46/bean46	[MsgId: MMSG-17999]
2022-08-11 01:50:32.837 :   Login completed	[MsgId: MMSG-17999]
2022-08-11 01:50:33.641 :   Login completed	[MsgId: MMSG-17999]
2022-08-11 01:50:34.613 :   Login completed	[MsgId: MMSG-17999]
2022-08-11 01:51:07.365 :   Flights have been booked: outbound(flight ¹; price; date): 092;746;08/11/2022,return(flight ¹; price; date): 900;789;08/18/2022 for Jojo47 Bean47	[MsgId: MMSG-17999]
2022-08-11 01:51:09.608 :   Flights have been booked: outbound(flight ¹; price; date): 652;134;08/11/2022,return(flight ¹; price; date): 561;126;08/18/2022 for Jojo46 Bean46	[MsgId: MMSG-17999]
2022-08-11 01:51:16.690 :   Flights have been booked: outbound(flight ¹; price; date): 291;312;08/11/2022,return(flight ¹; price; date): 922;331;08/18/2022 for Jojo48 Bean48	[MsgId: MMSG-17999]
2022-08-11 01:51:31.448 :   Booking to delete: 4 booking 361209338-350866-JB	[MsgId: MMSG-17999]
2022-08-11 01:51:31.466 :   Booking to delete: 1 booking 199047826-147895-JB	[MsgId: MMSG-17999]
2022-08-11 01:51:31.937 :   Booking to delete: 1 booking 69966398-1461656-JB	[MsgId: MMSG-17999]
2022-08-11 01:51:34.389 :   Logout completed	[MsgId: MMSG-17999]
2022-08-11 01:51:35.126 :   Logout completed	[MsgId: MMSG-17999]
2022-08-11 01:51:36.371 :   Logout completed	[MsgId: MMSG-17999]
2022-08-11 02:02:21.783 : - Iteration: 7	[MsgId: MMSG-17999]
2022-08-11 02:02:21.783 :   Account: jojo47/bean47	[MsgId: MMSG-17999]
2022-08-11 02:02:21.799 : - Iteration: 2	[MsgId: MMSG-17999]
2022-08-11 02:02:21.799 :   Account: jojo48/bean48	[MsgId: MMSG-17999]
2022-08-11 02:02:23.855 : - Iteration: 17	[MsgId: MMSG-17999]
2022-08-11 02:02:23.857 :   Account: jojo46/bean46	[MsgId: MMSG-17999]
2022-08-11 02:02:30.020 :   Login completed	[MsgId: MMSG-17999]
2022-08-11 02:02:33.213 :   Login completed	[MsgId: MMSG-17999]
2022-08-11 02:02:33.919 :   Login completed	[MsgId: MMSG-17999]
2022-08-11 02:03:07.935 :   Flights have been booked: outbound(flight ¹; price; date): 190;371;08/11/2022,return(flight ¹; price; date): 912;351;08/18/2022 for Jojo47 Bean47	[MsgId: MMSG-17999]
2022-08-11 02:03:17.456 :   Flights have been booked: outbound(flight ¹; price; date): 270;1060;08/11/2022,return(flight ¹; price; date): 722;1002;08/18/2022 for Jojo46 Bean46	[MsgId: MMSG-17999]
2022-08-11 02:03:18.350 :   Flights have been booked: outbound(flight ¹; price; date): 380;669;08/11/2022,return(flight ¹; price; date): 832;633;08/18/2022 for Jojo48 Bean48	[MsgId: MMSG-17999]
2022-08-11 02:03:25.816 :   Booking to delete: 1 booking 69970013-147132-JB	[MsgId: MMSG-17999]
2022-08-11 02:03:32.541 :   Logout completed	[MsgId: MMSG-17999]
2022-08-11 02:03:37.960 :   Booking to delete: 4 booking 3611951891-3632466-JB	[MsgId: MMSG-17999]
2022-08-11 02:03:41.450 :   Logout completed	[MsgId: MMSG-17999]
2022-08-11 02:03:45.224 :   Booking to delete: 1 booking 199051135-1409330-JB	[MsgId: MMSG-17999]
2022-08-11 02:03:52.115 :   Logout completed	[MsgId: MMSG-17999]
2022-08-11 02:14:21.793 : - Iteration: 8	[MsgId: MMSG-17999]
2022-08-11 02:14:21.793 :   Account: jojo47/bean47	[MsgId: MMSG-17999]
2022-08-11 02:14:21.815 : - Iteration: 3	[MsgId: MMSG-17999]
2022-08-11 02:14:21.815 :   Account: jojo48/bean48	[MsgId: MMSG-17999]
2022-08-11 02:14:23.857 : - Iteration: 18	[MsgId: MMSG-17999]
2022-08-11 02:14:23.857 :   Account: jojo46/bean46	[MsgId: MMSG-17999]
2022-08-11 02:14:30.235 :   Login completed	[MsgId: MMSG-17999]
2022-08-11 02:14:33.184 :   Login completed	[MsgId: MMSG-17999]
2022-08-11 02:14:34.236 :   Login completed	[MsgId: MMSG-17999]
2022-08-11 02:15:08.137 :   Flights have been booked: outbound(flight ¹; price; date): 011;498;08/11/2022,return(flight ¹; price; date): 102;529;08/18/2022 for Jojo48 Bean48	[MsgId: MMSG-17999]
2022-08-11 02:15:20.088 :   Flights have been booked: outbound(flight ¹; price; date): 592;633;08/11/2022,return(flight ¹; price; date): 950;669;08/18/2022 for Jojo46 Bean46	[MsgId: MMSG-17999]
2022-08-11 02:15:23.314 :   Booking to delete: 1 booking 199037462-847771-JB	[MsgId: MMSG-17999]
2022-08-11 02:15:28.132 :   Logout completed	[MsgId: MMSG-17999]
2022-08-11 02:15:30.046 :   Flights have been booked: outbound(flight ¹; price; date): 310;328;08/11/2022,return(flight ¹; price; date): 132;446;08/18/2022 for Jojo47 Bean47	[MsgId: MMSG-17999]
2022-08-11 02:15:35.906 :   Booking to delete: 2 booking 361220083-191653-JB	[MsgId: MMSG-17999]
2022-08-11 02:15:40.308 :   Logout completed	[MsgId: MMSG-17999]
2022-08-11 02:15:54.019 :   Booking to delete: 1 booking 69974456-87136-JB	[MsgId: MMSG-17999]
2022-08-11 02:15:57.445 :   Logout completed	[MsgId: MMSG-17999]
2022-08-11 02:26:21.795 : - Iteration: 9	[MsgId: MMSG-17999]
2022-08-11 02:26:21.796 :   Account: jojo47/bean47	[MsgId: MMSG-17999]
2022-08-11 02:26:21.827 : - Iteration: 4	[MsgId: MMSG-17999]
2022-08-11 02:26:21.827 :   Account: jojo48/bean48	[MsgId: MMSG-17999]
2022-08-11 02:26:23.861 : - Iteration: 19	[MsgId: MMSG-17999]
2022-08-11 02:26:23.861 :   Account: jojo46/bean46	[MsgId: MMSG-17999]
2022-08-11 02:26:28.482 :   Login completed	[MsgId: MMSG-17999]
2022-08-11 02:26:32.009 :   Login completed	[MsgId: MMSG-17999]
2022-08-11 02:26:35.243 :   Login completed	[MsgId: MMSG-17999]
2022-08-11 02:27:02.214 :   Flights have been booked: outbound(flight ¹; price; date): 400;350;08/11/2022,return(flight ¹; price; date): 040;350;08/18/2022 for Jojo47 Bean47	[MsgId: MMSG-17999]
2022-08-11 02:27:20.129 :   Booking to delete: 1 booking 69977790-80053-JB	[MsgId: MMSG-17999]
2022-08-11 02:27:21.705 :   Flights have been booked: outbound(flight ¹; price; date): 322;1370;08/11/2022,return(flight ¹; price; date): 232;1370;08/18/2022 for Jojo48 Bean48	[MsgId: MMSG-17999]
2022-08-11 02:27:22.819 :   Flights have been booked: outbound(flight ¹; price; date): 540;621;08/11/2022,return(flight ¹; price; date): 450;621;08/18/2022 for Jojo46 Bean46	[MsgId: MMSG-17999]
2022-08-11 02:27:25.773 :   Logout completed	[MsgId: MMSG-17999]
2022-08-11 02:27:40.339 :   Booking to delete: 1 booking 1990489680-947903-JB	[MsgId: MMSG-17999]
2022-08-11 02:27:43.900 :   Logout completed	[MsgId: MMSG-17999]
2022-08-11 02:27:49.120 :   Booking to delete: 3 booking 361207134-3038561-JB	[MsgId: MMSG-17999]
2022-08-11 02:27:54.264 :   Logout completed	[MsgId: MMSG-17999]
2022-08-11 02:38:21.801 : - Iteration: 10	[MsgId: MMSG-17999]
2022-08-11 02:38:21.802 :   Account: jojo47/bean47	[MsgId: MMSG-17999]
2022-08-11 02:38:21.833 : - Iteration: 5	[MsgId: MMSG-17999]
2022-08-11 02:38:21.833 :   Account: jojo48/bean48	[MsgId: MMSG-17999]
2022-08-11 02:38:23.868 : - Iteration: 20	[MsgId: MMSG-17999]
2022-08-11 02:38:23.869 :   Account: jojo46/bean46	[MsgId: MMSG-17999]
2022-08-11 02:38:31.846 :   Login completed	[MsgId: MMSG-17999]
2022-08-11 02:38:31.910 :   Login completed	[MsgId: MMSG-17999]
2022-08-11 02:38:34.031 :   Login completed	[MsgId: MMSG-17999]
2022-08-11 02:39:10.971 :   Flights have been booked: outbound(flight ¹; price; date): 652;134;08/11/2022,return(flight ¹; price; date): 561;126;08/18/2022 for Jojo48 Bean48	[MsgId: MMSG-17999]
2022-08-11 02:39:19.977 :   Flights have been booked: outbound(flight ¹; price; date): 612;764;08/11/2022,return(flight ¹; price; date): 163;661;08/18/2022 for Jojo46 Bean46	[MsgId: MMSG-17999]
2022-08-11 02:39:20.525 :   Flights have been booked: outbound(flight ¹; price; date): 750;64;08/11/2022,return(flight ¹; price; date): 570;64;08/18/2022 for Jojo47 Bean47	[MsgId: MMSG-17999]
2022-08-11 02:39:27.023 :   Booking to delete: 1 booking 199061190-120096-JB	[MsgId: MMSG-17999]
2022-08-11 02:39:33.989 :   Logout completed	[MsgId: MMSG-17999]
2022-08-11 02:39:39.696 :   Booking to delete: 3 booking 361205208-2653941-JB	[MsgId: MMSG-17999]
2022-08-11 02:39:42.198 :   Booking to delete: 1 booking 6999076-120779-JB	[MsgId: MMSG-17999]
2022-08-11 02:39:46.138 :   Logout completed	[MsgId: MMSG-17999]
2022-08-11 02:39:47.340 :   Logout completed	[MsgId: MMSG-17999]
2022-08-11 02:50:21.809 : - Iteration: 11	[MsgId: MMSG-17999]
2022-08-11 02:50:21.810 :   Account: jojo47/bean47	[MsgId: MMSG-17999]
2022-08-11 02:50:21.842 : - Iteration: 6	[MsgId: MMSG-17999]
2022-08-11 02:50:21.842 :   Account: jojo48/bean48	[MsgId: MMSG-17999]
2022-08-11 02:50:21.849 : URL = localhost:1080	[MsgId: MMSG-17999]
2022-08-11 02:50:21.888 : - Iteration: 1	[MsgId: MMSG-17999]
2022-08-11 02:50:21.889 :   Account: jojo49/bean49	[MsgId: MMSG-17999]
2022-08-11 02:50:23.876 : - Iteration: 21	[MsgId: MMSG-17999]
2022-08-11 02:50:23.877 :   Account: jojo46/bean46	[MsgId: MMSG-17999]
2022-08-11 02:50:30.029 :   Login completed	[MsgId: MMSG-17999]
2022-08-11 02:50:30.456 :   Login completed	[MsgId: MMSG-17999]
2022-08-11 02:50:36.788 :   Login completed	[MsgId: MMSG-17999]
2022-08-11 02:50:37.300 :   Login completed	[MsgId: MMSG-17999]
2022-08-11 02:51:14.102 :   Flights have been booked: outbound(flight ¹; price; date): 642;588;08/11/2022,return(flight ¹; price; date): 462;588;08/18/2022 for Jojo48 Bean48	[MsgId: MMSG-17999]
2022-08-11 02:51:21.466 :   Flights have been booked: outbound(flight ¹; price; date): 050;515;08/11/2022,return(flight ¹; price; date): 501;459;08/18/2022 for Jojo47 Bean47	[MsgId: MMSG-17999]
2022-08-11 02:51:23.933 :   Flights have been booked: outbound(flight ¹; price; date): 450;1165;08/11/2022,return(flight ¹; price; date): 543;953;08/18/2022 for Jojo49 Bean49	[MsgId: MMSG-17999]
2022-08-11 02:51:27.447 :   Booking to delete: 1 booking 199060836-1124705-JB	[MsgId: MMSG-17999]
2022-08-11 02:51:33.017 :   Flights have been booked: outbound(flight ¹; price; date): 750;94;08/11/2022,return(flight ¹; price; date): 572;88;08/18/2022 for Jojo46 Bean46	[MsgId: MMSG-17999]
2022-08-11 02:51:34.305 :   Logout completed	[MsgId: MMSG-17999]
2022-08-11 02:51:46.713 :   Booking to delete: 1 booking 69964833-115536-JB	[MsgId: MMSG-17999]
2022-08-11 02:51:48.177 :   Booking to delete: 1 booking 212336768-1463953-JB	[MsgId: MMSG-17999]
2022-08-11 02:51:48.838 :   Booking to delete: 4 booking 36121299-351706-JB	[MsgId: MMSG-17999]
2022-08-11 02:51:52.876 :   Logout completed	[MsgId: MMSG-17999]
2022-08-11 02:51:53.957 :   Logout completed	[MsgId: MMSG-17999]
2022-08-11 02:51:54.316 :   Logout completed	[MsgId: MMSG-17999]
2022-08-11 03:02:21.817 : - Iteration: 12	[MsgId: MMSG-17999]
2022-08-11 03:02:21.817 :   Account: jojo47/bean47	[MsgId: MMSG-17999]
2022-08-11 03:02:21.849 : - Iteration: 7	[MsgId: MMSG-17999]
2022-08-11 03:02:21.850 :   Account: jojo48/bean48	[MsgId: MMSG-17999]
2022-08-11 03:02:21.895 : - Iteration: 2	[MsgId: MMSG-17999]
2022-08-11 03:02:21.895 :   Account: jojo49/bean49	[MsgId: MMSG-17999]
2022-08-11 03:02:23.877 : - Iteration: 22	[MsgId: MMSG-17999]
2022-08-11 03:02:23.878 :   Account: jojo46/bean46	[MsgId: MMSG-17999]
2022-08-11 03:02:32.297 :   Login completed	[MsgId: MMSG-17999]
2022-08-11 03:02:33.210 :   Login completed	[MsgId: MMSG-17999]
2022-08-11 03:02:34.531 :   Login completed	[MsgId: MMSG-17999]
2022-08-11 03:02:37.189 :   Login completed	[MsgId: MMSG-17999]
2022-08-11 03:03:24.270 :   Flights have been booked: outbound(flight ¹; price; date): 231;688;08/11/2022,return(flight ¹; price; date): 320;773;08/18/2022 for Jojo48 Bean48	[MsgId: MMSG-17999]
2022-08-11 03:03:27.123 :   Flights have been booked: outbound(flight ¹; price; date): 212;471;08/11/2022,return(flight ¹; price; date): 121;444;08/18/2022 for Jojo49 Bean49	[MsgId: MMSG-17999]
2022-08-11 03:03:27.202 :   Flights have been booked: outbound(flight ¹; price; date): 012;529;08/11/2022,return(flight ¹; price; date): 103;458;08/18/2022 for Jojo47 Bean47	[MsgId: MMSG-17999]
2022-08-11 03:03:33.368 :   Flights have been booked: outbound(flight ¹; price; date): 942;196;08/11/2022,return(flight ¹; price; date): 492;196;08/18/2022 for Jojo46 Bean46	[MsgId: MMSG-17999]
2022-08-11 03:03:46.018 :   Booking to delete: 1 booking 199045618-1015497-JB	[MsgId: MMSG-17999]
2022-08-11 03:03:46.831 :   Booking to delete: 1 booking 69963427-84922-JB	[MsgId: MMSG-17999]
2022-08-11 03:03:47.603 :   Booking to delete: 2 booking 212341202-163224-JB	[MsgId: MMSG-17999]
2022-08-11 03:03:51.328 :   Logout completed	[MsgId: MMSG-17999]
2022-08-11 03:03:52.583 :   Logout completed	[MsgId: MMSG-17999]
2022-08-11 03:03:54.715 :   Logout completed	[MsgId: MMSG-17999]
2022-08-11 03:03:56.602 :   Booking to delete: 2 booking 361211508-1669344-JB	[MsgId: MMSG-17999]
2022-08-11 03:04:02.166 :   Logout completed	[MsgId: MMSG-17999]
2022-08-11 03:14:21.820 : - Iteration: 13	[MsgId: MMSG-17999]
2022-08-11 03:14:21.820 :   Account: jojo47/bean47	[MsgId: MMSG-17999]
2022-08-11 03:14:21.852 : - Iteration: 8	[MsgId: MMSG-17999]
2022-08-11 03:14:21.852 :   Account: jojo48/bean48	[MsgId: MMSG-17999]
2022-08-11 03:14:21.900 : - Iteration: 3	[MsgId: MMSG-17999]
2022-08-11 03:14:21.900 :   Account: jojo49/bean49	[MsgId: MMSG-17999]
2022-08-11 03:14:23.880 : - Iteration: 23	[MsgId: MMSG-17999]
2022-08-11 03:14:23.880 :   Account: jojo46/bean46	[MsgId: MMSG-17999]
2022-08-11 03:14:27.681 :   Login completed	[MsgId: MMSG-17999]
2022-08-11 03:14:29.352 :   Login completed	[MsgId: MMSG-17999]
2022-08-11 03:14:32.842 :   Login completed	[MsgId: MMSG-17999]
2022-08-11 03:14:36.161 :   Login completed	[MsgId: MMSG-17999]
2022-08-11 03:15:04.970 :   Flights have been booked: outbound(flight ¹; price; date): 101;498;08/11/2022,return(flight ¹; price; date): 010;559;08/18/2022 for Jojo47 Bean47	[MsgId: MMSG-17999]
2022-08-11 03:15:08.158 :   Flights have been booked: outbound(flight ¹; price; date): 740;867;08/11/2022,return(flight ¹; price; date): 471;773;08/18/2022 for Jojo48 Bean48	[MsgId: MMSG-17999]
2022-08-11 03:15:18.903 :   Flights have been booked: outbound(flight ¹; price; date): 121;343;08/11/2022,return(flight ¹; price; date): 212;364;08/18/2022 for Jojo49 Bean49	[MsgId: MMSG-17999]
2022-08-11 03:15:28.905 :   Booking to delete: 1 booking 199064476-1131664-JB	[MsgId: MMSG-17999]
2022-08-11 03:15:28.986 :   Flights have been booked: outbound(flight ¹; price; date): 322;731;08/11/2022,return(flight ¹; price; date): 233;632;08/18/2022 for Jojo46 Bean46	[MsgId: MMSG-17999]
2022-08-11 03:15:29.252 :   Booking to delete: 1 booking 69966722-777004-JB	[MsgId: MMSG-17999]
2022-08-11 03:15:33.510 :   Logout completed	[MsgId: MMSG-17999]
2022-08-11 03:15:35.039 :   Logout completed	[MsgId: MMSG-17999]
2022-08-11 03:15:42.428 :   Booking to delete: 2 booking 212337827-170208-JB	[MsgId: MMSG-17999]
2022-08-11 03:15:46.449 :   Logout completed	[MsgId: MMSG-17999]
2022-08-11 03:15:51.630 :   Booking to delete: 4 booking 361197138-3256258-JB	[MsgId: MMSG-17999]
2022-08-11 03:15:57.386 :   Logout completed	[MsgId: MMSG-17999]
2022-08-11 03:26:21.832 : - Iteration: 14	[MsgId: MMSG-17999]
2022-08-11 03:26:21.832 :   Account: jojo47/bean47	[MsgId: MMSG-17999]
2022-08-11 03:26:21.862 : - Iteration: 9	[MsgId: MMSG-17999]
2022-08-11 03:26:21.863 :   Account: jojo48/bean48	[MsgId: MMSG-17999]
2022-08-11 03:26:21.909 : - Iteration: 4	[MsgId: MMSG-17999]
2022-08-11 03:26:21.909 :   Account: jojo49/bean49	[MsgId: MMSG-17999]
2022-08-11 03:26:23.889 : - Iteration: 24	[MsgId: MMSG-17999]
2022-08-11 03:26:23.890 :   Account: jojo46/bean46	[MsgId: MMSG-17999]
2022-08-11 03:26:28.818 :   Login completed	[MsgId: MMSG-17999]
2022-08-11 03:26:29.119 :   Login completed	[MsgId: MMSG-17999]
2022-08-11 03:26:31.428 :   Login completed	[MsgId: MMSG-17999]
2022-08-11 03:26:36.119 :   Login completed	[MsgId: MMSG-17999]
2022-08-11 03:27:02.884 :   Flights have been booked: outbound(flight ¹; price; date): 632;107;08/11/2022,return(flight ¹; price; date): 362;107;08/18/2022 for Jojo49 Bean49	[MsgId: MMSG-17999]
2022-08-11 03:27:11.201 :   Flights have been booked: outbound(flight ¹; price; date): 560;110;08/11/2022,return(flight ¹; price; date): 651;98;08/18/2022 for Jojo47 Bean47	[MsgId: MMSG-17999]
2022-08-11 03:27:12.492 :   Flights have been booked: outbound(flight ¹; price; date): 182;2162;08/11/2022,return(flight ¹; price; date): 812;2162;08/18/2022 for Jojo48 Bean48	[MsgId: MMSG-17999]
2022-08-11 03:27:13.822 :   Flights have been booked: outbound(flight ¹; price; date): 342;414;08/11/2022,return(flight ¹; price; date): 431;391;08/18/2022 for Jojo46 Bean46	[MsgId: MMSG-17999]
2022-08-11 03:27:27.122 :   Booking to delete: 2 booking 212356744-181708-JB	[MsgId: MMSG-17999]
2022-08-11 03:27:30.426 :   Logout completed	[MsgId: MMSG-17999]
2022-08-11 03:27:31.889 :   Booking to delete: 1 booking 1990437857-1394178-JB	[MsgId: MMSG-17999]
2022-08-11 03:27:36.063 :   Booking to delete: 1 booking 69983707-127016-JB	[MsgId: MMSG-17999]
2022-08-11 03:27:36.709 :   Booking to delete: 2 booking 361207880-1663955-JB	[MsgId: MMSG-17999]
2022-08-11 03:27:38.829 :   Logout completed	[MsgId: MMSG-17999]
2022-08-11 03:27:43.338 :   Logout completed	[MsgId: MMSG-17999]
2022-08-11 03:27:43.866 :   Logout completed	[MsgId: MMSG-17999]
2022-08-11 03:38:21.837 : - Iteration: 15	[MsgId: MMSG-17999]
2022-08-11 03:38:21.838 :   Account: jojo47/bean47	[MsgId: MMSG-17999]
2022-08-11 03:38:21.868 : - Iteration: 10	[MsgId: MMSG-17999]
2022-08-11 03:38:21.869 :   Account: jojo48/bean48	[MsgId: MMSG-17999]
2022-08-11 03:38:21.915 : - Iteration: 5	[MsgId: MMSG-17999]
2022-08-11 03:38:21.915 :   Account: jojo49/bean49	[MsgId: MMSG-17999]
2022-08-11 03:38:23.895 : - Iteration: 25	[MsgId: MMSG-17999]
2022-08-11 03:38:23.895 :   Account: jojo46/bean46	[MsgId: MMSG-17999]
2022-08-11 03:38:30.577 :   Login completed	[MsgId: MMSG-17999]
2022-08-11 03:38:33.712 :   Login completed	[MsgId: MMSG-17999]
2022-08-11 03:38:36.561 :   Login completed	[MsgId: MMSG-17999]
2022-08-11 03:38:36.925 :   Login completed	[MsgId: MMSG-17999]
2022-08-11 03:39:07.439 :   Flights have been booked: outbound(flight ¹; price; date): 560;110;08/11/2022,return(flight ¹; price; date): 652;104;08/18/2022 for Jojo46 Bean46	[MsgId: MMSG-17999]
2022-08-11 03:39:14.609 :   Flights have been booked: outbound(flight ¹; price; date): 300;365;08/11/2022,return(flight ¹; price; date): 033;298;08/18/2022 for Jojo49 Bean49	[MsgId: MMSG-17999]
2022-08-11 03:39:17.930 :   Flights have been booked: outbound(flight ¹; price; date): 252;525;08/11/2022,return(flight ¹; price; date): 521;494;08/18/2022 for Jojo47 Bean47	[MsgId: MMSG-17999]
2022-08-11 03:39:27.973 :   Booking to delete: 4 booking 361205930-357862-JB	[MsgId: MMSG-17999]
2022-08-11 03:39:28.306 :   Flights have been booked: outbound(flight ¹; price; date): 352;271;08/11/2022,return(flight ¹; price; date): 531;255;08/18/2022 for Jojo48 Bean48	[MsgId: MMSG-17999]
2022-08-11 03:39:34.321 :   Logout completed	[MsgId: MMSG-17999]
2022-08-11 03:39:36.821 :   Booking to delete: 2 booking 212344457-156435-JB	[MsgId: MMSG-17999]
2022-08-11 03:39:39.319 :   Booking to delete: 1 booking 69972315-1170078-JB	[MsgId: MMSG-17999]
2022-08-11 03:39:40.022 :   Logout completed	[MsgId: MMSG-17999]
2022-08-11 03:39:43.592 :   Logout completed	[MsgId: MMSG-17999]
2022-08-11 03:39:45.103 :   Booking to delete: 1 booking 199050084-117809-JB	[MsgId: MMSG-17999]
2022-08-11 03:39:52.048 :   Logout completed	[MsgId: MMSG-17999]
2022-08-11 03:50:21.844 : - Iteration: 16	[MsgId: MMSG-17999]
2022-08-11 03:50:21.844 :   Account: jojo47/bean47	[MsgId: MMSG-17999]
2022-08-11 03:50:21.876 : - Iteration: 11	[MsgId: MMSG-17999]
2022-08-11 03:50:21.876 :   Account: jojo48/bean48	[MsgId: MMSG-17999]
2022-08-11 03:50:21.926 : - Iteration: 6	[MsgId: MMSG-17999]
2022-08-11 03:50:21.926 :   Account: jojo49/bean49	[MsgId: MMSG-17999]
2022-08-11 03:50:21.995 : URL = localhost:1080	[MsgId: MMSG-17999]
2022-08-11 03:50:22.017 : - Iteration: 1	[MsgId: MMSG-17999]
2022-08-11 03:50:22.017 :   Account: jojo50/bean50	[MsgId: MMSG-17999]
2022-08-11 03:50:23.906 : - Iteration: 26	[MsgId: MMSG-17999]
2022-08-11 03:50:23.906 :   Account: jojo46/bean46	[MsgId: MMSG-17999]
2022-08-11 03:50:27.789 :   Login completed	[MsgId: MMSG-17999]
2022-08-11 03:50:30.223 :   Login completed	[MsgId: MMSG-17999]
2022-08-11 03:50:31.491 :   Login completed	[MsgId: MMSG-17999]
2022-08-11 03:50:33.220 :   Login completed	[MsgId: MMSG-17999]
2022-08-11 03:50:33.851 :   Login completed	[MsgId: MMSG-17999]
2022-08-11 03:51:04.777 :   Flights have been booked: outbound(flight ¹; price; date): 821;2407;08/11/2022,return(flight ¹; price; date): 280;2701;08/18/2022 for Jojo47 Bean47	[MsgId: MMSG-17999]
2022-08-11 03:51:04.920 :   Flights have been booked: outbound(flight ¹; price; date): 100;723;08/11/2022,return(flight ¹; price; date): 012;684;08/18/2022 for Jojo48 Bean48	[MsgId: MMSG-17999]
2022-08-11 03:51:10.401 :   Flights have been booked: outbound(flight ¹; price; date): 730;174;08/11/2022,return(flight ¹; price; date): 371;155;08/18/2022 for Jojo50 Bean50	[MsgId: MMSG-17999]
2022-08-11 03:51:20.217 :   Booking to delete: 1 booking 199040767-778569-JB	[MsgId: MMSG-17999]
2022-08-11 03:51:22.876 :   Flights have been booked: outbound(flight ¹; price; date): 482;1958;08/11/2022,return(flight ¹; price; date): 841;1845;08/18/2022 for Jojo46 Bean46	[MsgId: MMSG-17999]
2022-08-11 03:51:23.310 :   Logout completed	[MsgId: MMSG-17999]
2022-08-11 03:51:23.476 :   Flights have been booked: outbound(flight ¹; price; date): 931;578;08/11/2022,return(flight ¹; price; date): 392;711;08/18/2022 for Jojo49 Bean49	[MsgId: MMSG-17999]
2022-08-11 03:51:27.283 :   Booking to delete: 1 booking 277323339-105486-JB	[MsgId: MMSG-17999]
2022-08-11 03:51:31.320 :   Booking to delete: 1 booking 699933792-985008-JB	[MsgId: MMSG-17999]
2022-08-11 03:51:34.066 :   Logout completed	[MsgId: MMSG-17999]
2022-08-11 03:51:35.362 :   Logout completed	[MsgId: MMSG-17999]
2022-08-11 03:51:40.072 :   Booking to delete: 4 booking 3612030442-3724138-JB	[MsgId: MMSG-17999]
2022-08-11 03:51:47.180 :   Logout completed	[MsgId: MMSG-17999]
2022-08-11 03:51:48.436 :   Booking to delete: 2 booking 212367836-1840099-JB	[MsgId: MMSG-17999]
2022-08-11 03:51:52.248 :   Logout completed	[MsgId: MMSG-17999]
2022-08-11 04:02:21.850 : - Iteration: 17	[MsgId: MMSG-17999]
2022-08-11 04:02:21.851 :   Account: jojo47/bean47	[MsgId: MMSG-17999]
2022-08-11 04:02:21.881 : - Iteration: 12	[MsgId: MMSG-17999]
2022-08-11 04:02:21.882 :   Account: jojo48/bean48	[MsgId: MMSG-17999]
2022-08-11 04:02:21.927 : - Iteration: 7	[MsgId: MMSG-17999]
2022-08-11 04:02:21.927 :   Account: jojo49/bean49	[MsgId: MMSG-17999]
2022-08-11 04:02:22.020 : - Iteration: 2	[MsgId: MMSG-17999]
2022-08-11 04:02:22.020 :   Account: jojo50/bean50	[MsgId: MMSG-17999]
2022-08-11 04:02:23.915 : - Iteration: 27	[MsgId: MMSG-17999]
2022-08-11 04:02:23.915 :   Account: jojo46/bean46	[MsgId: MMSG-17999]
2022-08-11 04:02:27.712 :   Login completed	[MsgId: MMSG-17999]
2022-08-11 04:02:28.731 :   Login completed	[MsgId: MMSG-17999]
2022-08-11 04:02:28.731 :   Login completed	[MsgId: MMSG-17999]
2022-08-11 04:02:35.780 :   Login completed	[MsgId: MMSG-17999]
2022-08-11 04:02:35.859 :   Login completed	[MsgId: MMSG-17999]
2022-08-11 04:03:17.331 :   Flights have been booked: outbound(flight ¹; price; date): 711;659;08/11/2022,return(flight ¹; price; date): 172;699;08/18/2022 for Jojo49 Bean49	[MsgId: MMSG-17999]
2022-08-11 04:03:17.724 :   Flights have been booked: outbound(flight ¹; price; date): 050;515;08/11/2022,return(flight ¹; price; date): 503;421;08/18/2022 for Jojo50 Bean50	[MsgId: MMSG-17999]
2022-08-11 04:03:18.403 :   Flights have been booked: outbound(flight ¹; price; date): 312;214;08/11/2022,return(flight ¹; price; date): 131;290;08/18/2022 for Jojo48 Bean48	[MsgId: MMSG-17999]
2022-08-11 04:03:19.931 :   Flights have been booked: outbound(flight ¹; price; date): 291;312;08/11/2022,return(flight ¹; price; date): 920;350;08/18/2022 for Jojo47 Bean47	[MsgId: MMSG-17999]
2022-08-11 04:03:24.149 :   Flights have been booked: outbound(flight ¹; price; date): 431;733;08/11/2022,return(flight ¹; price; date): 343;673;08/18/2022 for Jojo46 Bean46	[MsgId: MMSG-17999]
2022-08-11 04:03:37.326 :   Booking to delete: 1 booking 277298167-115687-JB	[MsgId: MMSG-17999]
2022-08-11 04:03:39.540 :   Booking to delete: 1 booking 69973752-147743-JB	[MsgId: MMSG-17999]
2022-08-11 04:03:40.958 :   Booking to delete: 1 booking 2123500043-1187086-JB	[MsgId: MMSG-17999]
2022-08-11 04:03:42.278 :   Logout completed	[MsgId: MMSG-17999]
2022-08-11 04:03:43.529 :   Logout completed	[MsgId: MMSG-17999]
2022-08-11 04:03:44.685 :   Booking to delete: 4 booking 361201175-3340877-JB	[MsgId: MMSG-17999]
2022-08-11 04:03:44.733 :   Booking to delete: 1 booking 199048600-87038-JB	[MsgId: MMSG-17999]
2022-08-11 04:03:47.083 :   Logout completed	[MsgId: MMSG-17999]
2022-08-11 04:03:49.721 :   Logout completed	[MsgId: MMSG-17999]
2022-08-11 04:03:49.733 :   Logout completed	[MsgId: MMSG-17999]
2022-08-11 04:14:21.858 : - Iteration: 18	[MsgId: MMSG-17999]
2022-08-11 04:14:21.859 :   Account: jojo47/bean47	[MsgId: MMSG-17999]
2022-08-11 04:14:21.890 : - Iteration: 13	[MsgId: MMSG-17999]
2022-08-11 04:14:21.891 :   Account: jojo48/bean48	[MsgId: MMSG-17999]
2022-08-11 04:14:21.936 : - Iteration: 8	[MsgId: MMSG-17999]
2022-08-11 04:14:21.936 :   Account: jojo49/bean49	[MsgId: MMSG-17999]
2022-08-11 04:14:22.031 : - Iteration: 3	[MsgId: MMSG-17999]
2022-08-11 04:14:22.032 :   Account: jojo50/bean50	[MsgId: MMSG-17999]
2022-08-11 04:14:23.922 : - Iteration: 28	[MsgId: MMSG-17999]
2022-08-11 04:14:23.922 :   Account: jojo46/bean46	[MsgId: MMSG-17999]
2022-08-11 04:14:29.402 :   Login completed	[MsgId: MMSG-17999]
2022-08-11 04:14:32.587 :   Login completed	[MsgId: MMSG-17999]
2022-08-11 04:14:35.615 :   Login completed	[MsgId: MMSG-17999]
2022-08-11 04:14:35.871 :   Login completed	[MsgId: MMSG-17999]
2022-08-11 04:14:36.731 :   Login completed	[MsgId: MMSG-17999]
2022-08-11 04:15:17.490 :   Flights have been booked: outbound(flight ¹; price; date): 400;350;08/11/2022,return(flight ¹; price; date): 040;350;08/18/2022 for Jojo46 Bean46	[MsgId: MMSG-17999]
2022-08-11 04:15:22.268 :   Flights have been booked: outbound(flight ¹; price; date): 070;292;08/11/2022,return(flight ¹; price; date): 702;276;08/18/2022 for Jojo47 Bean47	[MsgId: MMSG-17999]
2022-08-11 04:15:23.606 :   Flights have been booked: outbound(flight ¹; price; date): 570;64;08/11/2022,return(flight ¹; price; date): 751;57;08/18/2022 for Jojo48 Bean48	[MsgId: MMSG-17999]
2022-08-11 04:15:25.168 :   Flights have been booked: outbound(flight ¹; price; date): 301;325;08/11/2022,return(flight ¹; price; date): 031;325;08/18/2022 for Jojo49 Bean49	[MsgId: MMSG-17999]
2022-08-11 04:15:27.885 :   Flights have been booked: outbound(flight ¹; price; date): 732;239;08/11/2022,return(flight ¹; price; date): 371;225;08/18/2022 for Jojo50 Bean50	[MsgId: MMSG-17999]
2022-08-11 04:15:42.924 :   Booking to delete: 4 booking 361200012-310823-JB	[MsgId: MMSG-17999]
2022-08-11 04:15:44.917 :   Booking to delete: 2 booking 212344493-156280-JB	[MsgId: MMSG-17999]
2022-08-11 04:15:44.917 :   Booking to delete: 1 booking 19905817-134701-JB	[MsgId: MMSG-17999]
2022-08-11 04:15:45.902 :   Booking to delete: 1 booking 69965566-130966-JB	[MsgId: MMSG-17999]
2022-08-11 04:15:47.803 :   Logout completed	[MsgId: MMSG-17999]
2022-08-11 04:15:48.667 :   Logout completed	[MsgId: MMSG-17999]
2022-08-11 04:15:49.619 :   Booking to delete: 1 booking 277323416-105497-JB	[MsgId: MMSG-17999]
2022-08-11 04:15:51.148 :   Logout completed	[MsgId: MMSG-17999]
2022-08-11 04:15:52.059 :   Logout completed	[MsgId: MMSG-17999]
2022-08-11 04:15:53.303 :   Logout completed	[MsgId: MMSG-17999]
2022-08-11 04:26:21.863 : - Iteration: 19	[MsgId: MMSG-17999]
2022-08-11 04:26:21.863 :   Account: jojo47/bean47	[MsgId: MMSG-17999]
2022-08-11 04:26:21.895 : - Iteration: 14	[MsgId: MMSG-17999]
2022-08-11 04:26:21.895 :   Account: jojo48/bean48	[MsgId: MMSG-17999]
2022-08-11 04:26:21.942 : - Iteration: 9	[MsgId: MMSG-17999]
2022-08-11 04:26:21.943 :   Account: jojo49/bean49	[MsgId: MMSG-17999]
2022-08-11 04:26:22.037 : - Iteration: 4	[MsgId: MMSG-17999]
2022-08-11 04:26:22.039 :   Account: jojo50/bean50	[MsgId: MMSG-17999]
2022-08-11 04:26:23.936 : - Iteration: 29	[MsgId: MMSG-17999]
2022-08-11 04:26:23.937 :   Account: jojo46/bean46	[MsgId: MMSG-17999]
2022-08-11 04:26:29.477 :   Login completed	[MsgId: MMSG-17999]
2022-08-11 04:26:34.157 :   Login completed	[MsgId: MMSG-17999]
2022-08-11 04:26:34.489 :   Login completed	[MsgId: MMSG-17999]
2022-08-11 04:26:35.119 :   Login completed	[MsgId: MMSG-17999]
2022-08-11 04:26:36.823 :   Login completed	[MsgId: MMSG-17999]
2022-08-11 04:27:16.279 :   Flights have been booked: outbound(flight ¹; price; date): 150;320;08/11/2022,return(flight ¹; price; date): 512;302;08/18/2022 for Jojo50 Bean50	[MsgId: MMSG-17999]
2022-08-11 04:27:18.780 :   Flights have been booked: outbound(flight ¹; price; date): 581;717;08/11/2022,return(flight ¹; price; date): 852;761;08/18/2022 for Jojo46 Bean46	[MsgId: MMSG-17999]
2022-08-11 04:27:23.157 :   Flights have been booked: outbound(flight ¹; price; date): 342;778;08/11/2022,return(flight ¹; price; date): 430;822;08/18/2022 for Jojo48 Bean48	[MsgId: MMSG-17999]
2022-08-11 04:27:24.502 :   Flights have been booked: outbound(flight ¹; price; date): 430;438;08/11/2022,return(flight ¹; price; date): 340;438;08/18/2022 for Jojo49 Bean49	[MsgId: MMSG-17999]
2022-08-11 04:27:24.848 :   Flights have been booked: outbound(flight ¹; price; date): 601;180;08/11/2022,return(flight ¹; price; date): 060;202;08/18/2022 for Jojo47 Bean47	[MsgId: MMSG-17999]
2022-08-11 04:27:30.232 :   Booking to delete: 1 booking 277301863-116355-JB	[MsgId: MMSG-17999]
2022-08-11 04:27:36.443 :   Logout completed	[MsgId: MMSG-17999]
2022-08-11 04:27:39.236 :   Booking to delete: 2 booking 361220081-191722-JB	[MsgId: MMSG-17999]
2022-08-11 04:27:46.385 :   Booking to delete: 1 booking 199049732-1100123-JB	[MsgId: MMSG-17999]
2022-08-11 04:27:47.061 :   Logout completed	[MsgId: MMSG-17999]
2022-08-11 04:27:49.746 :   Booking to delete: 1 booking 69985228-81567-JB	[MsgId: MMSG-17999]
2022-08-11 04:27:50.353 :   Booking to delete: 2 booking 212349275-180067-JB	[MsgId: MMSG-17999]
2022-08-11 04:27:53.900 :   Logout completed	[MsgId: MMSG-17999]
2022-08-11 04:27:54.131 :   Logout completed	[MsgId: MMSG-17999]
2022-08-11 04:27:56.314 :   Logout completed	[MsgId: MMSG-17999]
2022-08-11 04:38:21.872 : - Iteration: 20	[MsgId: MMSG-17999]
2022-08-11 04:38:21.873 :   Account: jojo47/bean47	[MsgId: MMSG-17999]
2022-08-11 04:38:21.905 : - Iteration: 15	[MsgId: MMSG-17999]
2022-08-11 04:38:21.905 :   Account: jojo48/bean48	[MsgId: MMSG-17999]
2022-08-11 04:38:21.951 : - Iteration: 10	[MsgId: MMSG-17999]
2022-08-11 04:38:21.951 :   Account: jojo49/bean49	[MsgId: MMSG-17999]
2022-08-11 04:38:22.047 : - Iteration: 5	[MsgId: MMSG-17999]
2022-08-11 04:38:22.047 :   Account: jojo50/bean50	[MsgId: MMSG-17999]
2022-08-11 04:38:23.938 : - Iteration: 30	[MsgId: MMSG-17999]
2022-08-11 04:38:23.938 :   Account: jojo46/bean46	[MsgId: MMSG-17999]
2022-08-11 04:38:28.623 :   Login completed	[MsgId: MMSG-17999]
2022-08-11 04:38:33.084 :   Login completed	[MsgId: MMSG-17999]
2022-08-11 04:38:33.323 :   Login completed	[MsgId: MMSG-17999]
2022-08-11 04:38:35.053 :   Login completed	[MsgId: MMSG-17999]
2022-08-11 04:38:35.527 :   Login completed	[MsgId: MMSG-17999]
2022-08-11 04:39:01.290 :   Flights have been booked: outbound(flight ¹; price; date): 261;757;08/11/2022,return(flight ¹; price; date): 620;850;08/18/2022 for Jojo49 Bean49	[MsgId: MMSG-17999]
2022-08-11 04:39:02.355 :   Flights have been booked: outbound(flight ¹; price; date): 210;385;08/11/2022,return(flight ¹; price; date): 122;364;08/18/2022 for Jojo47 Bean47	[MsgId: MMSG-17999]
2022-08-11 04:39:16.070 :   Flights have been booked: outbound(flight ¹; price; date): 742;1060;08/11/2022,return(flight ¹; price; date): 470;1122;08/18/2022 for Jojo50 Bean50	[MsgId: MMSG-17999]
2022-08-11 04:39:19.672 :   Flights have been booked: outbound(flight ¹; price; date): 911;330;08/11/2022,return(flight ¹; price; date): 190;371;08/18/2022 for Jojo48 Bean48	[MsgId: MMSG-17999]
2022-08-11 04:39:20.343 :   Booking to delete: 1 booking 212359691-901642-JB	[MsgId: MMSG-17999]
2022-08-11 04:39:22.442 :   Booking to delete: 1 booking 69970755-86365-JB	[MsgId: MMSG-17999]
2022-08-11 04:39:24.117 :   Logout completed	[MsgId: MMSG-17999]
2022-08-11 04:39:24.967 :   Flights have been booked: outbound(flight ¹; price; date): 870;1503;08/11/2022,return(flight ¹; price; date): 781;1339;08/18/2022 for Jojo46 Bean46	[MsgId: MMSG-17999]
2022-08-11 04:39:30.090 :   Logout completed	[MsgId: MMSG-17999]
2022-08-11 04:39:40.094 :   Booking to delete: 1 booking 2773237817-1130937-JB	[MsgId: MMSG-17999]
2022-08-11 04:39:41.716 :   Booking to delete: 1 booking 199070790-91592-JB	[MsgId: MMSG-17999]
2022-08-11 04:39:44.070 :   Logout completed	[MsgId: MMSG-17999]
2022-08-11 04:39:45.869 :   Logout completed	[MsgId: MMSG-17999]
2022-08-11 04:39:46.376 :   Booking to delete: 4 booking 3612174129-3677910-JB	[MsgId: MMSG-17999]
2022-08-11 04:39:53.269 :   Logout completed	[MsgId: MMSG-17999]
2022-08-11 04:50:21.877 : - Iteration: 21	[MsgId: MMSG-17999]
2022-08-11 04:50:21.877 :   Account: jojo47/bean47	[MsgId: MMSG-17999]
2022-08-11 04:50:21.909 : - Iteration: 16	[MsgId: MMSG-17999]
2022-08-11 04:50:21.909 :   Account: jojo48/bean48	[MsgId: MMSG-17999]
2022-08-11 04:50:21.956 : - Iteration: 11	[MsgId: MMSG-17999]
2022-08-11 04:50:21.956 :   Account: jojo49/bean49	[MsgId: MMSG-17999]
2022-08-11 04:50:22.052 : - Iteration: 6	[MsgId: MMSG-17999]
2022-08-11 04:50:22.052 :   Account: jojo50/bean50	[MsgId: MMSG-17999]
2022-08-11 04:50:23.953 : - Iteration: 31	[MsgId: MMSG-17999]
2022-08-11 04:50:23.954 :   Account: jojo46/bean46	[MsgId: MMSG-17999]
2022-08-11 04:50:31.185 :   Login completed	[MsgId: MMSG-17999]
2022-08-11 04:50:31.566 :   Login completed	[MsgId: MMSG-17999]
2022-08-11 04:50:32.542 :   Login completed	[MsgId: MMSG-17999]
2022-08-11 04:50:34.061 :   Login completed	[MsgId: MMSG-17999]
2022-08-11 04:50:35.858 :   Login completed	[MsgId: MMSG-17999]
2022-08-11 04:51:17.287 :   Flights have been booked: outbound(flight ¹; price; date): 951;596;08/11/2022,return(flight ¹; price; date): 592;633;08/18/2022 for Jojo47 Bean47	[MsgId: MMSG-17999]
2022-08-11 04:51:26.623 :   Flights have been booked: outbound(flight ¹; price; date): 792;613;08/11/2022,return(flight ¹; price; date): 973;531;08/18/2022 for Jojo46 Bean46	[MsgId: MMSG-17999]
2022-08-11 04:51:29.038 :   Flights have been booked: outbound(flight ¹; price; date): 810;1219;08/11/2022,return(flight ¹; price; date): 181;1086;08/18/2022 for Jojo48 Bean48	[MsgId: MMSG-17999]
2022-08-11 04:51:30.638 :   Flights have been booked: outbound(flight ¹; price; date): 251;717;08/11/2022,return(flight ¹; price; date): 523;659;08/18/2022 for Jojo50 Bean50	[MsgId: MMSG-17999]
2022-08-11 04:51:31.244 :   Flights have been booked: outbound(flight ¹; price; date): 561;126;08/11/2022,return(flight ¹; price; date): 653;116;08/18/2022 for Jojo49 Bean49	[MsgId: MMSG-17999]
2022-08-11 04:51:34.790 :   Booking to delete: 1 booking 69998207-1224709-JB	[MsgId: MMSG-17999]
2022-08-11 04:51:38.433 :   Logout completed	[MsgId: MMSG-17999]
2022-08-11 04:51:43.729 :   Booking to delete: 1 booking 1990670415-908638-JB	[MsgId: MMSG-17999]
2022-08-11 04:51:49.054 :   Logout completed	[MsgId: MMSG-17999]
2022-08-11 04:51:49.467 :   Booking to delete: 1 booking 277305619-1171644-JB	[MsgId: MMSG-17999]
2022-08-11 04:51:50.817 :   Booking to delete: 1 booking 3611919321-1394103-JB	[MsgId: MMSG-17999]
2022-08-11 04:51:53.262 :   Booking to delete: 2 booking 212354115-204095-JB	[MsgId: MMSG-17999]
2022-08-11 04:51:56.066 :   Logout completed	[MsgId: MMSG-17999]
2022-08-11 04:51:56.402 :   Logout completed	[MsgId: MMSG-17999]
2022-08-11 04:51:57.618 :   Logout completed	[MsgId: MMSG-17999]
2022-08-11 05:02:22.062 : - Iteration: 7	[MsgId: MMSG-17999]
2022-08-11 05:02:22.063 :   Account: jojo50/bean50	[MsgId: MMSG-17999]
2022-08-11 05:02:33.250 :   Login completed	[MsgId: MMSG-17999]
2022-08-11 05:03:16.816 :   Flights have been booked: outbound(flight ¹; price; date): 891;956;08/11/2022,return(flight ¹; price; date): 982;1015;08/18/2022 for Jojo50 Bean50	[MsgId: MMSG-17999]
2022-08-11 05:03:40.702 :   Booking to delete: 1 booking 277329331-1524767-JB	[MsgId: MMSG-17999]
2022-08-11 05:03:43.574 :   Logout completed	[MsgId: MMSG-17999]
