Notify: search current JDK in Windows registry at(SOFTWARE\JavaSoft\Java Development Kit)	[MsgId: MMSG-22198]	[MsgId: MMSG-22986]
Notify: JDK found at C:/Program Files (x86)/Java/jdk1.8.0_211	[MsgId: MMSG-22194]	[MsgId: MMSG-22986]
2022-08-10 17:37:26.769 : URL = localhost:1080	[MsgId: MMSG-17999]
2022-08-10 17:37:26.789 : - Iteration: 1	[MsgId: MMSG-17999]
2022-08-10 17:37:26.789 :   Account: jojo36/bean36	[MsgId: MMSG-17999]
Warning! Web support not loaded: check Java-Interpreter -> UtilityExt property in mdrv.dat file	[MsgId: MMSG-17999]
2022-08-10 17:37:36.511 :   Login completed	[MsgId: MMSG-17999]
2022-08-10 17:38:01.333 :   Logout completed	[MsgId: MMSG-17999]
2022-08-10 17:38:01.333 : - Iteration: 2	[MsgId: MMSG-17999]
2022-08-10 17:38:01.334 :   Account: jojo36/bean36	[MsgId: MMSG-17999]
2022-08-10 17:38:11.968 :   Login completed	[MsgId: MMSG-17999]
2022-08-10 17:38:39.458 :   Logout completed	[MsgId: MMSG-17999]
2022-08-10 17:38:39.458 : - Iteration: 3	[MsgId: MMSG-17999]
2022-08-10 17:38:39.459 :   Account: jojo36/bean36	[MsgId: MMSG-17999]
2022-08-10 17:38:51.388 :   Login completed	[MsgId: MMSG-17999]
2022-08-10 17:38:51.523 : URL = localhost:1080	[MsgId: MMSG-17999]
2022-08-10 17:38:51.593 : - Iteration: 1	[MsgId: MMSG-17999]
2022-08-10 17:38:51.594 :   Account: jojo37/bean37	[MsgId: MMSG-17999]
2022-08-10 17:39:05.071 :   Login completed	[MsgId: MMSG-17999]
2022-08-10 17:39:22.391 :   Logout completed	[MsgId: MMSG-17999]
2022-08-10 17:39:22.391 : - Iteration: 4	[MsgId: MMSG-17999]
2022-08-10 17:39:22.392 :   Account: jojo36/bean36	[MsgId: MMSG-17999]
2022-08-10 17:39:28.977 :   Login completed	[MsgId: MMSG-17999]
2022-08-10 17:39:37.481 :   Logout completed	[MsgId: MMSG-17999]
2022-08-10 17:39:37.482 : - Iteration: 2	[MsgId: MMSG-17999]
2022-08-10 17:39:37.482 :   Account: jojo37/bean37	[MsgId: MMSG-17999]
2022-08-10 17:39:46.597 :   Login completed	[MsgId: MMSG-17999]
2022-08-10 17:40:04.206 :   Logout completed	[MsgId: MMSG-17999]
2022-08-10 17:40:04.207 : - Iteration: 5	[MsgId: MMSG-17999]
2022-08-10 17:40:04.207 :   Account: jojo36/bean36	[MsgId: MMSG-17999]
2022-08-10 17:40:10.110 :   Login completed	[MsgId: MMSG-17999]
2022-08-10 17:40:14.214 :   Logout completed	[MsgId: MMSG-17999]
2022-08-10 17:40:14.215 : - Iteration: 3	[MsgId: MMSG-17999]
2022-08-10 17:40:14.215 :   Account: jojo37/bean37	[MsgId: MMSG-17999]
2022-08-10 17:40:24.170 :   Login completed	[MsgId: MMSG-17999]
2022-08-10 17:40:42.508 :   Logout completed	[MsgId: MMSG-17999]
2022-08-10 17:40:42.510 : - Iteration: 6	[MsgId: MMSG-17999]
2022-08-10 17:40:42.510 :   Account: jojo36/bean36	[MsgId: MMSG-17999]
2022-08-10 17:40:49.713 :   Login completed	[MsgId: MMSG-17999]
2022-08-10 17:40:49.990 :   Logout completed	[MsgId: MMSG-17999]
2022-08-10 17:40:49.991 : - Iteration: 4	[MsgId: MMSG-17999]
2022-08-10 17:40:49.991 :   Account: jojo37/bean37	[MsgId: MMSG-17999]
2022-08-10 17:41:00.138 :   Login completed	[MsgId: MMSG-17999]
