Notify: search current JDK in Windows registry at(SOFTWARE\JavaSoft\Java Development Kit)	[MsgId: MMSG-22198]	[MsgId: MMSG-22986]
Notify: JDK found at C:/Program Files (x86)/Java/jdk1.8.0_211	[MsgId: MMSG-22194]	[MsgId: MMSG-22986]
2022-08-10 17:53:15.320 : URL = localhost:1080	[MsgId: MMSG-17999]
2022-08-10 17:53:15.343 : - Iteration: 1	[MsgId: MMSG-17999]
2022-08-10 17:53:15.344 :   Account: jojo36/bean36	[MsgId: MMSG-17999]
Warning! Web support not loaded: check Java-Interpreter -> UtilityExt property in mdrv.dat file	[MsgId: MMSG-17999]
2022-08-10 17:53:27.208 :   Login completed	[MsgId: MMSG-17999]
2022-08-10 17:54:02.929 :   Logout completed	[MsgId: MMSG-17999]
2022-08-10 17:54:02.930 : - Iteration: 2	[MsgId: MMSG-17999]
2022-08-10 17:54:02.930 :   Account: jojo36/bean36	[MsgId: MMSG-17999]
2022-08-10 17:54:11.101 :   Login completed	[MsgId: MMSG-17999]
2022-08-10 17:54:38.595 :   Logout completed	[MsgId: MMSG-17999]
2022-08-10 17:54:38.595 : - Iteration: 3	[MsgId: MMSG-17999]
2022-08-10 17:54:38.595 :   Account: jojo36/bean36	[MsgId: MMSG-17999]
2022-08-10 17:54:40.272 : URL = localhost:1080	[MsgId: MMSG-17999]
2022-08-10 17:54:40.299 : - Iteration: 1	[MsgId: MMSG-17999]
2022-08-10 17:54:40.299 :   Account: jojo37/bean37	[MsgId: MMSG-17999]
2022-08-10 17:54:47.538 :   Login completed	[MsgId: MMSG-17999]
2022-08-10 17:54:53.748 :   Login completed	[MsgId: MMSG-17999]
2022-08-10 17:55:15.525 :   Logout completed	[MsgId: MMSG-17999]
2022-08-10 17:55:15.526 : - Iteration: 2	[MsgId: MMSG-17999]
2022-08-10 17:55:15.526 :   Account: jojo37/bean37	[MsgId: MMSG-17999]
2022-08-10 17:55:21.950 :   Login completed	[MsgId: MMSG-17999]
2022-08-10 17:55:23.765 :   Logout completed	[MsgId: MMSG-17999]
2022-08-10 17:55:23.765 : - Iteration: 4	[MsgId: MMSG-17999]
2022-08-10 17:55:23.766 :   Account: jojo36/bean36	[MsgId: MMSG-17999]
2022-08-10 17:55:31.976 :   Login completed	[MsgId: MMSG-17999]
2022-08-10 17:55:58.371 :   Logout completed	[MsgId: MMSG-17999]
2022-08-10 17:55:58.372 : - Iteration: 3	[MsgId: MMSG-17999]
2022-08-10 17:55:58.372 :   Account: jojo37/bean37	[MsgId: MMSG-17999]
2022-08-10 17:56:05.092 :   Logout completed	[MsgId: MMSG-17999]
2022-08-10 17:56:05.093 : - Iteration: 5	[MsgId: MMSG-17999]
2022-08-10 17:56:05.093 :   Account: jojo36/bean36	[MsgId: MMSG-17999]
2022-08-10 17:56:05.215 :   Login completed	[MsgId: MMSG-17999]
2022-08-10 17:56:15.432 :   Login completed	[MsgId: MMSG-17999]
2022-08-10 17:56:28.499 :   Logout completed	[MsgId: MMSG-17999]
2022-08-10 17:56:28.499 : - Iteration: 4	[MsgId: MMSG-17999]
2022-08-10 17:56:28.499 :   Account: jojo37/bean37	[MsgId: MMSG-17999]
2022-08-10 17:56:39.068 :   Login completed	[MsgId: MMSG-17999]
2022-08-10 17:56:48.271 :   Logout completed	[MsgId: MMSG-17999]
2022-08-10 17:56:48.271 : - Iteration: 6	[MsgId: MMSG-17999]
2022-08-10 17:56:48.272 :   Account: jojo36/bean36	[MsgId: MMSG-17999]
2022-08-10 17:56:54.380 :   Login completed	[MsgId: MMSG-17999]
2022-08-10 17:57:04.607 :   Logout completed	[MsgId: MMSG-17999]
2022-08-10 17:57:04.607 : - Iteration: 5	[MsgId: MMSG-17999]
2022-08-10 17:57:04.608 :   Account: jojo37/bean37	[MsgId: MMSG-17999]
2022-08-10 17:57:19.436 :   Login completed	[MsgId: MMSG-17999]
2022-08-10 17:57:28.956 :   Logout completed	[MsgId: MMSG-17999]
2022-08-10 17:57:28.956 : - Iteration: 7	[MsgId: MMSG-17999]
2022-08-10 17:57:28.956 :   Account: jojo36/bean36	[MsgId: MMSG-17999]
2022-08-10 17:57:36.298 :   Login completed	[MsgId: MMSG-17999]
2022-08-10 17:57:51.603 :   Logout completed	[MsgId: MMSG-17999]
2022-08-10 17:57:51.603 : - Iteration: 6	[MsgId: MMSG-17999]
2022-08-10 17:57:51.603 :   Account: jojo37/bean37	[MsgId: MMSG-17999]
2022-08-10 17:58:00.722 :   Login completed	[MsgId: MMSG-17999]
