Notify: search current JDK in Windows registry at(SOFTWARE\JavaSoft\Java Development Kit)	[MsgId: MMSG-22198]	[MsgId: MMSG-22986]
Notify: JDK found at C:/Program Files (x86)/Java/jdk1.8.0_211	[MsgId: MMSG-22194]	[MsgId: MMSG-22986]
2022-08-10 17:12:52.255 : URL = localhost:1080	[MsgId: MMSG-17999]
2022-08-10 17:12:52.283 : - Iteration: 1	[MsgId: MMSG-17999]
2022-08-10 17:12:52.284 :   Account: jojo36/bean36	[MsgId: MMSG-17999]
Warning! Web support not loaded: check Java-Interpreter -> UtilityExt property in mdrv.dat file	[MsgId: MMSG-17999]
2022-08-10 17:13:01.164 :   Login completed	[MsgId: MMSG-17999]
2022-08-10 17:13:33.540 :   Logout completed	[MsgId: MMSG-17999]
2022-08-10 17:13:33.541 : - Iteration: 2	[MsgId: MMSG-17999]
2022-08-10 17:13:33.541 :   Account: jojo36/bean36	[MsgId: MMSG-17999]
2022-08-10 17:13:43.415 :   Login completed	[MsgId: MMSG-17999]
2022-08-10 17:14:16.718 :   Logout completed	[MsgId: MMSG-17999]
2022-08-10 17:14:16.719 : - Iteration: 3	[MsgId: MMSG-17999]
2022-08-10 17:14:16.719 :   Account: jojo36/bean36	[MsgId: MMSG-17999]
2022-08-10 17:14:16.998 : URL = localhost:1080	[MsgId: MMSG-17999]
2022-08-10 17:14:17.040 : - Iteration: 1	[MsgId: MMSG-17999]
2022-08-10 17:14:17.040 :   Account: jojo37/bean37	[MsgId: MMSG-17999]
2022-08-10 17:14:24.439 :   Login completed	[MsgId: MMSG-17999]
2022-08-10 17:14:26.300 :   Login completed	[MsgId: MMSG-17999]
2022-08-10 17:14:47.456 :   Logout completed	[MsgId: MMSG-17999]
2022-08-10 17:14:47.457 : - Iteration: 2	[MsgId: MMSG-17999]
2022-08-10 17:14:47.457 :   Account: jojo37/bean37	[MsgId: MMSG-17999]
2022-08-10 17:14:54.955 :   Logout completed	[MsgId: MMSG-17999]
2022-08-10 17:14:54.956 : - Iteration: 4	[MsgId: MMSG-17999]
2022-08-10 17:14:54.956 :   Account: jojo36/bean36	[MsgId: MMSG-17999]
2022-08-10 17:14:57.653 :   Login completed	[MsgId: MMSG-17999]
2022-08-10 17:15:05.770 :   Login completed	[MsgId: MMSG-17999]
2022-08-10 17:15:33.238 :   Logout completed	[MsgId: MMSG-17999]
2022-08-10 17:15:33.240 : - Iteration: 3	[MsgId: MMSG-17999]
2022-08-10 17:15:33.240 :   Account: jojo37/bean37	[MsgId: MMSG-17999]
2022-08-10 17:15:37.005 :   Logout completed	[MsgId: MMSG-17999]
2022-08-10 17:15:37.005 : - Iteration: 5	[MsgId: MMSG-17999]
2022-08-10 17:15:37.005 :   Account: jojo36/bean36	[MsgId: MMSG-17999]
2022-08-10 17:15:43.822 :   Login completed	[MsgId: MMSG-17999]
2022-08-10 17:15:47.249 :   Login completed	[MsgId: MMSG-17999]
2022-08-10 17:16:16.048 :   Logout completed	[MsgId: MMSG-17999]
2022-08-10 17:16:16.048 : - Iteration: 6	[MsgId: MMSG-17999]
2022-08-10 17:16:16.049 :   Account: jojo36/bean36	[MsgId: MMSG-17999]
2022-08-10 17:16:23.296 :   Login completed	[MsgId: MMSG-17999]
2022-08-10 17:16:24.860 :   Logout completed	[MsgId: MMSG-17999]
2022-08-10 17:16:24.862 : - Iteration: 4	[MsgId: MMSG-17999]
2022-08-10 17:16:24.862 :   Account: jojo37/bean37	[MsgId: MMSG-17999]
2022-08-10 17:16:39.310 :   Login completed	[MsgId: MMSG-17999]
2022-08-10 17:16:51.862 :   Logout completed	[MsgId: MMSG-17999]
2022-08-10 17:16:51.863 : - Iteration: 7	[MsgId: MMSG-17999]
2022-08-10 17:16:51.863 :   Account: jojo36/bean36	[MsgId: MMSG-17999]
2022-08-10 17:16:57.817 :   Login completed	[MsgId: MMSG-17999]
2022-08-10 17:17:09.264 :   Logout completed	[MsgId: MMSG-17999]
2022-08-10 17:17:09.265 : - Iteration: 5	[MsgId: MMSG-17999]
2022-08-10 17:17:09.265 :   Account: jojo37/bean37	[MsgId: MMSG-17999]
2022-08-10 17:17:17.837 :   Login completed	[MsgId: MMSG-17999]
2022-08-10 17:17:27.248 :   Logout completed	[MsgId: MMSG-17999]
2022-08-10 17:17:27.249 : - Iteration: 8	[MsgId: MMSG-17999]
2022-08-10 17:17:27.249 :   Account: jojo36/bean36	[MsgId: MMSG-17999]
2022-08-10 17:17:41.300 :   Login completed	[MsgId: MMSG-17999]
2022-08-10 17:17:43.333 :   Logout completed	[MsgId: MMSG-17999]
2022-08-10 17:17:43.333 : - Iteration: 6	[MsgId: MMSG-17999]
2022-08-10 17:17:43.333 :   Account: jojo37/bean37	[MsgId: MMSG-17999]
2022-08-10 17:17:56.722 :   Login completed	[MsgId: MMSG-17999]
2022-08-10 17:18:05.895 :   Logout completed	[MsgId: MMSG-17999]
2022-08-10 17:18:05.896 : - Iteration: 9	[MsgId: MMSG-17999]
2022-08-10 17:18:05.896 :   Account: jojo36/bean36	[MsgId: MMSG-17999]
2022-08-10 17:18:20.891 :   Login completed	[MsgId: MMSG-17999]
2022-08-10 17:18:28.302 :   Logout completed	[MsgId: MMSG-17999]
2022-08-10 17:18:28.306 : - Iteration: 7	[MsgId: MMSG-17999]
2022-08-10 17:18:28.306 :   Account: jojo37/bean37	[MsgId: MMSG-17999]
2022-08-10 17:18:38.858 :   Login completed	[MsgId: MMSG-17999]
2022-08-10 17:18:45.674 :   Logout completed	[MsgId: MMSG-17999]
2022-08-10 17:18:45.674 : - Iteration: 10	[MsgId: MMSG-17999]
2022-08-10 17:18:45.674 :   Account: jojo36/bean36	[MsgId: MMSG-17999]
2022-08-10 17:19:00.599 :   Login completed	[MsgId: MMSG-17999]
2022-08-10 17:19:08.057 :   Logout completed	[MsgId: MMSG-17999]
2022-08-10 17:19:08.058 : - Iteration: 8	[MsgId: MMSG-17999]
2022-08-10 17:19:08.058 :   Account: jojo37/bean37	[MsgId: MMSG-17999]
2022-08-10 17:19:16.260 :   Login completed	[MsgId: MMSG-17999]
2022-08-10 17:19:33.114 :   Logout completed	[MsgId: MMSG-17999]
2022-08-10 17:19:33.115 : - Iteration: 11	[MsgId: MMSG-17999]
2022-08-10 17:19:33.115 :   Account: jojo36/bean36	[MsgId: MMSG-17999]
2022-08-10 17:19:40.864 :   Login completed	[MsgId: MMSG-17999]
2022-08-10 17:19:48.667 :   Logout completed	[MsgId: MMSG-17999]
2022-08-10 17:19:48.667 : - Iteration: 9	[MsgId: MMSG-17999]
2022-08-10 17:19:48.667 :   Account: jojo37/bean37	[MsgId: MMSG-17999]
2022-08-10 17:19:59.368 :   Login completed	[MsgId: MMSG-17999]
2022-08-10 17:20:09.774 :   Logout completed	[MsgId: MMSG-17999]
2022-08-10 17:20:09.775 : - Iteration: 12	[MsgId: MMSG-17999]
2022-08-10 17:20:09.775 :   Account: jojo36/bean36	[MsgId: MMSG-17999]
2022-08-10 17:20:20.440 :   Login completed	[MsgId: MMSG-17999]
2022-08-10 17:20:37.058 :   Logout completed	[MsgId: MMSG-17999]
2022-08-10 17:20:37.059 : - Iteration: 10	[MsgId: MMSG-17999]
2022-08-10 17:20:37.059 :   Account: jojo37/bean37	[MsgId: MMSG-17999]
2022-08-10 17:20:44.198 :   Logout completed	[MsgId: MMSG-17999]
2022-08-10 17:20:44.198 : - Iteration: 13	[MsgId: MMSG-17999]
2022-08-10 17:20:44.199 :   Account: jojo36/bean36	[MsgId: MMSG-17999]
2022-08-10 17:20:45.023 :   Login completed	[MsgId: MMSG-17999]
2022-08-10 17:20:55.814 :   Login completed	[MsgId: MMSG-17999]
2022-08-10 17:21:20.284 :   Logout completed	[MsgId: MMSG-17999]
2022-08-10 17:21:20.284 : - Iteration: 11	[MsgId: MMSG-17999]
2022-08-10 17:21:20.285 :   Account: jojo37/bean37	[MsgId: MMSG-17999]
2022-08-10 17:21:29.388 :   Login completed	[MsgId: MMSG-17999]
2022-08-10 17:21:35.622 :   Logout completed	[MsgId: MMSG-17999]
2022-08-10 17:21:35.622 : - Iteration: 14	[MsgId: MMSG-17999]
2022-08-10 17:21:35.622 :   Account: jojo36/bean36	[MsgId: MMSG-17999]
