Notify: search current JDK in Windows registry at(SOFTWARE\JavaSoft\Java Development Kit)	[MsgId: MMSG-22198]	[MsgId: MMSG-22986]
Notify: JDK found at C:/Program Files (x86)/Java/jdk1.8.0_211	[MsgId: MMSG-22194]	[MsgId: MMSG-22986]
2022-08-10 17:59:08.110 : URL = localhost:1080	[MsgId: MMSG-17999]
2022-08-10 17:59:08.125 : - Iteration: 1	[MsgId: MMSG-17999]
2022-08-10 17:59:08.125 :   Account: jojo36/bean36	[MsgId: MMSG-17999]
Warning! Web support not loaded: check Java-Interpreter -> UtilityExt property in mdrv.dat file	[MsgId: MMSG-17999]
2022-08-10 17:59:16.674 :   Login completed	[MsgId: MMSG-17999]
2022-08-10 17:59:42.750 :   Logout completed	[MsgId: MMSG-17999]
2022-08-10 17:59:42.751 : - Iteration: 2	[MsgId: MMSG-17999]
2022-08-10 17:59:42.751 :   Account: jojo36/bean36	[MsgId: MMSG-17999]
2022-08-10 17:59:50.269 :   Login completed	[MsgId: MMSG-17999]
2022-08-10 18:00:22.056 :   Logout completed	[MsgId: MMSG-17999]
2022-08-10 18:00:22.057 : - Iteration: 3	[MsgId: MMSG-17999]
2022-08-10 18:00:22.057 :   Account: jojo36/bean36	[MsgId: MMSG-17999]
2022-08-10 18:00:30.533 :   Login completed	[MsgId: MMSG-17999]
2022-08-10 18:00:32.001 : URL = localhost:1080	[MsgId: MMSG-17999]
2022-08-10 18:00:32.017 : - Iteration: 1	[MsgId: MMSG-17999]
2022-08-10 18:00:32.017 :   Account: jojo37/bean37	[MsgId: MMSG-17999]
2022-08-10 18:00:43.748 :   Login completed	[MsgId: MMSG-17999]
2022-08-10 18:01:04.990 :   Logout completed	[MsgId: MMSG-17999]
2022-08-10 18:01:04.990 : - Iteration: 4	[MsgId: MMSG-17999]
2022-08-10 18:01:04.990 :   Account: jojo36/bean36	[MsgId: MMSG-17999]
2022-08-10 18:01:10.567 :   Logout completed	[MsgId: MMSG-17999]
2022-08-10 18:01:10.568 : - Iteration: 2	[MsgId: MMSG-17999]
2022-08-10 18:01:10.568 :   Account: jojo37/bean37	[MsgId: MMSG-17999]
2022-08-10 18:01:11.974 :   Login completed	[MsgId: MMSG-17999]
2022-08-10 18:01:20.924 :   Login completed	[MsgId: MMSG-17999]
2022-08-10 18:01:41.849 :   Logout completed	[MsgId: MMSG-17999]
2022-08-10 18:01:58.439 :   Logout completed	[MsgId: MMSG-17999]
