Notify: search current JDK in Windows registry at(SOFTWARE\JavaSoft\Java Development Kit)	[MsgId: MMSG-22198]	[MsgId: MMSG-22986]
Notify: JDK found at C:/Program Files (x86)/Java/jdk1.8.0_211	[MsgId: MMSG-22194]	[MsgId: MMSG-22986]
2022-08-10 16:59:02.296 : URL = localhost:1080	[MsgId: MMSG-17999]
2022-08-10 16:59:02.306 : - Iteration: 1	[MsgId: MMSG-17999]
2022-08-10 16:59:02.307 :   Account: jojo36/bean36	[MsgId: MMSG-17999]
Warning! Web support not loaded: check Java-Interpreter -> UtilityExt property in mdrv.dat file	[MsgId: MMSG-17999]
2022-08-10 16:59:15.103 :   Login completed	[MsgId: MMSG-17999]
2022-08-10 16:59:39.680 :   Logout completed	[MsgId: MMSG-17999]
2022-08-10 16:59:39.681 : - Iteration: 2	[MsgId: MMSG-17999]
2022-08-10 16:59:39.681 :   Account: jojo36/bean36	[MsgId: MMSG-17999]
2022-08-10 16:59:52.832 :   Login completed	[MsgId: MMSG-17999]
2022-08-10 17:00:22.223 :   Logout completed	[MsgId: MMSG-17999]
2022-08-10 17:00:22.223 : - Iteration: 3	[MsgId: MMSG-17999]
2022-08-10 17:00:22.224 :   Account: jojo36/bean36	[MsgId: MMSG-17999]
2022-08-10 17:00:27.009 : URL = localhost:1080	[MsgId: MMSG-17999]
2022-08-10 17:00:27.033 : - Iteration: 1	[MsgId: MMSG-17999]
2022-08-10 17:00:27.034 :   Account: jojo37/bean37	[MsgId: MMSG-17999]
2022-08-10 17:00:34.271 :   Login completed	[MsgId: MMSG-17999]
2022-08-10 17:00:36.126 :   Login completed	[MsgId: MMSG-17999]
2022-08-10 17:01:03.450 :   Logout completed	[MsgId: MMSG-17999]
2022-08-10 17:01:03.451 : - Iteration: 4	[MsgId: MMSG-17999]
2022-08-10 17:01:03.451 :   Account: jojo36/bean36	[MsgId: MMSG-17999]
2022-08-10 17:01:14.470 :   Logout completed	[MsgId: MMSG-17999]
2022-08-10 17:01:14.471 : - Iteration: 2	[MsgId: MMSG-17999]
2022-08-10 17:01:14.471 :   Account: jojo37/bean37	[MsgId: MMSG-17999]
2022-08-10 17:01:16.278 :   Login completed	[MsgId: MMSG-17999]
2022-08-10 17:01:29.075 :   Login completed	[MsgId: MMSG-17999]
