Notify: search current JDK in Windows registry at(SOFTWARE\JavaSoft\Java Development Kit)	[MsgId: MMSG-22198]	[MsgId: MMSG-22986]
Notify: JDK found at C:/Program Files (x86)/Java/jdk1.8.0_211	[MsgId: MMSG-22194]	[MsgId: MMSG-22986]
2022-08-10 17:44:53.132 : URL = localhost:1080	[MsgId: MMSG-17999]
2022-08-10 17:44:53.157 : - Iteration: 1	[MsgId: MMSG-17999]
2022-08-10 17:44:53.158 :   Account: jojo36/bean36	[MsgId: MMSG-17999]
Warning! Web support not loaded: check Java-Interpreter -> UtilityExt property in mdrv.dat file	[MsgId: MMSG-17999]
2022-08-10 17:45:02.968 :   Login completed	[MsgId: MMSG-17999]
2022-08-10 17:45:29.321 :   Logout completed	[MsgId: MMSG-17999]
2022-08-10 17:45:29.321 : - Iteration: 2	[MsgId: MMSG-17999]
2022-08-10 17:45:29.322 :   Account: jojo36/bean36	[MsgId: MMSG-17999]
2022-08-10 17:45:35.846 :   Login completed	[MsgId: MMSG-17999]
2022-08-10 17:46:03.475 :   Logout completed	[MsgId: MMSG-17999]
2022-08-10 17:46:03.475 : - Iteration: 3	[MsgId: MMSG-17999]
2022-08-10 17:46:03.476 :   Account: jojo36/bean36	[MsgId: MMSG-17999]
2022-08-10 17:46:13.125 :   Login completed	[MsgId: MMSG-17999]
2022-08-10 17:46:14.486 : URL = localhost:1080	[MsgId: MMSG-17999]
2022-08-10 17:46:14.514 : - Iteration: 1	[MsgId: MMSG-17999]
2022-08-10 17:46:14.514 :   Account: jojo37/bean37	[MsgId: MMSG-17999]
2022-08-10 17:46:30.013 :   Login completed	[MsgId: MMSG-17999]
2022-08-10 17:46:42.835 :   Logout completed	[MsgId: MMSG-17999]
2022-08-10 17:46:42.836 : - Iteration: 4	[MsgId: MMSG-17999]
2022-08-10 17:46:42.836 :   Account: jojo36/bean36	[MsgId: MMSG-17999]
2022-08-10 17:46:54.469 :   Login completed	[MsgId: MMSG-17999]
2022-08-10 17:46:58.326 :   Logout completed	[MsgId: MMSG-17999]
2022-08-10 17:46:58.327 : - Iteration: 2	[MsgId: MMSG-17999]
2022-08-10 17:46:58.327 :   Account: jojo37/bean37	[MsgId: MMSG-17999]
